Read file config.yml
Running executor...
Loaded function exp06_marketdata. lib_load_elasped: 8078, func_load_elasped: 4
Loaded function exp06_run_audit_1. lib_load_elasped: 350, func_load_elasped: 2
Loaded function exp06_run_audit_15. lib_load_elasped: 290, func_load_elasped: 1
Loaded function exp06_run_audit_14. lib_load_elasped: 304, func_load_elasped: 1
Loaded function exp06_run_audit_18. lib_load_elasped: 276, func_load_elasped: 1
Loaded function exp06_run_audit_3. lib_load_elasped: 295, func_load_elasped: 1
Loaded function exp06_run_audit_10. lib_load_elasped: 310, func_load_elasped: 1
Loaded function exp06_run_audit_7. lib_load_elasped: 322, func_load_elasped: 1
force_push: msg_id = 214761, remain = 73, size = 64
Send to executer failed.force_push: msg_id = 214760, remain = 73, size = 64
Send to executer failed.force_push: msg_id = 214804, remain = 75, size = 64
Send to executer failed.force_push: msg_id = 214808, remain = 75, size = 64
Send to executer failed.force_push: msg_id = 214806, remain = 75, size = 64
Send to executer failed.force_push: msg_id = 214759, remain = 73, size = 64
Send to executer failed.force_push: msg_id = 214809, remain = 75, size = 64
Send to executer failed.force_push: msg_id = 214783, remain = 73, size = 64
Send to executer failed.Loaded function exp06_run_audit_13. lib_load_elasped: 335, func_load_elasped: 2
Loaded function exp06_run_audit_8. lib_load_elasped: 270, func_load_elasped: 1
force_push: msg_id = 215308, remain = -55, size = 9
Send to executer failed.force_push: msg_id = 215298, remain = 73, size = 64
Send to executer failed.force_push: msg_id = 215320, remain = 11, size = 64
Send to executer failed.force_push: msg_id = 215660, remain = 74, size = 64
Send to executer failed.force_push: msg_id = 215654, remain = 74, size = 64
Send to executer failed.force_push: msg_id = 215647, remain = 72, size = 64
Send to executer failed.force_push: msg_id = 215659, remain = 72, size = 64
Send to executer failed.force_push: msg_id = 215643, remain = 74, size = 64
Send to executer failed.force_push: msg_id = 215665, remain = 72, size = 64
Send to executer failed.force_push: msg_id = 215664, remain = 72, size = 64
Send to executer failed.force_push: msg_id = 215645, remain = 74, size = 64
Send to executer failed.force_push: msg_id = 215658, remain = 74, size = 64
Send to executer failed.force_push: msg_id = 215656, remain = 10, size = 64
Send to executer failed.force_push: msg_id = 215646, remain = 8, size = 64
Send to executer failed.Loaded function exp06_run_audit_19. lib_load_elasped: 448, func_load_elasped: 2
Loaded function exp06_run_audit_4. lib_load_elasped: 213, func_load_elasped: 1
Loaded function exp06_run_audit_5. lib_load_elasped: 398, func_load_elasped: 2
Loaded function exp06_run_audit_16. lib_load_elasped: 307, func_load_elasped: 1
force_push: msg_id = 217030, remain = 10, size = 64
Send to executer failed.Loaded function exp06_run_audit_2. lib_load_elasped: 329, func_load_elasped: 1
force_push: msg_id = 217966, remain = 74, size = 64
Send to executer failed.force_push: msg_id = 217960, remain = 74, size = 64
Send to executer failed.force_push: msg_id = 217967, remain = -54, size = 10
Send to executer failed.force_push: msg_id = 217964, remain = 10, size = 64
Send to executer failed.Loaded function exp06_run_audit_20. lib_load_elasped: 204, func_load_elasped: 1
Loaded function exp06_run_audit_12. lib_load_elasped: 295, func_load_elasped: 1
Loaded function exp06_run_audit_17. lib_load_elasped: 222, func_load_elasped: 1
Loaded function exp06_run_audit_9. lib_load_elasped: 430, func_load_elasped: 1
Loaded function exp06_run_audit_11. lib_load_elasped: 347, func_load_elasped: 1
force_push: msg_id = 225013, remain = 75, size = 64
Send to executer failed.force_push: msg_id = 228410, remain = 73, size = 64
Send to executer failed.force_push: msg_id = 228424, remain = 11, size = 64
Send to executer failed.Loaded function exp06_run_audit_6. lib_load_elasped: 454, func_load_elasped: 1
force_push: msg_id = 230817, remain = -53, size = 11
Send to executer failed.force_push: msg_id = 230805, remain = 73, size = 64
Send to executer failed.force_push: msg_id = 230814, remain = 75, size = 64
Send to executer failed.force_push: msg_id = 236043, remain = 10, size = 64
Send to executer failed.force_push: msg_id = 236949, remain = 74, size = 64
Send to executer failed.force_push: msg_id = 236954, remain = 74, size = 64
Send to executer failed.force_push: msg_id = 239408, remain = 8, size = 64
Send to executer failed.force_push: msg_id = 239436, remain = 74, size = 64
Send to executer failed.force_push: msg_id = 239435, remain = 72, size = 64
Send to executer failed.force_push: msg_id = 239428, remain = 72, size = 64
Send to executer failed.force_push: msg_id = 239456, remain = 74, size = 64
Send to executer failed.force_push: msg_id = 239454, remain = 74, size = 64
Send to executer failed.force_push: msg_id = 239432, remain = 72, size = 64
Send to executer failed.force_push: msg_id = 240337, remain = 10, size = 64
Send to executer failed.force_push: msg_id = 240346, remain = 8, size = 64
Send to executer failed.force_push: msg_id = 240341, remain = 8, size = 64
Send to executer failed.force_push: msg_id = 240345, remain = 74, size = 64
Send to executer failed.force_push: msg_id = 240339, remain = -56, size = 8
Send to executer failed.force_push: msg_id = 240336, remain = 74, size = 64
Send to executer failed.force_push: msg_id = 240333, remain = -56, size = 8
Send to executer failed.force_push: msg_id = 242792, remain = 10, size = 64
Send to executer failed.force_push: msg_id = 242780, remain = 8, size = 64
Send to executer failed.force_push: msg_id = 242794, remain = 10, size = 64
Send to executer failed.force_push: msg_id = 245478, remain = 74, size = 64
Send to executer failed.force_push: msg_id = 252104, remain = -54, size = 10
Send to executer failed.force_push: msg_id = 313323, remain = -54, size = 10
Send to executer failed.force_push: msg_id = 336812, remain = 72, size = 64
Send to executer failed.Loaded function exp06_marginbalance. lib_load_elasped: 498, func_load_elasped: 2
req_id = 900049, token 51319119 us.
req_id = 840210, token 13548799 us.
req_id = 360101, token 12228998 us.
req_id = 240085, token 48483270 us.
req_id = 1020235, token 11015 us.
req_id = 660090, token 27802365 us.
req_id = 1080076, token 3972896 us.
req_id = 900263, token 15288755 us.
req_id = 120012, token 53908423 us.
req_id = 660234, token 22199236 us.
req_id = 360104, token 23103126 us.
req_id = 600251, token 43971373 us.
req_id = 780028, token 54644525 us.
req_id = 300201, token 34045686 us.
req_id = 360300, token 7583944 us.
req_id = 720034, token 24649539 us.
req_id = 840293, token 10323170 us.
req_id = 600055, token 10267690 us.
