Read file config.yml
Running executor...
Loaded function exp06_run_audit_2. lib_load_elasped: 347, func_load_elasped: 2
Loaded function exp06_run_audit_15. lib_load_elasped: 288, func_load_elasped: 1
Loaded function exp06_run_audit_20. lib_load_elasped: 155, func_load_elasped: 1
Loaded function exp06_run_audit_16. lib_load_elasped: 179, func_load_elasped: 1
Loaded function exp06_marketdata. lib_load_elasped: 4805, func_load_elasped: 3
Loaded function exp06_run_audit_5. lib_load_elasped: 284, func_load_elasped: 1
Loaded function exp06_run_audit_4. lib_load_elasped: 339, func_load_elasped: 1
Loaded function exp06_run_audit_18. lib_load_elasped: 235, func_load_elasped: 1
Loaded function exp06_run_audit_10. lib_load_elasped: 295, func_load_elasped: 1
force_push: msg_id = 216040, remain = 74, size = 64
Send to executer failed.Loaded function exp06_run_audit_6. lib_load_elasped: 427, func_load_elasped: 2
Loaded function exp06_run_audit_1. lib_load_elasped: 360, func_load_elasped: 1
Loaded function exp06_run_audit_8. lib_load_elasped: 272, func_load_elasped: 1
force_push: msg_id = 218554, remain = 10, size = 64
Send to executer failed.force_push: msg_id = 218496, remain = 8, size = 64
Send to executer failed.Loaded function exp06_run_audit_11. lib_load_elasped: 368, func_load_elasped: 2
Loaded function exp06_run_audit_12. lib_load_elasped: 408, func_load_elasped: 2
force_push: msg_id = 220062, remain = -56, size = 8
Send to executer failed.force_push: msg_id = 220063, remain = -56, size = 8
Send to executer failed.force_push: msg_id = 220094, remain = -54, size = 10
Send to executer failed.force_push: msg_id = 220107, remain = 10, size = 64
Send to executer failed.force_push: msg_id = 220104, remain = -54, size = 10
Send to executer failed.Loaded function exp06_run_audit_14. lib_load_elasped: 352, func_load_elasped: 2
Loaded function exp06_run_audit_9. lib_load_elasped: 386, func_load_elasped: 2
Loaded function exp06_run_audit_7. lib_load_elasped: 366, func_load_elasped: 2
Loaded function exp06_run_audit_19. lib_load_elasped: 316, func_load_elasped: 1
force_push: msg_id = 221262, remain = 9, size = 64
Send to executer failed.Loaded function exp06_run_audit_3. lib_load_elasped: 380, func_load_elasped: 1
force_push: msg_id = 224958, remain = 74, size = 64
Send to executer failed.Loaded function exp06_run_audit_13. lib_load_elasped: 206, func_load_elasped: 1
force_push: msg_id = 226682, remain = 10, size = 64
Send to executer failed.force_push: msg_id = 226685, remain = 74, size = 64
Send to executer failed.force_push: msg_id = 226687, remain = 74, size = 64
Send to executer failed.force_push: msg_id = 226640, remain = 72, size = 64
force_push: msg_id = 226680, remain = 74, size = 64
Send to executer failed.force_push: msg_id = 226667, remain = 72, size = 64
Send to executer failed.Send to executer failed.force_push: msg_id = 226608, remain = -56, size = 8
Send to executer failed.force_push: msg_id = 226681, remain = 74, size = 64
Send to executer failed.force_push: msg_id = 226697, remain = 74, size = 64
Send to executer failed.force_push: msg_id = 226679, remain = 8, size = 64
Send to executer failed.force_push: msg_id = 226668, remain = 72, size = 64
Send to executer failed.force_push: msg_id = 228001, remain = 72, size = 64
Send to executer failed.force_push: msg_id = 228011, remain = 74, size = 64
Send to executer failed.force_push: msg_id = 229193, remain = -55, size = 9
Send to executer failed.force_push: msg_id = 230407, remain = -56, size = 8
Send to executer failed.force_push: msg_id = 230409, remain = -54, size = 10
Send to executer failed.force_push: msg_id = 230785, remain = 74, size = 64
Send to executer failed.Loaded function exp06_run_audit_17. lib_load_elasped: 451, func_load_elasped: 3
force_push: msg_id = 236814, remain = 74, size = 64
Send to executer failed.force_push: msg_id = 236816, remain = 10, size = 64
Send to executer failed.force_push: msg_id = 236807, remain = 10, size = 64
Send to executer failed.force_push: msg_id = 236806, remain = 74, size = 64
Send to executer failed.force_push: msg_id = 236812, remain = -54, size = 10
Send to executer failed.force_push: msg_id = 237417, remain = 72, size = 64
force_push: msg_id = 237475, remain = 74, size = 64
Send to executer failed.Send to executer failed.force_push: msg_id = 237481, remain = 74, size = 64
Send to executer failed.force_push: msg_id = 237453, remain = 8, size = 64
force_push: msg_id = 237456, remain = 72, size = 64
Send to executer failed.Send to executer failed.force_push: msg_id = 237477, remain = -54, size = 10
Send to executer failed.force_push: msg_id = 237484, remain = 74, size = 64
Send to executer failed.force_push: msg_id = 237455, remain = 72, size = 64
Send to executer failed.force_push: msg_id = 237474, remain = 74, size = 64
Send to executer failed.force_push: msg_id = 237457, remain = 8, size = 64
Send to executer failed.force_push: msg_id = 237476, remain = 74, size = 64
Send to executer failed.force_push: msg_id = 237454, remain = 72, size = 64
Send to executer failed.force_push: msg_id = 240303, remain = -54, size = 10
Send to executer failed.force_push: msg_id = 240299, remain = -54, size = 10
Send to executer failed.force_push: msg_id = 240307, remain = 74, size = 64
Send to executer failed.force_push: msg_id = 240306, remain = 74, size = 64
Send to executer failed.force_push: msg_id = 240287, remain = 10, size = 64
Send to executer failed.force_push: msg_id = 240292, remain = 72, size = 64
Send to executer failed.force_push: msg_id = 249587, remain = 8, size = 64
Send to executer failed.force_push: msg_id = 261703, remain = 73, size = 64
Send to executer failed.force_push: msg_id = 266130, remain = 74, size = 64
Send to executer failed.force_push: msg_id = 272687, remain = -55, size = 9
force_push: msg_id = 272691, remain = 73, size = 64
Send to executer failed.Send to executer failed.force_push: msg_id = 283547, remain = 74, size = 64
Send to executer failed.force_push: msg_id = 286240, remain = 74, size = 64
Send to executer failed.force_push: msg_id = 286229, remain = 72, size = 64
Send to executer failed.force_push: msg_id = 312474, remain = 72, size = 64
Send to executer failed.Loaded function exp06_marginbalance. lib_load_elasped: 585, func_load_elasped: 2
req_id = 840277, token 26636960 us.
req_id = 1020073, token 20698265 us.
req_id = 360114, token 45900451 us.
req_id = 420035, token 47292388 us.
req_id = 960069, token 23086552 us.
req_id = 480297, token 27656939 us.
req_id = 1020177, token 42204446 us.
req_id = 180091, token 25870 us.
req_id = 1080036, token 49700931 us.
req_id = 840118, token 46101362 us.
req_id = 900196, token 37662890 us.
req_id = 120055, token 44632849 us.
req_id = 960200, token 44657371 us.
req_id = 480279, token 28570026 us.
req_id = 360250, token 14668 us.
req_id = 240136, token 29099534 us.
req_id = 780192, token 42639643 us.
req_id = 480170, token 18878693 us.
req_id = 300257, token 40546177 us.
req_id = 1020251, token 43131013 us.
req_id = 960045, token 17511797 us.
req_id = 900063, token 49021051 us.
req_id = 420039, token 43444000 us.
req_id = 60184, token 44487713 us.
req_id = 1020010, token 52285861 us.
req_id = 360180, token 45231232 us.
req_id = 720226, token 33971833 us.
req_id = 600143, token 22622069 us.
req_id = 60023, token 39778008 us.
req_id = 1140158, token 28724205 us.
req_id = 660011, token 50140005 us.
req_id = 300052, token 49463878 us.
req_id = 360091, token 38338838 us.
req_id = 900001, token 52516564 us.
req_id = 420200, token 19242170 us.
req_id = 720211, token 43903568 us.
req_id = 1200301, token 26084976 us.
req_id = 120162, token 38725677 us.
req_id = 120134, token 12811771 us.
req_id = 1140013, token 35971402 us.
req_id = 360102, token 37214766 us.
req_id = 960275, token 27566832 us.
req_id = 900164, token 15187 us.
req_id = 300063, token 18900346 us.
req_id = 900251, token 22487735 us.
req_id = 420209, token 17401389 us.
req_id = 240047, token 50522492 us.
req_id = 780184, token 37864232 us.
req_id = 540248, token 34218474 us.
req_id = 240176, token 34851615 us.
req_id = 600067, token 40738805 us.
req_id = 780088, token 10660772 us.
req_id = 1200153, token 27216862 us.
req_id = 360059, token 16858 us.
req_id = 720140, token 10936726 us.
req_id = 1200103, token 27428562 us.
req_id = 780268, token 28096371 us.
req_id = 660202, token 42947110 us.
req_id = 1020066, token 45187887 us.
req_id = 180133, token 18118170 us.
req_id = 540132, token 43133774 us.
req_id = 540006, token 52289715 us.
req_id = 780091, token 48252355 us.
req_id = 120097, token 18216774 us.
req_id = 360136, token 27684512 us.
req_id = 240227, token 18460709 us.
req_id = 960027, token 48443645 us.
req_id = 480132, token 27313594 us.
req_id = 780205, token 32735652 us.
req_id = 540078, token 31631173 us.
req_id = 960110, token 13506362 us.
req_id = 1080125, token 36358065 us.
req_id = 360293, token 34962358 us.
req_id = 840160, token 26455040 us.
req_id = 180060, token 16955118 us.
req_id = 720164, token 46712249 us.
req_id = 120261, token 27294269 us.
req_id = 360163, token 46693125 us.
req_id = 540252, token 26222310 us.
req_id = 480083, token 32001921 us.
req_id = 960230, token 26865755 us.
req_id = 420273, token 15320110 us.
req_id = 900106, token 26191511 us.
req_id = 300142, token 37582336 us.
req_id = 120203, token 28413407 us.
req_id = 840245, token 19000 us.
req_id = 660076, token 48017877 us.
req_id = 900046, token 50518900 us.
req_id = 600164, token 46551403 us.
req_id = 240054, token 48061373 us.
req_id = 1020154, token 38949177 us.
req_id = 120248, token 9180434 us.
req_id = 900033, token 20068474 us.
req_id = 240221, token 26801665 us.
req_id = 960205, token 45750764 us.
req_id = 960208, token 36102308 us.
req_id = 120195, token 26369179 us.
req_id = 420075, token 47523151 us.
req_id = 480185, token 32336866 us.
req_id = 1020266, token 4220654 us.
req_id = 1020028, token 35766958 us.
req_id = 960204, token 28694292 us.
req_id = 120223, token 36555241 us.
req_id = 1140277, token 41927436 us.
req_id = 240147, token 23200227 us.
req_id = 240119, token 42306033 us.
req_id = 120236, token 26792390 us.
req_id = 600199, token 4326176 us.
req_id = 300278, token 26351370 us.
req_id = 1080082, token 47400490 us.
req_id = 1020086, token 17166588 us.
req_id = 840085, token 4225355 us.
req_id = 420223, token 6665221 us.
req_id = 1020143, token 16412 us.
req_id = 120222, token 18102737 us.
req_id = 1080041, token 24991122 us.
req_id = 600190, token 17726751 us.
req_id = 1020017, token 17015840 us.
req_id = 480118, token 45691104 us.
req_id = 420272, token 26244430 us.
req_id = 660193, token 15179670 us.
req_id = 420184, token 36973844 us.
req_id = 240044, token 37726437 us.
req_id = 540204, token 31127610 us.
req_id = 420091, token 26334821 us.
req_id = 60236, token 43354305 us.
req_id = 60128, token 13522183 us.
req_id = 360111, token 18438987 us.
req_id = 1020252, token 29423342 us.
req_id = 300114, token 44817 us.
req_id = 660109, token 45450169 us.
req_id = 600057, token 48670781 us.
req_id = 600124, token 46530145 us.
req_id = 360147, token 26012204 us.
req_id = 840022, token 38663667 us.
req_id = 480100, token 37765459 us.
req_id = 420215, token 40078 us.
req_id = 1080289, token 29297648 us.
req_id = 1140254, token 4277858 us.
req_id = 120288, token 6721831 us.
req_id = 240299, token 29838269 us.
req_id = 360141, token 4237133 us.
req_id = 660031, token 26429775 us.
req_id = 960276, token 40017 us.
req_id = 540217, token 22399292 us.
req_id = 540191, token 25988986 us.
req_id = 720161, token 38315 us.
req_id = 900212, token 4208115 us.
req_id = 120073, token 44218865 us.
req_id = 900126, token 4205874 us.
req_id = 120057, token 6835914 us.
req_id = 360219, token 32757265 us.
req_id = 180292, token 42203463 us.
req_id = 1140178, token 36837443 us.
req_id = 480278, token 41936653 us.
req_id = 960239, token 16349653 us.
req_id = 660147, token 46556345 us.
req_id = 240021, token 15181405 us.
req_id = 1080069, token 8321648 us.
req_id = 420252, token 36674650 us.
req_id = 960189, token 17450112 us.
req_id = 300285, token 6743564 us.
req_id = 180170, token 43609704 us.
req_id = 360055, token 44554867 us.
req_id = 900221, token 47272 us.
req_id = 480016, token 4165482 us.
req_id = 60298, token 4190103 us.
req_id = 180043, token 50662923 us.
req_id = 1020257, token 17630029 us.
req_id = 240228, token 44612112 us.
req_id = 840169, token 18314487 us.
req_id = 960138, token 22550431 us.
req_id = 960088, token 41696505 us.
req_id = 120046, token 26368799 us.
req_id = 180093, token 38256 us.
req_id = 540297, token 41801460 us.
req_id = 720248, token 13175878 us.
req_id = 1080288, token 42142681 us.
req_id = 240010, token 48858157 us.
req_id = 660026, token 18576179 us.
req_id = 1020260, token 31905677 us.
req_id = 1020210, token 17401197 us.
req_id = 240070, token 6749995 us.
req_id = 1080255, token 43280920 us.
req_id = 360036, token 4244498 us.
req_id = 660200, token 18329639 us.
req_id = 420115, token 4253390 us.
req_id = 360254, token 18329736 us.
req_id = 480202, token 9126981 us.
req_id = 660013, token 22237044 us.
req_id = 1140236, token 15934247 us.
req_id = 60094, token 46921833 us.
req_id = 180203, token 22440735 us.
req_id = 600287, token 26452084 us.
req_id = 60089, token 15051373 us.
req_id = 240200, token 44887181 us.
req_id = 1020114, token 41073206 us.
req_id = 360082, token 49109 us.
req_id = 660242, token 48691 us.
req_id = 420163, token 47026997 us.
req_id = 120098, token 39359703 us.
req_id = 120201, token 45216842 us.
req_id = 900286, token 15026327 us.
req_id = 1080173, token 25789564 us.
req_id = 780290, token 28492861 us.
req_id = 120179, token 4196585 us.
req_id = 780159, token 26375375 us.
req_id = 960085, token 4186804 us.
req_id = 780112, token 4186421 us.
req_id = 60204, token 4200156 us.
req_id = 1080297, token 26412063 us.
req_id = 780267, token 44312 us.
req_id = 540158, token 4167253 us.
req_id = 60221, token 31035265 us.
req_id = 900194, token 38461121 us.
req_id = 120219, token 30417286 us.
req_id = 420172, token 37211462 us.
req_id = 720175, token 25725361 us.
req_id = 1020262, token 44110 us.
req_id = 1080232, token 26403435 us.
req_id = 180258, token 26202474 us.
req_id = 660142, token 31693652 us.
req_id = 840143, token 39316532 us.
req_id = 240275, token 26484550 us.
req_id = 480229, token 42101170 us.
req_id = 420061, token 28536445 us.
req_id = 180109, token 22160656 us.
req_id = 1200255, token 51726 us.
req_id = 1020263, token 30954143 us.
req_id = 660091, token 38526497 us.
req_id = 600025, token 26327163 us.
req_id = 300196, token 44707634 us.
req_id = 240122, token 42275908 us.
req_id = 1140038, token 44127207 us.
req_id = 240195, token 12365 us.
req_id = 120255, token 42624906 us.
req_id = 180159, token 22452547 us.
req_id = 1080233, token 15091541 us.
req_id = 1200108, token 44992461 us.
req_id = 1080164, token 4193554 us.
req_id = 1200100, token 22439140 us.
req_id = 120140, token 43265210 us.
req_id = 660075, token 39202508 us.
req_id = 960176, token 45758683 us.
req_id = 900065, token 22074421 us.
req_id = 480190, token 41844081 us.
req_id = 720043, token 22159757 us.
req_id = 540169, token 30570193 us.
req_id = 420277, token 14893189 us.
req_id = 540023, token 26281024 us.
req_id = 960287, token 26084231 us.
req_id = 600051, token 46331990 us.
req_id = 1080026, token 4225483 us.
req_id = 780067, token 16286155 us.
req_id = 1140193, token 4211084 us.
req_id = 300155, token 11342 us.
req_id = 180045, token 57058 us.
req_id = 180285, token 28356840 us.
req_id = 900299, token 42228373 us.
req_id = 480006, token 48560874 us.
req_id = 420124, token 28097720 us.
req_id = 600176, token 30298257 us.
req_id = 60096, token 43628473 us.
req_id = 180172, token 35607519 us.
req_id = 660102, token 37107381 us.
req_id = 660059, token 30941597 us.
req_id = 660186, token 30517829 us.
req_id = 420262, token 30868708 us.
req_id = 1140168, token 43370056 us.
req_id = 180255, token 16704671 us.
req_id = 780198, token 30383613 us.
req_id = 240179, token 22075659 us.
req_id = 360149, token 17401840 us.
req_id = 1200163, token 40911270 us.
req_id = 60150, token 62272 us.
req_id = 720150, token 32179089 us.
req_id = 480248, token 30121508 us.
req_id = 900066, token 30258126 us.
req_id = 480252, token 43125397 us.
req_id = 780132, token 25648758 us.
req_id = 960006, token 53758621 us.
req_id = 420164, token 66013 us.
req_id = 600266, token 13167818 us.
req_id = 1020161, token 22064383 us.
req_id = 1020178, token 62971 us.
req_id = 1080280, token 29654501 us.
req_id = 660060, token 47274494 us.
req_id = 1080270, token 25685869 us.
req_id = 1020054, token 51391409 us.
req_id = 900208, token 31172722 us.
req_id = 600151, token 7001143 us.
req_id = 420271, token 6996230 us.
req_id = 1020051, token 48572150 us.
req_id = 420121, token 44369681 us.
req_id = 180112, token 44937088 us.
req_id = 900068, token 31067218 us.
req_id = 540162, token 47402187 us.
req_id = 1020043, token 28463313 us.
req_id = 1200264, token 25773213 us.
req_id = 900179, token 38451812 us.
req_id = 420169, token 24809766 us.
req_id = 360183, token 20603637 us.
req_id = 600183, token 64800 us.
req_id = 840065, token 48124364 us.
req_id = 300181, token 8226215 us.
req_id = 960117, token 44730194 us.
req_id = 180129, token 30198010 us.
req_id = 120160, token 46993602 us.
req_id = 600105, token 46505124 us.
req_id = 180048, token 18882496 us.
req_id = 60211, token 20999151 us.
req_id = 1200279, token 42065433 us.
req_id = 600239, token 20291138 us.
req_id = 240241, token 44593766 us.
req_id = 120130, token 29711408 us.
req_id = 540043, token 65604 us.
req_id = 900018, token 53085439 us.
req_id = 1200149, token 25647808 us.
req_id = 780050, token 67915 us.
req_id = 120247, token 28142280 us.
req_id = 1140189, token 4349554 us.
req_id = 300200, token 26053997 us.
req_id = 120161, token 68832 us.
req_id = 300016, token 38324184 us.
req_id = 360301, token 6951089 us.
req_id = 1140219, token 65353 us.
req_id = 660294, token 25916561 us.
req_id = 120245, token 15366074 us.
req_id = 780166, token 20888606 us.
req_id = 360166, token 13350427 us.
req_id = 60280, token 64570 us.
req_id = 1140176, token 30465427 us.
req_id = 720269, token 24571373 us.
req_id = 540203, token 38780671 us.
req_id = 720278, token 24513965 us.
req_id = 1140224, token 41344651 us.
req_id = 600023, token 35994781 us.
req_id = 1200124, token 48983447 us.
req_id = 1200095, token 10442 us.
req_id = 60222, token 19160653 us.
req_id = 660133, token 25601153 us.
req_id = 840294, token 28715699 us.
req_id = 840113, token 25468249 us.
req_id = 960206, token 44668805 us.
req_id = 720188, token 22157224 us.
req_id = 60027, token 6993069 us.
req_id = 780006, token 44699741 us.
req_id = 480014, token 38861343 us.
req_id = 540071, token 28916149 us.
req_id = 1140213, token 17152453 us.
req_id = 1020245, token 13373508 us.
req_id = 240202, token 25612010 us.
req_id = 1200020, token 65669 us.
req_id = 1140261, token 29990034 us.
req_id = 1080293, token 29875069 us.
req_id = 1200290, token 39956792 us.
req_id = 720129, token 4398080 us.
req_id = 60132, token 26273499 us.
req_id = 660043, token 24881288 us.
req_id = 540209, token 43594461 us.
req_id = 360027, token 48675539 us.
req_id = 480084, token 22151818 us.
req_id = 660298, token 39753087 us.
req_id = 420264, token 68570 us.
req_id = 900007, token 53593250 us.
req_id = 780291, token 38605543 us.
req_id = 420046, token 46259242 us.
req_id = 1140160, token 39357368 us.
req_id = 1140150, token 39007154 us.
req_id = 720292, token 28791484 us.
req_id = 780202, token 42206810 us.
req_id = 240172, token 46268028 us.
req_id = 120181, token 44031454 us.
req_id = 1080046, token 30619977 us.
req_id = 60098, token 28669306 us.
req_id = 720298, token 28520554 us.
req_id = 1080278, token 40606271 us.
req_id = 1140006, token 29918821 us.
req_id = 180162, token 4520119 us.
req_id = 1020123, token 4476494 us.
req_id = 960214, token 39838711 us.
req_id = 660095, token 46752208 us.
req_id = 780262, token 30800940 us.
req_id = 540155, token 47985834 us.
req_id = 1140286, token 36961510 us.
req_id = 120141, token 47966306 us.
req_id = 180025, token 22310826 us.
req_id = 1140197, token 26222798 us.
req_id = 540273, token 16965833 us.
req_id = 180242, token 40798310 us.
req_id = 480231, token 28654667 us.
req_id = 120021, token 71963 us.
req_id = 960074, token 15447807 us.
req_id = 960080, token 29085919 us.
req_id = 120221, token 44123848 us.
req_id = 1020118, token 49126937 us.
req_id = 120180, token 15022045 us.
req_id = 1020282, token 21326746 us.
req_id = 360193, token 43563515 us.
req_id = 1020228, token 38983041 us.
req_id = 960082, token 18689622 us.
req_id = 360058, token 50674872 us.
req_id = 420292, token 13423667 us.
req_id = 780046, token 52753690 us.
req_id = 960153, token 25523779 us.
req_id = 900249, token 19461556 us.
req_id = 480174, token 25636687 us.
req_id = 180153, token 22031012 us.
req_id = 300045, token 41116679 us.
req_id = 120176, token 29922447 us.
req_id = 300282, token 13389609 us.
req_id = 540173, token 13512892 us.
req_id = 600118, token 19250458 us.
req_id = 780300, token 28604768 us.
req_id = 780103, token 38487072 us.
req_id = 300134, token 24439534 us.
req_id = 420055, token 52043245 us.
req_id = 1200154, token 40687888 us.
req_id = 1140231, token 20639920 us.
req_id = 360093, token 47273579 us.
req_id = 420181, token 43540678 us.
req_id = 600200, token 38646678 us.
req_id = 300098, token 22085527 us.
req_id = 360049, token 49948832 us.
req_id = 600052, token 36342358 us.
req_id = 540118, token 18752198 us.
req_id = 240087, token 42436191 us.
req_id = 300006, token 54150589 us.
req_id = 540028, token 43386583 us.
req_id = 960136, token 15577870 us.
req_id = 180071, token 39560704 us.
req_id = 240210, token 73342 us.
req_id = 360067, token 20631761 us.
req_id = 180131, token 30302126 us.
req_id = 660284, token 14936230 us.
req_id = 720044, token 46916892 us.
req_id = 1200293, token 9585628 us.
req_id = 480162, token 12731625 us.
req_id = 660283, token 21894107 us.
req_id = 720032, token 26409622 us.
req_id = 1080034, token 48515724 us.
req_id = 420073, token 33940104 us.
req_id = 660155, token 45453328 us.
req_id = 660022, token 47937023 us.
req_id = 1020053, token 18478793 us.
req_id = 780277, token 13450221 us.
req_id = 240137, token 46284321 us.
req_id = 420188, token 28473918 us.
req_id = 1200006, token 16654477 us.
req_id = 660040, token 46919451 us.
req_id = 900301, token 25425487 us.
req_id = 540153, token 13514116 us.
req_id = 1080074, token 38631936 us.
req_id = 540017, token 44529769 us.
req_id = 60113, token 19985091 us.
req_id = 60290, token 28711240 us.
req_id = 960265, token 30210296 us.
req_id = 540026, token 50788936 us.
req_id = 660098, token 36798044 us.
req_id = 180300, token 7251824 us.
req_id = 960242, token 28853395 us.
req_id = 540154, token 36284316 us.
req_id = 360037, token 18897276 us.
req_id = 240053, token 18742207 us.
req_id = 720237, token 15494503 us.
req_id = 840227, token 25295120 us.
req_id = 420227, token 26526121 us.
req_id = 180105, token 7157169 us.
req_id = 300120, token 48021273 us.
req_id = 1200271, token 22607276 us.
req_id = 120156, token 39707075 us.
req_id = 540183, token 28825352 us.
req_id = 60230, token 8345759 us.
req_id = 480295, token 79350 us.
req_id = 60189, token 44744853 us.
req_id = 300005, token 11869199 us.
req_id = 180101, token 46941282 us.
req_id = 360171, token 30167301 us.
req_id = 960089, token 44875787 us.
req_id = 540179, token 24495641 us.
req_id = 720249, token 26470036 us.
req_id = 780225, token 25603984 us.
req_id = 720219, token 19618909 us.
req_id = 660038, token 45247048 us.
req_id = 60129, token 38672202 us.
req_id = 1080210, token 37042784 us.
req_id = 840162, token 40743071 us.
req_id = 1080200, token 34925303 us.
req_id = 780170, token 39279063 us.
req_id = 420137, token 24531229 us.
req_id = 600260, token 17466508 us.
req_id = 420168, token 38951607 us.
req_id = 960179, token 20856973 us.
req_id = 720216, token 41145524 us.
req_id = 540081, token 48733939 us.
req_id = 120205, token 12628982 us.
req_id = 900056, token 37912788 us.
req_id = 780017, token 40683385 us.
req_id = 180273, token 32535456 us.
req_id = 900062, token 24444209 us.
req_id = 840187, token 28606303 us.
req_id = 900298, token 7211852 us.
req_id = 1020299, token 25724106 us.
req_id = 1080145, token 29369303 us.
req_id = 900147, token 36374186 us.
req_id = 180081, token 39433491 us.
req_id = 1080138, token 12663056 us.
req_id = 1200074, token 4528044 us.
req_id = 720019, token 45319157 us.
req_id = 1200059, token 7276109 us.
req_id = 600216, token 19638872 us.
req_id = 960279, token 43053036 us.
req_id = 240276, token 28859363 us.
req_id = 1080054, token 4526817 us.
req_id = 1080194, token 4573859 us.
req_id = 300117, token 48283972 us.
req_id = 900125, token 83035 us.
req_id = 300017, token 53748977 us.
req_id = 180114, token 4554265 us.
req_id = 300156, token 7222019 us.
req_id = 780105, token 24407430 us.
req_id = 1200224, token 30780741 us.
req_id = 1140209, token 44078833 us.
req_id = 600292, token 15470887 us.
req_id = 420237, token 4504464 us.
req_id = 1080263, token 4536237 us.
req_id = 1020139, token 15497152 us.
req_id = 120298, token 16568696 us.
req_id = 60073, token 43868998 us.
req_id = 780211, token 4534464 us.
req_id = 1140056, token 42660855 us.
req_id = 600117, token 22062386 us.
req_id = 360206, token 21982807 us.
req_id = 1140258, token 28795969 us.
req_id = 1080156, token 46549921 us.
req_id = 300272, token 12656252 us.
req_id = 660136, token 11770482 us.
req_id = 60251, token 30629865 us.
req_id = 60197, token 20372864 us.
req_id = 300110, token 32841516 us.
req_id = 660134, token 4726248 us.
req_id = 780181, token 36364665 us.
req_id = 600222, token 17666787 us.
req_id = 600166, token 25748869 us.
req_id = 780273, token 24965324 us.
req_id = 180147, token 35574779 us.
req_id = 540223, token 29523886 us.
req_id = 1140237, token 29380198 us.
req_id = 1080269, token 4548890 us.
req_id = 480013, token 48980593 us.
req_id = 900014, token 54189817 us.
req_id = 60072, token 4597128 us.
req_id = 780074, token 41965198 us.
req_id = 1200177, token 32195280 us.
req_id = 180229, token 26471360 us.
req_id = 840205, token 4508852 us.
req_id = 240066, token 48297616 us.
req_id = 180040, token 49201189 us.
req_id = 420238, token 4516998 us.
req_id = 540087, token 40974923 us.
req_id = 660132, token 31243850 us.
req_id = 840248, token 40354664 us.
req_id = 360170, token 11749204 us.
req_id = 1200008, token 7388861 us.
req_id = 360186, token 87423 us.
req_id = 720145, token 40197303 us.
req_id = 720291, token 28695191 us.
req_id = 660285, token 25359472 us.
req_id = 600282, token 42562210 us.
req_id = 420206, token 29084162 us.
req_id = 780133, token 43576084 us.
req_id = 240048, token 24804518 us.
req_id = 600114, token 40784802 us.
req_id = 780014, token 39931913 us.
req_id = 420159, token 34270139 us.
req_id = 840300, token 25498890 us.
req_id = 60138, token 17887516 us.
req_id = 840185, token 40907658 us.
req_id = 780016, token 53868288 us.
req_id = 840093, token 4528679 us.
req_id = 720107, token 49678414 us.
req_id = 1080267, token 18991857 us.
req_id = 360046, token 47029990 us.
req_id = 300219, token 34445130 us.
req_id = 240037, token 48796960 us.
req_id = 720254, token 25550041 us.
req_id = 60007, token 39435666 us.
req_id = 420084, token 32013398 us.
req_id = 600077, token 46375755 us.
req_id = 60245, token 26584058 us.
req_id = 360197, token 26506455 us.
req_id = 300209, token 36818076 us.
req_id = 420247, token 4569003 us.
req_id = 540236, token 44870519 us.
req_id = 660188, token 4570289 us.
req_id = 300245, token 9735955 us.
req_id = 600298, token 28924423 us.
req_id = 60265, token 41759157 us.
req_id = 900149, token 107883 us.
req_id = 1200231, token 21975838 us.
req_id = 180228, token 105849 us.
req_id = 600072, token 49350132 us.
req_id = 240143, token 43047295 us.
req_id = 600228, token 17796333 us.
req_id = 180232, token 26712820 us.
req_id = 420118, token 19374453 us.
req_id = 420182, token 17002753 us.
req_id = 1200105, token 13594073 us.
req_id = 300158, token 41917074 us.
req_id = 480192, token 22119848 us.
req_id = 1140206, token 11819678 us.
req_id = 600083, token 31037340 us.
req_id = 240112, token 29171656 us.
req_id = 1020226, token 33053584 us.
req_id = 960096, token 13838673 us.
req_id = 1020153, token 38179226 us.
req_id = 840272, token 28661574 us.
req_id = 480138, token 43355202 us.
req_id = 60217, token 43791494 us.
req_id = 960212, token 106295 us.
req_id = 120256, token 37457048 us.
req_id = 420211, token 9864020 us.
req_id = 480054, token 47775984 us.
req_id = 360168, token 25041389 us.
req_id = 1080271, token 31322921 us.
req_id = 300147, token 16066255 us.
req_id = 60190, token 39390220 us.
req_id = 720273, token 21710482 us.
req_id = 1140201, token 30931904 us.
req_id = 1080143, token 35347400 us.
req_id = 1200120, token 35523833 us.
req_id = 540152, token 22118063 us.
req_id = 360276, token 4635459 us.
req_id = 1140228, token 4592401 us.
req_id = 360016, token 4612062 us.
req_id = 480161, token 4649638 us.
req_id = 540170, token 4629167 us.
req_id = 360212, token 126612 us.
req_id = 60297, token 22221275 us.
req_id = 120210, token 16074474 us.
req_id = 1080023, token 42069165 us.
req_id = 1020198, token 32143673 us.
req_id = 1080025, token 7412779 us.
req_id = 660224, token 132333 us.
req_id = 720280, token 4591149 us.
req_id = 600045, token 52099016 us.
req_id = 900161, token 17615586 us.
req_id = 600212, token 4579621 us.
req_id = 780167, token 4607150 us.
req_id = 840152, token 36545172 us.
req_id = 960011, token 127987 us.
req_id = 480136, token 12708818 us.
req_id = 1200236, token 7422095 us.
req_id = 180142, token 40866637 us.
req_id = 120187, token 17392274 us.
req_id = 1080160, token 41716705 us.
req_id = 720116, token 29293779 us.
req_id = 240042, token 51643405 us.
req_id = 720048, token 4671296 us.
req_id = 840121, token 45991825 us.
req_id = 1140088, token 39976481 us.
req_id = 1200299, token 7379077 us.
req_id = 540205, token 4594611 us.
req_id = 1020222, token 19783301 us.
req_id = 840054, token 36163834 us.
req_id = 840231, token 13691852 us.
req_id = 900291, token 4596277 us.
req_id = 480211, token 4596821 us.
req_id = 1140192, token 11932476 us.
req_id = 240133, token 13678729 us.
req_id = 540212, token 22407471 us.
req_id = 1080217, token 32438854 us.
req_id = 60087, token 13761547 us.
req_id = 300205, token 33655345 us.
req_id = 480153, token 4546699 us.
req_id = 660296, token 14699978 us.
req_id = 780030, token 39851460 us.
req_id = 960227, token 12784030 us.
req_id = 1140300, token 41268118 us.
req_id = 900116, token 9819535 us.
req_id = 900175, token 9742962 us.
req_id = 840161, token 37514482 us.
req_id = 780139, token 17090667 us.
req_id = 180080, token 35314963 us.
req_id = 60264, token 4558524 us.
req_id = 660159, token 139131 us.
req_id = 480200, token 4553273 us.
req_id = 1080126, token 139195 us.
req_id = 900296, token 29266654 us.
req_id = 540090, token 24567969 us.
req_id = 780180, token 13794110 us.
req_id = 360116, token 4577143 us.
req_id = 240224, token 24933973 us.
req_id = 1080186, token 4551431 us.
req_id = 240171, token 26337705 us.
req_id = 180132, token 41117753 us.
req_id = 540127, token 4552064 us.
req_id = 960121, token 13179354 us.
req_id = 360286, token 28377377 us.
req_id = 960161, token 143209 us.
req_id = 900176, token 13027593 us.
req_id = 540268, token 26579749 us.
req_id = 120260, token 4536531 us.
req_id = 1140138, token 22264664 us.
req_id = 600229, token 7400611 us.
req_id = 120218, token 28389937 us.
req_id = 1140204, token 31685952 us.
req_id = 780098, token 46050190 us.
req_id = 780119, token 8671125 us.
req_id = 720136, token 29618677 us.
req_id = 300004, token 54757339 us.
req_id = 480087, token 47887166 us.
req_id = 840258, token 26267999 us.
req_id = 1020115, token 37246640 us.
req_id = 60154, token 22060371 us.
req_id = 960022, token 54038212 us.
req_id = 1080179, token 44897930 us.
req_id = 120174, token 129789 us.
req_id = 780280, token 36223779 us.
req_id = 1020285, token 12702941 us.
req_id = 540128, token 19774609 us.
req_id = 660127, token 19471240 us.
req_id = 660093, token 13749034 us.
req_id = 1020032, token 4517584 us.
req_id = 660114, token 27978026 us.
req_id = 60127, token 49187507 us.
req_id = 240196, token 21791021 us.
req_id = 960201, token 4519417 us.
req_id = 780252, token 4520253 us.
req_id = 1140108, token 43048500 us.
req_id = 420198, token 4569226 us.
req_id = 960259, token 19417888 us.
req_id = 60042, token 53341874 us.
req_id = 1020201, token 28326585 us.
req_id = 420162, token 4515987 us.
req_id = 840069, token 4492755 us.
req_id = 1080282, token 43375599 us.
req_id = 1200273, token 37862806 us.
req_id = 1140282, token 4487669 us.
req_id = 360137, token 31056946 us.
req_id = 240201, token 18488723 us.
req_id = 600154, token 4519799 us.
req_id = 1140227, token 42595228 us.
req_id = 960180, token 24755474 us.
req_id = 720029, token 13072352 us.
req_id = 420270, token 4494071 us.
req_id = 1200023, token 4475047 us.
req_id = 1020301, token 30167465 us.
req_id = 1080118, token 14976939 us.
req_id = 540135, token 28372401 us.
req_id = 180158, token 41047636 us.
req_id = 960150, token 41696559 us.
req_id = 60235, token 36043474 us.
req_id = 480053, token 17992701 us.
req_id = 840140, token 32514102 us.
req_id = 300186, token 13968855 us.
req_id = 840198, token 22217893 us.
req_id = 720225, token 4480325 us.
req_id = 1020170, token 36695271 us.
req_id = 660016, token 48983767 us.
req_id = 1140048, token 10761380 us.
req_id = 480291, token 24679473 us.
req_id = 600192, token 18024218 us.
req_id = 420153, token 48141772 us.
req_id = 1200119, token 4480438 us.
req_id = 240298, token 19452170 us.
req_id = 1200189, token 36456808 us.
req_id = 60243, token 4473226 us.
req_id = 360024, token 129342 us.
req_id = 300076, token 39841674 us.
req_id = 60033, token 4472910 us.
req_id = 480289, token 17148169 us.
req_id = 1020243, token 4470798 us.
req_id = 1020048, token 7403403 us.
req_id = 600201, token 32571320 us.
req_id = 540265, token 4455224 us.
req_id = 840086, token 29267227 us.
req_id = 900173, token 28650709 us.
req_id = 240095, token 4444762 us.
req_id = 720155, token 29237843 us.
req_id = 540168, token 36249244 us.
req_id = 120266, token 18269538 us.
req_id = 960235, token 24825306 us.
req_id = 960273, token 17402848 us.
req_id = 60176, token 4440266 us.
req_id = 120122, token 33806926 us.
req_id = 780108, token 29428276 us.
req_id = 1200180, token 11975977 us.
req_id = 1200148, token 4497648 us.
req_id = 480233, token 4468625 us.
req_id = 660039, token 51935322 us.
req_id = 720182, token 18020520 us.
req_id = 540165, token 41493501 us.
req_id = 660086, token 29898285 us.
req_id = 1140217, token 31283709 us.
req_id = 660274, token 41879023 us.
req_id = 180075, token 50555813 us.
req_id = 900165, token 4446128 us.
req_id = 360090, token 39855146 us.
req_id = 1020214, token 4458048 us.
req_id = 1140159, token 9762881 us.
req_id = 180295, token 30800438 us.
req_id = 780216, token 12150143 us.
req_id = 1200203, token 22277291 us.
req_id = 600235, token 30072540 us.
req_id = 240071, token 14618925 us.
req_id = 60099, token 37671889 us.
req_id = 780084, token 22176767 us.
req_id = 240281, token 24451556 us.
req_id = 360109, token 9740931 us.
req_id = 1200252, token 35478763 us.
req_id = 1080183, token 9822787 us.
req_id = 600091, token 41180805 us.
req_id = 1020270, token 4464567 us.
req_id = 840031, token 27860143 us.
req_id = 840236, token 119361 us.
req_id = 1200061, token 9847797 us.
req_id = 900258, token 19059693 us.
req_id = 480102, token 47967969 us.
req_id = 240063, token 49323853 us.
req_id = 900250, token 39864209 us.
req_id = 420080, token 18287552 us.
req_id = 1140011, token 53819388 us.
req_id = 900231, token 12867059 us.
req_id = 120158, token 43131355 us.
req_id = 1020155, token 18537258 us.
req_id = 900009, token 49936579 us.
req_id = 1140147, token 28446346 us.
req_id = 960269, token 4471932 us.
req_id = 120213, token 4457971 us.
req_id = 540123, token 49574664 us.
req_id = 780122, token 40470379 us.
req_id = 120116, token 119536 us.
req_id = 360269, token 4465806 us.
req_id = 1080285, token 4441561 us.
req_id = 420203, token 9805034 us.
req_id = 1140263, token 28554599 us.
req_id = 900115, token 39202483 us.
req_id = 60051, token 31773898 us.
req_id = 300066, token 19728096 us.
req_id = 240229, token 46198578 us.
req_id = 1140301, token 28175127 us.
req_id = 360260, token 28314113 us.
req_id = 420049, token 13978173 us.
req_id = 1020193, token 9917836 us.
req_id = 120263, token 44133201 us.
req_id = 1200030, token 51989173 us.
req_id = 60107, token 104886 us.
req_id = 240168, token 33517390 us.
req_id = 420146, token 15295284 us.
req_id = 900256, token 7411284 us.
req_id = 840243, token 33902701 us.
req_id = 780162, token 20454453 us.
req_id = 840192, token 31068848 us.
req_id = 300010, token 54528453 us.
req_id = 420070, token 40098994 us.
req_id = 900267, token 16807137 us.
req_id = 1080218, token 19944932 us.
req_id = 300286, token 28915400 us.
req_id = 540030, token 24279816 us.
req_id = 840159, token 107307 us.
req_id = 60080, token 48791610 us.
req_id = 1020267, token 31079331 us.
req_id = 1020069, token 29957959 us.
req_id = 780271, token 15738606 us.
req_id = 540150, token 24197799 us.
req_id = 420028, token 15149439 us.
req_id = 480128, token 35684550 us.
req_id = 1200110, token 4441650 us.
req_id = 240130, token 31460182 us.
req_id = 300130, token 49351872 us.
req_id = 540088, token 48083962 us.
req_id = 660174, token 14981473 us.
req_id = 360226, token 45387501 us.
req_id = 720214, token 45689682 us.
req_id = 480139, token 10784495 us.
req_id = 420299, token 18940373 us.
req_id = 480041, token 26420993 us.
req_id = 960229, token 32442416 us.
req_id = 240239, token 18285044 us.
req_id = 660282, token 27921612 us.
req_id = 240025, token 52481127 us.
req_id = 180127, token 15089236 us.
req_id = 1200150, token 38120087 us.
req_id = 240255, token 28436651 us.
req_id = 1080204, token 102913 us.
req_id = 900199, token 24559060 us.
req_id = 1140044, token 40374456 us.
req_id = 300133, token 26410856 us.
req_id = 1200015, token 53903596 us.
req_id = 420120, token 7463690 us.
req_id = 60223, token 4450111 us.
req_id = 180271, token 28613501 us.
req_id = 1080137, token 14914862 us.
req_id = 1140250, token 7476769 us.
req_id = 180028, token 4449341 us.
req_id = 240110, token 43926213 us.
req_id = 300276, token 43952080 us.
req_id = 540041, token 15114623 us.
req_id = 480177, token 40679069 us.
req_id = 480199, token 10763608 us.
req_id = 960114, token 4431913 us.
req_id = 60220, token 28528245 us.
req_id = 60115, token 22238112 us.
req_id = 1140090, token 47174519 us.
req_id = 240121, token 40729881 us.
req_id = 360239, token 4463711 us.
req_id = 480064, token 42499765 us.
req_id = 840168, token 44009959 us.
req_id = 420074, token 49954612 us.
req_id = 240108, token 43222116 us.
req_id = 300260, token 43163271 us.
req_id = 1020068, token 30131796 us.
req_id = 360071, token 24298566 us.
req_id = 840154, token 33840751 us.
req_id = 1080163, token 14773628 us.
req_id = 1200116, token 45304171 us.
req_id = 240283, token 4490406 us.
req_id = 600204, token 21942100 us.
req_id = 240282, token 29107559 us.
req_id = 540222, token 30427096 us.
req_id = 1200218, token 30389124 us.
req_id = 360258, token 17965949 us.
req_id = 840297, token 14984906 us.
req_id = 840116, token 26627049 us.
req_id = 900117, token 4447856 us.
req_id = 900053, token 29966165 us.
req_id = 1200123, token 28024317 us.
req_id = 60185, token 23805794 us.
req_id = 480166, token 24379262 us.
req_id = 180137, token 17940565 us.
req_id = 120270, token 40150929 us.
req_id = 1200140, token 20962870 us.
req_id = 660176, token 9997547 us.
req_id = 960240, token 17416616 us.
req_id = 360215, token 21984825 us.
req_id = 60143, token 43220842 us.
req_id = 960034, token 19425437 us.
req_id = 180053, token 51565652 us.
req_id = 840190, token 24401978 us.
req_id = 1140100, token 12151396 us.
req_id = 960134, token 24079380 us.
req_id = 360005, token 53416330 us.
req_id = 600198, token 16640047 us.
req_id = 720114, token 21102294 us.
req_id = 60174, token 45761079 us.
req_id = 720090, token 32188420 us.
req_id = 1080096, token 104066 us.
req_id = 420265, token 14719183 us.
req_id = 720158, token 12092589 us.
req_id = 660041, token 24249216 us.
req_id = 180117, token 40614582 us.
req_id = 1140273, token 107898 us.
req_id = 1140033, token 52927273 us.
req_id = 480140, token 24202101 us.
req_id = 780222, token 44054050 us.
req_id = 960131, token 12825974 us.
req_id = 720199, token 40564170 us.
req_id = 1200209, token 22431516 us.
req_id = 1020247, token 15976414 us.
req_id = 60286, token 16845832 us.
req_id = 300113, token 41554824 us.
req_id = 120112, token 14090137 us.
req_id = 120033, token 53078178 us.
req_id = 240045, token 24504570 us.
req_id = 780085, token 22060766 us.
req_id = 240157, token 16723166 us.
req_id = 420274, token 16774392 us.
req_id = 600207, token 12870532 us.
req_id = 720061, token 40715250 us.
req_id = 780301, token 26428906 us.
req_id = 420042, token 43665309 us.
req_id = 960049, token 35049517 us.
req_id = 540246, token 9896225 us.
req_id = 1080005, token 46113181 us.
req_id = 60252, token 9991875 us.
req_id = 720281, token 4475459 us.
req_id = 60172, token 40480418 us.
req_id = 60146, token 29573084 us.
req_id = 900144, token 24146535 us.
req_id = 60008, token 21347851 us.
req_id = 1020102, token 45197081 us.
req_id = 900244, token 18862894 us.
req_id = 120299, token 32535244 us.
req_id = 600248, token 24186085 us.
req_id = 60110, token 7542731 us.
req_id = 300252, token 24403636 us.
req_id = 960238, token 19707048 us.
req_id = 660146, token 19168481 us.
req_id = 1140264, token 4481033 us.
req_id = 1200213, token 42100934 us.
req_id = 480025, token 4486455 us.
req_id = 600121, token 27920929 us.
req_id = 360133, token 47235095 us.
req_id = 780196, token 40480077 us.
req_id = 960175, token 24097366 us.
req_id = 900203, token 4479035 us.
req_id = 180051, token 31204866 us.
req_id = 780034, token 12901281 us.
req_id = 720255, token 18941275 us.
req_id = 720066, token 32240750 us.
req_id = 1020130, token 30118579 us.
req_id = 600289, token 16656743 us.
req_id = 960215, token 34974915 us.
req_id = 120032, token 27978475 us.
req_id = 300143, token 105945 us.
req_id = 720174, token 12821005 us.
req_id = 1140294, token 23801023 us.
req_id = 300112, token 7579953 us.
req_id = 480047, token 4488639 us.
req_id = 600267, token 16546695 us.
req_id = 960116, token 14757545 us.
req_id = 240285, token 14923927 us.
req_id = 420236, token 36264794 us.
req_id = 840099, token 4531180 us.
req_id = 240245, token 110981 us.
req_id = 60040, token 23699065 us.
req_id = 720008, token 54310883 us.
req_id = 540092, token 22376510 us.
req_id = 960264, token 33021368 us.
req_id = 180163, token 12805540 us.
req_id = 60194, token 24163581 us.
req_id = 420222, token 4475461 us.
req_id = 240031, token 27707401 us.
req_id = 360257, token 24107804 us.
req_id = 840025, token 17500540 us.
req_id = 180288, token 111253 us.
req_id = 1020111, token 30155326 us.
req_id = 1140089, token 17974438 us.
req_id = 420204, token 23983195 us.
req_id = 240041, token 15978970 us.
req_id = 240170, token 20418682 us.
req_id = 1140143, token 43165808 us.
req_id = 1140230, token 20116929 us.
req_id = 60063, token 4522548 us.
req_id = 60046, token 47811653 us.
req_id = 1200087, token 12194586 us.
req_id = 300250, token 37069249 us.
req_id = 120075, token 47485109 us.
req_id = 780179, token 24509988 us.
req_id = 600258, token 32603444 us.
req_id = 60272, token 4498688 us.
req_id = 840101, token 15937496 us.
req_id = 660125, token 49982396 us.
req_id = 360112, token 50431000 us.
req_id = 300176, token 7551254 us.
req_id = 300180, token 4484958 us.
req_id = 300107, token 20498495 us.
req_id = 180266, token 18892971 us.
req_id = 1080219, token 108765 us.
req_id = 1080196, token 46716996 us.
req_id = 120240, token 12973842 us.
req_id = 660279, token 10926500 us.
req_id = 420050, token 50947847 us.
req_id = 1140205, token 16847596 us.
req_id = 240236, token 33019793 us.
req_id = 60253, token 27651250 us.
req_id = 1020019, token 45789925 us.
req_id = 180099, token 27673731 us.
req_id = 960262, token 28129155 us.
req_id = 180058, token 51700857 us.
req_id = 960199, token 12984426 us.
req_id = 1200237, token 4496539 us.
req_id = 480030, token 48367569 us.
req_id = 1020127, token 4461227 us.
req_id = 540300, token 110507 us.
req_id = 120125, token 4463334 us.
req_id = 1140210, token 4494500 us.
req_id = 900096, token 4459008 us.
req_id = 1080244, token 33137685 us.
req_id = 60036, token 4419650 us.
req_id = 600130, token 12205109 us.
req_id = 420213, token 27706876 us.
req_id = 960173, token 14688695 us.
req_id = 1140071, token 24146630 us.
req_id = 1140262, token 44090743 us.
req_id = 780285, token 9887783 us.
req_id = 720080, token 19776194 us.
req_id = 1080262, token 32914605 us.
req_id = 1020119, token 35079314 us.
req_id = 1140069, token 47492536 us.
req_id = 720085, token 33867752 us.
req_id = 120279, token 12269781 us.
req_id = 720134, token 14929265 us.
req_id = 60226, token 4412770 us.
req_id = 1080081, token 15900282 us.
req_id = 300099, token 50432570 us.
req_id = 1140166, token 4412824 us.
req_id = 780265, token 32595120 us.
req_id = 780021, token 4435244 us.
req_id = 600101, token 50802481 us.
req_id = 720268, token 27647417 us.
req_id = 1080033, token 4446042 us.
req_id = 1080246, token 44639202 us.
req_id = 540105, token 12923148 us.
req_id = 600140, token 16549848 us.
req_id = 240016, token 49719272 us.
req_id = 1080147, token 15358771 us.
req_id = 120234, token 14988734 us.
req_id = 360052, token 10954019 us.
req_id = 240286, token 7586033 us.
req_id = 600219, token 7592186 us.
req_id = 1020246, token 28065552 us.
req_id = 900254, token 4397613 us.
req_id = 1140015, token 53697413 us.
req_id = 720166, token 17937459 us.
req_id = 60249, token 14825229 us.
req_id = 180282, token 4413402 us.
req_id = 420083, token 42336755 us.
req_id = 120126, token 31965865 us.
req_id = 300014, token 12819044 us.
req_id = 720202, token 9894525 us.
req_id = 780083, token 39389919 us.
req_id = 1020104, token 50169435 us.
req_id = 540049, token 16625467 us.
req_id = 720025, token 34102245 us.
req_id = 540231, token 23664794 us.
req_id = 360127, token 4393386 us.
req_id = 840235, token 12914012 us.
req_id = 180157, token 21152762 us.
req_id = 180185, token 23474278 us.
req_id = 540292, token 17916511 us.
req_id = 1080268, token 19808490 us.
req_id = 660240, token 16700983 us.
req_id = 360086, token 18013455 us.
req_id = 1080201, token 10854879 us.
req_id = 420251, token 45222414 us.
req_id = 360196, token 42537827 us.
req_id = 480215, token 26750884 us.
req_id = 1200269, token 33058430 us.
req_id = 300049, token 10850288 us.
req_id = 720047, token 49598328 us.
req_id = 960248, token 7540455 us.
req_id = 540228, token 31973308 us.
req_id = 300214, token 12905054 us.
req_id = 960133, token 10939527 us.
req_id = 840175, token 7657136 us.
req_id = 780224, token 10831322 us.
req_id = 60279, token 27832750 us.
req_id = 1020095, token 50356920 us.
req_id = 900247, token 20468236 us.
req_id = 240145, token 4403582 us.
req_id = 240289, token 26430882 us.
req_id = 840268, token 32375105 us.
req_id = 600174, token 47469872 us.
req_id = 660137, token 44350609 us.
req_id = 420106, token 4405473 us.
req_id = 420257, token 8481232 us.
req_id = 300221, token 27984038 us.
req_id = 180256, token 26638387 us.
req_id = 300071, token 27577319 us.
req_id = 600142, token 26563814 us.
req_id = 900100, token 36828925 us.
req_id = 540192, token 12292653 us.
req_id = 60300, token 20448739 us.
req_id = 900162, token 24259252 us.
req_id = 1140289, token 28058196 us.
req_id = 1140085, token 27608572 us.
req_id = 900293, token 23514519 us.
req_id = 180264, token 4412368 us.
req_id = 360008, token 4419230 us.
req_id = 240249, token 7756123 us.
req_id = 60136, token 4449894 us.
req_id = 120199, token 15994197 us.
req_id = 660053, token 12201989 us.
req_id = 240117, token 32077717 us.
req_id = 840296, token 16600090 us.
req_id = 480222, token 16175699 us.
req_id = 1020288, token 16589512 us.
req_id = 360191, token 39874952 us.
req_id = 660235, token 9965415 us.
req_id = 780218, token 4393646 us.
req_id = 480240, token 32237765 us.
req_id = 780123, token 16587456 us.
req_id = 420174, token 19768163 us.
req_id = 1080214, token 40169074 us.
req_id = 240300, token 42730757 us.
req_id = 480300, token 14580937 us.
req_id = 60054, token 27605169 us.
req_id = 180270, token 4399915 us.
req_id = 660099, token 50706401 us.
req_id = 360263, token 18055787 us.
req_id = 780118, token 49965543 us.
req_id = 300301, token 41085479 us.
req_id = 300021, token 54431904 us.
req_id = 960223, token 23873195 us.
req_id = 720168, token 41754640 us.
req_id = 600095, token 49672356 us.
req_id = 360228, token 22039691 us.
req_id = 1200272, token 27852878 us.
req_id = 840081, token 18728139 us.
req_id = 180084, token 51207688 us.
req_id = 60083, token 42946939 us.
req_id = 420133, token 4435412 us.
req_id = 720282, token 31907072 us.
req_id = 780104, token 17758067 us.
req_id = 900004, token 55213007 us.
req_id = 120078, token 49654100 us.
req_id = 120196, token 23833672 us.
req_id = 840059, token 50851293 us.
req_id = 1140208, token 31835194 us.
req_id = 720206, token 19931024 us.
req_id = 180246, token 16843991 us.
req_id = 720083, token 193078 us.
req_id = 240266, token 19113103 us.
req_id = 420290, token 27489287 us.
req_id = 360272, token 33457398 us.
req_id = 960268, token 14814510 us.
req_id = 960249, token 42330489 us.
req_id = 300244, token 46345498 us.
req_id = 720004, token 55098637 us.
req_id = 960115, token 43859124 us.
req_id = 1020220, token 22968836 us.
req_id = 1020116, token 14243356 us.
req_id = 120138, token 49239570 us.
req_id = 180090, token 51207615 us.
req_id = 120061, token 50406515 us.
req_id = 480267, token 10669187 us.
req_id = 960090, token 196377 us.
req_id = 540145, token 22951430 us.
req_id = 1140220, token 12413430 us.
req_id = 540201, token 33714634 us.
req_id = 600234, token 32166947 us.
req_id = 1140064, token 10587353 us.
req_id = 720227, token 27502349 us.
req_id = 360278, token 41841227 us.
req_id = 1020091, token 12302726 us.
req_id = 180035, token 23940205 us.
req_id = 300030, token 34508161 us.
req_id = 60039, token 16093506 us.
req_id = 1140299, token 30078975 us.
req_id = 840179, token 41102662 us.
req_id = 1140021, token 22876573 us.
req_id = 660196, token 20659635 us.
req_id = 300144, token 26402941 us.
req_id = 180111, token 46189717 us.
req_id = 240138, token 41410490 us.
req_id = 240190, token 23591850 us.
req_id = 120137, token 4446905 us.
req_id = 60289, token 14688524 us.
req_id = 1080224, token 14630355 us.
req_id = 780217, token 17874196 us.
req_id = 120188, token 32176872 us.
req_id = 420045, token 4454531 us.
req_id = 1200138, token 27497312 us.
req_id = 60151, token 18956944 us.
req_id = 1140041, token 23050118 us.
req_id = 900190, token 23864909 us.
req_id = 780297, token 22897953 us.
req_id = 180102, token 30325574 us.
req_id = 480281, token 14623059 us.
req_id = 540045, token 26382239 us.
req_id = 960149, token 32422309 us.
req_id = 300262, token 9922630 us.
req_id = 480172, token 12349742 us.
req_id = 660163, token 12812468 us.
req_id = 840174, token 34728798 us.
req_id = 900084, token 7792253 us.
req_id = 60125, token 41433152 us.
req_id = 60224, token 4437027 us.
req_id = 840073, token 44082272 us.
req_id = 360290, token 31587985 us.
req_id = 120020, token 186190 us.
req_id = 60179, token 174559 us.
req_id = 420191, token 187374 us.
req_id = 480160, token 4460591 us.
req_id = 60092, token 12387249 us.
req_id = 540106, token 4415389 us.
req_id = 660208, token 38786382 us.
req_id = 1020184, token 20473633 us.
req_id = 1140288, token 27432702 us.
req_id = 720277, token 38860460 us.
req_id = 1200240, token 8582504 us.
req_id = 540116, token 41239844 us.
req_id = 540261, token 23846886 us.
req_id = 1200281, token 4445921 us.
req_id = 360285, token 22755710 us.
req_id = 960228, token 27208214 us.
req_id = 540232, token 4395956 us.
req_id = 360079, token 20025126 us.
req_id = 300300, token 17663838 us.
req_id = 660108, token 30370399 us.
req_id = 960299, token 25772092 us.
req_id = 420185, token 10901970 us.
req_id = 1080299, token 10831991 us.
req_id = 60123, token 29547683 us.
req_id = 600084, token 51325370 us.
req_id = 960053, token 16362592 us.
req_id = 540111, token 171329 us.
req_id = 540225, token 12322254 us.
req_id = 900245, token 166710 us.
req_id = 120287, token 30039473 us.
req_id = 540140, token 29859014 us.
req_id = 360209, token 37399416 us.
req_id = 300295, token 7735737 us.
req_id = 900136, token 27037637 us.
req_id = 300232, token 14532418 us.
req_id = 1140075, token 174933 us.
req_id = 960162, token 10618027 us.
req_id = 1080248, token 46382716 us.
req_id = 720123, token 50452940 us.
req_id = 240242, token 16405600 us.
req_id = 180095, token 23554437 us.
req_id = 1200205, token 27064574 us.
req_id = 900292, token 4394188 us.
req_id = 120089, token 23169820 us.
req_id = 120029, token 7724735 us.
req_id = 660249, token 31639018 us.
req_id = 120016, token 4398203 us.
req_id = 780042, token 14281019 us.
req_id = 540288, token 10829537 us.
req_id = 1200099, token 36975955 us.
req_id = 240040, token 42491584 us.
req_id = 840241, token 7719127 us.
req_id = 1020077, token 4393726 us.
req_id = 900193, token 4378566 us.
req_id = 1080154, token 41954453 us.
req_id = 900122, token 32098905 us.
req_id = 1140223, token 46644047 us.
req_id = 1080253, token 17766446 us.
req_id = 240246, token 26422406 us.
req_id = 720072, token 49448327 us.
req_id = 180245, token 22637449 us.
req_id = 420195, token 22713761 us.
req_id = 180124, token 44648164 us.
req_id = 960135, token 22964496 us.
req_id = 780160, token 33679263 us.
req_id = 1140174, token 4368125 us.
req_id = 840253, token 11000841 us.
req_id = 360098, token 17122257 us.
req_id = 900188, token 159675 us.
req_id = 780131, token 10945521 us.
req_id = 480182, token 10859037 us.
req_id = 360249, token 33438287 us.
req_id = 780246, token 26584679 us.
req_id = 360153, token 40032537 us.
req_id = 420173, token 33669430 us.
req_id = 840194, token 48543134 us.
req_id = 1200083, token 38233641 us.
req_id = 360053, token 10789048 us.
req_id = 1140129, token 50031076 us.
req_id = 900276, token 26414870 us.
req_id = 660131, token 44104245 us.
req_id = 480186, token 13032149 us.
req_id = 120272, token 33825605 us.
req_id = 840083, token 26692830 us.
req_id = 240198, token 10897502 us.
req_id = 540034, token 54451403 us.
req_id = 360084, token 4351624 us.
req_id = 600157, token 162995 us.
req_id = 1140257, token 39274287 us.
req_id = 120139, token 14914891 us.
req_id = 1200071, token 50490745 us.
req_id = 480004, token 16116591 us.
req_id = 660184, token 37670494 us.
req_id = 1080067, token 23465932 us.
req_id = 960060, token 23252161 us.
req_id = 1080187, token 10764543 us.
req_id = 720276, token 43119808 us.
req_id = 1020204, token 10769847 us.
req_id = 1200032, token 10795481 us.
req_id = 540086, token 48955317 us.
req_id = 420111, token 14191080 us.
req_id = 600153, token 40817603 us.
req_id = 480015, token 26509531 us.
req_id = 960165, token 19114993 us.
req_id = 1080259, token 4348357 us.
req_id = 840212, token 10969022 us.
req_id = 360274, token 42978204 us.
req_id = 480081, token 7741076 us.
req_id = 540200, token 22927202 us.
req_id = 1200199, token 4350746 us.
req_id = 780106, token 17759775 us.
req_id = 660190, token 23513810 us.
req_id = 300145, token 20554339 us.
req_id = 960120, token 34756395 us.
req_id = 840285, token 26014280 us.
req_id = 480299, token 8374457 us.
req_id = 1080209, token 16148151 us.
req_id = 60075, token 16175385 us.
req_id = 1200058, token 19190778 us.
req_id = 720108, token 7724598 us.
req_id = 600021, token 50578095 us.
req_id = 300198, token 4330315 us.
req_id = 180199, token 14342018 us.
req_id = 480097, token 19459007 us.
req_id = 1140242, token 34643168 us.
req_id = 780286, token 8517668 us.
req_id = 1200158, token 43887036 us.
req_id = 240156, token 27594082 us.
req_id = 960164, token 46721507 us.
req_id = 540084, token 16505983 us.
req_id = 600152, token 38413812 us.
req_id = 960014, token 23351946 us.
req_id = 480168, token 49012244 us.
req_id = 1020124, token 10911458 us.
req_id = 1200253, token 7728052 us.
req_id = 240262, token 16810684 us.
req_id = 180135, token 27748877 us.
req_id = 540101, token 166629 us.
req_id = 720165, token 41167041 us.
req_id = 780270, token 4322413 us.
req_id = 660228, token 164192 us.
req_id = 1200147, token 22681608 us.
req_id = 1200097, token 46282446 us.
req_id = 60294, token 43132319 us.
req_id = 600065, token 10548215 us.
req_id = 660092, token 41003481 us.
req_id = 900285, token 8418590 us.
req_id = 600172, token 42296808 us.
req_id = 240173, token 8430348 us.
req_id = 780238, token 16442229 us.
req_id = 420145, token 14715572 us.
req_id = 60207, token 37782796 us.
req_id = 960217, token 30112312 us.
req_id = 1140047, token 37897976 us.
req_id = 840228, token 20157353 us.
req_id = 960127, token 20388037 us.
req_id = 120132, token 4375176 us.
req_id = 900180, token 14781652 us.
req_id = 660122, token 36337632 us.
req_id = 600088, token 14652662 us.
req_id = 240268, token 40735805 us.
req_id = 240188, token 41165161 us.
req_id = 240105, token 42119404 us.
req_id = 180052, token 51108502 us.
req_id = 720064, token 12476548 us.
req_id = 960055, token 14719885 us.
req_id = 360261, token 21328281 us.
req_id = 900145, token 13349 us.
req_id = 900061, token 51176998 us.
req_id = 1140215, token 20821944 us.
req_id = 1020072, token 9984452 us.
req_id = 1200219, token 10635380 us.
req_id = 1140066, token 22580310 us.
req_id = 120186, token 4358147 us.
req_id = 660192, token 30024221 us.
req_id = 840291, token 178728 us.
req_id = 1200280, token 19143972 us.
req_id = 660207, token 40561765 us.
req_id = 360094, token 50964922 us.
req_id = 420242, token 4338967 us.
req_id = 720284, token 45585266 us.
req_id = 1020146, token 50039691 us.
req_id = 600054, token 4337121 us.
req_id = 1200031, token 22272205 us.
req_id = 1080006, token 54947143 us.
req_id = 600163, token 25866288 us.
req_id = 1020099, token 34985816 us.
req_id = 600131, token 178510 us.
req_id = 300148, token 39278176 us.
req_id = 1200041, token 30024401 us.
req_id = 840044, token 51673597 us.
req_id = 960183, token 41713009 us.
req_id = 840042, token 51105941 us.
req_id = 480272, token 12226714 us.
req_id = 1140119, token 31833333 us.
req_id = 1080257, token 32913626 us.
req_id = 60148, token 31896120 us.
req_id = 1020121, token 48875492 us.
req_id = 420076, token 26474975 us.
req_id = 120296, token 31865671 us.
req_id = 900186, token 46828263 us.
req_id = 1080090, token 20693045 us.
req_id = 540283, token 10852238 us.
req_id = 660110, token 40244987 us.
req_id = 1080178, token 19103849 us.
req_id = 480262, token 16181966 us.
req_id = 1140244, token 4376033 us.
req_id = 900163, token 14758745 us.
req_id = 360123, token 13002729 us.
req_id = 60301, token 18028177 us.
req_id = 420066, token 21860870 us.
req_id = 660085, token 46532283 us.
req_id = 960148, token 7794451 us.
req_id = 1200221, token 13879748 us.
req_id = 480067, token 44818546 us.
req_id = 60006, token 27136623 us.
req_id = 540285, token 4321458 us.
req_id = 780258, token 26967424 us.
req_id = 780130, token 47719531 us.
req_id = 900269, token 30290898 us.
req_id = 720137, token 7829412 us.
req_id = 540057, token 15933322 us.
req_id = 1140052, token 7803616 us.
req_id = 900109, token 26865609 us.
req_id = 1140194, token 4324205 us.
req_id = 1020011, token 4371941 us.
req_id = 120118, token 19516281 us.
req_id = 960040, token 50542729 us.
req_id = 840226, token 4322891 us.
req_id = 1140259, token 45323726 us.
req_id = 540166, token 37802592 us.
req_id = 540139, token 44969239 us.
req_id = 780169, token 39220608 us.
req_id = 780173, token 32509620 us.
req_id = 240225, token 37673024 us.
req_id = 660215, token 14702467 us.
req_id = 1080133, token 18004750 us.
req_id = 1020298, token 16224731 us.
req_id = 600129, token 7796341 us.
req_id = 720191, token 4313869 us.
req_id = 120237, token 180100 us.
req_id = 780234, token 46835219 us.
req_id = 540214, token 34251934 us.
req_id = 840262, token 4314585 us.
req_id = 120233, token 31597942 us.
req_id = 840123, token 15511477 us.
req_id = 1200155, token 35663989 us.
req_id = 480235, token 12786391 us.
req_id = 1200190, token 42482934 us.
req_id = 540180, token 21987390 us.
req_id = 300197, token 22436078 us.
req_id = 840172, token 16299328 us.
req_id = 720251, token 19960532 us.
req_id = 1200146, token 22303762 us.
req_id = 540067, token 46823586 us.
req_id = 60062, token 4305570 us.
req_id = 1020296, token 26256014 us.
req_id = 60158, token 29597622 us.
req_id = 240049, token 26190966 us.
req_id = 720095, token 45374414 us.
req_id = 1200297, token 7802570 us.
req_id = 480044, token 4325005 us.
req_id = 120175, token 18079864 us.
req_id = 540124, token 50879721 us.
req_id = 480187, token 21322299 us.
req_id = 1020131, token 13898146 us.
req_id = 960064, token 20170803 us.
req_id = 480214, token 7831919 us.
req_id = 480218, token 21281632 us.
req_id = 480209, token 14395130 us.
req_id = 540249, token 16374958 us.
req_id = 360151, token 45858013 us.
req_id = 480062, token 10074571 us.
req_id = 1080261, token 32156469 us.
req_id = 120153, token 41221474 us.
req_id = 840214, token 10044817 us.
req_id = 540115, token 46819317 us.
req_id = 540176, token 25626754 us.
req_id = 720197, token 7835528 us.
req_id = 360138, token 18955087 us.
req_id = 420283, token 10708517 us.
req_id = 660112, token 19323320 us.
req_id = 1020195, token 18815042 us.
req_id = 1200185, token 25843741 us.
req_id = 240080, token 10745884 us.
req_id = 1200266, token 7803612 us.
req_id = 840107, token 7821722 us.
req_id = 420119, token 14854784 us.
req_id = 480124, token 12847164 us.
req_id = 480193, token 4293129 us.
req_id = 480277, token 31764063 us.
req_id = 660201, token 183055 us.
req_id = 360255, token 4300303 us.
req_id = 120249, token 33207224 us.
req_id = 1200131, token 50216356 us.
req_id = 360200, token 4316388 us.
req_id = 300290, token 27036144 us.
req_id = 840128, token 16218682 us.
req_id = 60101, token 50249211 us.
req_id = 180238, token 4332779 us.
req_id = 1020287, token 26027116 us.
req_id = 720036, token 42881588 us.
req_id = 540079, token 16529402 us.
req_id = 600137, token 44936150 us.
req_id = 660206, token 4292456 us.
req_id = 1020280, token 18039833 us.
req_id = 780024, token 54677657 us.
req_id = 900232, token 43110726 us.
req_id = 180208, token 18084 us.
req_id = 300152, token 49678913 us.
req_id = 360201, token 38997055 us.
req_id = 720091, token 14653805 us.
req_id = 540146, token 22806928 us.
req_id = 420016, token 54335286 us.
req_id = 300233, token 17764505 us.
req_id = 360065, token 42354306 us.
req_id = 240051, token 50885473 us.
req_id = 540112, token 21909066 us.
req_id = 1080245, token 10157625 us.
req_id = 960056, token 45327689 us.
req_id = 240089, token 19067120 us.
req_id = 900278, token 18606344 us.
req_id = 1140198, token 12500623 us.
req_id = 420027, token 26067714 us.
req_id = 660205, token 9996307 us.
req_id = 300169, token 22734976 us.
req_id = 60034, token 54602830 us.
req_id = 300034, token 26140067 us.
req_id = 420040, token 51888069 us.
req_id = 600270, token 27450989 us.
req_id = 960157, token 20955102 us.
req_id = 180068, token 41176520 us.
req_id = 120157, token 25305304 us.
req_id = 1200262, token 4285687 us.
req_id = 540174, token 41395742 us.
req_id = 780120, token 4286818 us.
req_id = 300199, token 4249899 us.
req_id = 180186, token 14785311 us.
req_id = 1020025, token 18741655 us.
req_id = 360252, token 20058162 us.
req_id = 660168, token 41059408 us.
req_id = 1080237, token 19074696 us.
req_id = 660177, token 198748 us.
req_id = 780081, token 4252241 us.
req_id = 1020024, token 51835493 us.
req_id = 420254, token 18165370 us.
req_id = 660264, token 10813134 us.
req_id = 840087, token 21237688 us.
req_id = 600111, token 22824662 us.
req_id = 1200204, token 203542 us.
req_id = 600297, token 16543972 us.
req_id = 900140, token 31720930 us.
req_id = 720189, token 22284252 us.
req_id = 960086, token 51355935 us.
req_id = 240185, token 10888998 us.
req_id = 840045, token 26243198 us.
req_id = 660301, token 26191418 us.
req_id = 240296, token 38804566 us.
req_id = 1140114, token 12525237 us.
req_id = 840035, token 19856811 us.
req_id = 180064, token 14433893 us.
req_id = 360192, token 22936806 us.
req_id = 960226, token 16244399 us.
req_id = 540040, token 51190972 us.
req_id = 840017, token 14327587 us.
req_id = 780240, token 28898696 us.
req_id = 660260, token 26164463 us.
req_id = 1140235, token 38120787 us.
req_id = 660047, token 14292176 us.
req_id = 780044, token 54563848 us.
req_id = 360029, token 39718005 us.
req_id = 660096, token 49954806 us.
req_id = 180250, token 4229527 us.
req_id = 1140218, token 33314087 us.
req_id = 480271, token 10177609 us.
req_id = 420023, token 34257736 us.
req_id = 1200007, token 55892517 us.
req_id = 540242, token 10687361 us.
req_id = 840141, token 7865453 us.
req_id = 360185, token 14355437 us.
req_id = 300125, token 16301988 us.
req_id = 540220, token 16614019 us.
req_id = 540015, token 12990575 us.
req_id = 780226, token 19821798 us.
req_id = 1200056, token 51618786 us.
req_id = 180069, token 26752019 us.
req_id = 960073, token 10128445 us.
req_id = 780149, token 18128914 us.
req_id = 600094, token 10708182 us.
req_id = 900253, token 31157029 us.
req_id = 420041, token 22362341 us.
req_id = 180139, token 4245637 us.
req_id = 180140, token 50315552 us.
req_id = 600273, token 18911200 us.
req_id = 1140252, token 4233092 us.
req_id = 600170, token 14415223 us.
req_id = 1080122, token 23310055 us.
req_id = 1140099, token 7898981 us.
req_id = 540279, token 4229936 us.
req_id = 780296, token 194903 us.
req_id = 120058, token 10412 us.
req_id = 660157, token 14942697 us.
req_id = 720236, token 30968456 us.
req_id = 1020101, token 29932843 us.
req_id = 660029, token 54440394 us.
req_id = 240123, token 4172347 us.
req_id = 660244, token 33948079 us.
req_id = 1140256, token 10670973 us.
req_id = 900265, token 29927617 us.
req_id = 840279, token 16303831 us.
req_id = 180278, token 205117 us.
req_id = 960063, token 42401744 us.
req_id = 480159, token 46584687 us.
req_id = 180110, token 16847127 us.
req_id = 420110, token 10094225 us.
req_id = 60086, token 19878841 us.
req_id = 300251, token 21335582 us.
req_id = 60273, token 7859070 us.
req_id = 900202, token 4149671 us.
req_id = 120293, token 30571941 us.
req_id = 60025, token 17606167 us.
req_id = 180267, token 24467417 us.
req_id = 1020275, token 26604648 us.
req_id = 300015, token 14374615 us.
req_id = 1200174, token 48616532 us.
req_id = 1020237, token 4164065 us.
req_id = 660037, token 205285 us.
req_id = 960181, token 10651865 us.
req_id = 960099, token 51267352 us.
req_id = 840239, token 16407502 us.
req_id = 240207, token 22621682 us.
req_id = 720132, token 29731729 us.
req_id = 720071, token 23324377 us.
req_id = 600179, token 10710801 us.
req_id = 600264, token 10175535 us.
req_id = 240166, token 37563094 us.
req_id = 480165, token 24202751 us.
req_id = 660078, token 46460824 us.
req_id = 660252, token 42726063 us.
req_id = 840178, token 10594773 us.
req_id = 660266, token 28329861 us.
req_id = 60180, token 12679643 us.
req_id = 120105, token 42355047 us.
req_id = 1020300, token 24364623 us.
req_id = 480296, token 14518448 us.
req_id = 1080092, token 14408819 us.
req_id = 600037, token 10168507 us.
req_id = 60116, token 26334886 us.
req_id = 480243, token 26274641 us.
req_id = 720295, token 4144870 us.
req_id = 660153, token 24224836 us.
req_id = 60049, token 24317561 us.
req_id = 600233, token 37257962 us.
req_id = 120072, token 15157515 us.
req_id = 240279, token 10621303 us.
req_id = 420052, token 12691185 us.
req_id = 60242, token 4165132 us.
req_id = 900104, token 12992287 us.
req_id = 300218, token 22064519 us.
req_id = 180206, token 22817058 us.
req_id = 720231, token 17783312 us.
req_id = 540027, token 4169003 us.
req_id = 180198, token 35108027 us.
req_id = 660232, token 16385571 us.
req_id = 1200045, token 14528194 us.
req_id = 1200107, token 47157652 us.
req_id = 720235, token 17803437 us.
req_id = 900154, token 16320274 us.
req_id = 180078, token 49329136 us.
req_id = 1140199, token 38465119 us.
req_id = 540149, token 30918433 us.
req_id = 360129, token 19631297 us.
req_id = 600209, token 23987510 us.
req_id = 1020142, token 26449654 us.
req_id = 1020234, token 40651174 us.
req_id = 600043, token 10741004 us.
req_id = 780231, token 32667661 us.
req_id = 600250, token 37719972 us.
req_id = 540160, token 14561377 us.
req_id = 1020293, token 26100119 us.
req_id = 480149, token 50131281 us.
req_id = 360238, token 27482723 us.
req_id = 1140093, token 23851483 us.
req_id = 180244, token 19886703 us.
req_id = 540159, token 22194351 us.
req_id = 180187, token 37746006 us.
req_id = 420094, token 30685092 us.
req_id = 180057, token 22781728 us.
req_id = 960106, token 43736631 us.
req_id = 1140061, token 4174420 us.
req_id = 780061, token 14173278 us.
req_id = 420256, token 43223661 us.
req_id = 900129, token 4176079 us.
req_id = 240084, token 36123396 us.
req_id = 1020094, token 12984213 us.
req_id = 360041, token 42422753 us.
req_id = 180061, token 23852331 us.
req_id = 240169, token 14359011 us.
req_id = 780039, token 15306825 us.
req_id = 480173, token 10204961 us.
req_id = 60274, token 213180 us.
req_id = 540050, token 4175274 us.
req_id = 720293, token 23706708 us.
req_id = 540133, token 26328338 us.
req_id = 360070, token 12675945 us.
req_id = 360124, token 13060552 us.
req_id = 120024, token 212031 us.
req_id = 900034, token 23022993 us.
req_id = 360241, token 23721815 us.
req_id = 60082, token 53386996 us.
req_id = 1140180, token 10192134 us.
req_id = 300092, token 50810552 us.
req_id = 480146, token 26372699 us.
req_id = 960081, token 23736336 us.
req_id = 900191, token 12728189 us.
req_id = 420058, token 22030751 us.
req_id = 120291, token 10166866 us.
req_id = 1020212, token 23684604 us.
req_id = 360184, token 22787856 us.
req_id = 180175, token 22119563 us.
req_id = 120226, token 10599296 us.
req_id = 1020162, token 10605033 us.
req_id = 780116, token 48317138 us.
req_id = 120063, token 27104111 us.
req_id = 420293, token 22234958 us.
req_id = 360026, token 12962900 us.
req_id = 720253, token 18518664 us.
req_id = 1080215, token 19952723 us.
req_id = 780237, token 34212686 us.
req_id = 1080089, token 47213414 us.
req_id = 840211, token 10607645 us.
req_id = 420245, token 4181019 us.
req_id = 900288, token 210101 us.
req_id = 60078, token 51744076 us.
req_id = 1140266, token 10567022 us.
req_id = 300058, token 4178168 us.
req_id = 960210, token 10575857 us.
req_id = 660238, token 19739690 us.
req_id = 360216, token 7948542 us.
req_id = 720023, token 208651 us.
req_id = 1080298, token 10570390 us.
req_id = 180240, token 10684836 us.
req_id = 420019, token 23599972 us.
req_id = 900225, token 12785323 us.
req_id = 540117, token 35329239 us.
req_id = 600236, token 37939211 us.
req_id = 900192, token 38718514 us.
req_id = 60210, token 12549131 us.
req_id = 1020194, token 22529450 us.
req_id = 780298, token 14891316 us.
req_id = 960103, token 22524182 us.
req_id = 540253, token 31351892 us.
req_id = 780117, token 4175450 us.
req_id = 1140148, token 20373374 us.
req_id = 720073, token 12998941 us.
req_id = 600205, token 47902538 us.
req_id = 1140225, token 19306727 us.
req_id = 1200084, token 14377091 us.
req_id = 720286, token 7897564 us.
req_id = 720271, token 10585021 us.
req_id = 360223, token 19585138 us.
req_id = 1080149, token 4196398 us.
req_id = 240160, token 14671106 us.
req_id = 480181, token 22027361 us.
req_id = 240240, token 10216594 us.
req_id = 600109, token 22215925 us.
req_id = 960141, token 49766014 us.
req_id = 300101, token 14607897 us.
req_id = 240090, token 15580261 us.
req_id = 900204, token 22668607 us.
req_id = 660175, token 28185566 us.
req_id = 660223, token 20064804 us.
req_id = 840119, token 14974562 us.
req_id = 1020223, token 10730470 us.
req_id = 240187, token 41801971 us.
req_id = 840255, token 17215957 us.
req_id = 240109, token 10553316 us.
req_id = 780054, token 50474860 us.
req_id = 720111, token 39559238 us.
req_id = 600087, token 19582303 us.
req_id = 360092, token 45553024 us.
req_id = 180161, token 22090746 us.
req_id = 120107, token 39059491 us.
req_id = 1140062, token 34696618 us.
req_id = 840182, token 23386197 us.
req_id = 480045, token 22135202 us.
req_id = 900131, token 41548439 us.
req_id = 60206, token 48181659 us.
req_id = 60255, token 14919327 us.
req_id = 60032, token 15185836 us.
req_id = 720229, token 38869395 us.
req_id = 780250, token 17194628 us.
req_id = 360143, token 20735518 us.
req_id = 600128, token 46470311 us.
req_id = 600133, token 47862390 us.
req_id = 660021, token 45050744 us.
req_id = 540046, token 54109563 us.
req_id = 300031, token 26943575 us.
req_id = 480012, token 38088841 us.
req_id = 660171, token 8388150 us.
req_id = 660194, token 46975156 us.
req_id = 720010, token 56043569 us.
req_id = 300289, token 29915726 us.
req_id = 240192, token 20081713 us.
req_id = 420072, token 32453579 us.
req_id = 1200128, token 14868944 us.
req_id = 180275, token 19930095 us.
req_id = 1200145, token 8377507 us.
req_id = 420214, token 4167683 us.
req_id = 360273, token 18250641 us.
req_id = 720124, token 14415184 us.
req_id = 540122, token 14623648 us.
req_id = 480167, token 39147133 us.
req_id = 240218, token 19889515 us.
req_id = 360189, token 12545354 us.
req_id = 1080098, token 35329020 us.
req_id = 180283, token 10572236 us.
req_id = 480207, token 10601521 us.
req_id = 720039, token 23388546 us.
req_id = 900156, token 14606721 us.
req_id = 600175, token 12439521 us.
req_id = 960084, token 203955 us.
req_id = 540141, token 26180877 us.
req_id = 420170, token 16731048 us.
req_id = 120282, token 45043920 us.
req_id = 960087, token 15144293 us.
req_id = 720112, token 25666010 us.
req_id = 960241, token 10227359 us.
req_id = 420131, token 33267946 us.
req_id = 300187, token 20726052 us.
req_id = 960192, token 45109687 us.
req_id = 480056, token 43217106 us.
req_id = 900239, token 4171588 us.
req_id = 960004, token 17790639 us.
req_id = 960098, token 47806559 us.
req_id = 840233, token 17845622 us.
req_id = 240209, token 38111465 us.
req_id = 540142, token 29795372 us.
req_id = 180123, token 26110186 us.
req_id = 300236, token 12675182 us.
req_id = 240182, token 17172001 us.
req_id = 540053, token 36271147 us.
req_id = 720100, token 26502589 us.
req_id = 420085, token 14472286 us.
req_id = 1080055, token 13031632 us.
req_id = 60157, token 39938853 us.
req_id = 60262, token 4164716 us.
req_id = 840036, token 4164999 us.
req_id = 1020169, token 41721505 us.
req_id = 360268, token 20320124 us.
req_id = 540125, token 18645341 us.
req_id = 1140028, token 8455574 us.
req_id = 540244, token 21522427 us.
req_id = 420216, token 19482866 us.
req_id = 120084, token 22840889 us.
req_id = 780154, token 8335096 us.
req_id = 420287, token 7952175 us.
req_id = 840183, token 23308562 us.
req_id = 960251, token 7903800 us.
req_id = 420020, token 27778124 us.
req_id = 240232, token 23182096 us.
req_id = 1140136, token 26949835 us.
req_id = 780048, token 49392108 us.
req_id = 360126, token 7909342 us.
req_id = 420103, token 15248839 us.
req_id = 480145, token 41506807 us.
req_id = 420025, token 19892002 us.
req_id = 480092, token 27627193 us.
req_id = 420167, token 48699096 us.
req_id = 300140, token 27682843 us.
req_id = 660089, token 8401930 us.
req_id = 1080208, token 4166186 us.
req_id = 540247, token 208196 us.
req_id = 900219, token 8004462 us.
req_id = 240243, token 208749 us.
req_id = 600278, token 4139584 us.
req_id = 480082, token 18476149 us.
req_id = 480107, token 7911127 us.
req_id = 420284, token 16585036 us.
req_id = 900171, token 12880317 us.
req_id = 840072, token 50615760 us.
req_id = 1140054, token 12585314 us.
req_id = 720221, token 211617 us.
req_id = 180034, token 204580 us.
req_id = 600284, token 16344004 us.
req_id = 240039, token 38973204 us.
req_id = 540294, token 22477592 us.
req_id = 240032, token 39905360 us.
req_id = 180148, token 10245544 us.
req_id = 180120, token 4123342 us.
req_id = 960112, token 4141736 us.
req_id = 900074, token 17454665 us.
req_id = 240256, token 26768185 us.
req_id = 180191, token 7884301 us.
req_id = 540020, token 4098288 us.
req_id = 420036, token 7867542 us.
req_id = 840132, token 8215475 us.
req_id = 780219, token 23172146 us.
req_id = 1200136, token 10569252 us.
req_id = 540239, token 35317905 us.
req_id = 1140098, token 48899163 us.
req_id = 420056, token 4087770 us.
req_id = 960039, token 19243649 us.
req_id = 1080152, token 197659 us.
req_id = 60141, token 12218031 us.
req_id = 1140073, token 10503371 us.
req_id = 420114, token 22382840 us.
req_id = 60114, token 21783686 us.
req_id = 1020248, token 16634907 us.
req_id = 960077, token 29910874 us.
req_id = 1200057, token 37951282 us.
req_id = 1140039, token 7878727 us.
req_id = 780157, token 207366 us.
req_id = 1200284, token 30935330 us.
req_id = 60244, token 8231738 us.
req_id = 780023, token 22943207 us.
req_id = 1080252, token 33984497 us.
req_id = 1140169, token 4006920 us.
req_id = 300182, token 15031227 us.
req_id = 60175, token 48986486 us.
req_id = 120068, token 3984600 us.
req_id = 720135, token 3988930 us.
req_id = 1140233, token 7874498 us.
req_id = 900086, token 10152384 us.
req_id = 120264, token 19466055 us.
req_id = 240092, token 3982020 us.
req_id = 840007, token 3915631 us.
req_id = 1020132, token 19254243 us.
req_id = 540137, token 14430099 us.
req_id = 1140012, token 52960093 us.
req_id = 360064, token 54249606 us.
req_id = 1080193, token 16521803 us.
req_id = 900294, token 3880939 us.
req_id = 540185, token 8124913 us.
req_id = 420117, token 22912183 us.
req_id = 1200046, token 7843647 us.
req_id = 720257, token 43375567 us.
req_id = 660158, token 41218348 us.
req_id = 600112, token 20034426 us.
req_id = 480103, token 10317189 us.
req_id = 180141, token 12511969 us.
req_id = 840146, token 22959359 us.
req_id = 540156, token 22674110 us.
req_id = 780045, token 14294948 us.
req_id = 960220, token 21204986 us.
req_id = 720252, token 8028815 us.
req_id = 120207, token 3891801 us.
req_id = 600159, token 12673077 us.
req_id = 720289, token 12606333 us.
req_id = 720265, token 18189445 us.
req_id = 480065, token 41559179 us.
req_id = 540207, token 21657060 us.
req_id = 540187, token 26612591 us.
req_id = 1200027, token 55576394 us.
req_id = 480129, token 50646425 us.
req_id = 480042, token 17319366 us.
req_id = 960193, token 3897159 us.
req_id = 540243, token 33100216 us.
req_id = 240280, token 33200309 us.
req_id = 660048, token 12583939 us.
req_id = 360021, token 3902867 us.
req_id = 600089, token 14543866 us.
req_id = 480069, token 14365405 us.
req_id = 480242, token 3885043 us.
req_id = 1200157, token 7973815 us.
req_id = 780089, token 14404716 us.
req_id = 300055, token 17976731 us.
req_id = 1140131, token 26295136 us.
req_id = 1080017, token 14397873 us.
req_id = 840144, token 41661065 us.
req_id = 360173, token 3883902 us.
req_id = 660273, token 12738415 us.
req_id = 60269, token 7846696 us.
req_id = 180224, token 12701429 us.
req_id = 360177, token 3894713 us.
req_id = 1200060, token 3888721 us.
req_id = 720156, token 10166517 us.
req_id = 720274, token 14441037 us.
req_id = 120031, token 21850599 us.
req_id = 540110, token 18704371 us.
req_id = 120039, token 17596956 us.
req_id = 660248, token 30067475 us.
req_id = 1020149, token 3888267 us.
req_id = 660297, token 22400145 us.
req_id = 420165, token 39857363 us.
req_id = 360113, token 47706447 us.
req_id = 780148, token 37056954 us.
req_id = 1200195, token 22055088 us.
req_id = 180143, token 18154323 us.
req_id = 480114, token 30457233 us.
req_id = 360018, token 50907277 us.
req_id = 900297, token 18500848 us.
req_id = 900036, token 4021935 us.
req_id = 360045, token 3764226 us.
req_id = 480294, token 26114386 us.
req_id = 840082, token 1968182 us.
req_id = 960010, token 1391708 us.
req_id = 120145, token 3795782 us.
req_id = 1020059, token 7900052 us.
req_id = 900228, token 69934 us.
req_id = 1080155, token 36314 us.
req_id = 60259, token 2802625 us.
