Read file config.yml
Running executor...
Loaded function exp06_run_audit_7. lib_load_elasped: 403, func_load_elasped: 2
Loaded function exp06_run_audit_9. lib_load_elasped: 328, func_load_elasped: 1
Loaded function exp06_run_audit_18. lib_load_elasped: 266, func_load_elasped: 1
Loaded function exp06_run_audit_16. lib_load_elasped: 171, func_load_elasped: 1
Loaded function exp06_run_audit_1. lib_load_elasped: 147, func_load_elasped: 0
Loaded function exp06_run_audit_5. lib_load_elasped: 193, func_load_elasped: 0
Loaded function exp06_run_audit_19. lib_load_elasped: 164, func_load_elasped: 1
Loaded function exp06_run_audit_12. lib_load_elasped: 166, func_load_elasped: 0
Loaded function exp06_run_audit_13. lib_load_elasped: 264, func_load_elasped: 1
Loaded function exp06_run_audit_15. lib_load_elasped: 285, func_load_elasped: 1
Loaded function exp06_run_audit_8. lib_load_elasped: 297, func_load_elasped: 2
Loaded function exp06_run_audit_6. lib_load_elasped: 278, func_load_elasped: 2
Loaded function exp06_run_audit_14. lib_load_elasped: 194, func_load_elasped: 1
Loaded function exp06_marketdata. lib_load_elasped: 5247, func_load_elasped: 2
force_push: msg_id = 215592, remain = 73, size = 64
Send to executer failed.force_push: msg_id = 215591, remain = 71, size = 64
Send to executer failed.Loaded function exp06_run_audit_2. lib_load_elasped: 357, func_load_elasped: 2
force_push: msg_id = 216084, remain = 11, size = 64
Send to executer failed.Loaded function exp06_run_audit_11. lib_load_elasped: 308, func_load_elasped: 2
Loaded function exp06_run_audit_3. lib_load_elasped: 300, func_load_elasped: 1
force_push: msg_id = 217406, remain = 10, size = 64
Send to executer failed.force_push: msg_id = 217383, remain = 8, size = 64
Send to executer failed.force_push: msg_id = 218032, remain = 74, size = 64
Send to executer failed.force_push: msg_id = 218014, remain = 72, size = 64
Send to executer failed.force_push: msg_id = 218015, remain = 72, size = 64
Send to executer failed.force_push: msg_id = 218024, remain = 74, size = 64
Send to executer failed.force_push: msg_id = 218041, remain = 10, size = 64
Send to executer failed.force_push: msg_id = 218025, remain = 10, size = 64
Send to executer failed.force_push: msg_id = 218018, remain = 72, size = 64
Send to executer failed.force_push: msg_id = 218022, remain = 74, size = 64
Send to executer failed.force_push: msg_id = 218013, remain = 72, size = 64
Send to executer failed.Loaded function exp06_run_audit_4. lib_load_elasped: 263, func_load_elasped: 1
Loaded function exp06_run_audit_20. lib_load_elasped: 212, func_load_elasped: 1
Loaded function exp06_run_audit_10. lib_load_elasped: 197, func_load_elasped: 1
force_push: msg_id = 221469, remain = 72, size = 64
Send to executer failed.force_push: msg_id = 221481, remain = -54, size = 10
Send to executer failed.force_push: msg_id = 221483, remain = 10, size = 64
Send to executer failed.force_push: msg_id = 221489, remain = 74, size = 64
Send to executer failed.force_push: msg_id = 221486, remain = 74, size = 64
Send to executer failed.force_push: msg_id = 221480, remain = -54, size = 10
Send to executer failed.force_push: msg_id = 221470, remain = 72, size = 64
Send to executer failed.force_push: msg_id = 221769, remain = 73, size = 64
Send to executer failed.force_push: msg_id = 221762, remain = 73, size = 64
Send to executer failed.force_push: msg_id = 221773, remain = 75, size = 64
Send to executer failed.force_push: msg_id = 221735, remain = -55, size = 9
Send to executer failed.force_push: msg_id = 221776, remain = 75, size = 64
Send to executer failed.Loaded function exp06_run_audit_17. lib_load_elasped: 383, func_load_elasped: 2
force_push: msg_id = 225077, remain = 74, size = 64
Send to executer failed.force_push: msg_id = 225070, remain = 72, size = 64
Send to executer failed.force_push: msg_id = 225079, remain = 74, size = 64
Send to executer failed.force_push: msg_id = 225071, remain = 72, size = 64
Send to executer failed.force_push: msg_id = 225069, remain = 72, size = 64
Send to executer failed.force_push: msg_id = 225076, remain = 74, size = 64
Send to executer failed.force_push: msg_id = 225074, remain = 72, size = 64
Send to executer failed.force_push: msg_id = 225072, remain = 72, size = 64
Send to executer failed.force_push: msg_id = 225080, remain = 74, size = 64
Send to executer failed.force_push: msg_id = 225053, remain = 72, size = 64
Send to executer failed.force_push: msg_id = 225083, remain = 74, size = 64
Send to executer failed.force_push: msg_id = 225078, remain = 74, size = 64
Send to executer failed.force_push: msg_id = 225973, remain = 74, size = 64
Send to executer failed.force_push: msg_id = 225972, remain = 74, size = 64
Send to executer failed.force_push: msg_id = 225974, remain = 74, size = 64
Send to executer failed.force_push: msg_id = 225971, remain = 74, size = 64
Send to executer failed.force_push: msg_id = 225962, remain = 72, size = 64
Send to executer failed.force_push: msg_id = 225960, remain = 72, size = 64
Send to executer failed.force_push: msg_id = 225963, remain = 72, size = 64
Send to executer failed.force_push: msg_id = 226079, remain = 11, size = 64
Send to executer failed.force_push: msg_id = 228189, remain = 72, size = 64
Send to executer failed.force_push: msg_id = 228195, remain = 74, size = 64
Send to executer failed.force_push: msg_id = 228198, remain = 74, size = 64
Send to executer failed.force_push: msg_id = 228201, remain = 74, size = 64
Send to executer failed.force_push: msg_id = 228190, remain = 72, size = 64
Send to executer failed.force_push: msg_id = 228191, remain = 74, size = 64
Send to executer failed.force_push: msg_id = 228184, remain = 72, size = 64
Send to executer failed.force_push: msg_id = 228202, remain = 74, size = 64
Send to executer failed.force_push: msg_id = 228570, remain = 72, size = 64
Send to executer failed.force_push: msg_id = 228587, remain = 72, size = 64
Send to executer failed.force_push: msg_id = 229268, remain = -53, size = 11
Send to executer failed.force_push: msg_id = 229270, remain = -53, size = 11
Send to executer failed.force_push: msg_id = 229269, remain = 75, size = 64
Send to executer failed.force_push: msg_id = 229266, remain = -53, size = 11
Send to executer failed.force_push: msg_id = 229272, remain = 11, size = 64
Send to executer failed.force_push: msg_id = 230839, remain = -56, size = 8
Send to executer failed.force_push: msg_id = 237468, remain = 9, size = 64
Send to executer failed.force_push: msg_id = 237472, remain = 73, size = 64
Send to executer failed.force_push: msg_id = 237436, remain = -57, size = 7
Send to executer failed.force_push: msg_id = 237384, remain = 71, size = 64
Send to executer failed.force_push: msg_id = 237434, remain = -57, size = 7
Send to executer failed.force_push: msg_id = 237439, remain = -57, size = 7
Send to executer failed.force_push: msg_id = 237386, remain = 7, size = 64
Send to executer failed.force_push: msg_id = 237864, remain = 11, size = 64
Send to executer failed.force_push: msg_id = 238327, remain = 74, size = 64
Send to executer failed.force_push: msg_id = 238326, remain = 10, size = 64
Send to executer failed.force_push: msg_id = 238322, remain = 74, size = 64
Send to executer failed.force_push: msg_id = 249922, remain = 75, size = 64
Send to executer failed.force_push: msg_id = 254565, remain = 74, size = 64
Send to executer failed.force_push: msg_id = 254568, remain = 10, size = 64
Send to executer failed.force_push: msg_id = 254543, remain = 72, size = 64
Send to executer failed.force_push: msg_id = 254547, remain = 8, size = 64
Send to executer failed.force_push: msg_id = 254550, remain = 74, size = 64
Send to executer failed.force_push: msg_id = 254567, remain = 10, size = 64
Send to executer failed.force_push: msg_id = 254566, remain = 10, size = 64
Send to executer failed.force_push: msg_id = 256465, remain = 73, size = 64
Send to executer failed.force_push: msg_id = 263492, remain = 73, size = 64
Send to executer failed.force_push: msg_id = 290438, remain = 72, size = 64
Send to executer failed.force_push: msg_id = 290845, remain = -56, size = 8
Send to executer failed.force_push: msg_id = 291370, remain = 73, size = 64
Send to executer failed.Loaded function exp06_marginbalance. lib_load_elasped: 609, func_load_elasped: 2
req_id = 1080127, token 21456240 us.
req_id = 1080264, token 25756765 us.
req_id = 1080283, token 25968270 us.
req_id = 1140245, token 18049289 us.
req_id = 60233, token 34183279 us.
req_id = 540103, token 33041015 us.
req_id = 1020044, token 51408626 us.
req_id = 900277, token 26022621 us.
req_id = 360009, token 52598813 us.
req_id = 240177, token 38104717 us.
req_id = 180276, token 26970866 us.
req_id = 540130, token 48121604 us.
req_id = 300266, token 18560 us.
req_id = 1140279, token 14999596 us.
req_id = 660261, token 26938077 us.
req_id = 360132, token 26351808 us.
req_id = 60038, token 49420562 us.
req_id = 780036, token 51949780 us.
req_id = 840281, token 4283939 us.
req_id = 60258, token 8268882 us.
req_id = 1080150, token 40664579 us.
req_id = 1080291, token 12900541 us.
req_id = 240106, token 64202 us.
req_id = 720262, token 32870933 us.
req_id = 900174, token 22178842 us.
req_id = 1200077, token 20738950 us.
req_id = 960253, token 13499141 us.
req_id = 900137, token 20334263 us.
req_id = 1140239, token 15578134 us.
req_id = 1080037, token 49665314 us.
req_id = 660056, token 25225731 us.
req_id = 780207, token 36095091 us.
req_id = 780189, token 46991541 us.
req_id = 1140141, token 10725595 us.
req_id = 1200067, token 43577658 us.
req_id = 960032, token 20346548 us.
req_id = 360225, token 31093120 us.
req_id = 660165, token 27783847 us.
req_id = 960271, token 4522635 us.
req_id = 480150, token 14913997 us.
req_id = 180219, token 16506003 us.
req_id = 780275, token 4463537 us.
req_id = 600240, token 4449544 us.
req_id = 1080114, token 47972502 us.
req_id = 780239, token 4452824 us.
req_id = 660063, token 4416145 us.
req_id = 600210, token 43607930 us.
req_id = 180063, token 31945120 us.
req_id = 420015, token 53254107 us.
req_id = 660217, token 31969874 us.
req_id = 1200212, token 23534388 us.
req_id = 60234, token 14222273 us.
req_id = 720194, token 23227031 us.
req_id = 180247, token 4437019 us.
req_id = 1140241, token 14929383 us.
req_id = 120077, token 36611748 us.
req_id = 60152, token 14256149 us.
req_id = 360259, token 27429033 us.
req_id = 840181, token 14558805 us.
req_id = 120092, token 4483714 us.
req_id = 780256, token 16204540 us.
req_id = 1200245, token 41321977 us.
req_id = 780201, token 4200751 us.
req_id = 120104, token 30997205 us.
req_id = 480223, token 14229635 us.
req_id = 1080144, token 44130181 us.
req_id = 600017, token 55101373 us.
req_id = 360077, token 18601228 us.
req_id = 300102, token 3881043 us.
req_id = 840246, token 33606382 us.
req_id = 60071, token 12570671 us.
req_id = 1200183, token 29330082 us.
req_id = 660220, token 14361833 us.
req_id = 1080225, token 33405100 us.
req_id = 720143, token 16426946 us.
req_id = 540147, token 35428367 us.
req_id = 960281, token 7754230 us.
req_id = 1200186, token 21630319 us.
req_id = 900182, token 7858064 us.
req_id = 120278, token 758102 us.
