Read file config.yml
Running executor...
Loaded function exp06_run_audit_8. lib_load_elasped: 353, func_load_elasped: 2
Loaded function exp06_run_audit_5. lib_load_elasped: 214, func_load_elasped: 1
Loaded function exp06_run_audit_7. lib_load_elasped: 220, func_load_elasped: 1
Loaded function exp06_run_audit_15. lib_load_elasped: 260, func_load_elasped: 1
Loaded function exp06_run_audit_12. lib_load_elasped: 254, func_load_elasped: 1
Loaded function exp06_run_audit_1. lib_load_elasped: 317, func_load_elasped: 1
Loaded function exp06_marketdata. lib_load_elasped: 5077, func_load_elasped: 3
Loaded function exp06_run_audit_16. lib_load_elasped: 235, func_load_elasped: 0
force_push: msg_id = 215224, remain = 10, size = 64
Send to executer failed.force_push: msg_id = 215226, remain = 8, size = 64
Send to executer failed.force_push: msg_id = 215205, remain = 72, size = 64
Send to executer failed.force_push: msg_id = 215201, remain = 72, size = 64
Send to executer failed.force_push: msg_id = 215223, remain = 8, size = 64
Send to executer failed.Loaded function exp06_run_audit_11. lib_load_elasped: 337, func_load_elasped: 1
Loaded function exp06_run_audit_4. lib_load_elasped: 327, func_load_elasped: 1
Loaded function exp06_run_audit_17. lib_load_elasped: 287, func_load_elasped: 1
Loaded function exp06_run_audit_10. lib_load_elasped: 174, func_load_elasped: 0
Loaded function exp06_run_audit_14. lib_load_elasped: 177, func_load_elasped: 1
Loaded function exp06_run_audit_3. lib_load_elasped: 348, func_load_elasped: 1
force_push: msg_id = 217316, remain = 11, size = 64
Send to executer failed.force_push: msg_id = 217314, remain = 75, size = 64
Send to executer failed.force_push: msg_id = 217301, remain = -55, size = 9
Send to executer failed.Loaded function exp06_run_audit_6. lib_load_elasped: 401, func_load_elasped: 2
Loaded function exp06_run_audit_19. lib_load_elasped: 391, func_load_elasped: 2
Loaded function exp06_run_audit_2. lib_load_elasped: 354, func_load_elasped: 2
Loaded function exp06_run_audit_13. lib_load_elasped: 333, func_load_elasped: 2
Loaded function exp06_run_audit_18. lib_load_elasped: 218, func_load_elasped: 1
Loaded function exp06_run_audit_20. lib_load_elasped: 242, func_load_elasped: 2
Loaded function exp06_run_audit_9. lib_load_elasped: 388, func_load_elasped: 1
force_push: msg_id = 223928, remain = 9, size = 64
Send to executer failed.force_push: msg_id = 223936, remain = 11, size = 64
Send to executer failed.force_push: msg_id = 224852, remain = 11, size = 64
Send to executer failed.force_push: msg_id = 225723, remain = -54, size = 10
Send to executer failed.force_push: msg_id = 226544, remain = 72, size = 64
Send to executer failed.force_push: msg_id = 226553, remain = 8, size = 64
Send to executer failed.force_push: msg_id = 226549, remain = 72, size = 64
Send to executer failed.force_push: msg_id = 226580, remain = 10, size = 64
Send to executer failed.force_push: msg_id = 226548, remain = -56, size = 8
Send to executer failed.force_push: msg_id = 228138, remain = 74, size = 64
Send to executer failed.force_push: msg_id = 228137, remain = 10, size = 64
Send to executer failed.force_push: msg_id = 228134, remain = 10, size = 64
Send to executer failed.force_push: msg_id = 228130, remain = 74, size = 64
Send to executer failed.force_push: msg_id = 228127, remain = 72, size = 64
Send to executer failed.force_push: msg_id = 228129, remain = -56, size = 8
Send to executer failed.force_push: msg_id = 228572, remain = 74, size = 64
Send to executer failed.force_push: msg_id = 228533, remain = 72, size = 64
Send to executer failed.force_push: msg_id = 229419, remain = 74, size = 64
Send to executer failed.force_push: msg_id = 229420, remain = 74, size = 64
Send to executer failed.force_push: msg_id = 229414, remain = 8, size = 64
Send to executer failed.force_push: msg_id = 229424, remain = 74, size = 64
Send to executer failed.force_push: msg_id = 229429, remain = 74, size = 64
Send to executer failed.force_push: msg_id = 229423, remain = 74, size = 64
Send to executer failed.force_push: msg_id = 229426, remain = 74, size = 64
Send to executer failed.force_push: msg_id = 229399, remain = -56, size = 8
Send to executer failed.force_push: msg_id = 230697, remain = 72, size = 64
Send to executer failed.force_push: msg_id = 232349, remain = 74, size = 64
Send to executer failed.force_push: msg_id = 236007, remain = 8, size = 64
Send to executer failed.force_push: msg_id = 235986, remain = 72, size = 64
Send to executer failed.force_push: msg_id = 236021, remain = 10, size = 64
Send to executer failed.force_push: msg_id = 237356, remain = 8, size = 64
Send to executer failed.force_push: msg_id = 237428, remain = 74, size = 64
Send to executer failed.force_push: msg_id = 237429, remain = 74, size = 64
Send to executer failed.force_push: msg_id = 237447, remain = 74, size = 64
Send to executer failed.force_push: msg_id = 237420, remain = 8, size = 64
Send to executer failed.force_push: msg_id = 237324, remain = 72, size = 64
Send to executer failed.force_push: msg_id = 237430, remain = -54, size = 10
Send to executer failed.force_push: msg_id = 237424, remain = 10, size = 64
Send to executer failed.force_push: msg_id = 237427, remain = 74, size = 64
Send to executer failed.force_push: msg_id = 237935, remain = -54, size = 10
Send to executer failed.force_push: msg_id = 237933, remain = -54, size = 10
Send to executer failed.force_push: msg_id = 240928, remain = 74, size = 64
Send to executer failed.force_push: msg_id = 240869, remain = -56, size = 8
Send to executer failed.force_push: msg_id = 240903, remain = 72, size = 64
Send to executer failed.force_push: msg_id = 240931, remain = 74, size = 64
Send to executer failed.force_push: msg_id = 240933, remain = 74, size = 64
Send to executer failed.force_push: msg_id = 240927, remain = 74, size = 64
Send to executer failed.force_push: msg_id = 240930, remain = 74, size = 64
Send to executer failed.force_push: msg_id = 240932, remain = 74, size = 64
Send to executer failed.force_push: msg_id = 240904, remain = 72, size = 64
Send to executer failed.force_push: msg_id = 240935, remain = 74, size = 64
Send to executer failed.force_push: msg_id = 240937, remain = 74, size = 64
Send to executer failed.force_push: msg_id = 243202, remain = 74, size = 64
Send to executer failed.force_push: msg_id = 243184, remain = 72, size = 64
Send to executer failed.force_push: msg_id = 246855, remain = 8, size = 64
Send to executer failed.force_push: msg_id = 249542, remain = 72, size = 64
Send to executer failed.force_push: msg_id = 311251, remain = 10, size = 64
Send to executer failed.force_push: msg_id = 311245, remain = 10, size = 64
Send to executer failed.force_push: msg_id = 311255, remain = 72, size = 64
Send to executer failed.force_push: msg_id = 311242, remain = -56, size = 8
Send to executer failed.force_push: msg_id = 311253, remain = 74, size = 64
Send to executer failed.force_push: msg_id = 311249, remain = 8, size = 64
Send to executer failed.force_push: msg_id = 311265, remain = 74, size = 64
Send to executer failed.force_push: msg_id = 311267, remain = 74, size = 64
Send to executer failed.force_push: msg_id = 311257, remain = 72, size = 64
Send to executer failed.Loaded function exp06_marginbalance. lib_load_elasped: 729, func_load_elasped: 4
req_id = 420038, token 37455193 us.
req_id = 360095, token 27299450 us.
req_id = 840173, token 34340408 us.
req_id = 1200176, token 35156275 us.
req_id = 720294, token 34276809 us.
req_id = 420202, token 41322805 us.
req_id = 660160, token 15613423 us.
req_id = 540029, token 125357 us.
req_id = 840074, token 20543037 us.
req_id = 660210, token 3972839 us.
req_id = 240197, token 188860 us.
req_id = 600203, token 21084290 us.
req_id = 720033, token 21564656 us.
