Read file config.yml
Running executor...
Loaded function exp06_marketdata. lib_load_elasped: 7361, func_load_elasped: 6
Loaded function exp06_run_audit_4. lib_load_elasped: 210, func_load_elasped: 1
Loaded function exp06_run_audit_14. lib_load_elasped: 165, func_load_elasped: 0
Loaded function exp06_run_audit_3. lib_load_elasped: 181, func_load_elasped: 0
Loaded function exp06_run_audit_12. lib_load_elasped: 260, func_load_elasped: 1
Loaded function exp06_run_audit_16. lib_load_elasped: 167, func_load_elasped: 0
Loaded function exp06_run_audit_15. lib_load_elasped: 239, func_load_elasped: 1
Loaded function exp06_run_audit_7. lib_load_elasped: 197, func_load_elasped: 1
Loaded function exp06_run_audit_17. lib_load_elasped: 263, func_load_elasped: 1
Loaded function exp06_run_audit_1. lib_load_elasped: 234, func_load_elasped: 1
Loaded function exp06_run_audit_8. lib_load_elasped: 326, func_load_elasped: 2
force_push: msg_id = 215463, remain = 74, size = 64
Send to executer failed.force_push: msg_id = 215426, remain = -56, size = 8
Send to executer failed.force_push: msg_id = 215424, remain = -56, size = 8
Send to executer failed.Loaded function exp06_run_audit_19. lib_load_elasped: 318, func_load_elasped: 1
force_push: msg_id = 216738, remain = -54, size = 10
Send to executer failed.Loaded function exp06_run_audit_13. lib_load_elasped: 410, func_load_elasped: 2
Loaded function exp06_run_audit_11. lib_load_elasped: 332, func_load_elasped: 2
Loaded function exp06_run_audit_5. lib_load_elasped: 302, func_load_elasped: 2
force_push: msg_id = 220080, remain = -56, size = 8
Send to executer failed.force_push: msg_id = 220209, remain = 10, size = 64
Send to executer failed.force_push: msg_id = 220174, remain = 72, size = 64
Send to executer failed.force_push: msg_id = 220172, remain = -56, size = 8
Send to executer failed.force_push: msg_id = 220200, remain = 72, size = 64
Send to executer failed.force_push: msg_id = 220171, remain = 72, size = 64
Send to executer failed.force_push: msg_id = 220208, remain = 10, size = 64
Send to executer failed.force_push: msg_id = 220204, remain = 8, size = 64
Send to executer failed.force_push: msg_id = 220251, remain = 74, size = 64
Send to executer failed.force_push: msg_id = 220250, remain = 74, size = 64
Send to executer failed.force_push: msg_id = 220252, remain = 74, size = 64
Send to executer failed.force_push: msg_id = 220205, remain = 74, size = 64
Send to executer failed.force_push: msg_id = 220173, remain = 72, size = 64
Send to executer failed.force_push: msg_id = 220206, remain = 74, size = 64
Send to executer failed.force_push: msg_id = 220170, remain = -56, size = 8
Send to executer failed.force_push: msg_id = 221062, remain = 74, size = 64
Send to executer failed.force_push: msg_id = 221042, remain = -56, size = 8
Send to executer failed.Loaded function exp06_run_audit_6. lib_load_elasped: 410, func_load_elasped: 1
force_push: msg_id = 223660, remain = 11, size = 64
Send to executer failed.Loaded function exp06_run_audit_18. lib_load_elasped: 245, func_load_elasped: 1
force_push: msg_id = 226227, remain = 74, size = 64
Send to executer failed.force_push: msg_id = 226224, remain = -54, size = 10
Send to executer failed.Loaded function exp06_run_audit_20. lib_load_elasped: 360, func_load_elasped: 1
force_push: msg_id = 230426, remain = 10, size = 64
Send to executer failed.force_push: msg_id = 230417, remain = -54, size = 10
Send to executer failed.force_push: msg_id = 230415, remain = 10, size = 64
Send to executer failed.Loaded function exp06_run_audit_2. lib_load_elasped: 451, func_load_elasped: 3
force_push: msg_id = 231999, remain = 72, size = 64
Send to executer failed.Loaded function exp06_run_audit_10. lib_load_elasped: 532, func_load_elasped: 3
Loaded function exp06_run_audit_9. lib_load_elasped: 259, func_load_elasped: 1
force_push: msg_id = 236410, remain = -54, size = 10
Send to executer failed.force_push: msg_id = 236399, remain = 74, size = 64
Send to executer failed.force_push: msg_id = 236405, remain = -54, size = 10
Send to executer failed.force_push: msg_id = 236323, remain = -56, size = 8
Send to executer failed.force_push: msg_id = 236322, remain = -56, size = 8
Send to executer failed.force_push: msg_id = 236395, remain = 72, size = 64
Send to executer failed.force_push: msg_id = 238513, remain = 10, size = 64
Send to executer failed.force_push: msg_id = 239474, remain = 72, size = 64
Send to executer failed.force_push: msg_id = 239482, remain = 74, size = 64
Send to executer failed.force_push: msg_id = 239469, remain = 72, size = 64
Send to executer failed.force_push: msg_id = 239473, remain = 72, size = 64
Send to executer failed.force_push: msg_id = 239468, remain = 72, size = 64
Send to executer failed.force_push: msg_id = 239472, remain = 72, size = 64
Send to executer failed.force_push: msg_id = 239480, remain = 74, size = 64
Send to executer failed.force_push: msg_id = 239465, remain = 72, size = 64
Send to executer failed.force_push: msg_id = 239483, remain = 74, size = 64
Send to executer failed.force_push: msg_id = 239477, remain = 74, size = 64
Send to executer failed.force_push: msg_id = 239471, remain = 74, size = 64
Send to executer failed.force_push: msg_id = 254603, remain = 72, size = 64
Send to executer failed.force_push: msg_id = 254602, remain = 74, size = 64
Send to executer failed.force_push: msg_id = 254593, remain = 8, size = 64
Send to executer failed.force_push: msg_id = 254599, remain = 74, size = 64
Send to executer failed.force_push: msg_id = 254601, remain = 74, size = 64
Send to executer failed.force_push: msg_id = 254594, remain = 8, size = 64
force_push: msg_id = 254597, remain = 72, size = 64
Send to executer failed.Send to executer failed.Loaded function exp06_marginbalance. lib_load_elasped: 364, func_load_elasped: 1
req_id = 480130, token 28097 us.
req_id = 1140082, token 46647243 us.
req_id = 1020109, token 39999256 us.
req_id = 1200166, token 45212003 us.
req_id = 960100, token 35116859 us.
req_id = 480122, token 42678376 us.
req_id = 540037, token 22392738 us.
req_id = 900150, token 46581845 us.
req_id = 180149, token 38791610 us.
req_id = 300097, token 14338524 us.
req_id = 660149, token 34584646 us.
req_id = 600186, token 23992 us.
req_id = 1020254, token 15160973 us.
req_id = 1080077, token 20888460 us.
req_id = 1140117, token 22460105 us.
req_id = 240278, token 30291737 us.
req_id = 1200202, token 27978186 us.
req_id = 300072, token 26246450 us.
req_id = 720063, token 4514992 us.
req_id = 720146, token 24942040 us.
req_id = 180072, token 49936259 us.
req_id = 540227, token 43821639 us.
req_id = 1020096, token 23358178 us.
req_id = 480048, token 16057156 us.
req_id = 1020038, token 26456411 us.
req_id = 1080097, token 14331802 us.
req_id = 240237, token 21813345 us.
req_id = 60139, token 19712971 us.
req_id = 720258, token 23037769 us.
req_id = 120192, token 20537106 us.
req_id = 480260, token 3747429 us.
req_id = 480179, token 19387700 us.
req_id = 480095, token 3698090 us.
req_id = 60161, token 2659853 us.
