Read file config.yml
Running executor...
Loaded function exp06_marketdata. lib_load_elasped: 8614, func_load_elasped: 6
Loaded function exp06_run_audit_17. lib_load_elasped: 279, func_load_elasped: 1
Loaded function exp06_run_audit_5. lib_load_elasped: 205, func_load_elasped: 1
Loaded function exp06_run_audit_7. lib_load_elasped: 237, func_load_elasped: 1
Loaded function exp06_run_audit_4. lib_load_elasped: 264, func_load_elasped: 1
Loaded function exp06_run_audit_13. lib_load_elasped: 227, func_load_elasped: 1
Loaded function exp06_run_audit_9. lib_load_elasped: 184, func_load_elasped: 1
force_push: msg_id = 214611, remain = 10, size = 64
Send to executer failed.force_push: msg_id = 214612, remain = 8, size = 64
Send to executer failed.force_push: msg_id = 214605, remain = -56, size = 8
Send to executer failed.force_push: msg_id = 214615, remain = 74, size = 64
Send to executer failed.force_push: msg_id = 214606, remain = 72, size = 64
Send to executer failed.force_push: msg_id = 214664, remain = 74, size = 64
force_push: msg_id = 214617, remain = 10, size = 64
Send to executer failed.Send to executer failed.force_push: msg_id = 214618, remain = 74, size = 64
Send to executer failed.force_push: msg_id = 214620, remain = -54, size = 10
Send to executer failed.force_push: msg_id = 214603, remain = -56, size = 8
Send to executer failed.force_push: msg_id = 214619, remain = 10, size = 64
Send to executer failed.Loaded function exp06_run_audit_20. lib_load_elasped: 228, func_load_elasped: 1
Loaded function exp06_run_audit_1. lib_load_elasped: 270, func_load_elasped: 1
Loaded function exp06_run_audit_18. lib_load_elasped: 277, func_load_elasped: 1
Loaded function exp06_run_audit_16. lib_load_elasped: 331, func_load_elasped: 2
Loaded function exp06_run_audit_8. lib_load_elasped: 329, func_load_elasped: 1
Loaded function exp06_run_audit_14. lib_load_elasped: 299, func_load_elasped: 1
Loaded function exp06_run_audit_11. lib_load_elasped: 306, func_load_elasped: 2
Loaded function exp06_run_audit_12. lib_load_elasped: 276, func_load_elasped: 1
force_push: msg_id = 218656, remain = 75, size = 64
Send to executer failed.Loaded function exp06_run_audit_15. lib_load_elasped: 338, func_load_elasped: 2
force_push: msg_id = 220246, remain = 9, size = 64
Send to executer failed.force_push: msg_id = 220212, remain = 73, size = 64
Send to executer failed.force_push: msg_id = 220265, remain = 73, size = 64
Send to executer failed.force_push: msg_id = 220283, remain = 75, size = 64
Send to executer failed.force_push: msg_id = 220310, remain = 75, size = 64
Send to executer failed.force_push: msg_id = 220301, remain = 75, size = 64
Send to executer failed.force_push: msg_id = 220248, remain = 73, size = 64
Send to executer failed.force_push: msg_id = 220309, remain = 75, size = 64
Send to executer failed.force_push: msg_id = 220318, remain = 11, size = 64
Send to executer failed.force_push: msg_id = 220320, remain = 75, size = 64
Send to executer failed.force_push: msg_id = 220308, remain = 75, size = 64
Send to executer failed.force_push: msg_id = 221509, remain = 74, size = 64
Send to executer failed.force_push: msg_id = 221510, remain = 74, size = 64
Send to executer failed.force_push: msg_id = 221494, remain = 72, size = 64
Send to executer failed.force_push: msg_id = 221501, remain = 10, size = 64
Send to executer failed.force_push: msg_id = 221506, remain = 74, size = 64
Send to executer failed.force_push: msg_id = 221493, remain = 72, size = 64
Send to executer failed.force_push: msg_id = 222793, remain = 75, size = 64
Send to executer failed.force_push: msg_id = 224084, remain = 74, size = 64
Send to executer failed.force_push: msg_id = 224079, remain = 74, size = 64
Send to executer failed.force_push: msg_id = 224087, remain = -54, size = 10
Send to executer failed.force_push: msg_id = 224082, remain = 10, size = 64
force_push: msg_id = 224086, remain = 10, size = 64
Send to executer failed.Send to executer failed.force_push: msg_id = 224078, remain = 72, size = 64
Send to executer failed.force_push: msg_id = 224062, remain = 72, size = 64
Send to executer failed.force_push: msg_id = 224089, remain = 74, size = 64
Send to executer failed.force_push: msg_id = 224056, remain = 8, size = 64
Send to executer failed.force_push: msg_id = 224080, remain = 74, size = 64
Send to executer failed.force_push: msg_id = 224067, remain = -56, size = 8
Send to executer failed.force_push: msg_id = 224066, remain = 8, size = 64
Send to executer failed.Loaded function exp06_run_audit_6. lib_load_elasped: 313, func_load_elasped: 1
Loaded function exp06_run_audit_3. lib_load_elasped: 354, func_load_elasped: 1
Loaded function exp06_run_audit_19. lib_load_elasped: 384, func_load_elasped: 2
Loaded function exp06_run_audit_10. lib_load_elasped: 373, func_load_elasped: 2
force_push: msg_id = 229472, remain = 74, size = 64
Send to executer failed.force_push: msg_id = 229466, remain = 72, size = 64
Send to executer failed.force_push: msg_id = 229476, remain = 74, size = 64
Send to executer failed.force_push: msg_id = 229478, remain = 74, size = 64
Send to executer failed.force_push: msg_id = 229467, remain = 72, size = 64
Send to executer failed.force_push: msg_id = 229469, remain = 74, size = 64
Send to executer failed.force_push: msg_id = 229477, remain = 74, size = 64
Send to executer failed.force_push: msg_id = 229470, remain = 74, size = 64
Send to executer failed.force_push: msg_id = 229464, remain = 72, size = 64
Send to executer failed.force_push: msg_id = 229471, remain = 74, size = 64
Send to executer failed.force_push: msg_id = 229473, remain = 74, size = 64
Send to executer failed.force_push: msg_id = 229474, remain = 74, size = 64
Send to executer failed.force_push: msg_id = 235804, remain = -56, size = 8
Send to executer failed.force_push: msg_id = 235835, remain = -54, size = 10
Send to executer failed.force_push: msg_id = 239256, remain = -54, size = 10
Send to executer failed.force_push: msg_id = 239255, remain = 10, size = 64
Send to executer failed.force_push: msg_id = 240952, remain = 74, size = 64
Send to executer failed.Loaded function exp06_run_audit_2. lib_load_elasped: 490, func_load_elasped: 2
force_push: msg_id = 251906, remain = 74, size = 64
Send to executer failed.force_push: msg_id = 254371, remain = 9, size = 64
Send to executer failed.force_push: msg_id = 254380, remain = -53, size = 11
Send to executer failed.force_push: msg_id = 267330, remain = 72, size = 64
Send to executer failed.force_push: msg_id = 304088, remain = 11, size = 64
Send to executer failed.force_push: msg_id = 309273, remain = 72, size = 64
Send to executer failed.force_push: msg_id = 332202, remain = -56, size = 8
Send to executer failed.Loaded function exp06_marginbalance. lib_load_elasped: 250, func_load_elasped: 1
req_id = 180274, token 23888434 us.
req_id = 420053, token 28275107 us.
req_id = 600076, token 46466852 us.
req_id = 120173, token 22688837 us.
req_id = 420261, token 23246237 us.
req_id = 1140296, token 6642259 us.
req_id = 1200111, token 37984402 us.
req_id = 180253, token 14757 us.
req_id = 600115, token 44245667 us.
req_id = 1020217, token 20717462 us.
req_id = 1140151, token 14669 us.
req_id = 1140153, token 14866124 us.
req_id = 1200198, token 23369767 us.
req_id = 300212, token 24183012 us.
req_id = 840067, token 7828588 us.
req_id = 1080079, token 23343375 us.
req_id = 60302, token 29373935 us.
req_id = 1140216, token 21108406 us.
req_id = 1200169, token 16459769 us.
req_id = 360229, token 24522146 us.
req_id = 60122, token 18170462 us.
req_id = 600125, token 304240 us.
req_id = 420178, token 202405 us.
req_id = 960109, token 4917514 us.
