Read file config.yml
Running executor...
Loaded function exp06_run_audit_3. lib_load_elasped: 283, func_load_elasped: 2
Loaded function exp06_run_audit_2. lib_load_elasped: 299, func_load_elasped: 1
Loaded function exp06_run_audit_19. lib_load_elasped: 196, func_load_elasped: 1
Loaded function exp06_run_audit_17. lib_load_elasped: 163, func_load_elasped: 1
Loaded function exp06_run_audit_12. lib_load_elasped: 199, func_load_elasped: 0
Loaded function exp06_run_audit_1. lib_load_elasped: 250, func_load_elasped: 1
Loaded function exp06_run_audit_13. lib_load_elasped: 236, func_load_elasped: 1
Loaded function exp06_marketdata. lib_load_elasped: 3873, func_load_elasped: 2
Loaded function exp06_run_audit_10. lib_load_elasped: 205, func_load_elasped: 1
Loaded function exp06_run_audit_5. lib_load_elasped: 203, func_load_elasped: 1
Loaded function exp06_run_audit_7. lib_load_elasped: 280, func_load_elasped: 1
Loaded function exp06_run_audit_20. lib_load_elasped: 372, func_load_elasped: 2
Loaded function exp06_run_audit_4. lib_load_elasped: 333, func_load_elasped: 2
force_push: msg_id = 217130, remain = 8, size = 64
Send to executer failed.force_push: msg_id = 217187, remain = -54, size = 10
Send to executer failed.Loaded function exp06_run_audit_11. lib_load_elasped: 219, func_load_elasped: 2
Loaded function exp06_run_audit_8. lib_load_elasped: 353, func_load_elasped: 1
force_push: msg_id = 217990, remain = 7, size = 64
Send to executer failed.force_push: msg_id = 218006, remain = 9, size = 64
Send to executer failed.force_push: msg_id = 218003, remain = 71, size = 64
Send to executer failed.force_push: msg_id = 217991, remain = 71, size = 64
Send to executer failed.force_push: msg_id = 217989, remain = 7, size = 64
Send to executer failed.force_push: msg_id = 218012, remain = 9, size = 64
Send to executer failed.force_push: msg_id = 218008, remain = -57, size = 7
Send to executer failed.force_push: msg_id = 218004, remain = 7, size = 64
Send to executer failed.Loaded function exp06_run_audit_16. lib_load_elasped: 418, func_load_elasped: 2
Loaded function exp06_run_audit_18. lib_load_elasped: 473, func_load_elasped: 1
Loaded function exp06_run_audit_6. lib_load_elasped: 426, func_load_elasped: 2
force_push: msg_id = 224014, remain = 10, size = 64
Send to executer failed.force_push: msg_id = 224024, remain = -54, size = 10
Send to executer failed.force_push: msg_id = 224029, remain = 10, size = 64
Send to executer failed.Loaded function exp06_run_audit_15. lib_load_elasped: 363, func_load_elasped: 2
force_push: msg_id = 226605, remain = -56, size = 8
Send to executer failed.force_push: msg_id = 226660, remain = 74, size = 64
Send to executer failed.force_push: msg_id = 226639, remain = 72, size = 64
Send to executer failed.force_push: msg_id = 226658, remain = 74, size = 64
Send to executer failed.force_push: msg_id = 226637, remain = 72, size = 64
Send to executer failed.force_push: msg_id = 226665, remain = 74, size = 64
Send to executer failed.force_push: msg_id = 226595, remain = -56, size = 8
Send to executer failed.force_push: msg_id = 226664, remain = 74, size = 64
Send to executer failed.force_push: msg_id = 226661, remain = 74, size = 64
Send to executer failed.force_push: msg_id = 226666, remain = 74, size = 64
Send to executer failed.Loaded function exp06_run_audit_14. lib_load_elasped: 583, func_load_elasped: 3
force_push: msg_id = 229442, remain = 74, size = 64
Send to executer failed.force_push: msg_id = 229459, remain = 74, size = 64
force_push: msg_id = 229458, remain = 74, size = 64
Send to executer failed.force_push: msg_id = 229456, remain = 74, size = 64
force_push: msg_id = 229433, remain = 72, size = 64
Send to executer failed.Send to executer failed.Send to executer failed.force_push: msg_id = 229453, remain = 74, size = 64
Send to executer failed.force_push: msg_id = 229457, remain = 74, size = 64
Send to executer failed.force_push: msg_id = 229435, remain = 72, size = 64
Send to executer failed.force_push: msg_id = 229430, remain = 72, size = 64
Send to executer failed.force_push: msg_id = 229441, remain = 74, size = 64
Send to executer failed.force_push: msg_id = 229407, remain = 72, size = 64
Send to executer failed.force_push: msg_id = 230483, remain = 8, size = 64
Send to executer failed.force_push: msg_id = 230488, remain = -54, size = 10
Send to executer failed.force_push: msg_id = 230499, remain = 74, size = 64
Send to executer failed.force_push: msg_id = 230492, remain = 10, size = 64
Send to executer failed.force_push: msg_id = 231061, remain = 74, size = 64
Send to executer failed.force_push: msg_id = 237982, remain = 74, size = 64
Send to executer failed.force_push: msg_id = 239394, remain = 8, size = 64
Send to executer failed.force_push: msg_id = 239450, remain = 74, size = 64
Send to executer failed.force_push: msg_id = 239439, remain = 72, size = 64
Send to executer failed.force_push: msg_id = 239446, remain = 74, size = 64
Send to executer failed.force_push: msg_id = 239392, remain = 8, size = 64
Send to executer failed.force_push: msg_id = 239441, remain = 74, size = 64
Send to executer failed.force_push: msg_id = 239437, remain = 74, size = 64
Send to executer failed.force_push: msg_id = 239445, remain = 74, size = 64
Send to executer failed.force_push: msg_id = 239427, remain = 72, size = 64
Send to executer failed.force_push: msg_id = 239444, remain = 74, size = 64
Send to executer failed.force_push: msg_id = 239438, remain = 74, size = 64
Send to executer failed.force_push: msg_id = 239431, remain = 72, size = 64
Send to executer failed.force_push: msg_id = 240841, remain = 8, size = 64
Send to executer failed.force_push: msg_id = 240853, remain = 74, size = 64
Send to executer failed.force_push: msg_id = 240849, remain = 74, size = 64
Send to executer failed.force_push: msg_id = 240818, remain = -56, size = 8
Send to executer failed.force_push: msg_id = 240845, remain = 72, size = 64
Send to executer failed.Loaded function exp06_run_audit_9. lib_load_elasped: 506, func_load_elasped: 2
force_push: msg_id = 257669, remain = 8, size = 64
Send to executer failed.force_push: msg_id = 307406, remain = -56, size = 8
Send to executer failed.force_push: msg_id = 311165, remain = 74, size = 64
Send to executer failed.force_push: msg_id = 311177, remain = -56, size = 8
Send to executer failed.force_push: msg_id = 311170, remain = 8, size = 64
Send to executer failed.force_push: msg_id = 311164, remain = -54, size = 10
Send to executer failed.force_push: msg_id = 329678, remain = 74, size = 64
Send to executer failed.force_push: msg_id = 337543, remain = 74, size = 64
Send to executer failed.Loaded function exp06_marginbalance. lib_load_elasped: 408, func_load_elasped: 1
req_id = 660068, token 38003265 us.
req_id = 900067, token 35126687 us.
req_id = 540211, token 38285973 us.
req_id = 780213, token 38685765 us.
