Read file config.yml
Running executor...
Loaded function exp06_marketdata. lib_load_elasped: 14208, func_load_elasped: 11
fail release: invalid id (mem = (nil), size = 48)
Loaded function exp06_run_audit_10. lib_load_elasped: 311, func_load_elasped: 1
Loaded function exp06_run_audit_8. lib_load_elasped: 215, func_load_elasped: 1
Loaded function exp06_run_audit_2. lib_load_elasped: 222, func_load_elasped: 1
Loaded function exp06_run_audit_4. lib_load_elasped: 259, func_load_elasped: 1
Loaded function exp06_run_audit_3. lib_load_elasped: 194, func_load_elasped: 1
Loaded function exp06_run_audit_7. lib_load_elasped: 251, func_load_elasped: 1
Loaded function exp06_run_audit_1. lib_load_elasped: 240, func_load_elasped: 1
Loaded function exp06_run_audit_6. lib_load_elasped: 207, func_load_elasped: 1
Loaded function exp06_run_audit_5. lib_load_elasped: 272, func_load_elasped: 1
Loaded function exp06_run_audit_9. lib_load_elasped: 297, func_load_elasped: 1
force_push: msg_id = 2628669, remain = -53, size = 11
Send to executer failed.force_push: msg_id = 2631500, remain = -56, size = 8
Send to executer failed.force_push: msg_id = 2634582, remain = 73, size = 64
Send to executer failed.force_push: msg_id = 2635188, remain = 8, size = 64
Send to executer failed.force_push: msg_id = 2636941, remain = -56, size = 8
Send to executer failed.force_push: msg_id = 2637794, remain = 72, size = 64
Send to executer failed.force_push: msg_id = 2637787, remain = 72, size = 64
Send to executer failed.Loaded function exp06_marginbalance. lib_load_elasped: 400, func_load_elasped: 1
req_id = 1200290, token 7011393 us.
req_id = 1140159, token 4450449 us.
req_id = 540183, token 47344 us.
req_id = 660287, token 194667 us.
