Read file config.yml
Running executor...
Loaded function exp06_marketdata. lib_load_elasped: 14890, func_load_elasped: 6
Loaded function exp06_run_audit_6. lib_load_elasped: 443, func_load_elasped: 2
Loaded function exp06_run_audit_9. lib_load_elasped: 309, func_load_elasped: 1
Loaded function exp06_run_audit_8. lib_load_elasped: 296, func_load_elasped: 1
Loaded function exp06_run_audit_5. lib_load_elasped: 275, func_load_elasped: 2
Loaded function exp06_run_audit_1. lib_load_elasped: 289, func_load_elasped: 2
Loaded function exp06_run_audit_3. lib_load_elasped: 271, func_load_elasped: 1
Loaded function exp06_run_audit_7. lib_load_elasped: 298, func_load_elasped: 1
Loaded function exp06_run_audit_10. lib_load_elasped: 338, func_load_elasped: 1
Loaded function exp06_run_audit_4. lib_load_elasped: 381, func_load_elasped: 1
force_push: msg_id = 2620572, remain = -56, size = 8
Send to executer failed.Loaded function exp06_run_audit_2. lib_load_elasped: 400, func_load_elasped: 2
force_push: msg_id = 2622293, remain = 74, size = 64
Send to executer failed.force_push: msg_id = 2622289, remain = 72, size = 64
Send to executer failed.force_push: msg_id = 2622286, remain = 72, size = 64
Send to executer failed.force_push: msg_id = 2624475, remain = 8, size = 64
Send to executer failed.force_push: msg_id = 2625741, remain = 73, size = 64
Send to executer failed.force_push: msg_id = 2626036, remain = 10, size = 64
Send to executer failed.force_push: msg_id = 2626018, remain = 72, size = 64
Send to executer failed.force_push: msg_id = 2631289, remain = 72, size = 64
Send to executer failed.force_push: msg_id = 2631897, remain = 72, size = 64
Send to executer failed.force_push: msg_id = 2631896, remain = 72, size = 64
Send to executer failed.force_push: msg_id = 2637912, remain = 8, size = 64
Send to executer failed.force_push: msg_id = 2640125, remain = 72, size = 64
Send to executer failed.force_push: msg_id = 2644487, remain = 73, size = 64
Send to executer failed.force_push: msg_id = 2645262, remain = 73, size = 64
Send to executer failed.Loaded function exp06_marginbalance. lib_load_elasped: 421, func_load_elasped: 2
req_id = 1020290, token 11569119 us.
force_push: msg_id = 2652769, remain = 72, size = 64
Send to executer failed.force_push: msg_id = 2659859, remain = 72, size = 64
Send to executer failed.req_id = 660123, token 21958163 us.
req_id = 180280, token 15807741 us.
req_id = 1080137, token 21900078 us.
req_id = 180264, token 9547705 us.
req_id = 900081, token 5959797 us.
req_id = 300126, token 16397182 us.
req_id = 1080283, token 8175759 us.
req_id = 660294, token 17022130 us.
req_id = 480179, token 109027 us.
