Read file config.yml
Running executor...
Loaded function exp06_marketdata. lib_load_elasped: 11147, func_load_elasped: 6
Loaded function exp06_run_audit_10. lib_load_elasped: 374, func_load_elasped: 2
Loaded function exp06_run_audit_4. lib_load_elasped: 328, func_load_elasped: 1
Loaded function exp06_run_audit_6. lib_load_elasped: 285, func_load_elasped: 1
Loaded function exp06_run_audit_3. lib_load_elasped: 216, func_load_elasped: 1
Loaded function exp06_run_audit_5. lib_load_elasped: 320, func_load_elasped: 2
Loaded function exp06_run_audit_2. lib_load_elasped: 357, func_load_elasped: 2
Loaded function exp06_run_audit_9. lib_load_elasped: 316, func_load_elasped: 1
Loaded function exp06_run_audit_1. lib_load_elasped: 399, func_load_elasped: 2
Loaded function exp06_run_audit_8. lib_load_elasped: 403, func_load_elasped: 1
force_push: msg_id = 2622140, remain = 8, size = 64
Send to executer failed.force_push: msg_id = 2622145, remain = 72, size = 64
Send to executer failed.force_push: msg_id = 2635983, remain = 72, size = 64
Send to executer failed.force_push: msg_id = 2637373, remain = 10, size = 64
Send to executer failed.force_push: msg_id = 2637350, remain = -56, size = 8
Send to executer failed.force_push: msg_id = 2644463, remain = -54, size = 10
Send to executer failed.Loaded function exp06_run_audit_7. lib_load_elasped: 474, func_load_elasped: 2
force_push: msg_id = 2660975, remain = 72, size = 64
Send to executer failed.