Read file config.yml
Running executor...
Loaded function exp06_marketdata. lib_load_elasped: 15617, func_load_elasped: 9
Loaded function exp06_run_audit_3. lib_load_elasped: 278, func_load_elasped: 1
Loaded function exp06_run_audit_6. lib_load_elasped: 240, func_load_elasped: 1
Loaded function exp06_run_audit_8. lib_load_elasped: 155, func_load_elasped: 1
Loaded function exp06_run_audit_7. lib_load_elasped: 176, func_load_elasped: 1
Loaded function exp06_run_audit_1. lib_load_elasped: 224, func_load_elasped: 1
Loaded function exp06_run_audit_2. lib_load_elasped: 217, func_load_elasped: 1
Loaded function exp06_run_audit_5. lib_load_elasped: 329, func_load_elasped: 1
Loaded function exp06_run_audit_4. lib_load_elasped: 278, func_load_elasped: 1
Loaded function exp06_run_audit_9. lib_load_elasped: 243, func_load_elasped: 1
Loaded function exp06_run_audit_10. lib_load_elasped: 204, func_load_elasped: 1
force_push: msg_id = 2622249, remain = 8, size = 64
Send to executer failed.force_push: msg_id = 2622758, remain = 72, size = 64
Send to executer failed.force_push: msg_id = 2624502, remain = 8, size = 64
Send to executer failed.force_push: msg_id = 2626005, remain = 72, size = 64
Send to executer failed.force_push: msg_id = 2625990, remain = 72, size = 64
Send to executer failed.force_push: msg_id = 2625989, remain = -56, size = 8
Send to executer failed.force_push: msg_id = 2626004, remain = 8, size = 64
Send to executer failed.force_push: msg_id = 2635216, remain = 72, size = 64
Send to executer failed.force_push: msg_id = 2635233, remain = 8, size = 64
Send to executer failed.force_push: msg_id = 2635211, remain = 8, size = 64
Send to executer failed.force_push: msg_id = 2635771, remain = 72, size = 64
Send to executer failed.force_push: msg_id = 2639496, remain = 72, size = 64
Send to executer failed.force_push: msg_id = 2640581, remain = 72, size = 64
Send to executer failed.force_push: msg_id = 2642518, remain = 72, size = 64
Send to executer failed.force_push: msg_id = 2643514, remain = 72, size = 64
Send to executer failed.force_push: msg_id = 2647239, remain = 72, size = 64
Send to executer failed.Loaded function exp06_marginbalance. lib_load_elasped: 447, func_load_elasped: 2
req_id = 120024, token 24716535 us.
req_id = 780028, token 21497990 us.
req_id = 1140283, token 9498651 us.
req_id = 300028, token 25770632 us.
req_id = 180054, token 6102969 us.
req_id = 600176, token 20699604 us.
req_id = 300263, token 126316 us.
