Read file config.yml
Running executor...
Loaded function exp06_marketdata. lib_load_elasped: 13454, func_load_elasped: 10
Loaded function exp06_run_audit_4. lib_load_elasped: 275, func_load_elasped: 1
Loaded function exp06_run_audit_5. lib_load_elasped: 165, func_load_elasped: 1
Loaded function exp06_run_audit_10. lib_load_elasped: 235, func_load_elasped: 1
Loaded function exp06_run_audit_7. lib_load_elasped: 312, func_load_elasped: 1
Loaded function exp06_run_audit_2. lib_load_elasped: 343, func_load_elasped: 1
Loaded function exp06_run_audit_6. lib_load_elasped: 350, func_load_elasped: 2
force_push: msg_id = 2622465, remain = 72, size = 64
Send to executer failed.Loaded function exp06_run_audit_9. lib_load_elasped: 370, func_load_elasped: 2
Loaded function exp06_run_audit_3. lib_load_elasped: 277, func_load_elasped: 1
force_push: msg_id = 2634598, remain = 8, size = 64
Send to executer failed.force_push: msg_id = 2634605, remain = 72, size = 64
Send to executer failed.Loaded function exp06_run_audit_1. lib_load_elasped: 423, func_load_elasped: 2
force_push: msg_id = 2636811, remain = 74, size = 64
Send to executer failed.force_push: msg_id = 2642114, remain = 8, size = 64
Send to executer failed.force_push: msg_id = 2644365, remain = 73, size = 64
Send to executer failed.force_push: msg_id = 2649573, remain = 72, size = 64
Send to executer failed.Loaded function exp06_run_audit_8. lib_load_elasped: 417, func_load_elasped: 2
Loaded function exp06_marginbalance. lib_load_elasped: 274, func_load_elasped: 1
req_id = 540109, token 18741405 us.
req_id = 720256, token 37096 us.
