Read file config.yml
Running executor...
Loaded function exp06_marketdata. lib_load_elasped: 13425, func_load_elasped: 9
Loaded function exp06_run_audit_5. lib_load_elasped: 470, func_load_elasped: 2
Loaded function exp06_run_audit_7. lib_load_elasped: 388, func_load_elasped: 2
Loaded function exp06_run_audit_6. lib_load_elasped: 284, func_load_elasped: 1
Loaded function exp06_run_audit_4. lib_load_elasped: 234, func_load_elasped: 1
Loaded function exp06_run_audit_9. lib_load_elasped: 234, func_load_elasped: 1
Loaded function exp06_run_audit_1. lib_load_elasped: 233, func_load_elasped: 1
Loaded function exp06_run_audit_10. lib_load_elasped: 225, func_load_elasped: 1
Loaded function exp06_run_audit_2. lib_load_elasped: 235, func_load_elasped: 1
Loaded function exp06_run_audit_8. lib_load_elasped: 336, func_load_elasped: 2
Loaded function exp06_run_audit_3. lib_load_elasped: 377, func_load_elasped: 2
force_push: msg_id = 2620931, remain = 74, size = 64
Send to executer failed.force_push: msg_id = 2635104, remain = 72, size = 64
Send to executer failed.force_push: msg_id = 2635112, remain = 8, size = 64
Send to executer failed.force_push: msg_id = 2652583, remain = 73, size = 64
Send to executer failed.force_push: msg_id = 2659902, remain = 72, size = 64
Send to executer failed.Loaded function exp06_marginbalance. lib_load_elasped: 426, func_load_elasped: 1
req_id = 480167, token 13346467 us.
req_id = 900289, token 5186507 us.
req_id = 780039, token 25373253 us.
req_id = 600139, token 13953179 us.
req_id = 300264, token 7915287 us.
