I0420 15:51:12.137060 Main        (1875716) /home/lgw/Lumine-benchmarks/Lumine/lib/base/thread.cpp:96] Register main thread: tid=1875716
I0420 15:51:12.139641 Main        (1875716) /home/lgw/Lumine-benchmarks/Lumine/lib/common/config.cpp:332] Load configuration for function exp09Start[1]
I0420 15:51:12.139840 Main        (1875716) /home/lgw/Lumine-benchmarks/Lumine/lib/common/config.cpp:332] Load configuration for function exp09End[2]
I0420 15:51:12.139924 Main        (1875716) /home/lgw/Lumine-benchmarks/Lumine/lib/common/config.cpp:332] Load configuration for function exp09Register[3]
I0420 15:51:12.139977 Main        (1875716) /home/lgw/Lumine-benchmarks/Lumine/lib/common/config.cpp:332] Load configuration for function exp09StartFinra[4]
I0420 15:51:12.140210 Main        (1875716) /home/lgw/Lumine-benchmarks/Lumine/src/host/worker/cpp/func_worker.cpp:107] My client_id is 15
I0420 15:51:12.140332 Main        (1875716) /home/lgw/Lumine-benchmarks/Lumine/src/host/worker/cpp/func_worker.cpp:173] Use extra pipes for messages
I0420 15:51:12.140834 Main        (1875716) /home/lgw/Lumine-benchmarks/Lumine/src/host/worker/cpp/func_worker.cpp:195] Handshake done
I0420 15:51:49.170680 Main        (1875716) /home/lgw/Lumine-benchmarks/Experiments/09/src/1_end/end.cpp:48] req_id = 1260002, end_time = 1682005909170669
I0420 15:51:49.171431 Main        (1875716) /home/lgw/Lumine-benchmarks/Experiments/09/src/1_end/end.cpp:48] req_id = 2040002, end_time = 1682005909171421
I0420 15:51:49.171860 Main        (1875716) /home/lgw/Lumine-benchmarks/Experiments/09/src/1_end/end.cpp:48] req_id = 1440002, end_time = 1682005909171853
I0420 15:51:49.172281 Main        (1875716) /home/lgw/Lumine-benchmarks/Experiments/09/src/1_end/end.cpp:48] req_id = 2220001, end_time = 1682005909172276
I0420 15:51:49.644167 Main        (1875716) /home/lgw/Lumine-benchmarks/Experiments/09/src/1_end/end.cpp:48] req_id = 2040003, end_time = 1682005909644156
I0420 15:51:49.644595 Main        (1875716) /home/lgw/Lumine-benchmarks/Experiments/09/src/1_end/end.cpp:48] req_id = 2220004, end_time = 1682005909644592
I0420 15:51:49.644945 Main        (1875716) /home/lgw/Lumine-benchmarks/Experiments/09/src/1_end/end.cpp:48] req_id = 1500004, end_time = 1682005909644943
I0420 15:51:49.645177 Main        (1875716) /home/lgw/Lumine-benchmarks/Experiments/09/src/1_end/end.cpp:48] req_id = 2100004, end_time = 1682005909645175
I0420 15:51:49.653371 Main        (1875716) /home/lgw/Lumine-benchmarks/Experiments/09/src/1_end/end.cpp:48] req_id = 2040004, end_time = 1682005909653368
I0420 15:51:49.695715 Main        (1875716) /home/lgw/Lumine-benchmarks/Experiments/09/src/1_end/end.cpp:48] req_id = 1620004, end_time = 1682005909695712
I0420 15:51:50.022984 Main        (1875716) /home/lgw/Lumine-benchmarks/Experiments/09/src/1_end/end.cpp:48] req_id = 60006, end_time = 1682005910022977
I0420 15:51:50.028614 Main        (1875716) /home/lgw/Lumine-benchmarks/Experiments/09/src/1_end/end.cpp:48] req_id = 120005, end_time = 1682005910028603
I0420 15:51:50.038860 Main        (1875716) /home/lgw/Lumine-benchmarks/Experiments/09/src/1_end/end.cpp:48] req_id = 420005, end_time = 1682005910038855
I0420 15:51:50.074283 Main        (1875716) /home/lgw/Lumine-benchmarks/Experiments/09/src/1_end/end.cpp:48] req_id = 540005, end_time = 1682005910074277
I0420 15:51:50.094760 Main        (1875716) /home/lgw/Lumine-benchmarks/Experiments/09/src/1_end/end.cpp:48] req_id = 300005, end_time = 1682005910094754
I0420 15:51:50.160549 Main        (1875716) /home/lgw/Lumine-benchmarks/Experiments/09/src/1_end/end.cpp:48] req_id = 960005, end_time = 1682005910160543
I0420 15:51:50.170994 Main        (1875716) /home/lgw/Lumine-benchmarks/Experiments/09/src/1_end/end.cpp:48] req_id = 780005, end_time = 1682005910170988
I0420 15:51:50.172607 Main        (1875716) /home/lgw/Lumine-benchmarks/Experiments/09/src/1_end/end.cpp:48] req_id = 2640003, end_time = 1682005910172601
I0420 15:51:50.185535 Main        (1875716) /home/lgw/Lumine-benchmarks/Experiments/09/src/1_end/end.cpp:48] req_id = 2940002, end_time = 1682005910185529
I0420 15:51:50.186412 Main        (1875716) /home/lgw/Lumine-benchmarks/Experiments/09/src/1_end/end.cpp:48] req_id = 1080005, end_time = 1682005910186406
I0420 15:51:50.200759 Main        (1875716) /home/lgw/Lumine-benchmarks/Experiments/09/src/1_end/end.cpp:48] req_id = 2580003, end_time = 1682005910200753
I0420 15:51:50.203138 Main        (1875716) /home/lgw/Lumine-benchmarks/Experiments/09/src/1_end/end.cpp:48] req_id = 3000001, end_time = 1682005910203132
I0420 15:51:50.203882 Main        (1875716) /home/lgw/Lumine-benchmarks/Experiments/09/src/1_end/end.cpp:48] req_id = 1080006, end_time = 1682005910203875
I0420 15:51:50.206002 Main        (1875716) /home/lgw/Lumine-benchmarks/Experiments/09/src/1_end/end.cpp:48] req_id = 2280003, end_time = 1682005910205996
I0420 15:51:50.210311 Main        (1875716) /home/lgw/Lumine-benchmarks/Experiments/09/src/1_end/end.cpp:48] req_id = 1020005, end_time = 1682005910210305
I0420 15:51:50.210815 Main        (1875716) /home/lgw/Lumine-benchmarks/Experiments/09/src/1_end/end.cpp:48] req_id = 1920006, end_time = 1682005910210811
I0420 15:51:50.211074 Main        (1875716) /home/lgw/Lumine-benchmarks/Experiments/09/src/1_end/end.cpp:48] req_id = 1140006, end_time = 1682005910211072
I0420 15:51:50.211369 Main        (1875716) /home/lgw/Lumine-benchmarks/Experiments/09/src/1_end/end.cpp:48] req_id = 2340003, end_time = 1682005910211366
I0420 15:51:50.211879 Main        (1875716) /home/lgw/Lumine-benchmarks/Experiments/09/src/1_end/end.cpp:48] req_id = 2640004, end_time = 1682005910211873
I0420 15:51:50.212531 Main        (1875716) /home/lgw/Lumine-benchmarks/Experiments/09/src/1_end/end.cpp:48] req_id = 2040006, end_time = 1682005910212525
I0420 15:51:50.213104 Main        (1875716) /home/lgw/Lumine-benchmarks/Experiments/09/src/1_end/end.cpp:48] req_id = 1920005, end_time = 1682005910213099
I0420 15:51:50.701614 Main        (1875716) /home/lgw/Lumine-benchmarks/Experiments/09/src/1_end/end.cpp:48] req_id = 2400007, end_time = 1682005910701605
I0420 15:51:50.702215 Main        (1875716) /home/lgw/Lumine-benchmarks/Experiments/09/src/1_end/end.cpp:48] req_id = 2940006, end_time = 1682005910702211
I0420 15:51:50.702424 Main        (1875716) /home/lgw/Lumine-benchmarks/Experiments/09/src/1_end/end.cpp:48] req_id = 1980008, end_time = 1682005910702421
I0420 15:51:50.807785 Main        (1875716) /home/lgw/Lumine-benchmarks/Experiments/09/src/1_end/end.cpp:48] req_id = 2340008, end_time = 1682005910807778
I0420 15:51:51.172824 Main        (1875716) /home/lgw/Lumine-benchmarks/Experiments/09/src/1_end/end.cpp:48] req_id = 2760009, end_time = 1682005911172814
I0420 15:51:51.174018 Main        (1875716) /home/lgw/Lumine-benchmarks/Experiments/09/src/1_end/end.cpp:48] req_id = 2520009, end_time = 1682005911174012
I0420 15:51:51.174453 Main        (1875716) /home/lgw/Lumine-benchmarks/Experiments/09/src/1_end/end.cpp:48] req_id = 2880009, end_time = 1682005911174447
I0420 15:51:51.175142 Main        (1875716) /home/lgw/Lumine-benchmarks/Experiments/09/src/1_end/end.cpp:48] req_id = 2400009, end_time = 1682005911175136
I0420 15:51:51.175588 Main        (1875716) /home/lgw/Lumine-benchmarks/Experiments/09/src/1_end/end.cpp:48] req_id = 2940010, end_time = 1682005911175581
I0420 15:51:51.177532 Main        (1875716) /home/lgw/Lumine-benchmarks/Experiments/09/src/1_end/end.cpp:48] req_id = 2160010, end_time = 1682005911177526
I0420 15:51:51.177988 Main        (1875716) /home/lgw/Lumine-benchmarks/Experiments/09/src/1_end/end.cpp:48] req_id = 960010, end_time = 1682005911177981
I0420 15:51:51.179178 Main        (1875716) /home/lgw/Lumine-benchmarks/Experiments/09/src/1_end/end.cpp:48] req_id = 2820009, end_time = 1682005911179172
I0420 15:51:51.193662 Main        (1875716) /home/lgw/Lumine-benchmarks/Experiments/09/src/1_end/end.cpp:48] req_id = 2220010, end_time = 1682005911193656
I0420 15:51:51.516627 Main        (1875716) /home/lgw/Lumine-benchmarks/Experiments/09/src/1_end/end.cpp:48] req_id = 120011, end_time = 1682005911516622
I0420 15:51:51.518847 Main        (1875716) /home/lgw/Lumine-benchmarks/Experiments/09/src/1_end/end.cpp:48] req_id = 60012, end_time = 1682005911518841
I0420 15:51:51.519682 Main        (1875716) /home/lgw/Lumine-benchmarks/Experiments/09/src/1_end/end.cpp:48] req_id = 180011, end_time = 1682005911519670
I0420 15:51:51.521115 Main        (1875716) /home/lgw/Lumine-benchmarks/Experiments/09/src/1_end/end.cpp:48] req_id = 240011, end_time = 1682005911521107
I0420 15:51:51.522531 Main        (1875716) /home/lgw/Lumine-benchmarks/Experiments/09/src/1_end/end.cpp:48] req_id = 300011, end_time = 1682005911522524
I0420 15:51:51.525495 Main        (1875716) /home/lgw/Lumine-benchmarks/Experiments/09/src/1_end/end.cpp:48] req_id = 420011, end_time = 1682005911525489
I0420 15:51:51.532696 Main        (1875716) /home/lgw/Lumine-benchmarks/Experiments/09/src/1_end/end.cpp:48] req_id = 240012, end_time = 1682005911532691
I0420 15:51:51.540373 Main        (1875716) /home/lgw/Lumine-benchmarks/Experiments/09/src/1_end/end.cpp:48] req_id = 600012, end_time = 1682005911540366
I0420 15:51:51.546850 Main        (1875716) /home/lgw/Lumine-benchmarks/Experiments/09/src/1_end/end.cpp:48] req_id = 360011, end_time = 1682005911546843
I0420 15:51:51.565469 Main        (1875716) /home/lgw/Lumine-benchmarks/Experiments/09/src/1_end/end.cpp:48] req_id = 420012, end_time = 1682005911565463
I0420 15:51:51.680256 Main        (1875716) /home/lgw/Lumine-benchmarks/Experiments/09/src/1_end/end.cpp:48] req_id = 1980012, end_time = 1682005911680250
I0420 15:51:51.696266 Main        (1875716) /home/lgw/Lumine-benchmarks/Experiments/09/src/1_end/end.cpp:48] req_id = 1320012, end_time = 1682005911696259
I0420 15:51:51.705497 Main        (1875716) /home/lgw/Lumine-benchmarks/Experiments/09/src/1_end/end.cpp:48] req_id = 540011, end_time = 1682005911705490
I0420 15:51:51.724135 Main        (1875716) /home/lgw/Lumine-benchmarks/Experiments/09/src/1_end/end.cpp:48] req_id = 2460012, end_time = 1682005911724128
I0420 15:51:51.724471 Main        (1875716) /home/lgw/Lumine-benchmarks/Experiments/09/src/1_end/end.cpp:48] req_id = 780012, end_time = 1682005911724468
I0420 15:51:51.725250 Main        (1875716) /home/lgw/Lumine-benchmarks/Experiments/09/src/1_end/end.cpp:48] req_id = 840011, end_time = 1682005911725244
I0420 15:51:51.726132 Main        (1875716) /home/lgw/Lumine-benchmarks/Experiments/09/src/1_end/end.cpp:48] req_id = 2640012, end_time = 1682005911726126
I0420 15:51:51.729574 Main        (1875716) /home/lgw/Lumine-benchmarks/Experiments/09/src/1_end/end.cpp:48] req_id = 2700012, end_time = 1682005911729568
I0420 15:51:51.730541 Main        (1875716) /home/lgw/Lumine-benchmarks/Experiments/09/src/1_end/end.cpp:48] req_id = 2040011, end_time = 1682005911730536
I0420 15:51:51.731233 Main        (1875716) /home/lgw/Lumine-benchmarks/Experiments/09/src/1_end/end.cpp:48] req_id = 2220012, end_time = 1682005911731228
I0420 15:51:52.201749 Main        (1875716) /home/lgw/Lumine-benchmarks/Experiments/09/src/1_end/end.cpp:48] req_id = 2580014, end_time = 1682005912201743
I0420 15:51:52.202831 Main        (1875716) /home/lgw/Lumine-benchmarks/Experiments/09/src/1_end/end.cpp:48] req_id = 1620014, end_time = 1682005912202825
I0420 15:51:52.203958 Main        (1875716) /home/lgw/Lumine-benchmarks/Experiments/09/src/1_end/end.cpp:48] req_id = 3000014, end_time = 1682005912203952
I0420 15:51:52.204434 Main        (1875716) /home/lgw/Lumine-benchmarks/Experiments/09/src/1_end/end.cpp:48] req_id = 1920013, end_time = 1682005912204427
I0420 15:51:52.204756 Main        (1875716) /home/lgw/Lumine-benchmarks/Experiments/09/src/1_end/end.cpp:48] req_id = 2820014, end_time = 1682005912204750
I0420 15:51:52.205410 Main        (1875716) /home/lgw/Lumine-benchmarks/Experiments/09/src/1_end/end.cpp:48] req_id = 2280014, end_time = 1682005912205404
I0420 15:51:52.206939 Main        (1875716) /home/lgw/Lumine-benchmarks/Experiments/09/src/1_end/end.cpp:48] req_id = 2100014, end_time = 1682005912206933
I0420 15:51:52.210215 Main        (1875716) /home/lgw/Lumine-benchmarks/Experiments/09/src/1_end/end.cpp:48] req_id = 2700014, end_time = 1682005912210209
I0420 15:51:52.219369 Main        (1875716) /home/lgw/Lumine-benchmarks/Experiments/09/src/1_end/end.cpp:48] req_id = 2640014, end_time = 1682005912219363
I0420 15:51:52.220051 Main        (1875716) /home/lgw/Lumine-benchmarks/Experiments/09/src/1_end/end.cpp:48] req_id = 2700013, end_time = 1682005912220045
I0420 15:51:52.221722 Main        (1875716) /home/lgw/Lumine-benchmarks/Experiments/09/src/1_end/end.cpp:48] req_id = 2880013, end_time = 1682005912221716
I0420 15:51:52.225766 Main        (1875716) /home/lgw/Lumine-benchmarks/Experiments/09/src/1_end/end.cpp:48] req_id = 2160013, end_time = 1682005912225760
I0420 15:51:52.520082 Main        (1875716) /home/lgw/Lumine-benchmarks/Experiments/09/src/1_end/end.cpp:48] req_id = 120015, end_time = 1682005912520076
I0420 15:51:52.521898 Main        (1875716) /home/lgw/Lumine-benchmarks/Experiments/09/src/1_end/end.cpp:48] req_id = 60016, end_time = 1682005912521890
I0420 15:51:52.525999 Main        (1875716) /home/lgw/Lumine-benchmarks/Experiments/09/src/1_end/end.cpp:48] req_id = 480015, end_time = 1682005912525991
I0420 15:51:52.528032 Main        (1875716) /home/lgw/Lumine-benchmarks/Experiments/09/src/1_end/end.cpp:48] req_id = 300015, end_time = 1682005912528026
I0420 15:51:52.531342 Main        (1875716) /home/lgw/Lumine-benchmarks/Experiments/09/src/1_end/end.cpp:48] req_id = 420015, end_time = 1682005912531336
I0420 15:51:52.531781 Main        (1875716) /home/lgw/Lumine-benchmarks/Experiments/09/src/1_end/end.cpp:48] req_id = 360015, end_time = 1682005912531776
I0420 15:51:52.604679 Main        (1875716) /home/lgw/Lumine-benchmarks/Experiments/09/src/1_end/end.cpp:48] req_id = 1560015, end_time = 1682005912604673
I0420 15:51:52.617500 Main        (1875716) /home/lgw/Lumine-benchmarks/Experiments/09/src/1_end/end.cpp:48] req_id = 1740015, end_time = 1682005912617494
I0420 15:51:52.666477 Main        (1875716) /home/lgw/Lumine-benchmarks/Experiments/09/src/1_end/end.cpp:48] req_id = 960016, end_time = 1682005912666471
I0420 15:51:52.686609 Main        (1875716) /home/lgw/Lumine-benchmarks/Experiments/09/src/1_end/end.cpp:48] req_id = 1320016, end_time = 1682005912686603
I0420 15:51:52.691787 Main        (1875716) /home/lgw/Lumine-benchmarks/Experiments/09/src/1_end/end.cpp:48] req_id = 2280015, end_time = 1682005912691780
I0420 15:51:52.706672 Main        (1875716) /home/lgw/Lumine-benchmarks/Experiments/09/src/1_end/end.cpp:48] req_id = 2940015, end_time = 1682005912706666
I0420 15:51:52.706983 Main        (1875716) /home/lgw/Lumine-benchmarks/Experiments/09/src/1_end/end.cpp:48] req_id = 2640015, end_time = 1682005912706980
I0420 15:51:52.707794 Main        (1875716) /home/lgw/Lumine-benchmarks/Experiments/09/src/1_end/end.cpp:48] req_id = 2820016, end_time = 1682005912707788
I0420 15:51:52.710676 Main        (1875716) /home/lgw/Lumine-benchmarks/Experiments/09/src/1_end/end.cpp:48] req_id = 2580016, end_time = 1682005912710670
I0420 15:51:52.711436 Main        (1875716) /home/lgw/Lumine-benchmarks/Experiments/09/src/1_end/end.cpp:48] req_id = 2760015, end_time = 1682005912711430
I0420 15:51:52.712143 Main        (1875716) /home/lgw/Lumine-benchmarks/Experiments/09/src/1_end/end.cpp:48] req_id = 2100016, end_time = 1682005912712137
I0420 15:51:52.717636 Main        (1875716) /home/lgw/Lumine-benchmarks/Experiments/09/src/1_end/end.cpp:48] req_id = 1980016, end_time = 1682005912717630
I0420 15:51:52.721700 Main        (1875716) /home/lgw/Lumine-benchmarks/Experiments/09/src/1_end/end.cpp:48] req_id = 2040015, end_time = 1682005912721694
I0420 15:51:53.019226 Main        (1875716) /home/lgw/Lumine-benchmarks/Experiments/09/src/1_end/end.cpp:48] req_id = 120017, end_time = 1682005913019221
I0420 15:51:53.021968 Main        (1875716) /home/lgw/Lumine-benchmarks/Experiments/09/src/1_end/end.cpp:48] req_id = 240017, end_time = 1682005913021962
I0420 15:51:53.023274 Main        (1875716) /home/lgw/Lumine-benchmarks/Experiments/09/src/1_end/end.cpp:48] req_id = 60018, end_time = 1682005913023268
I0420 15:51:53.031513 Main        (1875716) /home/lgw/Lumine-benchmarks/Experiments/09/src/1_end/end.cpp:48] req_id = 300017, end_time = 1682005913031506
I0420 15:51:53.035524 Main        (1875716) /home/lgw/Lumine-benchmarks/Experiments/09/src/1_end/end.cpp:48] req_id = 60019, end_time = 1682005913035518
I0420 15:51:53.055982 Main        (1875716) /home/lgw/Lumine-benchmarks/Experiments/09/src/1_end/end.cpp:48] req_id = 180018, end_time = 1682005913055976
I0420 15:51:53.103562 Main        (1875716) /home/lgw/Lumine-benchmarks/Experiments/09/src/1_end/end.cpp:48] req_id = 600017, end_time = 1682005913103556
I0420 15:51:53.130715 Main        (1875716) /home/lgw/Lumine-benchmarks/Experiments/09/src/1_end/end.cpp:48] req_id = 660017, end_time = 1682005913130710
I0420 15:51:53.164802 Main        (1875716) /home/lgw/Lumine-benchmarks/Experiments/09/src/1_end/end.cpp:48] req_id = 960017, end_time = 1682005913164796
I0420 15:51:53.169452 Main        (1875716) /home/lgw/Lumine-benchmarks/Experiments/09/src/1_end/end.cpp:48] req_id = 1680017, end_time = 1682005913169446
I0420 15:51:53.170309 Main        (1875716) /home/lgw/Lumine-benchmarks/Experiments/09/src/1_end/end.cpp:48] req_id = 1020018, end_time = 1682005913170303
I0420 15:51:53.176259 Main        (1875716) /home/lgw/Lumine-benchmarks/Experiments/09/src/1_end/end.cpp:48] req_id = 600018, end_time = 1682005913176253
I0420 15:51:53.179126 Main        (1875716) /home/lgw/Lumine-benchmarks/Experiments/09/src/1_end/end.cpp:48] req_id = 1620018, end_time = 1682005913179120
I0420 15:51:53.182847 Main        (1875716) /home/lgw/Lumine-benchmarks/Experiments/09/src/1_end/end.cpp:48] req_id = 2160017, end_time = 1682005913182841
I0420 15:51:53.184931 Main        (1875716) /home/lgw/Lumine-benchmarks/Experiments/09/src/1_end/end.cpp:48] req_id = 1440018, end_time = 1682005913184925
I0420 15:51:53.186160 Main        (1875716) /home/lgw/Lumine-benchmarks/Experiments/09/src/1_end/end.cpp:48] req_id = 1800017, end_time = 1682005913186154
I0420 15:51:53.195315 Main        (1875716) /home/lgw/Lumine-benchmarks/Experiments/09/src/1_end/end.cpp:48] req_id = 2700018, end_time = 1682005913195309
I0420 15:51:53.196490 Main        (1875716) /home/lgw/Lumine-benchmarks/Experiments/09/src/1_end/end.cpp:48] req_id = 1860018, end_time = 1682005913196484
I0420 15:51:53.518051 Main        (1875716) /home/lgw/Lumine-benchmarks/Experiments/09/src/1_end/end.cpp:48] req_id = 360019, end_time = 1682005913518045
I0420 15:51:53.518688 Main        (1875716) /home/lgw/Lumine-benchmarks/Experiments/09/src/1_end/end.cpp:48] req_id = 240019, end_time = 1682005913518682
I0420 15:51:53.555373 Main        (1875716) /home/lgw/Lumine-benchmarks/Experiments/09/src/1_end/end.cpp:48] req_id = 1080019, end_time = 1682005913555367
I0420 15:51:53.559128 Main        (1875716) /home/lgw/Lumine-benchmarks/Experiments/09/src/1_end/end.cpp:48] req_id = 780020, end_time = 1682005913559123
I0420 15:51:53.562867 Main        (1875716) /home/lgw/Lumine-benchmarks/Experiments/09/src/1_end/end.cpp:48] req_id = 720019, end_time = 1682005913562861
I0420 15:51:53.585463 Main        (1875716) /home/lgw/Lumine-benchmarks/Experiments/09/src/1_end/end.cpp:48] req_id = 1320019, end_time = 1682005913585457
I0420 15:51:53.606469 Main        (1875716) /home/lgw/Lumine-benchmarks/Experiments/09/src/1_end/end.cpp:48] req_id = 2160019, end_time = 1682005913606463
I0420 15:51:53.613116 Main        (1875716) /home/lgw/Lumine-benchmarks/Experiments/09/src/1_end/end.cpp:48] req_id = 1680019, end_time = 1682005913613110
I0420 15:51:53.614871 Main        (1875716) /home/lgw/Lumine-benchmarks/Experiments/09/src/1_end/end.cpp:48] req_id = 540019, end_time = 1682005913614865
I0420 15:51:53.618275 Main        (1875716) /home/lgw/Lumine-benchmarks/Experiments/09/src/1_end/end.cpp:48] req_id = 2400019, end_time = 1682005913618269
I0420 15:51:53.623841 Main        (1875716) /home/lgw/Lumine-benchmarks/Experiments/09/src/1_end/end.cpp:48] req_id = 2340019, end_time = 1682005913623835
I0420 15:51:53.625664 Main        (1875716) /home/lgw/Lumine-benchmarks/Experiments/09/src/1_end/end.cpp:48] req_id = 840019, end_time = 1682005913625658
I0420 15:51:53.628118 Main        (1875716) /home/lgw/Lumine-benchmarks/Experiments/09/src/1_end/end.cpp:48] req_id = 3000020, end_time = 1682005913628112
I0420 15:51:53.629002 Main        (1875716) /home/lgw/Lumine-benchmarks/Experiments/09/src/1_end/end.cpp:48] req_id = 2220019, end_time = 1682005913628996
I0420 15:51:53.630993 Main        (1875716) /home/lgw/Lumine-benchmarks/Experiments/09/src/1_end/end.cpp:48] req_id = 2760019, end_time = 1682005913630987
I0420 15:51:53.631306 Main        (1875716) /home/lgw/Lumine-benchmarks/Experiments/09/src/1_end/end.cpp:48] req_id = 1860019, end_time = 1682005913631303
I0420 15:51:53.633727 Main        (1875716) /home/lgw/Lumine-benchmarks/Experiments/09/src/1_end/end.cpp:48] req_id = 1920019, end_time = 1682005913633721
I0420 15:51:53.634182 Main        (1875716) /home/lgw/Lumine-benchmarks/Experiments/09/src/1_end/end.cpp:48] req_id = 2040019, end_time = 1682005913634176
I0420 15:51:53.639792 Main        (1875716) /home/lgw/Lumine-benchmarks/Experiments/09/src/1_end/end.cpp:48] req_id = 1440020, end_time = 1682005913639786
I0420 15:51:53.640577 Main        (1875716) /home/lgw/Lumine-benchmarks/Experiments/09/src/1_end/end.cpp:48] req_id = 1980020, end_time = 1682005913640571
I0420 15:51:53.644248 Main        (1875716) /home/lgw/Lumine-benchmarks/Experiments/09/src/1_end/end.cpp:48] req_id = 2040020, end_time = 1682005913644242
I0420 15:51:53.645079 Main        (1875716) /home/lgw/Lumine-benchmarks/Experiments/09/src/1_end/end.cpp:48] req_id = 2580020, end_time = 1682005913645073
I0420 15:51:53.649747 Main        (1875716) /home/lgw/Lumine-benchmarks/Experiments/09/src/1_end/end.cpp:48] req_id = 2280020, end_time = 1682005913649740
I0420 15:51:53.653752 Main        (1875716) /home/lgw/Lumine-benchmarks/Experiments/09/src/1_end/end.cpp:48] req_id = 2700019, end_time = 1682005913653746
I0420 15:51:54.032870 Main        (1875716) /home/lgw/Lumine-benchmarks/Experiments/09/src/1_end/end.cpp:48] req_id = 60023, end_time = 1682005914032860
I0420 15:51:54.120452 Main        (1875716) /home/lgw/Lumine-benchmarks/Experiments/09/src/1_end/end.cpp:48] req_id = 1440021, end_time = 1682005914120446
I0420 15:51:54.214086 Main        (1875716) /home/lgw/Lumine-benchmarks/Experiments/09/src/1_end/end.cpp:48] req_id = 2400022, end_time = 1682005914214080
I0420 15:51:54.215283 Main        (1875716) /home/lgw/Lumine-benchmarks/Experiments/09/src/1_end/end.cpp:48] req_id = 1500021, end_time = 1682005914215277
I0420 15:51:54.742124 Main        (1875716) /home/lgw/Lumine-benchmarks/Experiments/09/src/1_end/end.cpp:48] req_id = 2160024, end_time = 1682005914742117
I0420 15:51:54.742426 Main        (1875716) /home/lgw/Lumine-benchmarks/Experiments/09/src/1_end/end.cpp:48] req_id = 1560024, end_time = 1682005914742423
I0420 15:51:54.742657 Main        (1875716) /home/lgw/Lumine-benchmarks/Experiments/09/src/1_end/end.cpp:48] req_id = 1200024, end_time = 1682005914742654
I0420 15:51:54.743113 Main        (1875716) /home/lgw/Lumine-benchmarks/Experiments/09/src/1_end/end.cpp:48] req_id = 2100024, end_time = 1682005914743109
I0420 15:51:54.744110 Main        (1875716) /home/lgw/Lumine-benchmarks/Experiments/09/src/1_end/end.cpp:48] req_id = 2040023, end_time = 1682005914744104
I0420 15:51:54.744772 Main        (1875716) /home/lgw/Lumine-benchmarks/Experiments/09/src/1_end/end.cpp:48] req_id = 960023, end_time = 1682005914744768
I0420 15:51:54.745102 Main        (1875716) /home/lgw/Lumine-benchmarks/Experiments/09/src/1_end/end.cpp:48] req_id = 1800024, end_time = 1682005914745099
I0420 15:51:54.746802 Main        (1875716) /home/lgw/Lumine-benchmarks/Experiments/09/src/1_end/end.cpp:48] req_id = 1200023, end_time = 1682005914746796
I0420 15:51:54.748085 Main        (1875716) /home/lgw/Lumine-benchmarks/Experiments/09/src/1_end/end.cpp:48] req_id = 2400024, end_time = 1682005914748079
I0420 15:51:54.750235 Main        (1875716) /home/lgw/Lumine-benchmarks/Experiments/09/src/1_end/end.cpp:48] req_id = 2040024, end_time = 1682005914750229
I0420 15:51:54.751099 Main        (1875716) /home/lgw/Lumine-benchmarks/Experiments/09/src/1_end/end.cpp:48] req_id = 2700024, end_time = 1682005914751093
I0420 15:51:54.752759 Main        (1875716) /home/lgw/Lumine-benchmarks/Experiments/09/src/1_end/end.cpp:48] req_id = 2520023, end_time = 1682005914752753
I0420 15:51:54.753673 Main        (1875716) /home/lgw/Lumine-benchmarks/Experiments/09/src/1_end/end.cpp:48] req_id = 1740023, end_time = 1682005914753666
I0420 15:51:55.187579 Main        (1875716) /home/lgw/Lumine-benchmarks/Experiments/09/src/1_end/end.cpp:48] req_id = 1680026, end_time = 1682005915187566
I0420 15:51:55.188332 Main        (1875716) /home/lgw/Lumine-benchmarks/Experiments/09/src/1_end/end.cpp:48] req_id = 2940025, end_time = 1682005915188327
I0420 15:51:55.630776 Main        (1875716) /home/lgw/Lumine-benchmarks/Experiments/09/src/1_end/end.cpp:48] req_id = 2520027, end_time = 1682005915630766
I0420 15:51:55.637869 Main        (1875716) /home/lgw/Lumine-benchmarks/Experiments/09/src/1_end/end.cpp:48] req_id = 3000028, end_time = 1682005915637862
I0420 15:51:55.639068 Main        (1875716) /home/lgw/Lumine-benchmarks/Experiments/09/src/1_end/end.cpp:48] req_id = 2220027, end_time = 1682005915639061
I0420 15:51:55.639877 Main        (1875716) /home/lgw/Lumine-benchmarks/Experiments/09/src/1_end/end.cpp:48] req_id = 1740028, end_time = 1682005915639870
I0420 15:51:55.641695 Main        (1875716) /home/lgw/Lumine-benchmarks/Experiments/09/src/1_end/end.cpp:48] req_id = 2640027, end_time = 1682005915641687
I0420 15:51:55.648381 Main        (1875716) /home/lgw/Lumine-benchmarks/Experiments/09/src/1_end/end.cpp:48] req_id = 2820027, end_time = 1682005915648374
I0420 15:51:55.649693 Main        (1875716) /home/lgw/Lumine-benchmarks/Experiments/09/src/1_end/end.cpp:48] req_id = 2760028, end_time = 1682005915649686
I0420 15:51:55.650604 Main        (1875716) /home/lgw/Lumine-benchmarks/Experiments/09/src/1_end/end.cpp:48] req_id = 2700028, end_time = 1682005915650597
I0420 15:51:56.012923 Main        (1875716) /home/lgw/Lumine-benchmarks/Experiments/09/src/1_end/end.cpp:48] req_id = 60030, end_time = 1682005916012916
I0420 15:51:56.018575 Main        (1875716) /home/lgw/Lumine-benchmarks/Experiments/09/src/1_end/end.cpp:48] req_id = 180029, end_time = 1682005916018570
I0420 15:51:56.018975 Main        (1875716) /home/lgw/Lumine-benchmarks/Experiments/09/src/1_end/end.cpp:48] req_id = 240029, end_time = 1682005916018968
I0420 15:51:56.150303 Main        (1875716) /home/lgw/Lumine-benchmarks/Experiments/09/src/1_end/end.cpp:48] req_id = 1920029, end_time = 1682005916150297
I0420 15:51:56.157311 Main        (1875716) /home/lgw/Lumine-benchmarks/Experiments/09/src/1_end/end.cpp:48] req_id = 2520030, end_time = 1682005916157305
I0420 15:51:56.159491 Main        (1875716) /home/lgw/Lumine-benchmarks/Experiments/09/src/1_end/end.cpp:48] req_id = 1500030, end_time = 1682005916159483
I0420 15:51:56.159845 Main        (1875716) /home/lgw/Lumine-benchmarks/Experiments/09/src/1_end/end.cpp:48] req_id = 1140030, end_time = 1682005916159839
I0420 15:51:56.160311 Main        (1875716) /home/lgw/Lumine-benchmarks/Experiments/09/src/1_end/end.cpp:48] req_id = 1680029, end_time = 1682005916160307
I0420 15:51:56.161141 Main        (1875716) /home/lgw/Lumine-benchmarks/Experiments/09/src/1_end/end.cpp:48] req_id = 2820030, end_time = 1682005916161134
I0420 15:51:56.166388 Main        (1875716) /home/lgw/Lumine-benchmarks/Experiments/09/src/1_end/end.cpp:48] req_id = 1560029, end_time = 1682005916166381
I0420 15:51:56.168260 Main        (1875716) /home/lgw/Lumine-benchmarks/Experiments/09/src/1_end/end.cpp:48] req_id = 2580029, end_time = 1682005916168254
I0420 15:51:56.173749 Main        (1875716) /home/lgw/Lumine-benchmarks/Experiments/09/src/1_end/end.cpp:48] req_id = 2880030, end_time = 1682005916173743
I0420 15:51:56.176053 Main        (1875716) /home/lgw/Lumine-benchmarks/Experiments/09/src/1_end/end.cpp:48] req_id = 1800030, end_time = 1682005916176045
I0420 15:51:56.525031 Main        (1875716) /home/lgw/Lumine-benchmarks/Experiments/09/src/1_end/end.cpp:48] req_id = 180031, end_time = 1682005916525024
I0420 15:51:56.526612 Main        (1875716) /home/lgw/Lumine-benchmarks/Experiments/09/src/1_end/end.cpp:48] req_id = 300031, end_time = 1682005916526607
I0420 15:51:56.527092 Main        (1875716) /home/lgw/Lumine-benchmarks/Experiments/09/src/1_end/end.cpp:48] req_id = 240031, end_time = 1682005916527088
I0420 15:51:56.532408 Main        (1875716) /home/lgw/Lumine-benchmarks/Experiments/09/src/1_end/end.cpp:48] req_id = 60033, end_time = 1682005916532403
I0420 15:51:56.533413 Main        (1875716) /home/lgw/Lumine-benchmarks/Experiments/09/src/1_end/end.cpp:48] req_id = 120032, end_time = 1682005916533408
I0420 15:51:56.575145 Main        (1875716) /home/lgw/Lumine-benchmarks/Experiments/09/src/1_end/end.cpp:48] req_id = 1260031, end_time = 1682005916575140
I0420 15:51:56.633577 Main        (1875716) /home/lgw/Lumine-benchmarks/Experiments/09/src/1_end/end.cpp:48] req_id = 1260032, end_time = 1682005916633571
I0420 15:51:56.636089 Main        (1875716) /home/lgw/Lumine-benchmarks/Experiments/09/src/1_end/end.cpp:48] req_id = 1920032, end_time = 1682005916636083
I0420 15:51:56.642267 Main        (1875716) /home/lgw/Lumine-benchmarks/Experiments/09/src/1_end/end.cpp:48] req_id = 1320032, end_time = 1682005916642261
I0420 15:51:56.652438 Main        (1875716) /home/lgw/Lumine-benchmarks/Experiments/09/src/1_end/end.cpp:48] req_id = 1560032, end_time = 1682005916652432
I0420 15:51:56.679081 Main        (1875716) /home/lgw/Lumine-benchmarks/Experiments/09/src/1_end/end.cpp:48] req_id = 1860032, end_time = 1682005916679075
I0420 15:51:56.681430 Main        (1875716) /home/lgw/Lumine-benchmarks/Experiments/09/src/1_end/end.cpp:48] req_id = 2460032, end_time = 1682005916681424
I0420 15:51:56.683296 Main        (1875716) /home/lgw/Lumine-benchmarks/Experiments/09/src/1_end/end.cpp:48] req_id = 3000032, end_time = 1682005916683290
I0420 15:51:56.683746 Main        (1875716) /home/lgw/Lumine-benchmarks/Experiments/09/src/1_end/end.cpp:48] req_id = 2220032, end_time = 1682005916683740
I0420 15:51:57.015377 Main        (1875716) /home/lgw/Lumine-benchmarks/Experiments/09/src/1_end/end.cpp:48] req_id = 120033, end_time = 1682005917015372
I0420 15:51:57.088759 Main        (1875716) /home/lgw/Lumine-benchmarks/Experiments/09/src/1_end/end.cpp:48] req_id = 360033, end_time = 1682005917088753
I0420 15:51:57.089428 Main        (1875716) /home/lgw/Lumine-benchmarks/Experiments/09/src/1_end/end.cpp:48] req_id = 840033, end_time = 1682005917089422
I0420 15:51:57.146188 Main        (1875716) /home/lgw/Lumine-benchmarks/Experiments/09/src/1_end/end.cpp:48] req_id = 720033, end_time = 1682005917146182
I0420 15:51:57.151364 Main        (1875716) /home/lgw/Lumine-benchmarks/Experiments/09/src/1_end/end.cpp:48] req_id = 1740033, end_time = 1682005917151358
I0420 15:51:57.152339 Main        (1875716) /home/lgw/Lumine-benchmarks/Experiments/09/src/1_end/end.cpp:48] req_id = 780033, end_time = 1682005917152332
I0420 15:51:57.164750 Main        (1875716) /home/lgw/Lumine-benchmarks/Experiments/09/src/1_end/end.cpp:48] req_id = 1140034, end_time = 1682005917164744
I0420 15:51:57.207752 Main        (1875716) /home/lgw/Lumine-benchmarks/Experiments/09/src/1_end/end.cpp:48] req_id = 2700033, end_time = 1682005917207746
I0420 15:51:57.211967 Main        (1875716) /home/lgw/Lumine-benchmarks/Experiments/09/src/1_end/end.cpp:48] req_id = 1440033, end_time = 1682005917211961
I0420 15:51:57.213474 Main        (1875716) /home/lgw/Lumine-benchmarks/Experiments/09/src/1_end/end.cpp:48] req_id = 1740034, end_time = 1682005917213468
I0420 15:51:57.213821 Main        (1875716) /home/lgw/Lumine-benchmarks/Experiments/09/src/1_end/end.cpp:48] req_id = 2940034, end_time = 1682005917213817
I0420 15:51:57.515362 Main        (1875716) /home/lgw/Lumine-benchmarks/Experiments/09/src/1_end/end.cpp:48] req_id = 120035, end_time = 1682005917515356
I0420 15:51:57.527909 Main        (1875716) /home/lgw/Lumine-benchmarks/Experiments/09/src/1_end/end.cpp:48] req_id = 360035, end_time = 1682005917527902
I0420 15:51:57.533946 Main        (1875716) /home/lgw/Lumine-benchmarks/Experiments/09/src/1_end/end.cpp:48] req_id = 60037, end_time = 1682005917533940
I0420 15:51:57.537562 Main        (1875716) /home/lgw/Lumine-benchmarks/Experiments/09/src/1_end/end.cpp:48] req_id = 660035, end_time = 1682005917537556
I0420 15:51:57.540093 Main        (1875716) /home/lgw/Lumine-benchmarks/Experiments/09/src/1_end/end.cpp:48] req_id = 540035, end_time = 1682005917540087
I0420 15:51:57.643163 Main        (1875716) /home/lgw/Lumine-benchmarks/Experiments/09/src/1_end/end.cpp:48] req_id = 2820035, end_time = 1682005917643157
I0420 15:51:57.648243 Main        (1875716) /home/lgw/Lumine-benchmarks/Experiments/09/src/1_end/end.cpp:48] req_id = 1200036, end_time = 1682005917648236
I0420 15:51:57.650058 Main        (1875716) /home/lgw/Lumine-benchmarks/Experiments/09/src/1_end/end.cpp:48] req_id = 120036, end_time = 1682005917650052
I0420 15:51:57.653709 Main        (1875716) /home/lgw/Lumine-benchmarks/Experiments/09/src/1_end/end.cpp:48] req_id = 1620036, end_time = 1682005917653703
I0420 15:51:57.656661 Main        (1875716) /home/lgw/Lumine-benchmarks/Experiments/09/src/1_end/end.cpp:48] req_id = 900035, end_time = 1682005917656655
I0420 15:51:57.660867 Main        (1875716) /home/lgw/Lumine-benchmarks/Experiments/09/src/1_end/end.cpp:48] req_id = 3000035, end_time = 1682005917660861
I0420 15:51:57.661505 Main        (1875716) /home/lgw/Lumine-benchmarks/Experiments/09/src/1_end/end.cpp:48] req_id = 1860035, end_time = 1682005917661499
I0420 15:51:57.667287 Main        (1875716) /home/lgw/Lumine-benchmarks/Experiments/09/src/1_end/end.cpp:48] req_id = 2520036, end_time = 1682005917667280
I0420 15:51:57.667666 Main        (1875716) /home/lgw/Lumine-benchmarks/Experiments/09/src/1_end/end.cpp:48] req_id = 2400035, end_time = 1682005917667661
I0420 15:51:57.668772 Main        (1875716) /home/lgw/Lumine-benchmarks/Experiments/09/src/1_end/end.cpp:48] req_id = 2700035, end_time = 1682005917668768
I0420 15:51:58.192329 Main        (1875716) /home/lgw/Lumine-benchmarks/Experiments/09/src/1_end/end.cpp:48] req_id = 2820037, end_time = 1682005918192315
I0420 15:51:58.193071 Main        (1875716) /home/lgw/Lumine-benchmarks/Experiments/09/src/1_end/end.cpp:48] req_id = 1920037, end_time = 1682005918193066
I0420 15:51:58.193521 Main        (1875716) /home/lgw/Lumine-benchmarks/Experiments/09/src/1_end/end.cpp:48] req_id = 660038, end_time = 1682005918193515
I0420 15:51:58.194111 Main        (1875716) /home/lgw/Lumine-benchmarks/Experiments/09/src/1_end/end.cpp:48] req_id = 840038, end_time = 1682005918194106
I0420 15:51:58.197311 Main        (1875716) /home/lgw/Lumine-benchmarks/Experiments/09/src/1_end/end.cpp:48] req_id = 2160038, end_time = 1682005918197305
I0420 15:51:58.197685 Main        (1875716) /home/lgw/Lumine-benchmarks/Experiments/09/src/1_end/end.cpp:48] req_id = 2820038, end_time = 1682005918197682
I0420 15:51:58.514878 Main        (1875716) /home/lgw/Lumine-benchmarks/Experiments/09/src/1_end/end.cpp:48] req_id = 60040, end_time = 1682005918514873
I0420 15:51:58.519344 Main        (1875716) /home/lgw/Lumine-benchmarks/Experiments/09/src/1_end/end.cpp:48] req_id = 240039, end_time = 1682005918519338
I0420 15:51:58.662383 Main        (1875716) /home/lgw/Lumine-benchmarks/Experiments/09/src/1_end/end.cpp:48] req_id = 2160040, end_time = 1682005918662379
I0420 15:51:58.663471 Main        (1875716) /home/lgw/Lumine-benchmarks/Experiments/09/src/1_end/end.cpp:48] req_id = 1860040, end_time = 1682005918663467
I0420 15:51:58.664372 Main        (1875716) /home/lgw/Lumine-benchmarks/Experiments/09/src/1_end/end.cpp:48] req_id = 2160039, end_time = 1682005918664368
I0420 15:51:58.665052 Main        (1875716) /home/lgw/Lumine-benchmarks/Experiments/09/src/1_end/end.cpp:48] req_id = 2460040, end_time = 1682005918665048
I0420 15:51:58.669787 Main        (1875716) /home/lgw/Lumine-benchmarks/Experiments/09/src/1_end/end.cpp:48] req_id = 2040040, end_time = 1682005918669783
I0420 15:51:58.671110 Main        (1875716) /home/lgw/Lumine-benchmarks/Experiments/09/src/1_end/end.cpp:48] req_id = 2880039, end_time = 1682005918671106
I0420 15:51:59.083984 Main        (1875716) /home/lgw/Lumine-benchmarks/Experiments/09/src/1_end/end.cpp:48] req_id = 480041, end_time = 1682005919083980
I0420 15:51:59.105632 Main        (1875716) /home/lgw/Lumine-benchmarks/Experiments/09/src/1_end/end.cpp:48] req_id = 420042, end_time = 1682005919105626
I0420 15:51:59.123380 Main        (1875716) /home/lgw/Lumine-benchmarks/Experiments/09/src/1_end/end.cpp:48] req_id = 780041, end_time = 1682005919123376
I0420 15:51:59.125777 Main        (1875716) /home/lgw/Lumine-benchmarks/Experiments/09/src/1_end/end.cpp:48] req_id = 2460041, end_time = 1682005919125775
I0420 15:51:59.127637 Main        (1875716) /home/lgw/Lumine-benchmarks/Experiments/09/src/1_end/end.cpp:48] req_id = 1320042, end_time = 1682005919127635
I0420 15:51:59.137142 Main        (1875716) /home/lgw/Lumine-benchmarks/Experiments/09/src/1_end/end.cpp:48] req_id = 2580042, end_time = 1682005919137135
I0420 15:51:59.143468 Main        (1875716) /home/lgw/Lumine-benchmarks/Experiments/09/src/1_end/end.cpp:48] req_id = 1260041, end_time = 1682005919143457
I0420 15:51:59.157002 Main        (1875716) /home/lgw/Lumine-benchmarks/Experiments/09/src/1_end/end.cpp:48] req_id = 1860041, end_time = 1682005919156996
I0420 15:51:59.158287 Main        (1875716) /home/lgw/Lumine-benchmarks/Experiments/09/src/1_end/end.cpp:48] req_id = 2820041, end_time = 1682005919158281
I0420 15:51:59.159221 Main        (1875716) /home/lgw/Lumine-benchmarks/Experiments/09/src/1_end/end.cpp:48] req_id = 2940042, end_time = 1682005919159215
I0420 15:51:59.160317 Main        (1875716) /home/lgw/Lumine-benchmarks/Experiments/09/src/1_end/end.cpp:48] req_id = 1560042, end_time = 1682005919160311
I0420 15:51:59.160901 Main        (1875716) /home/lgw/Lumine-benchmarks/Experiments/09/src/1_end/end.cpp:48] req_id = 2940041, end_time = 1682005919160894
I0420 15:51:59.161352 Main        (1875716) /home/lgw/Lumine-benchmarks/Experiments/09/src/1_end/end.cpp:48] req_id = 2220042, end_time = 1682005919161346
I0420 15:51:59.161857 Main        (1875716) /home/lgw/Lumine-benchmarks/Experiments/09/src/1_end/end.cpp:48] req_id = 2520042, end_time = 1682005919161851
I0420 15:51:59.162243 Main        (1875716) /home/lgw/Lumine-benchmarks/Experiments/09/src/1_end/end.cpp:48] req_id = 2700042, end_time = 1682005919162239
I0420 15:51:59.162483 Main        (1875716) /home/lgw/Lumine-benchmarks/Experiments/09/src/1_end/end.cpp:48] req_id = 1920042, end_time = 1682005919162480
I0420 15:51:59.163143 Main        (1875716) /home/lgw/Lumine-benchmarks/Experiments/09/src/1_end/end.cpp:48] req_id = 2820042, end_time = 1682005919163137
I0420 15:51:59.164089 Main        (1875716) /home/lgw/Lumine-benchmarks/Experiments/09/src/1_end/end.cpp:48] req_id = 1740041, end_time = 1682005919164083
I0420 15:51:59.164347 Main        (1875716) /home/lgw/Lumine-benchmarks/Experiments/09/src/1_end/end.cpp:48] req_id = 2040042, end_time = 1682005919164344
I0420 15:51:59.165615 Main        (1875716) /home/lgw/Lumine-benchmarks/Experiments/09/src/1_end/end.cpp:48] req_id = 2160041, end_time = 1682005919165609
I0420 15:51:59.165947 Main        (1875716) /home/lgw/Lumine-benchmarks/Experiments/09/src/1_end/end.cpp:48] req_id = 2640042, end_time = 1682005919165944
I0420 15:51:59.169608 Main        (1875716) /home/lgw/Lumine-benchmarks/Experiments/09/src/1_end/end.cpp:48] req_id = 1740042, end_time = 1682005919169602
I0420 15:51:59.178521 Main        (1875716) /home/lgw/Lumine-benchmarks/Experiments/09/src/1_end/end.cpp:48] req_id = 2340042, end_time = 1682005919178514
I0420 15:51:59.512252 Main        (1875716) /home/lgw/Lumine-benchmarks/Experiments/09/src/1_end/end.cpp:48] req_id = 60044, end_time = 1682005919512246
I0420 15:51:59.512830 Main        (1875716) /home/lgw/Lumine-benchmarks/Experiments/09/src/1_end/end.cpp:48] req_id = 180043, end_time = 1682005919512824
I0420 15:51:59.519978 Main        (1875716) /home/lgw/Lumine-benchmarks/Experiments/09/src/1_end/end.cpp:48] req_id = 120043, end_time = 1682005919519974
I0420 15:51:59.542413 Main        (1875716) /home/lgw/Lumine-benchmarks/Experiments/09/src/1_end/end.cpp:48] req_id = 840043, end_time = 1682005919542409
I0420 15:51:59.552698 Main        (1875716) /home/lgw/Lumine-benchmarks/Experiments/09/src/1_end/end.cpp:48] req_id = 180044, end_time = 1682005919552688
I0420 15:51:59.620346 Main        (1875716) /home/lgw/Lumine-benchmarks/Experiments/09/src/1_end/end.cpp:48] req_id = 1200044, end_time = 1682005919620341
I0420 15:51:59.620643 Main        (1875716) /home/lgw/Lumine-benchmarks/Experiments/09/src/1_end/end.cpp:48] req_id = 960044, end_time = 1682005919620641
I0420 15:51:59.620929 Main        (1875716) /home/lgw/Lumine-benchmarks/Experiments/09/src/1_end/end.cpp:48] req_id = 360044, end_time = 1682005919620927
I0420 15:51:59.622531 Main        (1875716) /home/lgw/Lumine-benchmarks/Experiments/09/src/1_end/end.cpp:48] req_id = 420044, end_time = 1682005919622529
I0420 15:51:59.630667 Main        (1875716) /home/lgw/Lumine-benchmarks/Experiments/09/src/1_end/end.cpp:48] req_id = 1560044, end_time = 1682005919630664
I0420 15:51:59.631220 Main        (1875716) /home/lgw/Lumine-benchmarks/Experiments/09/src/1_end/end.cpp:48] req_id = 2640043, end_time = 1682005919631218
I0420 15:51:59.633541 Main        (1875716) /home/lgw/Lumine-benchmarks/Experiments/09/src/1_end/end.cpp:48] req_id = 1080044, end_time = 1682005919633539
I0420 15:51:59.635245 Main        (1875716) /home/lgw/Lumine-benchmarks/Experiments/09/src/1_end/end.cpp:48] req_id = 2580043, end_time = 1682005919635243
I0420 15:51:59.643059 Main        (1875716) /home/lgw/Lumine-benchmarks/Experiments/09/src/1_end/end.cpp:48] req_id = 1740043, end_time = 1682005919643056
I0420 15:51:59.644913 Main        (1875716) /home/lgw/Lumine-benchmarks/Experiments/09/src/1_end/end.cpp:48] req_id = 3000043, end_time = 1682005919644911
I0420 15:51:59.645174 Main        (1875716) /home/lgw/Lumine-benchmarks/Experiments/09/src/1_end/end.cpp:48] req_id = 2340043, end_time = 1682005919645172
I0420 15:51:59.645792 Main        (1875716) /home/lgw/Lumine-benchmarks/Experiments/09/src/1_end/end.cpp:48] req_id = 2100044, end_time = 1682005919645789
I0420 15:51:59.646868 Main        (1875716) /home/lgw/Lumine-benchmarks/Experiments/09/src/1_end/end.cpp:48] req_id = 2220043, end_time = 1682005919646865
I0420 15:51:59.647635 Main        (1875716) /home/lgw/Lumine-benchmarks/Experiments/09/src/1_end/end.cpp:48] req_id = 1500043, end_time = 1682005919647633
I0420 15:51:59.647929 Main        (1875716) /home/lgw/Lumine-benchmarks/Experiments/09/src/1_end/end.cpp:48] req_id = 1680044, end_time = 1682005919647927
I0420 15:51:59.649610 Main        (1875716) /home/lgw/Lumine-benchmarks/Experiments/09/src/1_end/end.cpp:48] req_id = 1500044, end_time = 1682005919649608
I0420 15:51:59.654384 Main        (1875716) /home/lgw/Lumine-benchmarks/Experiments/09/src/1_end/end.cpp:48] req_id = 2580044, end_time = 1682005919654382
I0420 15:51:59.657665 Main        (1875716) /home/lgw/Lumine-benchmarks/Experiments/09/src/1_end/end.cpp:48] req_id = 3000044, end_time = 1682005919657663
I0420 15:51:59.659294 Main        (1875716) /home/lgw/Lumine-benchmarks/Experiments/09/src/1_end/end.cpp:48] req_id = 2940043, end_time = 1682005919659292
I0420 15:52:00.024390 Main        (1875716) /home/lgw/Lumine-benchmarks/Experiments/09/src/1_end/end.cpp:48] req_id = 60046, end_time = 1682005920024384
I0420 15:52:00.033853 Main        (1875716) /home/lgw/Lumine-benchmarks/Experiments/09/src/1_end/end.cpp:48] req_id = 180045, end_time = 1682005920033847
I0420 15:52:00.062465 Main        (1875716) /home/lgw/Lumine-benchmarks/Experiments/09/src/1_end/end.cpp:48] req_id = 240045, end_time = 1682005920062459
I0420 15:52:00.116540 Main        (1875716) /home/lgw/Lumine-benchmarks/Experiments/09/src/1_end/end.cpp:48] req_id = 540045, end_time = 1682005920116534
I0420 15:52:00.153339 Main        (1875716) /home/lgw/Lumine-benchmarks/Experiments/09/src/1_end/end.cpp:48] req_id = 720046, end_time = 1682005920153333
I0420 15:52:00.158371 Main        (1875716) /home/lgw/Lumine-benchmarks/Experiments/09/src/1_end/end.cpp:48] req_id = 120045, end_time = 1682005920158365
I0420 15:52:00.168824 Main        (1875716) /home/lgw/Lumine-benchmarks/Experiments/09/src/1_end/end.cpp:48] req_id = 780045, end_time = 1682005920168817
I0420 15:52:00.170627 Main        (1875716) /home/lgw/Lumine-benchmarks/Experiments/09/src/1_end/end.cpp:48] req_id = 240046, end_time = 1682005920170621
I0420 15:52:00.183323 Main        (1875716) /home/lgw/Lumine-benchmarks/Experiments/09/src/1_end/end.cpp:48] req_id = 660045, end_time = 1682005920183317
I0420 15:52:00.183635 Main        (1875716) /home/lgw/Lumine-benchmarks/Experiments/09/src/1_end/end.cpp:48] req_id = 360045, end_time = 1682005920183629
I0420 15:52:00.189429 Main        (1875716) /home/lgw/Lumine-benchmarks/Experiments/09/src/1_end/end.cpp:48] req_id = 1560045, end_time = 1682005920189423
I0420 15:52:00.193797 Main        (1875716) /home/lgw/Lumine-benchmarks/Experiments/09/src/1_end/end.cpp:48] req_id = 2280046, end_time = 1682005920193791
I0420 15:52:00.196312 Main        (1875716) /home/lgw/Lumine-benchmarks/Experiments/09/src/1_end/end.cpp:48] req_id = 1680046, end_time = 1682005920196306
I0420 15:52:00.198834 Main        (1875716) /home/lgw/Lumine-benchmarks/Experiments/09/src/1_end/end.cpp:48] req_id = 1020046, end_time = 1682005920198828
I0420 15:52:00.200275 Main        (1875716) /home/lgw/Lumine-benchmarks/Experiments/09/src/1_end/end.cpp:48] req_id = 2640045, end_time = 1682005920200269
I0420 15:52:00.202798 Main        (1875716) /home/lgw/Lumine-benchmarks/Experiments/09/src/1_end/end.cpp:48] req_id = 1680045, end_time = 1682005920202791
I0420 15:52:00.203198 Main        (1875716) /home/lgw/Lumine-benchmarks/Experiments/09/src/1_end/end.cpp:48] req_id = 2220046, end_time = 1682005920203194
I0420 15:52:00.205712 Main        (1875716) /home/lgw/Lumine-benchmarks/Experiments/09/src/1_end/end.cpp:48] req_id = 2100045, end_time = 1682005920205706
I0420 15:52:00.206433 Main        (1875716) /home/lgw/Lumine-benchmarks/Experiments/09/src/1_end/end.cpp:48] req_id = 2160045, end_time = 1682005920206427
I0420 15:52:00.211553 Main        (1875716) /home/lgw/Lumine-benchmarks/Experiments/09/src/1_end/end.cpp:48] req_id = 660046, end_time = 1682005920211547
I0420 15:52:00.212118 Main        (1875716) /home/lgw/Lumine-benchmarks/Experiments/09/src/1_end/end.cpp:48] req_id = 2700046, end_time = 1682005920212113
I0420 15:52:00.624284 Main        (1875716) /home/lgw/Lumine-benchmarks/Experiments/09/src/1_end/end.cpp:48] req_id = 1080047, end_time = 1682005920624271
I0420 15:52:00.631026 Main        (1875716) /home/lgw/Lumine-benchmarks/Experiments/09/src/1_end/end.cpp:48] req_id = 480048, end_time = 1682005920631020
I0420 15:52:00.636428 Main        (1875716) /home/lgw/Lumine-benchmarks/Experiments/09/src/1_end/end.cpp:48] req_id = 1680047, end_time = 1682005920636422
I0420 15:52:00.637039 Main        (1875716) /home/lgw/Lumine-benchmarks/Experiments/09/src/1_end/end.cpp:48] req_id = 2820047, end_time = 1682005920637034
I0420 15:52:00.637607 Main        (1875716) /home/lgw/Lumine-benchmarks/Experiments/09/src/1_end/end.cpp:48] req_id = 3000048, end_time = 1682005920637603
I0420 15:52:00.638006 Main        (1875716) /home/lgw/Lumine-benchmarks/Experiments/09/src/1_end/end.cpp:48] req_id = 2880048, end_time = 1682005920638000
I0420 15:52:00.638706 Main        (1875716) /home/lgw/Lumine-benchmarks/Experiments/09/src/1_end/end.cpp:48] req_id = 2100047, end_time = 1682005920638701
I0420 15:52:49.103975 Main        (1875716) /home/lgw/Lumine-benchmarks/Experiments/09/src/1_end/end.cpp:48] req_id = 1740241, end_time = 1682005969103963
I0420 15:52:49.104965 Main        (1875716) /home/lgw/Lumine-benchmarks/Experiments/09/src/1_end/end.cpp:48] req_id = 2760241, end_time = 1682005969104960
I0420 15:52:49.106119 Main        (1875716) /home/lgw/Lumine-benchmarks/Experiments/09/src/1_end/end.cpp:48] req_id = 2280241, end_time = 1682005969106113
I0420 15:52:49.106871 Main        (1875716) /home/lgw/Lumine-benchmarks/Experiments/09/src/1_end/end.cpp:48] req_id = 2400241, end_time = 1682005969106865
I0420 15:52:49.110599 Main        (1875716) /home/lgw/Lumine-benchmarks/Experiments/09/src/1_end/end.cpp:48] req_id = 2220242, end_time = 1682005969110593
I0420 15:52:49.111633 Main        (1875716) /home/lgw/Lumine-benchmarks/Experiments/09/src/1_end/end.cpp:48] req_id = 2340241, end_time = 1682005969111627
I0420 15:52:49.118430 Main        (1875716) /home/lgw/Lumine-benchmarks/Experiments/09/src/1_end/end.cpp:48] req_id = 2880241, end_time = 1682005969118424
