I0420 15:51:12.134077 Main        (1875715) /home/lgw/Lumine-benchmarks/Lumine/lib/base/thread.cpp:96] Register main thread: tid=1875715
I0420 15:51:12.136541 Main        (1875715) /home/lgw/Lumine-benchmarks/Lumine/lib/common/config.cpp:332] Load configuration for function exp09Start[1]
I0420 15:51:12.136737 Main        (1875715) /home/lgw/Lumine-benchmarks/Lumine/lib/common/config.cpp:332] Load configuration for function exp09End[2]
I0420 15:51:12.136836 Main        (1875715) /home/lgw/Lumine-benchmarks/Lumine/lib/common/config.cpp:332] Load configuration for function exp09Register[3]
I0420 15:51:12.136891 Main        (1875715) /home/lgw/Lumine-benchmarks/Lumine/lib/common/config.cpp:332] Load configuration for function exp09StartFinra[4]
I0420 15:51:12.137087 Main        (1875715) /home/lgw/Lumine-benchmarks/Lumine/src/host/worker/cpp/func_worker.cpp:107] My client_id is 14
I0420 15:51:12.137178 Main        (1875715) /home/lgw/Lumine-benchmarks/Lumine/src/host/worker/cpp/func_worker.cpp:173] Use extra pipes for messages
I0420 15:51:12.137618 Main        (1875715) /home/lgw/Lumine-benchmarks/Lumine/src/host/worker/cpp/func_worker.cpp:195] Handshake done
I0420 15:51:49.171101 Main        (1875715) /home/lgw/Lumine-benchmarks/Experiments/09/src/1_end/end.cpp:48] req_id = 2340001, end_time = 1682005909171089
I0420 15:51:49.171750 Main        (1875715) /home/lgw/Lumine-benchmarks/Experiments/09/src/1_end/end.cpp:48] req_id = 480002, end_time = 1682005909171740
I0420 15:51:49.172306 Main        (1875715) /home/lgw/Lumine-benchmarks/Experiments/09/src/1_end/end.cpp:48] req_id = 1320001, end_time = 1682005909172299
I0420 15:51:49.172640 Main        (1875715) /home/lgw/Lumine-benchmarks/Experiments/09/src/1_end/end.cpp:48] req_id = 1860001, end_time = 1682005909172634
I0420 15:51:49.173051 Main        (1875715) /home/lgw/Lumine-benchmarks/Experiments/09/src/1_end/end.cpp:48] req_id = 2160001, end_time = 1682005909173044
I0420 15:51:49.173433 Main        (1875715) /home/lgw/Lumine-benchmarks/Experiments/09/src/1_end/end.cpp:48] req_id = 2040001, end_time = 1682005909173429
I0420 15:51:49.173697 Main        (1875715) /home/lgw/Lumine-benchmarks/Experiments/09/src/1_end/end.cpp:48] req_id = 900002, end_time = 1682005909173691
I0420 15:51:49.182570 Main        (1875715) /home/lgw/Lumine-benchmarks/Experiments/09/src/1_end/end.cpp:48] req_id = 2400001, end_time = 1682005909182564
I0420 15:51:49.182919 Main        (1875715) /home/lgw/Lumine-benchmarks/Experiments/09/src/1_end/end.cpp:48] req_id = 2220002, end_time = 1682005909182917
I0420 15:51:49.183187 Main        (1875715) /home/lgw/Lumine-benchmarks/Experiments/09/src/1_end/end.cpp:48] req_id = 2520001, end_time = 1682005909183184
I0420 15:51:49.187098 Main        (1875715) /home/lgw/Lumine-benchmarks/Experiments/09/src/1_end/end.cpp:48] req_id = 2160002, end_time = 1682005909187092
I0420 15:51:49.188153 Main        (1875715) /home/lgw/Lumine-benchmarks/Experiments/09/src/1_end/end.cpp:48] req_id = 2640001, end_time = 1682005909188147
I0420 15:51:49.189583 Main        (1875715) /home/lgw/Lumine-benchmarks/Experiments/09/src/1_end/end.cpp:48] req_id = 120002, end_time = 1682005909189577
I0420 15:51:49.189950 Main        (1875715) /home/lgw/Lumine-benchmarks/Experiments/09/src/1_end/end.cpp:48] req_id = 600001, end_time = 1682005909189946
I0420 15:51:49.516656 Main        (1875715) /home/lgw/Lumine-benchmarks/Experiments/09/src/1_end/end.cpp:48] req_id = 120003, end_time = 1682005909516650
I0420 15:51:49.517828 Main        (1875715) /home/lgw/Lumine-benchmarks/Experiments/09/src/1_end/end.cpp:48] req_id = 60004, end_time = 1682005909517821
I0420 15:51:49.518339 Main        (1875715) /home/lgw/Lumine-benchmarks/Experiments/09/src/1_end/end.cpp:48] req_id = 180003, end_time = 1682005909518332
I0420 15:51:49.638445 Main        (1875715) /home/lgw/Lumine-benchmarks/Experiments/09/src/1_end/end.cpp:48] req_id = 1500003, end_time = 1682005909638439
I0420 15:51:49.641297 Main        (1875715) /home/lgw/Lumine-benchmarks/Experiments/09/src/1_end/end.cpp:48] req_id = 1740004, end_time = 1682005909641291
I0420 15:51:49.643847 Main        (1875715) /home/lgw/Lumine-benchmarks/Experiments/09/src/1_end/end.cpp:48] req_id = 2220003, end_time = 1682005909643840
I0420 15:51:49.644451 Main        (1875715) /home/lgw/Lumine-benchmarks/Experiments/09/src/1_end/end.cpp:48] req_id = 840003, end_time = 1682005909644445
I0420 15:51:50.210544 Main        (1875715) /home/lgw/Lumine-benchmarks/Experiments/09/src/1_end/end.cpp:48] req_id = 2160006, end_time = 1682005910210538
I0420 15:51:50.211251 Main        (1875715) /home/lgw/Lumine-benchmarks/Experiments/09/src/1_end/end.cpp:48] req_id = 2520003, end_time = 1682005910211247
I0420 15:51:50.211981 Main        (1875715) /home/lgw/Lumine-benchmarks/Experiments/09/src/1_end/end.cpp:48] req_id = 1740006, end_time = 1682005910211973
I0420 15:51:50.701671 Main        (1875715) /home/lgw/Lumine-benchmarks/Experiments/09/src/1_end/end.cpp:48] req_id = 2940005, end_time = 1682005910701665
I0420 15:51:50.702147 Main        (1875715) /home/lgw/Lumine-benchmarks/Experiments/09/src/1_end/end.cpp:48] req_id = 1740008, end_time = 1682005910702143
I0420 15:51:50.807955 Main        (1875715) /home/lgw/Lumine-benchmarks/Experiments/09/src/1_end/end.cpp:48] req_id = 2880007, end_time = 1682005910807949
I0420 15:51:50.830330 Main        (1875715) /home/lgw/Lumine-benchmarks/Experiments/09/src/1_end/end.cpp:48] req_id = 2700008, end_time = 1682005910830324
I0420 15:51:50.833605 Main        (1875715) /home/lgw/Lumine-benchmarks/Experiments/09/src/1_end/end.cpp:48] req_id = 3000007, end_time = 1682005910833599
I0420 15:51:50.840335 Main        (1875715) /home/lgw/Lumine-benchmarks/Experiments/09/src/1_end/end.cpp:48] req_id = 2580008, end_time = 1682005910840329
I0420 15:51:50.840884 Main        (1875715) /home/lgw/Lumine-benchmarks/Experiments/09/src/1_end/end.cpp:48] req_id = 2940008, end_time = 1682005910840881
I0420 15:51:50.841496 Main        (1875715) /home/lgw/Lumine-benchmarks/Experiments/09/src/1_end/end.cpp:48] req_id = 2880008, end_time = 1682005910841490
I0420 15:51:50.841955 Main        (1875715) /home/lgw/Lumine-benchmarks/Experiments/09/src/1_end/end.cpp:48] req_id = 3000008, end_time = 1682005910841949
I0420 15:51:50.842602 Main        (1875715) /home/lgw/Lumine-benchmarks/Experiments/09/src/1_end/end.cpp:48] req_id = 2520008, end_time = 1682005910842596
I0420 15:51:51.172697 Main        (1875715) /home/lgw/Lumine-benchmarks/Experiments/09/src/1_end/end.cpp:48] req_id = 2160009, end_time = 1682005911172691
I0420 15:51:51.173090 Main        (1875715) /home/lgw/Lumine-benchmarks/Experiments/09/src/1_end/end.cpp:48] req_id = 2520010, end_time = 1682005911173085
I0420 15:51:51.173948 Main        (1875715) /home/lgw/Lumine-benchmarks/Experiments/09/src/1_end/end.cpp:48] req_id = 2040009, end_time = 1682005911173942
I0420 15:51:51.532662 Main        (1875715) /home/lgw/Lumine-benchmarks/Experiments/09/src/1_end/end.cpp:48] req_id = 480011, end_time = 1682005911532656
I0420 15:51:51.731289 Main        (1875715) /home/lgw/Lumine-benchmarks/Experiments/09/src/1_end/end.cpp:48] req_id = 2100012, end_time = 1682005911731283
I0420 15:51:51.731954 Main        (1875715) /home/lgw/Lumine-benchmarks/Experiments/09/src/1_end/end.cpp:48] req_id = 2400011, end_time = 1682005911731948
I0420 15:51:51.733642 Main        (1875715) /home/lgw/Lumine-benchmarks/Experiments/09/src/1_end/end.cpp:48] req_id = 2580011, end_time = 1682005911733636
I0420 15:51:52.017316 Main        (1875715) /home/lgw/Lumine-benchmarks/Experiments/09/src/1_end/end.cpp:48] req_id = 60014, end_time = 1682005912017310
I0420 15:51:52.025736 Main        (1875715) /home/lgw/Lumine-benchmarks/Experiments/09/src/1_end/end.cpp:48] req_id = 180013, end_time = 1682005912025731
I0420 15:51:52.122922 Main        (1875715) /home/lgw/Lumine-benchmarks/Experiments/09/src/1_end/end.cpp:48] req_id = 300014, end_time = 1682005912122916
I0420 15:51:52.135124 Main        (1875715) /home/lgw/Lumine-benchmarks/Experiments/09/src/1_end/end.cpp:48] req_id = 420014, end_time = 1682005912135118
I0420 15:51:52.140654 Main        (1875715) /home/lgw/Lumine-benchmarks/Experiments/09/src/1_end/end.cpp:48] req_id = 600013, end_time = 1682005912140648
I0420 15:51:52.160756 Main        (1875715) /home/lgw/Lumine-benchmarks/Experiments/09/src/1_end/end.cpp:48] req_id = 540014, end_time = 1682005912160750
I0420 15:51:52.173381 Main        (1875715) /home/lgw/Lumine-benchmarks/Experiments/09/src/1_end/end.cpp:48] req_id = 2820013, end_time = 1682005912173375
I0420 15:51:52.178537 Main        (1875715) /home/lgw/Lumine-benchmarks/Experiments/09/src/1_end/end.cpp:48] req_id = 1140013, end_time = 1682005912178531
I0420 15:51:52.192062 Main        (1875715) /home/lgw/Lumine-benchmarks/Experiments/09/src/1_end/end.cpp:48] req_id = 720014, end_time = 1682005912192056
I0420 15:51:52.195370 Main        (1875715) /home/lgw/Lumine-benchmarks/Experiments/09/src/1_end/end.cpp:48] req_id = 1620013, end_time = 1682005912195364
I0420 15:51:52.197378 Main        (1875715) /home/lgw/Lumine-benchmarks/Experiments/09/src/1_end/end.cpp:48] req_id = 1080013, end_time = 1682005912197372
I0420 15:51:52.198010 Main        (1875715) /home/lgw/Lumine-benchmarks/Experiments/09/src/1_end/end.cpp:48] req_id = 2040013, end_time = 1682005912198004
I0420 15:51:52.198712 Main        (1875715) /home/lgw/Lumine-benchmarks/Experiments/09/src/1_end/end.cpp:48] req_id = 1980014, end_time = 1682005912198706
I0420 15:51:52.200920 Main        (1875715) /home/lgw/Lumine-benchmarks/Experiments/09/src/1_end/end.cpp:48] req_id = 2940013, end_time = 1682005912200915
I0420 15:51:52.201447 Main        (1875715) /home/lgw/Lumine-benchmarks/Experiments/09/src/1_end/end.cpp:48] req_id = 3000013, end_time = 1682005912201440
I0420 15:51:52.201918 Main        (1875715) /home/lgw/Lumine-benchmarks/Experiments/09/src/1_end/end.cpp:48] req_id = 1140014, end_time = 1682005912201913
I0420 15:51:52.202670 Main        (1875715) /home/lgw/Lumine-benchmarks/Experiments/09/src/1_end/end.cpp:48] req_id = 1800013, end_time = 1682005912202664
I0420 15:51:52.202960 Main        (1875715) /home/lgw/Lumine-benchmarks/Experiments/09/src/1_end/end.cpp:48] req_id = 1080014, end_time = 1682005912202954
I0420 15:51:52.203841 Main        (1875715) /home/lgw/Lumine-benchmarks/Experiments/09/src/1_end/end.cpp:48] req_id = 2280013, end_time = 1682005912203835
I0420 15:51:52.204360 Main        (1875715) /home/lgw/Lumine-benchmarks/Experiments/09/src/1_end/end.cpp:48] req_id = 2340013, end_time = 1682005912204356
I0420 15:51:52.707096 Main        (1875715) /home/lgw/Lumine-benchmarks/Experiments/09/src/1_end/end.cpp:48] req_id = 2160015, end_time = 1682005912707089
I0420 15:51:52.707554 Main        (1875715) /home/lgw/Lumine-benchmarks/Experiments/09/src/1_end/end.cpp:48] req_id = 2880015, end_time = 1682005912707548
I0420 15:51:52.708095 Main        (1875715) /home/lgw/Lumine-benchmarks/Experiments/09/src/1_end/end.cpp:48] req_id = 1860015, end_time = 1682005912708090
I0420 15:51:52.709564 Main        (1875715) /home/lgw/Lumine-benchmarks/Experiments/09/src/1_end/end.cpp:48] req_id = 2760016, end_time = 1682005912709558
I0420 15:51:52.710597 Main        (1875715) /home/lgw/Lumine-benchmarks/Experiments/09/src/1_end/end.cpp:48] req_id = 2820015, end_time = 1682005912710590
I0420 15:51:53.196669 Main        (1875715) /home/lgw/Lumine-benchmarks/Experiments/09/src/1_end/end.cpp:48] req_id = 2160018, end_time = 1682005913196661
I0420 15:51:53.197255 Main        (1875715) /home/lgw/Lumine-benchmarks/Experiments/09/src/1_end/end.cpp:48] req_id = 900018, end_time = 1682005913197249
I0420 15:51:53.197566 Main        (1875715) /home/lgw/Lumine-benchmarks/Experiments/09/src/1_end/end.cpp:48] req_id = 2220018, end_time = 1682005913197560
I0420 15:51:53.198613 Main        (1875715) /home/lgw/Lumine-benchmarks/Experiments/09/src/1_end/end.cpp:48] req_id = 1080017, end_time = 1682005913198606
I0420 15:51:53.199279 Main        (1875715) /home/lgw/Lumine-benchmarks/Experiments/09/src/1_end/end.cpp:48] req_id = 1200017, end_time = 1682005913199272
I0420 15:51:53.201671 Main        (1875715) /home/lgw/Lumine-benchmarks/Experiments/09/src/1_end/end.cpp:48] req_id = 1380018, end_time = 1682005913201665
I0420 15:51:53.202524 Main        (1875715) /home/lgw/Lumine-benchmarks/Experiments/09/src/1_end/end.cpp:48] req_id = 3000018, end_time = 1682005913202519
I0420 15:51:53.205739 Main        (1875715) /home/lgw/Lumine-benchmarks/Experiments/09/src/1_end/end.cpp:48] req_id = 720018, end_time = 1682005913205733
I0420 15:51:53.206086 Main        (1875715) /home/lgw/Lumine-benchmarks/Experiments/09/src/1_end/end.cpp:48] req_id = 2820018, end_time = 1682005913206082
I0420 15:51:53.211852 Main        (1875715) /home/lgw/Lumine-benchmarks/Experiments/09/src/1_end/end.cpp:48] req_id = 2340017, end_time = 1682005913211846
I0420 15:51:53.213547 Main        (1875715) /home/lgw/Lumine-benchmarks/Experiments/09/src/1_end/end.cpp:48] req_id = 3000017, end_time = 1682005913213541
I0420 15:51:53.218139 Main        (1875715) /home/lgw/Lumine-benchmarks/Experiments/09/src/1_end/end.cpp:48] req_id = 1920018, end_time = 1682005913218133
I0420 15:51:53.220090 Main        (1875715) /home/lgw/Lumine-benchmarks/Experiments/09/src/1_end/end.cpp:48] req_id = 2460018, end_time = 1682005913220084
I0420 15:51:53.224159 Main        (1875715) /home/lgw/Lumine-benchmarks/Experiments/09/src/1_end/end.cpp:48] req_id = 2580017, end_time = 1682005913224153
I0420 15:51:53.515754 Main        (1875715) /home/lgw/Lumine-benchmarks/Experiments/09/src/1_end/end.cpp:48] req_id = 60020, end_time = 1682005913515744
I0420 15:51:53.517052 Main        (1875715) /home/lgw/Lumine-benchmarks/Experiments/09/src/1_end/end.cpp:48] req_id = 120019, end_time = 1682005913517047
I0420 15:51:53.517868 Main        (1875715) /home/lgw/Lumine-benchmarks/Experiments/09/src/1_end/end.cpp:48] req_id = 180019, end_time = 1682005913517863
I0420 15:51:53.633928 Main        (1875715) /home/lgw/Lumine-benchmarks/Experiments/09/src/1_end/end.cpp:48] req_id = 1680020, end_time = 1682005913633922
I0420 15:51:53.634424 Main        (1875715) /home/lgw/Lumine-benchmarks/Experiments/09/src/1_end/end.cpp:48] req_id = 2820019, end_time = 1682005913634418
I0420 15:51:53.636496 Main        (1875715) /home/lgw/Lumine-benchmarks/Experiments/09/src/1_end/end.cpp:48] req_id = 1500020, end_time = 1682005913636491
I0420 15:51:53.636815 Main        (1875715) /home/lgw/Lumine-benchmarks/Experiments/09/src/1_end/end.cpp:48] req_id = 2760020, end_time = 1682005913636812
I0420 15:51:53.637210 Main        (1875715) /home/lgw/Lumine-benchmarks/Experiments/09/src/1_end/end.cpp:48] req_id = 3000019, end_time = 1682005913637205
I0420 15:51:53.637800 Main        (1875715) /home/lgw/Lumine-benchmarks/Experiments/09/src/1_end/end.cpp:48] req_id = 2580019, end_time = 1682005913637794
I0420 15:51:53.639642 Main        (1875715) /home/lgw/Lumine-benchmarks/Experiments/09/src/1_end/end.cpp:48] req_id = 1260020, end_time = 1682005913639635
I0420 15:51:53.640658 Main        (1875715) /home/lgw/Lumine-benchmarks/Experiments/09/src/1_end/end.cpp:48] req_id = 2400020, end_time = 1682005913640652
I0420 15:51:53.641039 Main        (1875715) /home/lgw/Lumine-benchmarks/Experiments/09/src/1_end/end.cpp:48] req_id = 2640020, end_time = 1682005913641036
I0420 15:51:53.641576 Main        (1875715) /home/lgw/Lumine-benchmarks/Experiments/09/src/1_end/end.cpp:48] req_id = 2940020, end_time = 1682005913641570
I0420 15:51:53.642105 Main        (1875715) /home/lgw/Lumine-benchmarks/Experiments/09/src/1_end/end.cpp:48] req_id = 2880020, end_time = 1682005913642100
I0420 15:51:53.644204 Main        (1875715) /home/lgw/Lumine-benchmarks/Experiments/09/src/1_end/end.cpp:48] req_id = 1380020, end_time = 1682005913644198
I0420 15:51:53.653784 Main        (1875715) /home/lgw/Lumine-benchmarks/Experiments/09/src/1_end/end.cpp:48] req_id = 2820020, end_time = 1682005913653778
I0420 15:51:54.018707 Main        (1875715) /home/lgw/Lumine-benchmarks/Experiments/09/src/1_end/end.cpp:48] req_id = 120021, end_time = 1682005914018699
I0420 15:51:54.019762 Main        (1875715) /home/lgw/Lumine-benchmarks/Experiments/09/src/1_end/end.cpp:48] req_id = 60022, end_time = 1682005914019757
I0420 15:51:54.023258 Main        (1875715) /home/lgw/Lumine-benchmarks/Experiments/09/src/1_end/end.cpp:48] req_id = 180021, end_time = 1682005914023253
I0420 15:51:54.028210 Main        (1875715) /home/lgw/Lumine-benchmarks/Experiments/09/src/1_end/end.cpp:48] req_id = 300021, end_time = 1682005914028204
I0420 15:51:54.032603 Main        (1875715) /home/lgw/Lumine-benchmarks/Experiments/09/src/1_end/end.cpp:48] req_id = 420021, end_time = 1682005914032596
I0420 15:51:54.036089 Main        (1875715) /home/lgw/Lumine-benchmarks/Experiments/09/src/1_end/end.cpp:48] req_id = 240021, end_time = 1682005914036083
I0420 15:51:54.037501 Main        (1875715) /home/lgw/Lumine-benchmarks/Experiments/09/src/1_end/end.cpp:48] req_id = 660021, end_time = 1682005914037495
I0420 15:51:54.042761 Main        (1875715) /home/lgw/Lumine-benchmarks/Experiments/09/src/1_end/end.cpp:48] req_id = 480021, end_time = 1682005914042759
I0420 15:51:54.117025 Main        (1875715) /home/lgw/Lumine-benchmarks/Experiments/09/src/1_end/end.cpp:48] req_id = 300022, end_time = 1682005914117020
I0420 15:51:54.118161 Main        (1875715) /home/lgw/Lumine-benchmarks/Experiments/09/src/1_end/end.cpp:48] req_id = 1560022, end_time = 1682005914118156
I0420 15:51:54.120338 Main        (1875715) /home/lgw/Lumine-benchmarks/Experiments/09/src/1_end/end.cpp:48] req_id = 240022, end_time = 1682005914120331
I0420 15:51:54.130410 Main        (1875715) /home/lgw/Lumine-benchmarks/Experiments/09/src/1_end/end.cpp:48] req_id = 2580022, end_time = 1682005914130404
I0420 15:51:54.148159 Main        (1875715) /home/lgw/Lumine-benchmarks/Experiments/09/src/1_end/end.cpp:48] req_id = 2340021, end_time = 1682005914148153
I0420 15:51:54.148527 Main        (1875715) /home/lgw/Lumine-benchmarks/Experiments/09/src/1_end/end.cpp:48] req_id = 1920021, end_time = 1682005914148523
I0420 15:51:54.153048 Main        (1875715) /home/lgw/Lumine-benchmarks/Experiments/09/src/1_end/end.cpp:48] req_id = 2760022, end_time = 1682005914153042
I0420 15:51:54.158682 Main        (1875715) /home/lgw/Lumine-benchmarks/Experiments/09/src/1_end/end.cpp:48] req_id = 1860022, end_time = 1682005914158676
I0420 15:51:54.213573 Main        (1875715) /home/lgw/Lumine-benchmarks/Experiments/09/src/1_end/end.cpp:48] req_id = 1740022, end_time = 1682005914213567
I0420 15:51:54.214698 Main        (1875715) /home/lgw/Lumine-benchmarks/Experiments/09/src/1_end/end.cpp:48] req_id = 1800022, end_time = 1682005914214692
I0420 15:51:54.215579 Main        (1875715) /home/lgw/Lumine-benchmarks/Experiments/09/src/1_end/end.cpp:48] req_id = 1260021, end_time = 1682005914215573
I0420 15:51:54.741979 Main        (1875715) /home/lgw/Lumine-benchmarks/Experiments/09/src/1_end/end.cpp:48] req_id = 2940023, end_time = 1682005914741972
I0420 15:51:54.742887 Main        (1875715) /home/lgw/Lumine-benchmarks/Experiments/09/src/1_end/end.cpp:48] req_id = 2640023, end_time = 1682005914742882
I0420 15:51:54.743292 Main        (1875715) /home/lgw/Lumine-benchmarks/Experiments/09/src/1_end/end.cpp:48] req_id = 1620023, end_time = 1682005914743288
I0420 15:51:54.744086 Main        (1875715) /home/lgw/Lumine-benchmarks/Experiments/09/src/1_end/end.cpp:48] req_id = 2820023, end_time = 1682005914744080
I0420 15:51:54.748209 Main        (1875715) /home/lgw/Lumine-benchmarks/Experiments/09/src/1_end/end.cpp:48] req_id = 2940024, end_time = 1682005914748204
I0420 15:51:54.750120 Main        (1875715) /home/lgw/Lumine-benchmarks/Experiments/09/src/1_end/end.cpp:48] req_id = 1920024, end_time = 1682005914750114
I0420 15:51:54.753673 Main        (1875715) /home/lgw/Lumine-benchmarks/Experiments/09/src/1_end/end.cpp:48] req_id = 1080024, end_time = 1682005914753666
I0420 15:51:55.170381 Main        (1875715) /home/lgw/Lumine-benchmarks/Experiments/09/src/1_end/end.cpp:48] req_id = 2460026, end_time = 1682005915170371
I0420 15:51:55.171089 Main        (1875715) /home/lgw/Lumine-benchmarks/Experiments/09/src/1_end/end.cpp:48] req_id = 2040026, end_time = 1682005915171082
I0420 15:51:55.176655 Main        (1875715) /home/lgw/Lumine-benchmarks/Experiments/09/src/1_end/end.cpp:48] req_id = 1140026, end_time = 1682005915176649
I0420 15:51:55.177236 Main        (1875715) /home/lgw/Lumine-benchmarks/Experiments/09/src/1_end/end.cpp:48] req_id = 2640025, end_time = 1682005915177230
I0420 15:51:55.181385 Main        (1875715) /home/lgw/Lumine-benchmarks/Experiments/09/src/1_end/end.cpp:48] req_id = 1800026, end_time = 1682005915181378
I0420 15:51:55.183035 Main        (1875715) /home/lgw/Lumine-benchmarks/Experiments/09/src/1_end/end.cpp:48] req_id = 2340025, end_time = 1682005915183029
I0420 15:51:55.183932 Main        (1875715) /home/lgw/Lumine-benchmarks/Experiments/09/src/1_end/end.cpp:48] req_id = 2580025, end_time = 1682005915183926
I0420 15:51:55.185378 Main        (1875715) /home/lgw/Lumine-benchmarks/Experiments/09/src/1_end/end.cpp:48] req_id = 900026, end_time = 1682005915185372
I0420 15:51:55.185740 Main        (1875715) /home/lgw/Lumine-benchmarks/Experiments/09/src/1_end/end.cpp:48] req_id = 1080026, end_time = 1682005915185734
I0420 15:51:55.186468 Main        (1875715) /home/lgw/Lumine-benchmarks/Experiments/09/src/1_end/end.cpp:48] req_id = 1560025, end_time = 1682005915186462
I0420 15:51:55.187347 Main        (1875715) /home/lgw/Lumine-benchmarks/Experiments/09/src/1_end/end.cpp:48] req_id = 960026, end_time = 1682005915187341
I0420 15:51:55.187689 Main        (1875715) /home/lgw/Lumine-benchmarks/Experiments/09/src/1_end/end.cpp:48] req_id = 2700026, end_time = 1682005915187683
I0420 15:51:55.188226 Main        (1875715) /home/lgw/Lumine-benchmarks/Experiments/09/src/1_end/end.cpp:48] req_id = 2820025, end_time = 1682005915188220
I0420 15:51:55.530900 Main        (1875715) /home/lgw/Lumine-benchmarks/Experiments/09/src/1_end/end.cpp:48] req_id = 480027, end_time = 1682005915530894
I0420 15:51:55.626361 Main        (1875715) /home/lgw/Lumine-benchmarks/Experiments/09/src/1_end/end.cpp:48] req_id = 1860027, end_time = 1682005915626355
I0420 15:51:55.630636 Main        (1875715) /home/lgw/Lumine-benchmarks/Experiments/09/src/1_end/end.cpp:48] req_id = 1380028, end_time = 1682005915630631
I0420 15:51:55.630890 Main        (1875715) /home/lgw/Lumine-benchmarks/Experiments/09/src/1_end/end.cpp:48] req_id = 2040028, end_time = 1682005915630886
I0420 15:51:55.632199 Main        (1875715) /home/lgw/Lumine-benchmarks/Experiments/09/src/1_end/end.cpp:48] req_id = 1860028, end_time = 1682005915632193
I0420 15:51:55.637761 Main        (1875715) /home/lgw/Lumine-benchmarks/Experiments/09/src/1_end/end.cpp:48] req_id = 2760027, end_time = 1682005915637755
I0420 15:51:55.649682 Main        (1875715) /home/lgw/Lumine-benchmarks/Experiments/09/src/1_end/end.cpp:48] req_id = 2940027, end_time = 1682005915649676
I0420 15:51:56.019133 Main        (1875715) /home/lgw/Lumine-benchmarks/Experiments/09/src/1_end/end.cpp:48] req_id = 120029, end_time = 1682005916019124
I0420 15:51:56.019825 Main        (1875715) /home/lgw/Lumine-benchmarks/Experiments/09/src/1_end/end.cpp:48] req_id = 300029, end_time = 1682005916019818
I0420 15:51:56.022114 Main        (1875715) /home/lgw/Lumine-benchmarks/Experiments/09/src/1_end/end.cpp:48] req_id = 360029, end_time = 1682005916022109
I0420 15:51:56.032584 Main        (1875715) /home/lgw/Lumine-benchmarks/Experiments/09/src/1_end/end.cpp:48] req_id = 60031, end_time = 1682005916032580
I0420 15:51:56.044366 Main        (1875715) /home/lgw/Lumine-benchmarks/Experiments/09/src/1_end/end.cpp:48] req_id = 720029, end_time = 1682005916044360
I0420 15:51:56.053477 Main        (1875715) /home/lgw/Lumine-benchmarks/Experiments/09/src/1_end/end.cpp:48] req_id = 360030, end_time = 1682005916053464
I0420 15:51:56.072276 Main        (1875715) /home/lgw/Lumine-benchmarks/Experiments/09/src/1_end/end.cpp:48] req_id = 780029, end_time = 1682005916072270
I0420 15:51:56.077491 Main        (1875715) /home/lgw/Lumine-benchmarks/Experiments/09/src/1_end/end.cpp:48] req_id = 120030, end_time = 1682005916077485
I0420 15:51:56.106155 Main        (1875715) /home/lgw/Lumine-benchmarks/Experiments/09/src/1_end/end.cpp:48] req_id = 540029, end_time = 1682005916106149
I0420 15:51:56.120094 Main        (1875715) /home/lgw/Lumine-benchmarks/Experiments/09/src/1_end/end.cpp:48] req_id = 420030, end_time = 1682005916120088
I0420 15:51:56.129792 Main        (1875715) /home/lgw/Lumine-benchmarks/Experiments/09/src/1_end/end.cpp:48] req_id = 720030, end_time = 1682005916129786
I0420 15:51:56.138971 Main        (1875715) /home/lgw/Lumine-benchmarks/Experiments/09/src/1_end/end.cpp:48] req_id = 1740029, end_time = 1682005916138965
I0420 15:51:56.139472 Main        (1875715) /home/lgw/Lumine-benchmarks/Experiments/09/src/1_end/end.cpp:48] req_id = 3000029, end_time = 1682005916139466
I0420 15:51:56.144647 Main        (1875715) /home/lgw/Lumine-benchmarks/Experiments/09/src/1_end/end.cpp:48] req_id = 300030, end_time = 1682005916144641
I0420 15:51:56.148591 Main        (1875715) /home/lgw/Lumine-benchmarks/Experiments/09/src/1_end/end.cpp:48] req_id = 2160029, end_time = 1682005916148585
I0420 15:51:56.150085 Main        (1875715) /home/lgw/Lumine-benchmarks/Experiments/09/src/1_end/end.cpp:48] req_id = 2220029, end_time = 1682005916150079
I0420 15:51:56.160095 Main        (1875715) /home/lgw/Lumine-benchmarks/Experiments/09/src/1_end/end.cpp:48] req_id = 2400029, end_time = 1682005916160089
I0420 15:51:56.161141 Main        (1875715) /home/lgw/Lumine-benchmarks/Experiments/09/src/1_end/end.cpp:48] req_id = 1980030, end_time = 1682005916161134
I0420 15:51:56.165322 Main        (1875715) /home/lgw/Lumine-benchmarks/Experiments/09/src/1_end/end.cpp:48] req_id = 1740030, end_time = 1682005916165316
I0420 15:51:56.166316 Main        (1875715) /home/lgw/Lumine-benchmarks/Experiments/09/src/1_end/end.cpp:48] req_id = 2640029, end_time = 1682005916166310
I0420 15:51:57.015566 Main        (1875715) /home/lgw/Lumine-benchmarks/Experiments/09/src/1_end/end.cpp:48] req_id = 180033, end_time = 1682005917015557
I0420 15:51:57.164888 Main        (1875715) /home/lgw/Lumine-benchmarks/Experiments/09/src/1_end/end.cpp:48] req_id = 180034, end_time = 1682005917164882
I0420 15:51:57.165401 Main        (1875715) /home/lgw/Lumine-benchmarks/Experiments/09/src/1_end/end.cpp:48] req_id = 420034, end_time = 1682005917165398
I0420 15:51:57.168790 Main        (1875715) /home/lgw/Lumine-benchmarks/Experiments/09/src/1_end/end.cpp:48] req_id = 1380034, end_time = 1682005917168788
I0420 15:51:57.172201 Main        (1875715) /home/lgw/Lumine-benchmarks/Experiments/09/src/1_end/end.cpp:48] req_id = 660034, end_time = 1682005917172197
I0420 15:51:57.191471 Main        (1875715) /home/lgw/Lumine-benchmarks/Experiments/09/src/1_end/end.cpp:48] req_id = 2280033, end_time = 1682005917191467
I0420 15:51:57.191895 Main        (1875715) /home/lgw/Lumine-benchmarks/Experiments/09/src/1_end/end.cpp:48] req_id = 1080034, end_time = 1682005917191891
I0420 15:51:57.194569 Main        (1875715) /home/lgw/Lumine-benchmarks/Experiments/09/src/1_end/end.cpp:48] req_id = 960034, end_time = 1682005917194565
I0420 15:51:57.196271 Main        (1875715) /home/lgw/Lumine-benchmarks/Experiments/09/src/1_end/end.cpp:48] req_id = 2220033, end_time = 1682005917196266
I0420 15:51:57.196737 Main        (1875715) /home/lgw/Lumine-benchmarks/Experiments/09/src/1_end/end.cpp:48] req_id = 1920033, end_time = 1682005917196733
I0420 15:51:57.197267 Main        (1875715) /home/lgw/Lumine-benchmarks/Experiments/09/src/1_end/end.cpp:48] req_id = 1440034, end_time = 1682005917197263
I0420 15:51:57.197923 Main        (1875715) /home/lgw/Lumine-benchmarks/Experiments/09/src/1_end/end.cpp:48] req_id = 1680034, end_time = 1682005917197918
I0420 15:51:57.200011 Main        (1875715) /home/lgw/Lumine-benchmarks/Experiments/09/src/1_end/end.cpp:48] req_id = 1380033, end_time = 1682005917200006
I0420 15:51:57.201279 Main        (1875715) /home/lgw/Lumine-benchmarks/Experiments/09/src/1_end/end.cpp:48] req_id = 2460033, end_time = 1682005917201274
I0420 15:51:57.202421 Main        (1875715) /home/lgw/Lumine-benchmarks/Experiments/09/src/1_end/end.cpp:48] req_id = 2340034, end_time = 1682005917202416
I0420 15:51:57.202737 Main        (1875715) /home/lgw/Lumine-benchmarks/Experiments/09/src/1_end/end.cpp:48] req_id = 1680033, end_time = 1682005917202733
I0420 15:51:57.204637 Main        (1875715) /home/lgw/Lumine-benchmarks/Experiments/09/src/1_end/end.cpp:48] req_id = 2160034, end_time = 1682005917204634
I0420 15:51:57.207656 Main        (1875715) /home/lgw/Lumine-benchmarks/Experiments/09/src/1_end/end.cpp:48] req_id = 1920034, end_time = 1682005917207650
I0420 15:51:57.213649 Main        (1875715) /home/lgw/Lumine-benchmarks/Experiments/09/src/1_end/end.cpp:48] req_id = 2640033, end_time = 1682005917213643
I0420 15:51:57.667444 Main        (1875715) /home/lgw/Lumine-benchmarks/Experiments/09/src/1_end/end.cpp:48] req_id = 2820036, end_time = 1682005917667434
I0420 15:51:57.667958 Main        (1875715) /home/lgw/Lumine-benchmarks/Experiments/09/src/1_end/end.cpp:48] req_id = 1800036, end_time = 1682005917667949
I0420 15:51:57.668735 Main        (1875715) /home/lgw/Lumine-benchmarks/Experiments/09/src/1_end/end.cpp:48] req_id = 2220035, end_time = 1682005917668729
I0420 15:51:57.669280 Main        (1875715) /home/lgw/Lumine-benchmarks/Experiments/09/src/1_end/end.cpp:48] req_id = 2100035, end_time = 1682005917669276
I0420 15:51:58.179467 Main        (1875715) /home/lgw/Lumine-benchmarks/Experiments/09/src/1_end/end.cpp:48] req_id = 2460038, end_time = 1682005918179461
I0420 15:51:58.180850 Main        (1875715) /home/lgw/Lumine-benchmarks/Experiments/09/src/1_end/end.cpp:48] req_id = 2700037, end_time = 1682005918180844
I0420 15:51:58.181768 Main        (1875715) /home/lgw/Lumine-benchmarks/Experiments/09/src/1_end/end.cpp:48] req_id = 1500037, end_time = 1682005918181762
I0420 15:51:58.183754 Main        (1875715) /home/lgw/Lumine-benchmarks/Experiments/09/src/1_end/end.cpp:48] req_id = 2220038, end_time = 1682005918183748
I0420 15:51:58.184431 Main        (1875715) /home/lgw/Lumine-benchmarks/Experiments/09/src/1_end/end.cpp:48] req_id = 1920038, end_time = 1682005918184425
I0420 15:51:58.188625 Main        (1875715) /home/lgw/Lumine-benchmarks/Experiments/09/src/1_end/end.cpp:48] req_id = 3000037, end_time = 1682005918188619
I0420 15:51:58.190137 Main        (1875715) /home/lgw/Lumine-benchmarks/Experiments/09/src/1_end/end.cpp:48] req_id = 2580038, end_time = 1682005918190131
I0420 15:51:58.191383 Main        (1875715) /home/lgw/Lumine-benchmarks/Experiments/09/src/1_end/end.cpp:48] req_id = 1260038, end_time = 1682005918191377
I0420 15:51:58.191692 Main        (1875715) /home/lgw/Lumine-benchmarks/Experiments/09/src/1_end/end.cpp:48] req_id = 2760037, end_time = 1682005918191689
I0420 15:51:58.192266 Main        (1875715) /home/lgw/Lumine-benchmarks/Experiments/09/src/1_end/end.cpp:48] req_id = 1620038, end_time = 1682005918192260
I0420 15:51:58.519360 Main        (1875715) /home/lgw/Lumine-benchmarks/Experiments/09/src/1_end/end.cpp:48] req_id = 180039, end_time = 1682005918519353
I0420 15:51:58.520022 Main        (1875715) /home/lgw/Lumine-benchmarks/Experiments/09/src/1_end/end.cpp:48] req_id = 300039, end_time = 1682005918520016
I0420 15:51:58.520367 Main        (1875715) /home/lgw/Lumine-benchmarks/Experiments/09/src/1_end/end.cpp:48] req_id = 360039, end_time = 1682005918520363
I0420 15:51:58.523616 Main        (1875715) /home/lgw/Lumine-benchmarks/Experiments/09/src/1_end/end.cpp:48] req_id = 120039, end_time = 1682005918523611
I0420 15:51:58.530919 Main        (1875715) /home/lgw/Lumine-benchmarks/Experiments/09/src/1_end/end.cpp:48] req_id = 60041, end_time = 1682005918530915
I0420 15:51:58.552057 Main        (1875715) /home/lgw/Lumine-benchmarks/Experiments/09/src/1_end/end.cpp:48] req_id = 720040, end_time = 1682005918552052
I0420 15:51:58.603340 Main        (1875715) /home/lgw/Lumine-benchmarks/Experiments/09/src/1_end/end.cpp:48] req_id = 1500039, end_time = 1682005918603335
I0420 15:51:58.628229 Main        (1875715) /home/lgw/Lumine-benchmarks/Experiments/09/src/1_end/end.cpp:48] req_id = 240040, end_time = 1682005918628226
I0420 15:51:58.644910 Main        (1875715) /home/lgw/Lumine-benchmarks/Experiments/09/src/1_end/end.cpp:48] req_id = 420040, end_time = 1682005918644907
I0420 15:51:58.646683 Main        (1875715) /home/lgw/Lumine-benchmarks/Experiments/09/src/1_end/end.cpp:48] req_id = 1920039, end_time = 1682005918646682
I0420 15:51:58.647809 Main        (1875715) /home/lgw/Lumine-benchmarks/Experiments/09/src/1_end/end.cpp:48] req_id = 2640040, end_time = 1682005918647806
I0420 15:51:58.651086 Main        (1875715) /home/lgw/Lumine-benchmarks/Experiments/09/src/1_end/end.cpp:48] req_id = 1440039, end_time = 1682005918651084
I0420 15:51:58.656411 Main        (1875715) /home/lgw/Lumine-benchmarks/Experiments/09/src/1_end/end.cpp:48] req_id = 1380040, end_time = 1682005918656409
I0420 15:51:58.662290 Main        (1875715) /home/lgw/Lumine-benchmarks/Experiments/09/src/1_end/end.cpp:48] req_id = 2700039, end_time = 1682005918662288
I0420 15:51:58.669519 Main        (1875715) /home/lgw/Lumine-benchmarks/Experiments/09/src/1_end/end.cpp:48] req_id = 2220040, end_time = 1682005918669516
I0420 15:51:59.645514 Main        (1875715) /home/lgw/Lumine-benchmarks/Experiments/09/src/1_end/end.cpp:48] req_id = 2400043, end_time = 1682005919645509
I0420 15:51:59.646816 Main        (1875715) /home/lgw/Lumine-benchmarks/Experiments/09/src/1_end/end.cpp:48] req_id = 2640044, end_time = 1682005919646812
I0420 15:52:00.202786 Main        (1875715) /home/lgw/Lumine-benchmarks/Experiments/09/src/1_end/end.cpp:48] req_id = 180046, end_time = 1682005920202781
I0420 15:52:49.104141 Main        (1875715) /home/lgw/Lumine-benchmarks/Experiments/09/src/1_end/end.cpp:48] req_id = 2940242, end_time = 1682005969104132
I0420 15:52:49.104888 Main        (1875715) /home/lgw/Lumine-benchmarks/Experiments/09/src/1_end/end.cpp:48] req_id = 1560241, end_time = 1682005969104885
