Thread count 4
Successfully set max socket number to 10000
Successfully set max socket number to 10000
Successfully set max socket number to 10000
Successfully set max socket number to 10000
Notifying handler bindedNotifying handler binded
Notifying handler binded

Notifying handler binded
Querying handler binded
Querying handler binded
Bucket operation handler binded
Querying handler binded
Querying handler binded
Bucket operation handler binded
Trigger operation handler binded
Bucket operation handler binded
Bucket operation handler binded
Trigger operation handler binded
Trigger operation handler binded
Update status handler binded
Update status handler binded
Update status handler binded
Trigger operation handler binded
func create socket binded
func create socket binded
func create socket binded
app regist socket binded
Update status handler binded
app regist socket binded
func call socket binded
app regist socket binded
func create socket binded
forward func socket binded
func call socket binded
func call socket binded
app regist socket binded
forward func socket binded
forward func socket binded
func call socket binded
forward func socket binded
Application registered. name: exp06
Coordinator report. notify_count: 1892, query_count: 0, call_count: 151358
Coordinator report. notify_count: 0, query_count: 0, call_count: 0
Coordinator report. notify_count: 0, query_count: 0, call_count: 5300
Coordinator report. notify_count: 0, query_count: 0, call_count: 0
