Read file config.yml
Running executor...
Loaded function exp06_marketdata. lib_load_elasped: 8644, func_load_elasped: 3
force_push: msg_id = 1330336, remain = 74, size = 64
Send to executer failed.force_push: msg_id = 1330382, remain = 74, size = 64
Send to executer failed.force_push: msg_id = 1330154, remain = 72, size = 64
Send to executer failed.force_push: msg_id = 1330328, remain = 10, size = 64
Send to executer failed.force_push: msg_id = 1330314, remain = 72, size = 64
Send to executer failed.force_push: msg_id = 1330060, remain = -56, size = 8
Send to executer failed.force_push: msg_id = 1330391, remain = -54, size = 10
Send to executer failed.Loaded function exp06_run_audit_11. lib_load_elasped: 432, func_load_elasped: 2
force_push: msg_id = 1334024, remain = 72, size = 64
Send to executer failed.force_push: msg_id = 1334121, remain = 74, size = 64
Send to executer failed.force_push: msg_id = 1334025, remain = -56, size = 8
Send to executer failed.Loaded function exp06_run_audit_18. lib_load_elasped: 333, func_load_elasped: 1
Loaded function exp06_run_audit_3. lib_load_elasped: 417, func_load_elasped: 2
Loaded function exp06_run_audit_13. lib_load_elasped: 271, func_load_elasped: 1
Loaded function exp06_run_audit_19. lib_load_elasped: 303, func_load_elasped: 1
Loaded function exp06_run_audit_1. lib_load_elasped: 315, func_load_elasped: 2
Loaded function exp06_run_audit_8. lib_load_elasped: 343, func_load_elasped: 2
Loaded function exp06_run_audit_16. lib_load_elasped: 292, func_load_elasped: 2
Loaded function exp06_run_audit_5. lib_load_elasped: 458, func_load_elasped: 1
Loaded function exp06_run_audit_4. lib_load_elasped: 363, func_load_elasped: 2
Loaded function exp06_run_audit_10. lib_load_elasped: 409, func_load_elasped: 2
Loaded function exp06_run_audit_2. lib_load_elasped: 394, func_load_elasped: 2
Loaded function exp06_run_audit_7. lib_load_elasped: 402, func_load_elasped: 2
Loaded function exp06_run_audit_20. lib_load_elasped: 373, func_load_elasped: 2
Loaded function exp06_run_audit_9. lib_load_elasped: 400, func_load_elasped: 2
Loaded function exp06_run_audit_17. lib_load_elasped: 367, func_load_elasped: 1
force_push: msg_id = 1341856, remain = 73, size = 64
Send to executer failed.force_push: msg_id = 1341895, remain = -53, size = 11
Send to executer failed.force_push: msg_id = 1342395, remain = 72, size = 64
Send to executer failed.force_push: msg_id = 1342409, remain = 74, size = 64
Send to executer failed.force_push: msg_id = 1342407, remain = 72, size = 64
Send to executer failed.force_push: msg_id = 1342414, remain = 74, size = 64
Send to executer failed.force_push: msg_id = 1342403, remain = -56, size = 8
Send to executer failed.Loaded function exp06_run_audit_6. lib_load_elasped: 387, func_load_elasped: 2
force_push: msg_id = 1346435, remain = 72, size = 64
Send to executer failed.force_push: msg_id = 1346441, remain = 72, size = 64
Send to executer failed.force_push: msg_id = 1346431, remain = 8, size = 64
Send to executer failed.force_push: msg_id = 1346456, remain = -54, size = 10
Send to executer failed.force_push: msg_id = 1347824, remain = 74, size = 64
Send to executer failed.Loaded function exp06_run_audit_14. lib_load_elasped: 440, func_load_elasped: 2
force_push: msg_id = 1352234, remain = 73, size = 64
Send to executer failed.force_push: msg_id = 1352252, remain = 75, size = 64
Send to executer failed.force_push: msg_id = 1352223, remain = 9, size = 64
Send to executer failed.force_push: msg_id = 1352248, remain = -53, size = 11
Send to executer failed.Loaded function exp06_run_audit_12. lib_load_elasped: 460, func_load_elasped: 3
force_push: msg_id = 1359775, remain = -55, size = 9
Send to executer failed.force_push: msg_id = 1361365, remain = 74, size = 64
Send to executer failed.force_push: msg_id = 1364644, remain = -54, size = 10
Send to executer failed.force_push: msg_id = 1364643, remain = 10, size = 64
Send to executer failed.force_push: msg_id = 1366283, remain = 73, size = 64
Send to executer failed.force_push: msg_id = 1366279, remain = 73, size = 64
Send to executer failed.force_push: msg_id = 1366284, remain = 73, size = 64
Send to executer failed.force_push: msg_id = 1366280, remain = 73, size = 64
Send to executer failed.