Read file config.yml
Running executor...
Loaded function exp06_run_audit_1. lib_load_elasped: 441, func_load_elasped: 2
Loaded function exp06_run_audit_8. lib_load_elasped: 261, func_load_elasped: 1
Loaded function exp06_run_audit_14. lib_load_elasped: 329, func_load_elasped: 2
Loaded function exp06_run_audit_9. lib_load_elasped: 390, func_load_elasped: 2
Loaded function exp06_run_audit_20. lib_load_elasped: 360, func_load_elasped: 1
Loaded function exp06_run_audit_3. lib_load_elasped: 336, func_load_elasped: 2
Loaded function exp06_marketdata. lib_load_elasped: 5062, func_load_elasped: 2
force_push: msg_id = 1345631, remain = 11, size = 64
Send to executer failed.force_push: msg_id = 1345639, remain = -53, size = 11
Send to executer failed.force_push: msg_id = 1345633, remain = -53, size = 11
Send to executer failed.force_push: msg_id = 1345624, remain = -55, size = 9
Send to executer failed.force_push: msg_id = 1345632, remain = 11, size = 64
Send to executer failed.force_push: msg_id = 1345627, remain = 9, size = 64
Send to executer failed.force_push: msg_id = 1345626, remain = 9, size = 64
Send to executer failed.force_push: msg_id = 1345625, remain = 9, size = 64
Send to executer failed.Loaded function exp06_run_audit_2. lib_load_elasped: 331, func_load_elasped: 1
Loaded function exp06_run_audit_6. lib_load_elasped: 286, func_load_elasped: 1
force_push: msg_id = 1349803, remain = -53, size = 11
Send to executer failed.force_push: msg_id = 1349801, remain = 11, size = 64
Send to executer failed.force_push: msg_id = 1349785, remain = 9, size = 64
Send to executer failed.force_push: msg_id = 1349805, remain = 11, size = 64
Send to executer failed.force_push: msg_id = 1349791, remain = 73, size = 64
Send to executer failed.force_push: msg_id = 1349806, remain = 75, size = 64
Send to executer failed.force_push: msg_id = 1349783, remain = -55, size = 9
Send to executer failed.force_push: msg_id = 1349790, remain = 9, size = 64
Send to executer failed.force_push: msg_id = 1349777, remain = 73, size = 64
Send to executer failed.force_push: msg_id = 1349799, remain = 75, size = 64
Send to executer failed.force_push: msg_id = 1349786, remain = 73, size = 64
Send to executer failed.force_push: msg_id = 1349787, remain = 73, size = 64
Send to executer failed.force_push: msg_id = 1350601, remain = 72, size = 64
Send to executer failed.force_push: msg_id = 1350612, remain = -56, size = 8
Send to executer failed.force_push: msg_id = 1350641, remain = -54, size = 10
Send to executer failed.Loaded function exp06_run_audit_4. lib_load_elasped: 477, func_load_elasped: 2
Loaded function exp06_run_audit_7. lib_load_elasped: 373, func_load_elasped: 1
force_push: msg_id = 1362661, remain = 8, size = 64
Send to executer failed.