Read file config.yml
Running executor...
Loaded function exp06_marketdata. lib_load_elasped: 5524, func_load_elasped: 3
Loaded function exp06_run_audit_1. lib_load_elasped: 342, func_load_elasped: 1
Loaded function exp06_run_audit_17. lib_load_elasped: 300, func_load_elasped: 1
force_push: msg_id = 1333135, remain = 72, size = 64
Send to executer failed.force_push: msg_id = 1333155, remain = 10, size = 64
Send to executer failed.Loaded function exp06_run_audit_10. lib_load_elasped: 377, func_load_elasped: 2
force_push: msg_id = 1334751, remain = 73, size = 64
Send to executer failed.force_push: msg_id = 1334759, remain = 11, size = 64
Send to executer failed.force_push: msg_id = 1334760, remain = -53, size = 11
Send to executer failed.force_push: msg_id = 1334761, remain = 75, size = 64
Send to executer failed.force_push: msg_id = 1334753, remain = 73, size = 64
Send to executer failed.force_push: msg_id = 1334749, remain = 9, size = 64
Send to executer failed.force_push: msg_id = 1334757, remain = 9, size = 64
Send to executer failed.force_push: msg_id = 1334768, remain = 11, size = 64
Send to executer failed.force_push: msg_id = 1334755, remain = -55, size = 9
Send to executer failed.force_push: msg_id = 1334752, remain = -55, size = 9
Send to executer failed.force_push: msg_id = 1334767, remain = 11, size = 64
Send to executer failed.force_push: msg_id = 1336261, remain = 74, size = 64
Send to executer failed.force_push: msg_id = 1336248, remain = 74, size = 64
Send to executer failed.force_push: msg_id = 1336196, remain = 72, size = 64
Send to executer failed.force_push: msg_id = 1336268, remain = 74, size = 64
Send to executer failed.Loaded function exp06_run_audit_13. lib_load_elasped: 334, func_load_elasped: 1
Loaded function exp06_run_audit_9. lib_load_elasped: 294, func_load_elasped: 1
Loaded function exp06_run_audit_14. lib_load_elasped: 357, func_load_elasped: 2
force_push: msg_id = 1342677, remain = 74, size = 64
Send to executer failed.force_push: msg_id = 1342706, remain = 10, size = 64
Send to executer failed.force_push: msg_id = 1342669, remain = -56, size = 8
Send to executer failed.force_push: msg_id = 1342670, remain = 72, size = 64
Send to executer failed.force_push: msg_id = 1342679, remain = 72, size = 64
Send to executer failed.force_push: msg_id = 1342687, remain = 10, size = 64
Send to executer failed.force_push: msg_id = 1342691, remain = -54, size = 10
Send to executer failed.force_push: msg_id = 1342682, remain = 72, size = 64
Send to executer failed.force_push: msg_id = 1342646, remain = 72, size = 64
Send to executer failed.force_push: msg_id = 1342655, remain = -56, size = 8
Send to executer failed.force_push: msg_id = 1342681, remain = 10, size = 64
Send to executer failed.force_push: msg_id = 1342672, remain = 72, size = 64
Send to executer failed.force_push: msg_id = 1342683, remain = 10, size = 64
Send to executer failed.force_push: msg_id = 1342680, remain = -54, size = 10
Send to executer failed.force_push: msg_id = 1342671, remain = 72, size = 64
Send to executer failed.Loaded function exp06_run_audit_11. lib_load_elasped: 369, func_load_elasped: 1
Loaded function exp06_run_audit_6. lib_load_elasped: 333, func_load_elasped: 1
Loaded function exp06_run_audit_8. lib_load_elasped: 440, func_load_elasped: 1
force_push: msg_id = 1350164, remain = 74, size = 64
Send to executer failed.force_push: msg_id = 1350165, remain = 74, size = 64
Send to executer failed.force_push: msg_id = 1350168, remain = 10, size = 64
Send to executer failed.Loaded function exp06_run_audit_15. lib_load_elasped: 361, func_load_elasped: 2
force_push: msg_id = 1356139, remain = 72, size = 64
Send to executer failed.force_push: msg_id = 1356090, remain = -56, size = 8
Send to executer failed.force_push: msg_id = 1356178, remain = 74, size = 64
Send to executer failed.force_push: msg_id = 1356175, remain = 10, size = 64
Send to executer failed.Loaded function exp06_run_audit_5. lib_load_elasped: 437, func_load_elasped: 2
Loaded function exp06_run_audit_2. lib_load_elasped: 370, func_load_elasped: 2
Loaded function exp06_run_audit_20. lib_load_elasped: 325, func_load_elasped: 1
Loaded function exp06_run_audit_16. lib_load_elasped: 233, func_load_elasped: 1
force_push: msg_id = 1360518, remain = -56, size = 8
Send to executer failed.force_push: msg_id = 1360530, remain = 74, size = 64
Send to executer failed.force_push: msg_id = 1360515, remain = -56, size = 8
Send to executer failed.Loaded function exp06_run_audit_12. lib_load_elasped: 381, func_load_elasped: 2
Loaded function exp06_run_audit_7. lib_load_elasped: 329, func_load_elasped: 2
