Read file config.yml
Running executor...
Loaded function exp06_marketdata. lib_load_elasped: 6557, func_load_elasped: 4
force_push: msg_id = 1330003, remain = 75, size = 64
Send to executer failed.force_push: msg_id = 1329993, remain = 75, size = 64
Send to executer failed.force_push: msg_id = 1330006, remain = 75, size = 64
Send to executer failed.force_push: msg_id = 1329990, remain = 75, size = 64
Send to executer failed.force_push: msg_id = 1329947, remain = -55, size = 9
Send to executer failed.force_push: msg_id = 1329969, remain = 73, size = 64
Send to executer failed.force_push: msg_id = 1329977, remain = 73, size = 64
Send to executer failed.force_push: msg_id = 1329989, remain = -53, size = 11
Send to executer failed.force_push: msg_id = 1329996, remain = 75, size = 64
Send to executer failed.force_push: msg_id = 1330005, remain = 75, size = 64
Send to executer failed.force_push: msg_id = 1330000, remain = 75, size = 64
Send to executer failed.force_push: msg_id = 1329937, remain = 9, size = 64
Send to executer failed.force_push: msg_id = 1329998, remain = -53, size = 11
Send to executer failed.force_push: msg_id = 1329934, remain = 9, size = 64
Send to executer failed.force_push: msg_id = 1329946, remain = 73, size = 64
Send to executer failed.Loaded function exp06_run_audit_5. lib_load_elasped: 288, func_load_elasped: 1
Loaded function exp06_run_audit_9. lib_load_elasped: 361, func_load_elasped: 2
force_push: msg_id = 1331998, remain = 8, size = 64
Send to executer failed.force_push: msg_id = 1332027, remain = -54, size = 10
Send to executer failed.force_push: msg_id = 1333549, remain = -54, size = 10
Send to executer failed.force_push: msg_id = 1333543, remain = 10, size = 64
Send to executer failed.force_push: msg_id = 1333537, remain = 72, size = 64
Send to executer failed.force_push: msg_id = 1333550, remain = -54, size = 10
Send to executer failed.force_push: msg_id = 1333545, remain = 74, size = 64
Send to executer failed.force_push: msg_id = 1333539, remain = 8, size = 64
Send to executer failed.force_push: msg_id = 1333538, remain = -56, size = 8
Send to executer failed.force_push: msg_id = 1333536, remain = -56, size = 8
Send to executer failed.Loaded function exp06_run_audit_1. lib_load_elasped: 297, func_load_elasped: 1
Loaded function exp06_run_audit_7. lib_load_elasped: 256, func_load_elasped: 1
Loaded function exp06_run_audit_13. lib_load_elasped: 299, func_load_elasped: 1
Loaded function exp06_run_audit_15. lib_load_elasped: 334, func_load_elasped: 2
force_push: msg_id = 1340393, remain = 74, size = 64
Send to executer failed.force_push: msg_id = 1340356, remain = 72, size = 64
Send to executer failed.Loaded function exp06_run_audit_12. lib_load_elasped: 767, func_load_elasped: 2
Loaded function exp06_run_audit_10. lib_load_elasped: 321, func_load_elasped: 1
Loaded function exp06_run_audit_19. lib_load_elasped: 438, func_load_elasped: 2
Loaded function exp06_run_audit_6. lib_load_elasped: 385, func_load_elasped: 2
Loaded function exp06_run_audit_17. lib_load_elasped: 272, func_load_elasped: 1
force_push: msg_id = 1346339, remain = 72, size = 64
Send to executer failed.force_push: msg_id = 1346402, remain = 74, size = 64
Send to executer failed.force_push: msg_id = 1346352, remain = 8, size = 64
Send to executer failed.force_push: msg_id = 1346397, remain = -56, size = 8
Send to executer failed.force_push: msg_id = 1346425, remain = -54, size = 10
Send to executer failed.force_push: msg_id = 1346338, remain = 8, size = 64
Send to executer failed.force_push: msg_id = 1346410, remain = -54, size = 10
Send to executer failed.force_push: msg_id = 1346340, remain = -56, size = 8
Send to executer failed.force_push: msg_id = 1346401, remain = 72, size = 64
Send to executer failed.force_push: msg_id = 1346404, remain = -54, size = 10
Send to executer failed.force_push: msg_id = 1347679, remain = 10, size = 64
Send to executer failed.force_push: msg_id = 1348504, remain = -55, size = 9
Send to executer failed.Loaded function exp06_run_audit_3. lib_load_elasped: 402, func_load_elasped: 2
Loaded function exp06_run_audit_14. lib_load_elasped: 305, func_load_elasped: 1
Loaded function exp06_run_audit_20. lib_load_elasped: 359, func_load_elasped: 1
Loaded function exp06_run_audit_2. lib_load_elasped: 464, func_load_elasped: 2
Loaded function exp06_run_audit_16. lib_load_elasped: 391, func_load_elasped: 2
force_push: msg_id = 1360260, remain = 9, size = 64
Send to executer failed.force_push: msg_id = 1360276, remain = 11, size = 64
Send to executer failed.force_push: msg_id = 1362423, remain = 72, size = 64
Send to executer failed.force_push: msg_id = 1364626, remain = -54, size = 10
Send to executer failed.