Read file config.yml
Running executor...
Loaded function exp06_marketdata. lib_load_elasped: 5453, func_load_elasped: 5
force_push: msg_id = 1329690, remain = 10, size = 64
Send to executer failed.force_push: msg_id = 1329703, remain = 10, size = 64
Send to executer failed.force_push: msg_id = 1329673, remain = -56, size = 8
Send to executer failed.force_push: msg_id = 1331503, remain = 75, size = 64
Send to executer failed.force_push: msg_id = 1334127, remain = 72, size = 64
Send to executer failed.force_push: msg_id = 1334135, remain = -56, size = 8
Send to executer failed.force_push: msg_id = 1334146, remain = -54, size = 10
Send to executer failed.Loaded function exp06_run_audit_12. lib_load_elasped: 342, func_load_elasped: 1
force_push: msg_id = 1336834, remain = 10, size = 64
Send to executer failed.force_push: msg_id = 1337651, remain = 72, size = 64
Send to executer failed.force_push: msg_id = 1337669, remain = -54, size = 10
Send to executer failed.force_push: msg_id = 1337659, remain = 74, size = 64
Send to executer failed.force_push: msg_id = 1337657, remain = 10, size = 64
Send to executer failed.force_push: msg_id = 1337673, remain = 74, size = 64
Send to executer failed.Loaded function exp06_run_audit_11. lib_load_elasped: 435, func_load_elasped: 2
Loaded function exp06_run_audit_6. lib_load_elasped: 362, func_load_elasped: 2
Loaded function exp06_run_audit_14. lib_load_elasped: 258, func_load_elasped: 1
Loaded function exp06_run_audit_17. lib_load_elasped: 366, func_load_elasped: 2
Loaded function exp06_run_audit_20. lib_load_elasped: 283, func_load_elasped: 2
Loaded function exp06_run_audit_2. lib_load_elasped: 352, func_load_elasped: 1
Loaded function exp06_run_audit_13. lib_load_elasped: 426, func_load_elasped: 2
Loaded function exp06_run_audit_15. lib_load_elasped: 300, func_load_elasped: 1
Loaded function exp06_run_audit_3. lib_load_elasped: 298, func_load_elasped: 1
force_push: msg_id = 1342455, remain = 9, size = 64
Send to executer failed.force_push: msg_id = 1342440, remain = -57, size = 7
Send to executer failed.force_push: msg_id = 1342447, remain = 71, size = 64
Send to executer failed.force_push: msg_id = 1342461, remain = 9, size = 64
Send to executer failed.Loaded function exp06_run_audit_8. lib_load_elasped: 347, func_load_elasped: 1
force_push: msg_id = 1343380, remain = 8, size = 64
Send to executer failed.force_push: msg_id = 1344658, remain = -56, size = 8
Send to executer failed.force_push: msg_id = 1344663, remain = 72, size = 64
Send to executer failed.force_push: msg_id = 1344680, remain = 8, size = 64
Send to executer failed.force_push: msg_id = 1345760, remain = -56, size = 8
Send to executer failed.Loaded function exp06_run_audit_7. lib_load_elasped: 394, func_load_elasped: 2
force_push: msg_id = 1347376, remain = 73, size = 64
Send to executer failed.force_push: msg_id = 1349405, remain = 74, size = 64
Send to executer failed.force_push: msg_id = 1349397, remain = 74, size = 64
Send to executer failed.force_push: msg_id = 1350784, remain = 73, size = 64
Send to executer failed.force_push: msg_id = 1352633, remain = 75, size = 64
Send to executer failed.Loaded function exp06_run_audit_19. lib_load_elasped: 411, func_load_elasped: 1
force_push: msg_id = 1357815, remain = 72, size = 64
Send to executer failed.force_push: msg_id = 1358574, remain = 74, size = 64
Send to executer failed.force_push: msg_id = 1358575, remain = -54, size = 10
Send to executer failed.force_push: msg_id = 1359555, remain = 9, size = 64
Send to executer failed.force_push: msg_id = 1359568, remain = -55, size = 9
Send to executer failed.Loaded function exp06_run_audit_1. lib_load_elasped: 525, func_load_elasped: 2
force_push: msg_id = 1364724, remain = 73, size = 64
Send to executer failed.Loaded function exp06_run_audit_5. lib_load_elasped: 390, func_load_elasped: 3
