Read file config.yml
Running executor...
Loaded function exp06_run_audit_2. lib_load_elasped: 283, func_load_elasped: 2
Loaded function exp06_marketdata. lib_load_elasped: 4921, func_load_elasped: 2
Loaded function exp06_run_audit_13. lib_load_elasped: 328, func_load_elasped: 1
force_push: msg_id = 1333200, remain = 8, size = 64
Send to executer failed.force_push: msg_id = 1333234, remain = 74, size = 64
Send to executer failed.force_push: msg_id = 1333198, remain = 72, size = 64
Send to executer failed.force_push: msg_id = 1333231, remain = 10, size = 64
Send to executer failed.Loaded function exp06_run_audit_1. lib_load_elasped: 318, func_load_elasped: 1
Loaded function exp06_run_audit_19. lib_load_elasped: 315, func_load_elasped: 1
force_push: msg_id = 1335220, remain = 8, size = 64
Send to executer failed.force_push: msg_id = 1335215, remain = 10, size = 64
Send to executer failed.force_push: msg_id = 1335231, remain = -54, size = 10
Send to executer failed.force_push: msg_id = 1335210, remain = 8, size = 64
Send to executer failed.Loaded function exp06_run_audit_11. lib_load_elasped: 380, func_load_elasped: 2
Loaded function exp06_run_audit_20. lib_load_elasped: 290, func_load_elasped: 1
Loaded function exp06_run_audit_3. lib_load_elasped: 340, func_load_elasped: 1
force_push: msg_id = 1342870, remain = 74, size = 64
Send to executer failed.force_push: msg_id = 1342844, remain = 72, size = 64
Send to executer failed.force_push: msg_id = 1342845, remain = 72, size = 64
Send to executer failed.force_push: msg_id = 1342871, remain = 74, size = 64
Send to executer failed.force_push: msg_id = 1342864, remain = 74, size = 64
Send to executer failed.force_push: msg_id = 1342884, remain = 74, size = 64
Send to executer failed.force_push: msg_id = 1342857, remain = 10, size = 64
Send to executer failed.force_push: msg_id = 1342868, remain = 74, size = 64
Send to executer failed.force_push: msg_id = 1342858, remain = 10, size = 64
Send to executer failed.force_push: msg_id = 1342843, remain = 72, size = 64
Send to executer failed.force_push: msg_id = 1342869, remain = 74, size = 64
Send to executer failed.force_push: msg_id = 1342846, remain = 72, size = 64
Send to executer failed.force_push: msg_id = 1342849, remain = 72, size = 64
Send to executer failed.force_push: msg_id = 1342865, remain = 74, size = 64
Send to executer failed.force_push: msg_id = 1342833, remain = 72, size = 64
Send to executer failed.force_push: msg_id = 1342866, remain = 74, size = 64
Send to executer failed.force_push: msg_id = 1342847, remain = 72, size = 64
Send to executer failed.force_push: msg_id = 1342848, remain = 72, size = 64
Send to executer failed.force_push: msg_id = 1342839, remain = 72, size = 64
Send to executer failed.force_push: msg_id = 1343941, remain = 74, size = 64
Send to executer failed.force_push: msg_id = 1346144, remain = 71, size = 64
Send to executer failed.force_push: msg_id = 1346143, remain = 71, size = 64
Send to executer failed.force_push: msg_id = 1346157, remain = 73, size = 64
Send to executer failed.Loaded function exp06_run_audit_4. lib_load_elasped: 380, func_load_elasped: 1
Loaded function exp06_run_audit_6. lib_load_elasped: 340, func_load_elasped: 1
force_push: msg_id = 1349079, remain = 72, size = 64
Send to executer failed.force_push: msg_id = 1349097, remain = 74, size = 64
Send to executer failed.force_push: msg_id = 1349080, remain = 72, size = 64
Send to executer failed.force_push: msg_id = 1349081, remain = 8, size = 64
Send to executer failed.Loaded function exp06_run_audit_16. lib_load_elasped: 377, func_load_elasped: 2
Loaded function exp06_run_audit_17. lib_load_elasped: 570, func_load_elasped: 2
force_push: msg_id = 1358382, remain = 9, size = 64
Send to executer failed.force_push: msg_id = 1358367, remain = -57, size = 7
Send to executer failed.force_push: msg_id = 1358389, remain = -55, size = 9
Send to executer failed.Loaded function exp06_run_audit_10. lib_load_elasped: 449, func_load_elasped: 2
Loaded function exp06_run_audit_15. lib_load_elasped: 490, func_load_elasped: 2
Loaded function exp06_run_audit_8. lib_load_elasped: 388, func_load_elasped: 1
