Read file config.yml
Running executor...
Loaded function exp06_run_audit_9. lib_load_elasped: 350, func_load_elasped: 3
Loaded function exp06_marketdata. lib_load_elasped: 25171, func_load_elasped: 2
Loaded function exp06_run_audit_7. lib_load_elasped: 321, func_load_elasped: 2
Loaded function exp06_run_audit_6. lib_load_elasped: 330, func_load_elasped: 1
force_push: msg_id = 1331857, remain = 72, size = 64
Send to executer failed.force_push: msg_id = 1331874, remain = 74, size = 64
Send to executer failed.force_push: msg_id = 1331870, remain = 10, size = 64
Send to executer failed.force_push: msg_id = 1331864, remain = -56, size = 8
Send to executer failed.force_push: msg_id = 1331867, remain = -56, size = 8
Send to executer failed.Loaded function exp06_run_audit_20. lib_load_elasped: 503, func_load_elasped: 2
force_push: msg_id = 1333783, remain = -54, size = 10
Send to executer failed.force_push: msg_id = 1333786, remain = 10, size = 64
Send to executer failed.force_push: msg_id = 1333777, remain = 8, size = 64
Send to executer failed.force_push: msg_id = 1333788, remain = -54, size = 10
Send to executer failed.force_push: msg_id = 1333787, remain = -54, size = 10
Send to executer failed.force_push: msg_id = 1333769, remain = 72, size = 64
Send to executer failed.force_push: msg_id = 1333781, remain = 10, size = 64
Send to executer failed.force_push: msg_id = 1333785, remain = -54, size = 10
Send to executer failed.force_push: msg_id = 1333776, remain = 8, size = 64
Send to executer failed.force_push: msg_id = 1333780, remain = -54, size = 10
Send to executer failed.force_push: msg_id = 1333772, remain = -56, size = 8
Send to executer failed.Loaded function exp06_run_audit_1. lib_load_elasped: 334, func_load_elasped: 1
force_push: msg_id = 1335798, remain = 8, size = 64
Send to executer failed.Loaded function exp06_run_audit_14. lib_load_elasped: 443, func_load_elasped: 2
Loaded function exp06_run_audit_12. lib_load_elasped: 667, func_load_elasped: 2
Loaded function exp06_run_audit_18. lib_load_elasped: 395, func_load_elasped: 2
Loaded function exp06_run_audit_3. lib_load_elasped: 394, func_load_elasped: 1
force_push: msg_id = 1345787, remain = 74, size = 64
Send to executer failed.Loaded function exp06_run_audit_10. lib_load_elasped: 379, func_load_elasped: 2
Loaded function exp06_run_audit_11. lib_load_elasped: 334, func_load_elasped: 2
force_push: msg_id = 1349888, remain = 8, size = 64
Send to executer failed.force_push: msg_id = 1349964, remain = 74, size = 64
Send to executer failed.force_push: msg_id = 1349889, remain = 72, size = 64
Send to executer failed.force_push: msg_id = 1349954, remain = 72, size = 64
Send to executer failed.force_push: msg_id = 1349967, remain = 10, size = 64
Send to executer failed.force_push: msg_id = 1349885, remain = -56, size = 8
Send to executer failed.force_push: msg_id = 1349886, remain = 72, size = 64
Send to executer failed.force_push: msg_id = 1349887, remain = 8, size = 64
Send to executer failed.force_push: msg_id = 1349963, remain = 74, size = 64
Send to executer failed.force_push: msg_id = 1349957, remain = 10, size = 64
Send to executer failed.force_push: msg_id = 1349965, remain = 10, size = 64
Send to executer failed.force_push: msg_id = 1349955, remain = 72, size = 64
Send to executer failed.force_push: msg_id = 1349962, remain = 10, size = 64
Send to executer failed.force_push: msg_id = 1349960, remain = 74, size = 64
Send to executer failed.force_push: msg_id = 1352572, remain = 73, size = 64
Send to executer failed.force_push: msg_id = 1352593, remain = 11, size = 64
Send to executer failed.Loaded function exp06_run_audit_8. lib_load_elasped: 455, func_load_elasped: 2
Loaded function exp06_run_audit_5. lib_load_elasped: 472, func_load_elasped: 2
force_push: msg_id = 1355132, remain = -54, size = 10
Send to executer failed.Loaded function exp06_run_audit_4. lib_load_elasped: 388, func_load_elasped: 2
force_push: msg_id = 1362779, remain = 74, size = 64
Send to executer failed.Loaded function exp06_run_audit_19. lib_load_elasped: 447, func_load_elasped: 2
