Read file config.yml
Running executor...
Loaded function exp06_marketdata. lib_load_elasped: 4664, func_load_elasped: 4
force_push: msg_id = 1330859, remain = 10, size = 64
Send to executer failed.Loaded function exp06_run_audit_8. lib_load_elasped: 313, func_load_elasped: 1
force_push: msg_id = 1332253, remain = -55, size = 9
Send to executer failed.force_push: msg_id = 1332252, remain = 9, size = 64
Send to executer failed.Loaded function exp06_run_audit_19. lib_load_elasped: 270, func_load_elasped: 1
force_push: msg_id = 1334377, remain = 72, size = 64
Send to executer failed.force_push: msg_id = 1334402, remain = -54, size = 10
Send to executer failed.Loaded function exp06_run_audit_6. lib_load_elasped: 346, func_load_elasped: 2
Loaded function exp06_run_audit_10. lib_load_elasped: 360, func_load_elasped: 2
Loaded function exp06_run_audit_18. lib_load_elasped: 338, func_load_elasped: 1
Loaded function exp06_run_audit_14. lib_load_elasped: 442, func_load_elasped: 3
Loaded function exp06_run_audit_9. lib_load_elasped: 276, func_load_elasped: 1
Loaded function exp06_run_audit_15. lib_load_elasped: 337, func_load_elasped: 1
force_push: msg_id = 1339999, remain = 72, size = 64
Send to executer failed.force_push: msg_id = 1340030, remain = 10, size = 64
Send to executer failed.force_push: msg_id = 1342877, remain = 10, size = 64
Send to executer failed.force_push: msg_id = 1342876, remain = 74, size = 64
Send to executer failed.force_push: msg_id = 1342874, remain = 74, size = 64
Send to executer failed.force_push: msg_id = 1342856, remain = 72, size = 64
Send to executer failed.force_push: msg_id = 1342875, remain = 74, size = 64
Send to executer failed.force_push: msg_id = 1342854, remain = 72, size = 64
Send to executer failed.force_push: msg_id = 1342883, remain = -54, size = 10
Send to executer failed.force_push: msg_id = 1342879, remain = 74, size = 64
Send to executer failed.force_push: msg_id = 1342880, remain = 74, size = 64
Send to executer failed.force_push: msg_id = 1342841, remain = -56, size = 8
Send to executer failed.force_push: msg_id = 1342821, remain = 72, size = 64
Send to executer failed.force_push: msg_id = 1342838, remain = 72, size = 64
Send to executer failed.Loaded function exp06_run_audit_4. lib_load_elasped: 389, func_load_elasped: 2
force_push: msg_id = 1345923, remain = 74, size = 64
Send to executer failed.force_push: msg_id = 1350088, remain = 74, size = 64
Send to executer failed.force_push: msg_id = 1350081, remain = 72, size = 64
force_push: msg_id = 1350049, remain = 8, size = 64
Send to executer failed.force_push: msg_id = 1350082, remain = 72, size = 64
Send to executer failed.Send to executer failed.force_push: msg_id = 1350091, remain = 74, size = 64
Send to executer failed.force_push: msg_id = 1350089, remain = 74, size = 64
Send to executer failed.force_push: msg_id = 1350090, remain = 74, size = 64
Send to executer failed.force_push: msg_id = 1350077, remain = 72, size = 64
Send to executer failed.force_push: msg_id = 1350078, remain = 72, size = 64
Send to executer failed.force_push: msg_id = 1350095, remain = 74, size = 64
Send to executer failed.force_push: msg_id = 1350085, remain = 72, size = 64
Send to executer failed.force_push: msg_id = 1350083, remain = 74, size = 64
Send to executer failed.force_push: msg_id = 1350080, remain = -56, size = 8
Send to executer failed.force_push: msg_id = 1350076, remain = 72, size = 64
Send to executer failed.force_push: msg_id = 1350094, remain = 74, size = 64
Send to executer failed.force_push: msg_id = 1350092, remain = 74, size = 64
Send to executer failed.force_push: msg_id = 1350093, remain = 74, size = 64
Send to executer failed.force_push: msg_id = 1350086, remain = 74, size = 64
Send to executer failed.Loaded function exp06_run_audit_2. lib_load_elasped: 393, func_load_elasped: 2
Loaded function exp06_run_audit_12. lib_load_elasped: 356, func_load_elasped: 2
Loaded function exp06_run_audit_17. lib_load_elasped: 365, func_load_elasped: 2
force_push: msg_id = 1355244, remain = 72, size = 64
Send to executer failed.Loaded function exp06_run_audit_1. lib_load_elasped: 418, func_load_elasped: 2
force_push: msg_id = 1358232, remain = 74, size = 64
Send to executer failed.force_push: msg_id = 1358227, remain = 8, size = 64
Send to executer failed.Loaded function exp06_run_audit_11. lib_load_elasped: 449, func_load_elasped: 3
Loaded function exp06_run_audit_7. lib_load_elasped: 293, func_load_elasped: 1
