Read file config.yml
Running executor...
Loaded function exp06_marketdata. lib_load_elasped: 24723, func_load_elasped: 6
force_push: msg_id = 1330362, remain = 74, size = 64
Send to executer failed.force_push: msg_id = 1330472, remain = 74, size = 64
Send to executer failed.force_push: msg_id = 1330372, remain = 74, size = 64
Send to executer failed.force_push: msg_id = 1330388, remain = 74, size = 64
Send to executer failed.force_push: msg_id = 1330345, remain = 8, size = 64
Send to executer failed.force_push: msg_id = 1330334, remain = 8, size = 64
Send to executer failed.force_push: msg_id = 1330389, remain = -54, size = 10
Send to executer failed.force_push: msg_id = 1330297, remain = 72, size = 64
Send to executer failed.force_push: msg_id = 1330395, remain = -54, size = 10
Send to executer failed.Loaded function exp06_run_audit_13. lib_load_elasped: 376, func_load_elasped: 2
force_push: msg_id = 1332300, remain = -56, size = 8
Send to executer failed.force_push: msg_id = 1332309, remain = -54, size = 10
Send to executer failed.Loaded function exp06_run_audit_17. lib_load_elasped: 562, func_load_elasped: 2
Loaded function exp06_run_audit_19. lib_load_elasped: 405, func_load_elasped: 2
Loaded function exp06_run_audit_8. lib_load_elasped: 360, func_load_elasped: 2
Loaded function exp06_run_audit_18. lib_load_elasped: 255, func_load_elasped: 2
Loaded function exp06_run_audit_2. lib_load_elasped: 263, func_load_elasped: 1
Loaded function exp06_run_audit_10. lib_load_elasped: 266, func_load_elasped: 1
Loaded function exp06_run_audit_20. lib_load_elasped: 332, func_load_elasped: 1
force_push: msg_id = 1334831, remain = 73, size = 64
Send to executer failed.force_push: msg_id = 1334826, remain = 73, size = 64
Send to executer failed.force_push: msg_id = 1334836, remain = 73, size = 64
Send to executer failed.force_push: msg_id = 1334862, remain = -53, size = 11
Send to executer failed.force_push: msg_id = 1334842, remain = 11, size = 64
Send to executer failed.force_push: msg_id = 1334847, remain = -53, size = 11
Send to executer failed.force_push: msg_id = 1334843, remain = 75, size = 64
Send to executer failed.force_push: msg_id = 1334844, remain = 75, size = 64
Send to executer failed.force_push: msg_id = 1334835, remain = -55, size = 9
Send to executer failed.force_push: msg_id = 1334825, remain = 73, size = 64
Send to executer failed.Loaded function exp06_run_audit_6. lib_load_elasped: 415, func_load_elasped: 2
Loaded function exp06_run_audit_12. lib_load_elasped: 282, func_load_elasped: 1
Loaded function exp06_run_audit_7. lib_load_elasped: 401, func_load_elasped: 2
Loaded function exp06_run_audit_15. lib_load_elasped: 395, func_load_elasped: 1
Loaded function exp06_run_audit_1. lib_load_elasped: 320, func_load_elasped: 2
Loaded function exp06_run_audit_4. lib_load_elasped: 402, func_load_elasped: 2
Loaded function exp06_run_audit_11. lib_load_elasped: 306, func_load_elasped: 1
Loaded function exp06_run_audit_16. lib_load_elasped: 401, func_load_elasped: 1
Loaded function exp06_run_audit_14. lib_load_elasped: 287, func_load_elasped: 1
force_push: msg_id = 1342732, remain = 10, size = 64
Send to executer failed.force_push: msg_id = 1342736, remain = -54, size = 10
Send to executer failed.force_push: msg_id = 1342728, remain = 74, size = 64
Send to executer failed.force_push: msg_id = 1342987, remain = -56, size = 8
Send to executer failed.force_push: msg_id = 1342985, remain = 8, size = 64
Send to executer failed.force_push: msg_id = 1342993, remain = 74, size = 64
Send to executer failed.Loaded function exp06_run_audit_3. lib_load_elasped: 394, func_load_elasped: 2
force_push: msg_id = 1352303, remain = 72, size = 64
Send to executer failed.force_push: msg_id = 1352273, remain = 72, size = 64
Send to executer failed.force_push: msg_id = 1360334, remain = 75, size = 64
Send to executer failed.Loaded function exp06_run_audit_5. lib_load_elasped: 499, func_load_elasped: 2
force_push: msg_id = 1364156, remain = 74, size = 64
Send to executer failed.force_push: msg_id = 1364157, remain = -54, size = 10
Send to executer failed.force_push: msg_id = 1364149, remain = -54, size = 10
Send to executer failed.force_push: msg_id = 1364150, remain = 10, size = 64
Send to executer failed.force_push: msg_id = 1364145, remain = 72, size = 64
Send to executer failed.force_push: msg_id = 1365415, remain = 73, size = 64
Send to executer failed.