Read file config.yml
Running executor...
Load lib exp06_run_audit_2.so failed
Fail to execute function  due to load errorexp06_run_audit_2
Load lib exp06_run_audit_2.so failed
Fail to execute function  due to load errorexp06_run_audit_2
Load lib exp06_run_audit_7.so failed
Fail to execute function  due to load errorexp06_run_audit_7
Load lib exp06_run_audit_7.so failed
Fail to execute function  due to load errorexp06_run_audit_7
Load lib exp06_run_audit_8.so failed
Fail to execute function  due to load errorexp06_run_audit_8
Load lib exp06_run_audit_4.so failed
Fail to execute function  due to load errorexp06_run_audit_4
Loaded function exp06_marketdata. lib_load_elasped: 16032, func_load_elasped: 3
Load lib exp06_run_audit_8.so failed
Fail to execute function  due to load errorexp06_run_audit_8
Load lib exp06_run_audit_6.so failed
Fail to execute function  due to load errorexp06_run_audit_6
Load lib exp06_run_audit_7.so failed
Fail to execute function  due to load errorexp06_run_audit_7
Load lib exp06_run_audit_2.so failed
Fail to execute function  due to load errorexp06_run_audit_2
Load lib exp06_run_audit_4.so failed
Fail to execute function  due to load errorexp06_run_audit_4
Load lib exp06_run_audit_3.so failed
Fail to execute function  due to load errorexp06_run_audit_3
Load lib exp06_run_audit_6.so failed
Fail to execute function  due to load errorexp06_run_audit_6
Load lib exp06_run_audit_9.so failed
Fail to execute function  due to load errorexp06_run_audit_9
Load lib exp06_run_audit_2.so failed
Fail to execute function  due to load errorexp06_run_audit_2
Load lib exp06_run_audit_7.so failed
Fail to execute function  due to load errorexp06_run_audit_7
Load lib exp06_run_audit_1.so failed
Fail to execute function  due to load errorexp06_run_audit_1
Load lib exp06_run_audit_6.so failed
Fail to execute function  due to load errorexp06_run_audit_6
Load lib exp06_run_audit_2.so failed
Fail to execute function  due to load errorexp06_run_audit_2
Load lib exp06_run_audit_3.so failed
Fail to execute function  due to load errorexp06_run_audit_3
Load lib exp06_run_audit_2.so failed
Fail to execute function  due to load errorexp06_run_audit_2
Load lib exp06_run_audit_6.so failed
Fail to execute function  due to load errorexp06_run_audit_6
Load lib exp06_run_audit_9.so failed
Fail to execute function  due to load errorexp06_run_audit_9
Load lib exp06_run_audit_3.so failed
Fail to execute function  due to load errorexp06_run_audit_3
Load lib exp06_run_audit_3.so failed
Fail to execute function  due to load errorexp06_run_audit_3
Load lib exp06_run_audit_4.so failed
Fail to execute function  due to load errorexp06_run_audit_4
Load lib exp06_run_audit_3.so failed
Fail to execute function  due to load errorexp06_run_audit_3
Load lib exp06_run_audit_7.so failed
Fail to execute function  due to load errorexp06_run_audit_7
Load lib exp06_run_audit_4.so failed
Fail to execute function  due to load errorexp06_run_audit_4
Load lib exp06_run_audit_10.so failed
Fail to execute function  due to load errorexp06_run_audit_10
Load lib exp06_run_audit_9.so failed
Fail to execute function  due to load errorexp06_run_audit_9
Load lib exp06_run_audit_10.so failed
Fail to execute function  due to load errorexp06_run_audit_10
Load lib exp06_run_audit_1.so failed
Fail to execute function  due to load errorexp06_run_audit_1
Load lib exp06_run_audit_4.so failed
Fail to execute function  due to load errorexp06_run_audit_4
Loaded function exp06_run_audit_20. lib_load_elasped: 428, func_load_elasped: 2
Loaded function exp06_run_audit_3. lib_load_elasped: 373, func_load_elasped: 2
Loaded function exp06_run_audit_6. lib_load_elasped: 402, func_load_elasped: 2
Loaded function exp06_run_audit_4. lib_load_elasped: 354, func_load_elasped: 1
Loaded function exp06_run_audit_14. lib_load_elasped: 351, func_load_elasped: 1
Loaded function exp06_run_audit_2. lib_load_elasped: 387, func_load_elasped: 1
force_push: msg_id = 1346522, remain = 74, size = 64
Send to executer failed.force_push: msg_id = 1346514, remain = 74, size = 64
Send to executer failed.force_push: msg_id = 1346491, remain = 8, size = 64
Send to executer failed.force_push: msg_id = 1346489, remain = 72, size = 64
Send to executer failed.force_push: msg_id = 1346513, remain = 74, size = 64
Send to executer failed.force_push: msg_id = 1346500, remain = 8, size = 64
Send to executer failed.force_push: msg_id = 1346502, remain = 74, size = 64
Send to executer failed.force_push: msg_id = 1346520, remain = 10, size = 64
Send to executer failed.force_push: msg_id = 1346493, remain = 72, size = 64
Send to executer failed.force_push: msg_id = 1346487, remain = 8, size = 64
Send to executer failed.Loaded function exp06_run_audit_13. lib_load_elasped: 397, func_load_elasped: 2
force_push: msg_id = 1349330, remain = -56, size = 8
Send to executer failed.force_push: msg_id = 1349355, remain = 74, size = 64
Send to executer failed.force_push: msg_id = 1349358, remain = 10, size = 64
Send to executer failed.force_push: msg_id = 1349359, remain = -54, size = 10
Send to executer failed.Loaded function exp06_run_audit_11. lib_load_elasped: 451, func_load_elasped: 2
force_push: msg_id = 1350913, remain = 10, size = 64
Send to executer failed.force_push: msg_id = 1350908, remain = 10, size = 64
Send to executer failed.Loaded function exp06_run_audit_18. lib_load_elasped: 394, func_load_elasped: 1
Loaded function exp06_run_audit_7. lib_load_elasped: 358, func_load_elasped: 1
Loaded function exp06_run_audit_16. lib_load_elasped: 467, func_load_elasped: 2
Loaded function exp06_run_audit_5. lib_load_elasped: 413, func_load_elasped: 2
