Read file config.yml
Running executor...
Loaded function exp06_marketdata. lib_load_elasped: 8754, func_load_elasped: 4
force_push: msg_id = 1329819, remain = 74, size = 64
Send to executer failed.force_push: msg_id = 1329746, remain = 8, size = 64
Send to executer failed.force_push: msg_id = 1329737, remain = -56, size = 8
Send to executer failed.force_push: msg_id = 1329787, remain = 74, size = 64
Send to executer failed.Loaded function exp06_run_audit_14. lib_load_elasped: 363, func_load_elasped: 2
Loaded function exp06_run_audit_16. lib_load_elasped: 290, func_load_elasped: 1
Loaded function exp06_run_audit_15. lib_load_elasped: 366, func_load_elasped: 2
force_push: msg_id = 1333940, remain = 10, size = 64
Send to executer failed.force_push: msg_id = 1333911, remain = 8, size = 64
Send to executer failed.force_push: msg_id = 1333945, remain = 74, size = 64
Send to executer failed.force_push: msg_id = 1333942, remain = 10, size = 64
Send to executer failed.force_push: msg_id = 1333912, remain = -54, size = 10
Send to executer failed.force_push: msg_id = 1333909, remain = -56, size = 8
Send to executer failed.Loaded function exp06_run_audit_4. lib_load_elasped: 418, func_load_elasped: 2
force_push: msg_id = 1336052, remain = -56, size = 8
Send to executer failed.Loaded function exp06_run_audit_11. lib_load_elasped: 372, func_load_elasped: 2
Loaded function exp06_run_audit_19. lib_load_elasped: 259, func_load_elasped: 1
Loaded function exp06_run_audit_5. lib_load_elasped: 287, func_load_elasped: 1
Loaded function exp06_run_audit_9. lib_load_elasped: 338, func_load_elasped: 1
Loaded function exp06_run_audit_10. lib_load_elasped: 343, func_load_elasped: 2
Loaded function exp06_run_audit_2. lib_load_elasped: 250, func_load_elasped: 1
force_push: msg_id = 1338685, remain = 75, size = 64
Send to executer failed.force_push: msg_id = 1338691, remain = 75, size = 64
Send to executer failed.force_push: msg_id = 1338682, remain = 75, size = 64
Send to executer failed.force_push: msg_id = 1338687, remain = 75, size = 64
Send to executer failed.force_push: msg_id = 1338689, remain = 11, size = 64
Send to executer failed.force_push: msg_id = 1338688, remain = 11, size = 64
Send to executer failed.force_push: msg_id = 1338692, remain = 75, size = 64
Send to executer failed.force_push: msg_id = 1338681, remain = 75, size = 64
Send to executer failed.Loaded function exp06_run_audit_17. lib_load_elasped: 364, func_load_elasped: 2
force_push: msg_id = 1339613, remain = 72, size = 64
Send to executer failed.Loaded function exp06_run_audit_6. lib_load_elasped: 277, func_load_elasped: 1
Loaded function exp06_run_audit_1. lib_load_elasped: 285, func_load_elasped: 2
Loaded function exp06_run_audit_12. lib_load_elasped: 394, func_load_elasped: 2
Loaded function exp06_run_audit_7. lib_load_elasped: 338, func_load_elasped: 2
Loaded function exp06_run_audit_13. lib_load_elasped: 323, func_load_elasped: 1
Loaded function exp06_run_audit_8. lib_load_elasped: 371, func_load_elasped: 2
force_push: msg_id = 1346829, remain = 72, size = 64
Send to executer failed.Loaded function exp06_run_audit_20. lib_load_elasped: 365, func_load_elasped: 2
Loaded function exp06_run_audit_3. lib_load_elasped: 391, func_load_elasped: 2
force_push: msg_id = 1350286, remain = 11, size = 64
Send to executer failed.force_push: msg_id = 1351826, remain = -54, size = 10
Send to executer failed.force_push: msg_id = 1352823, remain = -54, size = 10
Send to executer failed.force_push: msg_id = 1352818, remain = 8, size = 64
Send to executer failed.force_push: msg_id = 1352822, remain = -54, size = 10
Send to executer failed.force_push: msg_id = 1352825, remain = 10, size = 64
Send to executer failed.force_push: msg_id = 1354166, remain = -54, size = 10
Send to executer failed.force_push: msg_id = 1361113, remain = -54, size = 10
Send to executer failed.Loaded function exp06_run_audit_18. lib_load_elasped: 448, func_load_elasped: 2
force_push: msg_id = 1366028, remain = -54, size = 10
Send to executer failed.force_push: msg_id = 1366032, remain = 74, size = 64
Send to executer failed.force_push: msg_id = 1366016, remain = 8, size = 64
Send to executer failed.