I0420 15:58:12.748298 Main        (1913827) /home/lgw/Lumine-benchmarks/Lumine/lib/base/thread.cpp:96] Register main thread: tid=1913827
I0420 15:58:12.750642 Main        (1913827) /home/lgw/Lumine-benchmarks/Lumine/lib/common/config.cpp:332] Load configuration for function exp09Start[1]
I0420 15:58:12.750885 Main        (1913827) /home/lgw/Lumine-benchmarks/Lumine/lib/common/config.cpp:332] Load configuration for function exp09End[2]
I0420 15:58:12.750985 Main        (1913827) /home/lgw/Lumine-benchmarks/Lumine/lib/common/config.cpp:332] Load configuration for function exp09Register[3]
I0420 15:58:12.751049 Main        (1913827) /home/lgw/Lumine-benchmarks/Lumine/lib/common/config.cpp:332] Load configuration for function exp09StartFinra[4]
I0420 15:58:12.751253 Main        (1913827) /home/lgw/Lumine-benchmarks/Lumine/src/host/worker/cpp/func_worker.cpp:107] My client_id is 1
I0420 15:58:12.751333 Main        (1913827) /home/lgw/Lumine-benchmarks/Lumine/src/host/worker/cpp/func_worker.cpp:173] Use extra pipes for messages
I0420 15:58:12.829362 Main        (1913827) /home/lgw/Lumine-benchmarks/Lumine/src/host/worker/cpp/func_worker.cpp:195] Handshake done
I0420 15:58:24.768068 Main        (1913827) /home/lgw/Lumine-benchmarks/Experiments/09/src/0_start/start.cpp:86] req_id = 240001, start_time = 1682006304764167
I0420 15:58:24.772613 Main        (1913827) /home/lgw/Lumine-benchmarks/Experiments/09/src/0_start/start.cpp:86] req_id = 600001, start_time = 1682006304770569
I0420 15:58:24.840544 Main        (1913827) /home/lgw/Lumine-benchmarks/Experiments/09/src/0_start/start.cpp:86] req_id = 480002, start_time = 1682006304838121
I0420 15:58:24.843933 Main        (1913827) /home/lgw/Lumine-benchmarks/Experiments/09/src/0_start/start.cpp:86] req_id = 600002, start_time = 1682006304842307
I0420 15:58:24.853243 Main        (1913827) /home/lgw/Lumine-benchmarks/Experiments/09/src/0_start/start.cpp:86] req_id = 1020002, start_time = 1682006304850766
I0420 15:58:24.856511 Main        (1913827) /home/lgw/Lumine-benchmarks/Experiments/09/src/0_start/start.cpp:86] req_id = 660002, start_time = 1682006304854402
I0420 15:58:24.860514 Main        (1913827) /home/lgw/Lumine-benchmarks/Experiments/09/src/0_start/start.cpp:86] req_id = 900001, start_time = 1682006304858266
I0420 15:58:24.864406 Main        (1913827) /home/lgw/Lumine-benchmarks/Experiments/09/src/0_start/start.cpp:86] req_id = 1740002, start_time = 1682006304861874
I0420 15:58:24.868401 Main        (1913827) /home/lgw/Lumine-benchmarks/Experiments/09/src/0_start/start.cpp:86] req_id = 2220001, start_time = 1682006304866179
I0420 15:58:24.872586 Main        (1913827) /home/lgw/Lumine-benchmarks/Experiments/09/src/0_start/start.cpp:86] req_id = 1380002, start_time = 1682006304870834
I0420 15:58:25.815735 Main        (1913827) /home/lgw/Lumine-benchmarks/Experiments/09/src/0_start/start.cpp:86] req_id = 2880002, start_time = 1682006305813910
I0420 15:58:25.818951 Main        (1913827) /home/lgw/Lumine-benchmarks/Experiments/09/src/0_start/start.cpp:86] req_id = 3000001, start_time = 1682006305816838
I0420 15:58:26.770764 Main        (1913827) /home/lgw/Lumine-benchmarks/Experiments/09/src/0_start/start.cpp:86] req_id = 420003, start_time = 1682006306768020
I0420 15:58:26.774111 Main        (1913827) /home/lgw/Lumine-benchmarks/Experiments/09/src/0_start/start.cpp:86] req_id = 480004, start_time = 1682006306771893
I0420 15:58:26.777867 Main        (1913827) /home/lgw/Lumine-benchmarks/Experiments/09/src/0_start/start.cpp:86] req_id = 900003, start_time = 1682006306775625
I0420 15:58:26.782151 Main        (1913827) /home/lgw/Lumine-benchmarks/Experiments/09/src/0_start/start.cpp:86] req_id = 900004, start_time = 1682006306780153
I0420 15:58:26.785377 Main        (1913827) /home/lgw/Lumine-benchmarks/Experiments/09/src/0_start/start.cpp:86] req_id = 1140004, start_time = 1682006306783748
I0420 15:58:26.788646 Main        (1913827) /home/lgw/Lumine-benchmarks/Experiments/09/src/0_start/start.cpp:86] req_id = 1320004, start_time = 1682006306786809
I0420 15:58:26.793429 Main        (1913827) /home/lgw/Lumine-benchmarks/Experiments/09/src/0_start/start.cpp:86] req_id = 1980003, start_time = 1682006306790748
I0420 15:58:26.796400 Main        (1913827) /home/lgw/Lumine-benchmarks/Experiments/09/src/0_start/start.cpp:86] req_id = 1860004, start_time = 1682006306794758
I0420 15:58:26.799188 Main        (1913827) /home/lgw/Lumine-benchmarks/Experiments/09/src/0_start/start.cpp:86] req_id = 2400003, start_time = 1682006306797732
I0420 15:58:26.803208 Main        (1913827) /home/lgw/Lumine-benchmarks/Experiments/09/src/0_start/start.cpp:86] req_id = 2640003, start_time = 1682006306800391
I0420 15:58:26.807977 Main        (1913827) /home/lgw/Lumine-benchmarks/Experiments/09/src/0_start/start.cpp:86] req_id = 2460004, start_time = 1682006306806154
I0420 15:58:26.811578 Main        (1913827) /home/lgw/Lumine-benchmarks/Experiments/09/src/0_start/start.cpp:86] req_id = 2760004, start_time = 1682006306810389
I0420 15:58:28.769787 Main        (1913827) /home/lgw/Lumine-benchmarks/Experiments/09/src/0_start/start.cpp:86] req_id = 360005, start_time = 1682006308767440
I0420 15:58:28.773636 Main        (1913827) /home/lgw/Lumine-benchmarks/Experiments/09/src/0_start/start.cpp:86] req_id = 720005, start_time = 1682006308771393
I0420 15:58:28.777517 Main        (1913827) /home/lgw/Lumine-benchmarks/Experiments/09/src/0_start/start.cpp:86] req_id = 960005, start_time = 1682006308775000
I0420 15:58:28.780458 Main        (1913827) /home/lgw/Lumine-benchmarks/Experiments/09/src/0_start/start.cpp:86] req_id = 840006, start_time = 1682006308778938
I0420 15:58:28.783245 Main        (1913827) /home/lgw/Lumine-benchmarks/Experiments/09/src/0_start/start.cpp:86] req_id = 1080006, start_time = 1682006308781663
I0420 15:58:28.786281 Main        (1913827) /home/lgw/Lumine-benchmarks/Experiments/09/src/0_start/start.cpp:86] req_id = 1500005, start_time = 1682006308785060
I0420 15:58:28.789186 Main        (1913827) /home/lgw/Lumine-benchmarks/Experiments/09/src/0_start/start.cpp:86] req_id = 1560006, start_time = 1682006308787496
I0420 15:58:28.793047 Main        (1913827) /home/lgw/Lumine-benchmarks/Experiments/09/src/0_start/start.cpp:86] req_id = 1620006, start_time = 1682006308791561
I0420 15:58:28.797090 Main        (1913827) /home/lgw/Lumine-benchmarks/Experiments/09/src/0_start/start.cpp:86] req_id = 2100006, start_time = 1682006308795736
I0420 15:58:28.801520 Main        (1913827) /home/lgw/Lumine-benchmarks/Experiments/09/src/0_start/start.cpp:86] req_id = 2280006, start_time = 1682006308800033
I0420 15:58:28.805916 Main        (1913827) /home/lgw/Lumine-benchmarks/Experiments/09/src/0_start/start.cpp:86] req_id = 2460006, start_time = 1682006308803924
I0420 15:58:28.810563 Main        (1913827) /home/lgw/Lumine-benchmarks/Experiments/09/src/0_start/start.cpp:86] req_id = 2760006, start_time = 1682006308808641
I0420 15:58:30.769514 Main        (1913827) /home/lgw/Lumine-benchmarks/Experiments/09/src/0_start/start.cpp:86] req_id = 300007, start_time = 1682006310767037
I0420 15:58:30.773872 Main        (1913827) /home/lgw/Lumine-benchmarks/Experiments/09/src/0_start/start.cpp:86] req_id = 600007, start_time = 1682006310771178
I0420 15:58:30.777420 Main        (1913827) /home/lgw/Lumine-benchmarks/Experiments/09/src/0_start/start.cpp:86] req_id = 900007, start_time = 1682006310775183
I0420 15:58:30.780579 Main        (1913827) /home/lgw/Lumine-benchmarks/Experiments/09/src/0_start/start.cpp:86] req_id = 840008, start_time = 1682006310778691
I0420 15:58:30.784060 Main        (1913827) /home/lgw/Lumine-benchmarks/Experiments/09/src/0_start/start.cpp:86] req_id = 1020008, start_time = 1682006310782196
I0420 15:58:30.787171 Main        (1913827) /home/lgw/Lumine-benchmarks/Experiments/09/src/0_start/start.cpp:86] req_id = 1440007, start_time = 1682006310785566
I0420 15:58:30.790695 Main        (1913827) /home/lgw/Lumine-benchmarks/Experiments/09/src/0_start/start.cpp:86] req_id = 1800007, start_time = 1682006310788955
I0420 15:58:30.794814 Main        (1913827) /home/lgw/Lumine-benchmarks/Experiments/09/src/0_start/start.cpp:86] req_id = 1980007, start_time = 1682006310793538
I0420 15:58:30.798933 Main        (1913827) /home/lgw/Lumine-benchmarks/Experiments/09/src/0_start/start.cpp:86] req_id = 2280007, start_time = 1682006310797718
I0420 15:58:30.803147 Main        (1913827) /home/lgw/Lumine-benchmarks/Experiments/09/src/0_start/start.cpp:86] req_id = 2460007, start_time = 1682006310802010
I0420 15:58:30.808202 Main        (1913827) /home/lgw/Lumine-benchmarks/Experiments/09/src/0_start/start.cpp:86] req_id = 2820007, start_time = 1682006310806396
I0420 15:58:30.813463 Main        (1913827) /home/lgw/Lumine-benchmarks/Experiments/09/src/0_start/start.cpp:86] req_id = 2940007, start_time = 1682006310812217
I0420 15:58:32.771400 Main        (1913827) /home/lgw/Lumine-benchmarks/Experiments/09/src/0_start/start.cpp:86] req_id = 180010, start_time = 1682006312769110
I0420 15:58:32.775308 Main        (1913827) /home/lgw/Lumine-benchmarks/Experiments/09/src/0_start/start.cpp:86] req_id = 480010, start_time = 1682006312773092
I0420 15:58:32.778273 Main        (1913827) /home/lgw/Lumine-benchmarks/Experiments/09/src/0_start/start.cpp:86] req_id = 900009, start_time = 1682006312776728
I0420 15:58:32.782598 Main        (1913827) /home/lgw/Lumine-benchmarks/Experiments/09/src/0_start/start.cpp:86] req_id = 1260009, start_time = 1682006312780382
I0420 15:58:32.788635 Main        (1913827) /home/lgw/Lumine-benchmarks/Experiments/09/src/0_start/start.cpp:86] req_id = 1020010, start_time = 1682006312784145
I0420 15:58:32.792555 Main        (1913827) /home/lgw/Lumine-benchmarks/Experiments/09/src/0_start/start.cpp:86] req_id = 1200010, start_time = 1682006312790670
I0420 15:58:32.795810 Main        (1913827) /home/lgw/Lumine-benchmarks/Experiments/09/src/0_start/start.cpp:86] req_id = 1440010, start_time = 1682006312794038
I0420 15:58:32.801753 Main        (1913827) /home/lgw/Lumine-benchmarks/Experiments/09/src/0_start/start.cpp:86] req_id = 1800010, start_time = 1682006312800115
I0420 15:58:32.806415 Main        (1913827) /home/lgw/Lumine-benchmarks/Experiments/09/src/0_start/start.cpp:86] req_id = 2160010, start_time = 1682006312804810
I0420 15:58:32.811862 Main        (1913827) /home/lgw/Lumine-benchmarks/Experiments/09/src/0_start/start.cpp:86] req_id = 2640009, start_time = 1682006312809980
I0420 15:58:32.817178 Main        (1913827) /home/lgw/Lumine-benchmarks/Experiments/09/src/0_start/start.cpp:86] req_id = 2940009, start_time = 1682006312815833
I0420 15:58:32.823547 Main        (1913827) /home/lgw/Lumine-benchmarks/Experiments/09/src/0_start/start.cpp:86] req_id = 3000010, start_time = 1682006312822260
I0420 15:58:34.766686 Main        (1913827) /home/lgw/Lumine-benchmarks/Experiments/09/src/0_start/start.cpp:86] req_id = 180011, start_time = 1682006314765074
I0420 15:58:34.770870 Main        (1913827) /home/lgw/Lumine-benchmarks/Experiments/09/src/0_start/start.cpp:86] req_id = 600011, start_time = 1682006314768426
I0420 15:58:34.774815 Main        (1913827) /home/lgw/Lumine-benchmarks/Experiments/09/src/0_start/start.cpp:86] req_id = 420012, start_time = 1682006314772271
I0420 15:58:34.777848 Main        (1913827) /home/lgw/Lumine-benchmarks/Experiments/09/src/0_start/start.cpp:86] req_id = 960011, start_time = 1682006314776268
I0420 15:58:34.780480 Main        (1913827) /home/lgw/Lumine-benchmarks/Experiments/09/src/0_start/start.cpp:86] req_id = 840012, start_time = 1682006314778966
I0420 15:58:34.783261 Main        (1913827) /home/lgw/Lumine-benchmarks/Experiments/09/src/0_start/start.cpp:86] req_id = 1500011, start_time = 1682006314781996
I0420 15:58:34.786918 Main        (1913827) /home/lgw/Lumine-benchmarks/Experiments/09/src/0_start/start.cpp:86] req_id = 1200012, start_time = 1682006314784547
I0420 15:58:34.790296 Main        (1913827) /home/lgw/Lumine-benchmarks/Experiments/09/src/0_start/start.cpp:86] req_id = 1440012, start_time = 1682006314787996
I0420 15:58:34.793898 Main        (1913827) /home/lgw/Lumine-benchmarks/Experiments/09/src/0_start/start.cpp:86] req_id = 2040011, start_time = 1682006314791750
I0420 15:58:34.797342 Main        (1913827) /home/lgw/Lumine-benchmarks/Experiments/09/src/0_start/start.cpp:86] req_id = 1920012, start_time = 1682006314795157
I0420 15:58:34.801282 Main        (1913827) /home/lgw/Lumine-benchmarks/Experiments/09/src/0_start/start.cpp:86] req_id = 2700011, start_time = 1682006314798985
I0420 15:58:34.805230 Main        (1913827) /home/lgw/Lumine-benchmarks/Experiments/09/src/0_start/start.cpp:86] req_id = 2820011, start_time = 1682006314802871
I0420 15:58:34.808961 Main        (1913827) /home/lgw/Lumine-benchmarks/Experiments/09/src/0_start/start.cpp:86] req_id = 3000011, start_time = 1682006314806913
I0420 15:58:36.769603 Main        (1913827) /home/lgw/Lumine-benchmarks/Experiments/09/src/0_start/start.cpp:86] req_id = 480013, start_time = 1682006316767076
I0420 15:58:36.773491 Main        (1913827) /home/lgw/Lumine-benchmarks/Experiments/09/src/0_start/start.cpp:86] req_id = 720013, start_time = 1682006316770735
I0420 15:58:36.777120 Main        (1913827) /home/lgw/Lumine-benchmarks/Experiments/09/src/0_start/start.cpp:86] req_id = 480014, start_time = 1682006316774659
I0420 15:58:36.780662 Main        (1913827) /home/lgw/Lumine-benchmarks/Experiments/09/src/0_start/start.cpp:86] req_id = 1080013, start_time = 1682006316778490
I0420 15:58:36.783855 Main        (1913827) /home/lgw/Lumine-benchmarks/Experiments/09/src/0_start/start.cpp:86] req_id = 1320013, start_time = 1682006316781693
I0420 15:58:36.787862 Main        (1913827) /home/lgw/Lumine-benchmarks/Experiments/09/src/0_start/start.cpp:86] req_id = 1080014, start_time = 1682006316785250
I0420 15:58:36.791124 Main        (1913827) /home/lgw/Lumine-benchmarks/Experiments/09/src/0_start/start.cpp:86] req_id = 1740013, start_time = 1682006316789126
I0420 15:58:36.794590 Main        (1913827) /home/lgw/Lumine-benchmarks/Experiments/09/src/0_start/start.cpp:86] req_id = 2040013, start_time = 1682006316792299
I0420 15:58:36.798120 Main        (1913827) /home/lgw/Lumine-benchmarks/Experiments/09/src/0_start/start.cpp:86] req_id = 2220013, start_time = 1682006316795881
I0420 15:58:36.802085 Main        (1913827) /home/lgw/Lumine-benchmarks/Experiments/09/src/0_start/start.cpp:86] req_id = 1980014, start_time = 1682006316800521
I0420 15:58:36.805826 Main        (1913827) /home/lgw/Lumine-benchmarks/Experiments/09/src/0_start/start.cpp:86] req_id = 2640013, start_time = 1682006316804205
I0420 15:58:36.809727 Main        (1913827) /home/lgw/Lumine-benchmarks/Experiments/09/src/0_start/start.cpp:86] req_id = 2880013, start_time = 1682006316807654
I0420 15:58:36.815167 Main        (1913827) /home/lgw/Lumine-benchmarks/Experiments/09/src/0_start/start.cpp:86] req_id = 2760014, start_time = 1682006316811711
I0420 15:58:38.767346 Main        (1913827) /home/lgw/Lumine-benchmarks/Experiments/09/src/0_start/start.cpp:86] req_id = 300015, start_time = 1682006318765132
I0420 15:58:38.772897 Main        (1913827) /home/lgw/Lumine-benchmarks/Experiments/09/src/0_start/start.cpp:86] req_id = 660015, start_time = 1682006318770163
I0420 15:58:38.776226 Main        (1913827) /home/lgw/Lumine-benchmarks/Experiments/09/src/0_start/start.cpp:86] req_id = 480016, start_time = 1682006318774198
I0420 15:58:38.780224 Main        (1913827) /home/lgw/Lumine-benchmarks/Experiments/09/src/0_start/start.cpp:86] req_id = 1020015, start_time = 1682006318777635
I0420 15:58:38.783754 Main        (1913827) /home/lgw/Lumine-benchmarks/Experiments/09/src/0_start/start.cpp:86] req_id = 1380015, start_time = 1682006318781556
I0420 15:58:38.787221 Main        (1913827) /home/lgw/Lumine-benchmarks/Experiments/09/src/0_start/start.cpp:86] req_id = 1500015, start_time = 1682006318785567
I0420 15:58:38.790461 Main        (1913827) /home/lgw/Lumine-benchmarks/Experiments/09/src/0_start/start.cpp:86] req_id = 1320016, start_time = 1682006318788533
I0420 15:58:38.793811 Main        (1913827) /home/lgw/Lumine-benchmarks/Experiments/09/src/0_start/start.cpp:86] req_id = 1620016, start_time = 1682006318791657
I0420 15:58:38.797025 Main        (1913827) /home/lgw/Lumine-benchmarks/Experiments/09/src/0_start/start.cpp:86] req_id = 2280015, start_time = 1682006318795717
I0420 15:58:38.800963 Main        (1913827) /home/lgw/Lumine-benchmarks/Experiments/09/src/0_start/start.cpp:86] req_id = 2520015, start_time = 1682006318799621
I0420 15:58:38.804295 Main        (1913827) /home/lgw/Lumine-benchmarks/Experiments/09/src/0_start/start.cpp:86] req_id = 2280016, start_time = 1682006318803088
I0420 15:58:38.808217 Main        (1913827) /home/lgw/Lumine-benchmarks/Experiments/09/src/0_start/start.cpp:86] req_id = 2580016, start_time = 1682006318806822
I0420 15:58:38.812449 Main        (1913827) /home/lgw/Lumine-benchmarks/Experiments/09/src/0_start/start.cpp:86] req_id = 2820016, start_time = 1682006318810689
I0420 15:58:40.766379 Main        (1913827) /home/lgw/Lumine-benchmarks/Experiments/09/src/0_start/start.cpp:86] req_id = 300017, start_time = 1682006320764996
I0420 15:58:40.769620 Main        (1913827) /home/lgw/Lumine-benchmarks/Experiments/09/src/0_start/start.cpp:86] req_id = 60019, start_time = 1682006320767776
I0420 15:58:40.773930 Main        (1913827) /home/lgw/Lumine-benchmarks/Experiments/09/src/0_start/start.cpp:86] req_id = 840017, start_time = 1682006320771179
I0420 15:58:40.777876 Main        (1913827) /home/lgw/Lumine-benchmarks/Experiments/09/src/0_start/start.cpp:86] req_id = 600018, start_time = 1682006320775558
I0420 15:58:40.780898 Main        (1913827) /home/lgw/Lumine-benchmarks/Experiments/09/src/0_start/start.cpp:86] req_id = 900018, start_time = 1682006320779343
I0420 15:58:40.784031 Main        (1913827) /home/lgw/Lumine-benchmarks/Experiments/09/src/0_start/start.cpp:86] req_id = 1080018, start_time = 1682006320782363
I0420 15:58:40.786658 Main        (1913827) /home/lgw/Lumine-benchmarks/Experiments/09/src/0_start/start.cpp:86] req_id = 1320018, start_time = 1682006320785288
I0420 15:58:40.790369 Main        (1913827) /home/lgw/Lumine-benchmarks/Experiments/09/src/0_start/start.cpp:86] req_id = 1980017, start_time = 1682006320788655
I0420 15:58:40.794912 Main        (1913827) /home/lgw/Lumine-benchmarks/Experiments/09/src/0_start/start.cpp:86] req_id = 1860018, start_time = 1682006320793353
I0420 15:58:40.799039 Main        (1913827) /home/lgw/Lumine-benchmarks/Experiments/09/src/0_start/start.cpp:86] req_id = 2040018, start_time = 1682006320797698
I0420 15:58:40.803115 Main        (1913827) /home/lgw/Lumine-benchmarks/Experiments/09/src/0_start/start.cpp:86] req_id = 2340018, start_time = 1682006320801796
I0420 15:58:40.807868 Main        (1913827) /home/lgw/Lumine-benchmarks/Experiments/09/src/0_start/start.cpp:86] req_id = 3000017, start_time = 1682006320806320
I0420 15:58:40.811659 Main        (1913827) /home/lgw/Lumine-benchmarks/Experiments/09/src/0_start/start.cpp:86] req_id = 3000018, start_time = 1682006320809555
I0420 15:58:42.764978 Main        (1913827) /home/lgw/Lumine-benchmarks/Experiments/09/src/0_start/start.cpp:86] req_id = 60020, start_time = 1682006322763338
I0420 15:58:42.768197 Main        (1913827) /home/lgw/Lumine-benchmarks/Experiments/09/src/0_start/start.cpp:86] req_id = 300019, start_time = 1682006322766461
I0420 15:58:42.771136 Main        (1913827) /home/lgw/Lumine-benchmarks/Experiments/09/src/0_start/start.cpp:86] req_id = 660019, start_time = 1682006322769355
I0420 15:58:42.774262 Main        (1913827) /home/lgw/Lumine-benchmarks/Experiments/09/src/0_start/start.cpp:86] req_id = 840019, start_time = 1682006322772354
I0420 15:58:42.777396 Main        (1913827) /home/lgw/Lumine-benchmarks/Experiments/09/src/0_start/start.cpp:86] req_id = 1020019, start_time = 1682006322775694
I0420 15:58:42.781161 Main        (1913827) /home/lgw/Lumine-benchmarks/Experiments/09/src/0_start/start.cpp:86] req_id = 840020, start_time = 1682006322778481
I0420 15:58:42.784975 Main        (1913827) /home/lgw/Lumine-benchmarks/Experiments/09/src/0_start/start.cpp:86] req_id = 1080020, start_time = 1682006322782379
I0420 15:58:42.789240 Main        (1913827) /home/lgw/Lumine-benchmarks/Experiments/09/src/0_start/start.cpp:86] req_id = 1680019, start_time = 1682006322786412
I0420 15:58:42.791771 Main        (1913827) /home/lgw/Lumine-benchmarks/Experiments/09/src/0_start/start.cpp:86] req_id = 1980019, start_time = 1682006322790355
I0420 15:58:42.794521 Main        (1913827) /home/lgw/Lumine-benchmarks/Experiments/09/src/0_start/start.cpp:86] req_id = 1800020, start_time = 1682006322793065
I0420 15:58:42.798954 Main        (1913827) /home/lgw/Lumine-benchmarks/Experiments/09/src/0_start/start.cpp:86] req_id = 1920020, start_time = 1682006322797097
I0420 15:58:42.803395 Main        (1913827) /home/lgw/Lumine-benchmarks/Experiments/09/src/0_start/start.cpp:86] req_id = 2220020, start_time = 1682006322801469
I0420 15:58:42.807198 Main        (1913827) /home/lgw/Lumine-benchmarks/Experiments/09/src/0_start/start.cpp:86] req_id = 2820019, start_time = 1682006322805808
I0420 15:58:42.811298 Main        (1913827) /home/lgw/Lumine-benchmarks/Experiments/09/src/0_start/start.cpp:86] req_id = 2760020, start_time = 1682006322809967
I0420 15:58:44.766590 Main        (1913827) /home/lgw/Lumine-benchmarks/Experiments/09/src/0_start/start.cpp:86] req_id = 300021, start_time = 1682006324764912
I0420 15:58:44.770894 Main        (1913827) /home/lgw/Lumine-benchmarks/Experiments/09/src/0_start/start.cpp:86] req_id = 60023, start_time = 1682006324768264
I0420 15:58:44.774766 Main        (1913827) /home/lgw/Lumine-benchmarks/Experiments/09/src/0_start/start.cpp:86] req_id = 900021, start_time = 1682006324772222
I0420 15:58:44.778267 Main        (1913827) /home/lgw/Lumine-benchmarks/Experiments/09/src/0_start/start.cpp:86] req_id = 960021, start_time = 1682006324776054
I0420 15:58:44.781676 Main        (1913827) /home/lgw/Lumine-benchmarks/Experiments/09/src/0_start/start.cpp:86] req_id = 1320021, start_time = 1682006324780069
I0420 15:58:44.785206 Main        (1913827) /home/lgw/Lumine-benchmarks/Experiments/09/src/0_start/start.cpp:86] req_id = 1140022, start_time = 1682006324783075
I0420 15:58:44.788707 Main        (1913827) /home/lgw/Lumine-benchmarks/Experiments/09/src/0_start/start.cpp:86] req_id = 1380022, start_time = 1682006324786544
I0420 15:58:44.792301 Main        (1913827) /home/lgw/Lumine-benchmarks/Experiments/09/src/0_start/start.cpp:86] req_id = 2040021, start_time = 1682006324790185
I0420 15:58:44.795429 Main        (1913827) /home/lgw/Lumine-benchmarks/Experiments/09/src/0_start/start.cpp:86] req_id = 2340021, start_time = 1682006324793730
I0420 15:58:44.799898 Main        (1913827) /home/lgw/Lumine-benchmarks/Experiments/09/src/0_start/start.cpp:86] req_id = 2040022, start_time = 1682006324798250
I0420 15:58:44.805156 Main        (1913827) /home/lgw/Lumine-benchmarks/Experiments/09/src/0_start/start.cpp:86] req_id = 2700021, start_time = 1682006324803925
I0420 15:58:44.811728 Main        (1913827) /home/lgw/Lumine-benchmarks/Experiments/09/src/0_start/start.cpp:86] req_id = 2580022, start_time = 1682006324810442
I0420 15:58:44.817969 Main        (1913827) /home/lgw/Lumine-benchmarks/Experiments/09/src/0_start/start.cpp:86] req_id = 2880022, start_time = 1682006324816644
I0420 15:58:46.767582 Main        (1913827) /home/lgw/Lumine-benchmarks/Experiments/09/src/0_start/start.cpp:86] req_id = 60024, start_time = 1682006326765005
I0420 15:58:46.772794 Main        (1913827) /home/lgw/Lumine-benchmarks/Experiments/09/src/0_start/start.cpp:86] req_id = 60025, start_time = 1682006326770248
I0420 15:58:46.775949 Main        (1913827) /home/lgw/Lumine-benchmarks/Experiments/09/src/0_start/start.cpp:86] req_id = 480024, start_time = 1682006326773981
I0420 15:58:46.779663 Main        (1913827) /home/lgw/Lumine-benchmarks/Experiments/09/src/0_start/start.cpp:86] req_id = 960023, start_time = 1682006326777382
I0420 15:58:46.783275 Main        (1913827) /home/lgw/Lumine-benchmarks/Experiments/09/src/0_start/start.cpp:86] req_id = 1260023, start_time = 1682006326780884
I0420 15:58:46.787286 Main        (1913827) /home/lgw/Lumine-benchmarks/Experiments/09/src/0_start/start.cpp:86] req_id = 1080024, start_time = 1682006326785030
I0420 15:58:46.790243 Main        (1913827) /home/lgw/Lumine-benchmarks/Experiments/09/src/0_start/start.cpp:86] req_id = 1320024, start_time = 1682006326788546
I0420 15:58:46.793294 Main        (1913827) /home/lgw/Lumine-benchmarks/Experiments/09/src/0_start/start.cpp:86] req_id = 2040023, start_time = 1682006326791430
I0420 15:58:46.796261 Main        (1913827) /home/lgw/Lumine-benchmarks/Experiments/09/src/0_start/start.cpp:86] req_id = 2100023, start_time = 1682006326794439
I0420 15:58:46.800660 Main        (1913827) /home/lgw/Lumine-benchmarks/Experiments/09/src/0_start/start.cpp:86] req_id = 2400023, start_time = 1682006326799380
I0420 15:58:46.805004 Main        (1913827) /home/lgw/Lumine-benchmarks/Experiments/09/src/0_start/start.cpp:86] req_id = 2160024, start_time = 1682006326803479
I0420 15:58:46.809449 Main        (1913827) /home/lgw/Lumine-benchmarks/Experiments/09/src/0_start/start.cpp:86] req_id = 2880023, start_time = 1682006326807862
I0420 15:58:46.813714 Main        (1913827) /home/lgw/Lumine-benchmarks/Experiments/09/src/0_start/start.cpp:86] req_id = 2700024, start_time = 1682006326812181
I0420 15:58:48.766250 Main        (1913827) /home/lgw/Lumine-benchmarks/Experiments/09/src/0_start/start.cpp:86] req_id = 300025, start_time = 1682006328764819
I0420 15:58:48.770007 Main        (1913827) /home/lgw/Lumine-benchmarks/Experiments/09/src/0_start/start.cpp:86] req_id = 600025, start_time = 1682006328768358
I0420 15:58:48.773607 Main        (1913827) /home/lgw/Lumine-benchmarks/Experiments/09/src/0_start/start.cpp:86] req_id = 840025, start_time = 1682006328771773
I0420 15:58:48.779840 Main        (1913827) /home/lgw/Lumine-benchmarks/Experiments/09/src/0_start/start.cpp:86] req_id = 600026, start_time = 1682006328775040
I0420 15:58:48.784205 Main        (1913827) /home/lgw/Lumine-benchmarks/Experiments/09/src/0_start/start.cpp:86] req_id = 900026, start_time = 1682006328781856
I0420 15:58:48.787443 Main        (1913827) /home/lgw/Lumine-benchmarks/Experiments/09/src/0_start/start.cpp:86] req_id = 1560025, start_time = 1682006328785611
I0420 15:58:48.791045 Main        (1913827) /home/lgw/Lumine-benchmarks/Experiments/09/src/0_start/start.cpp:86] req_id = 1500026, start_time = 1682006328789047
I0420 15:58:48.794300 Main        (1913827) /home/lgw/Lumine-benchmarks/Experiments/09/src/0_start/start.cpp:86] req_id = 1560026, start_time = 1682006328792493
I0420 15:58:48.798854 Main        (1913827) /home/lgw/Lumine-benchmarks/Experiments/09/src/0_start/start.cpp:86] req_id = 2160025, start_time = 1682006328796172
I0420 15:58:48.802447 Main        (1913827) /home/lgw/Lumine-benchmarks/Experiments/09/src/0_start/start.cpp:86] req_id = 2100026, start_time = 1682006328801006
I0420 15:58:48.805968 Main        (1913827) /home/lgw/Lumine-benchmarks/Experiments/09/src/0_start/start.cpp:86] req_id = 2160026, start_time = 1682006328804491
I0420 15:58:48.810156 Main        (1913827) /home/lgw/Lumine-benchmarks/Experiments/09/src/0_start/start.cpp:86] req_id = 2820025, start_time = 1682006328807862
I0420 15:58:48.814372 Main        (1913827) /home/lgw/Lumine-benchmarks/Experiments/09/src/0_start/start.cpp:86] req_id = 2700026, start_time = 1682006328812610
I0420 15:58:50.767204 Main        (1913827) /home/lgw/Lumine-benchmarks/Experiments/09/src/0_start/start.cpp:86] req_id = 300027, start_time = 1682006330764918
I0420 15:58:50.771420 Main        (1913827) /home/lgw/Lumine-benchmarks/Experiments/09/src/0_start/start.cpp:86] req_id = 600027, start_time = 1682006330769094
I0420 15:58:50.774127 Main        (1913827) /home/lgw/Lumine-benchmarks/Experiments/09/src/0_start/start.cpp:86] req_id = 300028, start_time = 1682006330772826
I0420 15:58:50.777083 Main        (1913827) /home/lgw/Lumine-benchmarks/Experiments/09/src/0_start/start.cpp:86] req_id = 1020027, start_time = 1682006330775459
I0420 15:58:50.779767 Main        (1913827) /home/lgw/Lumine-benchmarks/Experiments/09/src/0_start/start.cpp:86] req_id = 1260027, start_time = 1682006330778374
I0420 15:58:50.782708 Main        (1913827) /home/lgw/Lumine-benchmarks/Experiments/09/src/0_start/start.cpp:86] req_id = 1440027, start_time = 1682006330781070
I0420 15:58:50.785889 Main        (1913827) /home/lgw/Lumine-benchmarks/Experiments/09/src/0_start/start.cpp:86] req_id = 1800027, start_time = 1682006330784363
I0420 15:58:50.788904 Main        (1913827) /home/lgw/Lumine-benchmarks/Experiments/09/src/0_start/start.cpp:86] req_id = 1920027, start_time = 1682006330787186
I0420 15:58:50.792204 Main        (1913827) /home/lgw/Lumine-benchmarks/Experiments/09/src/0_start/start.cpp:86] req_id = 2100027, start_time = 1682006330790298
I0420 15:58:50.796877 Main        (1913827) /home/lgw/Lumine-benchmarks/Experiments/09/src/0_start/start.cpp:86] req_id = 2340027, start_time = 1682006330795435
I0420 15:58:50.802436 Main        (1913827) /home/lgw/Lumine-benchmarks/Experiments/09/src/0_start/start.cpp:86] req_id = 2160028, start_time = 1682006330800843
I0420 15:58:50.807958 Main        (1913827) /home/lgw/Lumine-benchmarks/Experiments/09/src/0_start/start.cpp:86] req_id = 2400028, start_time = 1682006330806666
I0420 15:58:50.812850 Main        (1913827) /home/lgw/Lumine-benchmarks/Experiments/09/src/0_start/start.cpp:86] req_id = 2760028, start_time = 1682006330811356
I0420 15:58:52.767315 Main        (1913827) /home/lgw/Lumine-benchmarks/Experiments/09/src/0_start/start.cpp:86] req_id = 360029, start_time = 1682006332765705
I0420 15:58:52.771881 Main        (1913827) /home/lgw/Lumine-benchmarks/Experiments/09/src/0_start/start.cpp:86] req_id = 180030, start_time = 1682006332769252
I0420 15:58:52.775215 Main        (1913827) /home/lgw/Lumine-benchmarks/Experiments/09/src/0_start/start.cpp:86] req_id = 420030, start_time = 1682006332773326
I0420 15:58:52.778856 Main        (1913827) /home/lgw/Lumine-benchmarks/Experiments/09/src/0_start/start.cpp:86] req_id = 1080029, start_time = 1682006332776489
I0420 15:58:52.782487 Main        (1913827) /home/lgw/Lumine-benchmarks/Experiments/09/src/0_start/start.cpp:86] req_id = 900030, start_time = 1682006332779940
I0420 15:58:52.786127 Main        (1913827) /home/lgw/Lumine-benchmarks/Experiments/09/src/0_start/start.cpp:86] req_id = 1620029, start_time = 1682006332783733
I0420 15:58:52.789303 Main        (1913827) /home/lgw/Lumine-benchmarks/Experiments/09/src/0_start/start.cpp:86] req_id = 1800029, start_time = 1682006332787267
I0420 15:58:52.792702 Main        (1913827) /home/lgw/Lumine-benchmarks/Experiments/09/src/0_start/start.cpp:86] req_id = 1560030, start_time = 1682006332790427
I0420 15:58:52.795533 Main        (1913827) /home/lgw/Lumine-benchmarks/Experiments/09/src/0_start/start.cpp:86] req_id = 2280029, start_time = 1682006332794097
I0420 15:58:52.798388 Main        (1913827) /home/lgw/Lumine-benchmarks/Experiments/09/src/0_start/start.cpp:86] req_id = 2040030, start_time = 1682006332796606
I0420 15:58:52.802132 Main        (1913827) /home/lgw/Lumine-benchmarks/Experiments/09/src/0_start/start.cpp:86] req_id = 2340030, start_time = 1682006332799872
I0420 15:58:52.805475 Main        (1913827) /home/lgw/Lumine-benchmarks/Experiments/09/src/0_start/start.cpp:86] req_id = 2640030, start_time = 1682006332803712
I0420 15:58:54.772723 Main        (1913827) /home/lgw/Lumine-benchmarks/Experiments/09/src/0_start/start.cpp:86] req_id = 240032, start_time = 1682006334770348
I0420 15:58:54.776965 Main        (1913827) /home/lgw/Lumine-benchmarks/Experiments/09/src/0_start/start.cpp:86] req_id = 1020031, start_time = 1682006334774210
I0420 15:58:54.780376 Main        (1913827) /home/lgw/Lumine-benchmarks/Experiments/09/src/0_start/start.cpp:86] req_id = 780032, start_time = 1682006334778212
I0420 15:58:54.784085 Main        (1913827) /home/lgw/Lumine-benchmarks/Experiments/09/src/0_start/start.cpp:86] req_id = 1080032, start_time = 1682006334781688
I0420 15:58:54.787062 Main        (1913827) /home/lgw/Lumine-benchmarks/Experiments/09/src/0_start/start.cpp:86] req_id = 1200032, start_time = 1682006334785311
I0420 15:58:54.789808 Main        (1913827) /home/lgw/Lumine-benchmarks/Experiments/09/src/0_start/start.cpp:86] req_id = 1440032, start_time = 1682006334788379
I0420 15:58:54.793460 Main        (1913827) /home/lgw/Lumine-benchmarks/Experiments/09/src/0_start/start.cpp:86] req_id = 1740032, start_time = 1682006334791325
I0420 15:58:54.808238 Main        (1913827) /home/lgw/Lumine-benchmarks/Experiments/09/src/0_start/start.cpp:86] req_id = 1920032, start_time = 1682006334795629
I0420 15:58:54.814263 Main        (1913827) /home/lgw/Lumine-benchmarks/Experiments/09/src/0_start/start.cpp:86] req_id = 2700031, start_time = 1682006334810878
I0420 15:58:54.818596 Main        (1913827) /home/lgw/Lumine-benchmarks/Experiments/09/src/0_start/start.cpp:86] req_id = 2640032, start_time = 1682006334816336
I0420 15:58:54.834262 Main        (1913827) /home/lgw/Lumine-benchmarks/Experiments/09/src/0_start/start.cpp:86] req_id = 3000032, start_time = 1682006334820544
I0420 15:58:56.766152 Main        (1913827) /home/lgw/Lumine-benchmarks/Experiments/09/src/0_start/start.cpp:86] req_id = 60034, start_time = 1682006336764518
I0420 15:58:56.770801 Main        (1913827) /home/lgw/Lumine-benchmarks/Experiments/09/src/0_start/start.cpp:86] req_id = 480033, start_time = 1682006336769009
I0420 15:58:56.774191 Main        (1913827) /home/lgw/Lumine-benchmarks/Experiments/09/src/0_start/start.cpp:86] req_id = 300034, start_time = 1682006336772066
I0420 15:58:56.777905 Main        (1913827) /home/lgw/Lumine-benchmarks/Experiments/09/src/0_start/start.cpp:86] req_id = 1020033, start_time = 1682006336775645
I0420 15:58:56.781200 Main        (1913827) /home/lgw/Lumine-benchmarks/Experiments/09/src/0_start/start.cpp:86] req_id = 1200033, start_time = 1682006336779284
I0420 15:58:56.788259 Main        (1913827) /home/lgw/Lumine-benchmarks/Experiments/09/src/0_start/start.cpp:86] req_id = 1500033, start_time = 1682006336784362
I0420 15:58:56.791331 Main        (1913827) /home/lgw/Lumine-benchmarks/Experiments/09/src/0_start/start.cpp:86] req_id = 1920033, start_time = 1682006336789822
I0420 15:58:56.793946 Main        (1913827) /home/lgw/Lumine-benchmarks/Experiments/09/src/0_start/start.cpp:86] req_id = 1980033, start_time = 1682006336792386
I0420 15:58:56.796998 Main        (1913827) /home/lgw/Lumine-benchmarks/Experiments/09/src/0_start/start.cpp:86] req_id = 2280033, start_time = 1682006336795807
I0420 15:58:56.801516 Main        (1913827) /home/lgw/Lumine-benchmarks/Experiments/09/src/0_start/start.cpp:86] req_id = 2580033, start_time = 1682006336799305
I0420 15:58:56.805014 Main        (1913827) /home/lgw/Lumine-benchmarks/Experiments/09/src/0_start/start.cpp:86] req_id = 2760033, start_time = 1682006336803519
I0420 15:58:56.808603 Main        (1913827) /home/lgw/Lumine-benchmarks/Experiments/09/src/0_start/start.cpp:86] req_id = 2520034, start_time = 1682006336807383
I0420 15:58:56.817663 Main        (1913827) /home/lgw/Lumine-benchmarks/Experiments/09/src/0_start/start.cpp:86] req_id = 2820034, start_time = 1682006336811245
I0420 15:58:58.764950 Main        (1913827) /home/lgw/Lumine-benchmarks/Experiments/09/src/0_start/start.cpp:86] req_id = 60036, start_time = 1682006338763469
I0420 15:58:58.768577 Main        (1913827) /home/lgw/Lumine-benchmarks/Experiments/09/src/0_start/start.cpp:86] req_id = 480035, start_time = 1682006338766748
I0420 15:58:58.771518 Main        (1913827) /home/lgw/Lumine-benchmarks/Experiments/09/src/0_start/start.cpp:86] req_id = 240036, start_time = 1682006338769934
I0420 15:58:58.775495 Main        (1913827) /home/lgw/Lumine-benchmarks/Experiments/09/src/0_start/start.cpp:86] req_id = 420036, start_time = 1682006338772835
I0420 15:58:58.778724 Main        (1913827) /home/lgw/Lumine-benchmarks/Experiments/09/src/0_start/start.cpp:86] req_id = 1140035, start_time = 1682006338776895
I0420 15:58:58.783645 Main        (1913827) /home/lgw/Lumine-benchmarks/Experiments/09/src/0_start/start.cpp:86] req_id = 1020036, start_time = 1682006338781246
I0420 15:58:58.788265 Main        (1913827) /home/lgw/Lumine-benchmarks/Experiments/09/src/0_start/start.cpp:86] req_id = 1680035, start_time = 1682006338785050
I0420 15:58:58.791410 Main        (1913827) /home/lgw/Lumine-benchmarks/Experiments/09/src/0_start/start.cpp:86] req_id = 1980035, start_time = 1682006338789507
I0420 15:58:58.794931 Main        (1913827) /home/lgw/Lumine-benchmarks/Experiments/09/src/0_start/start.cpp:86] req_id = 2220035, start_time = 1682006338793097
I0420 15:58:58.801434 Main        (1913827) /home/lgw/Lumine-benchmarks/Experiments/09/src/0_start/start.cpp:86] req_id = 2160036, start_time = 1682006338799817
I0420 15:58:58.805539 Main        (1913827) /home/lgw/Lumine-benchmarks/Experiments/09/src/0_start/start.cpp:86] req_id = 2400036, start_time = 1682006338803395
I0420 15:58:58.809242 Main        (1913827) /home/lgw/Lumine-benchmarks/Experiments/09/src/0_start/start.cpp:86] req_id = 2700036, start_time = 1682006338807538
I0420 15:59:00.769752 Main        (1913827) /home/lgw/Lumine-benchmarks/Experiments/09/src/0_start/start.cpp:86] req_id = 480037, start_time = 1682006340767535
I0420 15:59:00.773411 Main        (1913827) /home/lgw/Lumine-benchmarks/Experiments/09/src/0_start/start.cpp:86] req_id = 240038, start_time = 1682006340771123
I0420 15:59:00.776822 Main        (1913827) /home/lgw/Lumine-benchmarks/Experiments/09/src/0_start/start.cpp:86] req_id = 960037, start_time = 1682006340774788
I0420 15:59:00.779664 Main        (1913827) /home/lgw/Lumine-benchmarks/Experiments/09/src/0_start/start.cpp:86] req_id = 1200037, start_time = 1682006340778020
I0420 15:59:00.782457 Main        (1913827) /home/lgw/Lumine-benchmarks/Experiments/09/src/0_start/start.cpp:86] req_id = 1440037, start_time = 1682006340780947
I0420 15:59:00.785463 Main        (1913827) /home/lgw/Lumine-benchmarks/Experiments/09/src/0_start/start.cpp:86] req_id = 1140038, start_time = 1682006340783870
I0420 15:59:00.788393 Main        (1913827) /home/lgw/Lumine-benchmarks/Experiments/09/src/0_start/start.cpp:86] req_id = 1860037, start_time = 1682006340786813
I0420 15:59:00.791580 Main        (1913827) /home/lgw/Lumine-benchmarks/Experiments/09/src/0_start/start.cpp:86] req_id = 1620038, start_time = 1682006340789829
I0420 15:59:00.795730 Main        (1913827) /home/lgw/Lumine-benchmarks/Experiments/09/src/0_start/start.cpp:86] req_id = 2340037, start_time = 1682006340793923
I0420 15:59:00.799934 Main        (1913827) /home/lgw/Lumine-benchmarks/Experiments/09/src/0_start/start.cpp:86] req_id = 2580037, start_time = 1682006340798659
I0420 15:59:00.803938 Main        (1913827) /home/lgw/Lumine-benchmarks/Experiments/09/src/0_start/start.cpp:86] req_id = 2400038, start_time = 1682006340802625
I0420 15:59:00.808318 Main        (1913827) /home/lgw/Lumine-benchmarks/Experiments/09/src/0_start/start.cpp:86] req_id = 2640038, start_time = 1682006340807005
I0420 15:59:02.771830 Main        (1913827) /home/lgw/Lumine-benchmarks/Experiments/09/src/0_start/start.cpp:86] req_id = 420039, start_time = 1682006342769413
I0420 15:59:02.775252 Main        (1913827) /home/lgw/Lumine-benchmarks/Experiments/09/src/0_start/start.cpp:86] req_id = 900039, start_time = 1682006342773421
I0420 15:59:02.778514 Main        (1913827) /home/lgw/Lumine-benchmarks/Experiments/09/src/0_start/start.cpp:86] req_id = 540040, start_time = 1682006342776596
I0420 15:59:02.781423 Main        (1913827) /home/lgw/Lumine-benchmarks/Experiments/09/src/0_start/start.cpp:86] req_id = 780040, start_time = 1682006342779753
I0420 15:59:02.784270 Main        (1913827) /home/lgw/Lumine-benchmarks/Experiments/09/src/0_start/start.cpp:86] req_id = 1440039, start_time = 1682006342782568
I0420 15:59:02.788141 Main        (1913827) /home/lgw/Lumine-benchmarks/Experiments/09/src/0_start/start.cpp:86] req_id = 1740039, start_time = 1682006342785560
I0420 15:59:02.791417 Main        (1913827) /home/lgw/Lumine-benchmarks/Experiments/09/src/0_start/start.cpp:86] req_id = 1980039, start_time = 1682006342789663
I0420 15:59:02.795531 Main        (1913827) /home/lgw/Lumine-benchmarks/Experiments/09/src/0_start/start.cpp:86] req_id = 2160039, start_time = 1682006342793400
I0420 15:59:02.799717 Main        (1913827) /home/lgw/Lumine-benchmarks/Experiments/09/src/0_start/start.cpp:86] req_id = 1980040, start_time = 1682006342797651
I0420 15:59:02.802800 Main        (1913827) /home/lgw/Lumine-benchmarks/Experiments/09/src/0_start/start.cpp:86] req_id = 2760039, start_time = 1682006342801110
I0420 15:59:02.806260 Main        (1913827) /home/lgw/Lumine-benchmarks/Experiments/09/src/0_start/start.cpp:86] req_id = 2580040, start_time = 1682006342804488
I0420 15:59:02.809320 Main        (1913827) /home/lgw/Lumine-benchmarks/Experiments/09/src/0_start/start.cpp:86] req_id = 2820040, start_time = 1682006342807455
I0420 15:59:04.765160 Main        (1913827) /home/lgw/Lumine-benchmarks/Experiments/09/src/0_start/start.cpp:86] req_id = 180041, start_time = 1682006344763292
I0420 15:59:04.769068 Main        (1913827) /home/lgw/Lumine-benchmarks/Experiments/09/src/0_start/start.cpp:86] req_id = 480041, start_time = 1682006344767196
I0420 15:59:04.772665 Main        (1913827) /home/lgw/Lumine-benchmarks/Experiments/09/src/0_start/start.cpp:86] req_id = 780041, start_time = 1682006344770304
I0420 15:59:04.785074 Main        (1913827) /home/lgw/Lumine-benchmarks/Experiments/09/src/0_start/start.cpp:86] req_id = 420042, start_time = 1682006344774093
I0420 15:59:04.789209 Main        (1913827) /home/lgw/Lumine-benchmarks/Experiments/09/src/0_start/start.cpp:86] req_id = 1260041, start_time = 1682006344786974
I0420 15:59:04.791962 Main        (1913827) /home/lgw/Lumine-benchmarks/Experiments/09/src/0_start/start.cpp:86] req_id = 1020042, start_time = 1682006344790494
I0420 15:59:04.795453 Main        (1913827) /home/lgw/Lumine-benchmarks/Experiments/09/src/0_start/start.cpp:86] req_id = 1620041, start_time = 1682006344793194
I0420 15:59:04.798438 Main        (1913827) /home/lgw/Lumine-benchmarks/Experiments/09/src/0_start/start.cpp:86] req_id = 1920041, start_time = 1682006344796965
I0420 15:59:04.801540 Main        (1913827) /home/lgw/Lumine-benchmarks/Experiments/09/src/0_start/start.cpp:86] req_id = 1620042, start_time = 1682006344799745
I0420 15:59:04.805051 Main        (1913827) /home/lgw/Lumine-benchmarks/Experiments/09/src/0_start/start.cpp:86] req_id = 2340041, start_time = 1682006344803164
I0420 15:59:04.808756 Main        (1913827) /home/lgw/Lumine-benchmarks/Experiments/09/src/0_start/start.cpp:86] req_id = 2520041, start_time = 1682006344806824
I0420 15:59:04.812434 Main        (1913827) /home/lgw/Lumine-benchmarks/Experiments/09/src/0_start/start.cpp:86] req_id = 2400042, start_time = 1682006344810515
I0420 15:59:04.816808 Main        (1913827) /home/lgw/Lumine-benchmarks/Experiments/09/src/0_start/start.cpp:86] req_id = 2640042, start_time = 1682006344814626
I0420 15:59:06.769577 Main        (1913827) /home/lgw/Lumine-benchmarks/Experiments/09/src/0_start/start.cpp:86] req_id = 60045, start_time = 1682006346767306
I0420 15:59:06.773887 Main        (1913827) /home/lgw/Lumine-benchmarks/Experiments/09/src/0_start/start.cpp:86] req_id = 300044, start_time = 1682006346771640
I0420 15:59:06.778127 Main        (1913827) /home/lgw/Lumine-benchmarks/Experiments/09/src/0_start/start.cpp:86] req_id = 960043, start_time = 1682006346775840
I0420 15:59:06.781941 Main        (1913827) /home/lgw/Lumine-benchmarks/Experiments/09/src/0_start/start.cpp:86] req_id = 1200043, start_time = 1682006346779740
I0420 15:59:06.785088 Main        (1913827) /home/lgw/Lumine-benchmarks/Experiments/09/src/0_start/start.cpp:86] req_id = 1500043, start_time = 1682006346783107
I0420 15:59:06.789126 Main        (1913827) /home/lgw/Lumine-benchmarks/Experiments/09/src/0_start/start.cpp:86] req_id = 1740043, start_time = 1682006346786775
I0420 15:59:06.792281 Main        (1913827) /home/lgw/Lumine-benchmarks/Experiments/09/src/0_start/start.cpp:86] req_id = 1980043, start_time = 1682006346790414
I0420 15:59:06.795834 Main        (1913827) /home/lgw/Lumine-benchmarks/Experiments/09/src/0_start/start.cpp:86] req_id = 2100043, start_time = 1682006346793671
I0420 15:59:06.801391 Main        (1913827) /home/lgw/Lumine-benchmarks/Experiments/09/src/0_start/start.cpp:86] req_id = 2520043, start_time = 1682006346799586
I0420 15:59:06.806584 Main        (1913827) /home/lgw/Lumine-benchmarks/Experiments/09/src/0_start/start.cpp:86] req_id = 2160044, start_time = 1682006346805413
I0420 15:59:06.811157 Main        (1913827) /home/lgw/Lumine-benchmarks/Experiments/09/src/0_start/start.cpp:86] req_id = 2400044, start_time = 1682006346809891
I0420 15:59:06.816214 Main        (1913827) /home/lgw/Lumine-benchmarks/Experiments/09/src/0_start/start.cpp:86] req_id = 2700044, start_time = 1682006346814636
I0420 15:59:08.766621 Main        (1913827) /home/lgw/Lumine-benchmarks/Experiments/09/src/0_start/start.cpp:86] req_id = 300045, start_time = 1682006348764874
I0420 15:59:08.771493 Main        (1913827) /home/lgw/Lumine-benchmarks/Experiments/09/src/0_start/start.cpp:86] req_id = 660045, start_time = 1682006348768754
I0420 15:59:08.776586 Main        (1913827) /home/lgw/Lumine-benchmarks/Experiments/09/src/0_start/start.cpp:86] req_id = 480046, start_time = 1682006348773416
I0420 15:59:08.780390 Main        (1913827) /home/lgw/Lumine-benchmarks/Experiments/09/src/0_start/start.cpp:86] req_id = 1080045, start_time = 1682006348778272
I0420 15:59:08.784055 Main        (1913827) /home/lgw/Lumine-benchmarks/Experiments/09/src/0_start/start.cpp:86] req_id = 1380045, start_time = 1682006348781694
I0420 15:59:08.786931 Main        (1913827) /home/lgw/Lumine-benchmarks/Experiments/09/src/0_start/start.cpp:86] req_id = 1140046, start_time = 1682006348785389
I0420 15:59:08.790409 Main        (1913827) /home/lgw/Lumine-benchmarks/Experiments/09/src/0_start/start.cpp:86] req_id = 1860045, start_time = 1682006348788374
I0420 15:59:08.794762 Main        (1913827) /home/lgw/Lumine-benchmarks/Experiments/09/src/0_start/start.cpp:86] req_id = 2100045, start_time = 1682006348792895
I0420 15:59:08.798641 Main        (1913827) /home/lgw/Lumine-benchmarks/Experiments/09/src/0_start/start.cpp:86] req_id = 1920046, start_time = 1682006348797013
I0420 15:59:08.803571 Main        (1913827) /home/lgw/Lumine-benchmarks/Experiments/09/src/0_start/start.cpp:86] req_id = 2580045, start_time = 1682006348801889
I0420 15:59:08.808764 Main        (1913827) /home/lgw/Lumine-benchmarks/Experiments/09/src/0_start/start.cpp:86] req_id = 2820045, start_time = 1682006348807233
I0420 15:59:08.813606 Main        (1913827) /home/lgw/Lumine-benchmarks/Experiments/09/src/0_start/start.cpp:86] req_id = 2640046, start_time = 1682006348811956
I0420 15:59:10.770636 Main        (1913827) /home/lgw/Lumine-benchmarks/Experiments/09/src/0_start/start.cpp:86] req_id = 60049, start_time = 1682006350767559
I0420 15:59:10.774268 Main        (1913827) /home/lgw/Lumine-benchmarks/Experiments/09/src/0_start/start.cpp:86] req_id = 840047, start_time = 1682006350772308
I0420 15:59:10.778043 Main        (1913827) /home/lgw/Lumine-benchmarks/Experiments/09/src/0_start/start.cpp:86] req_id = 540048, start_time = 1682006350775423
I0420 15:59:10.781099 Main        (1913827) /home/lgw/Lumine-benchmarks/Experiments/09/src/0_start/start.cpp:86] req_id = 780048, start_time = 1682006350779296
I0420 15:59:10.783872 Main        (1913827) /home/lgw/Lumine-benchmarks/Experiments/09/src/0_start/start.cpp:86] req_id = 1020048, start_time = 1682006350782232
I0420 15:59:10.786817 Main        (1913827) /home/lgw/Lumine-benchmarks/Experiments/09/src/0_start/start.cpp:86] req_id = 1200048, start_time = 1682006350785234
I0420 15:59:10.800750 Main        (1913827) /home/lgw/Lumine-benchmarks/Experiments/09/src/0_start/start.cpp:86] req_id = 1860047, start_time = 1682006350788130
I0420 15:59:10.806755 Main        (1913827) /home/lgw/Lumine-benchmarks/Experiments/09/src/0_start/start.cpp:86] req_id = 2040047, start_time = 1682006350801989
I0420 15:59:10.820441 Main        (1913827) /home/lgw/Lumine-benchmarks/Experiments/09/src/0_start/start.cpp:86] req_id = 1920048, start_time = 1682006350808200
I0420 15:59:10.826444 Main        (1913827) /home/lgw/Lumine-benchmarks/Experiments/09/src/0_start/start.cpp:86] req_id = 2580047, start_time = 1682006350821728
I0420 15:59:10.841298 Main        (1913827) /home/lgw/Lumine-benchmarks/Experiments/09/src/0_start/start.cpp:86] req_id = 2820047, start_time = 1682006350828206
I0420 15:59:10.847271 Main        (1913827) /home/lgw/Lumine-benchmarks/Experiments/09/src/0_start/start.cpp:86] req_id = 2940048, start_time = 1682006350843722
I0420 15:59:12.764984 Main        (1913827) /home/lgw/Lumine-benchmarks/Experiments/09/src/0_start/start.cpp:86] req_id = 120049, start_time = 1682006352763209
I0420 15:59:12.769024 Main        (1913827) /home/lgw/Lumine-benchmarks/Experiments/09/src/0_start/start.cpp:86] req_id = 120050, start_time = 1682006352767307
I0420 15:59:12.773016 Main        (1913827) /home/lgw/Lumine-benchmarks/Experiments/09/src/0_start/start.cpp:86] req_id = 720049, start_time = 1682006352770380
I0420 15:59:12.788411 Main        (1913827) /home/lgw/Lumine-benchmarks/Experiments/09/src/0_start/start.cpp:86] req_id = 960049, start_time = 1682006352774516
I0420 15:59:12.792631 Main        (1913827) /home/lgw/Lumine-benchmarks/Experiments/09/src/0_start/start.cpp:86] req_id = 1020049, start_time = 1682006352790180
I0420 15:59:12.796069 Main        (1913827) /home/lgw/Lumine-benchmarks/Experiments/09/src/0_start/start.cpp:86] req_id = 1200049, start_time = 1682006352793991
I0420 15:59:12.799299 Main        (1913827) /home/lgw/Lumine-benchmarks/Experiments/09/src/0_start/start.cpp:86] req_id = 1500049, start_time = 1682006352797293
I0420 15:59:12.807707 Main        (1913827) /home/lgw/Lumine-benchmarks/Experiments/09/src/0_start/start.cpp:86] req_id = 1740049, start_time = 1682006352800791
I0420 15:59:12.817426 Main        (1913827) /home/lgw/Lumine-benchmarks/Experiments/09/src/0_start/start.cpp:86] req_id = 1680050, start_time = 1682006352809511
I0420 15:59:12.821140 Main        (1913827) /home/lgw/Lumine-benchmarks/Experiments/09/src/0_start/start.cpp:86] req_id = 2160049, start_time = 1682006352819259
I0420 15:59:12.824587 Main        (1913827) /home/lgw/Lumine-benchmarks/Experiments/09/src/0_start/start.cpp:86] req_id = 1920050, start_time = 1682006352822748
I0420 15:59:12.829507 Main        (1913827) /home/lgw/Lumine-benchmarks/Experiments/09/src/0_start/start.cpp:86] req_id = 2640049, start_time = 1682006352825831
I0420 15:59:12.832755 Main        (1913827) /home/lgw/Lumine-benchmarks/Experiments/09/src/0_start/start.cpp:86] req_id = 2820049, start_time = 1682006352831075
I0420 15:59:12.837020 Main        (1913827) /home/lgw/Lumine-benchmarks/Experiments/09/src/0_start/start.cpp:86] req_id = 2880050, start_time = 1682006352834803
I0420 15:59:12.840492 Main        (1913827) /home/lgw/Lumine-benchmarks/Experiments/09/src/0_start/start.cpp:86] req_id = 2940050, start_time = 1682006352839048
I0420 15:59:14.766508 Main        (1913827) /home/lgw/Lumine-benchmarks/Experiments/09/src/0_start/start.cpp:86] req_id = 180051, start_time = 1682006354764629
I0420 15:59:14.771582 Main        (1913827) /home/lgw/Lumine-benchmarks/Experiments/09/src/0_start/start.cpp:86] req_id = 540051, start_time = 1682006354769171
I0420 15:59:14.775106 Main        (1913827) /home/lgw/Lumine-benchmarks/Experiments/09/src/0_start/start.cpp:86] req_id = 360052, start_time = 1682006354772979
I0420 15:59:14.778054 Main        (1913827) /home/lgw/Lumine-benchmarks/Experiments/09/src/0_start/start.cpp:86] req_id = 540052, start_time = 1682006354776421
I0420 15:59:14.781204 Main        (1913827) /home/lgw/Lumine-benchmarks/Experiments/09/src/0_start/start.cpp:86] req_id = 840052, start_time = 1682006354779380
I0420 15:59:14.784347 Main        (1913827) /home/lgw/Lumine-benchmarks/Experiments/09/src/0_start/start.cpp:86] req_id = 1440051, start_time = 1682006354782378
I0420 15:59:14.787831 Main        (1913827) /home/lgw/Lumine-benchmarks/Experiments/09/src/0_start/start.cpp:86] req_id = 1740051, start_time = 1682006354785553
I0420 15:59:14.791158 Main        (1913827) /home/lgw/Lumine-benchmarks/Experiments/09/src/0_start/start.cpp:86] req_id = 1980051, start_time = 1682006354788918
I0420 15:59:14.794418 Main        (1913827) /home/lgw/Lumine-benchmarks/Experiments/09/src/0_start/start.cpp:86] req_id = 2220051, start_time = 1682006354793183
I0420 15:59:14.798174 Main        (1913827) /home/lgw/Lumine-benchmarks/Experiments/09/src/0_start/start.cpp:86] req_id = 1980052, start_time = 1682006354796485
I0420 15:59:14.803151 Main        (1913827) /home/lgw/Lumine-benchmarks/Experiments/09/src/0_start/start.cpp:86] req_id = 2220052, start_time = 1682006354800281
I0420 15:59:14.806291 Main        (1913827) /home/lgw/Lumine-benchmarks/Experiments/09/src/0_start/start.cpp:86] req_id = 2520052, start_time = 1682006354804484
I0420 15:59:14.809033 Main        (1913827) /home/lgw/Lumine-benchmarks/Experiments/09/src/0_start/start.cpp:86] req_id = 2760052, start_time = 1682006354807383
I0420 15:59:16.766776 Main        (1913827) /home/lgw/Lumine-benchmarks/Experiments/09/src/0_start/start.cpp:86] req_id = 240053, start_time = 1682006356764982
I0420 15:59:16.772452 Main        (1913827) /home/lgw/Lumine-benchmarks/Experiments/09/src/0_start/start.cpp:86] req_id = 180054, start_time = 1682006356769372
I0420 15:59:16.776676 Main        (1913827) /home/lgw/Lumine-benchmarks/Experiments/09/src/0_start/start.cpp:86] req_id = 480054, start_time = 1682006356774054
I0420 15:59:16.780226 Main        (1913827) /home/lgw/Lumine-benchmarks/Experiments/09/src/0_start/start.cpp:86] req_id = 720054, start_time = 1682006356778040
I0420 15:59:16.783177 Main        (1913827) /home/lgw/Lumine-benchmarks/Experiments/09/src/0_start/start.cpp:86] req_id = 1380053, start_time = 1682006356781324
I0420 15:59:16.786454 Main        (1913827) /home/lgw/Lumine-benchmarks/Experiments/09/src/0_start/start.cpp:86] req_id = 1560053, start_time = 1682006356784619
I0420 15:59:16.789737 Main        (1913827) /home/lgw/Lumine-benchmarks/Experiments/09/src/0_start/start.cpp:86] req_id = 1800053, start_time = 1682006356787851
I0420 15:59:16.793434 Main        (1913827) /home/lgw/Lumine-benchmarks/Experiments/09/src/0_start/start.cpp:86] req_id = 1980053, start_time = 1682006356791103
I0420 15:59:16.796582 Main        (1913827) /home/lgw/Lumine-benchmarks/Experiments/09/src/0_start/start.cpp:86] req_id = 2220053, start_time = 1682006356794928
I0420 15:59:16.799805 Main        (1913827) /home/lgw/Lumine-benchmarks/Experiments/09/src/0_start/start.cpp:86] req_id = 1920054, start_time = 1682006356798109
I0420 15:59:16.803200 Main        (1913827) /home/lgw/Lumine-benchmarks/Experiments/09/src/0_start/start.cpp:86] req_id = 2760053, start_time = 1682006356801679
I0420 15:59:16.806648 Main        (1913827) /home/lgw/Lumine-benchmarks/Experiments/09/src/0_start/start.cpp:86] req_id = 2400054, start_time = 1682006356804959
I0420 15:59:16.809961 Main        (1913827) /home/lgw/Lumine-benchmarks/Experiments/09/src/0_start/start.cpp:86] req_id = 2760054, start_time = 1682006356808230
I0420 15:59:18.767249 Main        (1913827) /home/lgw/Lumine-benchmarks/Experiments/09/src/0_start/start.cpp:86] req_id = 300055, start_time = 1682006358765286
I0420 15:59:18.771946 Main        (1913827) /home/lgw/Lumine-benchmarks/Experiments/09/src/0_start/start.cpp:86] req_id = 60057, start_time = 1682006358769057
I0420 15:59:18.775744 Main        (1913827) /home/lgw/Lumine-benchmarks/Experiments/09/src/0_start/start.cpp:86] req_id = 420056, start_time = 1682006358773948
I0420 15:59:18.786862 Main        (1913827) /home/lgw/Lumine-benchmarks/Experiments/09/src/0_start/start.cpp:86] req_id = 840056, start_time = 1682006358778466
I0420 15:59:18.790405 Main        (1913827) /home/lgw/Lumine-benchmarks/Experiments/09/src/0_start/start.cpp:86] req_id = 1800055, start_time = 1682006358788292
I0420 15:59:18.795795 Main        (1913827) /home/lgw/Lumine-benchmarks/Experiments/09/src/0_start/start.cpp:86] req_id = 1980055, start_time = 1682006358794429
I0420 15:59:18.800157 Main        (1913827) /home/lgw/Lumine-benchmarks/Experiments/09/src/0_start/start.cpp:86] req_id = 1860056, start_time = 1682006358798483
I0420 15:59:18.805610 Main        (1913827) /home/lgw/Lumine-benchmarks/Experiments/09/src/0_start/start.cpp:86] req_id = 2460055, start_time = 1682006358803993
I0420 15:59:18.809943 Main        (1913827) /home/lgw/Lumine-benchmarks/Experiments/09/src/0_start/start.cpp:86] req_id = 2280056, start_time = 1682006358808708
I0420 15:59:18.814922 Main        (1913827) /home/lgw/Lumine-benchmarks/Experiments/09/src/0_start/start.cpp:86] req_id = 2520056, start_time = 1682006358813604
I0420 15:59:18.819938 Main        (1913827) /home/lgw/Lumine-benchmarks/Experiments/09/src/0_start/start.cpp:86] req_id = 2820056, start_time = 1682006358818710
I0420 15:59:20.766432 Main        (1913827) /home/lgw/Lumine-benchmarks/Experiments/09/src/0_start/start.cpp:86] req_id = 240057, start_time = 1682006360764746
I0420 15:59:20.769787 Main        (1913827) /home/lgw/Lumine-benchmarks/Experiments/09/src/0_start/start.cpp:86] req_id = 60059, start_time = 1682006360767715
I0420 15:59:20.774159 Main        (1913827) /home/lgw/Lumine-benchmarks/Experiments/09/src/0_start/start.cpp:86] req_id = 360058, start_time = 1682006360771623
I0420 15:59:20.777893 Main        (1913827) /home/lgw/Lumine-benchmarks/Experiments/09/src/0_start/start.cpp:86] req_id = 960057, start_time = 1682006360775497
I0420 15:59:20.781315 Main        (1913827) /home/lgw/Lumine-benchmarks/Experiments/09/src/0_start/start.cpp:86] req_id = 780058, start_time = 1682006360779232
I0420 15:59:20.784811 Main        (1913827) /home/lgw/Lumine-benchmarks/Experiments/09/src/0_start/start.cpp:86] req_id = 1440057, start_time = 1682006360782465
I0420 15:59:20.788883 Main        (1913827) /home/lgw/Lumine-benchmarks/Experiments/09/src/0_start/start.cpp:86] req_id = 1800057, start_time = 1682006360786512
I0420 15:59:20.792252 Main        (1913827) /home/lgw/Lumine-benchmarks/Experiments/09/src/0_start/start.cpp:86] req_id = 1980057, start_time = 1682006360790328
I0420 15:59:20.796486 Main        (1913827) /home/lgw/Lumine-benchmarks/Experiments/09/src/0_start/start.cpp:86] req_id = 2280057, start_time = 1682006360794540
I0420 15:59:20.800218 Main        (1913827) /home/lgw/Lumine-benchmarks/Experiments/09/src/0_start/start.cpp:86] req_id = 2040058, start_time = 1682006360798591
I0420 15:59:20.803853 Main        (1913827) /home/lgw/Lumine-benchmarks/Experiments/09/src/0_start/start.cpp:86] req_id = 2220058, start_time = 1682006360802442
I0420 15:59:20.807640 Main        (1913827) /home/lgw/Lumine-benchmarks/Experiments/09/src/0_start/start.cpp:86] req_id = 2880057, start_time = 1682006360806001
I0420 15:59:20.811749 Main        (1913827) /home/lgw/Lumine-benchmarks/Experiments/09/src/0_start/start.cpp:86] req_id = 2940058, start_time = 1682006360809435
I0420 15:59:22.766488 Main        (1913827) /home/lgw/Lumine-benchmarks/Experiments/09/src/0_start/start.cpp:86] req_id = 240059, start_time = 1682006362765021
I0420 15:59:22.770640 Main        (1913827) /home/lgw/Lumine-benchmarks/Experiments/09/src/0_start/start.cpp:86] req_id = 540059, start_time = 1682006362768173
I0420 15:59:22.774963 Main        (1913827) /home/lgw/Lumine-benchmarks/Experiments/09/src/0_start/start.cpp:86] req_id = 480060, start_time = 1682006362772002
I0420 15:59:22.778893 Main        (1913827) /home/lgw/Lumine-benchmarks/Experiments/09/src/0_start/start.cpp:86] req_id = 600060, start_time = 1682006362777400
I0420 15:59:22.781954 Main        (1913827) /home/lgw/Lumine-benchmarks/Experiments/09/src/0_start/start.cpp:86] req_id = 1380059, start_time = 1682006362780592
I0420 15:59:22.788323 Main        (1913827) /home/lgw/Lumine-benchmarks/Experiments/09/src/0_start/start.cpp:86] req_id = 1140060, start_time = 1682006362783814
I0420 15:59:22.793154 Main        (1913827) /home/lgw/Lumine-benchmarks/Experiments/09/src/0_start/start.cpp:86] req_id = 1920059, start_time = 1682006362790378
I0420 15:59:22.796998 Main        (1913827) /home/lgw/Lumine-benchmarks/Experiments/09/src/0_start/start.cpp:86] req_id = 1740060, start_time = 1682006362795619
I0420 15:59:22.801525 Main        (1913827) /home/lgw/Lumine-benchmarks/Experiments/09/src/0_start/start.cpp:86] req_id = 2040060, start_time = 1682006362800255
I0420 15:59:22.805791 Main        (1913827) /home/lgw/Lumine-benchmarks/Experiments/09/src/0_start/start.cpp:86] req_id = 2280060, start_time = 1682006362804436
I0420 15:59:22.810356 Main        (1913827) /home/lgw/Lumine-benchmarks/Experiments/09/src/0_start/start.cpp:86] req_id = 2880059, start_time = 1682006362808914
I0420 15:59:22.815824 Main        (1913827) /home/lgw/Lumine-benchmarks/Experiments/09/src/0_start/start.cpp:86] req_id = 2940060, start_time = 1682006362814496
I0420 15:59:24.766412 Main        (1913827) /home/lgw/Lumine-benchmarks/Experiments/09/src/0_start/start.cpp:86] req_id = 240061, start_time = 1682006364764762
I0420 15:59:24.769930 Main        (1913827) /home/lgw/Lumine-benchmarks/Experiments/09/src/0_start/start.cpp:86] req_id = 540061, start_time = 1682006364768165
I0420 15:59:24.773388 Main        (1913827) /home/lgw/Lumine-benchmarks/Experiments/09/src/0_start/start.cpp:86] req_id = 900061, start_time = 1682006364771739
I0420 15:59:24.776839 Main        (1913827) /home/lgw/Lumine-benchmarks/Experiments/09/src/0_start/start.cpp:86] req_id = 1200061, start_time = 1682006364775118
I0420 15:59:24.779545 Main        (1913827) /home/lgw/Lumine-benchmarks/Experiments/09/src/0_start/start.cpp:86] req_id = 1380061, start_time = 1682006364778145
I0420 15:59:24.782736 Main        (1913827) /home/lgw/Lumine-benchmarks/Experiments/09/src/0_start/start.cpp:86] req_id = 1620061, start_time = 1682006364781127
I0420 15:59:24.786264 Main        (1913827) /home/lgw/Lumine-benchmarks/Experiments/09/src/0_start/start.cpp:86] req_id = 1980061, start_time = 1682006364784683
I0420 15:59:24.789310 Main        (1913827) /home/lgw/Lumine-benchmarks/Experiments/09/src/0_start/start.cpp:86] req_id = 2280061, start_time = 1682006364787858
I0420 15:59:24.792376 Main        (1913827) /home/lgw/Lumine-benchmarks/Experiments/09/src/0_start/start.cpp:86] req_id = 2520061, start_time = 1682006364791000
I0420 15:59:24.796561 Main        (1913827) /home/lgw/Lumine-benchmarks/Experiments/09/src/0_start/start.cpp:86] req_id = 2880061, start_time = 1682006364794979
