I0420 15:58:13.719442 Main        (1913913) /home/lgw/Lumine-benchmarks/Lumine/lib/base/thread.cpp:96] Register main thread: tid=1913913
I0420 15:58:13.722725 Main        (1913913) /home/lgw/Lumine-benchmarks/Lumine/lib/common/config.cpp:332] Load configuration for function exp09Start[1]
I0420 15:58:13.722967 Main        (1913913) /home/lgw/Lumine-benchmarks/Lumine/lib/common/config.cpp:332] Load configuration for function exp09End[2]
I0420 15:58:13.723069 Main        (1913913) /home/lgw/Lumine-benchmarks/Lumine/lib/common/config.cpp:332] Load configuration for function exp09Register[3]
I0420 15:58:13.723134 Main        (1913913) /home/lgw/Lumine-benchmarks/Lumine/lib/common/config.cpp:332] Load configuration for function exp09StartFinra[4]
I0420 15:58:13.723449 Main        (1913913) /home/lgw/Lumine-benchmarks/Lumine/src/host/worker/cpp/func_worker.cpp:107] My client_id is 9
I0420 15:58:13.723592 Main        (1913913) /home/lgw/Lumine-benchmarks/Lumine/src/host/worker/cpp/func_worker.cpp:173] Use extra pipes for messages
I0420 15:58:13.724064 Main        (1913913) /home/lgw/Lumine-benchmarks/Lumine/src/host/worker/cpp/func_worker.cpp:195] Handshake done
I0420 15:58:24.923884 Main        (1913913) /home/lgw/Lumine-benchmarks/Experiments/09/src/1_end/end.cpp:48] req_id = 120002, end_time = 1682006304923870
I0420 15:58:29.049952 Main        (1913913) /home/lgw/Lumine-benchmarks/Experiments/09/src/1_end/end.cpp:48] req_id = 660006, end_time = 1682006309049940
I0420 15:58:29.050906 Main        (1913913) /home/lgw/Lumine-benchmarks/Experiments/09/src/1_end/end.cpp:48] req_id = 2100006, end_time = 1682006309050900
I0420 15:58:29.051611 Main        (1913913) /home/lgw/Lumine-benchmarks/Experiments/09/src/1_end/end.cpp:48] req_id = 2940005, end_time = 1682006309051604
I0420 15:58:29.051923 Main        (1913913) /home/lgw/Lumine-benchmarks/Experiments/09/src/1_end/end.cpp:48] req_id = 2280005, end_time = 1682006309051921
I0420 15:58:29.052207 Main        (1913913) /home/lgw/Lumine-benchmarks/Experiments/09/src/1_end/end.cpp:48] req_id = 2520006, end_time = 1682006309052205
I0420 15:58:29.053052 Main        (1913913) /home/lgw/Lumine-benchmarks/Experiments/09/src/1_end/end.cpp:48] req_id = 1920005, end_time = 1682006309053047
I0420 15:58:29.053556 Main        (1913913) /home/lgw/Lumine-benchmarks/Experiments/09/src/1_end/end.cpp:48] req_id = 2460006, end_time = 1682006309053552
I0420 15:58:30.954588 Main        (1913913) /home/lgw/Lumine-benchmarks/Experiments/09/src/1_end/end.cpp:48] req_id = 1680008, end_time = 1682006310954577
I0420 15:58:30.957193 Main        (1913913) /home/lgw/Lumine-benchmarks/Experiments/09/src/1_end/end.cpp:48] req_id = 420008, end_time = 1682006310957188
I0420 15:58:30.958384 Main        (1913913) /home/lgw/Lumine-benchmarks/Experiments/09/src/1_end/end.cpp:48] req_id = 2340008, end_time = 1682006310958382
I0420 15:58:30.959471 Main        (1913913) /home/lgw/Lumine-benchmarks/Experiments/09/src/1_end/end.cpp:48] req_id = 1320008, end_time = 1682006310959467
I0420 15:58:30.962340 Main        (1913913) /home/lgw/Lumine-benchmarks/Experiments/09/src/1_end/end.cpp:48] req_id = 2880008, end_time = 1682006310962335
I0420 15:58:32.773522 Main        (1913913) /home/lgw/Lumine-benchmarks/Experiments/09/src/1_end/end.cpp:48] req_id = 180009, end_time = 1682006312773516
I0420 15:58:32.774388 Main        (1913913) /home/lgw/Lumine-benchmarks/Experiments/09/src/1_end/end.cpp:48] req_id = 120009, end_time = 1682006312774383
I0420 15:58:32.775098 Main        (1913913) /home/lgw/Lumine-benchmarks/Experiments/09/src/1_end/end.cpp:48] req_id = 60010, end_time = 1682006312775090
I0420 15:58:32.783928 Main        (1913913) /home/lgw/Lumine-benchmarks/Experiments/09/src/1_end/end.cpp:48] req_id = 360009, end_time = 1682006312783922
I0420 15:58:32.794604 Main        (1913913) /home/lgw/Lumine-benchmarks/Experiments/09/src/1_end/end.cpp:48] req_id = 360010, end_time = 1682006312794596
I0420 15:58:32.800145 Main        (1913913) /home/lgw/Lumine-benchmarks/Experiments/09/src/1_end/end.cpp:48] req_id = 720010, end_time = 1682006312800140
I0420 15:58:32.801990 Main        (1913913) /home/lgw/Lumine-benchmarks/Experiments/09/src/1_end/end.cpp:48] req_id = 540009, end_time = 1682006312801985
I0420 15:58:32.803593 Main        (1913913) /home/lgw/Lumine-benchmarks/Experiments/09/src/1_end/end.cpp:48] req_id = 960010, end_time = 1682006312803588
I0420 15:58:32.806465 Main        (1913913) /home/lgw/Lumine-benchmarks/Experiments/09/src/1_end/end.cpp:48] req_id = 480010, end_time = 1682006312806459
I0420 15:58:32.824558 Main        (1913913) /home/lgw/Lumine-benchmarks/Experiments/09/src/1_end/end.cpp:48] req_id = 1260009, end_time = 1682006312824552
I0420 15:58:32.878327 Main        (1913913) /home/lgw/Lumine-benchmarks/Experiments/09/src/1_end/end.cpp:48] req_id = 1680009, end_time = 1682006312878321
I0420 15:58:32.897088 Main        (1913913) /home/lgw/Lumine-benchmarks/Experiments/09/src/1_end/end.cpp:48] req_id = 2040010, end_time = 1682006312897081
I0420 15:58:32.897754 Main        (1913913) /home/lgw/Lumine-benchmarks/Experiments/09/src/1_end/end.cpp:48] req_id = 1740009, end_time = 1682006312897749
I0420 15:58:32.907487 Main        (1913913) /home/lgw/Lumine-benchmarks/Experiments/09/src/1_end/end.cpp:48] req_id = 2820009, end_time = 1682006312907481
I0420 15:58:32.914502 Main        (1913913) /home/lgw/Lumine-benchmarks/Experiments/09/src/1_end/end.cpp:48] req_id = 1500010, end_time = 1682006312914496
I0420 15:58:32.915016 Main        (1913913) /home/lgw/Lumine-benchmarks/Experiments/09/src/1_end/end.cpp:48] req_id = 1320009, end_time = 1682006312915011
I0420 15:58:32.920998 Main        (1913913) /home/lgw/Lumine-benchmarks/Experiments/09/src/1_end/end.cpp:48] req_id = 2520009, end_time = 1682006312920992
I0420 15:58:32.925315 Main        (1913913) /home/lgw/Lumine-benchmarks/Experiments/09/src/1_end/end.cpp:48] req_id = 2760009, end_time = 1682006312925309
I0420 15:58:32.932772 Main        (1913913) /home/lgw/Lumine-benchmarks/Experiments/09/src/1_end/end.cpp:48] req_id = 2220009, end_time = 1682006312932766
I0420 15:58:32.933092 Main        (1913913) /home/lgw/Lumine-benchmarks/Experiments/09/src/1_end/end.cpp:48] req_id = 2880009, end_time = 1682006312933089
I0420 15:58:32.933661 Main        (1913913) /home/lgw/Lumine-benchmarks/Experiments/09/src/1_end/end.cpp:48] req_id = 1140010, end_time = 1682006312933655
I0420 15:58:32.936614 Main        (1913913) /home/lgw/Lumine-benchmarks/Experiments/09/src/1_end/end.cpp:48] req_id = 1560009, end_time = 1682006312936608
I0420 15:58:32.937386 Main        (1913913) /home/lgw/Lumine-benchmarks/Experiments/09/src/1_end/end.cpp:48] req_id = 1260010, end_time = 1682006312937380
I0420 15:58:32.941756 Main        (1913913) /home/lgw/Lumine-benchmarks/Experiments/09/src/1_end/end.cpp:48] req_id = 2340009, end_time = 1682006312941750
I0420 15:58:38.881854 Main        (1913913) /home/lgw/Lumine-benchmarks/Experiments/09/src/1_end/end.cpp:48] req_id = 1080015, end_time = 1682006318881848
I0420 15:58:42.929733 Main        (1913913) /home/lgw/Lumine-benchmarks/Experiments/09/src/1_end/end.cpp:48] req_id = 3000020, end_time = 1682006322929724
I0420 15:58:42.930274 Main        (1913913) /home/lgw/Lumine-benchmarks/Experiments/09/src/1_end/end.cpp:48] req_id = 2520019, end_time = 1682006322930268
I0420 15:58:42.931009 Main        (1913913) /home/lgw/Lumine-benchmarks/Experiments/09/src/1_end/end.cpp:48] req_id = 2040020, end_time = 1682006322931003
I0420 15:58:42.934065 Main        (1913913) /home/lgw/Lumine-benchmarks/Experiments/09/src/1_end/end.cpp:48] req_id = 1740020, end_time = 1682006322934059
I0420 15:58:42.935764 Main        (1913913) /home/lgw/Lumine-benchmarks/Experiments/09/src/1_end/end.cpp:48] req_id = 1380020, end_time = 1682006322935758
I0420 15:58:42.940316 Main        (1913913) /home/lgw/Lumine-benchmarks/Experiments/09/src/1_end/end.cpp:48] req_id = 2400019, end_time = 1682006322940310
I0420 15:58:42.947681 Main        (1913913) /home/lgw/Lumine-benchmarks/Experiments/09/src/1_end/end.cpp:48] req_id = 1920020, end_time = 1682006322947675
I0420 15:58:44.771861 Main        (1913913) /home/lgw/Lumine-benchmarks/Experiments/09/src/1_end/end.cpp:48] req_id = 120021, end_time = 1682006324771853
I0420 15:58:44.780478 Main        (1913913) /home/lgw/Lumine-benchmarks/Experiments/09/src/1_end/end.cpp:48] req_id = 420021, end_time = 1682006324780471
I0420 15:58:44.784572 Main        (1913913) /home/lgw/Lumine-benchmarks/Experiments/09/src/1_end/end.cpp:48] req_id = 600021, end_time = 1682006324784565
I0420 15:58:44.789034 Main        (1913913) /home/lgw/Lumine-benchmarks/Experiments/09/src/1_end/end.cpp:48] req_id = 60023, end_time = 1682006324789030
I0420 15:58:44.790248 Main        (1913913) /home/lgw/Lumine-benchmarks/Experiments/09/src/1_end/end.cpp:48] req_id = 720021, end_time = 1682006324790243
I0420 15:58:44.790641 Main        (1913913) /home/lgw/Lumine-benchmarks/Experiments/09/src/1_end/end.cpp:48] req_id = 900021, end_time = 1682006324790637
I0420 15:58:44.790936 Main        (1913913) /home/lgw/Lumine-benchmarks/Experiments/09/src/1_end/end.cpp:48] req_id = 480022, end_time = 1682006324790927
I0420 15:58:44.792366 Main        (1913913) /home/lgw/Lumine-benchmarks/Experiments/09/src/1_end/end.cpp:48] req_id = 780021, end_time = 1682006324792362
I0420 15:58:44.849038 Main        (1913913) /home/lgw/Lumine-benchmarks/Experiments/09/src/1_end/end.cpp:48] req_id = 1560021, end_time = 1682006324849032
I0420 15:58:44.863527 Main        (1913913) /home/lgw/Lumine-benchmarks/Experiments/09/src/1_end/end.cpp:48] req_id = 1680021, end_time = 1682006324863521
I0420 15:58:44.885227 Main        (1913913) /home/lgw/Lumine-benchmarks/Experiments/09/src/1_end/end.cpp:48] req_id = 1980021, end_time = 1682006324885221
I0420 15:58:44.890164 Main        (1913913) /home/lgw/Lumine-benchmarks/Experiments/09/src/1_end/end.cpp:48] req_id = 600022, end_time = 1682006324890158
I0420 15:58:44.894705 Main        (1913913) /home/lgw/Lumine-benchmarks/Experiments/09/src/1_end/end.cpp:48] req_id = 2880022, end_time = 1682006324894699
I0420 15:58:44.905643 Main        (1913913) /home/lgw/Lumine-benchmarks/Experiments/09/src/1_end/end.cpp:48] req_id = 2700021, end_time = 1682006324905637
I0420 15:58:44.906107 Main        (1913913) /home/lgw/Lumine-benchmarks/Experiments/09/src/1_end/end.cpp:48] req_id = 1800021, end_time = 1682006324906102
I0420 15:58:44.908391 Main        (1913913) /home/lgw/Lumine-benchmarks/Experiments/09/src/1_end/end.cpp:48] req_id = 2280021, end_time = 1682006324908385
I0420 15:58:44.909994 Main        (1913913) /home/lgw/Lumine-benchmarks/Experiments/09/src/1_end/end.cpp:48] req_id = 2580021, end_time = 1682006324909987
I0420 15:58:44.910402 Main        (1913913) /home/lgw/Lumine-benchmarks/Experiments/09/src/1_end/end.cpp:48] req_id = 840021, end_time = 1682006324910396
I0420 15:58:44.912392 Main        (1913913) /home/lgw/Lumine-benchmarks/Experiments/09/src/1_end/end.cpp:48] req_id = 1020021, end_time = 1682006324912386
I0420 15:58:44.916379 Main        (1913913) /home/lgw/Lumine-benchmarks/Experiments/09/src/1_end/end.cpp:48] req_id = 1260021, end_time = 1682006324916373
I0420 15:58:44.916818 Main        (1913913) /home/lgw/Lumine-benchmarks/Experiments/09/src/1_end/end.cpp:48] req_id = 1320021, end_time = 1682006324916812
I0420 15:58:44.917976 Main        (1913913) /home/lgw/Lumine-benchmarks/Experiments/09/src/1_end/end.cpp:48] req_id = 2280022, end_time = 1682006324917971
I0420 15:58:44.918994 Main        (1913913) /home/lgw/Lumine-benchmarks/Experiments/09/src/1_end/end.cpp:48] req_id = 2940022, end_time = 1682006324918988
I0420 15:58:44.919578 Main        (1913913) /home/lgw/Lumine-benchmarks/Experiments/09/src/1_end/end.cpp:48] req_id = 2520021, end_time = 1682006324919575
I0420 15:58:44.919888 Main        (1913913) /home/lgw/Lumine-benchmarks/Experiments/09/src/1_end/end.cpp:48] req_id = 2160021, end_time = 1682006324919883
I0420 15:58:44.920158 Main        (1913913) /home/lgw/Lumine-benchmarks/Experiments/09/src/1_end/end.cpp:48] req_id = 3000021, end_time = 1682006324920155
I0420 15:58:44.920439 Main        (1913913) /home/lgw/Lumine-benchmarks/Experiments/09/src/1_end/end.cpp:48] req_id = 2880021, end_time = 1682006324920436
I0420 15:58:44.920792 Main        (1913913) /home/lgw/Lumine-benchmarks/Experiments/09/src/1_end/end.cpp:48] req_id = 1500022, end_time = 1682006324920789
I0420 15:58:44.921105 Main        (1913913) /home/lgw/Lumine-benchmarks/Experiments/09/src/1_end/end.cpp:48] req_id = 2460021, end_time = 1682006324921099
I0420 15:58:44.921407 Main        (1913913) /home/lgw/Lumine-benchmarks/Experiments/09/src/1_end/end.cpp:48] req_id = 2160022, end_time = 1682006324921404
I0420 15:58:44.921629 Main        (1913913) /home/lgw/Lumine-benchmarks/Experiments/09/src/1_end/end.cpp:48] req_id = 2760022, end_time = 1682006324921627
I0420 15:58:44.922132 Main        (1913913) /home/lgw/Lumine-benchmarks/Experiments/09/src/1_end/end.cpp:48] req_id = 2520022, end_time = 1682006324922127
I0420 15:58:44.923983 Main        (1913913) /home/lgw/Lumine-benchmarks/Experiments/09/src/1_end/end.cpp:48] req_id = 2340021, end_time = 1682006324923978
I0420 15:58:44.925631 Main        (1913913) /home/lgw/Lumine-benchmarks/Experiments/09/src/1_end/end.cpp:48] req_id = 2580022, end_time = 1682006324925615
I0420 15:58:44.929944 Main        (1913913) /home/lgw/Lumine-benchmarks/Experiments/09/src/1_end/end.cpp:48] req_id = 2220022, end_time = 1682006324929939
I0420 15:58:44.937794 Main        (1913913) /home/lgw/Lumine-benchmarks/Experiments/09/src/1_end/end.cpp:48] req_id = 2940021, end_time = 1682006324937790
I0420 15:58:46.780250 Main        (1913913) /home/lgw/Lumine-benchmarks/Experiments/09/src/1_end/end.cpp:48] req_id = 240023, end_time = 1682006326780245
I0420 15:58:46.782752 Main        (1913913) /home/lgw/Lumine-benchmarks/Experiments/09/src/1_end/end.cpp:48] req_id = 300023, end_time = 1682006326782746
I0420 15:58:46.783356 Main        (1913913) /home/lgw/Lumine-benchmarks/Experiments/09/src/1_end/end.cpp:48] req_id = 120024, end_time = 1682006326783348
I0420 15:58:46.783732 Main        (1913913) /home/lgw/Lumine-benchmarks/Experiments/09/src/1_end/end.cpp:48] req_id = 420023, end_time = 1682006326783727
I0420 15:58:46.793492 Main        (1913913) /home/lgw/Lumine-benchmarks/Experiments/09/src/1_end/end.cpp:48] req_id = 840024, end_time = 1682006326793487
I0420 15:58:46.794696 Main        (1913913) /home/lgw/Lumine-benchmarks/Experiments/09/src/1_end/end.cpp:48] req_id = 1140023, end_time = 1682006326794690
I0420 15:58:46.866141 Main        (1913913) /home/lgw/Lumine-benchmarks/Experiments/09/src/1_end/end.cpp:48] req_id = 1200023, end_time = 1682006326866135
I0420 15:58:46.917276 Main        (1913913) /home/lgw/Lumine-benchmarks/Experiments/09/src/1_end/end.cpp:48] req_id = 2700024, end_time = 1682006326917270
I0420 15:58:46.920204 Main        (1913913) /home/lgw/Lumine-benchmarks/Experiments/09/src/1_end/end.cpp:48] req_id = 840023, end_time = 1682006326920198
I0420 15:58:46.923758 Main        (1913913) /home/lgw/Lumine-benchmarks/Experiments/09/src/1_end/end.cpp:48] req_id = 1380023, end_time = 1682006326923752
I0420 15:58:46.928592 Main        (1913913) /home/lgw/Lumine-benchmarks/Experiments/09/src/1_end/end.cpp:48] req_id = 2520024, end_time = 1682006326928586
I0420 15:58:46.929688 Main        (1913913) /home/lgw/Lumine-benchmarks/Experiments/09/src/1_end/end.cpp:48] req_id = 2400024, end_time = 1682006326929682
I0420 15:58:46.940193 Main        (1913913) /home/lgw/Lumine-benchmarks/Experiments/09/src/1_end/end.cpp:48] req_id = 3000024, end_time = 1682006326940187
I0420 15:58:46.962804 Main        (1913913) /home/lgw/Lumine-benchmarks/Experiments/09/src/1_end/end.cpp:48] req_id = 720023, end_time = 1682006326962798
I0420 15:58:46.963189 Main        (1913913) /home/lgw/Lumine-benchmarks/Experiments/09/src/1_end/end.cpp:48] req_id = 2040023, end_time = 1682006326963186
I0420 15:58:46.964793 Main        (1913913) /home/lgw/Lumine-benchmarks/Experiments/09/src/1_end/end.cpp:48] req_id = 1260024, end_time = 1682006326964773
I0420 15:58:46.969613 Main        (1913913) /home/lgw/Lumine-benchmarks/Experiments/09/src/1_end/end.cpp:48] req_id = 1560024, end_time = 1682006326969607
I0420 15:58:46.989447 Main        (1913913) /home/lgw/Lumine-benchmarks/Experiments/09/src/1_end/end.cpp:48] req_id = 2280024, end_time = 1682006326989440
I0420 15:58:46.989834 Main        (1913913) /home/lgw/Lumine-benchmarks/Experiments/09/src/1_end/end.cpp:48] req_id = 420024, end_time = 1682006326989829
I0420 15:58:46.990101 Main        (1913913) /home/lgw/Lumine-benchmarks/Experiments/09/src/1_end/end.cpp:48] req_id = 1020024, end_time = 1682006326990096
I0420 15:58:46.990425 Main        (1913913) /home/lgw/Lumine-benchmarks/Experiments/09/src/1_end/end.cpp:48] req_id = 900023, end_time = 1682006326990421
I0420 15:58:46.993477 Main        (1913913) /home/lgw/Lumine-benchmarks/Experiments/09/src/1_end/end.cpp:48] req_id = 2580023, end_time = 1682006326993471
I0420 15:58:46.994372 Main        (1913913) /home/lgw/Lumine-benchmarks/Experiments/09/src/1_end/end.cpp:48] req_id = 2280023, end_time = 1682006326994367
I0420 15:58:46.996794 Main        (1913913) /home/lgw/Lumine-benchmarks/Experiments/09/src/1_end/end.cpp:48] req_id = 2580024, end_time = 1682006326996771
I0420 15:58:46.997837 Main        (1913913) /home/lgw/Lumine-benchmarks/Experiments/09/src/1_end/end.cpp:48] req_id = 1080024, end_time = 1682006326997831
I0420 15:58:46.999517 Main        (1913913) /home/lgw/Lumine-benchmarks/Experiments/09/src/1_end/end.cpp:48] req_id = 1740023, end_time = 1682006326999511
I0420 15:58:47.001586 Main        (1913913) /home/lgw/Lumine-benchmarks/Experiments/09/src/1_end/end.cpp:48] req_id = 1680023, end_time = 1682006327001580
I0420 15:58:47.001861 Main        (1913913) /home/lgw/Lumine-benchmarks/Experiments/09/src/1_end/end.cpp:48] req_id = 2220024, end_time = 1682006327001856
I0420 15:58:48.938640 Main        (1913913) /home/lgw/Lumine-benchmarks/Experiments/09/src/1_end/end.cpp:48] req_id = 1320025, end_time = 1682006328938635
I0420 15:58:48.938973 Main        (1913913) /home/lgw/Lumine-benchmarks/Experiments/09/src/1_end/end.cpp:48] req_id = 3000026, end_time = 1682006328938970
I0420 15:58:48.940744 Main        (1913913) /home/lgw/Lumine-benchmarks/Experiments/09/src/1_end/end.cpp:48] req_id = 900026, end_time = 1682006328940739
I0420 15:58:48.941631 Main        (1913913) /home/lgw/Lumine-benchmarks/Experiments/09/src/1_end/end.cpp:48] req_id = 1200026, end_time = 1682006328941627
I0420 15:58:48.945846 Main        (1913913) /home/lgw/Lumine-benchmarks/Experiments/09/src/1_end/end.cpp:48] req_id = 2640026, end_time = 1682006328945841
I0420 15:58:48.946416 Main        (1913913) /home/lgw/Lumine-benchmarks/Experiments/09/src/1_end/end.cpp:48] req_id = 1740025, end_time = 1682006328946410
I0420 15:58:48.948478 Main        (1913913) /home/lgw/Lumine-benchmarks/Experiments/09/src/1_end/end.cpp:48] req_id = 2400026, end_time = 1682006328948473
I0420 15:58:48.949359 Main        (1913913) /home/lgw/Lumine-benchmarks/Experiments/09/src/1_end/end.cpp:48] req_id = 1680026, end_time = 1682006328949354
I0420 15:58:48.950087 Main        (1913913) /home/lgw/Lumine-benchmarks/Experiments/09/src/1_end/end.cpp:48] req_id = 2280026, end_time = 1682006328950082
I0420 15:58:48.951714 Main        (1913913) /home/lgw/Lumine-benchmarks/Experiments/09/src/1_end/end.cpp:48] req_id = 2580026, end_time = 1682006328951709
I0420 15:58:48.953001 Main        (1913913) /home/lgw/Lumine-benchmarks/Experiments/09/src/1_end/end.cpp:48] req_id = 600026, end_time = 1682006328952996
I0420 15:58:48.957836 Main        (1913913) /home/lgw/Lumine-benchmarks/Experiments/09/src/1_end/end.cpp:48] req_id = 2880025, end_time = 1682006328957831
I0420 15:58:48.958187 Main        (1913913) /home/lgw/Lumine-benchmarks/Experiments/09/src/1_end/end.cpp:48] req_id = 1860026, end_time = 1682006328958184
I0420 15:58:48.961639 Main        (1913913) /home/lgw/Lumine-benchmarks/Experiments/09/src/1_end/end.cpp:48] req_id = 2040026, end_time = 1682006328961634
I0420 15:58:48.978543 Main        (1913913) /home/lgw/Lumine-benchmarks/Experiments/09/src/1_end/end.cpp:48] req_id = 2460026, end_time = 1682006328978538
I0420 15:58:50.779354 Main        (1913913) /home/lgw/Lumine-benchmarks/Experiments/09/src/1_end/end.cpp:48] req_id = 60028, end_time = 1682006330779348
I0420 15:58:50.783360 Main        (1913913) /home/lgw/Lumine-benchmarks/Experiments/09/src/1_end/end.cpp:48] req_id = 240027, end_time = 1682006330783354
I0420 15:58:50.786765 Main        (1913913) /home/lgw/Lumine-benchmarks/Experiments/09/src/1_end/end.cpp:48] req_id = 120028, end_time = 1682006330786757
I0420 15:58:50.889753 Main        (1913913) /home/lgw/Lumine-benchmarks/Experiments/09/src/1_end/end.cpp:48] req_id = 3000028, end_time = 1682006330889747
I0420 15:58:50.890991 Main        (1913913) /home/lgw/Lumine-benchmarks/Experiments/09/src/1_end/end.cpp:48] req_id = 1380028, end_time = 1682006330890985
I0420 15:58:50.891619 Main        (1913913) /home/lgw/Lumine-benchmarks/Experiments/09/src/1_end/end.cpp:48] req_id = 2460028, end_time = 1682006330891613
I0420 15:58:50.892758 Main        (1913913) /home/lgw/Lumine-benchmarks/Experiments/09/src/1_end/end.cpp:48] req_id = 2340028, end_time = 1682006330892752
I0420 15:58:50.908502 Main        (1913913) /home/lgw/Lumine-benchmarks/Experiments/09/src/1_end/end.cpp:48] req_id = 2160028, end_time = 1682006330908496
I0420 15:58:50.911495 Main        (1913913) /home/lgw/Lumine-benchmarks/Experiments/09/src/1_end/end.cpp:48] req_id = 1860028, end_time = 1682006330911489
I0420 15:58:50.912377 Main        (1913913) /home/lgw/Lumine-benchmarks/Experiments/09/src/1_end/end.cpp:48] req_id = 960028, end_time = 1682006330912371
I0420 15:58:50.913105 Main        (1913913) /home/lgw/Lumine-benchmarks/Experiments/09/src/1_end/end.cpp:48] req_id = 2220027, end_time = 1682006330913099
I0420 15:58:50.913694 Main        (1913913) /home/lgw/Lumine-benchmarks/Experiments/09/src/1_end/end.cpp:48] req_id = 600028, end_time = 1682006330913688
I0420 15:58:50.918543 Main        (1913913) /home/lgw/Lumine-benchmarks/Experiments/09/src/1_end/end.cpp:48] req_id = 2400028, end_time = 1682006330918537
I0420 15:58:50.920981 Main        (1913913) /home/lgw/Lumine-benchmarks/Experiments/09/src/1_end/end.cpp:48] req_id = 2760027, end_time = 1682006330920975
I0420 15:58:50.921611 Main        (1913913) /home/lgw/Lumine-benchmarks/Experiments/09/src/1_end/end.cpp:48] req_id = 2760028, end_time = 1682006330921606
I0420 15:58:50.927349 Main        (1913913) /home/lgw/Lumine-benchmarks/Experiments/09/src/1_end/end.cpp:48] req_id = 2280028, end_time = 1682006330927343
I0420 15:58:50.930665 Main        (1913913) /home/lgw/Lumine-benchmarks/Experiments/09/src/1_end/end.cpp:48] req_id = 1020027, end_time = 1682006330930659
I0420 15:58:50.931328 Main        (1913913) /home/lgw/Lumine-benchmarks/Experiments/09/src/1_end/end.cpp:48] req_id = 960027, end_time = 1682006330931323
I0420 15:58:50.931623 Main        (1913913) /home/lgw/Lumine-benchmarks/Experiments/09/src/1_end/end.cpp:48] req_id = 1620027, end_time = 1682006330931618
I0420 15:58:50.934130 Main        (1913913) /home/lgw/Lumine-benchmarks/Experiments/09/src/1_end/end.cpp:48] req_id = 2700027, end_time = 1682006330934125
I0420 15:58:50.935537 Main        (1913913) /home/lgw/Lumine-benchmarks/Experiments/09/src/1_end/end.cpp:48] req_id = 2520028, end_time = 1682006330935533
I0420 15:58:52.783226 Main        (1913913) /home/lgw/Lumine-benchmarks/Experiments/09/src/1_end/end.cpp:48] req_id = 120030, end_time = 1682006332783221
I0420 15:58:52.955523 Main        (1913913) /home/lgw/Lumine-benchmarks/Experiments/09/src/1_end/end.cpp:48] req_id = 1740030, end_time = 1682006332955518
I0420 15:58:52.957394 Main        (1913913) /home/lgw/Lumine-benchmarks/Experiments/09/src/1_end/end.cpp:48] req_id = 1200030, end_time = 1682006332957388
I0420 15:58:52.958446 Main        (1913913) /home/lgw/Lumine-benchmarks/Experiments/09/src/1_end/end.cpp:48] req_id = 960029, end_time = 1682006332958439
I0420 15:58:52.959022 Main        (1913913) /home/lgw/Lumine-benchmarks/Experiments/09/src/1_end/end.cpp:48] req_id = 2400029, end_time = 1682006332959017
I0420 15:58:52.959327 Main        (1913913) /home/lgw/Lumine-benchmarks/Experiments/09/src/1_end/end.cpp:48] req_id = 2940030, end_time = 1682006332959324
I0420 15:58:52.959571 Main        (1913913) /home/lgw/Lumine-benchmarks/Experiments/09/src/1_end/end.cpp:48] req_id = 1560030, end_time = 1682006332959568
I0420 15:58:52.959909 Main        (1913913) /home/lgw/Lumine-benchmarks/Experiments/09/src/1_end/end.cpp:48] req_id = 2700029, end_time = 1682006332959905
I0420 15:58:52.960174 Main        (1913913) /home/lgw/Lumine-benchmarks/Experiments/09/src/1_end/end.cpp:48] req_id = 1680030, end_time = 1682006332960172
I0420 15:58:52.961566 Main        (1913913) /home/lgw/Lumine-benchmarks/Experiments/09/src/1_end/end.cpp:48] req_id = 1920030, end_time = 1682006332961560
I0420 15:58:52.963282 Main        (1913913) /home/lgw/Lumine-benchmarks/Experiments/09/src/1_end/end.cpp:48] req_id = 2520029, end_time = 1682006332963276
I0420 15:58:52.963649 Main        (1913913) /home/lgw/Lumine-benchmarks/Experiments/09/src/1_end/end.cpp:48] req_id = 2340030, end_time = 1682006332963646
I0420 15:58:52.963980 Main        (1913913) /home/lgw/Lumine-benchmarks/Experiments/09/src/1_end/end.cpp:48] req_id = 1980030, end_time = 1682006332963977
I0420 15:58:52.966380 Main        (1913913) /home/lgw/Lumine-benchmarks/Experiments/09/src/1_end/end.cpp:48] req_id = 2580030, end_time = 1682006332966374
I0420 15:58:52.967157 Main        (1913913) /home/lgw/Lumine-benchmarks/Experiments/09/src/1_end/end.cpp:48] req_id = 2460029, end_time = 1682006332967151
I0420 15:58:52.970192 Main        (1913913) /home/lgw/Lumine-benchmarks/Experiments/09/src/1_end/end.cpp:48] req_id = 2760030, end_time = 1682006332970186
I0420 15:58:54.780346 Main        (1913913) /home/lgw/Lumine-benchmarks/Experiments/09/src/1_end/end.cpp:48] req_id = 180031, end_time = 1682006334780341
I0420 15:58:54.782491 Main        (1913913) /home/lgw/Lumine-benchmarks/Experiments/09/src/1_end/end.cpp:48] req_id = 240031, end_time = 1682006334782486
I0420 15:58:54.786203 Main        (1913913) /home/lgw/Lumine-benchmarks/Experiments/09/src/1_end/end.cpp:48] req_id = 360031, end_time = 1682006334786198
I0420 15:58:54.788912 Main        (1913913) /home/lgw/Lumine-benchmarks/Experiments/09/src/1_end/end.cpp:48] req_id = 720031, end_time = 1682006334788906
I0420 15:58:54.789475 Main        (1913913) /home/lgw/Lumine-benchmarks/Experiments/09/src/1_end/end.cpp:48] req_id = 540031, end_time = 1682006334789470
I0420 15:58:54.795252 Main        (1913913) /home/lgw/Lumine-benchmarks/Experiments/09/src/1_end/end.cpp:48] req_id = 480032, end_time = 1682006334795236
I0420 15:58:54.984532 Main        (1913913) /home/lgw/Lumine-benchmarks/Experiments/09/src/1_end/end.cpp:48] req_id = 1500032, end_time = 1682006334984526
I0420 15:58:54.992281 Main        (1913913) /home/lgw/Lumine-benchmarks/Experiments/09/src/1_end/end.cpp:48] req_id = 2700031, end_time = 1682006334992274
I0420 15:58:55.000343 Main        (1913913) /home/lgw/Lumine-benchmarks/Experiments/09/src/1_end/end.cpp:48] req_id = 1980032, end_time = 1682006335000338
I0420 15:58:55.000632 Main        (1913913) /home/lgw/Lumine-benchmarks/Experiments/09/src/1_end/end.cpp:48] req_id = 2040032, end_time = 1682006335000629
I0420 15:58:55.001099 Main        (1913913) /home/lgw/Lumine-benchmarks/Experiments/09/src/1_end/end.cpp:48] req_id = 1860031, end_time = 1682006335001093
I0420 15:58:55.001876 Main        (1913913) /home/lgw/Lumine-benchmarks/Experiments/09/src/1_end/end.cpp:48] req_id = 720032, end_time = 1682006335001870
I0420 15:58:55.002138 Main        (1913913) /home/lgw/Lumine-benchmarks/Experiments/09/src/1_end/end.cpp:48] req_id = 1320032, end_time = 1682006335002134
I0420 15:58:55.013408 Main        (1913913) /home/lgw/Lumine-benchmarks/Experiments/09/src/1_end/end.cpp:48] req_id = 2160031, end_time = 1682006335013401
