Read file config.yml
Running executor...
Load lib exp06_run_audit_3.so failed
Fail to execute function  due to load errorexp06_run_audit_3
Load lib exp06_run_audit_5.so failed
Fail to execute function  due to load errorexp06_run_audit_5
Load lib exp06_run_audit_3.so failed
Fail to execute function  due to load errorexp06_run_audit_3
Load lib exp06_run_audit_9.so failed
Fail to execute function  due to load errorexp06_run_audit_9
Load lib exp06_run_audit_13.so failed
Fail to execute function  due to load errorexp06_run_audit_13
Load lib exp06_run_audit_20.so failed
Fail to execute function  due to load errorexp06_run_audit_20
Load lib exp06_run_audit_16.so failed
Fail to execute function  due to load errorexp06_run_audit_16
Load lib exp06_run_audit_3.so failed
Fail to execute function  due to load errorexp06_run_audit_3
Load lib exp06_run_audit_7.so failed
Fail to execute function  due to load errorexp06_run_audit_7
Load lib exp06_run_audit_4.so failed
Fail to execute function  due to load errorexp06_run_audit_4
Load lib exp06_run_audit_11.so failed
Fail to execute function  due to load errorexp06_run_audit_11
Load lib exp06_run_audit_6.so failed
Fail to execute function  due to load errorexp06_run_audit_6
Load lib exp06_run_audit_16.so failed
Fail to execute function  due to load errorexp06_run_audit_16
Load lib exp06_run_audit_15.so failed
Fail to execute function  due to load errorexp06_run_audit_15
Load lib exp06_run_audit_19.so failed
Fail to execute function  due to load errorexp06_run_audit_19
Load lib exp06_run_audit_7.so failed
Fail to execute function  due to load errorexp06_run_audit_7
Load lib exp06_run_audit_6.so failed
Fail to execute function  due to load errorexp06_run_audit_6
Load lib exp06_run_audit_12.so failed
Fail to execute function  due to load errorexp06_run_audit_12
Load lib exp06_run_audit_10.so failed
Fail to execute function  due to load errorexp06_run_audit_10
Load lib exp06_run_audit_17.so failed
Fail to execute function  due to load errorexp06_run_audit_17
Load lib exp06_run_audit_12.so failed
Fail to execute function  due to load errorexp06_run_audit_12
Loaded function exp06_run_audit_8. lib_load_elasped: 315, func_load_elasped: 3
Loaded function exp06_run_audit_14. lib_load_elasped: 291, func_load_elasped: 1
Loaded function exp06_run_audit_18. lib_load_elasped: 282, func_load_elasped: 1
Loaded function exp06_run_audit_1. lib_load_elasped: 333, func_load_elasped: 2
Loaded function exp06_run_audit_16. lib_load_elasped: 279, func_load_elasped: 1
Loaded function exp06_run_audit_2. lib_load_elasped: 302, func_load_elasped: 2
Loaded function exp06_run_audit_15. lib_load_elasped: 296, func_load_elasped: 2
Loaded function exp06_run_audit_12. lib_load_elasped: 297, func_load_elasped: 1
Loaded function exp06_run_audit_9. lib_load_elasped: 290, func_load_elasped: 1
Loaded function exp06_run_audit_11. lib_load_elasped: 276, func_load_elasped: 2
Loaded function exp06_run_audit_20. lib_load_elasped: 294, func_load_elasped: 1
Loaded function exp06_run_audit_3. lib_load_elasped: 221, func_load_elasped: 1
Loaded function exp06_run_audit_17. lib_load_elasped: 279, func_load_elasped: 2
Loaded function exp06_run_audit_7. lib_load_elasped: 282, func_load_elasped: 1
Loaded function exp06_run_audit_19. lib_load_elasped: 377, func_load_elasped: 2
Loaded function exp06_run_audit_13. lib_load_elasped: 304, func_load_elasped: 1
Loaded function exp06_run_audit_10. lib_load_elasped: 306, func_load_elasped: 1
Loaded function exp06_run_audit_5. lib_load_elasped: 361, func_load_elasped: 2
Loaded function exp06_run_audit_4. lib_load_elasped: 346, func_load_elasped: 1
Loaded function exp06_run_audit_6. lib_load_elasped: 279, func_load_elasped: 1
Loaded function exp06_marketdata. lib_load_elasped: 4135, func_load_elasped: 1
Loaded function exp06_run_audit_34. lib_load_elasped: 457, func_load_elasped: 2
Loaded function exp06_run_audit_37. lib_load_elasped: 368, func_load_elasped: 2
Loaded function exp06_run_audit_39. lib_load_elasped: 367, func_load_elasped: 1
Loaded function exp06_run_audit_23. lib_load_elasped: 445, func_load_elasped: 2
Loaded function exp06_run_audit_26. lib_load_elasped: 319, func_load_elasped: 2
Loaded function exp06_run_audit_24. lib_load_elasped: 481, func_load_elasped: 2
Loaded function exp06_run_audit_35. lib_load_elasped: 388, func_load_elasped: 1
