Read file config.yml
Running executor...
Load lib exp06_run_audit_13.so failed
Fail to execute function  due to load errorexp06_run_audit_13
Load lib exp06_run_audit_10.so failed
Fail to execute function  due to load errorexp06_run_audit_10
Load lib exp06_run_audit_17.so failed
Fail to execute function  due to load errorexp06_run_audit_17
Load lib exp06_run_audit_12.so failed
Fail to execute function  due to load errorexp06_run_audit_12
Load lib exp06_run_audit_2.so failed
Fail to execute function  due to load errorexp06_run_audit_2
Load lib exp06_run_audit_19.so failed
Fail to execute function  due to load errorexp06_run_audit_19
Load lib exp06_run_audit_19.so failed
Fail to execute function  due to load errorexp06_run_audit_19
Load lib exp06_run_audit_6.so failed
Fail to execute function  due to load errorexp06_run_audit_6
Load lib exp06_run_audit_14.so failed
Fail to execute function  due to load errorexp06_run_audit_14
Load lib exp06_run_audit_8.so failed
Fail to execute function  due to load errorexp06_run_audit_8
Load lib exp06_run_audit_6.so failed
Fail to execute function  due to load errorexp06_run_audit_6
Load lib exp06_run_audit_10.so failed
Fail to execute function  due to load errorexp06_run_audit_10
Load lib exp06_run_audit_4.so failed
Fail to execute function  due to load errorexp06_run_audit_4
Load lib exp06_run_audit_14.so failed
Fail to execute function  due to load errorexp06_run_audit_14
Load lib exp06_run_audit_12.so failed
Fail to execute function  due to load errorexp06_run_audit_12
Loaded function exp06_run_audit_1. lib_load_elasped: 242, func_load_elasped: 3
Load lib exp06_run_audit_9.so failed
Fail to execute function  due to load errorexp06_run_audit_9
Load lib exp06_run_audit_14.so failed
Fail to execute function  due to load errorexp06_run_audit_14
Load lib exp06_run_audit_19.so failed
Fail to execute function  due to load errorexp06_run_audit_19
Load lib exp06_run_audit_8.so failed
Fail to execute function  due to load errorexp06_run_audit_8
Load lib exp06_run_audit_20.so failed
Fail to execute function  due to load errorexp06_run_audit_20
Load lib exp06_run_audit_19.so failed
Fail to execute function  due to load errorexp06_run_audit_19
Load lib exp06_run_audit_10.so failed
Fail to execute function  due to load errorexp06_run_audit_10
Load lib exp06_run_audit_9.so failed
Fail to execute function  due to load errorexp06_run_audit_9
Loaded function exp06_run_audit_6. lib_load_elasped: 258, func_load_elasped: 1
Load lib exp06_run_audit_12.so failed
Fail to execute function  due to load errorexp06_run_audit_12
Load lib exp06_run_audit_14.so failed
Fail to execute function  due to load errorexp06_run_audit_14
Loaded function exp06_run_audit_10. lib_load_elasped: 257, func_load_elasped: 1
Loaded function exp06_run_audit_8. lib_load_elasped: 290, func_load_elasped: 2
Loaded function exp06_run_audit_5. lib_load_elasped: 322, func_load_elasped: 2
Loaded function exp06_run_audit_19. lib_load_elasped: 233, func_load_elasped: 1
Loaded function exp06_run_audit_15. lib_load_elasped: 231, func_load_elasped: 1
Loaded function exp06_run_audit_3. lib_load_elasped: 267, func_load_elasped: 1
Loaded function exp06_run_audit_11. lib_load_elasped: 252, func_load_elasped: 1
Loaded function exp06_run_audit_13. lib_load_elasped: 211, func_load_elasped: 1
Loaded function exp06_run_audit_2. lib_load_elasped: 301, func_load_elasped: 2
Loaded function exp06_run_audit_16. lib_load_elasped: 235, func_load_elasped: 1
Loaded function exp06_run_audit_14. lib_load_elasped: 242, func_load_elasped: 1
Loaded function exp06_marketdata. lib_load_elasped: 5240, func_load_elasped: 3
Loaded function exp06_run_audit_12. lib_load_elasped: 255, func_load_elasped: 1
Loaded function exp06_run_audit_9. lib_load_elasped: 267, func_load_elasped: 2
Loaded function exp06_run_audit_17. lib_load_elasped: 282, func_load_elasped: 2
Loaded function exp06_run_audit_7. lib_load_elasped: 320, func_load_elasped: 2
Loaded function exp06_run_audit_4. lib_load_elasped: 278, func_load_elasped: 1
Loaded function exp06_run_audit_20. lib_load_elasped: 291, func_load_elasped: 1
Loaded function exp06_run_audit_18. lib_load_elasped: 421, func_load_elasped: 2
force_push: msg_id = 1676412, remain = 74, size = 64
Send to executer failed.force_push: msg_id = 1676385, remain = 74, size = 64
Send to executer failed.force_push: msg_id = 1676379, remain = 74, size = 64
Send to executer failed.Loaded function exp06_run_audit_30. lib_load_elasped: 455, func_load_elasped: 3
Loaded function exp06_run_audit_22. lib_load_elasped: 302, func_load_elasped: 1
Loaded function exp06_run_audit_35. lib_load_elasped: 303, func_load_elasped: 1
force_push: msg_id = 1687939, remain = -55, size = 9
Send to executer failed.force_push: msg_id = 1687879, remain = 9, size = 64
Send to executer failed.force_push: msg_id = 1687815, remain = 71, size = 64
Send to executer failed.force_push: msg_id = 1687873, remain = 9, size = 64
Send to executer failed.force_push: msg_id = 1687882, remain = -55, size = 9
Send to executer failed.force_push: msg_id = 1687816, remain = 7, size = 64
Send to executer failed.force_push: msg_id = 1695890, remain = 75, size = 64
Send to executer failed.force_push: msg_id = 1695853, remain = 75, size = 64
Send to executer failed.force_push: msg_id = 1695885, remain = 75, size = 64
Send to executer failed.force_push: msg_id = 1695845, remain = 75, size = 64
Send to executer failed.force_push: msg_id = 1695887, remain = -53, size = 11
Send to executer failed.force_push: msg_id = 1695888, remain = -53, size = 11
Send to executer failed.force_push: msg_id = 1695842, remain = -55, size = 9
Send to executer failed.force_push: msg_id = 1695849, remain = -53, size = 11
Send to executer failed.force_push: msg_id = 1695851, remain = 75, size = 64
Send to executer failed.force_push: msg_id = 1695898, remain = 11, size = 64
Send to executer failed.Loaded function exp06_run_audit_28. lib_load_elasped: 447, func_load_elasped: 2
Loaded function exp06_run_audit_29. lib_load_elasped: 455, func_load_elasped: 2
Loaded function exp06_run_audit_31. lib_load_elasped: 466, func_load_elasped: 2
Loaded function exp06_run_audit_25. lib_load_elasped: 425, func_load_elasped: 2
