Read file config.yml
Running executor...
Load lib exp06_run_audit_2.so failed
Fail to execute function  due to load errorexp06_run_audit_2
Load lib exp06_run_audit_5.so failed
Fail to execute function  due to load errorexp06_run_audit_5
Load lib exp06_run_audit_19.so failed
Fail to execute function  due to load errorexp06_run_audit_19
Load lib exp06_run_audit_18.so failed
Fail to execute function  due to load errorexp06_run_audit_18
Load lib exp06_run_audit_20.so failed
Fail to execute function  due to load errorexp06_run_audit_20
Load lib exp06_run_audit_19.so failed
Fail to execute function  due to load errorexp06_run_audit_19
Load lib exp06_run_audit_12.so failed
Fail to execute function  due to load errorexp06_run_audit_12
Load lib exp06_run_audit_20.so failed
Fail to execute function  due to load errorexp06_run_audit_20
Load lib exp06_run_audit_5.so failed
Fail to execute function  due to load errorexp06_run_audit_5
Load lib exp06_run_audit_7.so failed
Fail to execute function  due to load errorexp06_run_audit_7
Load lib exp06_run_audit_12.so failed
Fail to execute function  due to load errorexp06_run_audit_12
Load lib exp06_run_audit_4.so failed
Fail to execute function  due to load errorexp06_run_audit_4
Load lib exp06_run_audit_7.so failed
Fail to execute function  due to load errorexp06_run_audit_7
Load lib exp06_run_audit_16.so failed
Fail to execute function  due to load errorexp06_run_audit_16
Loaded function exp06_run_audit_3. lib_load_elasped: 258, func_load_elasped: 2
Load lib exp06_run_audit_20.so failed
Fail to execute function  due to load errorexp06_run_audit_20
Load lib exp06_run_audit_7.so failed
Fail to execute function  due to load errorexp06_run_audit_7
Loaded function exp06_run_audit_5. lib_load_elasped: 266, func_load_elasped: 1
Loaded function exp06_run_audit_6. lib_load_elasped: 259, func_load_elasped: 1
Load lib exp06_run_audit_14.so failed
Fail to execute function  due to load errorexp06_run_audit_14
Loaded function exp06_run_audit_14. lib_load_elasped: 247, func_load_elasped: 1
Loaded function exp06_run_audit_2. lib_load_elasped: 280, func_load_elasped: 1
Loaded function exp06_run_audit_18. lib_load_elasped: 208, func_load_elasped: 1
Loaded function exp06_run_audit_17. lib_load_elasped: 184, func_load_elasped: 1
Loaded function exp06_run_audit_8. lib_load_elasped: 221, func_load_elasped: 1
Loaded function exp06_run_audit_15. lib_load_elasped: 200, func_load_elasped: 1
Loaded function exp06_run_audit_13. lib_load_elasped: 213, func_load_elasped: 1
Loaded function exp06_run_audit_10. lib_load_elasped: 213, func_load_elasped: 1
Loaded function exp06_run_audit_4. lib_load_elasped: 199, func_load_elasped: 1
Loaded function exp06_run_audit_12. lib_load_elasped: 220, func_load_elasped: 1
Loaded function exp06_run_audit_19. lib_load_elasped: 347, func_load_elasped: 2
Loaded function exp06_run_audit_11. lib_load_elasped: 156, func_load_elasped: 1
Loaded function exp06_run_audit_7. lib_load_elasped: 215, func_load_elasped: 1
Loaded function exp06_run_audit_1. lib_load_elasped: 192, func_load_elasped: 1
Loaded function exp06_run_audit_9. lib_load_elasped: 296, func_load_elasped: 1
Loaded function exp06_run_audit_20. lib_load_elasped: 350, func_load_elasped: 2
Loaded function exp06_run_audit_16. lib_load_elasped: 268, func_load_elasped: 1
Loaded function exp06_marketdata. lib_load_elasped: 52724, func_load_elasped: 3
force_push: msg_id = 1675849, remain = 72, size = 64
Send to executer failed.force_push: msg_id = 1676020, remain = 10, size = 64
Send to executer failed.force_push: msg_id = 1675954, remain = 74, size = 64
Send to executer failed.force_push: msg_id = 1675973, remain = 74, size = 64
Send to executer failed.force_push: msg_id = 1675848, remain = 8, size = 64
Send to executer failed.force_push: msg_id = 1675942, remain = 10, size = 64
Send to executer failed.force_push: msg_id = 1675955, remain = 74, size = 64
Send to executer failed.force_push: msg_id = 1676004, remain = 74, size = 64
Send to executer failed.force_push: msg_id = 1675981, remain = 74, size = 64
Send to executer failed.force_push: msg_id = 1675844, remain = -56, size = 8
Send to executer failed.force_push: msg_id = 1676016, remain = 10, size = 64
Send to executer failed.force_push: msg_id = 1675846, remain = 8, size = 64
Send to executer failed.force_push: msg_id = 1679364, remain = 11, size = 64
Send to executer failed.force_push: msg_id = 1679291, remain = 75, size = 64
Send to executer failed.Loaded function exp06_run_audit_28. lib_load_elasped: 379, func_load_elasped: 2
Loaded function exp06_run_audit_31. lib_load_elasped: 331, func_load_elasped: 1
Loaded function exp06_run_audit_21. lib_load_elasped: 392, func_load_elasped: 1
Loaded function exp06_run_audit_40. lib_load_elasped: 323, func_load_elasped: 2
Loaded function exp06_run_audit_35. lib_load_elasped: 288, func_load_elasped: 1
force_push: msg_id = 1683799, remain = 74, size = 64
Send to executer failed.force_push: msg_id = 1683779, remain = 74, size = 64
Send to executer failed.force_push: msg_id = 1683766, remain = 74, size = 64
Send to executer failed.force_push: msg_id = 1683798, remain = 74, size = 64
Send to executer failed.force_push: msg_id = 1683803, remain = 74, size = 64
Send to executer failed.force_push: msg_id = 1683796, remain = 74, size = 64
Send to executer failed.Loaded function exp06_run_audit_37. lib_load_elasped: 355, func_load_elasped: 1
Loaded function exp06_run_audit_34. lib_load_elasped: 380, func_load_elasped: 1
Loaded function exp06_run_audit_23. lib_load_elasped: 376, func_load_elasped: 1
Loaded function exp06_run_audit_27. lib_load_elasped: 318, func_load_elasped: 1
Loaded function exp06_run_audit_36. lib_load_elasped: 307, func_load_elasped: 1
Loaded function exp06_run_audit_39. lib_load_elasped: 268, func_load_elasped: 1
force_push: msg_id = 1689305, remain = 9, size = 64
Send to executer failed.Loaded function exp06_run_audit_29. lib_load_elasped: 397, func_load_elasped: 2
Loaded function exp06_run_audit_22. lib_load_elasped: 229, func_load_elasped: 1
Loaded function exp06_run_audit_24. lib_load_elasped: 327, func_load_elasped: 1
Loaded function exp06_run_audit_33. lib_load_elasped: 365, func_load_elasped: 2
Loaded function exp06_run_audit_32. lib_load_elasped: 459, func_load_elasped: 2
Loaded function exp06_run_audit_38. lib_load_elasped: 291, func_load_elasped: 1
force_push: msg_id = 1699767, remain = 72, size = 64
Send to executer failed.force_push: msg_id = 1699764, remain = 72, size = 64
Send to executer failed.force_push: msg_id = 1699810, remain = 74, size = 64
Send to executer failed.force_push: msg_id = 1699817, remain = 74, size = 64
Send to executer failed.force_push: msg_id = 1699813, remain = -54, size = 10
Send to executer failed.force_push: msg_id = 1699809, remain = 10, size = 64
Send to executer failed.Loaded function exp06_run_audit_30. lib_load_elasped: 398, func_load_elasped: 2
