Read file config.yml
Running executor...
Load lib exp06_run_audit_8.so failed
Fail to execute function  due to load errorexp06_run_audit_8
Load lib exp06_run_audit_11.so failed
Fail to execute function  due to load errorexp06_run_audit_11
Load lib exp06_run_audit_10.so failed
Fail to execute function  due to load errorexp06_run_audit_10
Load lib exp06_run_audit_18.so failed
Fail to execute function  due to load errorexp06_run_audit_18
Load lib exp06_run_audit_12.so failed
Fail to execute function  due to load errorexp06_run_audit_12
Load lib exp06_run_audit_8.so failed
Fail to execute function  due to load errorexp06_run_audit_8
Load lib exp06_run_audit_7.so failed
Fail to execute function  due to load errorexp06_run_audit_7
Load lib exp06_run_audit_7.so failed
Fail to execute function  due to load errorexp06_run_audit_7
Load lib exp06_run_audit_17.so failed
Fail to execute function  due to load errorexp06_run_audit_17
Load lib exp06_run_audit_13.so failed
Fail to execute function  due to load errorexp06_run_audit_13
Load lib exp06_run_audit_15.so failed
Fail to execute function  due to load errorexp06_run_audit_15
Loaded function exp06_marketdata. lib_load_elasped: 5896, func_load_elasped: 4
Load lib exp06_run_audit_17.so failed
Fail to execute function  due to load errorexp06_run_audit_17
Load lib exp06_run_audit_3.so failed
Fail to execute function  due to load errorexp06_run_audit_3
Load lib exp06_run_audit_9.so failed
Fail to execute function  due to load errorexp06_run_audit_9
Load lib exp06_run_audit_3.so failed
Fail to execute function  due to load errorexp06_run_audit_3
Load lib exp06_run_audit_9.so failed
Fail to execute function  due to load errorexp06_run_audit_9
Load lib exp06_run_audit_6.so failed
Fail to execute function  due to load errorexp06_run_audit_6
Load lib exp06_run_audit_12.so failed
Fail to execute function  due to load errorexp06_run_audit_12
Load lib exp06_run_audit_18.so failed
Fail to execute function  due to load errorexp06_run_audit_18
Load lib exp06_run_audit_19.so failed
Fail to execute function  due to load errorexp06_run_audit_19
Load lib exp06_run_audit_1.so failed
Fail to execute function  due to load errorexp06_run_audit_1
Load lib exp06_run_audit_1.so failed
Fail to execute function  due to load errorexp06_run_audit_1
Load lib exp06_run_audit_15.so failed
Fail to execute function  due to load errorexp06_run_audit_15
Load lib exp06_run_audit_18.so failed
Fail to execute function  due to load errorexp06_run_audit_18
Load lib exp06_run_audit_6.so failed
Fail to execute function  due to load errorexp06_run_audit_6
Load lib exp06_run_audit_8.so failed
Fail to execute function  due to load errorexp06_run_audit_8
Load lib exp06_run_audit_4.so failed
Fail to execute function  due to load errorexp06_run_audit_4
Load lib exp06_run_audit_18.so failed
Fail to execute function  due to load errorexp06_run_audit_18
Load lib exp06_run_audit_12.so failed
Fail to execute function  due to load errorexp06_run_audit_12
Load lib exp06_run_audit_3.so failed
Fail to execute function  due to load errorexp06_run_audit_3
Load lib exp06_run_audit_12.so failed
Fail to execute function  due to load errorexp06_run_audit_12
Load lib exp06_run_audit_7.so failed
Fail to execute function  due to load errorexp06_run_audit_7
Load lib exp06_run_audit_14.so failed
Fail to execute function  due to load errorexp06_run_audit_14
Load lib exp06_run_audit_15.so failed
Fail to execute function  due to load errorexp06_run_audit_15
Load lib exp06_run_audit_17.so failed
Fail to execute function  due to load errorexp06_run_audit_17
Load lib exp06_run_audit_16.so failed
Fail to execute function  due to load errorexp06_run_audit_16
Load lib exp06_run_audit_9.so failed
Fail to execute function  due to load errorexp06_run_audit_9
Loaded function exp06_run_audit_3. lib_load_elasped: 273, func_load_elasped: 1
Load lib exp06_run_audit_13.so failed
Fail to execute function  due to load errorexp06_run_audit_13
Load lib exp06_run_audit_11.so failed
Fail to execute function  due to load errorexp06_run_audit_11
Load lib exp06_run_audit_18.so failed
Fail to execute function  due to load errorexp06_run_audit_18
Load lib exp06_run_audit_6.so failed
Fail to execute function  due to load errorexp06_run_audit_6
Load lib exp06_run_audit_12.so failed
Fail to execute function  due to load errorexp06_run_audit_12
Load lib exp06_run_audit_12.so failed
Fail to execute function  due to load errorexp06_run_audit_12
Load lib exp06_run_audit_20.so failed
Fail to execute function  due to load errorexp06_run_audit_20
Loaded function exp06_run_audit_6. lib_load_elasped: 270, func_load_elasped: 1
Loaded function exp06_run_audit_15. lib_load_elasped: 260, func_load_elasped: 1
Loaded function exp06_run_audit_17. lib_load_elasped: 272, func_load_elasped: 2
Loaded function exp06_run_audit_9. lib_load_elasped: 257, func_load_elasped: 1
Loaded function exp06_run_audit_18. lib_load_elasped: 224, func_load_elasped: 1
Loaded function exp06_run_audit_16. lib_load_elasped: 255, func_load_elasped: 1
Loaded function exp06_run_audit_8. lib_load_elasped: 222, func_load_elasped: 1
Loaded function exp06_run_audit_19. lib_load_elasped: 261, func_load_elasped: 1
Loaded function exp06_run_audit_12. lib_load_elasped: 267, func_load_elasped: 1
Loaded function exp06_run_audit_5. lib_load_elasped: 309, func_load_elasped: 2
Loaded function exp06_run_audit_13. lib_load_elasped: 263, func_load_elasped: 1
Loaded function exp06_run_audit_1. lib_load_elasped: 322, func_load_elasped: 1
Loaded function exp06_run_audit_10. lib_load_elasped: 284, func_load_elasped: 1
Loaded function exp06_run_audit_2. lib_load_elasped: 248, func_load_elasped: 1
Loaded function exp06_run_audit_7. lib_load_elasped: 305, func_load_elasped: 1
Loaded function exp06_run_audit_20. lib_load_elasped: 283, func_load_elasped: 2
Loaded function exp06_run_audit_4. lib_load_elasped: 241, func_load_elasped: 1
Loaded function exp06_run_audit_14. lib_load_elasped: 407, func_load_elasped: 2
Loaded function exp06_run_audit_11. lib_load_elasped: 361, func_load_elasped: 2
Loaded function exp06_run_audit_39. lib_load_elasped: 425, func_load_elasped: 1
Loaded function exp06_run_audit_28. lib_load_elasped: 359, func_load_elasped: 1
Loaded function exp06_run_audit_37. lib_load_elasped: 343, func_load_elasped: 1
Loaded function exp06_run_audit_40. lib_load_elasped: 297, func_load_elasped: 1
force_push: msg_id = 1690577, remain = 72, size = 64
Send to executer failed.force_push: msg_id = 1690582, remain = 72, size = 64
Send to executer failed.force_push: msg_id = 1690760, remain = 10, size = 64
Send to executer failed.force_push: msg_id = 1690690, remain = -54, size = 10
Send to executer failed.force_push: msg_id = 1691084, remain = 10, size = 64
Send to executer failed.Loaded function exp06_run_audit_21. lib_load_elasped: 413, func_load_elasped: 1
force_push: msg_id = 1697398, remain = 10, size = 64
Send to executer failed.force_push: msg_id = 1697430, remain = 74, size = 64
Send to executer failed.Loaded function exp06_run_audit_30. lib_load_elasped: 417, func_load_elasped: 2
force_push: msg_id = 1702625, remain = 75, size = 64
Send to executer failed.force_push: msg_id = 1702314, remain = -55, size = 9
Send to executer failed.