Read file config.yml
Running executor...
Load lib exp06_run_audit_9.so failed
Fail to execute function  due to load errorexp06_run_audit_9
Load lib exp06_run_audit_20.so failed
Fail to execute function  due to load errorexp06_run_audit_20
Load lib exp06_run_audit_19.so failed
Fail to execute function  due to load errorexp06_run_audit_19
Load lib exp06_run_audit_16.so failed
Fail to execute function  due to load errorexp06_run_audit_16
Load lib exp06_run_audit_18.so failed
Fail to execute function  due to load errorexp06_run_audit_18
Load lib exp06_run_audit_19.so failed
Fail to execute function  due to load errorexp06_run_audit_19
Load lib exp06_run_audit_6.so failed
Fail to execute function  due to load errorexp06_run_audit_6
Load lib exp06_run_audit_12.so failed
Fail to execute function  due to load errorexp06_run_audit_12
Load lib exp06_run_audit_8.so failed
Fail to execute function  due to load errorexp06_run_audit_8
Loaded function exp06_run_audit_1. lib_load_elasped: 248, func_load_elasped: 2
Load lib exp06_run_audit_19.so failed
Fail to execute function  due to load errorexp06_run_audit_19
Loaded function exp06_run_audit_5. lib_load_elasped: 278, func_load_elasped: 1
Loaded function exp06_run_audit_11. lib_load_elasped: 261, func_load_elasped: 1
Loaded function exp06_run_audit_2. lib_load_elasped: 284, func_load_elasped: 1
Loaded function exp06_run_audit_19. lib_load_elasped: 180, func_load_elasped: 1
Loaded function exp06_run_audit_17. lib_load_elasped: 288, func_load_elasped: 1
Loaded function exp06_run_audit_18. lib_load_elasped: 243, func_load_elasped: 1
Loaded function exp06_run_audit_16. lib_load_elasped: 248, func_load_elasped: 1
Loaded function exp06_run_audit_9. lib_load_elasped: 254, func_load_elasped: 1
Loaded function exp06_run_audit_7. lib_load_elasped: 308, func_load_elasped: 2
Loaded function exp06_run_audit_4. lib_load_elasped: 287, func_load_elasped: 1
Loaded function exp06_run_audit_6. lib_load_elasped: 397, func_load_elasped: 2
Loaded function exp06_run_audit_15. lib_load_elasped: 319, func_load_elasped: 1
Loaded function exp06_run_audit_14. lib_load_elasped: 345, func_load_elasped: 1
Loaded function exp06_run_audit_13. lib_load_elasped: 250, func_load_elasped: 1
Loaded function exp06_marketdata. lib_load_elasped: 5733, func_load_elasped: 2
fail release: invalid id (mem = (nil), size = 48)
Loaded function exp06_run_audit_10. lib_load_elasped: 279, func_load_elasped: 1
Loaded function exp06_run_audit_3. lib_load_elasped: 345, func_load_elasped: 1
Loaded function exp06_run_audit_20. lib_load_elasped: 208, func_load_elasped: 1
Loaded function exp06_run_audit_12. lib_load_elasped: 8416, func_load_elasped: 2
Loaded function exp06_run_audit_8. lib_load_elasped: 243, func_load_elasped: 1
Loaded function exp06_run_audit_27. lib_load_elasped: 484, func_load_elasped: 2
force_push: msg_id = 1678538, remain = 74, size = 64
Send to executer failed.force_push: msg_id = 1678240, remain = 10, size = 64
Send to executer failed.force_push: msg_id = 1678244, remain = 10, size = 64
Send to executer failed.Loaded function exp06_run_audit_35. lib_load_elasped: 379, func_load_elasped: 1
Loaded function exp06_run_audit_29. lib_load_elasped: 353, func_load_elasped: 1
Loaded function exp06_run_audit_37. lib_load_elasped: 432, func_load_elasped: 1
Loaded function exp06_run_audit_39. lib_load_elasped: 462, func_load_elasped: 2
Loaded function exp06_run_audit_30. lib_load_elasped: 439, func_load_elasped: 2
Loaded function exp06_run_audit_31. lib_load_elasped: 413, func_load_elasped: 2
Loaded function exp06_run_audit_32. lib_load_elasped: 342, func_load_elasped: 2
Loaded function exp06_run_audit_23. lib_load_elasped: 276, func_load_elasped: 1
