Read file config.yml
Running executor...
Load lib exp06_run_audit_15.so failed
Fail to execute function  due to load errorexp06_run_audit_15
Load lib exp06_run_audit_8.so failed
Fail to execute function  due to load errorexp06_run_audit_8
Load lib exp06_run_audit_2.so failed
Fail to execute function  due to load errorexp06_run_audit_2
Load lib exp06_run_audit_15.so failed
Fail to execute function  due to load errorexp06_run_audit_15
Load lib exp06_run_audit_13.so failed
Fail to execute function  due to load errorexp06_run_audit_13
Load lib exp06_run_audit_15.so failed
Fail to execute function  due to load errorexp06_run_audit_15
Load lib exp06_run_audit_8.so failed
Fail to execute function  due to load errorexp06_run_audit_8
Load lib exp06_run_audit_1.so failed
Fail to execute function  due to load errorexp06_run_audit_1
Load lib exp06_run_audit_20.so failed
Fail to execute function  due to load errorexp06_run_audit_20
Load lib exp06_run_audit_8.so failed
Fail to execute function  due to load errorexp06_run_audit_8
Load lib exp06_run_audit_2.so failed
Fail to execute function  due to load errorexp06_run_audit_2
Load lib exp06_run_audit_16.so failed
Fail to execute function  due to load errorexp06_run_audit_16
Load lib exp06_run_audit_5.so failed
Fail to execute function  due to load errorexp06_run_audit_5
Load lib exp06_run_audit_15.so failed
Fail to execute function  due to load errorexp06_run_audit_15
Load lib exp06_run_audit_18.so failed
Fail to execute function  due to load errorexp06_run_audit_18
Load lib exp06_run_audit_13.so failed
Fail to execute function  due to load errorexp06_run_audit_13
Load lib exp06_run_audit_18.so failed
Fail to execute function  due to load errorexp06_run_audit_18
Load lib exp06_run_audit_16.so failed
Fail to execute function  due to load errorexp06_run_audit_16
Load lib exp06_run_audit_17.so failed
Fail to execute function  due to load errorexp06_run_audit_17
Load lib exp06_run_audit_2.so failed
Fail to execute function  due to load errorexp06_run_audit_2
Load lib exp06_run_audit_5.so failed
Fail to execute function  due to load errorexp06_run_audit_5
Load lib exp06_run_audit_4.so failed
Fail to execute function  due to load errorexp06_run_audit_4
Load lib exp06_run_audit_15.so failed
Fail to execute function  due to load errorexp06_run_audit_15
Load lib exp06_run_audit_1.so failed
Fail to execute function  due to load errorexp06_run_audit_1
Load lib exp06_run_audit_8.so failed
Fail to execute function  due to load errorexp06_run_audit_8
Load lib exp06_run_audit_10.so failed
Fail to execute function  due to load errorexp06_run_audit_10
Load lib exp06_run_audit_18.so failed
Fail to execute function  due to load errorexp06_run_audit_18
Load lib exp06_run_audit_15.so failed
Fail to execute function  due to load errorexp06_run_audit_15
Load lib exp06_run_audit_5.so failed
Fail to execute function  due to load errorexp06_run_audit_5
Load lib exp06_run_audit_6.so failed
Fail to execute function  due to load errorexp06_run_audit_6
Load lib exp06_run_audit_3.so failed
Fail to execute function  due to load errorexp06_run_audit_3
Load lib exp06_run_audit_3.so failed
Fail to execute function  due to load errorexp06_run_audit_3
Load lib exp06_run_audit_3.so failed
Fail to execute function  due to load errorexp06_run_audit_3
Load lib exp06_run_audit_5.so failed
Fail to execute function  due to load errorexp06_run_audit_5
Load lib exp06_run_audit_18.so failed
Fail to execute function  due to load errorexp06_run_audit_18
Load lib exp06_run_audit_12.so failed
Fail to execute function  due to load errorexp06_run_audit_12
Load lib exp06_run_audit_11.so failed
Fail to execute function  due to load errorexp06_run_audit_11
Load lib exp06_run_audit_14.so failed
Fail to execute function  due to load errorexp06_run_audit_14
Load lib exp06_run_audit_17.so failed
Fail to execute function  due to load errorexp06_run_audit_17
Load lib exp06_run_audit_17.so failed
Fail to execute function  due to load errorexp06_run_audit_17
Load lib exp06_run_audit_4.so failed
Fail to execute function  due to load errorexp06_run_audit_4
Load lib exp06_run_audit_12.so failed
Fail to execute function  due to load errorexp06_run_audit_12
Load lib exp06_run_audit_3.so failed
Fail to execute function  due to load errorexp06_run_audit_3
Load lib exp06_run_audit_11.so failed
Fail to execute function  due to load errorexp06_run_audit_11
Load lib exp06_run_audit_4.so failed
Fail to execute function  due to load errorexp06_run_audit_4
Load lib exp06_run_audit_7.so failed
Fail to execute function  due to load errorexp06_run_audit_7
Loaded function exp06_marketdata. lib_load_elasped: 5388, func_load_elasped: 4
Load lib exp06_run_audit_19.so failed
Fail to execute function  due to load errorexp06_run_audit_19
Load lib exp06_run_audit_10.so failed
Fail to execute function  due to load errorexp06_run_audit_10
Load lib exp06_run_audit_10.so failed
Fail to execute function  due to load errorexp06_run_audit_10
Load lib exp06_run_audit_2.so failed
Fail to execute function  due to load errorexp06_run_audit_2
Load lib exp06_run_audit_18.so failed
Fail to execute function  due to load errorexp06_run_audit_18
Load lib exp06_run_audit_6.so failed
Fail to execute function  due to load errorexp06_run_audit_6
Load lib exp06_run_audit_3.so failed
Fail to execute function  due to load errorexp06_run_audit_3
Load lib exp06_run_audit_4.so failed
Fail to execute function  due to load errorexp06_run_audit_4
Load lib exp06_run_audit_3.so failed
Fail to execute function  due to load errorexp06_run_audit_3
Load lib exp06_run_audit_14.so failed
Fail to execute function  due to load errorexp06_run_audit_14
Load lib exp06_run_audit_15.so failed
Fail to execute function  due to load errorexp06_run_audit_15
Load lib exp06_run_audit_16.so failed
Fail to execute function  due to load errorexp06_run_audit_16
Load lib exp06_run_audit_6.so failed
Fail to execute function  due to load errorexp06_run_audit_6
Load lib exp06_run_audit_18.so failed
Fail to execute function  due to load errorexp06_run_audit_18
Load lib exp06_run_audit_9.so failed
Fail to execute function  due to load errorexp06_run_audit_9
Load lib exp06_run_audit_8.so failed
Fail to execute function  due to load errorexp06_run_audit_8
Load lib exp06_run_audit_13.so failed
Fail to execute function  due to load errorexp06_run_audit_13
Load lib exp06_run_audit_20.so failed
Fail to execute function  due to load errorexp06_run_audit_20
Load lib exp06_run_audit_14.so failed
Fail to execute function  due to load errorexp06_run_audit_14
Load lib exp06_run_audit_6.so failed
Fail to execute function  due to load errorexp06_run_audit_6
Load lib exp06_run_audit_2.so failed
Fail to execute function  due to load errorexp06_run_audit_2
Load lib exp06_run_audit_13.so failed
Fail to execute function  due to load errorexp06_run_audit_13
Load lib exp06_run_audit_11.so failed
Fail to execute function  due to load errorexp06_run_audit_11
Load lib exp06_run_audit_11.so failed
Fail to execute function  due to load errorexp06_run_audit_11
Load lib exp06_run_audit_9.so failed
Fail to execute function  due to load errorexp06_run_audit_9
Load lib exp06_run_audit_4.so failed
Fail to execute function  due to load errorexp06_run_audit_4
Load lib exp06_run_audit_12.so failed
Fail to execute function  due to load errorexp06_run_audit_12
Load lib exp06_run_audit_13.so failed
Fail to execute function  due to load errorexp06_run_audit_13
Load lib exp06_run_audit_17.so failed
Fail to execute function  due to load errorexp06_run_audit_17
Loaded function exp06_run_audit_3. lib_load_elasped: 270, func_load_elasped: 1
Load lib exp06_run_audit_11.so failed
Fail to execute function  due to load errorexp06_run_audit_11
Load lib exp06_run_audit_18.so failed
Fail to execute function  due to load errorexp06_run_audit_18
Load lib exp06_run_audit_13.so failed
Fail to execute function  due to load errorexp06_run_audit_13
Load lib exp06_run_audit_9.so failed
Fail to execute function  due to load errorexp06_run_audit_9
Loaded function exp06_run_audit_1. lib_load_elasped: 237, func_load_elasped: 1
Load lib exp06_run_audit_5.so failed
Fail to execute function  due to load errorexp06_run_audit_5
Load lib exp06_run_audit_8.so failed
Fail to execute function  due to load errorexp06_run_audit_8
Load lib exp06_run_audit_8.so failed
Fail to execute function  due to load errorexp06_run_audit_8
Load lib exp06_run_audit_11.so failed
Fail to execute function  due to load errorexp06_run_audit_11
Loaded function exp06_run_audit_5. lib_load_elasped: 276, func_load_elasped: 1
Load lib exp06_run_audit_13.so failed
Fail to execute function  due to load errorexp06_run_audit_13
Load lib exp06_run_audit_8.so failed
Fail to execute function  due to load errorexp06_run_audit_8
Load lib exp06_run_audit_10.so failed
Fail to execute function  due to load errorexp06_run_audit_10
Loaded function exp06_run_audit_4. lib_load_elasped: 245, func_load_elasped: 1
Load lib exp06_run_audit_15.so failed
Fail to execute function  due to load errorexp06_run_audit_15
Load lib exp06_run_audit_9.so failed
Fail to execute function  due to load errorexp06_run_audit_9
Load lib exp06_run_audit_11.so failed
Fail to execute function  due to load errorexp06_run_audit_11
Load lib exp06_run_audit_14.so failed
Fail to execute function  due to load errorexp06_run_audit_14
Load lib exp06_run_audit_8.so failed
Fail to execute function  due to load errorexp06_run_audit_8
Load lib exp06_run_audit_7.so failed
Fail to execute function  due to load errorexp06_run_audit_7
Load lib exp06_run_audit_8.so failed
Fail to execute function  due to load errorexp06_run_audit_8
Load lib exp06_run_audit_8.so failed
Fail to execute function  due to load errorexp06_run_audit_8
Load lib exp06_run_audit_15.so failed
Fail to execute function  due to load errorexp06_run_audit_15
Load lib exp06_run_audit_14.so failed
Fail to execute function  due to load errorexp06_run_audit_14
Load lib exp06_run_audit_16.so failed
Fail to execute function  due to load errorexp06_run_audit_16
Load lib exp06_run_audit_18.so failed
Fail to execute function  due to load errorexp06_run_audit_18
Load lib exp06_run_audit_16.so failed
Fail to execute function  due to load errorexp06_run_audit_16
Load lib exp06_run_audit_12.so failed
Fail to execute function  due to load errorexp06_run_audit_12
Load lib exp06_run_audit_7.so failed
Fail to execute function  due to load errorexp06_run_audit_7
Load lib exp06_run_audit_15.so failed
Fail to execute function  due to load errorexp06_run_audit_15
Load lib exp06_run_audit_15.so failed
Fail to execute function  due to load errorexp06_run_audit_15
Load lib exp06_run_audit_20.so failed
Fail to execute function  due to load errorexp06_run_audit_20
Load lib exp06_run_audit_14.so failed
Fail to execute function  due to load errorexp06_run_audit_14
Load lib exp06_run_audit_16.so failed
Fail to execute function  due to load errorexp06_run_audit_16
Load lib exp06_run_audit_15.so failed
Fail to execute function  due to load errorexp06_run_audit_15
Load lib exp06_run_audit_17.so failed
Fail to execute function  due to load errorexp06_run_audit_17
Loaded function exp06_run_audit_8. lib_load_elasped: 323, func_load_elasped: 2
Loaded function exp06_run_audit_7. lib_load_elasped: 297, func_load_elasped: 1
Load lib exp06_run_audit_15.so failed
Fail to execute function  due to load errorexp06_run_audit_15
Loaded function exp06_run_audit_2. lib_load_elasped: 156, func_load_elasped: 0
Loaded function exp06_run_audit_14. lib_load_elasped: 256, func_load_elasped: 1
Loaded function exp06_run_audit_13. lib_load_elasped: 217, func_load_elasped: 1
Load lib exp06_run_audit_18.so failed
Fail to execute function  due to load errorexp06_run_audit_18
Load lib exp06_run_audit_17.so failed
Fail to execute function  due to load errorexp06_run_audit_17
Loaded function exp06_run_audit_15. lib_load_elasped: 237, func_load_elasped: 1
Load lib exp06_run_audit_19.so failed
Fail to execute function  due to load errorexp06_run_audit_19
Load lib exp06_run_audit_20.so failed
Fail to execute function  due to load errorexp06_run_audit_20
Load lib exp06_run_audit_19.so failed
Fail to execute function  due to load errorexp06_run_audit_19
Loaded function exp06_run_audit_17. lib_load_elasped: 224, func_load_elasped: 1
Loaded function exp06_run_audit_19. lib_load_elasped: 312, func_load_elasped: 1
Loaded function exp06_run_audit_9. lib_load_elasped: 318, func_load_elasped: 1
Loaded function exp06_run_audit_10. lib_load_elasped: 242, func_load_elasped: 1
Loaded function exp06_run_audit_20. lib_load_elasped: 251, func_load_elasped: 1
Loaded function exp06_run_audit_16. lib_load_elasped: 294, func_load_elasped: 1
Loaded function exp06_run_audit_6. lib_load_elasped: 314, func_load_elasped: 1
Loaded function exp06_run_audit_18. lib_load_elasped: 296, func_load_elasped: 1
Loaded function exp06_run_audit_24. lib_load_elasped: 361, func_load_elasped: 1
force_push: msg_id = 1676504, remain = 75, size = 64
Send to executer failed.Loaded function exp06_run_audit_28. lib_load_elasped: 431, func_load_elasped: 2
Loaded function exp06_run_audit_37. lib_load_elasped: 403, func_load_elasped: 2
Loaded function exp06_run_audit_34. lib_load_elasped: 367, func_load_elasped: 1
Loaded function exp06_run_audit_36. lib_load_elasped: 303, func_load_elasped: 1
Loaded function exp06_run_audit_32. lib_load_elasped: 319, func_load_elasped: 3
Loaded function exp06_run_audit_33. lib_load_elasped: 415, func_load_elasped: 2
Loaded function exp06_run_audit_39. lib_load_elasped: 352, func_load_elasped: 1
force_push: msg_id = 1690480, remain = 74, size = 64
Send to executer failed.force_push: msg_id = 1690476, remain = 74, size = 64
Send to executer failed.force_push: msg_id = 1690491, remain = 74, size = 64
force_push: msg_id = 1690471, remain = 72, size = 64
Send to executer failed.force_push: msg_id = 1690479, remain = 74, size = 64
Send to executer failed.force_push: msg_id = 1690489, remain = 74, size = 64
Send to executer failed.force_push: msg_id = 1690451, remain = 72, size = 64
Send to executer failed.force_push: msg_id = 1690496, remain = 74, size = 64
Send to executer failed.Send to executer failed.force_push: msg_id = 1690487, remain = 10, size = 64
Send to executer failed.force_push: msg_id = 1690449, remain = 8, size = 64
Send to executer failed.Loaded function exp06_run_audit_38. lib_load_elasped: 374, func_load_elasped: 2
Loaded function exp06_run_audit_22. lib_load_elasped: 340, func_load_elasped: 1
Loaded function exp06_run_audit_11. lib_load_elasped: 389, func_load_elasped: 2
Loaded function exp06_run_audit_40. lib_load_elasped: 451, func_load_elasped: 3
Loaded function exp06_run_audit_29. lib_load_elasped: 512, func_load_elasped: 2
Loaded function exp06_run_audit_25. lib_load_elasped: 497, func_load_elasped: 2
Loaded function exp06_run_audit_12. lib_load_elasped: 391, func_load_elasped: 2
Loaded function exp06_run_audit_27. lib_load_elasped: 372, func_load_elasped: 2
Loaded function exp06_run_audit_30. lib_load_elasped: 261, func_load_elasped: 1
force_push: msg_id = 1705959, remain = 10, size = 64
Send to executer failed.force_push: msg_id = 1705893, remain = 10, size = 64
Send to executer failed.