Read file config.yml
Running executor...
Load lib exp06_run_audit_8.so failed
Fail to execute function  due to load errorexp06_run_audit_8
Load lib exp06_run_audit_14.so failed
Fail to execute function  due to load errorexp06_run_audit_14
Load lib exp06_run_audit_3.so failed
Fail to execute function  due to load errorexp06_run_audit_3
Load lib exp06_run_audit_11.so failed
Fail to execute function  due to load errorexp06_run_audit_11
Load lib exp06_run_audit_4.so failed
Fail to execute function  due to load errorexp06_run_audit_4
Load lib exp06_run_audit_20.so failed
Fail to execute function  due to load errorexp06_run_audit_20
Load lib exp06_run_audit_12.so failed
Fail to execute function  due to load errorexp06_run_audit_12
Load lib exp06_run_audit_8.so failed
Fail to execute function  due to load errorexp06_run_audit_8
Load lib exp06_run_audit_20.so failed
Fail to execute function  due to load errorexp06_run_audit_20
Loaded function exp06_marketdata. lib_load_elasped: 6092, func_load_elasped: 4
Load lib exp06_run_audit_4.so failed
Fail to execute function  due to load errorexp06_run_audit_4
Load lib exp06_run_audit_7.so failed
Fail to execute function  due to load errorexp06_run_audit_7
Load lib exp06_run_audit_13.so failed
Fail to execute function  due to load errorexp06_run_audit_13
Load lib exp06_run_audit_18.so failed
Fail to execute function  due to load errorexp06_run_audit_18
Load lib exp06_run_audit_20.so failed
Fail to execute function  due to load errorexp06_run_audit_20
Load lib exp06_run_audit_7.so failed
Fail to execute function  due to load errorexp06_run_audit_7
Load lib exp06_run_audit_20.so failed
Fail to execute function  due to load errorexp06_run_audit_20
Load lib exp06_run_audit_1.so failed
Fail to execute function  due to load errorexp06_run_audit_1
Load lib exp06_run_audit_16.so failed
Fail to execute function  due to load errorexp06_run_audit_16
Load lib exp06_run_audit_20.so failed
Fail to execute function  due to load errorexp06_run_audit_20
Load lib exp06_run_audit_14.so failed
Fail to execute function  due to load errorexp06_run_audit_14
Load lib exp06_run_audit_7.so failed
Fail to execute function  due to load errorexp06_run_audit_7
Load lib exp06_run_audit_3.so failed
Fail to execute function  due to load errorexp06_run_audit_3
Load lib exp06_run_audit_3.so failed
Fail to execute function  due to load errorexp06_run_audit_3
Load lib exp06_run_audit_9.so failed
Fail to execute function  due to load errorexp06_run_audit_9
Load lib exp06_run_audit_7.so failed
Fail to execute function  due to load errorexp06_run_audit_7
Load lib exp06_run_audit_17.so failed
Fail to execute function  due to load errorexp06_run_audit_17
Load lib exp06_run_audit_20.so failed
Fail to execute function  due to load errorexp06_run_audit_20
Load lib exp06_run_audit_6.so failed
Fail to execute function  due to load errorexp06_run_audit_6
Load lib exp06_run_audit_2.so failed
Fail to execute function  due to load errorexp06_run_audit_2
Load lib exp06_run_audit_12.so failed
Fail to execute function  due to load errorexp06_run_audit_12
Load lib exp06_run_audit_12.so failed
Fail to execute function  due to load errorexp06_run_audit_12
Load lib exp06_run_audit_8.so failed
Fail to execute function  due to load errorexp06_run_audit_8
Load lib exp06_run_audit_9.so failed
Fail to execute function  due to load errorexp06_run_audit_9
Loaded function exp06_run_audit_1. lib_load_elasped: 298, func_load_elasped: 1
Load lib exp06_run_audit_6.so failed
Fail to execute function  due to load errorexp06_run_audit_6
Load lib exp06_run_audit_16.so failed
Fail to execute function  due to load errorexp06_run_audit_16
Load lib exp06_run_audit_17.so failed
Fail to execute function  due to load errorexp06_run_audit_17
Load lib exp06_run_audit_10.so failed
Fail to execute function  due to load errorexp06_run_audit_10
Load lib exp06_run_audit_12.so failed
Fail to execute function  due to load errorexp06_run_audit_12
Load lib exp06_run_audit_11.so failed
Fail to execute function  due to load errorexp06_run_audit_11
Load lib exp06_run_audit_11.so failed
Fail to execute function  due to load errorexp06_run_audit_11
Load lib exp06_run_audit_6.so failed
Fail to execute function  due to load errorexp06_run_audit_6
Load lib exp06_run_audit_17.so failed
Fail to execute function  due to load errorexp06_run_audit_17
Load lib exp06_run_audit_9.so failed
Fail to execute function  due to load errorexp06_run_audit_9
Load lib exp06_run_audit_19.so failed
Fail to execute function  due to load errorexp06_run_audit_19
Loaded function exp06_run_audit_2. lib_load_elasped: 267, func_load_elasped: 1
Load lib exp06_run_audit_9.so failed
Fail to execute function  due to load errorexp06_run_audit_9
Load lib exp06_run_audit_18.so failed
Fail to execute function  due to load errorexp06_run_audit_18
Load lib exp06_run_audit_12.so failed
Fail to execute function  due to load errorexp06_run_audit_12
Loaded function exp06_run_audit_5. lib_load_elasped: 217, func_load_elasped: 1
Load lib exp06_run_audit_15.so failed
Fail to execute function  due to load errorexp06_run_audit_15
Load lib exp06_run_audit_9.so failed
Fail to execute function  due to load errorexp06_run_audit_9
Loaded function exp06_run_audit_4. lib_load_elasped: 286, func_load_elasped: 2
Load lib exp06_run_audit_8.so failed
Fail to execute function  due to load errorexp06_run_audit_8
Load lib exp06_run_audit_11.so failed
Fail to execute function  due to load errorexp06_run_audit_11
Load lib exp06_run_audit_14.so failed
Fail to execute function  due to load errorexp06_run_audit_14
Load lib exp06_run_audit_18.so failed
Fail to execute function  due to load errorexp06_run_audit_18
Loaded function exp06_run_audit_6. lib_load_elasped: 287, func_load_elasped: 2
Load lib exp06_run_audit_8.so failed
Fail to execute function  due to load errorexp06_run_audit_8
Load lib exp06_run_audit_10.so failed
Fail to execute function  due to load errorexp06_run_audit_10
Load lib exp06_run_audit_20.so failed
Fail to execute function  due to load errorexp06_run_audit_20
Loaded function exp06_run_audit_3. lib_load_elasped: 334, func_load_elasped: 1
Loaded function exp06_run_audit_8. lib_load_elasped: 217, func_load_elasped: 1
Load lib exp06_run_audit_16.so failed
Fail to execute function  due to load errorexp06_run_audit_16
Load lib exp06_run_audit_14.so failed
Fail to execute function  due to load errorexp06_run_audit_14
Load lib exp06_run_audit_15.so failed
Fail to execute function  due to load errorexp06_run_audit_15
Load lib exp06_run_audit_13.so failed
Fail to execute function  due to load errorexp06_run_audit_13
Load lib exp06_run_audit_19.so failed
Fail to execute function  due to load errorexp06_run_audit_19
Load lib exp06_run_audit_19.so failed
Fail to execute function  due to load errorexp06_run_audit_19
Load lib exp06_run_audit_15.so failed
Fail to execute function  due to load errorexp06_run_audit_15
Loaded function exp06_run_audit_7. lib_load_elasped: 218, func_load_elasped: 1
Load lib exp06_run_audit_20.so failed
Fail to execute function  due to load errorexp06_run_audit_20
Loaded function exp06_run_audit_9. lib_load_elasped: 225, func_load_elasped: 1
Load lib exp06_run_audit_12.so failed
Fail to execute function  due to load errorexp06_run_audit_12
Loaded function exp06_run_audit_10. lib_load_elasped: 224, func_load_elasped: 1
Load lib exp06_run_audit_20.so failed
Fail to execute function  due to load errorexp06_run_audit_20
Loaded function exp06_run_audit_13. lib_load_elasped: 210, func_load_elasped: 1
Load lib exp06_run_audit_15.so failed
Fail to execute function  due to load errorexp06_run_audit_15
Load lib exp06_run_audit_20.so failed
Fail to execute function  due to load errorexp06_run_audit_20
Load lib exp06_run_audit_16.so failed
Fail to execute function  due to load errorexp06_run_audit_16
Loaded function exp06_run_audit_15. lib_load_elasped: 192, func_load_elasped: 1
Loaded function exp06_run_audit_19. lib_load_elasped: 329, func_load_elasped: 1
Loaded function exp06_run_audit_11. lib_load_elasped: 369, func_load_elasped: 2
Loaded function exp06_run_audit_12. lib_load_elasped: 294, func_load_elasped: 1
Loaded function exp06_run_audit_20. lib_load_elasped: 327, func_load_elasped: 1
Loaded function exp06_run_audit_17. lib_load_elasped: 218, func_load_elasped: 1
Loaded function exp06_run_audit_18. lib_load_elasped: 345, func_load_elasped: 1
Loaded function exp06_run_audit_16. lib_load_elasped: 284, func_load_elasped: 1
Loaded function exp06_run_audit_14. lib_load_elasped: 254, func_load_elasped: 1
Loaded function exp06_run_audit_28. lib_load_elasped: 16242, func_load_elasped: 2
Loaded function exp06_run_audit_34. lib_load_elasped: 362, func_load_elasped: 2
Loaded function exp06_run_audit_40. lib_load_elasped: 353, func_load_elasped: 2
Loaded function exp06_run_audit_27. lib_load_elasped: 340, func_load_elasped: 1
Loaded function exp06_run_audit_23. lib_load_elasped: 298, func_load_elasped: 1
Loaded function exp06_run_audit_32. lib_load_elasped: 325, func_load_elasped: 1
force_push: msg_id = 1680663, remain = 74, size = 64
Send to executer failed.force_push: msg_id = 1681815, remain = 74, size = 64
Send to executer failed.force_push: msg_id = 1681722, remain = 74, size = 64
Send to executer failed.force_push: msg_id = 1681646, remain = 10, size = 64
Send to executer failed.force_push: msg_id = 1681845, remain = 74, size = 64
Send to executer failed.Loaded function exp06_run_audit_38. lib_load_elasped: 278, func_load_elasped: 1
Loaded function exp06_run_audit_29. lib_load_elasped: 322, func_load_elasped: 2
Loaded function exp06_run_audit_22. lib_load_elasped: 308, func_load_elasped: 1
Loaded function exp06_run_audit_25. lib_load_elasped: 297, func_load_elasped: 1
Loaded function exp06_run_audit_35. lib_load_elasped: 359, func_load_elasped: 1
force_push: msg_id = 1691141, remain = 74, size = 64
Send to executer failed.force_push: msg_id = 1691154, remain = -54, size = 10
Send to executer failed.force_push: msg_id = 1691114, remain = -56, size = 8
Send to executer failed.force_push: msg_id = 1691124, remain = -54, size = 10
Send to executer failed.force_push: msg_id = 1692298, remain = 8, size = 64
Send to executer failed.force_push: msg_id = 1692317, remain = 74, size = 64
Send to executer failed.force_push: msg_id = 1692330, remain = 74, size = 64
Send to executer failed.force_push: msg_id = 1692321, remain = 10, size = 64
Send to executer failed.force_push: msg_id = 1692303, remain = 74, size = 64
Send to executer failed.force_push: msg_id = 1692305, remain = 74, size = 64
Send to executer failed.force_push: msg_id = 1692328, remain = 10, size = 64
Send to executer failed.force_push: msg_id = 1692299, remain = 8, size = 64
Send to executer failed.force_push: msg_id = 1695294, remain = 74, size = 64
Send to executer failed.force_push: msg_id = 1695297, remain = 10, size = 64
Send to executer failed.force_push: msg_id = 1695176, remain = -54, size = 10
Send to executer failed.Loaded function exp06_run_audit_39. lib_load_elasped: 388, func_load_elasped: 1
Loaded function exp06_run_audit_37. lib_load_elasped: 498, func_load_elasped: 2
Loaded function exp06_run_audit_31. lib_load_elasped: 373, func_load_elasped: 2
Loaded function exp06_run_audit_26. lib_load_elasped: 269, func_load_elasped: 1
force_push: msg_id = 1701663, remain = 74, size = 64
Send to executer failed.Loaded function exp06_run_audit_21. lib_load_elasped: 315, func_load_elasped: 1
Loaded function exp06_run_audit_33. lib_load_elasped: 416, func_load_elasped: 1
force_push: msg_id = 1707906, remain = 74, size = 64
Send to executer failed.force_push: msg_id = 1707852, remain = 10, size = 64
Send to executer failed.