Read file config.yml
Running executor...
Load lib exp06_run_audit_11.so failed
Fail to execute function  due to load errorexp06_run_audit_11
Load lib exp06_run_audit_16.so failed
Fail to execute function  due to load errorexp06_run_audit_16
Load lib exp06_run_audit_15.so failed
Fail to execute function  due to load errorexp06_run_audit_15
Load lib exp06_run_audit_19.so failed
Fail to execute function  due to load errorexp06_run_audit_19
Load lib exp06_run_audit_17.so failed
Fail to execute function  due to load errorexp06_run_audit_17
Load lib exp06_run_audit_3.so failed
Fail to execute function  due to load errorexp06_run_audit_3
Load lib exp06_run_audit_9.so failed
Fail to execute function  due to load errorexp06_run_audit_9
Load lib exp06_run_audit_6.so failed
Fail to execute function  due to load errorexp06_run_audit_6
Load lib exp06_run_audit_18.so failed
Fail to execute function  due to load errorexp06_run_audit_18
Load lib exp06_run_audit_5.so failed
Fail to execute function  due to load errorexp06_run_audit_5
Load lib exp06_run_audit_13.so failed
Fail to execute function  due to load errorexp06_run_audit_13
Load lib exp06_run_audit_11.so failed
Fail to execute function  due to load errorexp06_run_audit_11
Load lib exp06_run_audit_1.so failed
Fail to execute function  due to load errorexp06_run_audit_1
Load lib exp06_run_audit_17.so failed
Fail to execute function  due to load errorexp06_run_audit_17
Load lib exp06_run_audit_17.so failed
Fail to execute function  due to load errorexp06_run_audit_17
Load lib exp06_run_audit_8.so failed
Fail to execute function  due to load errorexp06_run_audit_8
Load lib exp06_run_audit_19.so failed
Fail to execute function  due to load errorexp06_run_audit_19
Load lib exp06_run_audit_14.so failed
Fail to execute function  due to load errorexp06_run_audit_14
Load lib exp06_run_audit_19.so failed
Fail to execute function  due to load errorexp06_run_audit_19
Load lib exp06_run_audit_8.so failed
Fail to execute function  due to load errorexp06_run_audit_8
Load lib exp06_run_audit_11.so failed
Fail to execute function  due to load errorexp06_run_audit_11
Load lib exp06_run_audit_8.so failed
Fail to execute function  due to load errorexp06_run_audit_8
Load lib exp06_run_audit_2.so failed
Fail to execute function  due to load errorexp06_run_audit_2
Load lib exp06_run_audit_4.so failed
Fail to execute function  due to load errorexp06_run_audit_4
Load lib exp06_run_audit_17.so failed
Fail to execute function  due to load errorexp06_run_audit_17
Load lib exp06_run_audit_8.so failed
Fail to execute function  due to load errorexp06_run_audit_8
Load lib exp06_run_audit_3.so failed
Fail to execute function  due to load errorexp06_run_audit_3
Load lib exp06_run_audit_14.so failed
Fail to execute function  due to load errorexp06_run_audit_14
Load lib exp06_run_audit_18.so failed
Fail to execute function  due to load errorexp06_run_audit_18
Load lib exp06_run_audit_5.so failed
Fail to execute function  due to load errorexp06_run_audit_5
Load lib exp06_run_audit_4.so failed
Fail to execute function  due to load errorexp06_run_audit_4
Load lib exp06_run_audit_12.so failed
Fail to execute function  due to load errorexp06_run_audit_12
Load lib exp06_run_audit_1.so failed
Fail to execute function  due to load errorexp06_run_audit_1
Load lib exp06_run_audit_11.so failed
Fail to execute function  due to load errorexp06_run_audit_11
Load lib exp06_run_audit_4.so failed
Fail to execute function  due to load errorexp06_run_audit_4
Load lib exp06_run_audit_10.so failed
Fail to execute function  due to load errorexp06_run_audit_10
Load lib exp06_run_audit_8.so failed
Fail to execute function  due to load errorexp06_run_audit_8
Load lib exp06_run_audit_8.so failed
Fail to execute function  due to load errorexp06_run_audit_8
Load lib exp06_run_audit_8.so failed
Fail to execute function  due to load errorexp06_run_audit_8
Load lib exp06_run_audit_8.so failed
Fail to execute function  due to load errorexp06_run_audit_8
Load lib exp06_run_audit_10.so failed
Fail to execute function  due to load errorexp06_run_audit_10
Load lib exp06_run_audit_20.so failed
Fail to execute function  due to load errorexp06_run_audit_20
Load lib exp06_run_audit_7.so failed
Fail to execute function  due to load errorexp06_run_audit_7
Load lib exp06_run_audit_15.so failed
Fail to execute function  due to load errorexp06_run_audit_15
Load lib exp06_run_audit_19.so failed
Fail to execute function  due to load errorexp06_run_audit_19
Load lib exp06_run_audit_2.so failed
Fail to execute function  due to load errorexp06_run_audit_2
Load lib exp06_run_audit_3.so failed
Fail to execute function  due to load errorexp06_run_audit_3
Load lib exp06_run_audit_7.so failed
Fail to execute function  due to load errorexp06_run_audit_7
Load lib exp06_run_audit_20.so failed
Fail to execute function  due to load errorexp06_run_audit_20
Load lib exp06_run_audit_18.so failed
Fail to execute function  due to load errorexp06_run_audit_18
Load lib exp06_run_audit_1.so failed
Fail to execute function  due to load errorexp06_run_audit_1
Load lib exp06_run_audit_15.so failed
Fail to execute function  due to load errorexp06_run_audit_15
Load lib exp06_run_audit_8.so failed
Fail to execute function  due to load errorexp06_run_audit_8
Load lib exp06_run_audit_10.so failed
Fail to execute function  due to load errorexp06_run_audit_10
Load lib exp06_run_audit_7.so failed
Fail to execute function  due to load errorexp06_run_audit_7
Load lib exp06_run_audit_11.so failed
Fail to execute function  due to load errorexp06_run_audit_11
Load lib exp06_run_audit_6.so failed
Fail to execute function  due to load errorexp06_run_audit_6
Load lib exp06_run_audit_6.so failed
Fail to execute function  due to load errorexp06_run_audit_6
Load lib exp06_run_audit_19.so failed
Fail to execute function  due to load errorexp06_run_audit_19
Load lib exp06_run_audit_18.so failed
Fail to execute function  due to load errorexp06_run_audit_18
Load lib exp06_run_audit_13.so failed
Fail to execute function  due to load errorexp06_run_audit_13
Load lib exp06_run_audit_4.so failed
Fail to execute function  due to load errorexp06_run_audit_4
Load lib exp06_run_audit_4.so failed
Fail to execute function  due to load errorexp06_run_audit_4
Load lib exp06_run_audit_5.so failed
Fail to execute function  due to load errorexp06_run_audit_5
Load lib exp06_run_audit_6.so failed
Fail to execute function  due to load errorexp06_run_audit_6
Load lib exp06_run_audit_14.so failed
Fail to execute function  due to load errorexp06_run_audit_14
Load lib exp06_run_audit_17.so failed
Fail to execute function  due to load errorexp06_run_audit_17
Loaded function exp06_marketdata. lib_load_elasped: 15861, func_load_elasped: 5
force_push: msg_id = 1622691, remain = 71, size = 64
Send to executer failed.Load lib exp06_run_audit_6.so failed
Fail to execute function  due to load errorexp06_run_audit_6
Load lib exp06_run_audit_6.so failed
Fail to execute function  due to load errorexp06_run_audit_6
Load lib exp06_run_audit_10.so failed
Fail to execute function  due to load errorexp06_run_audit_10
Load lib exp06_run_audit_5.so failed
Fail to execute function  due to load errorexp06_run_audit_5
Load lib exp06_run_audit_3.so failed
Fail to execute function  due to load errorexp06_run_audit_3
Load lib exp06_run_audit_11.so failed
Fail to execute function  due to load errorexp06_run_audit_11
Load lib exp06_run_audit_7.so failed
Fail to execute function  due to load errorexp06_run_audit_7
Load lib exp06_run_audit_12.so failed
Fail to execute function  due to load errorexp06_run_audit_12
Load lib exp06_run_audit_10.so failed
Fail to execute function  due to load errorexp06_run_audit_10
Load lib exp06_run_audit_6.so failed
Fail to execute function  due to load errorexp06_run_audit_6
Load lib exp06_run_audit_12.so failed
Fail to execute function  due to load errorexp06_run_audit_12
Load lib exp06_run_audit_20.so failed
Fail to execute function  due to load errorexp06_run_audit_20
Load lib exp06_run_audit_6.so failed
Fail to execute function  due to load errorexp06_run_audit_6
Load lib exp06_run_audit_7.so failed
Fail to execute function  due to load errorexp06_run_audit_7
Load lib exp06_run_audit_18.so failed
Fail to execute function  due to load errorexp06_run_audit_18
Load lib exp06_run_audit_8.so failed
Fail to execute function  due to load errorexp06_run_audit_8
Load lib exp06_run_audit_6.so failed
Fail to execute function  due to load errorexp06_run_audit_6
Load lib exp06_run_audit_19.so failed
Fail to execute function  due to load errorexp06_run_audit_19
Load lib exp06_run_audit_5.so failed
Fail to execute function  due to load errorexp06_run_audit_5
Load lib exp06_run_audit_13.so failed
Fail to execute function  due to load errorexp06_run_audit_13
Load lib exp06_run_audit_5.so failed
Fail to execute function  due to load errorexp06_run_audit_5
Load lib exp06_run_audit_2.so failed
Fail to execute function  due to load errorexp06_run_audit_2
Load lib exp06_run_audit_6.so failed
Fail to execute function  due to load errorexp06_run_audit_6
Load lib exp06_run_audit_19.so failed
Fail to execute function  due to load errorexp06_run_audit_19
Load lib exp06_run_audit_18.so failed
Fail to execute function  due to load errorexp06_run_audit_18
Load lib exp06_run_audit_15.so failed
Fail to execute function  due to load errorexp06_run_audit_15
Load lib exp06_run_audit_3.so failed
Fail to execute function  due to load errorexp06_run_audit_3
Load lib exp06_run_audit_9.so failed
Fail to execute function  due to load errorexp06_run_audit_9
Load lib exp06_run_audit_11.so failed
Fail to execute function  due to load errorexp06_run_audit_11
Load lib exp06_run_audit_13.so failed
Fail to execute function  due to load errorexp06_run_audit_13
Load lib exp06_run_audit_10.so failed
Fail to execute function  due to load errorexp06_run_audit_10
Load lib exp06_run_audit_7.so failed
Fail to execute function  due to load errorexp06_run_audit_7
Load lib exp06_run_audit_11.so failed
Fail to execute function  due to load errorexp06_run_audit_11
Load lib exp06_run_audit_4.so failed
Fail to execute function  due to load errorexp06_run_audit_4
Load lib exp06_run_audit_16.so failed
Fail to execute function  due to load errorexp06_run_audit_16
Load lib exp06_run_audit_16.so failed
Fail to execute function  due to load errorexp06_run_audit_16
Load lib exp06_run_audit_8.so failed
Fail to execute function  due to load errorexp06_run_audit_8
Load lib exp06_run_audit_6.so failed
Fail to execute function  due to load errorexp06_run_audit_6
Load lib exp06_run_audit_3.so failed
Fail to execute function  due to load errorexp06_run_audit_3
Load lib exp06_run_audit_11.so failed
Fail to execute function  due to load errorexp06_run_audit_11
Load lib exp06_run_audit_15.so failed
Fail to execute function  due to load errorexp06_run_audit_15
Load lib exp06_run_audit_18.so failed
Fail to execute function  due to load errorexp06_run_audit_18
Load lib exp06_run_audit_16.so failed
Fail to execute function  due to load errorexp06_run_audit_16
Load lib exp06_run_audit_5.so failed
Fail to execute function  due to load errorexp06_run_audit_5
Load lib exp06_run_audit_17.so failed
Fail to execute function  due to load errorexp06_run_audit_17
Load lib exp06_run_audit_1.so failed
Fail to execute function  due to load errorexp06_run_audit_1
Load lib exp06_run_audit_15.so failed
Fail to execute function  due to load errorexp06_run_audit_15
Load lib exp06_run_audit_3.so failed
Fail to execute function  due to load errorexp06_run_audit_3
Load lib exp06_run_audit_19.so failed
Fail to execute function  due to load errorexp06_run_audit_19
Load lib exp06_run_audit_1.so failed
Fail to execute function  due to load errorexp06_run_audit_1
Load lib exp06_run_audit_13.so failed
Fail to execute function  due to load errorexp06_run_audit_13
Load lib exp06_run_audit_18.so failed
Fail to execute function  due to load errorexp06_run_audit_18
Load lib exp06_run_audit_17.so failed
Fail to execute function  due to load errorexp06_run_audit_17
Load lib exp06_run_audit_15.so failed
Fail to execute function  due to load errorexp06_run_audit_15
Load lib exp06_run_audit_16.so failed
Fail to execute function  due to load errorexp06_run_audit_16
Load lib exp06_run_audit_15.so failed
Fail to execute function  due to load errorexp06_run_audit_15
Load lib exp06_run_audit_13.so failed
Fail to execute function  due to load errorexp06_run_audit_13
Load lib exp06_run_audit_8.so failed
Fail to execute function  due to load errorexp06_run_audit_8
Loaded function exp06_run_audit_4. lib_load_elasped: 386, func_load_elasped: 2
Load lib exp06_run_audit_16.so failed
Fail to execute function  due to load errorexp06_run_audit_16
Loaded function exp06_run_audit_1. lib_load_elasped: 308, func_load_elasped: 2
Load lib exp06_run_audit_19.so failed
Fail to execute function  due to load errorexp06_run_audit_19
Load lib exp06_run_audit_9.so failed
Fail to execute function  due to load errorexp06_run_audit_9
Load lib exp06_run_audit_16.so failed
Fail to execute function  due to load errorexp06_run_audit_16
Load lib exp06_run_audit_16.so failed
Fail to execute function  due to load errorexp06_run_audit_16
Loaded function exp06_run_audit_5. lib_load_elasped: 315, func_load_elasped: 2
Loaded function exp06_run_audit_6. lib_load_elasped: 296, func_load_elasped: 1
Loaded function exp06_run_audit_2. lib_load_elasped: 318, func_load_elasped: 2
Load lib exp06_run_audit_18.so failed
Fail to execute function  due to load errorexp06_run_audit_18
Load lib exp06_run_audit_9.so failed
Fail to execute function  due to load errorexp06_run_audit_9
Loaded function exp06_run_audit_7. lib_load_elasped: 282, func_load_elasped: 1
Loaded function exp06_run_audit_15. lib_load_elasped: 284, func_load_elasped: 4
Loaded function exp06_run_audit_20. lib_load_elasped: 259, func_load_elasped: 1
Loaded function exp06_run_audit_18. lib_load_elasped: 286, func_load_elasped: 1
Loaded function exp06_run_audit_19. lib_load_elasped: 313, func_load_elasped: 2
Loaded function exp06_run_audit_13. lib_load_elasped: 269, func_load_elasped: 1
Loaded function exp06_run_audit_12. lib_load_elasped: 273, func_load_elasped: 2
Loaded function exp06_run_audit_3. lib_load_elasped: 329, func_load_elasped: 3
Loaded function exp06_run_audit_14. lib_load_elasped: 308, func_load_elasped: 1
Loaded function exp06_run_audit_11. lib_load_elasped: 306, func_load_elasped: 1
Loaded function exp06_run_audit_16. lib_load_elasped: 414, func_load_elasped: 2
Loaded function exp06_run_audit_8. lib_load_elasped: 440, func_load_elasped: 3
Loaded function exp06_run_audit_10. lib_load_elasped: 386, func_load_elasped: 2
Loaded function exp06_run_audit_9. lib_load_elasped: 397, func_load_elasped: 2
Loaded function exp06_run_audit_17. lib_load_elasped: 436, func_load_elasped: 1
Loaded function exp06_run_audit_35. lib_load_elasped: 478, func_load_elasped: 2
force_push: msg_id = 1686899, remain = 72, size = 64
Send to executer failed.force_push: msg_id = 1686972, remain = 74, size = 64
Send to executer failed.force_push: msg_id = 1687017, remain = 74, size = 64
Send to executer failed.force_push: msg_id = 1686984, remain = 74, size = 64
Send to executer failed.force_push: msg_id = 1686986, remain = 74, size = 64
Send to executer failed.force_push: msg_id = 1686995, remain = 10, size = 64
Send to executer failed.force_push: msg_id = 1686925, remain = 72, size = 64
Send to executer failed.force_push: msg_id = 1686979, remain = 74, size = 64
Send to executer failed.force_push: msg_id = 1687020, remain = 74, size = 64
Send to executer failed.force_push: msg_id = 1686857, remain = 8, size = 64
Send to executer failed.force_push: msg_id = 1686991, remain = 74, size = 64
Send to executer failed.force_push: msg_id = 1687024, remain = 10, size = 64
Send to executer failed.Loaded function exp06_run_audit_30. lib_load_elasped: 384, func_load_elasped: 2
Loaded function exp06_run_audit_23. lib_load_elasped: 286, func_load_elasped: 1
Loaded function exp06_run_audit_39. lib_load_elasped: 287, func_load_elasped: 1
force_push: msg_id = 1699934, remain = 74, size = 64
Send to executer failed.force_push: msg_id = 1699910, remain = 74, size = 64
Send to executer failed.force_push: msg_id = 1699926, remain = 74, size = 64
Send to executer failed.force_push: msg_id = 1699908, remain = 10, size = 64
Send to executer failed.force_push: msg_id = 1699912, remain = 10, size = 64
Send to executer failed.force_push: msg_id = 1699935, remain = 10, size = 64
Send to executer failed.force_push: msg_id = 1699917, remain = 10, size = 64
Send to executer failed.force_push: msg_id = 1699932, remain = -54, size = 10
Send to executer failed.force_push: msg_id = 1699915, remain = 10, size = 64
force_push: msg_id = 1699913, remain = 10, size = 64
Send to executer failed.Send to executer failed.force_push: msg_id = 1699921, remain = -54, size = 10
Send to executer failed.force_push: msg_id = 1699922, remain = 10, size = 64
Send to executer failed.force_push: msg_id = 1699931, remain = 74, size = 64
Send to executer failed.force_push: msg_id = 1699918, remain = 10, size = 64
Send to executer failed.force_push: msg_id = 1699933, remain = 74, size = 64
Send to executer failed.force_push: msg_id = 1699919, remain = -54, size = 10
Send to executer failed.force_push: msg_id = 1699943, remain = 10, size = 64
Send to executer failed.force_push: msg_id = 1699930, remain = 10, size = 64
Send to executer failed.