Read file config.yml
Running executor...
Load lib exp06_run_audit_20.so failed
Fail to execute function  due to load errorexp06_run_audit_20
Load lib exp06_run_audit_7.so failed
Fail to execute function  due to load errorexp06_run_audit_7
Load lib exp06_run_audit_14.so failed
Fail to execute function  due to load errorexp06_run_audit_14
Load lib exp06_run_audit_6.so failed
Fail to execute function  due to load errorexp06_run_audit_6
Load lib exp06_run_audit_19.so failed
Fail to execute function  due to load errorexp06_run_audit_19
Load lib exp06_run_audit_1.so failed
Fail to execute function  due to load errorexp06_run_audit_1
Load lib exp06_run_audit_7.so failed
Fail to execute function  due to load errorexp06_run_audit_7
Load lib exp06_run_audit_8.so failed
Fail to execute function  due to load errorexp06_run_audit_8
Load lib exp06_run_audit_20.so failed
Fail to execute function  due to load errorexp06_run_audit_20
Load lib exp06_run_audit_19.so failed
Fail to execute function  due to load errorexp06_run_audit_19
Load lib exp06_run_audit_11.so failed
Fail to execute function  due to load errorexp06_run_audit_11
Load lib exp06_run_audit_2.so failed
Fail to execute function  due to load errorexp06_run_audit_2
Load lib exp06_run_audit_2.so failed
Fail to execute function  due to load errorexp06_run_audit_2
Load lib exp06_run_audit_8.so failed
Fail to execute function  due to load errorexp06_run_audit_8
Load lib exp06_run_audit_10.so failed
Fail to execute function  due to load errorexp06_run_audit_10
Load lib exp06_run_audit_14.so failed
Fail to execute function  due to load errorexp06_run_audit_14
Load lib exp06_run_audit_4.so failed
Fail to execute function  due to load errorexp06_run_audit_4
Load lib exp06_run_audit_6.so failed
Fail to execute function  due to load errorexp06_run_audit_6
Load lib exp06_run_audit_6.so failed
Fail to execute function  due to load errorexp06_run_audit_6
Load lib exp06_run_audit_9.so failed
Fail to execute function  due to load errorexp06_run_audit_9
Load lib exp06_run_audit_9.so failed
Fail to execute function  due to load errorexp06_run_audit_9
Load lib exp06_run_audit_11.so failed
Fail to execute function  due to load errorexp06_run_audit_11
Load lib exp06_run_audit_7.so failed
Fail to execute function  due to load errorexp06_run_audit_7
Load lib exp06_run_audit_11.so failed
Fail to execute function  due to load errorexp06_run_audit_11
Load lib exp06_run_audit_5.so failed
Fail to execute function  due to load errorexp06_run_audit_5
Load lib exp06_run_audit_20.so failed
Fail to execute function  due to load errorexp06_run_audit_20
Load lib exp06_run_audit_9.so failed
Fail to execute function  due to load errorexp06_run_audit_9
Load lib exp06_run_audit_13.so failed
Fail to execute function  due to load errorexp06_run_audit_13
Load lib exp06_run_audit_5.so failed
Fail to execute function  due to load errorexp06_run_audit_5
Load lib exp06_run_audit_4.so failed
Fail to execute function  due to load errorexp06_run_audit_4
Loaded function exp06_marketdata. lib_load_elasped: 4918, func_load_elasped: 4
Load lib exp06_run_audit_11.so failed
Fail to execute function  due to load errorexp06_run_audit_11
Load lib exp06_run_audit_14.so failed
Fail to execute function  due to load errorexp06_run_audit_14
Load lib exp06_run_audit_13.so failed
Fail to execute function  due to load errorexp06_run_audit_13
Load lib exp06_run_audit_20.so failed
Fail to execute function  due to load errorexp06_run_audit_20
Loaded function exp06_run_audit_2. lib_load_elasped: 229, func_load_elasped: 1
Load lib exp06_run_audit_6.so failed
Fail to execute function  due to load errorexp06_run_audit_6
Load lib exp06_run_audit_19.so failed
Fail to execute function  due to load errorexp06_run_audit_19
Load lib exp06_run_audit_6.so failed
Fail to execute function  due to load errorexp06_run_audit_6
Loaded function exp06_run_audit_1. lib_load_elasped: 209, func_load_elasped: 1
Loaded function exp06_run_audit_6. lib_load_elasped: 215, func_load_elasped: 1
Load lib exp06_run_audit_12.so failed
Fail to execute function  due to load errorexp06_run_audit_12
Load lib exp06_run_audit_17.so failed
Fail to execute function  due to load errorexp06_run_audit_17
Load lib exp06_run_audit_8.so failed
Fail to execute function  due to load errorexp06_run_audit_8
Load lib exp06_run_audit_18.so failed
Fail to execute function  due to load errorexp06_run_audit_18
Load lib exp06_run_audit_11.so failed
Fail to execute function  due to load errorexp06_run_audit_11
Load lib exp06_run_audit_9.so failed
Fail to execute function  due to load errorexp06_run_audit_9
Loaded function exp06_run_audit_4. lib_load_elasped: 311, func_load_elasped: 2
Loaded function exp06_run_audit_3. lib_load_elasped: 277, func_load_elasped: 1
Loaded function exp06_run_audit_8. lib_load_elasped: 239, func_load_elasped: 1
Load lib exp06_run_audit_11.so failed
Fail to execute function  due to load errorexp06_run_audit_11
Load lib exp06_run_audit_11.so failed
Fail to execute function  due to load errorexp06_run_audit_11
Load lib exp06_run_audit_17.so failed
Fail to execute function  due to load errorexp06_run_audit_17
Loaded function exp06_run_audit_7. lib_load_elasped: 251, func_load_elasped: 1
Loaded function exp06_run_audit_12. lib_load_elasped: 360, func_load_elasped: 1
Load lib exp06_run_audit_20.so failed
Fail to execute function  due to load errorexp06_run_audit_20
Load lib exp06_run_audit_14.so failed
Fail to execute function  due to load errorexp06_run_audit_14
Loaded function exp06_run_audit_9. lib_load_elasped: 303, func_load_elasped: 1
Load lib exp06_run_audit_17.so failed
Fail to execute function  due to load errorexp06_run_audit_17
Load lib exp06_run_audit_19.so failed
Fail to execute function  due to load errorexp06_run_audit_19
Loaded function exp06_run_audit_11. lib_load_elasped: 267, func_load_elasped: 2
Load lib exp06_run_audit_16.so failed
Fail to execute function  due to load errorexp06_run_audit_16
Load lib exp06_run_audit_20.so failed
Fail to execute function  due to load errorexp06_run_audit_20
Loaded function exp06_run_audit_14. lib_load_elasped: 284, func_load_elasped: 2
Loaded function exp06_run_audit_17. lib_load_elasped: 275, func_load_elasped: 2
Loaded function exp06_run_audit_15. lib_load_elasped: 283, func_load_elasped: 1
Loaded function exp06_run_audit_16. lib_load_elasped: 288, func_load_elasped: 1
Loaded function exp06_run_audit_13. lib_load_elasped: 259, func_load_elasped: 1
Loaded function exp06_run_audit_19. lib_load_elasped: 253, func_load_elasped: 1
Loaded function exp06_run_audit_20. lib_load_elasped: 264, func_load_elasped: 1
Loaded function exp06_run_audit_18. lib_load_elasped: 451, func_load_elasped: 2
Loaded function exp06_run_audit_5. lib_load_elasped: 220, func_load_elasped: 1
Loaded function exp06_run_audit_10. lib_load_elasped: 423, func_load_elasped: 2
force_push: msg_id = 1675692, remain = 74, size = 64
Send to executer failed.force_push: msg_id = 1675941, remain = 74, size = 64
Send to executer failed.force_push: msg_id = 1675689, remain = -54, size = 10
Send to executer failed.force_push: msg_id = 1675939, remain = 10, size = 64
Send to executer failed.force_push: msg_id = 1675687, remain = -54, size = 10
Send to executer failed.force_push: msg_id = 1675469, remain = 8, size = 64
Send to executer failed.force_push: msg_id = 1675671, remain = -54, size = 10
Send to executer failed.force_push: msg_id = 1675572, remain = -54, size = 10
Send to executer failed.force_push: msg_id = 1675672, remain = 10, size = 64
Send to executer failed.force_push: msg_id = 1675837, remain = -54, size = 10
Send to executer failed.force_push: msg_id = 1675926, remain = -54, size = 10
Send to executer failed.Loaded function exp06_run_audit_37. lib_load_elasped: 494, func_load_elasped: 2
Loaded function exp06_run_audit_40. lib_load_elasped: 352, func_load_elasped: 2
Loaded function exp06_run_audit_38. lib_load_elasped: 309, func_load_elasped: 1
Loaded function exp06_run_audit_28. lib_load_elasped: 349, func_load_elasped: 1
Loaded function exp06_run_audit_27. lib_load_elasped: 334, func_load_elasped: 1
Loaded function exp06_run_audit_33. lib_load_elasped: 337, func_load_elasped: 2
force_push: msg_id = 1679793, remain = 74, size = 64
Send to executer failed.Loaded function exp06_run_audit_25. lib_load_elasped: 367, func_load_elasped: 1
Loaded function exp06_run_audit_30. lib_load_elasped: 338, func_load_elasped: 1
force_push: msg_id = 1683492, remain = 72, size = 64
Send to executer failed.force_push: msg_id = 1683532, remain = 74, size = 64
Send to executer failed.force_push: msg_id = 1683502, remain = 10, size = 64
Send to executer failed.force_push: msg_id = 1683516, remain = 10, size = 64
Send to executer failed.force_push: msg_id = 1683533, remain = -54, size = 10
Send to executer failed.Loaded function exp06_run_audit_26. lib_load_elasped: 483, func_load_elasped: 1
force_push: msg_id = 1686629, remain = 75, size = 64
Send to executer failed.force_push: msg_id = 1686621, remain = 75, size = 64
Send to executer failed.force_push: msg_id = 1686614, remain = 75, size = 64
Send to executer failed.force_push: msg_id = 1686628, remain = -53, size = 11
Send to executer failed.force_push: msg_id = 1686627, remain = 75, size = 64
Send to executer failed.force_push: msg_id = 1688115, remain = -56, size = 8
Send to executer failed.Loaded function exp06_run_audit_32. lib_load_elasped: 221, func_load_elasped: 1
Loaded function exp06_run_audit_35. lib_load_elasped: 391, func_load_elasped: 1
Loaded function exp06_run_audit_34. lib_load_elasped: 254, func_load_elasped: 1
Loaded function exp06_run_audit_24. lib_load_elasped: 543, func_load_elasped: 3
Loaded function exp06_run_audit_39. lib_load_elasped: 382, func_load_elasped: 1
Loaded function exp06_run_audit_36. lib_load_elasped: 402, func_load_elasped: 2
Loaded function exp06_run_audit_23. lib_load_elasped: 419, func_load_elasped: 3
force_push: msg_id = 1695243, remain = 75, size = 64
Send to executer failed.force_push: msg_id = 1695199, remain = 75, size = 64
Send to executer failed.force_push: msg_id = 1695246, remain = 75, size = 64
Send to executer failed.Loaded function exp06_run_audit_29. lib_load_elasped: 419, func_load_elasped: 2
Loaded function exp06_run_audit_22. lib_load_elasped: 454, func_load_elasped: 1
Loaded function exp06_run_audit_21. lib_load_elasped: 408, func_load_elasped: 3
