Read file config.yml
Running executor...
Loaded function exp06_run_audit_2. lib_load_elasped: 351, func_load_elasped: 2
Loaded function exp06_run_audit_4. lib_load_elasped: 202, func_load_elasped: 1
Loaded function exp06_run_audit_8. lib_load_elasped: 199, func_load_elasped: 1
Loaded function exp06_marketdata. lib_load_elasped: 6029, func_load_elasped: 4
force_push: msg_id = 10730, remain = 9, size = 64
Send to executer failed.Loaded function exp06_run_audit_3. lib_load_elasped: 301, func_load_elasped: 1
Loaded function exp06_run_audit_6. lib_load_elasped: 190, func_load_elasped: 0
Loaded function exp06_run_audit_7. lib_load_elasped: 166, func_load_elasped: 0
Loaded function exp06_run_audit_5. lib_load_elasped: 176, func_load_elasped: 0
Loaded function exp06_run_audit_10. lib_load_elasped: 202, func_load_elasped: 0
Loaded function exp06_run_audit_9. lib_load_elasped: 194, func_load_elasped: 1
force_push: msg_id = 18292, remain = 73, size = 64
Send to executer failed.Loaded function exp06_run_audit_1. lib_load_elasped: 450, func_load_elasped: 2
force_push: msg_id = 27940, remain = 72, size = 64
Send to executer failed.force_push: msg_id = 53269, remain = 8, size = 64
Send to executer failed.force_push: msg_id = 62189, remain = 72, size = 64
Send to executer failed.Loaded function exp06_marginbalance. lib_load_elasped: 266, func_load_elasped: 1
req_id = 360204, token 24305 us.
req_id = 780219, token 109270 us.
req_id = 1140249, token 13014281 us.
req_id = 960141, token 5057818 us.
req_id = 1200212, token 10063728 us.
req_id = 960132, token 19359118 us.
req_id = 720003, token 24563443 us.
req_id = 60295, token 13463527 us.
req_id = 300168, token 12835488 us.
req_id = 900295, token 14480778 us.
req_id = 840110, token 11213048 us.
req_id = 360239, token 3391879 us.
req_id = 780173, token 19814416 us.
req_id = 420052, token 17995005 us.
req_id = 480264, token 3164562 us.
req_id = 600237, token 16028632 us.
req_id = 1020184, token 11530239 us.
req_id = 840296, token 3888289 us.
req_id = 480257, token 7057308 us.
req_id = 240165, token 25283 us.
req_id = 60250, token 18573522 us.
req_id = 120285, token 304551 us.
req_id = 1200299, token 1364154 us.
