I0420 16:25:33.969931 Main        (2106737) /home/lgw/Lumine-benchmarks/Lumine/lib/base/thread.cpp:96] Register main thread: tid=2106737
I0420 16:25:33.973146 Main        (2106737) /home/lgw/Lumine-benchmarks/Lumine/lib/common/config.cpp:332] Load configuration for function exp09Start[1]
I0420 16:25:33.973383 Main        (2106737) /home/lgw/Lumine-benchmarks/Lumine/lib/common/config.cpp:332] Load configuration for function exp09End[2]
I0420 16:25:33.973483 Main        (2106737) /home/lgw/Lumine-benchmarks/Lumine/lib/common/config.cpp:332] Load configuration for function exp09Register[3]
I0420 16:25:33.973548 Main        (2106737) /home/lgw/Lumine-benchmarks/Lumine/lib/common/config.cpp:332] Load configuration for function exp09StartFinra[4]
I0420 16:25:33.973862 Main        (2106737) /home/lgw/Lumine-benchmarks/Lumine/src/host/worker/cpp/func_worker.cpp:107] My client_id is 11
I0420 16:25:33.973999 Main        (2106737) /home/lgw/Lumine-benchmarks/Lumine/src/host/worker/cpp/func_worker.cpp:173] Use extra pipes for messages
I0420 16:25:33.974361 Main        (2106737) /home/lgw/Lumine-benchmarks/Lumine/src/host/worker/cpp/func_worker.cpp:195] Handshake done
I0420 16:26:26.021672 Main        (2106737) /home/lgw/Lumine-benchmarks/Experiments/09/src/1_end/end.cpp:48] req_id = 2340001, end_time = 1682007986021658
I0420 16:26:27.097996 Main        (2106737) /home/lgw/Lumine-benchmarks/Experiments/09/src/1_end/end.cpp:48] req_id = 2040003, end_time = 1682007987097984
I0420 16:26:27.098806 Main        (2106737) /home/lgw/Lumine-benchmarks/Experiments/09/src/1_end/end.cpp:48] req_id = 1680003, end_time = 1682007987098802
I0420 16:26:27.142302 Main        (2106737) /home/lgw/Lumine-benchmarks/Experiments/09/src/1_end/end.cpp:48] req_id = 1560004, end_time = 1682007987142291
I0420 16:26:27.145898 Main        (2106737) /home/lgw/Lumine-benchmarks/Experiments/09/src/1_end/end.cpp:48] req_id = 120004, end_time = 1682007987145892
I0420 16:26:27.150773 Main        (2106737) /home/lgw/Lumine-benchmarks/Experiments/09/src/1_end/end.cpp:48] req_id = 1260004, end_time = 1682007987150766
I0420 16:26:27.151299 Main        (2106737) /home/lgw/Lumine-benchmarks/Experiments/09/src/1_end/end.cpp:48] req_id = 2880002, end_time = 1682007987151295
I0420 16:26:27.152024 Main        (2106737) /home/lgw/Lumine-benchmarks/Experiments/09/src/1_end/end.cpp:48] req_id = 780003, end_time = 1682007987152018
I0420 16:26:27.152757 Main        (2106737) /home/lgw/Lumine-benchmarks/Experiments/09/src/1_end/end.cpp:48] req_id = 2880001, end_time = 1682007987152754
I0420 16:26:27.153425 Main        (2106737) /home/lgw/Lumine-benchmarks/Experiments/09/src/1_end/end.cpp:48] req_id = 1380004, end_time = 1682007987153421
I0420 16:26:27.155204 Main        (2106737) /home/lgw/Lumine-benchmarks/Experiments/09/src/1_end/end.cpp:48] req_id = 3000002, end_time = 1682007987155200
I0420 16:26:27.156756 Main        (2106737) /home/lgw/Lumine-benchmarks/Experiments/09/src/1_end/end.cpp:48] req_id = 420003, end_time = 1682007987156750
I0420 16:26:27.159404 Main        (2106737) /home/lgw/Lumine-benchmarks/Experiments/09/src/1_end/end.cpp:48] req_id = 1920004, end_time = 1682007987159396
I0420 16:26:27.165721 Main        (2106737) /home/lgw/Lumine-benchmarks/Experiments/09/src/1_end/end.cpp:48] req_id = 2160003, end_time = 1682007987165714
I0420 16:26:27.168385 Main        (2106737) /home/lgw/Lumine-benchmarks/Experiments/09/src/1_end/end.cpp:48] req_id = 2220003, end_time = 1682007987168380
I0420 16:26:27.185280 Main        (2106737) /home/lgw/Lumine-benchmarks/Experiments/09/src/1_end/end.cpp:48] req_id = 2100003, end_time = 1682007987185274
I0420 16:26:27.197636 Main        (2106737) /home/lgw/Lumine-benchmarks/Experiments/09/src/1_end/end.cpp:48] req_id = 2700002, end_time = 1682007987197629
I0420 16:26:27.200099 Main        (2106737) /home/lgw/Lumine-benchmarks/Experiments/09/src/1_end/end.cpp:48] req_id = 2820002, end_time = 1682007987200093
I0420 16:26:27.200888 Main        (2106737) /home/lgw/Lumine-benchmarks/Experiments/09/src/1_end/end.cpp:48] req_id = 2760001, end_time = 1682007987200882
I0420 16:26:27.212647 Main        (2106737) /home/lgw/Lumine-benchmarks/Experiments/09/src/1_end/end.cpp:48] req_id = 2400002, end_time = 1682007987212641
I0420 16:26:27.215655 Main        (2106737) /home/lgw/Lumine-benchmarks/Experiments/09/src/1_end/end.cpp:48] req_id = 3000004, end_time = 1682007987215648
I0420 16:26:27.219272 Main        (2106737) /home/lgw/Lumine-benchmarks/Experiments/09/src/1_end/end.cpp:48] req_id = 2760002, end_time = 1682007987219266
I0420 16:26:27.221634 Main        (2106737) /home/lgw/Lumine-benchmarks/Experiments/09/src/1_end/end.cpp:48] req_id = 900004, end_time = 1682007987221628
I0420 16:26:27.224212 Main        (2106737) /home/lgw/Lumine-benchmarks/Experiments/09/src/1_end/end.cpp:48] req_id = 300004, end_time = 1682007987224206
I0420 16:26:27.225604 Main        (2106737) /home/lgw/Lumine-benchmarks/Experiments/09/src/1_end/end.cpp:48] req_id = 660003, end_time = 1682007987225598
I0420 16:26:27.226071 Main        (2106737) /home/lgw/Lumine-benchmarks/Experiments/09/src/1_end/end.cpp:48] req_id = 2640004, end_time = 1682007987226065
I0420 16:26:27.226969 Main        (2106737) /home/lgw/Lumine-benchmarks/Experiments/09/src/1_end/end.cpp:48] req_id = 2760003, end_time = 1682007987226963
I0420 16:26:27.227595 Main        (2106737) /home/lgw/Lumine-benchmarks/Experiments/09/src/1_end/end.cpp:48] req_id = 1680004, end_time = 1682007987227589
I0420 16:26:27.227891 Main        (2106737) /home/lgw/Lumine-benchmarks/Experiments/09/src/1_end/end.cpp:48] req_id = 2580004, end_time = 1682007987227888
I0420 16:26:27.229694 Main        (2106737) /home/lgw/Lumine-benchmarks/Experiments/09/src/1_end/end.cpp:48] req_id = 2520002, end_time = 1682007987229688
I0420 16:26:27.230179 Main        (2106737) /home/lgw/Lumine-benchmarks/Experiments/09/src/1_end/end.cpp:48] req_id = 2460004, end_time = 1682007987230173
I0420 16:26:27.237904 Main        (2106737) /home/lgw/Lumine-benchmarks/Experiments/09/src/1_end/end.cpp:48] req_id = 2460003, end_time = 1682007987237898
I0420 16:26:27.241598 Main        (2106737) /home/lgw/Lumine-benchmarks/Experiments/09/src/1_end/end.cpp:48] req_id = 900003, end_time = 1682007987241591
I0420 16:26:28.271595 Main        (2106737) /home/lgw/Lumine-benchmarks/Experiments/09/src/1_end/end.cpp:48] req_id = 1140005, end_time = 1682007988271581
I0420 16:26:28.274123 Main        (2106737) /home/lgw/Lumine-benchmarks/Experiments/09/src/1_end/end.cpp:48] req_id = 2700005, end_time = 1682007988274117
I0420 16:26:28.275653 Main        (2106737) /home/lgw/Lumine-benchmarks/Experiments/09/src/1_end/end.cpp:48] req_id = 1800005, end_time = 1682007988275647
I0420 16:26:28.291080 Main        (2106737) /home/lgw/Lumine-benchmarks/Experiments/09/src/1_end/end.cpp:48] req_id = 2160005, end_time = 1682007988291074
I0420 16:26:28.349848 Main        (2106737) /home/lgw/Lumine-benchmarks/Experiments/09/src/1_end/end.cpp:48] req_id = 2520006, end_time = 1682007988349841
I0420 16:26:28.353616 Main        (2106737) /home/lgw/Lumine-benchmarks/Experiments/09/src/1_end/end.cpp:48] req_id = 540005, end_time = 1682007988353610
I0420 16:26:28.355129 Main        (2106737) /home/lgw/Lumine-benchmarks/Experiments/09/src/1_end/end.cpp:48] req_id = 2580006, end_time = 1682007988355123
I0420 16:26:28.398090 Main        (2106737) /home/lgw/Lumine-benchmarks/Experiments/09/src/1_end/end.cpp:48] req_id = 2400006, end_time = 1682007988398076
I0420 16:26:28.401753 Main        (2106737) /home/lgw/Lumine-benchmarks/Experiments/09/src/1_end/end.cpp:48] req_id = 2280006, end_time = 1682007988401747
I0420 16:26:28.641436 Main        (2106737) /home/lgw/Lumine-benchmarks/Experiments/09/src/1_end/end.cpp:48] req_id = 180007, end_time = 1682007988641425
I0420 16:26:28.747414 Main        (2106737) /home/lgw/Lumine-benchmarks/Experiments/09/src/1_end/end.cpp:48] req_id = 480007, end_time = 1682007988747402
I0420 16:26:28.833672 Main        (2106737) /home/lgw/Lumine-benchmarks/Experiments/09/src/1_end/end.cpp:48] req_id = 60009, end_time = 1682007988833666
I0420 16:26:28.879401 Main        (2106737) /home/lgw/Lumine-benchmarks/Experiments/09/src/1_end/end.cpp:48] req_id = 60008, end_time = 1682007988879388
I0420 16:26:28.892192 Main        (2106737) /home/lgw/Lumine-benchmarks/Experiments/09/src/1_end/end.cpp:48] req_id = 660007, end_time = 1682007988892186
I0420 16:26:28.952575 Main        (2106737) /home/lgw/Lumine-benchmarks/Experiments/09/src/1_end/end.cpp:48] req_id = 300007, end_time = 1682007988952570
I0420 16:26:28.971165 Main        (2106737) /home/lgw/Lumine-benchmarks/Experiments/09/src/1_end/end.cpp:48] req_id = 240007, end_time = 1682007988971159
I0420 16:26:29.043319 Main        (2106737) /home/lgw/Lumine-benchmarks/Experiments/09/src/1_end/end.cpp:48] req_id = 360007, end_time = 1682007989043313
I0420 16:26:29.049545 Main        (2106737) /home/lgw/Lumine-benchmarks/Experiments/09/src/1_end/end.cpp:48] req_id = 600007, end_time = 1682007989049538
I0420 16:26:29.057744 Main        (2106737) /home/lgw/Lumine-benchmarks/Experiments/09/src/1_end/end.cpp:48] req_id = 720007, end_time = 1682007989057737
I0420 16:26:29.058929 Main        (2106737) /home/lgw/Lumine-benchmarks/Experiments/09/src/1_end/end.cpp:48] req_id = 180008, end_time = 1682007989058922
I0420 16:26:29.081335 Main        (2106737) /home/lgw/Lumine-benchmarks/Experiments/09/src/1_end/end.cpp:48] req_id = 1500007, end_time = 1682007989081329
I0420 16:26:29.091872 Main        (2106737) /home/lgw/Lumine-benchmarks/Experiments/09/src/1_end/end.cpp:48] req_id = 2340007, end_time = 1682007989091866
I0420 16:26:29.115672 Main        (2106737) /home/lgw/Lumine-benchmarks/Experiments/09/src/1_end/end.cpp:48] req_id = 840008, end_time = 1682007989115666
I0420 16:26:29.121536 Main        (2106737) /home/lgw/Lumine-benchmarks/Experiments/09/src/1_end/end.cpp:48] req_id = 540008, end_time = 1682007989121530
I0420 16:26:29.123639 Main        (2106737) /home/lgw/Lumine-benchmarks/Experiments/09/src/1_end/end.cpp:48] req_id = 2040007, end_time = 1682007989123633
I0420 16:26:29.123940 Main        (2106737) /home/lgw/Lumine-benchmarks/Experiments/09/src/1_end/end.cpp:48] req_id = 2400007, end_time = 1682007989123937
I0420 16:26:29.132741 Main        (2106737) /home/lgw/Lumine-benchmarks/Experiments/09/src/1_end/end.cpp:48] req_id = 2580008, end_time = 1682007989132735
I0420 16:26:29.141068 Main        (2106737) /home/lgw/Lumine-benchmarks/Experiments/09/src/1_end/end.cpp:48] req_id = 1440007, end_time = 1682007989141062
I0420 16:26:29.148112 Main        (2106737) /home/lgw/Lumine-benchmarks/Experiments/09/src/1_end/end.cpp:48] req_id = 1920007, end_time = 1682007989148106
I0420 16:26:29.150838 Main        (2106737) /home/lgw/Lumine-benchmarks/Experiments/09/src/1_end/end.cpp:48] req_id = 780007, end_time = 1682007989150832
I0420 16:26:29.151956 Main        (2106737) /home/lgw/Lumine-benchmarks/Experiments/09/src/1_end/end.cpp:48] req_id = 1020007, end_time = 1682007989151950
I0420 16:26:29.152773 Main        (2106737) /home/lgw/Lumine-benchmarks/Experiments/09/src/1_end/end.cpp:48] req_id = 420007, end_time = 1682007989152767
I0420 16:26:29.156138 Main        (2106737) /home/lgw/Lumine-benchmarks/Experiments/09/src/1_end/end.cpp:48] req_id = 3000007, end_time = 1682007989156132
I0420 16:26:29.166932 Main        (2106737) /home/lgw/Lumine-benchmarks/Experiments/09/src/1_end/end.cpp:48] req_id = 960007, end_time = 1682007989166926
I0420 16:26:29.171934 Main        (2106737) /home/lgw/Lumine-benchmarks/Experiments/09/src/1_end/end.cpp:48] req_id = 420008, end_time = 1682007989171928
I0420 16:26:29.173863 Main        (2106737) /home/lgw/Lumine-benchmarks/Experiments/09/src/1_end/end.cpp:48] req_id = 2280008, end_time = 1682007989173858
I0420 16:26:29.179867 Main        (2106737) /home/lgw/Lumine-benchmarks/Experiments/09/src/1_end/end.cpp:48] req_id = 2760007, end_time = 1682007989179861
I0420 16:26:29.181793 Main        (2106737) /home/lgw/Lumine-benchmarks/Experiments/09/src/1_end/end.cpp:48] req_id = 780008, end_time = 1682007989181787
I0420 16:26:29.182680 Main        (2106737) /home/lgw/Lumine-benchmarks/Experiments/09/src/1_end/end.cpp:48] req_id = 2820007, end_time = 1682007989182675
I0420 16:26:29.188030 Main        (2106737) /home/lgw/Lumine-benchmarks/Experiments/09/src/1_end/end.cpp:48] req_id = 240008, end_time = 1682007989188024
I0420 16:26:29.195364 Main        (2106737) /home/lgw/Lumine-benchmarks/Experiments/09/src/1_end/end.cpp:48] req_id = 900008, end_time = 1682007989195358
I0420 16:26:29.195780 Main        (2106737) /home/lgw/Lumine-benchmarks/Experiments/09/src/1_end/end.cpp:48] req_id = 2280007, end_time = 1682007989195776
I0420 16:26:29.198284 Main        (2106737) /home/lgw/Lumine-benchmarks/Experiments/09/src/1_end/end.cpp:48] req_id = 960008, end_time = 1682007989198278
I0420 16:26:29.198780 Main        (2106737) /home/lgw/Lumine-benchmarks/Experiments/09/src/1_end/end.cpp:48] req_id = 1140007, end_time = 1682007989198775
I0420 16:26:29.201009 Main        (2106737) /home/lgw/Lumine-benchmarks/Experiments/09/src/1_end/end.cpp:48] req_id = 1080007, end_time = 1682007989201003
I0420 16:26:29.203128 Main        (2106737) /home/lgw/Lumine-benchmarks/Experiments/09/src/1_end/end.cpp:48] req_id = 120008, end_time = 1682007989203123
I0420 16:26:29.210095 Main        (2106737) /home/lgw/Lumine-benchmarks/Experiments/09/src/1_end/end.cpp:48] req_id = 600008, end_time = 1682007989210089
I0420 16:26:29.210625 Main        (2106737) /home/lgw/Lumine-benchmarks/Experiments/09/src/1_end/end.cpp:48] req_id = 2220007, end_time = 1682007989210619
I0420 16:26:29.212845 Main        (2106737) /home/lgw/Lumine-benchmarks/Experiments/09/src/1_end/end.cpp:48] req_id = 1680007, end_time = 1682007989212838
I0420 16:26:29.215610 Main        (2106737) /home/lgw/Lumine-benchmarks/Experiments/09/src/1_end/end.cpp:48] req_id = 480008, end_time = 1682007989215604
I0420 16:26:29.217294 Main        (2106737) /home/lgw/Lumine-benchmarks/Experiments/09/src/1_end/end.cpp:48] req_id = 1860007, end_time = 1682007989217288
I0420 16:26:29.218605 Main        (2106737) /home/lgw/Lumine-benchmarks/Experiments/09/src/1_end/end.cpp:48] req_id = 2160007, end_time = 1682007989218598
I0420 16:26:29.227082 Main        (2106737) /home/lgw/Lumine-benchmarks/Experiments/09/src/1_end/end.cpp:48] req_id = 720008, end_time = 1682007989227075
I0420 16:26:29.227412 Main        (2106737) /home/lgw/Lumine-benchmarks/Experiments/09/src/1_end/end.cpp:48] req_id = 1380008, end_time = 1682007989227409
I0420 16:26:29.306232 Main        (2106737) /home/lgw/Lumine-benchmarks/Experiments/09/src/1_end/end.cpp:48] req_id = 540007, end_time = 1682007989306216
I0420 16:26:29.307127 Main        (2106737) /home/lgw/Lumine-benchmarks/Experiments/09/src/1_end/end.cpp:48] req_id = 1560008, end_time = 1682007989307121
I0420 16:26:29.307936 Main        (2106737) /home/lgw/Lumine-benchmarks/Experiments/09/src/1_end/end.cpp:48] req_id = 2520008, end_time = 1682007989307930
I0420 16:26:29.310086 Main        (2106737) /home/lgw/Lumine-benchmarks/Experiments/09/src/1_end/end.cpp:48] req_id = 2520007, end_time = 1682007989310079
I0420 16:26:29.311475 Main        (2106737) /home/lgw/Lumine-benchmarks/Experiments/09/src/1_end/end.cpp:48] req_id = 1680008, end_time = 1682007989311468
