I0420 14:09:25.900089 Main        (1520116) /home/lgw/Lumine-benchmarks/Lumine/lib/base/thread.cpp:96] Register main thread: tid=1520116
I0420 14:09:25.903855 Main        (1520116) /home/lgw/Lumine-benchmarks/Lumine/lib/common/config.cpp:332] Load configuration for function exp09Start[1]
I0420 14:09:25.904138 Main        (1520116) /home/lgw/Lumine-benchmarks/Lumine/lib/common/config.cpp:332] Load configuration for function exp09End[2]
I0420 14:09:25.904257 Main        (1520116) /home/lgw/Lumine-benchmarks/Lumine/lib/common/config.cpp:332] Load configuration for function exp09Register[3]
I0420 14:09:25.904327 Main        (1520116) /home/lgw/Lumine-benchmarks/Lumine/lib/common/config.cpp:332] Load configuration for function exp09StartFinra[4]
I0420 14:09:25.904654 Main        (1520116) /home/lgw/Lumine-benchmarks/Lumine/src/host/worker/cpp/func_worker.cpp:107] My client_id is 2
I0420 14:09:25.904829 Main        (1520116) /home/lgw/Lumine-benchmarks/Lumine/src/host/worker/cpp/func_worker.cpp:173] Use extra pipes for messages
I0420 14:09:25.905514 Main        (1520116) /home/lgw/Lumine-benchmarks/Lumine/src/host/worker/cpp/func_worker.cpp:195] Handshake done
I0420 14:09:44.865340 Main        (1520116) /home/lgw/Lumine-benchmarks/Experiments/09/src/1_end/end.cpp:48] req_id = 60002, end_time = 1681999784865329
I0420 14:09:45.356498 Main        (1520116) /home/lgw/Lumine-benchmarks/Experiments/09/src/1_end/end.cpp:48] req_id = 60003, end_time = 1681999785356492
I0420 14:09:45.856922 Main        (1520116) /home/lgw/Lumine-benchmarks/Experiments/09/src/1_end/end.cpp:48] req_id = 60004, end_time = 1681999785856917
I0420 14:09:46.356932 Main        (1520116) /home/lgw/Lumine-benchmarks/Experiments/09/src/1_end/end.cpp:48] req_id = 60005, end_time = 1681999786356927
I0420 14:09:46.855515 Main        (1520116) /home/lgw/Lumine-benchmarks/Experiments/09/src/1_end/end.cpp:48] req_id = 60006, end_time = 1681999786855511
I0420 14:09:47.356665 Main        (1520116) /home/lgw/Lumine-benchmarks/Experiments/09/src/1_end/end.cpp:48] req_id = 60007, end_time = 1681999787356661
I0420 14:09:47.856604 Main        (1520116) /home/lgw/Lumine-benchmarks/Experiments/09/src/1_end/end.cpp:48] req_id = 60008, end_time = 1681999787856599
I0420 14:09:48.355723 Main        (1520116) /home/lgw/Lumine-benchmarks/Experiments/09/src/1_end/end.cpp:48] req_id = 60009, end_time = 1681999788355719
I0420 14:09:48.856130 Main        (1520116) /home/lgw/Lumine-benchmarks/Experiments/09/src/1_end/end.cpp:48] req_id = 60010, end_time = 1681999788856124
I0420 14:09:49.356508 Main        (1520116) /home/lgw/Lumine-benchmarks/Experiments/09/src/1_end/end.cpp:48] req_id = 60011, end_time = 1681999789356502
I0420 14:09:49.855492 Main        (1520116) /home/lgw/Lumine-benchmarks/Experiments/09/src/1_end/end.cpp:48] req_id = 60012, end_time = 1681999789855488
I0420 14:09:50.355967 Main        (1520116) /home/lgw/Lumine-benchmarks/Experiments/09/src/1_end/end.cpp:48] req_id = 60013, end_time = 1681999790355962
I0420 14:09:50.855532 Main        (1520116) /home/lgw/Lumine-benchmarks/Experiments/09/src/1_end/end.cpp:48] req_id = 60014, end_time = 1681999790855528
I0420 14:09:51.405221 Main        (1520116) /home/lgw/Lumine-benchmarks/Experiments/09/src/1_end/end.cpp:48] req_id = 60015, end_time = 1681999791405217
I0420 14:09:51.856340 Main        (1520116) /home/lgw/Lumine-benchmarks/Experiments/09/src/1_end/end.cpp:48] req_id = 60016, end_time = 1681999791856336
I0420 14:09:52.355936 Main        (1520116) /home/lgw/Lumine-benchmarks/Experiments/09/src/1_end/end.cpp:48] req_id = 60017, end_time = 1681999792355931
I0420 14:09:52.856388 Main        (1520116) /home/lgw/Lumine-benchmarks/Experiments/09/src/1_end/end.cpp:48] req_id = 60018, end_time = 1681999792856384
I0420 14:09:53.355580 Main        (1520116) /home/lgw/Lumine-benchmarks/Experiments/09/src/1_end/end.cpp:48] req_id = 60019, end_time = 1681999793355575
I0420 14:09:53.856400 Main        (1520116) /home/lgw/Lumine-benchmarks/Experiments/09/src/1_end/end.cpp:48] req_id = 60020, end_time = 1681999793856395
I0420 14:09:54.356511 Main        (1520116) /home/lgw/Lumine-benchmarks/Experiments/09/src/1_end/end.cpp:48] req_id = 60021, end_time = 1681999794356506
I0420 14:09:54.857190 Main        (1520116) /home/lgw/Lumine-benchmarks/Experiments/09/src/1_end/end.cpp:48] req_id = 60022, end_time = 1681999794857185
I0420 14:09:55.356390 Main        (1520116) /home/lgw/Lumine-benchmarks/Experiments/09/src/1_end/end.cpp:48] req_id = 60023, end_time = 1681999795356385
I0420 14:09:55.857731 Main        (1520116) /home/lgw/Lumine-benchmarks/Experiments/09/src/1_end/end.cpp:48] req_id = 60024, end_time = 1681999795857726
I0420 14:09:56.357336 Main        (1520116) /home/lgw/Lumine-benchmarks/Experiments/09/src/1_end/end.cpp:48] req_id = 60025, end_time = 1681999796357332
I0420 14:09:56.856399 Main        (1520116) /home/lgw/Lumine-benchmarks/Experiments/09/src/1_end/end.cpp:48] req_id = 60026, end_time = 1681999796856395
I0420 14:09:57.356025 Main        (1520116) /home/lgw/Lumine-benchmarks/Experiments/09/src/1_end/end.cpp:48] req_id = 60027, end_time = 1681999797356020
I0420 14:09:57.855996 Main        (1520116) /home/lgw/Lumine-benchmarks/Experiments/09/src/1_end/end.cpp:48] req_id = 60028, end_time = 1681999797855991
I0420 14:09:58.356532 Main        (1520116) /home/lgw/Lumine-benchmarks/Experiments/09/src/1_end/end.cpp:48] req_id = 60029, end_time = 1681999798356528
I0420 14:09:58.856118 Main        (1520116) /home/lgw/Lumine-benchmarks/Experiments/09/src/1_end/end.cpp:48] req_id = 60030, end_time = 1681999798856113
I0420 14:09:59.356022 Main        (1520116) /home/lgw/Lumine-benchmarks/Experiments/09/src/1_end/end.cpp:48] req_id = 60031, end_time = 1681999799356017
I0420 14:09:59.856458 Main        (1520116) /home/lgw/Lumine-benchmarks/Experiments/09/src/1_end/end.cpp:48] req_id = 60032, end_time = 1681999799856453
I0420 14:10:00.356764 Main        (1520116) /home/lgw/Lumine-benchmarks/Experiments/09/src/1_end/end.cpp:48] req_id = 60033, end_time = 1681999800356759
I0420 14:10:00.856653 Main        (1520116) /home/lgw/Lumine-benchmarks/Experiments/09/src/1_end/end.cpp:48] req_id = 60034, end_time = 1681999800856648
I0420 14:10:01.356586 Main        (1520116) /home/lgw/Lumine-benchmarks/Experiments/09/src/1_end/end.cpp:48] req_id = 60035, end_time = 1681999801356582
I0420 14:10:01.857503 Main        (1520116) /home/lgw/Lumine-benchmarks/Experiments/09/src/1_end/end.cpp:48] req_id = 60036, end_time = 1681999801857498
I0420 14:10:02.356570 Main        (1520116) /home/lgw/Lumine-benchmarks/Experiments/09/src/1_end/end.cpp:48] req_id = 60037, end_time = 1681999802356565
I0420 14:10:02.856539 Main        (1520116) /home/lgw/Lumine-benchmarks/Experiments/09/src/1_end/end.cpp:48] req_id = 60038, end_time = 1681999802856534
I0420 14:10:03.356492 Main        (1520116) /home/lgw/Lumine-benchmarks/Experiments/09/src/1_end/end.cpp:48] req_id = 60039, end_time = 1681999803356488
I0420 14:10:03.857052 Main        (1520116) /home/lgw/Lumine-benchmarks/Experiments/09/src/1_end/end.cpp:48] req_id = 60040, end_time = 1681999803857047
I0420 14:10:04.356915 Main        (1520116) /home/lgw/Lumine-benchmarks/Experiments/09/src/1_end/end.cpp:48] req_id = 60041, end_time = 1681999804356910
I0420 14:10:04.856377 Main        (1520116) /home/lgw/Lumine-benchmarks/Experiments/09/src/1_end/end.cpp:48] req_id = 60042, end_time = 1681999804856372
I0420 14:10:05.356316 Main        (1520116) /home/lgw/Lumine-benchmarks/Experiments/09/src/1_end/end.cpp:48] req_id = 60043, end_time = 1681999805356311
I0420 14:10:05.856489 Main        (1520116) /home/lgw/Lumine-benchmarks/Experiments/09/src/1_end/end.cpp:48] req_id = 60044, end_time = 1681999805856484
I0420 14:10:06.357355 Main        (1520116) /home/lgw/Lumine-benchmarks/Experiments/09/src/1_end/end.cpp:48] req_id = 60045, end_time = 1681999806357351
I0420 14:10:06.856493 Main        (1520116) /home/lgw/Lumine-benchmarks/Experiments/09/src/1_end/end.cpp:48] req_id = 60046, end_time = 1681999806856488
I0420 14:10:07.356568 Main        (1520116) /home/lgw/Lumine-benchmarks/Experiments/09/src/1_end/end.cpp:48] req_id = 60047, end_time = 1681999807356563
I0420 14:10:07.857237 Main        (1520116) /home/lgw/Lumine-benchmarks/Experiments/09/src/1_end/end.cpp:48] req_id = 60048, end_time = 1681999807857232
I0420 14:10:08.355705 Main        (1520116) /home/lgw/Lumine-benchmarks/Experiments/09/src/1_end/end.cpp:48] req_id = 60049, end_time = 1681999808355701
I0420 14:10:08.856287 Main        (1520116) /home/lgw/Lumine-benchmarks/Experiments/09/src/1_end/end.cpp:48] req_id = 60050, end_time = 1681999808856282
I0420 14:10:09.357231 Main        (1520116) /home/lgw/Lumine-benchmarks/Experiments/09/src/1_end/end.cpp:48] req_id = 60051, end_time = 1681999809357226
I0420 14:10:09.856536 Main        (1520116) /home/lgw/Lumine-benchmarks/Experiments/09/src/1_end/end.cpp:48] req_id = 60052, end_time = 1681999809856531
I0420 14:10:10.356966 Main        (1520116) /home/lgw/Lumine-benchmarks/Experiments/09/src/1_end/end.cpp:48] req_id = 60053, end_time = 1681999810356961
I0420 14:10:10.856043 Main        (1520116) /home/lgw/Lumine-benchmarks/Experiments/09/src/1_end/end.cpp:48] req_id = 60054, end_time = 1681999810856038
I0420 14:10:11.356513 Main        (1520116) /home/lgw/Lumine-benchmarks/Experiments/09/src/1_end/end.cpp:48] req_id = 60055, end_time = 1681999811356509
I0420 14:10:11.857479 Main        (1520116) /home/lgw/Lumine-benchmarks/Experiments/09/src/1_end/end.cpp:48] req_id = 60056, end_time = 1681999811857475
I0420 14:10:12.357318 Main        (1520116) /home/lgw/Lumine-benchmarks/Experiments/09/src/1_end/end.cpp:48] req_id = 60057, end_time = 1681999812357313
I0420 14:10:12.856124 Main        (1520116) /home/lgw/Lumine-benchmarks/Experiments/09/src/1_end/end.cpp:48] req_id = 60058, end_time = 1681999812856119
I0420 14:10:13.356770 Main        (1520116) /home/lgw/Lumine-benchmarks/Experiments/09/src/1_end/end.cpp:48] req_id = 60059, end_time = 1681999813356765
I0420 14:10:13.856825 Main        (1520116) /home/lgw/Lumine-benchmarks/Experiments/09/src/1_end/end.cpp:48] req_id = 60060, end_time = 1681999813856820
I0420 14:10:14.356810 Main        (1520116) /home/lgw/Lumine-benchmarks/Experiments/09/src/1_end/end.cpp:48] req_id = 60061, end_time = 1681999814356805
I0420 14:10:14.856934 Main        (1520116) /home/lgw/Lumine-benchmarks/Experiments/09/src/1_end/end.cpp:48] req_id = 60062, end_time = 1681999814856929
I0420 14:10:15.357082 Main        (1520116) /home/lgw/Lumine-benchmarks/Experiments/09/src/1_end/end.cpp:48] req_id = 60063, end_time = 1681999815357077
I0420 14:10:15.856122 Main        (1520116) /home/lgw/Lumine-benchmarks/Experiments/09/src/1_end/end.cpp:48] req_id = 60064, end_time = 1681999815856117
I0420 14:10:16.357477 Main        (1520116) /home/lgw/Lumine-benchmarks/Experiments/09/src/1_end/end.cpp:48] req_id = 60065, end_time = 1681999816357472
I0420 14:10:16.856583 Main        (1520116) /home/lgw/Lumine-benchmarks/Experiments/09/src/1_end/end.cpp:48] req_id = 60066, end_time = 1681999816856578
I0420 14:10:17.360445 Main        (1520116) /home/lgw/Lumine-benchmarks/Experiments/09/src/1_end/end.cpp:48] req_id = 60067, end_time = 1681999817360440
I0420 14:10:17.856701 Main        (1520116) /home/lgw/Lumine-benchmarks/Experiments/09/src/1_end/end.cpp:48] req_id = 60068, end_time = 1681999817856696
I0420 14:10:18.355782 Main        (1520116) /home/lgw/Lumine-benchmarks/Experiments/09/src/1_end/end.cpp:48] req_id = 60069, end_time = 1681999818355776
I0420 14:10:18.856533 Main        (1520116) /home/lgw/Lumine-benchmarks/Experiments/09/src/1_end/end.cpp:48] req_id = 60070, end_time = 1681999818856526
I0420 14:10:19.354839 Main        (1520116) /home/lgw/Lumine-benchmarks/Experiments/09/src/1_end/end.cpp:48] req_id = 60071, end_time = 1681999819354832
I0420 14:10:19.856146 Main        (1520116) /home/lgw/Lumine-benchmarks/Experiments/09/src/1_end/end.cpp:48] req_id = 60072, end_time = 1681999819856140
I0420 14:10:20.355238 Main        (1520116) /home/lgw/Lumine-benchmarks/Experiments/09/src/1_end/end.cpp:48] req_id = 60073, end_time = 1681999820355233
I0420 14:10:20.854956 Main        (1520116) /home/lgw/Lumine-benchmarks/Experiments/09/src/1_end/end.cpp:48] req_id = 60074, end_time = 1681999820854950
I0420 14:10:21.355603 Main        (1520116) /home/lgw/Lumine-benchmarks/Experiments/09/src/1_end/end.cpp:48] req_id = 60075, end_time = 1681999821355597
I0420 14:10:21.857520 Main        (1520116) /home/lgw/Lumine-benchmarks/Experiments/09/src/1_end/end.cpp:48] req_id = 60076, end_time = 1681999821857514
I0420 14:10:22.355462 Main        (1520116) /home/lgw/Lumine-benchmarks/Experiments/09/src/1_end/end.cpp:48] req_id = 60077, end_time = 1681999822355456
I0420 14:10:22.856021 Main        (1520116) /home/lgw/Lumine-benchmarks/Experiments/09/src/1_end/end.cpp:48] req_id = 60078, end_time = 1681999822856015
I0420 14:10:23.355593 Main        (1520116) /home/lgw/Lumine-benchmarks/Experiments/09/src/1_end/end.cpp:48] req_id = 60079, end_time = 1681999823355586
I0420 14:10:23.921426 Main        (1520116) /home/lgw/Lumine-benchmarks/Experiments/09/src/1_end/end.cpp:48] req_id = 60080, end_time = 1681999823921420
I0420 14:10:24.357353 Main        (1520116) /home/lgw/Lumine-benchmarks/Experiments/09/src/1_end/end.cpp:48] req_id = 60081, end_time = 1681999824357346
I0420 14:10:24.855538 Main        (1520116) /home/lgw/Lumine-benchmarks/Experiments/09/src/1_end/end.cpp:48] req_id = 60082, end_time = 1681999824855532
I0420 14:10:25.355687 Main        (1520116) /home/lgw/Lumine-benchmarks/Experiments/09/src/1_end/end.cpp:48] req_id = 60083, end_time = 1681999825355681
I0420 14:10:25.856269 Main        (1520116) /home/lgw/Lumine-benchmarks/Experiments/09/src/1_end/end.cpp:48] req_id = 60084, end_time = 1681999825856263
I0420 14:10:26.355855 Main        (1520116) /home/lgw/Lumine-benchmarks/Experiments/09/src/1_end/end.cpp:48] req_id = 60085, end_time = 1681999826355849
I0420 14:10:26.856031 Main        (1520116) /home/lgw/Lumine-benchmarks/Experiments/09/src/1_end/end.cpp:48] req_id = 60086, end_time = 1681999826856025
I0420 14:10:27.356059 Main        (1520116) /home/lgw/Lumine-benchmarks/Experiments/09/src/1_end/end.cpp:48] req_id = 60087, end_time = 1681999827356052
I0420 14:10:27.856629 Main        (1520116) /home/lgw/Lumine-benchmarks/Experiments/09/src/1_end/end.cpp:48] req_id = 60088, end_time = 1681999827856623
I0420 14:10:28.355778 Main        (1520116) /home/lgw/Lumine-benchmarks/Experiments/09/src/1_end/end.cpp:48] req_id = 60089, end_time = 1681999828355773
I0420 14:10:28.855433 Main        (1520116) /home/lgw/Lumine-benchmarks/Experiments/09/src/1_end/end.cpp:48] req_id = 60090, end_time = 1681999828855429
I0420 14:10:29.355897 Main        (1520116) /home/lgw/Lumine-benchmarks/Experiments/09/src/1_end/end.cpp:48] req_id = 60091, end_time = 1681999829355892
I0420 14:10:29.856048 Main        (1520116) /home/lgw/Lumine-benchmarks/Experiments/09/src/1_end/end.cpp:48] req_id = 60092, end_time = 1681999829856044
I0420 14:10:30.355728 Main        (1520116) /home/lgw/Lumine-benchmarks/Experiments/09/src/1_end/end.cpp:48] req_id = 60093, end_time = 1681999830355723
I0420 14:10:30.855527 Main        (1520116) /home/lgw/Lumine-benchmarks/Experiments/09/src/1_end/end.cpp:48] req_id = 60094, end_time = 1681999830855523
I0420 14:10:31.358645 Main        (1520116) /home/lgw/Lumine-benchmarks/Experiments/09/src/1_end/end.cpp:48] req_id = 60095, end_time = 1681999831358640
I0420 14:10:31.856260 Main        (1520116) /home/lgw/Lumine-benchmarks/Experiments/09/src/1_end/end.cpp:48] req_id = 60096, end_time = 1681999831856256
I0420 14:10:32.355263 Main        (1520116) /home/lgw/Lumine-benchmarks/Experiments/09/src/1_end/end.cpp:48] req_id = 60097, end_time = 1681999832355259
I0420 14:10:32.855278 Main        (1520116) /home/lgw/Lumine-benchmarks/Experiments/09/src/1_end/end.cpp:48] req_id = 60098, end_time = 1681999832855273
I0420 14:10:33.355928 Main        (1520116) /home/lgw/Lumine-benchmarks/Experiments/09/src/1_end/end.cpp:48] req_id = 60099, end_time = 1681999833355919
I0420 14:10:33.856183 Main        (1520116) /home/lgw/Lumine-benchmarks/Experiments/09/src/1_end/end.cpp:48] req_id = 60100, end_time = 1681999833856178
I0420 14:10:34.356160 Main        (1520116) /home/lgw/Lumine-benchmarks/Experiments/09/src/1_end/end.cpp:48] req_id = 60101, end_time = 1681999834356155
I0420 14:10:34.856259 Main        (1520116) /home/lgw/Lumine-benchmarks/Experiments/09/src/1_end/end.cpp:48] req_id = 60102, end_time = 1681999834856255
I0420 14:10:35.355072 Main        (1520116) /home/lgw/Lumine-benchmarks/Experiments/09/src/1_end/end.cpp:48] req_id = 60103, end_time = 1681999835355067
I0420 14:10:35.855408 Main        (1520116) /home/lgw/Lumine-benchmarks/Experiments/09/src/1_end/end.cpp:48] req_id = 60104, end_time = 1681999835855403
I0420 14:10:36.355308 Main        (1520116) /home/lgw/Lumine-benchmarks/Experiments/09/src/1_end/end.cpp:48] req_id = 60105, end_time = 1681999836355304
I0420 14:10:36.855190 Main        (1520116) /home/lgw/Lumine-benchmarks/Experiments/09/src/1_end/end.cpp:48] req_id = 60106, end_time = 1681999836855185
I0420 14:10:37.355752 Main        (1520116) /home/lgw/Lumine-benchmarks/Experiments/09/src/1_end/end.cpp:48] req_id = 60107, end_time = 1681999837355747
I0420 14:10:37.855770 Main        (1520116) /home/lgw/Lumine-benchmarks/Experiments/09/src/1_end/end.cpp:48] req_id = 60108, end_time = 1681999837855766
I0420 14:10:38.355391 Main        (1520116) /home/lgw/Lumine-benchmarks/Experiments/09/src/1_end/end.cpp:48] req_id = 60109, end_time = 1681999838355387
I0420 14:10:38.855351 Main        (1520116) /home/lgw/Lumine-benchmarks/Experiments/09/src/1_end/end.cpp:48] req_id = 60110, end_time = 1681999838855346
I0420 14:10:39.355557 Main        (1520116) /home/lgw/Lumine-benchmarks/Experiments/09/src/1_end/end.cpp:48] req_id = 60111, end_time = 1681999839355553
I0420 14:10:39.855813 Main        (1520116) /home/lgw/Lumine-benchmarks/Experiments/09/src/1_end/end.cpp:48] req_id = 60112, end_time = 1681999839855808
I0420 14:10:40.355545 Main        (1520116) /home/lgw/Lumine-benchmarks/Experiments/09/src/1_end/end.cpp:48] req_id = 60113, end_time = 1681999840355540
I0420 14:10:40.855591 Main        (1520116) /home/lgw/Lumine-benchmarks/Experiments/09/src/1_end/end.cpp:48] req_id = 60114, end_time = 1681999840855587
I0420 14:10:41.356238 Main        (1520116) /home/lgw/Lumine-benchmarks/Experiments/09/src/1_end/end.cpp:48] req_id = 60115, end_time = 1681999841356234
I0420 14:10:41.857288 Main        (1520116) /home/lgw/Lumine-benchmarks/Experiments/09/src/1_end/end.cpp:48] req_id = 60116, end_time = 1681999841857283
I0420 14:10:42.355847 Main        (1520116) /home/lgw/Lumine-benchmarks/Experiments/09/src/1_end/end.cpp:48] req_id = 60117, end_time = 1681999842355842
I0420 14:10:42.856157 Main        (1520116) /home/lgw/Lumine-benchmarks/Experiments/09/src/1_end/end.cpp:48] req_id = 60118, end_time = 1681999842856153
I0420 14:10:43.355961 Main        (1520116) /home/lgw/Lumine-benchmarks/Experiments/09/src/1_end/end.cpp:48] req_id = 60119, end_time = 1681999843355956
I0420 14:10:43.856349 Main        (1520116) /home/lgw/Lumine-benchmarks/Experiments/09/src/1_end/end.cpp:48] req_id = 60120, end_time = 1681999843856344
I0420 14:10:44.355979 Main        (1520116) /home/lgw/Lumine-benchmarks/Experiments/09/src/1_end/end.cpp:48] req_id = 60121, end_time = 1681999844355974
I0420 14:10:44.855426 Main        (1520116) /home/lgw/Lumine-benchmarks/Experiments/09/src/1_end/end.cpp:48] req_id = 60122, end_time = 1681999844855422
