I0420 15:58:13.721273 Main        (1913918) /home/lgw/Lumine-benchmarks/Lumine/lib/base/thread.cpp:96] Register main thread: tid=1913918
I0420 15:58:13.723159 Main        (1913918) /home/lgw/Lumine-benchmarks/Lumine/lib/common/config.cpp:332] Load configuration for function exp09Start[1]
I0420 15:58:13.723312 Main        (1913918) /home/lgw/Lumine-benchmarks/Lumine/lib/common/config.cpp:332] Load configuration for function exp09End[2]
I0420 15:58:13.723376 Main        (1913918) /home/lgw/Lumine-benchmarks/Lumine/lib/common/config.cpp:332] Load configuration for function exp09Register[3]
I0420 15:58:13.723413 Main        (1913918) /home/lgw/Lumine-benchmarks/Lumine/lib/common/config.cpp:332] Load configuration for function exp09StartFinra[4]
I0420 15:58:13.723586 Main        (1913918) /home/lgw/Lumine-benchmarks/Lumine/src/host/worker/cpp/func_worker.cpp:107] My client_id is 14
I0420 15:58:13.723676 Main        (1913918) /home/lgw/Lumine-benchmarks/Lumine/src/host/worker/cpp/func_worker.cpp:173] Use extra pipes for messages
I0420 15:58:13.724107 Main        (1913918) /home/lgw/Lumine-benchmarks/Lumine/src/host/worker/cpp/func_worker.cpp:195] Handshake done
I0420 15:58:24.924030 Main        (1913918) /home/lgw/Lumine-benchmarks/Experiments/09/src/1_end/end.cpp:48] req_id = 1740001, end_time = 1682006304924018
I0420 15:58:29.050098 Main        (1913918) /home/lgw/Lumine-benchmarks/Experiments/09/src/1_end/end.cpp:48] req_id = 2760006, end_time = 1682006309050087
I0420 15:58:29.050788 Main        (1913918) /home/lgw/Lumine-benchmarks/Experiments/09/src/1_end/end.cpp:48] req_id = 2040005, end_time = 1682006309050782
I0420 15:58:29.051620 Main        (1913918) /home/lgw/Lumine-benchmarks/Experiments/09/src/1_end/end.cpp:48] req_id = 1260005, end_time = 1682006309051614
I0420 15:58:29.052559 Main        (1913918) /home/lgw/Lumine-benchmarks/Experiments/09/src/1_end/end.cpp:48] req_id = 1380006, end_time = 1682006309052553
I0420 15:58:29.053073 Main        (1913918) /home/lgw/Lumine-benchmarks/Experiments/09/src/1_end/end.cpp:48] req_id = 2820006, end_time = 1682006309053067
I0420 15:58:29.053589 Main        (1913918) /home/lgw/Lumine-benchmarks/Experiments/09/src/1_end/end.cpp:48] req_id = 2940006, end_time = 1682006309053583
I0420 15:58:29.053853 Main        (1913918) /home/lgw/Lumine-benchmarks/Experiments/09/src/1_end/end.cpp:48] req_id = 2460005, end_time = 1682006309053850
I0420 15:58:30.778128 Main        (1913918) /home/lgw/Lumine-benchmarks/Experiments/09/src/1_end/end.cpp:48] req_id = 120007, end_time = 1682006310778119
I0420 15:58:30.780288 Main        (1913918) /home/lgw/Lumine-benchmarks/Experiments/09/src/1_end/end.cpp:48] req_id = 180007, end_time = 1682006310780283
I0420 15:58:30.786767 Main        (1913918) /home/lgw/Lumine-benchmarks/Experiments/09/src/1_end/end.cpp:48] req_id = 120008, end_time = 1682006310786761
I0420 15:58:30.787899 Main        (1913918) /home/lgw/Lumine-benchmarks/Experiments/09/src/1_end/end.cpp:48] req_id = 300007, end_time = 1682006310787895
I0420 15:58:30.796132 Main        (1913918) /home/lgw/Lumine-benchmarks/Experiments/09/src/1_end/end.cpp:48] req_id = 420007, end_time = 1682006310796126
I0420 15:58:30.907751 Main        (1913918) /home/lgw/Lumine-benchmarks/Experiments/09/src/1_end/end.cpp:48] req_id = 2040007, end_time = 1682006310907745
I0420 15:58:30.908198 Main        (1913918) /home/lgw/Lumine-benchmarks/Experiments/09/src/1_end/end.cpp:48] req_id = 2760007, end_time = 1682006310908192
I0420 15:58:30.909709 Main        (1913918) /home/lgw/Lumine-benchmarks/Experiments/09/src/1_end/end.cpp:48] req_id = 1380008, end_time = 1682006310909703
I0420 15:58:30.927788 Main        (1913918) /home/lgw/Lumine-benchmarks/Experiments/09/src/1_end/end.cpp:48] req_id = 1860007, end_time = 1682006310927782
I0420 15:58:30.928719 Main        (1913918) /home/lgw/Lumine-benchmarks/Experiments/09/src/1_end/end.cpp:48] req_id = 1020007, end_time = 1682006310928713
I0420 15:58:30.954574 Main        (1913918) /home/lgw/Lumine-benchmarks/Experiments/09/src/1_end/end.cpp:48] req_id = 2700008, end_time = 1682006310954568
I0420 15:58:30.955195 Main        (1913918) /home/lgw/Lumine-benchmarks/Experiments/09/src/1_end/end.cpp:48] req_id = 2220007, end_time = 1682006310955189
I0420 15:58:30.956394 Main        (1913918) /home/lgw/Lumine-benchmarks/Experiments/09/src/1_end/end.cpp:48] req_id = 2760008, end_time = 1682006310956388
I0420 15:58:30.957156 Main        (1913918) /home/lgw/Lumine-benchmarks/Experiments/09/src/1_end/end.cpp:48] req_id = 1980008, end_time = 1682006310957150
I0420 15:58:30.959627 Main        (1913918) /home/lgw/Lumine-benchmarks/Experiments/09/src/1_end/end.cpp:48] req_id = 2820008, end_time = 1682006310959621
I0420 15:58:30.960008 Main        (1913918) /home/lgw/Lumine-benchmarks/Experiments/09/src/1_end/end.cpp:48] req_id = 2400007, end_time = 1682006310960005
I0420 15:58:30.960616 Main        (1913918) /home/lgw/Lumine-benchmarks/Experiments/09/src/1_end/end.cpp:48] req_id = 2160007, end_time = 1682006310960610
I0420 15:58:30.962229 Main        (1913918) /home/lgw/Lumine-benchmarks/Experiments/09/src/1_end/end.cpp:48] req_id = 2940008, end_time = 1682006310962223
I0420 15:58:32.921299 Main        (1913918) /home/lgw/Lumine-benchmarks/Experiments/09/src/1_end/end.cpp:48] req_id = 1680010, end_time = 1682006312921294
I0420 15:58:32.925163 Main        (1913918) /home/lgw/Lumine-benchmarks/Experiments/09/src/1_end/end.cpp:48] req_id = 1740010, end_time = 1682006312925157
I0420 15:58:32.925530 Main        (1913918) /home/lgw/Lumine-benchmarks/Experiments/09/src/1_end/end.cpp:48] req_id = 1020009, end_time = 1682006312925527
I0420 15:58:32.927280 Main        (1913918) /home/lgw/Lumine-benchmarks/Experiments/09/src/1_end/end.cpp:48] req_id = 1980010, end_time = 1682006312927274
I0420 15:58:32.929663 Main        (1913918) /home/lgw/Lumine-benchmarks/Experiments/09/src/1_end/end.cpp:48] req_id = 2700010, end_time = 1682006312929657
I0420 15:58:32.930868 Main        (1913918) /home/lgw/Lumine-benchmarks/Experiments/09/src/1_end/end.cpp:48] req_id = 2760010, end_time = 1682006312930862
I0420 15:58:32.931631 Main        (1913918) /home/lgw/Lumine-benchmarks/Experiments/09/src/1_end/end.cpp:48] req_id = 1440010, end_time = 1682006312931625
I0420 15:58:32.932600 Main        (1913918) /home/lgw/Lumine-benchmarks/Experiments/09/src/1_end/end.cpp:48] req_id = 1620010, end_time = 1682006312932594
I0420 15:58:32.933740 Main        (1913918) /home/lgw/Lumine-benchmarks/Experiments/09/src/1_end/end.cpp:48] req_id = 1860009, end_time = 1682006312933733
I0420 15:58:32.934205 Main        (1913918) /home/lgw/Lumine-benchmarks/Experiments/09/src/1_end/end.cpp:48] req_id = 1920009, end_time = 1682006312934199
I0420 15:58:32.935406 Main        (1913918) /home/lgw/Lumine-benchmarks/Experiments/09/src/1_end/end.cpp:48] req_id = 2820010, end_time = 1682006312935400
I0420 15:58:32.936210 Main        (1913918) /home/lgw/Lumine-benchmarks/Experiments/09/src/1_end/end.cpp:48] req_id = 2580009, end_time = 1682006312936204
I0420 15:58:32.937437 Main        (1913918) /home/lgw/Lumine-benchmarks/Experiments/09/src/1_end/end.cpp:48] req_id = 2100010, end_time = 1682006312937430
I0420 15:58:32.938670 Main        (1913918) /home/lgw/Lumine-benchmarks/Experiments/09/src/1_end/end.cpp:48] req_id = 2280009, end_time = 1682006312938665
I0420 15:58:32.939648 Main        (1913918) /home/lgw/Lumine-benchmarks/Experiments/09/src/1_end/end.cpp:48] req_id = 2520010, end_time = 1682006312939643
I0420 15:58:32.940391 Main        (1913918) /home/lgw/Lumine-benchmarks/Experiments/09/src/1_end/end.cpp:48] req_id = 2160010, end_time = 1682006312940385
I0420 15:58:32.940794 Main        (1913918) /home/lgw/Lumine-benchmarks/Experiments/09/src/1_end/end.cpp:48] req_id = 2460010, end_time = 1682006312940789
I0420 15:58:32.941927 Main        (1913918) /home/lgw/Lumine-benchmarks/Experiments/09/src/1_end/end.cpp:48] req_id = 2640010, end_time = 1682006312941922
I0420 15:58:38.881708 Main        (1913918) /home/lgw/Lumine-benchmarks/Experiments/09/src/1_end/end.cpp:48] req_id = 1140015, end_time = 1682006318881701
I0420 15:58:38.902058 Main        (1913918) /home/lgw/Lumine-benchmarks/Experiments/09/src/1_end/end.cpp:48] req_id = 1860016, end_time = 1682006318902053
I0420 15:58:38.910337 Main        (1913918) /home/lgw/Lumine-benchmarks/Experiments/09/src/1_end/end.cpp:48] req_id = 1080016, end_time = 1682006318910332
I0420 15:58:38.911401 Main        (1913918) /home/lgw/Lumine-benchmarks/Experiments/09/src/1_end/end.cpp:48] req_id = 1500016, end_time = 1682006318911396
I0420 15:58:38.914420 Main        (1913918) /home/lgw/Lumine-benchmarks/Experiments/09/src/1_end/end.cpp:48] req_id = 2280016, end_time = 1682006318914416
I0420 15:58:38.916213 Main        (1913918) /home/lgw/Lumine-benchmarks/Experiments/09/src/1_end/end.cpp:48] req_id = 2340015, end_time = 1682006318916208
I0420 15:58:38.916505 Main        (1913918) /home/lgw/Lumine-benchmarks/Experiments/09/src/1_end/end.cpp:48] req_id = 540016, end_time = 1682006318916503
I0420 15:58:38.917116 Main        (1913918) /home/lgw/Lumine-benchmarks/Experiments/09/src/1_end/end.cpp:48] req_id = 2400015, end_time = 1682006318917110
I0420 15:58:38.918003 Main        (1913918) /home/lgw/Lumine-benchmarks/Experiments/09/src/1_end/end.cpp:48] req_id = 2760015, end_time = 1682006318917998
I0420 15:58:38.921471 Main        (1913918) /home/lgw/Lumine-benchmarks/Experiments/09/src/1_end/end.cpp:48] req_id = 1380016, end_time = 1682006318921467
I0420 15:58:38.923433 Main        (1913918) /home/lgw/Lumine-benchmarks/Experiments/09/src/1_end/end.cpp:48] req_id = 1560016, end_time = 1682006318923428
I0420 15:58:38.924111 Main        (1913918) /home/lgw/Lumine-benchmarks/Experiments/09/src/1_end/end.cpp:48] req_id = 1620015, end_time = 1682006318924106
I0420 15:58:38.924466 Main        (1913918) /home/lgw/Lumine-benchmarks/Experiments/09/src/1_end/end.cpp:48] req_id = 660015, end_time = 1682006318924464
I0420 15:58:38.925255 Main        (1913918) /home/lgw/Lumine-benchmarks/Experiments/09/src/1_end/end.cpp:48] req_id = 2100015, end_time = 1682006318925250
I0420 15:58:38.925778 Main        (1913918) /home/lgw/Lumine-benchmarks/Experiments/09/src/1_end/end.cpp:48] req_id = 1980015, end_time = 1682006318925772
I0420 15:58:40.963948 Main        (1913918) /home/lgw/Lumine-benchmarks/Experiments/09/src/1_end/end.cpp:48] req_id = 1620017, end_time = 1682006320963941
I0420 15:58:42.929648 Main        (1913918) /home/lgw/Lumine-benchmarks/Experiments/09/src/1_end/end.cpp:48] req_id = 1680020, end_time = 1682006322929641
I0420 15:58:42.931227 Main        (1913918) /home/lgw/Lumine-benchmarks/Experiments/09/src/1_end/end.cpp:48] req_id = 2760019, end_time = 1682006322931221
I0420 15:58:42.932601 Main        (1913918) /home/lgw/Lumine-benchmarks/Experiments/09/src/1_end/end.cpp:48] req_id = 2640019, end_time = 1682006322932595
I0420 15:58:42.932925 Main        (1913918) /home/lgw/Lumine-benchmarks/Experiments/09/src/1_end/end.cpp:48] req_id = 2220019, end_time = 1682006322932922
I0420 15:58:42.933579 Main        (1913918) /home/lgw/Lumine-benchmarks/Experiments/09/src/1_end/end.cpp:48] req_id = 1980020, end_time = 1682006322933572
I0420 15:58:42.934057 Main        (1913918) /home/lgw/Lumine-benchmarks/Experiments/09/src/1_end/end.cpp:48] req_id = 2340019, end_time = 1682006322934051
I0420 15:58:44.918091 Main        (1913918) /home/lgw/Lumine-benchmarks/Experiments/09/src/1_end/end.cpp:48] req_id = 2040022, end_time = 1682006324918078
I0420 15:58:44.918655 Main        (1913918) /home/lgw/Lumine-benchmarks/Experiments/09/src/1_end/end.cpp:48] req_id = 2100022, end_time = 1682006324918653
I0420 15:58:44.918946 Main        (1913918) /home/lgw/Lumine-benchmarks/Experiments/09/src/1_end/end.cpp:48] req_id = 2760021, end_time = 1682006324918944
I0420 15:58:44.922242 Main        (1913918) /home/lgw/Lumine-benchmarks/Experiments/09/src/1_end/end.cpp:48] req_id = 3000022, end_time = 1682006324922240
I0420 15:58:44.922646 Main        (1913918) /home/lgw/Lumine-benchmarks/Experiments/09/src/1_end/end.cpp:48] req_id = 2100021, end_time = 1682006324922644
I0420 15:58:44.922957 Main        (1913918) /home/lgw/Lumine-benchmarks/Experiments/09/src/1_end/end.cpp:48] req_id = 2340022, end_time = 1682006324922955
I0420 15:58:44.923817 Main        (1913918) /home/lgw/Lumine-benchmarks/Experiments/09/src/1_end/end.cpp:48] req_id = 1440021, end_time = 1682006324923815
I0420 15:58:46.783194 Main        (1913918) /home/lgw/Lumine-benchmarks/Experiments/09/src/1_end/end.cpp:48] req_id = 360023, end_time = 1682006326783187
I0420 15:58:46.969815 Main        (1913918) /home/lgw/Lumine-benchmarks/Experiments/09/src/1_end/end.cpp:48] req_id = 1440023, end_time = 1682006326969809
I0420 15:58:46.970476 Main        (1913918) /home/lgw/Lumine-benchmarks/Experiments/09/src/1_end/end.cpp:48] req_id = 1620024, end_time = 1682006326970471
I0420 15:58:46.971848 Main        (1913918) /home/lgw/Lumine-benchmarks/Experiments/09/src/1_end/end.cpp:48] req_id = 1800023, end_time = 1682006326971842
I0420 15:58:46.972315 Main        (1913918) /home/lgw/Lumine-benchmarks/Experiments/09/src/1_end/end.cpp:48] req_id = 2100023, end_time = 1682006326972309
I0420 15:58:46.973452 Main        (1913918) /home/lgw/Lumine-benchmarks/Experiments/09/src/1_end/end.cpp:48] req_id = 3000023, end_time = 1682006326973446
I0420 15:58:46.974148 Main        (1913918) /home/lgw/Lumine-benchmarks/Experiments/09/src/1_end/end.cpp:48] req_id = 1920023, end_time = 1682006326974142
I0420 15:58:46.989140 Main        (1913918) /home/lgw/Lumine-benchmarks/Experiments/09/src/1_end/end.cpp:48] req_id = 1800024, end_time = 1682006326989134
I0420 15:58:46.989695 Main        (1913918) /home/lgw/Lumine-benchmarks/Experiments/09/src/1_end/end.cpp:48] req_id = 2220023, end_time = 1682006326989689
I0420 15:58:47.001997 Main        (1913918) /home/lgw/Lumine-benchmarks/Experiments/09/src/1_end/end.cpp:48] req_id = 660024, end_time = 1682006327001991
I0420 15:58:47.003090 Main        (1913918) /home/lgw/Lumine-benchmarks/Experiments/09/src/1_end/end.cpp:48] req_id = 1440024, end_time = 1682006327003084
I0420 15:58:47.004581 Main        (1913918) /home/lgw/Lumine-benchmarks/Experiments/09/src/1_end/end.cpp:48] req_id = 2880023, end_time = 1682006327004575
I0420 15:58:47.005409 Main        (1913918) /home/lgw/Lumine-benchmarks/Experiments/09/src/1_end/end.cpp:48] req_id = 2460024, end_time = 1682006327005403
I0420 15:58:47.007813 Main        (1913918) /home/lgw/Lumine-benchmarks/Experiments/09/src/1_end/end.cpp:48] req_id = 2520023, end_time = 1682006327007807
I0420 15:58:47.008362 Main        (1913918) /home/lgw/Lumine-benchmarks/Experiments/09/src/1_end/end.cpp:48] req_id = 1980024, end_time = 1682006327008357
I0420 15:58:47.010684 Main        (1913918) /home/lgw/Lumine-benchmarks/Experiments/09/src/1_end/end.cpp:48] req_id = 2640023, end_time = 1682006327010679
I0420 15:58:47.011212 Main        (1913918) /home/lgw/Lumine-benchmarks/Experiments/09/src/1_end/end.cpp:48] req_id = 2880024, end_time = 1682006327011206
I0420 15:58:48.776651 Main        (1913918) /home/lgw/Lumine-benchmarks/Experiments/09/src/1_end/end.cpp:48] req_id = 60026, end_time = 1682006328776645
I0420 15:58:48.788948 Main        (1913918) /home/lgw/Lumine-benchmarks/Experiments/09/src/1_end/end.cpp:48] req_id = 480025, end_time = 1682006328788943
I0420 15:58:48.790414 Main        (1913918) /home/lgw/Lumine-benchmarks/Experiments/09/src/1_end/end.cpp:48] req_id = 660025, end_time = 1682006328790410
I0420 15:58:48.792011 Main        (1913918) /home/lgw/Lumine-benchmarks/Experiments/09/src/1_end/end.cpp:48] req_id = 180026, end_time = 1682006328792004
I0420 15:58:48.814392 Main        (1913918) /home/lgw/Lumine-benchmarks/Experiments/09/src/1_end/end.cpp:48] req_id = 360026, end_time = 1682006328814387
I0420 15:58:48.916671 Main        (1913918) /home/lgw/Lumine-benchmarks/Experiments/09/src/1_end/end.cpp:48] req_id = 960026, end_time = 1682006328916665
I0420 15:58:48.920757 Main        (1913918) /home/lgw/Lumine-benchmarks/Experiments/09/src/1_end/end.cpp:48] req_id = 1620026, end_time = 1682006328920751
I0420 15:58:48.925206 Main        (1913918) /home/lgw/Lumine-benchmarks/Experiments/09/src/1_end/end.cpp:48] req_id = 2880026, end_time = 1682006328925200
I0420 15:58:48.936481 Main        (1913918) /home/lgw/Lumine-benchmarks/Experiments/09/src/1_end/end.cpp:48] req_id = 1800026, end_time = 1682006328936475
I0420 15:58:48.938043 Main        (1913918) /home/lgw/Lumine-benchmarks/Experiments/09/src/1_end/end.cpp:48] req_id = 1140026, end_time = 1682006328938037
I0420 15:58:48.938605 Main        (1913918) /home/lgw/Lumine-benchmarks/Experiments/09/src/1_end/end.cpp:48] req_id = 1080025, end_time = 1682006328938598
I0420 15:58:48.951800 Main        (1913918) /home/lgw/Lumine-benchmarks/Experiments/09/src/1_end/end.cpp:48] req_id = 1740026, end_time = 1682006328951794
I0420 15:58:48.952743 Main        (1913918) /home/lgw/Lumine-benchmarks/Experiments/09/src/1_end/end.cpp:48] req_id = 2700025, end_time = 1682006328952737
I0420 15:58:50.930617 Main        (1913918) /home/lgw/Lumine-benchmarks/Experiments/09/src/1_end/end.cpp:48] req_id = 2880027, end_time = 1682006330930609
I0420 15:58:50.931722 Main        (1913918) /home/lgw/Lumine-benchmarks/Experiments/09/src/1_end/end.cpp:48] req_id = 1200027, end_time = 1682006330931719
I0420 15:58:50.931962 Main        (1913918) /home/lgw/Lumine-benchmarks/Experiments/09/src/1_end/end.cpp:48] req_id = 2280027, end_time = 1682006330931959
I0420 15:58:50.932676 Main        (1913918) /home/lgw/Lumine-benchmarks/Experiments/09/src/1_end/end.cpp:48] req_id = 2520027, end_time = 1682006330932673
I0420 15:58:50.932966 Main        (1913918) /home/lgw/Lumine-benchmarks/Experiments/09/src/1_end/end.cpp:48] req_id = 1800028, end_time = 1682006330932963
I0420 15:58:50.933766 Main        (1913918) /home/lgw/Lumine-benchmarks/Experiments/09/src/1_end/end.cpp:48] req_id = 1740028, end_time = 1682006330933759
I0420 15:58:55.002341 Main        (1913918) /home/lgw/Lumine-benchmarks/Experiments/09/src/1_end/end.cpp:48] req_id = 1560032, end_time = 1682006335002332
I0420 15:58:55.003410 Main        (1913918) /home/lgw/Lumine-benchmarks/Experiments/09/src/1_end/end.cpp:48] req_id = 1740032, end_time = 1682006335003404
I0420 15:58:55.004742 Main        (1913918) /home/lgw/Lumine-benchmarks/Experiments/09/src/1_end/end.cpp:48] req_id = 3000031, end_time = 1682006335004736
I0420 15:58:55.005083 Main        (1913918) /home/lgw/Lumine-benchmarks/Experiments/09/src/1_end/end.cpp:48] req_id = 2280032, end_time = 1682006335005078
I0420 15:58:55.006401 Main        (1913918) /home/lgw/Lumine-benchmarks/Experiments/09/src/1_end/end.cpp:48] req_id = 1860032, end_time = 1682006335006396
I0420 15:58:55.007145 Main        (1913918) /home/lgw/Lumine-benchmarks/Experiments/09/src/1_end/end.cpp:48] req_id = 1680032, end_time = 1682006335007139
I0420 15:58:55.007774 Main        (1913918) /home/lgw/Lumine-benchmarks/Experiments/09/src/1_end/end.cpp:48] req_id = 1380032, end_time = 1682006335007769
I0420 15:58:55.009645 Main        (1913918) /home/lgw/Lumine-benchmarks/Experiments/09/src/1_end/end.cpp:48] req_id = 2160032, end_time = 1682006335009639
I0420 15:58:55.013389 Main        (1913918) /home/lgw/Lumine-benchmarks/Experiments/09/src/1_end/end.cpp:48] req_id = 2280031, end_time = 1682006335013381
I0420 15:59:00.930114 Main        (1913918) /home/lgw/Lumine-benchmarks/Experiments/09/src/1_end/end.cpp:48] req_id = 2820038, end_time = 1682006340930102
I0420 15:59:24.815676 Main        (1913918) /home/lgw/Lumine-benchmarks/Experiments/09/src/1_end/end.cpp:48] req_id = 1980061, end_time = 1682006364815664
I0420 15:59:24.817313 Main        (1913918) /home/lgw/Lumine-benchmarks/Experiments/09/src/1_end/end.cpp:48] req_id = 2400061, end_time = 1682006364817308
I0420 15:59:24.835264 Main        (1913918) /home/lgw/Lumine-benchmarks/Experiments/09/src/1_end/end.cpp:48] req_id = 2820061, end_time = 1682006364835258
I0420 15:59:24.837568 Main        (1913918) /home/lgw/Lumine-benchmarks/Experiments/09/src/1_end/end.cpp:48] req_id = 1260062, end_time = 1682006364837563
I0420 15:59:24.839962 Main        (1913918) /home/lgw/Lumine-benchmarks/Experiments/09/src/1_end/end.cpp:48] req_id = 2700061, end_time = 1682006364839956
I0420 15:59:24.849617 Main        (1913918) /home/lgw/Lumine-benchmarks/Experiments/09/src/1_end/end.cpp:48] req_id = 2460061, end_time = 1682006364849611
