I0420 15:58:12.755517 Main        (1913834) /home/lgw/Lumine-benchmarks/Lumine/lib/base/thread.cpp:96] Register main thread: tid=1913834
I0420 15:58:12.757445 Main        (1913834) /home/lgw/Lumine-benchmarks/Lumine/lib/common/config.cpp:332] Load configuration for function exp09Start[1]
I0420 15:58:12.757585 Main        (1913834) /home/lgw/Lumine-benchmarks/Lumine/lib/common/config.cpp:332] Load configuration for function exp09End[2]
I0420 15:58:12.757643 Main        (1913834) /home/lgw/Lumine-benchmarks/Lumine/lib/common/config.cpp:332] Load configuration for function exp09Register[3]
I0420 15:58:12.757676 Main        (1913834) /home/lgw/Lumine-benchmarks/Lumine/lib/common/config.cpp:332] Load configuration for function exp09StartFinra[4]
I0420 15:58:12.757781 Main        (1913834) /home/lgw/Lumine-benchmarks/Lumine/src/host/worker/cpp/func_worker.cpp:107] My client_id is 8
I0420 15:58:12.757869 Main        (1913834) /home/lgw/Lumine-benchmarks/Lumine/src/host/worker/cpp/func_worker.cpp:173] Use extra pipes for messages
I0420 15:58:12.829570 Main        (1913834) /home/lgw/Lumine-benchmarks/Lumine/src/host/worker/cpp/func_worker.cpp:195] Handshake done
I0420 15:58:24.767897 Main        (1913834) /home/lgw/Lumine-benchmarks/Experiments/09/src/0_start/start.cpp:86] req_id = 60002, start_time = 1682006304762608
I0420 15:58:24.772511 Main        (1913834) /home/lgw/Lumine-benchmarks/Experiments/09/src/0_start/start.cpp:86] req_id = 540001, start_time = 1682006304770017
I0420 15:58:24.840854 Main        (1913834) /home/lgw/Lumine-benchmarks/Experiments/09/src/0_start/start.cpp:86] req_id = 240002, start_time = 1682006304838243
I0420 15:58:24.850650 Main        (1913834) /home/lgw/Lumine-benchmarks/Experiments/09/src/0_start/start.cpp:86] req_id = 780002, start_time = 1682006304848869
I0420 15:58:24.854258 Main        (1913834) /home/lgw/Lumine-benchmarks/Experiments/09/src/0_start/start.cpp:86] req_id = 1560001, start_time = 1682006304851870
I0420 15:58:24.857432 Main        (1913834) /home/lgw/Lumine-benchmarks/Experiments/09/src/0_start/start.cpp:86] req_id = 2160001, start_time = 1682006304855663
I0420 15:58:24.861816 Main        (1913834) /home/lgw/Lumine-benchmarks/Experiments/09/src/0_start/start.cpp:86] req_id = 1440002, start_time = 1682006304858651
I0420 15:58:24.866371 Main        (1913834) /home/lgw/Lumine-benchmarks/Experiments/09/src/0_start/start.cpp:86] req_id = 1680002, start_time = 1682006304863314
I0420 15:58:24.870145 Main        (1913834) /home/lgw/Lumine-benchmarks/Experiments/09/src/0_start/start.cpp:86] req_id = 2160002, start_time = 1682006304867900
I0420 15:58:24.880464 Main        (1913834) /home/lgw/Lumine-benchmarks/Experiments/09/src/0_start/start.cpp:86] req_id = 1560002, start_time = 1682006304873107
I0420 15:58:24.923005 Main        (1913834) /home/lgw/Lumine-benchmarks/Experiments/09/src/0_start/start.cpp:86] req_id = 1980002, start_time = 1682006304921604
I0420 15:58:25.817162 Main        (1913834) /home/lgw/Lumine-benchmarks/Experiments/09/src/0_start/start.cpp:86] req_id = 2940002, start_time = 1682006305814610
I0420 15:58:25.820349 Main        (1913834) /home/lgw/Lumine-benchmarks/Experiments/09/src/0_start/start.cpp:86] req_id = 2460002, start_time = 1682006305818407
I0420 15:58:26.767047 Main        (1913834) /home/lgw/Lumine-benchmarks/Experiments/09/src/0_start/start.cpp:86] req_id = 120003, start_time = 1682006306765344
I0420 15:58:26.771936 Main        (1913834) /home/lgw/Lumine-benchmarks/Experiments/09/src/0_start/start.cpp:86] req_id = 720003, start_time = 1682006306769560
I0420 15:58:26.774969 Main        (1913834) /home/lgw/Lumine-benchmarks/Experiments/09/src/0_start/start.cpp:86] req_id = 300004, start_time = 1682006306773320
I0420 15:58:26.778425 Main        (1913834) /home/lgw/Lumine-benchmarks/Experiments/09/src/0_start/start.cpp:86] req_id = 600004, start_time = 1682006306776533
I0420 15:58:26.782076 Main        (1913834) /home/lgw/Lumine-benchmarks/Experiments/09/src/0_start/start.cpp:86] req_id = 1080003, start_time = 1682006306779607
I0420 15:58:26.785582 Main        (1913834) /home/lgw/Lumine-benchmarks/Experiments/09/src/0_start/start.cpp:86] req_id = 1260004, start_time = 1682006306783865
I0420 15:58:26.788577 Main        (1913834) /home/lgw/Lumine-benchmarks/Experiments/09/src/0_start/start.cpp:86] req_id = 1800003, start_time = 1682006306786897
I0420 15:58:26.791280 Main        (1913834) /home/lgw/Lumine-benchmarks/Experiments/09/src/0_start/start.cpp:86] req_id = 1440004, start_time = 1682006306789765
I0420 15:58:26.798635 Main        (1913834) /home/lgw/Lumine-benchmarks/Experiments/09/src/0_start/start.cpp:86] req_id = 1800004, start_time = 1682006306792340
I0420 15:58:26.803044 Main        (1913834) /home/lgw/Lumine-benchmarks/Experiments/09/src/0_start/start.cpp:86] req_id = 2220004, start_time = 1682006306799949
I0420 15:58:26.807075 Main        (1913834) /home/lgw/Lumine-benchmarks/Experiments/09/src/0_start/start.cpp:86] req_id = 2820003, start_time = 1682006306805590
I0420 15:58:26.811117 Main        (1913834) /home/lgw/Lumine-benchmarks/Experiments/09/src/0_start/start.cpp:86] req_id = 2700004, start_time = 1682006306809472
I0420 15:58:28.768930 Main        (1913834) /home/lgw/Lumine-benchmarks/Experiments/09/src/0_start/start.cpp:86] req_id = 300005, start_time = 1682006308767409
I0420 15:58:28.772256 Main        (1913834) /home/lgw/Lumine-benchmarks/Experiments/09/src/0_start/start.cpp:86] req_id = 240006, start_time = 1682006308770106
I0420 15:58:28.775263 Main        (1913834) /home/lgw/Lumine-benchmarks/Experiments/09/src/0_start/start.cpp:86] req_id = 480006, start_time = 1682006308773443
I0420 15:58:28.777877 Main        (1913834) /home/lgw/Lumine-benchmarks/Experiments/09/src/0_start/start.cpp:86] req_id = 660006, start_time = 1682006308776540
I0420 15:58:28.781302 Main        (1913834) /home/lgw/Lumine-benchmarks/Experiments/09/src/0_start/start.cpp:86] req_id = 1200005, start_time = 1682006308779680
I0420 15:58:28.784276 Main        (1913834) /home/lgw/Lumine-benchmarks/Experiments/09/src/0_start/start.cpp:86] req_id = 1380005, start_time = 1682006308782888
I0420 15:58:28.787256 Main        (1913834) /home/lgw/Lumine-benchmarks/Experiments/09/src/0_start/start.cpp:86] req_id = 1380006, start_time = 1682006308785894
I0420 15:58:28.789551 Main        (1913834) /home/lgw/Lumine-benchmarks/Experiments/09/src/0_start/start.cpp:86] req_id = 1920005, start_time = 1682006308788177
I0420 15:58:28.793417 Main        (1913834) /home/lgw/Lumine-benchmarks/Experiments/09/src/0_start/start.cpp:86] req_id = 2160005, start_time = 1682006308791972
I0420 15:58:28.797354 Main        (1913834) /home/lgw/Lumine-benchmarks/Experiments/09/src/0_start/start.cpp:86] req_id = 2220005, start_time = 1682006308796074
I0420 15:58:28.801761 Main        (1913834) /home/lgw/Lumine-benchmarks/Experiments/09/src/0_start/start.cpp:86] req_id = 2580005, start_time = 1682006308800095
I0420 15:58:28.805433 Main        (1913834) /home/lgw/Lumine-benchmarks/Experiments/09/src/0_start/start.cpp:86] req_id = 2760005, start_time = 1682006308803720
I0420 15:58:28.809076 Main        (1913834) /home/lgw/Lumine-benchmarks/Experiments/09/src/0_start/start.cpp:86] req_id = 2880005, start_time = 1682006308807689
I0420 15:58:30.770271 Main        (1913834) /home/lgw/Lumine-benchmarks/Experiments/09/src/0_start/start.cpp:86] req_id = 60009, start_time = 1682006310767544
I0420 15:58:30.774875 Main        (1913834) /home/lgw/Lumine-benchmarks/Experiments/09/src/0_start/start.cpp:86] req_id = 780007, start_time = 1682006310772048
I0420 15:58:30.778756 Main        (1913834) /home/lgw/Lumine-benchmarks/Experiments/09/src/0_start/start.cpp:86] req_id = 960007, start_time = 1682006310776657
I0420 15:58:30.781863 Main        (1913834) /home/lgw/Lumine-benchmarks/Experiments/09/src/0_start/start.cpp:86] req_id = 1260007, start_time = 1682006310780438
I0420 15:58:30.785063 Main        (1913834) /home/lgw/Lumine-benchmarks/Experiments/09/src/0_start/start.cpp:86] req_id = 1380007, start_time = 1682006310783402
I0420 15:58:30.790000 Main        (1913834) /home/lgw/Lumine-benchmarks/Experiments/09/src/0_start/start.cpp:86] req_id = 1560007, start_time = 1682006310786419
I0420 15:58:30.793449 Main        (1913834) /home/lgw/Lumine-benchmarks/Experiments/09/src/0_start/start.cpp:86] req_id = 2040007, start_time = 1682006310792168
I0420 15:58:30.798258 Main        (1913834) /home/lgw/Lumine-benchmarks/Experiments/09/src/0_start/start.cpp:86] req_id = 1920008, start_time = 1682006310796933
I0420 15:58:30.803151 Main        (1913834) /home/lgw/Lumine-benchmarks/Experiments/09/src/0_start/start.cpp:86] req_id = 2400007, start_time = 1682006310801228
I0420 15:58:30.808424 Main        (1913834) /home/lgw/Lumine-benchmarks/Experiments/09/src/0_start/start.cpp:86] req_id = 2880007, start_time = 1682006310806764
I0420 15:58:30.814372 Main        (1913834) /home/lgw/Lumine-benchmarks/Experiments/09/src/0_start/start.cpp:86] req_id = 2640008, start_time = 1682006310812793
I0420 15:58:32.771123 Main        (1913834) /home/lgw/Lumine-benchmarks/Experiments/09/src/0_start/start.cpp:86] req_id = 480009, start_time = 1682006312768680
I0420 15:58:32.774917 Main        (1913834) /home/lgw/Lumine-benchmarks/Experiments/09/src/0_start/start.cpp:86] req_id = 840009, start_time = 1682006312772785
I0420 15:58:32.778245 Main        (1913834) /home/lgw/Lumine-benchmarks/Experiments/09/src/0_start/start.cpp:86] req_id = 960009, start_time = 1682006312776498
I0420 15:58:32.782117 Main        (1913834) /home/lgw/Lumine-benchmarks/Experiments/09/src/0_start/start.cpp:86] req_id = 780010, start_time = 1682006312780099
I0420 15:58:32.788558 Main        (1913834) /home/lgw/Lumine-benchmarks/Experiments/09/src/0_start/start.cpp:86] req_id = 1320009, start_time = 1682006312783903
I0420 15:58:32.791550 Main        (1913834) /home/lgw/Lumine-benchmarks/Experiments/09/src/0_start/start.cpp:86] req_id = 1440009, start_time = 1682006312790214
I0420 15:58:32.794330 Main        (1913834) /home/lgw/Lumine-benchmarks/Experiments/09/src/0_start/start.cpp:86] req_id = 1380010, start_time = 1682006312792668
I0420 15:58:32.798335 Main        (1913834) /home/lgw/Lumine-benchmarks/Experiments/09/src/0_start/start.cpp:86] req_id = 1680010, start_time = 1682006312796241
I0420 15:58:32.801272 Main        (1913834) /home/lgw/Lumine-benchmarks/Experiments/09/src/0_start/start.cpp:86] req_id = 2160009, start_time = 1682006312799497
I0420 15:58:32.805669 Main        (1913834) /home/lgw/Lumine-benchmarks/Experiments/09/src/0_start/start.cpp:86] req_id = 2700009, start_time = 1682006312804333
I0420 15:58:32.810807 Main        (1913834) /home/lgw/Lumine-benchmarks/Experiments/09/src/0_start/start.cpp:86] req_id = 2280010, start_time = 1682006312809121
I0420 15:58:32.815329 Main        (1913834) /home/lgw/Lumine-benchmarks/Experiments/09/src/0_start/start.cpp:86] req_id = 2520010, start_time = 1682006312814067
I0420 15:58:32.821580 Main        (1913834) /home/lgw/Lumine-benchmarks/Experiments/09/src/0_start/start.cpp:86] req_id = 2940010, start_time = 1682006312820115
I0420 15:58:34.767212 Main        (1913834) /home/lgw/Lumine-benchmarks/Experiments/09/src/0_start/start.cpp:86] req_id = 60012, start_time = 1682006314765156
I0420 15:58:34.771604 Main        (1913834) /home/lgw/Lumine-benchmarks/Experiments/09/src/0_start/start.cpp:86] req_id = 480011, start_time = 1682006314768820
I0420 15:58:34.775886 Main        (1913834) /home/lgw/Lumine-benchmarks/Experiments/09/src/0_start/start.cpp:86] req_id = 480012, start_time = 1682006314773106
I0420 15:58:34.778997 Main        (1913834) /home/lgw/Lumine-benchmarks/Experiments/09/src/0_start/start.cpp:86] req_id = 720012, start_time = 1682006314777594
I0420 15:58:34.782050 Main        (1913834) /home/lgw/Lumine-benchmarks/Experiments/09/src/0_start/start.cpp:86] req_id = 1260011, start_time = 1682006314780540
I0420 15:58:34.784486 Main        (1913834) /home/lgw/Lumine-benchmarks/Experiments/09/src/0_start/start.cpp:86] req_id = 1560011, start_time = 1682006314783258
I0420 15:58:34.788654 Main        (1913834) /home/lgw/Lumine-benchmarks/Experiments/09/src/0_start/start.cpp:86] req_id = 1740011, start_time = 1682006314785984
I0420 15:58:34.792315 Main        (1913834) /home/lgw/Lumine-benchmarks/Experiments/09/src/0_start/start.cpp:86] req_id = 1620012, start_time = 1682006314790053
I0420 15:58:34.796359 Main        (1913834) /home/lgw/Lumine-benchmarks/Experiments/09/src/0_start/start.cpp:86] req_id = 1800012, start_time = 1682006314793516
I0420 15:58:34.799839 Main        (1913834) /home/lgw/Lumine-benchmarks/Experiments/09/src/0_start/start.cpp:86] req_id = 2460011, start_time = 1682006314797797
I0420 15:58:34.803706 Main        (1913834) /home/lgw/Lumine-benchmarks/Experiments/09/src/0_start/start.cpp:86] req_id = 2340012, start_time = 1682006314801832
I0420 15:58:34.807787 Main        (1913834) /home/lgw/Lumine-benchmarks/Experiments/09/src/0_start/start.cpp:86] req_id = 2640012, start_time = 1682006314805705
I0420 15:58:34.811849 Main        (1913834) /home/lgw/Lumine-benchmarks/Experiments/09/src/0_start/start.cpp:86] req_id = 2880012, start_time = 1682006314809595
I0420 15:58:36.767993 Main        (1913834) /home/lgw/Lumine-benchmarks/Experiments/09/src/0_start/start.cpp:86] req_id = 60014, start_time = 1682006316765729
I0420 15:58:36.772482 Main        (1913834) /home/lgw/Lumine-benchmarks/Experiments/09/src/0_start/start.cpp:86] req_id = 600013, start_time = 1682006316770336
I0420 15:58:36.776254 Main        (1913834) /home/lgw/Lumine-benchmarks/Experiments/09/src/0_start/start.cpp:86] req_id = 840013, start_time = 1682006316773698
I0420 15:58:36.779848 Main        (1913834) /home/lgw/Lumine-benchmarks/Experiments/09/src/0_start/start.cpp:86] req_id = 600014, start_time = 1682006316777672
I0420 15:58:36.783871 Main        (1913834) /home/lgw/Lumine-benchmarks/Experiments/09/src/0_start/start.cpp:86] req_id = 1260013, start_time = 1682006316781389
I0420 15:58:36.788253 Main        (1913834) /home/lgw/Lumine-benchmarks/Experiments/09/src/0_start/start.cpp:86] req_id = 1140014, start_time = 1682006316785340
I0420 15:58:36.792110 Main        (1913834) /home/lgw/Lumine-benchmarks/Experiments/09/src/0_start/start.cpp:86] req_id = 1500014, start_time = 1682006316789720
I0420 15:58:36.795556 Main        (1913834) /home/lgw/Lumine-benchmarks/Experiments/09/src/0_start/start.cpp:86] req_id = 1560014, start_time = 1682006316793390
I0420 15:58:36.799080 Main        (1913834) /home/lgw/Lumine-benchmarks/Experiments/09/src/0_start/start.cpp:86] req_id = 1860014, start_time = 1682006316797163
I0420 15:58:36.803361 Main        (1913834) /home/lgw/Lumine-benchmarks/Experiments/09/src/0_start/start.cpp:86] req_id = 2040014, start_time = 1682006316801317
I0420 15:58:36.807660 Main        (1913834) /home/lgw/Lumine-benchmarks/Experiments/09/src/0_start/start.cpp:86] req_id = 2340014, start_time = 1682006316805592
I0420 15:58:36.811923 Main        (1913834) /home/lgw/Lumine-benchmarks/Experiments/09/src/0_start/start.cpp:86] req_id = 2940013, start_time = 1682006316809659
I0420 15:58:38.769156 Main        (1913834) /home/lgw/Lumine-benchmarks/Experiments/09/src/0_start/start.cpp:86] req_id = 480015, start_time = 1682006318766950
I0420 15:58:38.774066 Main        (1913834) /home/lgw/Lumine-benchmarks/Experiments/09/src/0_start/start.cpp:86] req_id = 180016, start_time = 1682006318770681
I0420 15:58:38.778303 Main        (1913834) /home/lgw/Lumine-benchmarks/Experiments/09/src/0_start/start.cpp:86] req_id = 900015, start_time = 1682006318775331
I0420 15:58:38.781603 Main        (1913834) /home/lgw/Lumine-benchmarks/Experiments/09/src/0_start/start.cpp:86] req_id = 1140015, start_time = 1682006318779613
I0420 15:58:38.784860 Main        (1913834) /home/lgw/Lumine-benchmarks/Experiments/09/src/0_start/start.cpp:86] req_id = 1440015, start_time = 1682006318782792
I0420 15:58:38.788899 Main        (1913834) /home/lgw/Lumine-benchmarks/Experiments/09/src/0_start/start.cpp:86] req_id = 1680015, start_time = 1682006318786809
I0420 15:58:38.792018 Main        (1913834) /home/lgw/Lumine-benchmarks/Experiments/09/src/0_start/start.cpp:86] req_id = 1920015, start_time = 1682006318790090
I0420 15:58:38.794725 Main        (1913834) /home/lgw/Lumine-benchmarks/Experiments/09/src/0_start/start.cpp:86] req_id = 2160015, start_time = 1682006318793224
I0420 15:58:38.798639 Main        (1913834) /home/lgw/Lumine-benchmarks/Experiments/09/src/0_start/start.cpp:86] req_id = 2340015, start_time = 1682006318797241
I0420 15:58:38.802956 Main        (1913834) /home/lgw/Lumine-benchmarks/Experiments/09/src/0_start/start.cpp:86] req_id = 2160016, start_time = 1682006318800814
I0420 15:58:38.806921 Main        (1913834) /home/lgw/Lumine-benchmarks/Experiments/09/src/0_start/start.cpp:86] req_id = 2460016, start_time = 1682006318805489
I0420 15:58:38.810679 Main        (1913834) /home/lgw/Lumine-benchmarks/Experiments/09/src/0_start/start.cpp:86] req_id = 2940015, start_time = 1682006318809188
I0420 15:58:40.771417 Main        (1913834) /home/lgw/Lumine-benchmarks/Experiments/09/src/0_start/start.cpp:86] req_id = 660017, start_time = 1682006320769150
I0420 15:58:40.775080 Main        (1913834) /home/lgw/Lumine-benchmarks/Experiments/09/src/0_start/start.cpp:86] req_id = 360018, start_time = 1682006320772928
I0420 15:58:40.778410 Main        (1913834) /home/lgw/Lumine-benchmarks/Experiments/09/src/0_start/start.cpp:86] req_id = 1080017, start_time = 1682006320776468
I0420 15:58:40.781438 Main        (1913834) /home/lgw/Lumine-benchmarks/Experiments/09/src/0_start/start.cpp:86] req_id = 1320017, start_time = 1682006320779847
I0420 15:58:40.785084 Main        (1913834) /home/lgw/Lumine-benchmarks/Experiments/09/src/0_start/start.cpp:86] req_id = 1260018, start_time = 1682006320782750
I0420 15:58:40.788088 Main        (1913834) /home/lgw/Lumine-benchmarks/Experiments/09/src/0_start/start.cpp:86] req_id = 1860017, start_time = 1682006320786628
I0420 15:58:40.791891 Main        (1913834) /home/lgw/Lumine-benchmarks/Experiments/09/src/0_start/start.cpp:86] req_id = 1620018, start_time = 1682006320790814
I0420 15:58:40.796309 Main        (1913834) /home/lgw/Lumine-benchmarks/Experiments/09/src/0_start/start.cpp:86] req_id = 1920018, start_time = 1682006320794673
I0420 15:58:40.800489 Main        (1913834) /home/lgw/Lumine-benchmarks/Experiments/09/src/0_start/start.cpp:86] req_id = 2520017, start_time = 1682006320799006
I0420 15:58:40.804275 Main        (1913834) /home/lgw/Lumine-benchmarks/Experiments/09/src/0_start/start.cpp:86] req_id = 2400018, start_time = 1682006320802928
I0420 15:58:40.808690 Main        (1913834) /home/lgw/Lumine-benchmarks/Experiments/09/src/0_start/start.cpp:86] req_id = 2580018, start_time = 1682006320806873
I0420 15:58:42.770353 Main        (1913834) /home/lgw/Lumine-benchmarks/Experiments/09/src/0_start/start.cpp:86] req_id = 540019, start_time = 1682006322768212
I0420 15:58:42.776083 Main        (1913834) /home/lgw/Lumine-benchmarks/Experiments/09/src/0_start/start.cpp:86] req_id = 780019, start_time = 1682006322771613
I0420 15:58:42.779543 Main        (1913834) /home/lgw/Lumine-benchmarks/Experiments/09/src/0_start/start.cpp:86] req_id = 720020, start_time = 1682006322777444
I0420 15:58:42.782917 Main        (1913834) /home/lgw/Lumine-benchmarks/Experiments/09/src/0_start/start.cpp:86] req_id = 900020, start_time = 1682006322780668
I0420 15:58:42.786624 Main        (1913834) /home/lgw/Lumine-benchmarks/Experiments/09/src/0_start/start.cpp:86] req_id = 1500019, start_time = 1682006322784034
I0420 15:58:42.790112 Main        (1913834) /home/lgw/Lumine-benchmarks/Experiments/09/src/0_start/start.cpp:86] req_id = 1320020, start_time = 1682006322787708
I0420 15:58:42.793719 Main        (1913834) /home/lgw/Lumine-benchmarks/Experiments/09/src/0_start/start.cpp:86] req_id = 1620020, start_time = 1682006322791592
I0420 15:58:42.797582 Main        (1913834) /home/lgw/Lumine-benchmarks/Experiments/09/src/0_start/start.cpp:86] req_id = 2280019, start_time = 1682006322796086
I0420 15:58:42.801509 Main        (1913834) /home/lgw/Lumine-benchmarks/Experiments/09/src/0_start/start.cpp:86] req_id = 2580019, start_time = 1682006322799941
I0420 15:58:42.805000 Main        (1913834) /home/lgw/Lumine-benchmarks/Experiments/09/src/0_start/start.cpp:86] req_id = 2880019, start_time = 1682006322803624
I0420 15:58:42.809120 Main        (1913834) /home/lgw/Lumine-benchmarks/Experiments/09/src/0_start/start.cpp:86] req_id = 2940019, start_time = 1682006322807625
I0420 15:58:44.770213 Main        (1913834) /home/lgw/Lumine-benchmarks/Experiments/09/src/0_start/start.cpp:86] req_id = 540021, start_time = 1682006324768328
I0420 15:58:44.774869 Main        (1913834) /home/lgw/Lumine-benchmarks/Experiments/09/src/0_start/start.cpp:86] req_id = 780021, start_time = 1682006324772147
I0420 15:58:44.778450 Main        (1913834) /home/lgw/Lumine-benchmarks/Experiments/09/src/0_start/start.cpp:86] req_id = 1080021, start_time = 1682006324776320
I0420 15:58:44.781683 Main        (1913834) /home/lgw/Lumine-benchmarks/Experiments/09/src/0_start/start.cpp:86] req_id = 900022, start_time = 1682006324780013
I0420 15:58:44.786497 Main        (1913834) /home/lgw/Lumine-benchmarks/Experiments/09/src/0_start/start.cpp:86] req_id = 1560021, start_time = 1682006324783968
I0420 15:58:44.789945 Main        (1913834) /home/lgw/Lumine-benchmarks/Experiments/09/src/0_start/start.cpp:86] req_id = 1860021, start_time = 1682006324788081
I0420 15:58:44.793312 Main        (1913834) /home/lgw/Lumine-benchmarks/Experiments/09/src/0_start/start.cpp:86] req_id = 2100021, start_time = 1682006324791298
I0420 15:58:44.796109 Main        (1913834) /home/lgw/Lumine-benchmarks/Experiments/09/src/0_start/start.cpp:86] req_id = 1860022, start_time = 1682006324794423
I0420 15:58:44.801223 Main        (1913834) /home/lgw/Lumine-benchmarks/Experiments/09/src/0_start/start.cpp:86] req_id = 2520021, start_time = 1682006324799908
I0420 15:58:44.806496 Main        (1913834) /home/lgw/Lumine-benchmarks/Experiments/09/src/0_start/start.cpp:86] req_id = 2400022, start_time = 1682006324805122
I0420 15:58:44.812920 Main        (1913834) /home/lgw/Lumine-benchmarks/Experiments/09/src/0_start/start.cpp:86] req_id = 2700022, start_time = 1682006324811672
I0420 15:58:46.768663 Main        (1913834) /home/lgw/Lumine-benchmarks/Experiments/09/src/0_start/start.cpp:86] req_id = 420023, start_time = 1682006326766495
I0420 15:58:46.774167 Main        (1913834) /home/lgw/Lumine-benchmarks/Experiments/09/src/0_start/start.cpp:86] req_id = 720023, start_time = 1682006326771072
I0420 15:58:46.777206 Main        (1913834) /home/lgw/Lumine-benchmarks/Experiments/09/src/0_start/start.cpp:86] req_id = 900023, start_time = 1682006326775576
I0420 15:58:46.781264 Main        (1913834) /home/lgw/Lumine-benchmarks/Experiments/09/src/0_start/start.cpp:86] req_id = 840024, start_time = 1682006326778579
I0420 15:58:46.789535 Main        (1913834) /home/lgw/Lumine-benchmarks/Experiments/09/src/0_start/start.cpp:86] req_id = 1440023, start_time = 1682006326783445
I0420 15:58:46.792221 Main        (1913834) /home/lgw/Lumine-benchmarks/Experiments/09/src/0_start/start.cpp:86] req_id = 1440024, start_time = 1682006326790805
I0420 15:58:46.795865 Main        (1913834) /home/lgw/Lumine-benchmarks/Experiments/09/src/0_start/start.cpp:86] req_id = 2220023, start_time = 1682006326793654
I0420 15:58:46.799975 Main        (1913834) /home/lgw/Lumine-benchmarks/Experiments/09/src/0_start/start.cpp:86] req_id = 1920024, start_time = 1682006326798679
I0420 15:58:46.803978 Main        (1913834) /home/lgw/Lumine-benchmarks/Experiments/09/src/0_start/start.cpp:86] req_id = 2640023, start_time = 1682006326802597
I0420 15:58:46.808222 Main        (1913834) /home/lgw/Lumine-benchmarks/Experiments/09/src/0_start/start.cpp:86] req_id = 2460024, start_time = 1682006326806793
I0420 15:58:46.812458 Main        (1913834) /home/lgw/Lumine-benchmarks/Experiments/09/src/0_start/start.cpp:86] req_id = 2760024, start_time = 1682006326810880
I0420 15:58:48.767791 Main        (1913834) /home/lgw/Lumine-benchmarks/Experiments/09/src/0_start/start.cpp:86] req_id = 360025, start_time = 1682006328766304
I0420 15:58:48.770866 Main        (1913834) /home/lgw/Lumine-benchmarks/Experiments/09/src/0_start/start.cpp:86] req_id = 660025, start_time = 1682006328769364
I0420 15:58:48.774206 Main        (1913834) /home/lgw/Lumine-benchmarks/Experiments/09/src/0_start/start.cpp:86] req_id = 420026, start_time = 1682006328772428
I0420 15:58:48.780092 Main        (1913834) /home/lgw/Lumine-benchmarks/Experiments/09/src/0_start/start.cpp:86] req_id = 1140025, start_time = 1682006328775960
I0420 15:58:48.785205 Main        (1913834) /home/lgw/Lumine-benchmarks/Experiments/09/src/0_start/start.cpp:86] req_id = 1380025, start_time = 1682006328782292
I0420 15:58:48.789123 Main        (1913834) /home/lgw/Lumine-benchmarks/Experiments/09/src/0_start/start.cpp:86] req_id = 1200026, start_time = 1682006328786764
I0420 15:58:48.792469 Main        (1913834) /home/lgw/Lumine-benchmarks/Experiments/09/src/0_start/start.cpp:86] req_id = 1380026, start_time = 1682006328790418
I0420 15:58:48.797464 Main        (1913834) /home/lgw/Lumine-benchmarks/Experiments/09/src/0_start/start.cpp:86] req_id = 2100025, start_time = 1682006328794923
I0420 15:58:48.801313 Main        (1913834) /home/lgw/Lumine-benchmarks/Experiments/09/src/0_start/start.cpp:86] req_id = 1860026, start_time = 1682006328799319
I0420 15:58:48.804582 Main        (1913834) /home/lgw/Lumine-benchmarks/Experiments/09/src/0_start/start.cpp:86] req_id = 2640025, start_time = 1682006328803354
I0420 15:58:48.809077 Main        (1913834) /home/lgw/Lumine-benchmarks/Experiments/09/src/0_start/start.cpp:86] req_id = 2880025, start_time = 1682006328806762
I0420 15:58:48.812734 Main        (1913834) /home/lgw/Lumine-benchmarks/Experiments/09/src/0_start/start.cpp:86] req_id = 2580026, start_time = 1682006328811258
I0420 15:58:50.768700 Main        (1913834) /home/lgw/Lumine-benchmarks/Experiments/09/src/0_start/start.cpp:86] req_id = 420027, start_time = 1682006330767081
I0420 15:58:50.772396 Main        (1913834) /home/lgw/Lumine-benchmarks/Experiments/09/src/0_start/start.cpp:86] req_id = 240028, start_time = 1682006330770200
I0420 15:58:50.776133 Main        (1913834) /home/lgw/Lumine-benchmarks/Experiments/09/src/0_start/start.cpp:86] req_id = 420028, start_time = 1682006330774307
I0420 15:58:50.778750 Main        (1913834) /home/lgw/Lumine-benchmarks/Experiments/09/src/0_start/start.cpp:86] req_id = 840028, start_time = 1682006330777464
I0420 15:58:50.781545 Main        (1913834) /home/lgw/Lumine-benchmarks/Experiments/09/src/0_start/start.cpp:86] req_id = 1380027, start_time = 1682006330780107
I0420 15:58:50.784434 Main        (1913834) /home/lgw/Lumine-benchmarks/Experiments/09/src/0_start/start.cpp:86] req_id = 1200028, start_time = 1682006330783016
I0420 15:58:50.787963 Main        (1913834) /home/lgw/Lumine-benchmarks/Experiments/09/src/0_start/start.cpp:86] req_id = 1860027, start_time = 1682006330786216
I0420 15:58:50.791737 Main        (1913834) /home/lgw/Lumine-benchmarks/Experiments/09/src/0_start/start.cpp:86] req_id = 1980027, start_time = 1682006330789458
I0420 15:58:50.796957 Main        (1913834) /home/lgw/Lumine-benchmarks/Experiments/09/src/0_start/start.cpp:86] req_id = 1920028, start_time = 1682006330795259
I0420 15:58:50.803007 Main        (1913834) /home/lgw/Lumine-benchmarks/Experiments/09/src/0_start/start.cpp:86] req_id = 2280028, start_time = 1682006330801424
I0420 15:58:50.808592 Main        (1913834) /home/lgw/Lumine-benchmarks/Experiments/09/src/0_start/start.cpp:86] req_id = 2460028, start_time = 1682006330807069
I0420 15:58:50.813632 Main        (1913834) /home/lgw/Lumine-benchmarks/Experiments/09/src/0_start/start.cpp:86] req_id = 2700028, start_time = 1682006330812096
I0420 15:58:52.766615 Main        (1913834) /home/lgw/Lumine-benchmarks/Experiments/09/src/0_start/start.cpp:86] req_id = 300029, start_time = 1682006332765073
I0420 15:58:52.770401 Main        (1913834) /home/lgw/Lumine-benchmarks/Experiments/09/src/0_start/start.cpp:86] req_id = 60031, start_time = 1682006332768057
I0420 15:58:52.774112 Main        (1913834) /home/lgw/Lumine-benchmarks/Experiments/09/src/0_start/start.cpp:86] req_id = 780029, start_time = 1682006332771707
I0420 15:58:52.778204 Main        (1913834) /home/lgw/Lumine-benchmarks/Experiments/09/src/0_start/start.cpp:86] req_id = 600030, start_time = 1682006332775755
I0420 15:58:52.781430 Main        (1913834) /home/lgw/Lumine-benchmarks/Experiments/09/src/0_start/start.cpp:86] req_id = 780030, start_time = 1682006332779241
I0420 15:58:52.785860 Main        (1913834) /home/lgw/Lumine-benchmarks/Experiments/09/src/0_start/start.cpp:86] req_id = 1500029, start_time = 1682006332783340
I0420 15:58:52.789728 Main        (1913834) /home/lgw/Lumine-benchmarks/Experiments/09/src/0_start/start.cpp:86] req_id = 1860029, start_time = 1682006332787173
I0420 15:58:52.793271 Main        (1913834) /home/lgw/Lumine-benchmarks/Experiments/09/src/0_start/start.cpp:86] req_id = 2100029, start_time = 1682006332790951
I0420 15:58:52.796043 Main        (1913834) /home/lgw/Lumine-benchmarks/Experiments/09/src/0_start/start.cpp:86] req_id = 2340029, start_time = 1682006332794556
I0420 15:58:52.799427 Main        (1913834) /home/lgw/Lumine-benchmarks/Experiments/09/src/0_start/start.cpp:86] req_id = 2580029, start_time = 1682006332797325
I0420 15:58:52.802571 Main        (1913834) /home/lgw/Lumine-benchmarks/Experiments/09/src/0_start/start.cpp:86] req_id = 2760029, start_time = 1682006332800362
I0420 15:58:52.805802 Main        (1913834) /home/lgw/Lumine-benchmarks/Experiments/09/src/0_start/start.cpp:86] req_id = 2880029, start_time = 1682006332804252
I0420 15:58:54.771039 Main        (1913834) /home/lgw/Lumine-benchmarks/Experiments/09/src/0_start/start.cpp:86] req_id = 600031, start_time = 1682006334768366
I0420 15:58:54.775503 Main        (1913834) /home/lgw/Lumine-benchmarks/Experiments/09/src/0_start/start.cpp:86] req_id = 480032, start_time = 1682006334772361
I0420 15:58:54.778553 Main        (1913834) /home/lgw/Lumine-benchmarks/Experiments/09/src/0_start/start.cpp:86] req_id = 600032, start_time = 1682006334776719
I0420 15:58:54.782538 Main        (1913834) /home/lgw/Lumine-benchmarks/Experiments/09/src/0_start/start.cpp:86] req_id = 1320031, start_time = 1682006334780113
I0420 15:58:54.785660 Main        (1913834) /home/lgw/Lumine-benchmarks/Experiments/09/src/0_start/start.cpp:86] req_id = 1140032, start_time = 1682006334783805
I0420 15:58:54.788221 Main        (1913834) /home/lgw/Lumine-benchmarks/Experiments/09/src/0_start/start.cpp:86] req_id = 1740031, start_time = 1682006334786723
I0420 15:58:54.791258 Main        (1913834) /home/lgw/Lumine-benchmarks/Experiments/09/src/0_start/start.cpp:86] req_id = 1680032, start_time = 1682006334789636
I0420 15:58:54.794122 Main        (1913834) /home/lgw/Lumine-benchmarks/Experiments/09/src/0_start/start.cpp:86] req_id = 1800032, start_time = 1682006334792378
I0420 15:58:54.807195 Main        (1913834) /home/lgw/Lumine-benchmarks/Experiments/09/src/0_start/start.cpp:86] req_id = 2100032, start_time = 1682006334796395
I0420 15:58:54.810084 Main        (1913834) /home/lgw/Lumine-benchmarks/Experiments/09/src/0_start/start.cpp:86] req_id = 2580031, start_time = 1682006334808662
I0420 15:58:54.815245 Main        (1913834) /home/lgw/Lumine-benchmarks/Experiments/09/src/0_start/start.cpp:86] req_id = 2460032, start_time = 1682006334812541
I0420 15:58:54.833155 Main        (1913834) /home/lgw/Lumine-benchmarks/Experiments/09/src/0_start/start.cpp:86] req_id = 3000031, start_time = 1682006334817706
I0420 15:58:56.766910 Main        (1913834) /home/lgw/Lumine-benchmarks/Experiments/09/src/0_start/start.cpp:86] req_id = 300033, start_time = 1682006336765015
I0420 15:58:56.771884 Main        (1913834) /home/lgw/Lumine-benchmarks/Experiments/09/src/0_start/start.cpp:86] req_id = 540033, start_time = 1682006336769393
I0420 15:58:56.775933 Main        (1913834) /home/lgw/Lumine-benchmarks/Experiments/09/src/0_start/start.cpp:86] req_id = 360034, start_time = 1682006336773183
I0420 15:58:56.778803 Main        (1913834) /home/lgw/Lumine-benchmarks/Experiments/09/src/0_start/start.cpp:86] req_id = 600034, start_time = 1682006336777153
I0420 15:58:56.781612 Main        (1913834) /home/lgw/Lumine-benchmarks/Experiments/09/src/0_start/start.cpp:86] req_id = 1260033, start_time = 1682006336779852
I0420 15:58:56.784581 Main        (1913834) /home/lgw/Lumine-benchmarks/Experiments/09/src/0_start/start.cpp:86] req_id = 1020034, start_time = 1682006336783165
I0420 15:58:56.788381 Main        (1913834) /home/lgw/Lumine-benchmarks/Experiments/09/src/0_start/start.cpp:86] req_id = 1200034, start_time = 1682006336785803
I0420 15:58:56.791747 Main        (1913834) /home/lgw/Lumine-benchmarks/Experiments/09/src/0_start/start.cpp:86] req_id = 1860033, start_time = 1682006336789920
I0420 15:58:56.794547 Main        (1913834) /home/lgw/Lumine-benchmarks/Experiments/09/src/0_start/start.cpp:86] req_id = 2160033, start_time = 1682006336793067
I0420 15:58:56.798079 Main        (1913834) /home/lgw/Lumine-benchmarks/Experiments/09/src/0_start/start.cpp:86] req_id = 1920034, start_time = 1682006336796529
I0420 15:58:56.801901 Main        (1913834) /home/lgw/Lumine-benchmarks/Experiments/09/src/0_start/start.cpp:86] req_id = 2520033, start_time = 1682006336799700
I0420 15:58:56.805200 Main        (1913834) /home/lgw/Lumine-benchmarks/Experiments/09/src/0_start/start.cpp:86] req_id = 2340034, start_time = 1682006336803545
I0420 15:58:56.809290 Main        (1913834) /home/lgw/Lumine-benchmarks/Experiments/09/src/0_start/start.cpp:86] req_id = 2580034, start_time = 1682006336807747
I0420 15:58:56.813516 Main        (1913834) /home/lgw/Lumine-benchmarks/Experiments/09/src/0_start/start.cpp:86] req_id = 3000034, start_time = 1682006336812048
I0420 15:58:58.765905 Main        (1913834) /home/lgw/Lumine-benchmarks/Experiments/09/src/0_start/start.cpp:86] req_id = 240035, start_time = 1682006338764155
I0420 15:58:58.770646 Main        (1913834) /home/lgw/Lumine-benchmarks/Experiments/09/src/0_start/start.cpp:86] req_id = 600035, start_time = 1682006338768286
I0420 15:58:58.774636 Main        (1913834) /home/lgw/Lumine-benchmarks/Experiments/09/src/0_start/start.cpp:86] req_id = 480036, start_time = 1682006338772175
I0420 15:58:58.778162 Main        (1913834) /home/lgw/Lumine-benchmarks/Experiments/09/src/0_start/start.cpp:86] req_id = 1020035, start_time = 1682006338775943
I0420 15:58:58.780680 Main        (1913834) /home/lgw/Lumine-benchmarks/Experiments/09/src/0_start/start.cpp:86] req_id = 1260035, start_time = 1682006338779305
I0420 15:58:58.785304 Main        (1913834) /home/lgw/Lumine-benchmarks/Experiments/09/src/0_start/start.cpp:86] req_id = 1140036, start_time = 1682006338783135
I0420 15:58:58.788875 Main        (1913834) /home/lgw/Lumine-benchmarks/Experiments/09/src/0_start/start.cpp:86] req_id = 1320036, start_time = 1682006338786407
I0420 15:58:58.792564 Main        (1913834) /home/lgw/Lumine-benchmarks/Experiments/09/src/0_start/start.cpp:86] req_id = 1680036, start_time = 1682006338790549
I0420 15:58:58.796220 Main        (1913834) /home/lgw/Lumine-benchmarks/Experiments/09/src/0_start/start.cpp:86] req_id = 2280035, start_time = 1682006338794678
I0420 15:58:58.800072 Main        (1913834) /home/lgw/Lumine-benchmarks/Experiments/09/src/0_start/start.cpp:86] req_id = 2460035, start_time = 1682006338798386
I0420 15:58:58.804257 Main        (1913834) /home/lgw/Lumine-benchmarks/Experiments/09/src/0_start/start.cpp:86] req_id = 2340036, start_time = 1682006338802237
I0420 15:58:58.807734 Main        (1913834) /home/lgw/Lumine-benchmarks/Experiments/09/src/0_start/start.cpp:86] req_id = 2580036, start_time = 1682006338805868
I0420 15:58:58.811794 Main        (1913834) /home/lgw/Lumine-benchmarks/Experiments/09/src/0_start/start.cpp:86] req_id = 3000036, start_time = 1682006338810138
I0420 15:59:00.764703 Main        (1913834) /home/lgw/Lumine-benchmarks/Experiments/09/src/0_start/start.cpp:86] req_id = 60038, start_time = 1682006340763065
I0420 15:59:00.767833 Main        (1913834) /home/lgw/Lumine-benchmarks/Experiments/09/src/0_start/start.cpp:86] req_id = 360037, start_time = 1682006340766285
I0420 15:59:00.771917 Main        (1913834) /home/lgw/Lumine-benchmarks/Experiments/09/src/0_start/start.cpp:86] req_id = 660037, start_time = 1682006340769664
I0420 15:59:00.775341 Main        (1913834) /home/lgw/Lumine-benchmarks/Experiments/09/src/0_start/start.cpp:86] req_id = 420038, start_time = 1682006340773210
I0420 15:59:00.778470 Main        (1913834) /home/lgw/Lumine-benchmarks/Experiments/09/src/0_start/start.cpp:86] req_id = 660038, start_time = 1682006340776795
I0420 15:59:00.784434 Main        (1913834) /home/lgw/Lumine-benchmarks/Experiments/09/src/0_start/start.cpp:86] req_id = 960038, start_time = 1682006340780202
I0420 15:59:00.786955 Main        (1913834) /home/lgw/Lumine-benchmarks/Experiments/09/src/0_start/start.cpp:86] req_id = 1800037, start_time = 1682006340785665
I0420 15:59:00.790525 Main        (1913834) /home/lgw/Lumine-benchmarks/Experiments/09/src/0_start/start.cpp:86] req_id = 1980037, start_time = 1682006340788879
I0420 15:59:00.793936 Main        (1913834) /home/lgw/Lumine-benchmarks/Experiments/09/src/0_start/start.cpp:86] req_id = 2280037, start_time = 1682006340792471
I0420 15:59:00.798207 Main        (1913834) /home/lgw/Lumine-benchmarks/Experiments/09/src/0_start/start.cpp:86] req_id = 2040038, start_time = 1682006340796715
I0420 15:59:00.802578 Main        (1913834) /home/lgw/Lumine-benchmarks/Experiments/09/src/0_start/start.cpp:86] req_id = 2760037, start_time = 1682006340801339
I0420 15:59:00.806880 Main        (1913834) /home/lgw/Lumine-benchmarks/Experiments/09/src/0_start/start.cpp:86] req_id = 3000037, start_time = 1682006340805503
I0420 15:59:00.811529 Main        (1913834) /home/lgw/Lumine-benchmarks/Experiments/09/src/0_start/start.cpp:86] req_id = 3000038, start_time = 1682006340810110
I0420 15:59:02.767192 Main        (1913834) /home/lgw/Lumine-benchmarks/Experiments/09/src/0_start/start.cpp:86] req_id = 180039, start_time = 1682006342765222
I0420 15:59:02.772051 Main        (1913834) /home/lgw/Lumine-benchmarks/Experiments/09/src/0_start/start.cpp:86] req_id = 540039, start_time = 1682006342769408
I0420 15:59:02.776706 Main        (1913834) /home/lgw/Lumine-benchmarks/Experiments/09/src/0_start/start.cpp:86] req_id = 480040, start_time = 1682006342774213
I0420 15:59:02.779622 Main        (1913834) /home/lgw/Lumine-benchmarks/Experiments/09/src/0_start/start.cpp:86] req_id = 600040, start_time = 1682006342778328
I0420 15:59:02.782543 Main        (1913834) /home/lgw/Lumine-benchmarks/Experiments/09/src/0_start/start.cpp:86] req_id = 1380039, start_time = 1682006342780998
I0420 15:59:02.786241 Main        (1913834) /home/lgw/Lumine-benchmarks/Experiments/09/src/0_start/start.cpp:86] req_id = 1620039, start_time = 1682006342783993
I0420 15:59:02.789899 Main        (1913834) /home/lgw/Lumine-benchmarks/Experiments/09/src/0_start/start.cpp:86] req_id = 1860039, start_time = 1682006342787751
I0420 15:59:02.793133 Main        (1913834) /home/lgw/Lumine-benchmarks/Experiments/09/src/0_start/start.cpp:86] req_id = 1620040, start_time = 1682006342791477
I0420 15:59:02.796284 Main        (1913834) /home/lgw/Lumine-benchmarks/Experiments/09/src/0_start/start.cpp:86] req_id = 2340039, start_time = 1682006342794770
I0420 15:59:02.800262 Main        (1913834) /home/lgw/Lumine-benchmarks/Experiments/09/src/0_start/start.cpp:86] req_id = 2520039, start_time = 1682006342798424
I0420 15:59:02.803532 Main        (1913834) /home/lgw/Lumine-benchmarks/Experiments/09/src/0_start/start.cpp:86] req_id = 2400040, start_time = 1682006342801846
I0420 15:59:02.807164 Main        (1913834) /home/lgw/Lumine-benchmarks/Experiments/09/src/0_start/start.cpp:86] req_id = 2640040, start_time = 1682006342805290
I0420 15:59:02.810337 Main        (1913834) /home/lgw/Lumine-benchmarks/Experiments/09/src/0_start/start.cpp:86] req_id = 3000040, start_time = 1682006342808649
I0420 15:59:04.764725 Main        (1913834) /home/lgw/Lumine-benchmarks/Experiments/09/src/0_start/start.cpp:86] req_id = 120041, start_time = 1682006344763097
I0420 15:59:04.767690 Main        (1913834) /home/lgw/Lumine-benchmarks/Experiments/09/src/0_start/start.cpp:86] req_id = 300041, start_time = 1682006344766360
I0420 15:59:04.771581 Main        (1913834) /home/lgw/Lumine-benchmarks/Experiments/09/src/0_start/start.cpp:86] req_id = 180042, start_time = 1682006344769519
I0420 15:59:04.775307 Main        (1913834) /home/lgw/Lumine-benchmarks/Experiments/09/src/0_start/start.cpp:86] req_id = 480042, start_time = 1682006344772950
I0420 15:59:04.785359 Main        (1913834) /home/lgw/Lumine-benchmarks/Experiments/09/src/0_start/start.cpp:86] req_id = 600042, start_time = 1682006344776589
I0420 15:59:04.790027 Main        (1913834) /home/lgw/Lumine-benchmarks/Experiments/09/src/0_start/start.cpp:86] req_id = 900042, start_time = 1682006344787316
I0420 15:59:04.793182 Main        (1913834) /home/lgw/Lumine-benchmarks/Experiments/09/src/0_start/start.cpp:86] req_id = 1500041, start_time = 1682006344791382
I0420 15:59:04.795946 Main        (1913834) /home/lgw/Lumine-benchmarks/Experiments/09/src/0_start/start.cpp:86] req_id = 1740041, start_time = 1682006344794433
I0420 15:59:04.798963 Main        (1913834) /home/lgw/Lumine-benchmarks/Experiments/09/src/0_start/start.cpp:86] req_id = 1440042, start_time = 1682006344797362
I0420 15:59:04.804964 Main        (1913834) /home/lgw/Lumine-benchmarks/Experiments/09/src/0_start/start.cpp:86] req_id = 2280041, start_time = 1682006344803049
I0420 15:59:04.808332 Main        (1913834) /home/lgw/Lumine-benchmarks/Experiments/09/src/0_start/start.cpp:86] req_id = 2580041, start_time = 1682006344806581
I0420 15:59:04.812202 Main        (1913834) /home/lgw/Lumine-benchmarks/Experiments/09/src/0_start/start.cpp:86] req_id = 2220042, start_time = 1682006344810102
I0420 15:59:04.816500 Main        (1913834) /home/lgw/Lumine-benchmarks/Experiments/09/src/0_start/start.cpp:86] req_id = 2520042, start_time = 1682006344814278
I0420 15:59:04.819227 Main        (1913834) /home/lgw/Lumine-benchmarks/Experiments/09/src/0_start/start.cpp:86] req_id = 3000042, start_time = 1682006344817886
I0420 15:59:06.767684 Main        (1913834) /home/lgw/Lumine-benchmarks/Experiments/09/src/0_start/start.cpp:86] req_id = 180043, start_time = 1682006346765568
I0420 15:59:06.771050 Main        (1913834) /home/lgw/Lumine-benchmarks/Experiments/09/src/0_start/start.cpp:86] req_id = 540043, start_time = 1682006346768948
I0420 15:59:06.774851 Main        (1913834) /home/lgw/Lumine-benchmarks/Experiments/09/src/0_start/start.cpp:86] req_id = 720043, start_time = 1682006346772531
I0420 15:59:06.778358 Main        (1913834) /home/lgw/Lumine-benchmarks/Experiments/09/src/0_start/start.cpp:86] req_id = 660044, start_time = 1682006346776466
I0420 15:59:06.781395 Main        (1913834) /home/lgw/Lumine-benchmarks/Experiments/09/src/0_start/start.cpp:86] req_id = 780044, start_time = 1682006346779843
I0420 15:59:06.785172 Main        (1913834) /home/lgw/Lumine-benchmarks/Experiments/09/src/0_start/start.cpp:86] req_id = 1380043, start_time = 1682006346782533
I0420 15:59:06.789801 Main        (1913834) /home/lgw/Lumine-benchmarks/Experiments/09/src/0_start/start.cpp:86] req_id = 1680043, start_time = 1682006346786740
I0420 15:59:06.793923 Main        (1913834) /home/lgw/Lumine-benchmarks/Experiments/09/src/0_start/start.cpp:86] req_id = 2040043, start_time = 1682006346791670
I0420 15:59:06.797618 Main        (1913834) /home/lgw/Lumine-benchmarks/Experiments/09/src/0_start/start.cpp:86] req_id = 1740044, start_time = 1682006346796311
I0420 15:59:06.802433 Main        (1913834) /home/lgw/Lumine-benchmarks/Experiments/09/src/0_start/start.cpp:86] req_id = 2460043, start_time = 1682006346800972
I0420 15:59:06.808376 Main        (1913834) /home/lgw/Lumine-benchmarks/Experiments/09/src/0_start/start.cpp:86] req_id = 2700043, start_time = 1682006346806958
I0420 15:59:06.813419 Main        (1913834) /home/lgw/Lumine-benchmarks/Experiments/09/src/0_start/start.cpp:86] req_id = 2880043, start_time = 1682006346811703
I0420 15:59:06.818377 Main        (1913834) /home/lgw/Lumine-benchmarks/Experiments/09/src/0_start/start.cpp:86] req_id = 2880044, start_time = 1682006346816829
I0420 15:59:08.764964 Main        (1913834) /home/lgw/Lumine-benchmarks/Experiments/09/src/0_start/start.cpp:86] req_id = 120045, start_time = 1682006348763486
I0420 15:59:08.769102 Main        (1913834) /home/lgw/Lumine-benchmarks/Experiments/09/src/0_start/start.cpp:86] req_id = 120046, start_time = 1682006348767086
I0420 15:59:08.772585 Main        (1913834) /home/lgw/Lumine-benchmarks/Experiments/09/src/0_start/start.cpp:86] req_id = 720045, start_time = 1682006348770484
I0420 15:59:08.776568 Main        (1913834) /home/lgw/Lumine-benchmarks/Experiments/09/src/0_start/start.cpp:86] req_id = 900045, start_time = 1682006348773786
I0420 15:59:08.780079 Main        (1913834) /home/lgw/Lumine-benchmarks/Experiments/09/src/0_start/start.cpp:86] req_id = 1200045, start_time = 1682006348778502
I0420 15:59:08.784357 Main        (1913834) /home/lgw/Lumine-benchmarks/Experiments/09/src/0_start/start.cpp:86] req_id = 960046, start_time = 1682006348781898
I0420 15:59:08.787538 Main        (1913834) /home/lgw/Lumine-benchmarks/Experiments/09/src/0_start/start.cpp:86] req_id = 1620045, start_time = 1682006348785637
I0420 15:59:08.790919 Main        (1913834) /home/lgw/Lumine-benchmarks/Experiments/09/src/0_start/start.cpp:86] req_id = 1380046, start_time = 1682006348789141
I0420 15:59:08.795010 Main        (1913834) /home/lgw/Lumine-benchmarks/Experiments/09/src/0_start/start.cpp:86] req_id = 1620046, start_time = 1682006348793225
I0420 15:59:08.798785 Main        (1913834) /home/lgw/Lumine-benchmarks/Experiments/09/src/0_start/start.cpp:86] req_id = 2340045, start_time = 1682006348797094
I0420 15:59:08.804398 Main        (1913834) /home/lgw/Lumine-benchmarks/Experiments/09/src/0_start/start.cpp:86] req_id = 2640045, start_time = 1682006348802376
I0420 15:59:08.809665 Main        (1913834) /home/lgw/Lumine-benchmarks/Experiments/09/src/0_start/start.cpp:86] req_id = 2340046, start_time = 1682006348808081
I0420 15:59:08.814401 Main        (1913834) /home/lgw/Lumine-benchmarks/Experiments/09/src/0_start/start.cpp:86] req_id = 2700046, start_time = 1682006348813083
I0420 15:59:10.769906 Main        (1913834) /home/lgw/Lumine-benchmarks/Experiments/09/src/0_start/start.cpp:86] req_id = 120048, start_time = 1682006350766967
I0420 15:59:10.773606 Main        (1913834) /home/lgw/Lumine-benchmarks/Experiments/09/src/0_start/start.cpp:86] req_id = 720047, start_time = 1682006350771234
I0420 15:59:10.777654 Main        (1913834) /home/lgw/Lumine-benchmarks/Experiments/09/src/0_start/start.cpp:86] req_id = 960047, start_time = 1682006350775448
I0420 15:59:10.780858 Main        (1913834) /home/lgw/Lumine-benchmarks/Experiments/09/src/0_start/start.cpp:86] req_id = 1140047, start_time = 1682006350779037
I0420 15:59:10.783650 Main        (1913834) /home/lgw/Lumine-benchmarks/Experiments/09/src/0_start/start.cpp:86] req_id = 1440047, start_time = 1682006350782289
I0420 15:59:10.786487 Main        (1913834) /home/lgw/Lumine-benchmarks/Experiments/09/src/0_start/start.cpp:86] req_id = 1620047, start_time = 1682006350784992
I0420 15:59:10.802134 Main        (1913834) /home/lgw/Lumine-benchmarks/Experiments/09/src/0_start/start.cpp:86] req_id = 1920047, start_time = 1682006350787855
I0420 15:59:10.805642 Main        (1913834) /home/lgw/Lumine-benchmarks/Experiments/09/src/0_start/start.cpp:86] req_id = 2220047, start_time = 1682006350803493
I0420 15:59:10.817105 Main        (1913834) /home/lgw/Lumine-benchmarks/Experiments/09/src/0_start/start.cpp:86] req_id = 1800048, start_time = 1682006350806744
I0420 15:59:10.820207 Main        (1913834) /home/lgw/Lumine-benchmarks/Experiments/09/src/0_start/start.cpp:86] req_id = 2460047, start_time = 1682006350818375
I0420 15:59:10.826005 Main        (1913834) /home/lgw/Lumine-benchmarks/Experiments/09/src/0_start/start.cpp:86] req_id = 2520047, start_time = 1682006350821769
I0420 15:59:10.841244 Main        (1913834) /home/lgw/Lumine-benchmarks/Experiments/09/src/0_start/start.cpp:86] req_id = 2460048, start_time = 1682006350827722
I0420 15:59:10.846034 Main        (1913834) /home/lgw/Lumine-benchmarks/Experiments/09/src/0_start/start.cpp:86] req_id = 2640048, start_time = 1682006350843348
I0420 15:59:12.771283 Main        (1913834) /home/lgw/Lumine-benchmarks/Experiments/09/src/0_start/start.cpp:86] req_id = 600049, start_time = 1682006352768724
I0420 15:59:12.788620 Main        (1913834) /home/lgw/Lumine-benchmarks/Experiments/09/src/0_start/start.cpp:86] req_id = 300050, start_time = 1682006352772345
I0420 15:59:12.794112 Main        (1913834) /home/lgw/Lumine-benchmarks/Experiments/09/src/0_start/start.cpp:86] req_id = 720050, start_time = 1682006352791078
I0420 15:59:12.798037 Main        (1913834) /home/lgw/Lumine-benchmarks/Experiments/09/src/0_start/start.cpp:86] req_id = 1020050, start_time = 1682006352795454
I0420 15:59:12.807667 Main        (1913834) /home/lgw/Lumine-benchmarks/Experiments/09/src/0_start/start.cpp:86] req_id = 1200050, start_time = 1682006352799611
I0420 15:59:12.817565 Main        (1913834) /home/lgw/Lumine-benchmarks/Experiments/09/src/0_start/start.cpp:86] req_id = 2040049, start_time = 1682006352809471
I0420 15:59:12.822739 Main        (1913834) /home/lgw/Lumine-benchmarks/Experiments/09/src/0_start/start.cpp:86] req_id = 2280049, start_time = 1682006352819863
I0420 15:59:12.826413 Main        (1913834) /home/lgw/Lumine-benchmarks/Experiments/09/src/0_start/start.cpp:86] req_id = 1980050, start_time = 1682006352824076
I0420 15:59:12.830132 Main        (1913834) /home/lgw/Lumine-benchmarks/Experiments/09/src/0_start/start.cpp:86] req_id = 2760049, start_time = 1682006352828162
I0420 15:59:12.837093 Main        (1913834) /home/lgw/Lumine-benchmarks/Experiments/09/src/0_start/start.cpp:86] req_id = 3000049, start_time = 1682006352832154
I0420 15:59:12.840627 Main        (1913834) /home/lgw/Lumine-benchmarks/Experiments/09/src/0_start/start.cpp:86] req_id = 2820050, start_time = 1682006352838963
I0420 15:59:14.766406 Main        (1913834) /home/lgw/Lumine-benchmarks/Experiments/09/src/0_start/start.cpp:86] req_id = 120051, start_time = 1682006354764524
I0420 15:59:14.771547 Main        (1913834) /home/lgw/Lumine-benchmarks/Experiments/09/src/0_start/start.cpp:86] req_id = 60053, start_time = 1682006354769292
I0420 15:59:14.774739 Main        (1913834) /home/lgw/Lumine-benchmarks/Experiments/09/src/0_start/start.cpp:86] req_id = 780051, start_time = 1682006354772871
I0420 15:59:14.777813 Main        (1913834) /home/lgw/Lumine-benchmarks/Experiments/09/src/0_start/start.cpp:86] req_id = 600052, start_time = 1682006354776040
I0420 15:59:14.781280 Main        (1913834) /home/lgw/Lumine-benchmarks/Experiments/09/src/0_start/start.cpp:86] req_id = 780052, start_time = 1682006354779348
I0420 15:59:14.784309 Main        (1913834) /home/lgw/Lumine-benchmarks/Experiments/09/src/0_start/start.cpp:86] req_id = 1500051, start_time = 1682006354782504
I0420 15:59:14.787877 Main        (1913834) /home/lgw/Lumine-benchmarks/Experiments/09/src/0_start/start.cpp:86] req_id = 1800051, start_time = 1682006354785847
I0420 15:59:14.791226 Main        (1913834) /home/lgw/Lumine-benchmarks/Experiments/09/src/0_start/start.cpp:86] req_id = 1560052, start_time = 1682006354789110
I0420 15:59:14.794600 Main        (1913834) /home/lgw/Lumine-benchmarks/Experiments/09/src/0_start/start.cpp:86] req_id = 1800052, start_time = 1682006354793369
I0420 15:59:14.798370 Main        (1913834) /home/lgw/Lumine-benchmarks/Experiments/09/src/0_start/start.cpp:86] req_id = 2100052, start_time = 1682006354796839
I0420 15:59:14.802438 Main        (1913834) /home/lgw/Lumine-benchmarks/Experiments/09/src/0_start/start.cpp:86] req_id = 2280052, start_time = 1682006354800511
I0420 15:59:14.806303 Main        (1913834) /home/lgw/Lumine-benchmarks/Experiments/09/src/0_start/start.cpp:86] req_id = 2940051, start_time = 1682006354804086
I0420 15:59:14.809562 Main        (1913834) /home/lgw/Lumine-benchmarks/Experiments/09/src/0_start/start.cpp:86] req_id = 2940052, start_time = 1682006354807630
I0420 15:59:16.765480 Main        (1913834) /home/lgw/Lumine-benchmarks/Experiments/09/src/0_start/start.cpp:86] req_id = 120053, start_time = 1682006356764010
I0420 15:59:16.771460 Main        (1913834) /home/lgw/Lumine-benchmarks/Experiments/09/src/0_start/start.cpp:86] req_id = 600053, start_time = 1682006356769009
I0420 15:59:16.775121 Main        (1913834) /home/lgw/Lumine-benchmarks/Experiments/09/src/0_start/start.cpp:86] req_id = 300054, start_time = 1682006356773317
I0420 15:59:16.777859 Main        (1913834) /home/lgw/Lumine-benchmarks/Experiments/09/src/0_start/start.cpp:86] req_id = 960053, start_time = 1682006356776152
I0420 15:59:16.781753 Main        (1913834) /home/lgw/Lumine-benchmarks/Experiments/09/src/0_start/start.cpp:86] req_id = 1200053, start_time = 1682006356779446
I0420 15:59:16.785409 Main        (1913834) /home/lgw/Lumine-benchmarks/Experiments/09/src/0_start/start.cpp:86] req_id = 1080054, start_time = 1682006356782819
I0420 15:59:16.788091 Main        (1913834) /home/lgw/Lumine-benchmarks/Experiments/09/src/0_start/start.cpp:86] req_id = 1200054, start_time = 1682006356786478
I0420 15:59:16.792160 Main        (1913834) /home/lgw/Lumine-benchmarks/Experiments/09/src/0_start/start.cpp:86] req_id = 1440054, start_time = 1682006356789546
I0420 15:59:16.795320 Main        (1913834) /home/lgw/Lumine-benchmarks/Experiments/09/src/0_start/start.cpp:86] req_id = 1620054, start_time = 1682006356793656
I0420 15:59:16.798868 Main        (1913834) /home/lgw/Lumine-benchmarks/Experiments/09/src/0_start/start.cpp:86] req_id = 2400053, start_time = 1682006356797069
I0420 15:59:16.802335 Main        (1913834) /home/lgw/Lumine-benchmarks/Experiments/09/src/0_start/start.cpp:86] req_id = 2040054, start_time = 1682006356800797
I0420 15:59:16.805887 Main        (1913834) /home/lgw/Lumine-benchmarks/Experiments/09/src/0_start/start.cpp:86] req_id = 2820053, start_time = 1682006356803934
I0420 15:59:16.808591 Main        (1913834) /home/lgw/Lumine-benchmarks/Experiments/09/src/0_start/start.cpp:86] req_id = 3000053, start_time = 1682006356807192
I0420 15:59:18.769688 Main        (1913834) /home/lgw/Lumine-benchmarks/Experiments/09/src/0_start/start.cpp:86] req_id = 540055, start_time = 1682006358767598
I0420 15:59:18.773934 Main        (1913834) /home/lgw/Lumine-benchmarks/Experiments/09/src/0_start/start.cpp:86] req_id = 300056, start_time = 1682006358770993
I0420 15:59:18.778245 Main        (1913834) /home/lgw/Lumine-benchmarks/Experiments/09/src/0_start/start.cpp:86] req_id = 660056, start_time = 1682006358776714
I0420 15:59:18.783109 Main        (1913834) /home/lgw/Lumine-benchmarks/Experiments/09/src/0_start/start.cpp:86] req_id = 960056, start_time = 1682006358781236
I0420 15:59:18.786238 Main        (1913834) /home/lgw/Lumine-benchmarks/Experiments/09/src/0_start/start.cpp:86] req_id = 1140056, start_time = 1682006358784369
I0420 15:59:18.790044 Main        (1913834) /home/lgw/Lumine-benchmarks/Experiments/09/src/0_start/start.cpp:86] req_id = 1320056, start_time = 1682006358787803
I0420 15:59:18.794785 Main        (1913834) /home/lgw/Lumine-benchmarks/Experiments/09/src/0_start/start.cpp:86] req_id = 2040055, start_time = 1682006358793494
I0420 15:59:18.799714 Main        (1913834) /home/lgw/Lumine-benchmarks/Experiments/09/src/0_start/start.cpp:86] req_id = 2280055, start_time = 1682006358798274
I0420 15:59:18.805114 Main        (1913834) /home/lgw/Lumine-benchmarks/Experiments/09/src/0_start/start.cpp:86] req_id = 1980056, start_time = 1682006358803650
I0420 15:59:18.810136 Main        (1913834) /home/lgw/Lumine-benchmarks/Experiments/09/src/0_start/start.cpp:86] req_id = 2220056, start_time = 1682006358808831
I0420 15:59:18.815320 Main        (1913834) /home/lgw/Lumine-benchmarks/Experiments/09/src/0_start/start.cpp:86] req_id = 2460056, start_time = 1682006358814084
I0420 15:59:18.820601 Main        (1913834) /home/lgw/Lumine-benchmarks/Experiments/09/src/0_start/start.cpp:86] req_id = 2880056, start_time = 1682006358819177
I0420 15:59:20.765218 Main        (1913834) /home/lgw/Lumine-benchmarks/Experiments/09/src/0_start/start.cpp:86] req_id = 180057, start_time = 1682006360763487
I0420 15:59:20.769683 Main        (1913834) /home/lgw/Lumine-benchmarks/Experiments/09/src/0_start/start.cpp:86] req_id = 540057, start_time = 1682006360767316
I0420 15:59:20.773766 Main        (1913834) /home/lgw/Lumine-benchmarks/Experiments/09/src/0_start/start.cpp:86] req_id = 720057, start_time = 1682006360771443
I0420 15:59:20.776877 Main        (1913834) /home/lgw/Lumine-benchmarks/Experiments/09/src/0_start/start.cpp:86] req_id = 1020057, start_time = 1682006360775157
I0420 15:59:20.780565 Main        (1913834) /home/lgw/Lumine-benchmarks/Experiments/09/src/0_start/start.cpp:86] req_id = 840058, start_time = 1682006360778094
I0420 15:59:20.784440 Main        (1913834) /home/lgw/Lumine-benchmarks/Experiments/09/src/0_start/start.cpp:86] req_id = 1500057, start_time = 1682006360782133
I0420 15:59:20.788083 Main        (1913834) /home/lgw/Lumine-benchmarks/Experiments/09/src/0_start/start.cpp:86] req_id = 1200058, start_time = 1682006360785548
I0420 15:59:20.791321 Main        (1913834) /home/lgw/Lumine-benchmarks/Experiments/09/src/0_start/start.cpp:86] req_id = 1440058, start_time = 1682006360789128
I0420 15:59:20.795038 Main        (1913834) /home/lgw/Lumine-benchmarks/Experiments/09/src/0_start/start.cpp:86] req_id = 2100057, start_time = 1682006360793514
I0420 15:59:20.798767 Main        (1913834) /home/lgw/Lumine-benchmarks/Experiments/09/src/0_start/start.cpp:86] req_id = 2340057, start_time = 1682006360796921
I0420 15:59:20.802487 Main        (1913834) /home/lgw/Lumine-benchmarks/Experiments/09/src/0_start/start.cpp:86] req_id = 2580057, start_time = 1682006360800715
I0420 15:59:20.805990 Main        (1913834) /home/lgw/Lumine-benchmarks/Experiments/09/src/0_start/start.cpp:86] req_id = 2820057, start_time = 1682006360804613
I0420 15:59:20.809870 Main        (1913834) /home/lgw/Lumine-benchmarks/Experiments/09/src/0_start/start.cpp:86] req_id = 2580058, start_time = 1682006360807929
I0420 15:59:22.771928 Main        (1913834) /home/lgw/Lumine-benchmarks/Experiments/09/src/0_start/start.cpp:86] req_id = 660059, start_time = 1682006362769373
I0420 15:59:22.775202 Main        (1913834) /home/lgw/Lumine-benchmarks/Experiments/09/src/0_start/start.cpp:86] req_id = 840059, start_time = 1682006362773092
I0420 15:59:22.778722 Main        (1913834) /home/lgw/Lumine-benchmarks/Experiments/09/src/0_start/start.cpp:86] req_id = 660060, start_time = 1682006362777455
I0420 15:59:22.781108 Main        (1913834) /home/lgw/Lumine-benchmarks/Experiments/09/src/0_start/start.cpp:86] req_id = 1320059, start_time = 1682006362779997
I0420 15:59:22.784346 Main        (1913834) /home/lgw/Lumine-benchmarks/Experiments/09/src/0_start/start.cpp:86] req_id = 1020060, start_time = 1682006362782624
I0420 15:59:22.787070 Main        (1913834) /home/lgw/Lumine-benchmarks/Experiments/09/src/0_start/start.cpp:86] req_id = 1320060, start_time = 1682006362785453
I0420 15:59:22.789466 Main        (1913834) /home/lgw/Lumine-benchmarks/Experiments/09/src/0_start/start.cpp:86] req_id = 1740059, start_time = 1682006362788068
I0420 15:59:22.793171 Main        (1913834) /home/lgw/Lumine-benchmarks/Experiments/09/src/0_start/start.cpp:86] req_id = 1560060, start_time = 1682006362790911
I0420 15:59:22.796819 Main        (1913834) /home/lgw/Lumine-benchmarks/Experiments/09/src/0_start/start.cpp:86] req_id = 2220059, start_time = 1682006362795367
I0420 15:59:22.800744 Main        (1913834) /home/lgw/Lumine-benchmarks/Experiments/09/src/0_start/start.cpp:86] req_id = 1980060, start_time = 1682006362799375
I0420 15:59:22.808443 Main        (1913834) /home/lgw/Lumine-benchmarks/Experiments/09/src/0_start/start.cpp:86] req_id = 2160060, start_time = 1682006362803433
I0420 15:59:22.813220 Main        (1913834) /home/lgw/Lumine-benchmarks/Experiments/09/src/0_start/start.cpp:86] req_id = 2520060, start_time = 1682006362812090
I0420 15:59:24.789939 Main        (1913834) /home/lgw/Lumine-benchmarks/Experiments/09/src/0_start/start.cpp:86] req_id = 2340061, start_time = 1682006364788356
I0420 15:59:24.792995 Main        (1913834) /home/lgw/Lumine-benchmarks/Experiments/09/src/0_start/start.cpp:86] req_id = 2640061, start_time = 1682006364791391
I0420 15:59:24.796217 Main        (1913834) /home/lgw/Lumine-benchmarks/Experiments/09/src/0_start/start.cpp:86] req_id = 2820061, start_time = 1682006364794792
