I0419 11:18:40.076215 Main        (347301) /home/lgw/Lumine-benchmarks/Lumine/lib/base/thread.cpp:96] Register main thread: tid=347301
I0419 11:18:40.078735 Main        (347301) /home/lgw/Lumine-benchmarks/Lumine/lib/common/config.cpp:332] Load configuration for function exp09Start[1]
I0419 11:18:40.078929 Main        (347301) /home/lgw/Lumine-benchmarks/Lumine/lib/common/config.cpp:332] Load configuration for function exp09End[2]
I0419 11:18:40.079010 Main        (347301) /home/lgw/Lumine-benchmarks/Lumine/lib/common/config.cpp:332] Load configuration for function exp09Register[3]
I0419 11:18:40.079266 Main        (347301) /home/lgw/Lumine-benchmarks/Lumine/src/host/worker/cpp/func_worker.cpp:107] My client_id is 13
I0419 11:18:40.079371 Main        (347301) /home/lgw/Lumine-benchmarks/Lumine/src/host/worker/cpp/func_worker.cpp:173] Use extra pipes for messages
I0419 11:18:40.079716 Main        (347301) /home/lgw/Lumine-benchmarks/Lumine/src/host/worker/cpp/func_worker.cpp:195] Handshake done
I0419 11:20:48.858175 Main        (347301) /home/lgw/Lumine-benchmarks/Experiments/09/src/1_end/end.cpp:48] req_id = 3960075, end_time = 1681903248858161
I0419 11:20:48.859602 Main        (347301) /home/lgw/Lumine-benchmarks/Experiments/09/src/1_end/end.cpp:48] req_id = 3720111, end_time = 1681903248859596
I0419 11:20:48.860223 Main        (347301) /home/lgw/Lumine-benchmarks/Experiments/09/src/1_end/end.cpp:48] req_id = 4740119, end_time = 1681903248860217
I0419 11:20:48.864583 Main        (347301) /home/lgw/Lumine-benchmarks/Experiments/09/src/1_end/end.cpp:48] req_id = 1560193, end_time = 1681903248864577
I0419 11:20:48.898304 Main        (347301) /home/lgw/Lumine-benchmarks/Experiments/09/src/1_end/end.cpp:48] req_id = 2160091, end_time = 1681903248898298
I0419 11:20:49.009059 Main        (347301) /home/lgw/Lumine-benchmarks/Experiments/09/src/1_end/end.cpp:48] req_id = 1800227, end_time = 1681903249009053
I0419 11:20:49.032417 Main        (347301) /home/lgw/Lumine-benchmarks/Experiments/09/src/1_end/end.cpp:48] req_id = 1680106, end_time = 1681903249032411
I0419 11:20:49.134797 Main        (347301) /home/lgw/Lumine-benchmarks/Experiments/09/src/1_end/end.cpp:48] req_id = 1200152, end_time = 1681903249134791
I0419 11:20:49.147177 Main        (347301) /home/lgw/Lumine-benchmarks/Experiments/09/src/1_end/end.cpp:48] req_id = 1260130, end_time = 1681903249147171
I0419 11:20:49.149652 Main        (347301) /home/lgw/Lumine-benchmarks/Experiments/09/src/1_end/end.cpp:48] req_id = 2760039, end_time = 1681903249149645
I0419 11:20:49.153684 Main        (347301) /home/lgw/Lumine-benchmarks/Experiments/09/src/1_end/end.cpp:48] req_id = 1920082, end_time = 1681903249153677
I0419 11:20:49.157702 Main        (347301) /home/lgw/Lumine-benchmarks/Experiments/09/src/1_end/end.cpp:48] req_id = 480121, end_time = 1681903249157696
I0419 11:20:49.237783 Main        (347301) /home/lgw/Lumine-benchmarks/Experiments/09/src/1_end/end.cpp:48] req_id = 2640172, end_time = 1681903249237777
I0419 11:20:49.253507 Main        (347301) /home/lgw/Lumine-benchmarks/Experiments/09/src/1_end/end.cpp:48] req_id = 4620193, end_time = 1681903249253501
I0419 11:20:49.294276 Main        (347301) /home/lgw/Lumine-benchmarks/Experiments/09/src/1_end/end.cpp:48] req_id = 3780282, end_time = 1681903249294270
I0419 11:20:49.331117 Main        (347301) /home/lgw/Lumine-benchmarks/Experiments/09/src/1_end/end.cpp:48] req_id = 3180341, end_time = 1681903249331111
I0419 11:20:49.337692 Main        (347301) /home/lgw/Lumine-benchmarks/Experiments/09/src/1_end/end.cpp:48] req_id = 240033, end_time = 1681903249337686
I0419 11:20:49.413791 Main        (347301) /home/lgw/Lumine-benchmarks/Experiments/09/src/1_end/end.cpp:48] req_id = 360036, end_time = 1681903249413785
I0419 11:20:49.444519 Main        (347301) /home/lgw/Lumine-benchmarks/Experiments/09/src/1_end/end.cpp:48] req_id = 720036, end_time = 1681903249444513
I0419 11:20:49.457770 Main        (347301) /home/lgw/Lumine-benchmarks/Experiments/09/src/1_end/end.cpp:48] req_id = 1080108, end_time = 1681903249457764
I0419 11:20:49.464893 Main        (347301) /home/lgw/Lumine-benchmarks/Experiments/09/src/1_end/end.cpp:48] req_id = 780309, end_time = 1681903249464886
I0419 11:20:49.483391 Main        (347301) /home/lgw/Lumine-benchmarks/Experiments/09/src/1_end/end.cpp:48] req_id = 1380183, end_time = 1681903249483384
I0419 11:20:49.489732 Main        (347301) /home/lgw/Lumine-benchmarks/Experiments/09/src/1_end/end.cpp:48] req_id = 120017, end_time = 1681903249489725
I0419 11:20:49.525946 Main        (347301) /home/lgw/Lumine-benchmarks/Experiments/09/src/1_end/end.cpp:48] req_id = 4560260, end_time = 1681903249525940
I0419 11:20:49.636942 Main        (347301) /home/lgw/Lumine-benchmarks/Experiments/09/src/1_end/end.cpp:48] req_id = 2040248, end_time = 1681903249636935
I0419 11:20:49.638383 Main        (347301) /home/lgw/Lumine-benchmarks/Experiments/09/src/1_end/end.cpp:48] req_id = 4140051, end_time = 1681903249638377
I0419 11:20:49.643287 Main        (347301) /home/lgw/Lumine-benchmarks/Experiments/09/src/1_end/end.cpp:48] req_id = 2700047, end_time = 1681903249643281
I0419 11:20:49.645711 Main        (347301) /home/lgw/Lumine-benchmarks/Experiments/09/src/1_end/end.cpp:48] req_id = 2940078, end_time = 1681903249645705
I0419 11:20:49.648470 Main        (347301) /home/lgw/Lumine-benchmarks/Experiments/09/src/1_end/end.cpp:48] req_id = 2640037, end_time = 1681903249648464
I0419 11:20:49.653066 Main        (347301) /home/lgw/Lumine-benchmarks/Experiments/09/src/1_end/end.cpp:48] req_id = 900069, end_time = 1681903249653060
I0419 11:20:49.699289 Main        (347301) /home/lgw/Lumine-benchmarks/Experiments/09/src/1_end/end.cpp:48] req_id = 1500132, end_time = 1681903249699282
I0419 11:20:49.809836 Main        (347301) /home/lgw/Lumine-benchmarks/Experiments/09/src/1_end/end.cpp:48] req_id = 2400162, end_time = 1681903249809830
I0419 11:20:49.875850 Main        (347301) /home/lgw/Lumine-benchmarks/Experiments/09/src/1_end/end.cpp:48] req_id = 3120097, end_time = 1681903249875843
I0419 11:20:50.039001 Main        (347301) /home/lgw/Lumine-benchmarks/Experiments/09/src/1_end/end.cpp:48] req_id = 2340228, end_time = 1681903250038995
I0419 11:20:50.335924 Main        (347301) /home/lgw/Lumine-benchmarks/Experiments/09/src/1_end/end.cpp:48] req_id = 3780143, end_time = 1681903250335918
I0419 11:20:50.663132 Main        (347301) /home/lgw/Lumine-benchmarks/Experiments/09/src/1_end/end.cpp:48] req_id = 3600009, end_time = 1681903250663126
I0419 11:20:50.704200 Main        (347301) /home/lgw/Lumine-benchmarks/Experiments/09/src/1_end/end.cpp:48] req_id = 3120013, end_time = 1681903250704193
I0419 11:20:50.798799 Main        (347301) /home/lgw/Lumine-benchmarks/Experiments/09/src/1_end/end.cpp:48] req_id = 780052, end_time = 1681903250798792
I0419 11:20:50.808752 Main        (347301) /home/lgw/Lumine-benchmarks/Experiments/09/src/1_end/end.cpp:48] req_id = 4680059, end_time = 1681903250808746
I0419 11:20:50.828922 Main        (347301) /home/lgw/Lumine-benchmarks/Experiments/09/src/1_end/end.cpp:48] req_id = 1680143, end_time = 1681903250828915
I0419 11:20:50.863933 Main        (347301) /home/lgw/Lumine-benchmarks/Experiments/09/src/1_end/end.cpp:48] req_id = 2220125, end_time = 1681903250863927
I0419 11:20:50.880811 Main        (347301) /home/lgw/Lumine-benchmarks/Experiments/09/src/1_end/end.cpp:48] req_id = 180022, end_time = 1681903250880805
I0419 11:20:50.990917 Main        (347301) /home/lgw/Lumine-benchmarks/Experiments/09/src/1_end/end.cpp:48] req_id = 2340180, end_time = 1681903250990911
I0419 11:20:51.129035 Main        (347301) /home/lgw/Lumine-benchmarks/Experiments/09/src/1_end/end.cpp:48] req_id = 3780096, end_time = 1681903251129029
I0419 11:20:51.273173 Main        (347301) /home/lgw/Lumine-benchmarks/Experiments/09/src/1_end/end.cpp:48] req_id = 3180082, end_time = 1681903251273167
I0419 11:20:51.296715 Main        (347301) /home/lgw/Lumine-benchmarks/Experiments/09/src/1_end/end.cpp:48] req_id = 4020016, end_time = 1681903251296709
I0419 11:20:51.307968 Main        (347301) /home/lgw/Lumine-benchmarks/Experiments/09/src/1_end/end.cpp:48] req_id = 3720067, end_time = 1681903251307961
I0419 11:20:51.309856 Main        (347301) /home/lgw/Lumine-benchmarks/Experiments/09/src/1_end/end.cpp:48] req_id = 960033, end_time = 1681903251309849
I0419 11:20:51.324218 Main        (347301) /home/lgw/Lumine-benchmarks/Experiments/09/src/1_end/end.cpp:48] req_id = 3480014, end_time = 1681903251324211
I0419 11:20:51.338712 Main        (347301) /home/lgw/Lumine-benchmarks/Experiments/09/src/1_end/end.cpp:48] req_id = 300129, end_time = 1681903251338705
I0419 11:20:51.372322 Main        (347301) /home/lgw/Lumine-benchmarks/Experiments/09/src/1_end/end.cpp:48] req_id = 1080089, end_time = 1681903251372316
I0419 11:20:51.380878 Main        (347301) /home/lgw/Lumine-benchmarks/Experiments/09/src/1_end/end.cpp:48] req_id = 1980106, end_time = 1681903251380871
I0419 11:20:51.403909 Main        (347301) /home/lgw/Lumine-benchmarks/Experiments/09/src/1_end/end.cpp:48] req_id = 4020097, end_time = 1681903251403903
I0419 11:20:51.471991 Main        (347301) /home/lgw/Lumine-benchmarks/Experiments/09/src/1_end/end.cpp:48] req_id = 900104, end_time = 1681903251471985
I0419 11:20:51.478551 Main        (347301) /home/lgw/Lumine-benchmarks/Experiments/09/src/1_end/end.cpp:48] req_id = 420061, end_time = 1681903251478545
I0419 11:20:51.519228 Main        (347301) /home/lgw/Lumine-benchmarks/Experiments/09/src/1_end/end.cpp:48] req_id = 2220061, end_time = 1681903251519221
I0419 11:20:51.627899 Main        (347301) /home/lgw/Lumine-benchmarks/Experiments/09/src/1_end/end.cpp:48] req_id = 4800024, end_time = 1681903251627892
I0419 11:20:51.647253 Main        (347301) /home/lgw/Lumine-benchmarks/Experiments/09/src/1_end/end.cpp:48] req_id = 300018, end_time = 1681903251647247
I0419 11:20:51.699268 Main        (347301) /home/lgw/Lumine-benchmarks/Experiments/09/src/1_end/end.cpp:48] req_id = 4440304, end_time = 1681903251699261
I0419 11:20:51.701293 Main        (347301) /home/lgw/Lumine-benchmarks/Experiments/09/src/1_end/end.cpp:48] req_id = 1800092, end_time = 1681903251701286
I0419 11:20:51.704247 Main        (347301) /home/lgw/Lumine-benchmarks/Experiments/09/src/1_end/end.cpp:48] req_id = 780073, end_time = 1681903251704241
I0419 11:20:51.711909 Main        (347301) /home/lgw/Lumine-benchmarks/Experiments/09/src/1_end/end.cpp:48] req_id = 1860097, end_time = 1681903251711902
I0419 11:20:51.715304 Main        (347301) /home/lgw/Lumine-benchmarks/Experiments/09/src/1_end/end.cpp:48] req_id = 3780149, end_time = 1681903251715298
I0419 11:20:51.745900 Main        (347301) /home/lgw/Lumine-benchmarks/Experiments/09/src/1_end/end.cpp:48] req_id = 4380022, end_time = 1681903251745893
I0419 11:20:51.807992 Main        (347301) /home/lgw/Lumine-benchmarks/Experiments/09/src/1_end/end.cpp:48] req_id = 660070, end_time = 1681903251807986
I0419 11:20:51.819479 Main        (347301) /home/lgw/Lumine-benchmarks/Experiments/09/src/1_end/end.cpp:48] req_id = 2160099, end_time = 1681903251819473
I0419 11:20:51.867060 Main        (347301) /home/lgw/Lumine-benchmarks/Experiments/09/src/1_end/end.cpp:48] req_id = 2460143, end_time = 1681903251867054
I0419 11:20:51.888848 Main        (347301) /home/lgw/Lumine-benchmarks/Experiments/09/src/1_end/end.cpp:48] req_id = 4200162, end_time = 1681903251888842
I0419 11:20:51.889633 Main        (347301) /home/lgw/Lumine-benchmarks/Experiments/09/src/1_end/end.cpp:48] req_id = 3480196, end_time = 1681903251889627
I0419 11:20:51.929558 Main        (347301) /home/lgw/Lumine-benchmarks/Experiments/09/src/1_end/end.cpp:48] req_id = 2760154, end_time = 1681903251929552
I0419 11:20:51.952241 Main        (347301) /home/lgw/Lumine-benchmarks/Experiments/09/src/1_end/end.cpp:48] req_id = 4380134, end_time = 1681903251952234
I0419 11:20:51.962371 Main        (347301) /home/lgw/Lumine-benchmarks/Experiments/09/src/1_end/end.cpp:48] req_id = 2640197, end_time = 1681903251962365
I0419 11:20:51.962860 Main        (347301) /home/lgw/Lumine-benchmarks/Experiments/09/src/1_end/end.cpp:48] req_id = 120322, end_time = 1681903251962854
I0419 11:20:51.968681 Main        (347301) /home/lgw/Lumine-benchmarks/Experiments/09/src/1_end/end.cpp:48] req_id = 4740069, end_time = 1681903251968675
I0419 11:20:51.975054 Main        (347301) /home/lgw/Lumine-benchmarks/Experiments/09/src/1_end/end.cpp:48] req_id = 480123, end_time = 1681903251975048
I0419 11:20:51.993594 Main        (347301) /home/lgw/Lumine-benchmarks/Experiments/09/src/1_end/end.cpp:48] req_id = 720263, end_time = 1681903251993588
I0419 11:20:52.001970 Main        (347301) /home/lgw/Lumine-benchmarks/Experiments/09/src/1_end/end.cpp:48] req_id = 720038, end_time = 1681903252001964
I0419 11:20:52.028105 Main        (347301) /home/lgw/Lumine-benchmarks/Experiments/09/src/1_end/end.cpp:48] req_id = 3900032, end_time = 1681903252028099
I0419 11:20:52.114185 Main        (347301) /home/lgw/Lumine-benchmarks/Experiments/09/src/1_end/end.cpp:48] req_id = 540110, end_time = 1681903252114179
I0419 11:20:52.215181 Main        (347301) /home/lgw/Lumine-benchmarks/Experiments/09/src/1_end/end.cpp:48] req_id = 1860047, end_time = 1681903252215175
I0419 11:20:52.247076 Main        (347301) /home/lgw/Lumine-benchmarks/Experiments/09/src/1_end/end.cpp:48] req_id = 1020015, end_time = 1681903252247069
I0419 11:20:52.252954 Main        (347301) /home/lgw/Lumine-benchmarks/Experiments/09/src/1_end/end.cpp:48] req_id = 3660130, end_time = 1681903252252947
I0419 11:20:52.257516 Main        (347301) /home/lgw/Lumine-benchmarks/Experiments/09/src/1_end/end.cpp:48] req_id = 3900088, end_time = 1681903252257510
I0419 11:20:52.294017 Main        (347301) /home/lgw/Lumine-benchmarks/Experiments/09/src/1_end/end.cpp:48] req_id = 2220064, end_time = 1681903252294010
I0419 11:20:52.296948 Main        (347301) /home/lgw/Lumine-benchmarks/Experiments/09/src/1_end/end.cpp:48] req_id = 4440134, end_time = 1681903252296942
I0419 11:20:52.314388 Main        (347301) /home/lgw/Lumine-benchmarks/Experiments/09/src/1_end/end.cpp:48] req_id = 4080075, end_time = 1681903252314382
I0419 11:20:52.340997 Main        (347301) /home/lgw/Lumine-benchmarks/Experiments/09/src/1_end/end.cpp:48] req_id = 2700005, end_time = 1681903252340991
I0419 11:20:52.377557 Main        (347301) /home/lgw/Lumine-benchmarks/Experiments/09/src/1_end/end.cpp:48] req_id = 2700024, end_time = 1681903252377550
I0419 11:20:52.385340 Main        (347301) /home/lgw/Lumine-benchmarks/Experiments/09/src/1_end/end.cpp:48] req_id = 4200067, end_time = 1681903252385333
I0419 11:20:52.419100 Main        (347301) /home/lgw/Lumine-benchmarks/Experiments/09/src/1_end/end.cpp:48] req_id = 2340021, end_time = 1681903252419093
I0419 11:20:52.422099 Main        (347301) /home/lgw/Lumine-benchmarks/Experiments/09/src/1_end/end.cpp:48] req_id = 1560217, end_time = 1681903252422092
I0419 11:20:52.463357 Main        (347301) /home/lgw/Lumine-benchmarks/Experiments/09/src/1_end/end.cpp:48] req_id = 540042, end_time = 1681903252463351
I0419 11:20:52.597290 Main        (347301) /home/lgw/Lumine-benchmarks/Experiments/09/src/1_end/end.cpp:48] req_id = 2580050, end_time = 1681903252597284
I0419 11:20:52.600492 Main        (347301) /home/lgw/Lumine-benchmarks/Experiments/09/src/1_end/end.cpp:48] req_id = 3660027, end_time = 1681903252600485
I0419 11:20:59.752765 Main        (347301) /home/lgw/Lumine-benchmarks/Experiments/09/src/1_end/end.cpp:48] req_id = 3420235, end_time = 1681903259752758
I0419 11:20:59.753347 Main        (347301) /home/lgw/Lumine-benchmarks/Experiments/09/src/1_end/end.cpp:48] req_id = 4740080, end_time = 1681903259753340
I0419 11:21:00.011012 Main        (347301) /home/lgw/Lumine-benchmarks/Experiments/09/src/1_end/end.cpp:48] req_id = 1620131, end_time = 1681903260011004
I0419 11:21:00.020613 Main        (347301) /home/lgw/Lumine-benchmarks/Experiments/09/src/1_end/end.cpp:48] req_id = 1320258, end_time = 1681903260020606
I0419 11:21:00.056233 Main        (347301) /home/lgw/Lumine-benchmarks/Experiments/09/src/1_end/end.cpp:48] req_id = 420341, end_time = 1681903260056226
I0419 11:21:00.065863 Main        (347301) /home/lgw/Lumine-benchmarks/Experiments/09/src/1_end/end.cpp:48] req_id = 3840037, end_time = 1681903260065856
I0419 11:21:00.077064 Main        (347301) /home/lgw/Lumine-benchmarks/Experiments/09/src/1_end/end.cpp:48] req_id = 4140103, end_time = 1681903260077057
I0419 11:21:00.078602 Main        (347301) /home/lgw/Lumine-benchmarks/Experiments/09/src/1_end/end.cpp:48] req_id = 3780127, end_time = 1681903260078595
I0419 11:21:00.108808 Main        (347301) /home/lgw/Lumine-benchmarks/Experiments/09/src/1_end/end.cpp:48] req_id = 1080340, end_time = 1681903260108801
I0419 11:21:00.117981 Main        (347301) /home/lgw/Lumine-benchmarks/Experiments/09/src/1_end/end.cpp:48] req_id = 3420051, end_time = 1681903260117974
I0419 11:21:00.121742 Main        (347301) /home/lgw/Lumine-benchmarks/Experiments/09/src/1_end/end.cpp:48] req_id = 3480301, end_time = 1681903260121735
I0419 11:21:00.126235 Main        (347301) /home/lgw/Lumine-benchmarks/Experiments/09/src/1_end/end.cpp:48] req_id = 300140, end_time = 1681903260126228
I0419 11:21:00.129632 Main        (347301) /home/lgw/Lumine-benchmarks/Experiments/09/src/1_end/end.cpp:48] req_id = 1080184, end_time = 1681903260129625
I0419 11:21:00.129929 Main        (347301) /home/lgw/Lumine-benchmarks/Experiments/09/src/1_end/end.cpp:48] req_id = 3240055, end_time = 1681903260129923
I0419 11:21:00.136870 Main        (347301) /home/lgw/Lumine-benchmarks/Experiments/09/src/1_end/end.cpp:48] req_id = 1680350, end_time = 1681903260136863
I0419 11:21:00.160951 Main        (347301) /home/lgw/Lumine-benchmarks/Experiments/09/src/1_end/end.cpp:48] req_id = 2220069, end_time = 1681903260160944
I0419 11:21:00.184111 Main        (347301) /home/lgw/Lumine-benchmarks/Experiments/09/src/1_end/end.cpp:48] req_id = 1080112, end_time = 1681903260184104
I0419 11:21:00.194009 Main        (347301) /home/lgw/Lumine-benchmarks/Experiments/09/src/1_end/end.cpp:48] req_id = 1200242, end_time = 1681903260194002
I0419 11:21:00.202439 Main        (347301) /home/lgw/Lumine-benchmarks/Experiments/09/src/1_end/end.cpp:48] req_id = 4380267, end_time = 1681903260202432
I0419 11:21:00.204853 Main        (347301) /home/lgw/Lumine-benchmarks/Experiments/09/src/1_end/end.cpp:48] req_id = 1740162, end_time = 1681903260204846
I0419 11:21:00.211292 Main        (347301) /home/lgw/Lumine-benchmarks/Experiments/09/src/1_end/end.cpp:48] req_id = 300192, end_time = 1681903260211285
I0419 11:21:00.217283 Main        (347301) /home/lgw/Lumine-benchmarks/Experiments/09/src/1_end/end.cpp:48] req_id = 3180210, end_time = 1681903260217276
I0419 11:21:00.220598 Main        (347301) /home/lgw/Lumine-benchmarks/Experiments/09/src/1_end/end.cpp:48] req_id = 3120342, end_time = 1681903260220591
I0419 11:21:00.223059 Main        (347301) /home/lgw/Lumine-benchmarks/Experiments/09/src/1_end/end.cpp:48] req_id = 1680014, end_time = 1681903260223052
I0419 11:21:00.249723 Main        (347301) /home/lgw/Lumine-benchmarks/Experiments/09/src/1_end/end.cpp:48] req_id = 3180137, end_time = 1681903260249716
I0419 11:21:00.253269 Main        (347301) /home/lgw/Lumine-benchmarks/Experiments/09/src/1_end/end.cpp:48] req_id = 2100279, end_time = 1681903260253262
I0419 11:21:00.254333 Main        (347301) /home/lgw/Lumine-benchmarks/Experiments/09/src/1_end/end.cpp:48] req_id = 3720096, end_time = 1681903260254326
I0419 11:21:00.267963 Main        (347301) /home/lgw/Lumine-benchmarks/Experiments/09/src/1_end/end.cpp:48] req_id = 2520313, end_time = 1681903260267956
I0419 11:21:00.279448 Main        (347301) /home/lgw/Lumine-benchmarks/Experiments/09/src/1_end/end.cpp:48] req_id = 540115, end_time = 1681903260279441
I0419 11:21:00.324659 Main        (347301) /home/lgw/Lumine-benchmarks/Experiments/09/src/1_end/end.cpp:48] req_id = 4620139, end_time = 1681903260324652
I0419 11:21:00.339588 Main        (347301) /home/lgw/Lumine-benchmarks/Experiments/09/src/1_end/end.cpp:48] req_id = 4140235, end_time = 1681903260339581
I0419 11:21:00.363274 Main        (347301) /home/lgw/Lumine-benchmarks/Experiments/09/src/1_end/end.cpp:48] req_id = 3840173, end_time = 1681903260363266
I0419 11:21:00.391150 Main        (347301) /home/lgw/Lumine-benchmarks/Experiments/09/src/1_end/end.cpp:48] req_id = 1440093, end_time = 1681903260391142
I0419 11:21:00.391546 Main        (347301) /home/lgw/Lumine-benchmarks/Experiments/09/src/1_end/end.cpp:48] req_id = 300327, end_time = 1681903260391541
I0419 11:21:00.441194 Main        (347301) /home/lgw/Lumine-benchmarks/Experiments/09/src/1_end/end.cpp:48] req_id = 300046, end_time = 1681903260441187
I0419 11:21:00.452020 Main        (347301) /home/lgw/Lumine-benchmarks/Experiments/09/src/1_end/end.cpp:48] req_id = 4260284, end_time = 1681903260452014
I0419 11:21:00.477428 Main        (347301) /home/lgw/Lumine-benchmarks/Experiments/09/src/1_end/end.cpp:48] req_id = 3960015, end_time = 1681903260477421
I0419 11:21:00.513101 Main        (347301) /home/lgw/Lumine-benchmarks/Experiments/09/src/1_end/end.cpp:48] req_id = 3720057, end_time = 1681903260513094
I0419 11:21:00.517281 Main        (347301) /home/lgw/Lumine-benchmarks/Experiments/09/src/1_end/end.cpp:48] req_id = 3720261, end_time = 1681903260517274
I0419 11:21:00.537369 Main        (347301) /home/lgw/Lumine-benchmarks/Experiments/09/src/1_end/end.cpp:48] req_id = 480232, end_time = 1681903260537362
I0419 11:21:00.540807 Main        (347301) /home/lgw/Lumine-benchmarks/Experiments/09/src/1_end/end.cpp:48] req_id = 2280175, end_time = 1681903260540800
I0419 11:21:00.541699 Main        (347301) /home/lgw/Lumine-benchmarks/Experiments/09/src/1_end/end.cpp:48] req_id = 60244, end_time = 1681903260541692
I0419 11:21:00.547076 Main        (347301) /home/lgw/Lumine-benchmarks/Experiments/09/src/1_end/end.cpp:48] req_id = 3540057, end_time = 1681903260547069
I0419 11:21:00.550863 Main        (347301) /home/lgw/Lumine-benchmarks/Experiments/09/src/1_end/end.cpp:48] req_id = 840100, end_time = 1681903260550856
I0419 11:21:00.561680 Main        (347301) /home/lgw/Lumine-benchmarks/Experiments/09/src/1_end/end.cpp:48] req_id = 1380079, end_time = 1681903260561673
I0419 11:21:00.565172 Main        (347301) /home/lgw/Lumine-benchmarks/Experiments/09/src/1_end/end.cpp:48] req_id = 1920072, end_time = 1681903260565165
I0419 11:21:00.572694 Main        (347301) /home/lgw/Lumine-benchmarks/Experiments/09/src/1_end/end.cpp:48] req_id = 3060045, end_time = 1681903260572688
I0419 11:21:00.577205 Main        (347301) /home/lgw/Lumine-benchmarks/Experiments/09/src/1_end/end.cpp:48] req_id = 2940297, end_time = 1681903260577198
I0419 11:21:00.577611 Main        (347301) /home/lgw/Lumine-benchmarks/Experiments/09/src/1_end/end.cpp:48] req_id = 3840029, end_time = 1681903260577605
I0419 11:21:00.580003 Main        (347301) /home/lgw/Lumine-benchmarks/Experiments/09/src/1_end/end.cpp:48] req_id = 2040150, end_time = 1681903260579996
I0419 11:21:00.581645 Main        (347301) /home/lgw/Lumine-benchmarks/Experiments/09/src/1_end/end.cpp:48] req_id = 2220078, end_time = 1681903260581638
I0419 11:21:00.582647 Main        (347301) /home/lgw/Lumine-benchmarks/Experiments/09/src/1_end/end.cpp:48] req_id = 4080169, end_time = 1681903260582640
I0419 11:21:00.587306 Main        (347301) /home/lgw/Lumine-benchmarks/Experiments/09/src/1_end/end.cpp:48] req_id = 1020080, end_time = 1681903260587299
I0419 11:21:00.597903 Main        (347301) /home/lgw/Lumine-benchmarks/Experiments/09/src/1_end/end.cpp:48] req_id = 660243, end_time = 1681903260597896
I0419 11:21:00.598230 Main        (347301) /home/lgw/Lumine-benchmarks/Experiments/09/src/1_end/end.cpp:48] req_id = 720225, end_time = 1681903260598225
I0419 11:21:00.612010 Main        (347301) /home/lgw/Lumine-benchmarks/Experiments/09/src/1_end/end.cpp:48] req_id = 4320227, end_time = 1681903260612003
I0419 11:21:00.621637 Main        (347301) /home/lgw/Lumine-benchmarks/Experiments/09/src/1_end/end.cpp:48] req_id = 1500281, end_time = 1681903260621630
I0419 11:21:00.632025 Main        (347301) /home/lgw/Lumine-benchmarks/Experiments/09/src/1_end/end.cpp:48] req_id = 4140213, end_time = 1681903260632018
I0419 11:21:00.633575 Main        (347301) /home/lgw/Lumine-benchmarks/Experiments/09/src/1_end/end.cpp:48] req_id = 2340015, end_time = 1681903260633568
I0419 11:21:01.176308 Main        (347301) /home/lgw/Lumine-benchmarks/Experiments/09/src/1_end/end.cpp:48] req_id = 1860045, end_time = 1681903261176301
I0419 11:21:01.198148 Main        (347301) /home/lgw/Lumine-benchmarks/Experiments/09/src/1_end/end.cpp:48] req_id = 3180110, end_time = 1681903261198141
