I0420 16:22:01.243761 Main        (2099774) /home/lgw/Lumine-benchmarks/Lumine/lib/base/thread.cpp:96] Register main thread: tid=2099774
I0420 16:22:01.245588 Main        (2099774) /home/lgw/Lumine-benchmarks/Lumine/lib/common/config.cpp:332] Load configuration for function exp09Start[1]
I0420 16:22:01.245778 Main        (2099774) /home/lgw/Lumine-benchmarks/Lumine/lib/common/config.cpp:332] Load configuration for function exp09End[2]
I0420 16:22:01.245858 Main        (2099774) /home/lgw/Lumine-benchmarks/Lumine/lib/common/config.cpp:332] Load configuration for function exp09Register[3]
I0420 16:22:01.245909 Main        (2099774) /home/lgw/Lumine-benchmarks/Lumine/lib/common/config.cpp:332] Load configuration for function exp09StartFinra[4]
I0420 16:22:01.246074 Main        (2099774) /home/lgw/Lumine-benchmarks/Lumine/src/host/worker/cpp/func_worker.cpp:107] My client_id is 6
I0420 16:22:01.246181 Main        (2099774) /home/lgw/Lumine-benchmarks/Lumine/src/host/worker/cpp/func_worker.cpp:173] Use extra pipes for messages
I0420 16:22:01.309642 Main        (2099774) /home/lgw/Lumine-benchmarks/Lumine/src/host/worker/cpp/func_worker.cpp:195] Handshake done
I0420 16:22:40.475867 Main        (2099774) /home/lgw/Lumine-benchmarks/Experiments/09/src/0_start/start.cpp:86] req_id = 240001, start_time = 1682007760472160
I0420 16:22:40.493777 Main        (2099774) /home/lgw/Lumine-benchmarks/Experiments/09/src/0_start/start.cpp:86] req_id = 600001, start_time = 1682007760477705
I0420 16:22:40.587064 Main        (2099774) /home/lgw/Lumine-benchmarks/Experiments/09/src/0_start/start.cpp:86] req_id = 420002, start_time = 1682007760570523
I0420 16:22:40.592347 Main        (2099774) /home/lgw/Lumine-benchmarks/Experiments/09/src/0_start/start.cpp:86] req_id = 780002, start_time = 1682007760590109
I0420 16:22:40.598198 Main        (2099774) /home/lgw/Lumine-benchmarks/Experiments/09/src/0_start/start.cpp:86] req_id = 1440001, start_time = 1682007760596446
I0420 16:22:40.609623 Main        (2099774) /home/lgw/Lumine-benchmarks/Experiments/09/src/0_start/start.cpp:86] req_id = 1800001, start_time = 1682007760607095
I0420 16:22:40.615126 Main        (2099774) /home/lgw/Lumine-benchmarks/Experiments/09/src/0_start/start.cpp:86] req_id = 1440002, start_time = 1682007760613152
I0420 16:22:40.619341 Main        (2099774) /home/lgw/Lumine-benchmarks/Experiments/09/src/0_start/start.cpp:86] req_id = 1740002, start_time = 1682007760617990
I0420 16:22:40.624348 Main        (2099774) /home/lgw/Lumine-benchmarks/Experiments/09/src/0_start/start.cpp:86] req_id = 2040002, start_time = 1682007760623099
I0420 16:22:40.630080 Main        (2099774) /home/lgw/Lumine-benchmarks/Experiments/09/src/0_start/start.cpp:86] req_id = 2340001, start_time = 1682007760628339
I0420 16:22:41.527512 Main        (2099774) /home/lgw/Lumine-benchmarks/Experiments/09/src/0_start/start.cpp:86] req_id = 2520002, start_time = 1682007761525673
I0420 16:22:41.531735 Main        (2099774) /home/lgw/Lumine-benchmarks/Experiments/09/src/0_start/start.cpp:86] req_id = 2640002, start_time = 1682007761529826
I0420 16:22:41.534447 Main        (2099774) /home/lgw/Lumine-benchmarks/Experiments/09/src/0_start/start.cpp:86] req_id = 2700001, start_time = 1682007761533014
I0420 16:22:42.475643 Main        (2099774) /home/lgw/Lumine-benchmarks/Experiments/09/src/0_start/start.cpp:86] req_id = 240003, start_time = 1682007762474023
I0420 16:22:42.497303 Main        (2099774) /home/lgw/Lumine-benchmarks/Experiments/09/src/0_start/start.cpp:86] req_id = 540003, start_time = 1682007762477029
I0420 16:22:42.503187 Main        (2099774) /home/lgw/Lumine-benchmarks/Experiments/09/src/0_start/start.cpp:86] req_id = 540004, start_time = 1682007762499959
I0420 16:22:42.507924 Main        (2099774) /home/lgw/Lumine-benchmarks/Experiments/09/src/0_start/start.cpp:86] req_id = 960004, start_time = 1682007762504591
I0420 16:22:42.511733 Main        (2099774) /home/lgw/Lumine-benchmarks/Experiments/09/src/0_start/start.cpp:86] req_id = 1080004, start_time = 1682007762509429
I0420 16:22:42.528981 Main        (2099774) /home/lgw/Lumine-benchmarks/Experiments/09/src/0_start/start.cpp:86] req_id = 1740003, start_time = 1682007762523343
I0420 16:22:42.534208 Main        (2099774) /home/lgw/Lumine-benchmarks/Experiments/09/src/0_start/start.cpp:86] req_id = 1800003, start_time = 1682007762531011
I0420 16:22:42.545737 Main        (2099774) /home/lgw/Lumine-benchmarks/Experiments/09/src/0_start/start.cpp:86] req_id = 2220003, start_time = 1682007762535476
I0420 16:22:42.550184 Main        (2099774) /home/lgw/Lumine-benchmarks/Experiments/09/src/0_start/start.cpp:86] req_id = 2280004, start_time = 1682007762548013
I0420 16:22:42.569002 Main        (2099774) /home/lgw/Lumine-benchmarks/Experiments/09/src/0_start/start.cpp:86] req_id = 2760003, start_time = 1682007762563617
I0420 16:22:42.572743 Main        (2099774) /home/lgw/Lumine-benchmarks/Experiments/09/src/0_start/start.cpp:86] req_id = 3000003, start_time = 1682007762570977
I0420 16:22:42.576209 Main        (2099774) /home/lgw/Lumine-benchmarks/Experiments/09/src/0_start/start.cpp:86] req_id = 3000004, start_time = 1682007762574044
I0420 16:22:44.473978 Main        (2099774) /home/lgw/Lumine-benchmarks/Experiments/09/src/0_start/start.cpp:86] req_id = 180005, start_time = 1682007764471849
I0420 16:22:44.477817 Main        (2099774) /home/lgw/Lumine-benchmarks/Experiments/09/src/0_start/start.cpp:86] req_id = 60007, start_time = 1682007764476018
I0420 16:22:44.483588 Main        (2099774) /home/lgw/Lumine-benchmarks/Experiments/09/src/0_start/start.cpp:86] req_id = 300006, start_time = 1682007764479044
I0420 16:22:44.487656 Main        (2099774) /home/lgw/Lumine-benchmarks/Experiments/09/src/0_start/start.cpp:86] req_id = 600006, start_time = 1682007764485718
I0420 16:22:44.492239 Main        (2099774) /home/lgw/Lumine-benchmarks/Experiments/09/src/0_start/start.cpp:86] req_id = 1200005, start_time = 1682007764489103
I0420 16:22:44.496236 Main        (2099774) /home/lgw/Lumine-benchmarks/Experiments/09/src/0_start/start.cpp:86] req_id = 1440005, start_time = 1682007764493835
I0420 16:22:44.500124 Main        (2099774) /home/lgw/Lumine-benchmarks/Experiments/09/src/0_start/start.cpp:86] req_id = 1800005, start_time = 1682007764497573
I0420 16:22:44.504012 Main        (2099774) /home/lgw/Lumine-benchmarks/Experiments/09/src/0_start/start.cpp:86] req_id = 1920005, start_time = 1682007764502252
I0420 16:22:44.506780 Main        (2099774) /home/lgw/Lumine-benchmarks/Experiments/09/src/0_start/start.cpp:86] req_id = 1860006, start_time = 1682007764505257
I0420 16:22:44.511712 Main        (2099774) /home/lgw/Lumine-benchmarks/Experiments/09/src/0_start/start.cpp:86] req_id = 2400005, start_time = 1682007764508561
I0420 16:22:44.516304 Main        (2099774) /home/lgw/Lumine-benchmarks/Experiments/09/src/0_start/start.cpp:86] req_id = 2580005, start_time = 1682007764513660
I0420 16:22:44.520084 Main        (2099774) /home/lgw/Lumine-benchmarks/Experiments/09/src/0_start/start.cpp:86] req_id = 2820005, start_time = 1682007764518062
I0420 16:22:44.533533 Main        (2099774) /home/lgw/Lumine-benchmarks/Experiments/09/src/0_start/start.cpp:86] req_id = 2880006, start_time = 1682007764529393
I0420 16:22:46.475817 Main        (2099774) /home/lgw/Lumine-benchmarks/Experiments/09/src/0_start/start.cpp:86] req_id = 240007, start_time = 1682007766474042
I0420 16:22:46.480159 Main        (2099774) /home/lgw/Lumine-benchmarks/Experiments/09/src/0_start/start.cpp:86] req_id = 180008, start_time = 1682007766477591
I0420 16:22:46.484790 Main        (2099774) /home/lgw/Lumine-benchmarks/Experiments/09/src/0_start/start.cpp:86] req_id = 780007, start_time = 1682007766482171
I0420 16:22:46.501318 Main        (2099774) /home/lgw/Lumine-benchmarks/Experiments/09/src/0_start/start.cpp:86] req_id = 660008, start_time = 1682007766486284
I0420 16:22:46.505109 Main        (2099774) /home/lgw/Lumine-benchmarks/Experiments/09/src/0_start/start.cpp:86] req_id = 720008, start_time = 1682007766503157
I0420 16:22:46.509094 Main        (2099774) /home/lgw/Lumine-benchmarks/Experiments/09/src/0_start/start.cpp:86] req_id = 1260007, start_time = 1682007766506277
I0420 16:22:46.513889 Main        (2099774) /home/lgw/Lumine-benchmarks/Experiments/09/src/0_start/start.cpp:86] req_id = 1560007, start_time = 1682007766510859
I0420 16:22:46.517120 Main        (2099774) /home/lgw/Lumine-benchmarks/Experiments/09/src/0_start/start.cpp:86] req_id = 1500008, start_time = 1682007766515104
I0420 16:22:46.520970 Main        (2099774) /home/lgw/Lumine-benchmarks/Experiments/09/src/0_start/start.cpp:86] req_id = 2040007, start_time = 1682007766518764
I0420 16:22:46.529605 Main        (2099774) /home/lgw/Lumine-benchmarks/Experiments/09/src/0_start/start.cpp:86] req_id = 2160007, start_time = 1682007766527941
I0420 16:22:46.539116 Main        (2099774) /home/lgw/Lumine-benchmarks/Experiments/09/src/0_start/start.cpp:86] req_id = 2160008, start_time = 1682007766537785
I0420 16:22:46.549891 Main        (2099774) /home/lgw/Lumine-benchmarks/Experiments/09/src/0_start/start.cpp:86] req_id = 2340008, start_time = 1682007766548472
I0420 16:22:46.560128 Main        (2099774) /home/lgw/Lumine-benchmarks/Experiments/09/src/0_start/start.cpp:86] req_id = 2700008, start_time = 1682007766558665
I0420 16:22:48.478152 Main        (2099774) /home/lgw/Lumine-benchmarks/Experiments/09/src/0_start/start.cpp:86] req_id = 60011, start_time = 1682007768475784
I0420 16:22:48.482176 Main        (2099774) /home/lgw/Lumine-benchmarks/Experiments/09/src/0_start/start.cpp:86] req_id = 720009, start_time = 1682007768479534
I0420 16:22:48.485829 Main        (2099774) /home/lgw/Lumine-benchmarks/Experiments/09/src/0_start/start.cpp:86] req_id = 480010, start_time = 1682007768483486
I0420 16:22:48.489196 Main        (2099774) /home/lgw/Lumine-benchmarks/Experiments/09/src/0_start/start.cpp:86] req_id = 840010, start_time = 1682007768487143
I0420 16:22:48.504313 Main        (2099774) /home/lgw/Lumine-benchmarks/Experiments/09/src/0_start/start.cpp:86] req_id = 1380009, start_time = 1682007768502500
I0420 16:22:48.507304 Main        (2099774) /home/lgw/Lumine-benchmarks/Experiments/09/src/0_start/start.cpp:86] req_id = 1560009, start_time = 1682007768505580
I0420 16:22:48.511192 Main        (2099774) /home/lgw/Lumine-benchmarks/Experiments/09/src/0_start/start.cpp:86] req_id = 1500010, start_time = 1682007768508670
I0420 16:22:48.515341 Main        (2099774) /home/lgw/Lumine-benchmarks/Experiments/09/src/0_start/start.cpp:86] req_id = 1680010, start_time = 1682007768512683
I0420 16:22:48.520127 Main        (2099774) /home/lgw/Lumine-benchmarks/Experiments/09/src/0_start/start.cpp:86] req_id = 2100010, start_time = 1682007768517230
I0420 16:22:48.524660 Main        (2099774) /home/lgw/Lumine-benchmarks/Experiments/09/src/0_start/start.cpp:86] req_id = 2520009, start_time = 1682007768522976
I0420 16:22:48.530934 Main        (2099774) /home/lgw/Lumine-benchmarks/Experiments/09/src/0_start/start.cpp:86] req_id = 2460010, start_time = 1682007768529203
I0420 16:22:48.536332 Main        (2099774) /home/lgw/Lumine-benchmarks/Experiments/09/src/0_start/start.cpp:86] req_id = 2820010, start_time = 1682007768534874
I0420 16:22:50.475277 Main        (2099774) /home/lgw/Lumine-benchmarks/Experiments/09/src/0_start/start.cpp:86] req_id = 120011, start_time = 1682007770473253
I0420 16:22:50.480310 Main        (2099774) /home/lgw/Lumine-benchmarks/Experiments/09/src/0_start/start.cpp:86] req_id = 180012, start_time = 1682007770477432
I0420 16:22:50.484515 Main        (2099774) /home/lgw/Lumine-benchmarks/Experiments/09/src/0_start/start.cpp:86] req_id = 600011, start_time = 1682007770482092
I0420 16:22:50.487811 Main        (2099774) /home/lgw/Lumine-benchmarks/Experiments/09/src/0_start/start.cpp:86] req_id = 660012, start_time = 1682007770485699
I0420 16:22:50.491179 Main        (2099774) /home/lgw/Lumine-benchmarks/Experiments/09/src/0_start/start.cpp:86] req_id = 960012, start_time = 1682007770489159
I0420 16:22:50.495598 Main        (2099774) /home/lgw/Lumine-benchmarks/Experiments/09/src/0_start/start.cpp:86] req_id = 1560011, start_time = 1682007770494274
I0420 16:22:50.503511 Main        (2099774) /home/lgw/Lumine-benchmarks/Experiments/09/src/0_start/start.cpp:86] req_id = 1800011, start_time = 1682007770502226
I0420 16:22:50.510582 Main        (2099774) /home/lgw/Lumine-benchmarks/Experiments/09/src/0_start/start.cpp:86] req_id = 1620012, start_time = 1682007770509144
I0420 16:22:50.517439 Main        (2099774) /home/lgw/Lumine-benchmarks/Experiments/09/src/0_start/start.cpp:86] req_id = 1920012, start_time = 1682007770515691
I0420 16:22:50.527870 Main        (2099774) /home/lgw/Lumine-benchmarks/Experiments/09/src/0_start/start.cpp:86] req_id = 2400011, start_time = 1682007770526524
I0420 16:22:50.539236 Main        (2099774) /home/lgw/Lumine-benchmarks/Experiments/09/src/0_start/start.cpp:86] req_id = 2460012, start_time = 1682007770537099
I0420 16:22:50.550435 Main        (2099774) /home/lgw/Lumine-benchmarks/Experiments/09/src/0_start/start.cpp:86] req_id = 2520012, start_time = 1682007770548878
I0420 16:22:50.560758 Main        (2099774) /home/lgw/Lumine-benchmarks/Experiments/09/src/0_start/start.cpp:86] req_id = 3000012, start_time = 1682007770559187
I0420 16:22:52.473666 Main        (2099774) /home/lgw/Lumine-benchmarks/Experiments/09/src/0_start/start.cpp:86] req_id = 60014, start_time = 1682007772471561
I0420 16:22:52.478528 Main        (2099774) /home/lgw/Lumine-benchmarks/Experiments/09/src/0_start/start.cpp:86] req_id = 480013, start_time = 1682007772476386
I0420 16:22:52.481694 Main        (2099774) /home/lgw/Lumine-benchmarks/Experiments/09/src/0_start/start.cpp:86] req_id = 660013, start_time = 1682007772479862
I0420 16:22:52.488630 Main        (2099774) /home/lgw/Lumine-benchmarks/Experiments/09/src/0_start/start.cpp:86] req_id = 960013, start_time = 1682007772483777
I0420 16:22:52.493861 Main        (2099774) /home/lgw/Lumine-benchmarks/Experiments/09/src/0_start/start.cpp:86] req_id = 1320013, start_time = 1682007772491382
I0420 16:22:52.497645 Main        (2099774) /home/lgw/Lumine-benchmarks/Experiments/09/src/0_start/start.cpp:86] req_id = 1080014, start_time = 1682007772495249
I0420 16:22:52.507335 Main        (2099774) /home/lgw/Lumine-benchmarks/Experiments/09/src/0_start/start.cpp:86] req_id = 1860013, start_time = 1682007772499277
I0420 16:22:52.511756 Main        (2099774) /home/lgw/Lumine-benchmarks/Experiments/09/src/0_start/start.cpp:86] req_id = 1620014, start_time = 1682007772509399
I0420 16:22:52.516548 Main        (2099774) /home/lgw/Lumine-benchmarks/Experiments/09/src/0_start/start.cpp:86] req_id = 1860014, start_time = 1682007772514782
I0420 16:22:52.520386 Main        (2099774) /home/lgw/Lumine-benchmarks/Experiments/09/src/0_start/start.cpp:86] req_id = 2520013, start_time = 1682007772518706
I0420 16:22:52.534267 Main        (2099774) /home/lgw/Lumine-benchmarks/Experiments/09/src/0_start/start.cpp:86] req_id = 2460014, start_time = 1682007772532444
I0420 16:22:52.538719 Main        (2099774) /home/lgw/Lumine-benchmarks/Experiments/09/src/0_start/start.cpp:86] req_id = 2580014, start_time = 1682007772537034
I0420 16:22:54.490257 Main        (2099774) /home/lgw/Lumine-benchmarks/Experiments/09/src/0_start/start.cpp:86] req_id = 480015, start_time = 1682007774474805
I0420 16:22:54.496255 Main        (2099774) /home/lgw/Lumine-benchmarks/Experiments/09/src/0_start/start.cpp:86] req_id = 660015, start_time = 1682007774492801
I0420 16:22:54.500402 Main        (2099774) /home/lgw/Lumine-benchmarks/Experiments/09/src/0_start/start.cpp:86] req_id = 960015, start_time = 1682007774497945
I0420 16:22:54.503532 Main        (2099774) /home/lgw/Lumine-benchmarks/Experiments/09/src/0_start/start.cpp:86] req_id = 720016, start_time = 1682007774501711
I0420 16:22:54.511733 Main        (2099774) /home/lgw/Lumine-benchmarks/Experiments/09/src/0_start/start.cpp:86] req_id = 1380015, start_time = 1682007774509731
I0420 16:22:54.515007 Main        (2099774) /home/lgw/Lumine-benchmarks/Experiments/09/src/0_start/start.cpp:86] req_id = 1020016, start_time = 1682007774513482
I0420 16:22:54.518549 Main        (2099774) /home/lgw/Lumine-benchmarks/Experiments/09/src/0_start/start.cpp:86] req_id = 1620015, start_time = 1682007774516170
I0420 16:22:54.523973 Main        (2099774) /home/lgw/Lumine-benchmarks/Experiments/09/src/0_start/start.cpp:86] req_id = 1920015, start_time = 1682007774521171
I0420 16:22:54.528199 Main        (2099774) /home/lgw/Lumine-benchmarks/Experiments/09/src/0_start/start.cpp:86] req_id = 2220015, start_time = 1682007774525130
I0420 16:22:54.532136 Main        (2099774) /home/lgw/Lumine-benchmarks/Experiments/09/src/0_start/start.cpp:86] req_id = 1860016, start_time = 1682007774530120
I0420 16:22:54.546758 Main        (2099774) /home/lgw/Lumine-benchmarks/Experiments/09/src/0_start/start.cpp:86] req_id = 2640015, start_time = 1682007774536900
I0420 16:22:54.551263 Main        (2099774) /home/lgw/Lumine-benchmarks/Experiments/09/src/0_start/start.cpp:86] req_id = 2760015, start_time = 1682007774549031
I0420 16:22:54.568436 Main        (2099774) /home/lgw/Lumine-benchmarks/Experiments/09/src/0_start/start.cpp:86] req_id = 2880016, start_time = 1682007774558438
I0420 16:22:56.473331 Main        (2099774) /home/lgw/Lumine-benchmarks/Experiments/09/src/0_start/start.cpp:86] req_id = 120017, start_time = 1682007776471377
I0420 16:22:56.479728 Main        (2099774) /home/lgw/Lumine-benchmarks/Experiments/09/src/0_start/start.cpp:86] req_id = 600017, start_time = 1682007776477093
I0420 16:22:56.483635 Main        (2099774) /home/lgw/Lumine-benchmarks/Experiments/09/src/0_start/start.cpp:86] req_id = 840017, start_time = 1682007776481719
I0420 16:22:56.486744 Main        (2099774) /home/lgw/Lumine-benchmarks/Experiments/09/src/0_start/start.cpp:86] req_id = 720018, start_time = 1682007776484753
I0420 16:22:56.490448 Main        (2099774) /home/lgw/Lumine-benchmarks/Experiments/09/src/0_start/start.cpp:86] req_id = 960018, start_time = 1682007776488616
I0420 16:22:56.495919 Main        (2099774) /home/lgw/Lumine-benchmarks/Experiments/09/src/0_start/start.cpp:86] req_id = 1020018, start_time = 1682007776494246
I0420 16:22:56.498904 Main        (2099774) /home/lgw/Lumine-benchmarks/Experiments/09/src/0_start/start.cpp:86] req_id = 1800017, start_time = 1682007776497715
I0420 16:22:56.504373 Main        (2099774) /home/lgw/Lumine-benchmarks/Experiments/09/src/0_start/start.cpp:86] req_id = 1980017, start_time = 1682007776501486
I0420 16:22:56.508771 Main        (2099774) /home/lgw/Lumine-benchmarks/Experiments/09/src/0_start/start.cpp:86] req_id = 1800018, start_time = 1682007776507196
I0420 16:22:56.512402 Main        (2099774) /home/lgw/Lumine-benchmarks/Experiments/09/src/0_start/start.cpp:86] req_id = 2040018, start_time = 1682007776510463
I0420 16:22:56.516174 Main        (2099774) /home/lgw/Lumine-benchmarks/Experiments/09/src/0_start/start.cpp:86] req_id = 2460018, start_time = 1682007776513527
I0420 16:22:56.519872 Main        (2099774) /home/lgw/Lumine-benchmarks/Experiments/09/src/0_start/start.cpp:86] req_id = 2940017, start_time = 1682007776518495
I0420 16:22:56.526497 Main        (2099774) /home/lgw/Lumine-benchmarks/Experiments/09/src/0_start/start.cpp:86] req_id = 3000018, start_time = 1682007776524496
I0420 16:22:58.473661 Main        (2099774) /home/lgw/Lumine-benchmarks/Experiments/09/src/0_start/start.cpp:86] req_id = 60020, start_time = 1682007778471361
I0420 16:22:58.478789 Main        (2099774) /home/lgw/Lumine-benchmarks/Experiments/09/src/0_start/start.cpp:86] req_id = 600019, start_time = 1682007778476237
I0420 16:22:58.482155 Main        (2099774) /home/lgw/Lumine-benchmarks/Experiments/09/src/0_start/start.cpp:86] req_id = 840019, start_time = 1682007778480347
I0420 16:22:58.485538 Main        (2099774) /home/lgw/Lumine-benchmarks/Experiments/09/src/0_start/start.cpp:86] req_id = 540020, start_time = 1682007778483479
I0420 16:22:58.489801 Main        (2099774) /home/lgw/Lumine-benchmarks/Experiments/09/src/0_start/start.cpp:86] req_id = 1200019, start_time = 1682007778487545
I0420 16:22:58.507314 Main        (2099774) /home/lgw/Lumine-benchmarks/Experiments/09/src/0_start/start.cpp:86] req_id = 1380019, start_time = 1682007778504157
I0420 16:22:58.512134 Main        (2099774) /home/lgw/Lumine-benchmarks/Experiments/09/src/0_start/start.cpp:86] req_id = 1740019, start_time = 1682007778509186
I0420 16:22:58.515903 Main        (2099774) /home/lgw/Lumine-benchmarks/Experiments/09/src/0_start/start.cpp:86] req_id = 1620020, start_time = 1682007778513696
I0420 16:22:58.530945 Main        (2099774) /home/lgw/Lumine-benchmarks/Experiments/09/src/0_start/start.cpp:86] req_id = 2220019, start_time = 1682007778527993
I0420 16:22:58.535925 Main        (2099774) /home/lgw/Lumine-benchmarks/Experiments/09/src/0_start/start.cpp:86] req_id = 2460019, start_time = 1682007778532605
I0420 16:22:58.540995 Main        (2099774) /home/lgw/Lumine-benchmarks/Experiments/09/src/0_start/start.cpp:86] req_id = 2700019, start_time = 1682007778538880
I0420 16:22:58.544611 Main        (2099774) /home/lgw/Lumine-benchmarks/Experiments/09/src/0_start/start.cpp:86] req_id = 2580020, start_time = 1682007778542273
I0420 16:22:58.561120 Main        (2099774) /home/lgw/Lumine-benchmarks/Experiments/09/src/0_start/start.cpp:86] req_id = 3000020, start_time = 1682007778559578
I0420 16:23:00.473347 Main        (2099774) /home/lgw/Lumine-benchmarks/Experiments/09/src/0_start/start.cpp:86] req_id = 60022, start_time = 1682007780471239
I0420 16:23:00.478009 Main        (2099774) /home/lgw/Lumine-benchmarks/Experiments/09/src/0_start/start.cpp:86] req_id = 60023, start_time = 1682007780475831
I0420 16:23:00.481315 Main        (2099774) /home/lgw/Lumine-benchmarks/Experiments/09/src/0_start/start.cpp:86] req_id = 660021, start_time = 1682007780479256
I0420 16:23:00.484575 Main        (2099774) /home/lgw/Lumine-benchmarks/Experiments/09/src/0_start/start.cpp:86] req_id = 960021, start_time = 1682007780482470
I0420 16:23:00.488035 Main        (2099774) /home/lgw/Lumine-benchmarks/Experiments/09/src/0_start/start.cpp:86] req_id = 660022, start_time = 1682007780486461
I0420 16:23:00.504596 Main        (2099774) /home/lgw/Lumine-benchmarks/Experiments/09/src/0_start/start.cpp:86] req_id = 1380021, start_time = 1682007780502983
I0420 16:23:00.508468 Main        (2099774) /home/lgw/Lumine-benchmarks/Experiments/09/src/0_start/start.cpp:86] req_id = 1560021, start_time = 1682007780505964
I0420 16:23:00.512043 Main        (2099774) /home/lgw/Lumine-benchmarks/Experiments/09/src/0_start/start.cpp:86] req_id = 1860021, start_time = 1682007780509875
I0420 16:23:00.515711 Main        (2099774) /home/lgw/Lumine-benchmarks/Experiments/09/src/0_start/start.cpp:86] req_id = 2100021, start_time = 1682007780513642
I0420 16:23:00.538799 Main        (2099774) /home/lgw/Lumine-benchmarks/Experiments/09/src/0_start/start.cpp:86] req_id = 1860022, start_time = 1682007780528495
I0420 16:23:00.544653 Main        (2099774) /home/lgw/Lumine-benchmarks/Experiments/09/src/0_start/start.cpp:86] req_id = 2640021, start_time = 1682007780542188
I0420 16:23:00.548479 Main        (2099774) /home/lgw/Lumine-benchmarks/Experiments/09/src/0_start/start.cpp:86] req_id = 2880021, start_time = 1682007780546323
I0420 16:23:00.563155 Main        (2099774) /home/lgw/Lumine-benchmarks/Experiments/09/src/0_start/start.cpp:86] req_id = 2880022, start_time = 1682007780560838
I0420 16:23:02.477828 Main        (2099774) /home/lgw/Lumine-benchmarks/Experiments/09/src/0_start/start.cpp:86] req_id = 360023, start_time = 1682007782474211
I0420 16:23:02.482768 Main        (2099774) /home/lgw/Lumine-benchmarks/Experiments/09/src/0_start/start.cpp:86] req_id = 300024, start_time = 1682007782480054
I0420 16:23:02.486995 Main        (2099774) /home/lgw/Lumine-benchmarks/Experiments/09/src/0_start/start.cpp:86] req_id = 480024, start_time = 1682007782484566
I0420 16:23:02.489728 Main        (2099774) /home/lgw/Lumine-benchmarks/Experiments/09/src/0_start/start.cpp:86] req_id = 660024, start_time = 1682007782488275
I0420 16:23:02.492269 Main        (2099774) /home/lgw/Lumine-benchmarks/Experiments/09/src/0_start/start.cpp:86] req_id = 840024, start_time = 1682007782490840
I0420 16:23:02.504713 Main        (2099774) /home/lgw/Lumine-benchmarks/Experiments/09/src/0_start/start.cpp:86] req_id = 1560023, start_time = 1682007782502609
I0420 16:23:02.508621 Main        (2099774) /home/lgw/Lumine-benchmarks/Experiments/09/src/0_start/start.cpp:86] req_id = 1380024, start_time = 1682007782506141
I0420 16:23:02.513024 Main        (2099774) /home/lgw/Lumine-benchmarks/Experiments/09/src/0_start/start.cpp:86] req_id = 2040023, start_time = 1682007782510550
I0420 16:23:02.516590 Main        (2099774) /home/lgw/Lumine-benchmarks/Experiments/09/src/0_start/start.cpp:86] req_id = 1920024, start_time = 1682007782514588
I0420 16:23:02.520769 Main        (2099774) /home/lgw/Lumine-benchmarks/Experiments/09/src/0_start/start.cpp:86] req_id = 2460023, start_time = 1682007782517683
I0420 16:23:02.532819 Main        (2099774) /home/lgw/Lumine-benchmarks/Experiments/09/src/0_start/start.cpp:86] req_id = 2340024, start_time = 1682007782522151
I0420 16:23:02.535768 Main        (2099774) /home/lgw/Lumine-benchmarks/Experiments/09/src/0_start/start.cpp:86] req_id = 2640024, start_time = 1682007782534204
I0420 16:23:02.539659 Main        (2099774) /home/lgw/Lumine-benchmarks/Experiments/09/src/0_start/start.cpp:86] req_id = 2940024, start_time = 1682007782537060
I0420 16:23:04.481372 Main        (2099774) /home/lgw/Lumine-benchmarks/Experiments/09/src/0_start/start.cpp:86] req_id = 60026, start_time = 1682007784471732
I0420 16:23:04.486242 Main        (2099774) /home/lgw/Lumine-benchmarks/Experiments/09/src/0_start/start.cpp:86] req_id = 540025, start_time = 1682007784483831
I0420 16:23:04.489434 Main        (2099774) /home/lgw/Lumine-benchmarks/Experiments/09/src/0_start/start.cpp:86] req_id = 420026, start_time = 1682007784487425
I0420 16:23:04.493550 Main        (2099774) /home/lgw/Lumine-benchmarks/Experiments/09/src/0_start/start.cpp:86] req_id = 540026, start_time = 1682007784491073
I0420 16:23:04.496242 Main        (2099774) /home/lgw/Lumine-benchmarks/Experiments/09/src/0_start/start.cpp:86] req_id = 960026, start_time = 1682007784494431
I0420 16:23:04.501263 Main        (2099774) /home/lgw/Lumine-benchmarks/Experiments/09/src/0_start/start.cpp:86] req_id = 1500025, start_time = 1682007784497993
I0420 16:23:04.518106 Main        (2099774) /home/lgw/Lumine-benchmarks/Experiments/09/src/0_start/start.cpp:86] req_id = 1260026, start_time = 1682007784512155
I0420 16:23:04.523227 Main        (2099774) /home/lgw/Lumine-benchmarks/Experiments/09/src/0_start/start.cpp:86] req_id = 1560026, start_time = 1682007784520400
I0420 16:23:04.532408 Main        (2099774) /home/lgw/Lumine-benchmarks/Experiments/09/src/0_start/start.cpp:86] req_id = 1740026, start_time = 1682007784524694
I0420 16:23:04.537438 Main        (2099774) /home/lgw/Lumine-benchmarks/Experiments/09/src/0_start/start.cpp:86] req_id = 2100026, start_time = 1682007784534817
I0420 16:23:04.550430 Main        (2099774) /home/lgw/Lumine-benchmarks/Experiments/09/src/0_start/start.cpp:86] req_id = 2220026, start_time = 1682007784547962
I0420 16:23:04.562458 Main        (2099774) /home/lgw/Lumine-benchmarks/Experiments/09/src/0_start/start.cpp:86] req_id = 2640026, start_time = 1682007784551568
I0420 16:23:04.567255 Main        (2099774) /home/lgw/Lumine-benchmarks/Experiments/09/src/0_start/start.cpp:86] req_id = 3000026, start_time = 1682007784565179
I0420 16:23:06.473666 Main        (2099774) /home/lgw/Lumine-benchmarks/Experiments/09/src/0_start/start.cpp:86] req_id = 60028, start_time = 1682007786471314
I0420 16:23:06.477684 Main        (2099774) /home/lgw/Lumine-benchmarks/Experiments/09/src/0_start/start.cpp:86] req_id = 60029, start_time = 1682007786475447
I0420 16:23:06.481470 Main        (2099774) /home/lgw/Lumine-benchmarks/Experiments/09/src/0_start/start.cpp:86] req_id = 780027, start_time = 1682007786478860
I0420 16:23:06.485646 Main        (2099774) /home/lgw/Lumine-benchmarks/Experiments/09/src/0_start/start.cpp:86] req_id = 1020027, start_time = 1682007786482821
I0420 16:23:06.488599 Main        (2099774) /home/lgw/Lumine-benchmarks/Experiments/09/src/0_start/start.cpp:86] req_id = 720028, start_time = 1682007786487108
I0420 16:23:06.492357 Main        (2099774) /home/lgw/Lumine-benchmarks/Experiments/09/src/0_start/start.cpp:86] req_id = 1440027, start_time = 1682007786490131
I0420 16:23:06.495298 Main        (2099774) /home/lgw/Lumine-benchmarks/Experiments/09/src/0_start/start.cpp:86] req_id = 1620027, start_time = 1682007786493711
I0420 16:23:06.499712 Main        (2099774) /home/lgw/Lumine-benchmarks/Experiments/09/src/0_start/start.cpp:86] req_id = 1920027, start_time = 1682007786497288
I0420 16:23:06.505945 Main        (2099774) /home/lgw/Lumine-benchmarks/Experiments/09/src/0_start/start.cpp:86] req_id = 1680028, start_time = 1682007786503670
I0420 16:23:06.522404 Main        (2099774) /home/lgw/Lumine-benchmarks/Experiments/09/src/0_start/start.cpp:86] req_id = 2340027, start_time = 1682007786520217
I0420 16:23:06.534052 Main        (2099774) /home/lgw/Lumine-benchmarks/Experiments/09/src/0_start/start.cpp:86] req_id = 2640027, start_time = 1682007786531439
I0420 16:23:06.539469 Main        (2099774) /home/lgw/Lumine-benchmarks/Experiments/09/src/0_start/start.cpp:86] req_id = 2820027, start_time = 1682007786537521
I0420 16:23:06.544910 Main        (2099774) /home/lgw/Lumine-benchmarks/Experiments/09/src/0_start/start.cpp:86] req_id = 2700028, start_time = 1682007786543356
I0420 16:23:08.475674 Main        (2099774) /home/lgw/Lumine-benchmarks/Experiments/09/src/0_start/start.cpp:86] req_id = 360029, start_time = 1682007788473330
I0420 16:23:08.479892 Main        (2099774) /home/lgw/Lumine-benchmarks/Experiments/09/src/0_start/start.cpp:86] req_id = 180030, start_time = 1682007788477161
I0420 16:23:08.483820 Main        (2099774) /home/lgw/Lumine-benchmarks/Experiments/09/src/0_start/start.cpp:86] req_id = 360030, start_time = 1682007788481215
I0420 16:23:08.487574 Main        (2099774) /home/lgw/Lumine-benchmarks/Experiments/09/src/0_start/start.cpp:86] req_id = 1080029, start_time = 1682007788484990
I0420 16:23:08.500323 Main        (2099774) /home/lgw/Lumine-benchmarks/Experiments/09/src/0_start/start.cpp:86] req_id = 960030, start_time = 1682007788498483
I0420 16:23:08.504355 Main        (2099774) /home/lgw/Lumine-benchmarks/Experiments/09/src/0_start/start.cpp:86] req_id = 1560029, start_time = 1682007788501561
I0420 16:23:08.507968 Main        (2099774) /home/lgw/Lumine-benchmarks/Experiments/09/src/0_start/start.cpp:86] req_id = 1860029, start_time = 1682007788505423
I0420 16:23:08.510678 Main        (2099774) /home/lgw/Lumine-benchmarks/Experiments/09/src/0_start/start.cpp:86] req_id = 1560030, start_time = 1682007788509213
I0420 16:23:08.514128 Main        (2099774) /home/lgw/Lumine-benchmarks/Experiments/09/src/0_start/start.cpp:86] req_id = 2280029, start_time = 1682007788512584
I0420 16:23:08.531306 Main        (2099774) /home/lgw/Lumine-benchmarks/Experiments/09/src/0_start/start.cpp:86] req_id = 2580029, start_time = 1682007788528567
I0420 16:23:08.535600 Main        (2099774) /home/lgw/Lumine-benchmarks/Experiments/09/src/0_start/start.cpp:86] req_id = 2460030, start_time = 1682007788532823
I0420 16:23:08.538469 Main        (2099774) /home/lgw/Lumine-benchmarks/Experiments/09/src/0_start/start.cpp:86] req_id = 2700030, start_time = 1682007788537080
I0420 16:23:10.475820 Main        (2099774) /home/lgw/Lumine-benchmarks/Experiments/09/src/0_start/start.cpp:86] req_id = 300031, start_time = 1682007790473954
I0420 16:23:10.480596 Main        (2099774) /home/lgw/Lumine-benchmarks/Experiments/09/src/0_start/start.cpp:86] req_id = 660031, start_time = 1682007790477322
I0420 16:23:10.484562 Main        (2099774) /home/lgw/Lumine-benchmarks/Experiments/09/src/0_start/start.cpp:86] req_id = 480032, start_time = 1682007790482001
I0420 16:23:10.488411 Main        (2099774) /home/lgw/Lumine-benchmarks/Experiments/09/src/0_start/start.cpp:86] req_id = 1200031, start_time = 1682007790485951
I0420 16:23:10.493437 Main        (2099774) /home/lgw/Lumine-benchmarks/Experiments/09/src/0_start/start.cpp:86] req_id = 1380031, start_time = 1682007790489774
I0420 16:23:10.507661 Main        (2099774) /home/lgw/Lumine-benchmarks/Experiments/09/src/0_start/start.cpp:86] req_id = 1260032, start_time = 1682007790505924
I0420 16:23:10.520314 Main        (2099774) /home/lgw/Lumine-benchmarks/Experiments/09/src/0_start/start.cpp:86] req_id = 1500032, start_time = 1682007790518739
I0420 16:23:10.524367 Main        (2099774) /home/lgw/Lumine-benchmarks/Experiments/09/src/0_start/start.cpp:86] req_id = 1740032, start_time = 1682007790521621
I0420 16:23:10.528374 Main        (2099774) /home/lgw/Lumine-benchmarks/Experiments/09/src/0_start/start.cpp:86] req_id = 2460031, start_time = 1682007790525766
I0420 16:23:10.542428 Main        (2099774) /home/lgw/Lumine-benchmarks/Experiments/09/src/0_start/start.cpp:86] req_id = 2220032, start_time = 1682007790539665
I0420 16:23:10.545851 Main        (2099774) /home/lgw/Lumine-benchmarks/Experiments/09/src/0_start/start.cpp:86] req_id = 3000031, start_time = 1682007790543878
I0420 16:23:10.549427 Main        (2099774) /home/lgw/Lumine-benchmarks/Experiments/09/src/0_start/start.cpp:86] req_id = 2760032, start_time = 1682007790547266
I0420 16:23:12.476064 Main        (2099774) /home/lgw/Lumine-benchmarks/Experiments/09/src/0_start/start.cpp:86] req_id = 120033, start_time = 1682007792473266
I0420 16:23:12.480453 Main        (2099774) /home/lgw/Lumine-benchmarks/Experiments/09/src/0_start/start.cpp:86] req_id = 120034, start_time = 1682007792478348
I0420 16:23:12.484977 Main        (2099774) /home/lgw/Lumine-benchmarks/Experiments/09/src/0_start/start.cpp:86] req_id = 780033, start_time = 1682007792481940
I0420 16:23:12.496094 Main        (2099774) /home/lgw/Lumine-benchmarks/Experiments/09/src/0_start/start.cpp:86] req_id = 600034, start_time = 1682007792494462
I0420 16:23:12.499608 Main        (2099774) /home/lgw/Lumine-benchmarks/Experiments/09/src/0_start/start.cpp:86] req_id = 960034, start_time = 1682007792497246
I0420 16:23:12.503578 Main        (2099774) /home/lgw/Lumine-benchmarks/Experiments/09/src/0_start/start.cpp:86] req_id = 1560033, start_time = 1682007792501092
I0420 16:23:12.506441 Main        (2099774) /home/lgw/Lumine-benchmarks/Experiments/09/src/0_start/start.cpp:86] req_id = 1740033, start_time = 1682007792504771
I0420 16:23:12.510086 Main        (2099774) /home/lgw/Lumine-benchmarks/Experiments/09/src/0_start/start.cpp:86] req_id = 1560034, start_time = 1682007792508308
I0420 16:23:12.517677 Main        (2099774) /home/lgw/Lumine-benchmarks/Experiments/09/src/0_start/start.cpp:86] req_id = 1800034, start_time = 1682007792516006
I0420 16:23:12.521331 Main        (2099774) /home/lgw/Lumine-benchmarks/Experiments/09/src/0_start/start.cpp:86] req_id = 2460033, start_time = 1682007792519250
I0420 16:23:12.531450 Main        (2099774) /home/lgw/Lumine-benchmarks/Experiments/09/src/0_start/start.cpp:86] req_id = 2160034, start_time = 1682007792528215
I0420 16:23:12.540976 Main        (2099774) /home/lgw/Lumine-benchmarks/Experiments/09/src/0_start/start.cpp:86] req_id = 2520034, start_time = 1682007792539022
I0420 16:23:12.545045 Main        (2099774) /home/lgw/Lumine-benchmarks/Experiments/09/src/0_start/start.cpp:86] req_id = 2820034, start_time = 1682007792542913
I0420 16:23:14.485510 Main        (2099774) /home/lgw/Lumine-benchmarks/Experiments/09/src/0_start/start.cpp:86] req_id = 300035, start_time = 1682007794472722
I0420 16:23:14.491707 Main        (2099774) /home/lgw/Lumine-benchmarks/Experiments/09/src/0_start/start.cpp:86] req_id = 720035, start_time = 1682007794489246
I0420 16:23:14.495794 Main        (2099774) /home/lgw/Lumine-benchmarks/Experiments/09/src/0_start/start.cpp:86] req_id = 900035, start_time = 1682007794493224
I0420 16:23:14.499074 Main        (2099774) /home/lgw/Lumine-benchmarks/Experiments/09/src/0_start/start.cpp:86] req_id = 1200035, start_time = 1682007794497203
I0420 16:23:14.514513 Main        (2099774) /home/lgw/Lumine-benchmarks/Experiments/09/src/0_start/start.cpp:86] req_id = 960036, start_time = 1682007794501155
I0420 16:23:14.521224 Main        (2099774) /home/lgw/Lumine-benchmarks/Experiments/09/src/0_start/start.cpp:86] req_id = 1800035, start_time = 1682007794517899
I0420 16:23:14.524551 Main        (2099774) /home/lgw/Lumine-benchmarks/Experiments/09/src/0_start/start.cpp:86] req_id = 1500036, start_time = 1682007794522552
I0420 16:23:14.528583 Main        (2099774) /home/lgw/Lumine-benchmarks/Experiments/09/src/0_start/start.cpp:86] req_id = 2220035, start_time = 1682007794526248
I0420 16:23:14.537485 Main        (2099774) /home/lgw/Lumine-benchmarks/Experiments/09/src/0_start/start.cpp:86] req_id = 2460035, start_time = 1682007794530989
I0420 16:23:14.545136 Main        (2099774) /home/lgw/Lumine-benchmarks/Experiments/09/src/0_start/start.cpp:86] req_id = 2580035, start_time = 1682007794543471
I0420 16:23:14.558690 Main        (2099774) /home/lgw/Lumine-benchmarks/Experiments/09/src/0_start/start.cpp:86] req_id = 2340036, start_time = 1682007794549705
I0420 16:23:14.566867 Main        (2099774) /home/lgw/Lumine-benchmarks/Experiments/09/src/0_start/start.cpp:86] req_id = 3000035, start_time = 1682007794565025
I0420 16:23:16.479174 Main        (2099774) /home/lgw/Lumine-benchmarks/Experiments/09/src/0_start/start.cpp:86] req_id = 120038, start_time = 1682007796476684
I0420 16:23:16.482898 Main        (2099774) /home/lgw/Lumine-benchmarks/Experiments/09/src/0_start/start.cpp:86] req_id = 840037, start_time = 1682007796480556
I0420 16:23:16.486529 Main        (2099774) /home/lgw/Lumine-benchmarks/Experiments/09/src/0_start/start.cpp:86] req_id = 660038, start_time = 1682007796484283
I0420 16:23:16.500284 Main        (2099774) /home/lgw/Lumine-benchmarks/Experiments/09/src/0_start/start.cpp:86] req_id = 1260037, start_time = 1682007796498568
I0420 16:23:16.504306 Main        (2099774) /home/lgw/Lumine-benchmarks/Experiments/09/src/0_start/start.cpp:86] req_id = 1620037, start_time = 1682007796501775
I0420 16:23:16.507993 Main        (2099774) /home/lgw/Lumine-benchmarks/Experiments/09/src/0_start/start.cpp:86] req_id = 1380038, start_time = 1682007796505667
I0420 16:23:16.512175 Main        (2099774) /home/lgw/Lumine-benchmarks/Experiments/09/src/0_start/start.cpp:86] req_id = 1500038, start_time = 1682007796509310
I0420 16:23:16.524270 Main        (2099774) /home/lgw/Lumine-benchmarks/Experiments/09/src/0_start/start.cpp:86] req_id = 2280037, start_time = 1682007796522832
I0420 16:23:16.527427 Main        (2099774) /home/lgw/Lumine-benchmarks/Experiments/09/src/0_start/start.cpp:86] req_id = 2040038, start_time = 1682007796525453
I0420 16:23:16.531271 Main        (2099774) /home/lgw/Lumine-benchmarks/Experiments/09/src/0_start/start.cpp:86] req_id = 2460038, start_time = 1682007796529021
I0420 16:23:16.544939 Main        (2099774) /home/lgw/Lumine-benchmarks/Experiments/09/src/0_start/start.cpp:86] req_id = 2940037, start_time = 1682007796543294
I0420 16:23:16.548894 Main        (2099774) /home/lgw/Lumine-benchmarks/Experiments/09/src/0_start/start.cpp:86] req_id = 2940038, start_time = 1682007796546211
I0420 16:23:18.477254 Main        (2099774) /home/lgw/Lumine-benchmarks/Experiments/09/src/0_start/start.cpp:86] req_id = 180039, start_time = 1682007798471889
I0420 16:23:18.480012 Main        (2099774) /home/lgw/Lumine-benchmarks/Experiments/09/src/0_start/start.cpp:86] req_id = 120040, start_time = 1682007798478649
I0420 16:23:18.483476 Main        (2099774) /home/lgw/Lumine-benchmarks/Experiments/09/src/0_start/start.cpp:86] req_id = 360040, start_time = 1682007798481660
I0420 16:23:18.488253 Main        (2099774) /home/lgw/Lumine-benchmarks/Experiments/09/src/0_start/start.cpp:86] req_id = 1020039, start_time = 1682007798485639
I0420 16:23:18.491321 Main        (2099774) /home/lgw/Lumine-benchmarks/Experiments/09/src/0_start/start.cpp:86] req_id = 780040, start_time = 1682007798489714
I0420 16:23:18.509921 Main        (2099774) /home/lgw/Lumine-benchmarks/Experiments/09/src/0_start/start.cpp:86] req_id = 1020040, start_time = 1682007798506914
I0420 16:23:18.514198 Main        (2099774) /home/lgw/Lumine-benchmarks/Experiments/09/src/0_start/start.cpp:86] req_id = 1320040, start_time = 1682007798512219
I0420 16:23:18.518041 Main        (2099774) /home/lgw/Lumine-benchmarks/Experiments/09/src/0_start/start.cpp:86] req_id = 2040039, start_time = 1682007798515825
I0420 16:23:18.521489 Main        (2099774) /home/lgw/Lumine-benchmarks/Experiments/09/src/0_start/start.cpp:86] req_id = 1920040, start_time = 1682007798520131
I0420 16:23:18.525836 Main        (2099774) /home/lgw/Lumine-benchmarks/Experiments/09/src/0_start/start.cpp:86] req_id = 2460039, start_time = 1682007798523697
I0420 16:23:18.530833 Main        (2099774) /home/lgw/Lumine-benchmarks/Experiments/09/src/0_start/start.cpp:86] req_id = 2760039, start_time = 1682007798529422
I0420 16:23:18.535947 Main        (2099774) /home/lgw/Lumine-benchmarks/Experiments/09/src/0_start/start.cpp:86] req_id = 2940039, start_time = 1682007798534358
I0420 16:23:18.541230 Main        (2099774) /home/lgw/Lumine-benchmarks/Experiments/09/src/0_start/start.cpp:86] req_id = 2940040, start_time = 1682007798539359
I0420 16:23:20.474078 Main        (2099774) /home/lgw/Lumine-benchmarks/Experiments/09/src/0_start/start.cpp:86] req_id = 120041, start_time = 1682007800471914
I0420 16:23:20.478976 Main        (2099774) /home/lgw/Lumine-benchmarks/Experiments/09/src/0_start/start.cpp:86] req_id = 600041, start_time = 1682007800476509
I0420 16:23:20.482900 Main        (2099774) /home/lgw/Lumine-benchmarks/Experiments/09/src/0_start/start.cpp:86] req_id = 420042, start_time = 1682007800480103
I0420 16:23:20.486535 Main        (2099774) /home/lgw/Lumine-benchmarks/Experiments/09/src/0_start/start.cpp:86] req_id = 1020041, start_time = 1682007800484277
I0420 16:23:20.501502 Main        (2099774) /home/lgw/Lumine-benchmarks/Experiments/09/src/0_start/start.cpp:86] req_id = 840042, start_time = 1682007800499559
I0420 16:23:20.505385 Main        (2099774) /home/lgw/Lumine-benchmarks/Experiments/09/src/0_start/start.cpp:86] req_id = 1500041, start_time = 1682007800502851
I0420 16:23:20.509082 Main        (2099774) /home/lgw/Lumine-benchmarks/Experiments/09/src/0_start/start.cpp:86] req_id = 1260042, start_time = 1682007800506735
I0420 16:23:20.512852 Main        (2099774) /home/lgw/Lumine-benchmarks/Experiments/09/src/0_start/start.cpp:86] req_id = 1560042, start_time = 1682007800511057
I0420 16:23:20.516353 Main        (2099774) /home/lgw/Lumine-benchmarks/Experiments/09/src/0_start/start.cpp:86] req_id = 1800042, start_time = 1682007800514727
I0420 16:23:20.520405 Main        (2099774) /home/lgw/Lumine-benchmarks/Experiments/09/src/0_start/start.cpp:86] req_id = 1980042, start_time = 1682007800518517
I0420 16:23:20.524437 Main        (2099774) /home/lgw/Lumine-benchmarks/Experiments/09/src/0_start/start.cpp:86] req_id = 2220042, start_time = 1682007800523382
I0420 16:23:20.529334 Main        (2099774) /home/lgw/Lumine-benchmarks/Experiments/09/src/0_start/start.cpp:86] req_id = 3000041, start_time = 1682007800527578
I0420 16:23:20.535509 Main        (2099774) /home/lgw/Lumine-benchmarks/Experiments/09/src/0_start/start.cpp:86] req_id = 2820042, start_time = 1682007800533796
I0420 16:23:22.476733 Main        (2099774) /home/lgw/Lumine-benchmarks/Experiments/09/src/0_start/start.cpp:86] req_id = 240043, start_time = 1682007802474077
I0420 16:23:22.480250 Main        (2099774) /home/lgw/Lumine-benchmarks/Experiments/09/src/0_start/start.cpp:86] req_id = 60045, start_time = 1682007802478834
I0420 16:23:22.483481 Main        (2099774) /home/lgw/Lumine-benchmarks/Experiments/09/src/0_start/start.cpp:86] req_id = 420044, start_time = 1682007802481468
I0420 16:23:22.487890 Main        (2099774) /home/lgw/Lumine-benchmarks/Experiments/09/src/0_start/start.cpp:86] req_id = 960043, start_time = 1682007802486554
I0420 16:23:22.492836 Main        (2099774) /home/lgw/Lumine-benchmarks/Experiments/09/src/0_start/start.cpp:86] req_id = 1140043, start_time = 1682007802491323
I0420 16:23:22.509261 Main        (2099774) /home/lgw/Lumine-benchmarks/Experiments/09/src/0_start/start.cpp:86] req_id = 1440043, start_time = 1682007802495920
I0420 16:23:22.514192 Main        (2099774) /home/lgw/Lumine-benchmarks/Experiments/09/src/0_start/start.cpp:86] req_id = 1140044, start_time = 1682007802511364
I0420 16:23:22.529519 Main        (2099774) /home/lgw/Lumine-benchmarks/Experiments/09/src/0_start/start.cpp:86] req_id = 1800043, start_time = 1682007802516196
I0420 16:23:22.534463 Main        (2099774) /home/lgw/Lumine-benchmarks/Experiments/09/src/0_start/start.cpp:86] req_id = 1500044, start_time = 1682007802531502
I0420 16:23:22.538469 Main        (2099774) /home/lgw/Lumine-benchmarks/Experiments/09/src/0_start/start.cpp:86] req_id = 1800044, start_time = 1682007802536640
I0420 16:23:22.542749 Main        (2099774) /home/lgw/Lumine-benchmarks/Experiments/09/src/0_start/start.cpp:86] req_id = 2460043, start_time = 1682007802540641
I0420 16:23:22.546028 Main        (2099774) /home/lgw/Lumine-benchmarks/Experiments/09/src/0_start/start.cpp:86] req_id = 2640043, start_time = 1682007802544159
I0420 16:23:22.553636 Main        (2099774) /home/lgw/Lumine-benchmarks/Experiments/09/src/0_start/start.cpp:86] req_id = 2940043, start_time = 1682007802552521
I0420 16:23:22.561534 Main        (2099774) /home/lgw/Lumine-benchmarks/Experiments/09/src/0_start/start.cpp:86] req_id = 2820044, start_time = 1682007802560035
I0420 16:23:24.485493 Main        (2099774) /home/lgw/Lumine-benchmarks/Experiments/09/src/0_start/start.cpp:86] req_id = 240045, start_time = 1682007804472490
I0420 16:23:24.489176 Main        (2099774) /home/lgw/Lumine-benchmarks/Experiments/09/src/0_start/start.cpp:86] req_id = 60047, start_time = 1682007804487127
I0420 16:23:24.492978 Main        (2099774) /home/lgw/Lumine-benchmarks/Experiments/09/src/0_start/start.cpp:86] req_id = 720045, start_time = 1682007804490592
I0420 16:23:24.497131 Main        (2099774) /home/lgw/Lumine-benchmarks/Experiments/09/src/0_start/start.cpp:86] req_id = 600046, start_time = 1682007804494399
I0420 16:23:24.500615 Main        (2099774) /home/lgw/Lumine-benchmarks/Experiments/09/src/0_start/start.cpp:86] req_id = 780046, start_time = 1682007804498936
I0420 16:23:24.509264 Main        (2099774) /home/lgw/Lumine-benchmarks/Experiments/09/src/0_start/start.cpp:86] req_id = 1440045, start_time = 1682007804501914
I0420 16:23:24.516675 Main        (2099774) /home/lgw/Lumine-benchmarks/Experiments/09/src/0_start/start.cpp:86] req_id = 1620045, start_time = 1682007804514707
I0420 16:23:24.519996 Main        (2099774) /home/lgw/Lumine-benchmarks/Experiments/09/src/0_start/start.cpp:86] req_id = 1800045, start_time = 1682007804518165
I0420 16:23:24.523803 Main        (2099774) /home/lgw/Lumine-benchmarks/Experiments/09/src/0_start/start.cpp:86] req_id = 2100045, start_time = 1682007804521411
I0420 16:23:24.526831 Main        (2099774) /home/lgw/Lumine-benchmarks/Experiments/09/src/0_start/start.cpp:86] req_id = 2280045, start_time = 1682007804525048
I0420 16:23:24.543097 Main        (2099774) /home/lgw/Lumine-benchmarks/Experiments/09/src/0_start/start.cpp:86] req_id = 2040046, start_time = 1682007804540518
I0420 16:23:24.547558 Main        (2099774) /home/lgw/Lumine-benchmarks/Experiments/09/src/0_start/start.cpp:86] req_id = 2760045, start_time = 1682007804544678
I0420 16:23:24.550834 Main        (2099774) /home/lgw/Lumine-benchmarks/Experiments/09/src/0_start/start.cpp:86] req_id = 2880045, start_time = 1682007804549169
I0420 16:23:24.554620 Main        (2099774) /home/lgw/Lumine-benchmarks/Experiments/09/src/0_start/start.cpp:86] req_id = 3000046, start_time = 1682007804552280
I0420 16:23:26.473858 Main        (2099774) /home/lgw/Lumine-benchmarks/Experiments/09/src/0_start/start.cpp:86] req_id = 60048, start_time = 1682007806471474
I0420 16:23:26.478755 Main        (2099774) /home/lgw/Lumine-benchmarks/Experiments/09/src/0_start/start.cpp:86] req_id = 60049, start_time = 1682007806476211
I0420 16:23:26.482811 Main        (2099774) /home/lgw/Lumine-benchmarks/Experiments/09/src/0_start/start.cpp:86] req_id = 420048, start_time = 1682007806480235
I0420 16:23:26.488933 Main        (2099774) /home/lgw/Lumine-benchmarks/Experiments/09/src/0_start/start.cpp:86] req_id = 540048, start_time = 1682007806485161
I0420 16:23:26.496069 Main        (2099774) /home/lgw/Lumine-benchmarks/Experiments/09/src/0_start/start.cpp:86] req_id = 1440047, start_time = 1682007806493854
I0420 16:23:26.500200 Main        (2099774) /home/lgw/Lumine-benchmarks/Experiments/09/src/0_start/start.cpp:86] req_id = 1200048, start_time = 1682007806498032
I0420 16:23:26.513346 Main        (2099774) /home/lgw/Lumine-benchmarks/Experiments/09/src/0_start/start.cpp:86] req_id = 1920047, start_time = 1682007806501589
I0420 16:23:26.516747 Main        (2099774) /home/lgw/Lumine-benchmarks/Experiments/09/src/0_start/start.cpp:86] req_id = 1500048, start_time = 1682007806515089
I0420 16:23:26.520577 Main        (2099774) /home/lgw/Lumine-benchmarks/Experiments/09/src/0_start/start.cpp:86] req_id = 1740048, start_time = 1682007806517994
I0420 16:23:26.525913 Main        (2099774) /home/lgw/Lumine-benchmarks/Experiments/09/src/0_start/start.cpp:86] req_id = 2460047, start_time = 1682007806522958
I0420 16:23:26.530295 Main        (2099774) /home/lgw/Lumine-benchmarks/Experiments/09/src/0_start/start.cpp:86] req_id = 2220048, start_time = 1682007806528528
I0420 16:23:26.534722 Main        (2099774) /home/lgw/Lumine-benchmarks/Experiments/09/src/0_start/start.cpp:86] req_id = 2940047, start_time = 1682007806532750
I0420 16:23:26.548906 Main        (2099774) /home/lgw/Lumine-benchmarks/Experiments/09/src/0_start/start.cpp:86] req_id = 2940048, start_time = 1682007806537537
I0420 16:23:28.485331 Main        (2099774) /home/lgw/Lumine-benchmarks/Experiments/09/src/0_start/start.cpp:86] req_id = 120049, start_time = 1682007808471286
I0420 16:23:28.490403 Main        (2099774) /home/lgw/Lumine-benchmarks/Experiments/09/src/0_start/start.cpp:86] req_id = 240050, start_time = 1682007808487910
I0420 16:23:28.493606 Main        (2099774) /home/lgw/Lumine-benchmarks/Experiments/09/src/0_start/start.cpp:86] req_id = 780049, start_time = 1682007808491802
I0420 16:23:28.496961 Main        (2099774) /home/lgw/Lumine-benchmarks/Experiments/09/src/0_start/start.cpp:86] req_id = 600050, start_time = 1682007808494850
I0420 16:23:28.500119 Main        (2099774) /home/lgw/Lumine-benchmarks/Experiments/09/src/0_start/start.cpp:86] req_id = 1200049, start_time = 1682007808498201
I0420 16:23:28.503619 Main        (2099774) /home/lgw/Lumine-benchmarks/Experiments/09/src/0_start/start.cpp:86] req_id = 1020050, start_time = 1682007808501343
I0420 16:23:28.507160 Main        (2099774) /home/lgw/Lumine-benchmarks/Experiments/09/src/0_start/start.cpp:86] req_id = 1200050, start_time = 1682007808505733
I0420 16:23:28.510873 Main        (2099774) /home/lgw/Lumine-benchmarks/Experiments/09/src/0_start/start.cpp:86] req_id = 1500050, start_time = 1682007808508265
I0420 16:23:28.519968 Main        (2099774) /home/lgw/Lumine-benchmarks/Experiments/09/src/0_start/start.cpp:86] req_id = 1680050, start_time = 1682007808518515
I0420 16:23:28.527856 Main        (2099774) /home/lgw/Lumine-benchmarks/Experiments/09/src/0_start/start.cpp:86] req_id = 1860050, start_time = 1682007808526568
I0420 16:23:28.544294 Main        (2099774) /home/lgw/Lumine-benchmarks/Experiments/09/src/0_start/start.cpp:86] req_id = 2100050, start_time = 1682007808536621
I0420 16:23:28.554313 Main        (2099774) /home/lgw/Lumine-benchmarks/Experiments/09/src/0_start/start.cpp:86] req_id = 2820049, start_time = 1682007808547024
I0420 16:23:28.562757 Main        (2099774) /home/lgw/Lumine-benchmarks/Experiments/09/src/0_start/start.cpp:86] req_id = 2820050, start_time = 1682007808559402
I0420 16:23:30.473975 Main        (2099774) /home/lgw/Lumine-benchmarks/Experiments/09/src/0_start/start.cpp:86] req_id = 120051, start_time = 1682007810471804
I0420 16:23:30.481212 Main        (2099774) /home/lgw/Lumine-benchmarks/Experiments/09/src/0_start/start.cpp:86] req_id = 660051, start_time = 1682007810478319
I0420 16:23:30.484821 Main        (2099774) /home/lgw/Lumine-benchmarks/Experiments/09/src/0_start/start.cpp:86] req_id = 960051, start_time = 1682007810482368
I0420 16:23:30.487310 Main        (2099774) /home/lgw/Lumine-benchmarks/Experiments/09/src/0_start/start.cpp:86] req_id = 1080051, start_time = 1682007810485901
I0420 16:23:30.490422 Main        (2099774) /home/lgw/Lumine-benchmarks/Experiments/09/src/0_start/start.cpp:86] req_id = 840052, start_time = 1682007810488668
I0420 16:23:30.493998 Main        (2099774) /home/lgw/Lumine-benchmarks/Experiments/09/src/0_start/start.cpp:86] req_id = 1140052, start_time = 1682007810491846
I0420 16:23:30.497215 Main        (2099774) /home/lgw/Lumine-benchmarks/Experiments/09/src/0_start/start.cpp:86] req_id = 1800051, start_time = 1682007810495982
I0420 16:23:30.502265 Main        (2099774) /home/lgw/Lumine-benchmarks/Experiments/09/src/0_start/start.cpp:86] req_id = 1620052, start_time = 1682007810500833
I0420 16:23:30.510496 Main        (2099774) /home/lgw/Lumine-benchmarks/Experiments/09/src/0_start/start.cpp:86] req_id = 1800052, start_time = 1682007810509026
I0420 16:23:30.520848 Main        (2099774) /home/lgw/Lumine-benchmarks/Experiments/09/src/0_start/start.cpp:86] req_id = 2100052, start_time = 1682007810519047
I0420 16:23:30.531257 Main        (2099774) /home/lgw/Lumine-benchmarks/Experiments/09/src/0_start/start.cpp:86] req_id = 2760051, start_time = 1682007810529532
I0420 16:23:30.543428 Main        (2099774) /home/lgw/Lumine-benchmarks/Experiments/09/src/0_start/start.cpp:86] req_id = 2940051, start_time = 1682007810541947
I0420 16:23:30.554507 Main        (2099774) /home/lgw/Lumine-benchmarks/Experiments/09/src/0_start/start.cpp:86] req_id = 3000052, start_time = 1682007810553087
I0420 16:23:32.475417 Main        (2099774) /home/lgw/Lumine-benchmarks/Experiments/09/src/0_start/start.cpp:86] req_id = 180053, start_time = 1682007812473392
I0420 16:23:32.479273 Main        (2099774) /home/lgw/Lumine-benchmarks/Experiments/09/src/0_start/start.cpp:86] req_id = 240054, start_time = 1682007812477541
I0420 16:23:32.482726 Main        (2099774) /home/lgw/Lumine-benchmarks/Experiments/09/src/0_start/start.cpp:86] req_id = 300054, start_time = 1682007812480531
I0420 16:23:32.486694 Main        (2099774) /home/lgw/Lumine-benchmarks/Experiments/09/src/0_start/start.cpp:86] req_id = 540054, start_time = 1682007812484682
I0420 16:23:32.490901 Main        (2099774) /home/lgw/Lumine-benchmarks/Experiments/09/src/0_start/start.cpp:86] req_id = 720054, start_time = 1682007812488205
I0420 16:23:32.499866 Main        (2099774) /home/lgw/Lumine-benchmarks/Experiments/09/src/0_start/start.cpp:86] req_id = 1020054, start_time = 1682007812497404
I0420 16:23:32.503492 Main        (2099774) /home/lgw/Lumine-benchmarks/Experiments/09/src/0_start/start.cpp:86] req_id = 1320054, start_time = 1682007812501021
I0420 16:23:32.506394 Main        (2099774) /home/lgw/Lumine-benchmarks/Experiments/09/src/0_start/start.cpp:86] req_id = 1500054, start_time = 1682007812504634
I0420 16:23:32.512480 Main        (2099774) /home/lgw/Lumine-benchmarks/Experiments/09/src/0_start/start.cpp:86] req_id = 2160053, start_time = 1682007812511424
I0420 16:23:32.522536 Main        (2099774) /home/lgw/Lumine-benchmarks/Experiments/09/src/0_start/start.cpp:86] req_id = 2340053, start_time = 1682007812521273
I0420 16:23:32.535582 Main        (2099774) /home/lgw/Lumine-benchmarks/Experiments/09/src/0_start/start.cpp:86] req_id = 2160054, start_time = 1682007812534089
I0420 16:23:32.549069 Main        (2099774) /home/lgw/Lumine-benchmarks/Experiments/09/src/0_start/start.cpp:86] req_id = 2820053, start_time = 1682007812547259
I0420 16:23:32.553618 Main        (2099774) /home/lgw/Lumine-benchmarks/Experiments/09/src/0_start/start.cpp:86] req_id = 2820054, start_time = 1682007812551583
I0420 16:23:34.476224 Main        (2099774) /home/lgw/Lumine-benchmarks/Experiments/09/src/0_start/start.cpp:86] req_id = 300055, start_time = 1682007814473305
I0420 16:23:34.481220 Main        (2099774) /home/lgw/Lumine-benchmarks/Experiments/09/src/0_start/start.cpp:86] req_id = 660055, start_time = 1682007814477808
I0420 16:23:34.484574 Main        (2099774) /home/lgw/Lumine-benchmarks/Experiments/09/src/0_start/start.cpp:86] req_id = 960055, start_time = 1682007814482514
I0420 16:23:34.487454 Main        (2099774) /home/lgw/Lumine-benchmarks/Experiments/09/src/0_start/start.cpp:86] req_id = 1200055, start_time = 1682007814485718
I0420 16:23:34.490318 Main        (2099774) /home/lgw/Lumine-benchmarks/Experiments/09/src/0_start/start.cpp:86] req_id = 1380055, start_time = 1682007814488770
I0420 16:23:34.501199 Main        (2099774) /home/lgw/Lumine-benchmarks/Experiments/09/src/0_start/start.cpp:86] req_id = 1140056, start_time = 1682007814499061
I0420 16:23:34.505587 Main        (2099774) /home/lgw/Lumine-benchmarks/Experiments/09/src/0_start/start.cpp:86] req_id = 1860055, start_time = 1682007814504066
I0420 16:23:34.510206 Main        (2099774) /home/lgw/Lumine-benchmarks/Experiments/09/src/0_start/start.cpp:86] req_id = 1680056, start_time = 1682007814507178
I0420 16:23:34.513461 Main        (2099774) /home/lgw/Lumine-benchmarks/Experiments/09/src/0_start/start.cpp:86] req_id = 1860056, start_time = 1682007814511464
I0420 16:23:34.521240 Main        (2099774) /home/lgw/Lumine-benchmarks/Experiments/09/src/0_start/start.cpp:86] req_id = 2580055, start_time = 1682007814519874
I0420 16:23:34.526317 Main        (2099774) /home/lgw/Lumine-benchmarks/Experiments/09/src/0_start/start.cpp:86] req_id = 2340056, start_time = 1682007814523836
I0420 16:23:34.532666 Main        (2099774) /home/lgw/Lumine-benchmarks/Experiments/09/src/0_start/start.cpp:86] req_id = 2580056, start_time = 1682007814530494
I0420 16:23:36.476832 Main        (2099774) /home/lgw/Lumine-benchmarks/Experiments/09/src/0_start/start.cpp:86] req_id = 420057, start_time = 1682007816474699
I0420 16:23:36.480761 Main        (2099774) /home/lgw/Lumine-benchmarks/Experiments/09/src/0_start/start.cpp:86] req_id = 720057, start_time = 1682007816478282
I0420 16:23:36.484310 Main        (2099774) /home/lgw/Lumine-benchmarks/Experiments/09/src/0_start/start.cpp:86] req_id = 960057, start_time = 1682007816482199
I0420 16:23:36.487091 Main        (2099774) /home/lgw/Lumine-benchmarks/Experiments/09/src/0_start/start.cpp:86] req_id = 660058, start_time = 1682007816485667
I0420 16:23:36.490700 Main        (2099774) /home/lgw/Lumine-benchmarks/Experiments/09/src/0_start/start.cpp:86] req_id = 1380057, start_time = 1682007816488853
I0420 16:23:36.493729 Main        (2099774) /home/lgw/Lumine-benchmarks/Experiments/09/src/0_start/start.cpp:86] req_id = 1620057, start_time = 1682007816492152
I0420 16:23:36.497488 Main        (2099774) /home/lgw/Lumine-benchmarks/Experiments/09/src/0_start/start.cpp:86] req_id = 1800057, start_time = 1682007816496375
I0420 16:23:36.504604 Main        (2099774) /home/lgw/Lumine-benchmarks/Experiments/09/src/0_start/start.cpp:86] req_id = 1620058, start_time = 1682007816502997
I0420 16:23:36.508524 Main        (2099774) /home/lgw/Lumine-benchmarks/Experiments/09/src/0_start/start.cpp:86] req_id = 1860058, start_time = 1682007816506995
I0420 16:23:36.522102 Main        (2099774) /home/lgw/Lumine-benchmarks/Experiments/09/src/0_start/start.cpp:86] req_id = 2520057, start_time = 1682007816520139
I0420 16:23:36.536567 Main        (2099774) /home/lgw/Lumine-benchmarks/Experiments/09/src/0_start/start.cpp:86] req_id = 2460058, start_time = 1682007816535013
I0420 16:23:36.541884 Main        (2099774) /home/lgw/Lumine-benchmarks/Experiments/09/src/0_start/start.cpp:86] req_id = 2640058, start_time = 1682007816540440
I0420 16:23:38.476759 Main        (2099774) /home/lgw/Lumine-benchmarks/Experiments/09/src/0_start/start.cpp:86] req_id = 420059, start_time = 1682007818474664
I0420 16:23:38.480739 Main        (2099774) /home/lgw/Lumine-benchmarks/Experiments/09/src/0_start/start.cpp:86] req_id = 180060, start_time = 1682007818478022
I0420 16:23:38.484659 Main        (2099774) /home/lgw/Lumine-benchmarks/Experiments/09/src/0_start/start.cpp:86] req_id = 900059, start_time = 1682007818482117
I0420 16:23:38.489062 Main        (2099774) /home/lgw/Lumine-benchmarks/Experiments/09/src/0_start/start.cpp:86] req_id = 720060, start_time = 1682007818486340
I0420 16:23:38.501763 Main        (2099774) /home/lgw/Lumine-benchmarks/Experiments/09/src/0_start/start.cpp:86] req_id = 1020060, start_time = 1682007818499352
I0420 16:23:38.505455 Main        (2099774) /home/lgw/Lumine-benchmarks/Experiments/09/src/0_start/start.cpp:86] req_id = 1740059, start_time = 1682007818503187
I0420 16:23:38.508698 Main        (2099774) /home/lgw/Lumine-benchmarks/Experiments/09/src/0_start/start.cpp:86] req_id = 1440060, start_time = 1682007818506632
I0420 16:23:38.512210 Main        (2099774) /home/lgw/Lumine-benchmarks/Experiments/09/src/0_start/start.cpp:86] req_id = 1740060, start_time = 1682007818510297
I0420 16:23:38.527566 Main        (2099774) /home/lgw/Lumine-benchmarks/Experiments/09/src/0_start/start.cpp:86] req_id = 2340059, start_time = 1682007818524426
I0420 16:23:38.532658 Main        (2099774) /home/lgw/Lumine-benchmarks/Experiments/09/src/0_start/start.cpp:86] req_id = 2160060, start_time = 1682007818529679
I0420 16:23:38.537169 Main        (2099774) /home/lgw/Lumine-benchmarks/Experiments/09/src/0_start/start.cpp:86] req_id = 2400060, start_time = 1682007818534526
I0420 16:23:38.551043 Main        (2099774) /home/lgw/Lumine-benchmarks/Experiments/09/src/0_start/start.cpp:86] req_id = 2880060, start_time = 1682007818548214
I0420 16:23:40.475288 Main        (2099774) /home/lgw/Lumine-benchmarks/Experiments/09/src/0_start/start.cpp:86] req_id = 180061, start_time = 1682007820472431
I0420 16:23:40.481066 Main        (2099774) /home/lgw/Lumine-benchmarks/Experiments/09/src/0_start/start.cpp:86] req_id = 720061, start_time = 1682007820478270
I0420 16:23:40.485872 Main        (2099774) /home/lgw/Lumine-benchmarks/Experiments/09/src/0_start/start.cpp:86] req_id = 600062, start_time = 1682007820483860
I0420 16:23:40.489770 Main        (2099774) /home/lgw/Lumine-benchmarks/Experiments/09/src/0_start/start.cpp:86] req_id = 780062, start_time = 1682007820487454
I0420 16:23:40.506485 Main        (2099774) /home/lgw/Lumine-benchmarks/Experiments/09/src/0_start/start.cpp:86] req_id = 1020062, start_time = 1682007820503945
I0420 16:23:40.510758 Main        (2099774) /home/lgw/Lumine-benchmarks/Experiments/09/src/0_start/start.cpp:86] req_id = 1740061, start_time = 1682007820508458
I0420 16:23:40.514855 Main        (2099774) /home/lgw/Lumine-benchmarks/Experiments/09/src/0_start/start.cpp:86] req_id = 1560062, start_time = 1682007820512101
I0420 16:23:40.519183 Main        (2099774) /home/lgw/Lumine-benchmarks/Experiments/09/src/0_start/start.cpp:86] req_id = 2280061, start_time = 1682007820517087
I0420 16:23:40.522924 Main        (2099774) /home/lgw/Lumine-benchmarks/Experiments/09/src/0_start/start.cpp:86] req_id = 2100062, start_time = 1682007820520542
I0420 16:23:40.527241 Main        (2099774) /home/lgw/Lumine-benchmarks/Experiments/09/src/0_start/start.cpp:86] req_id = 2340062, start_time = 1682007820526212
I0420 16:23:40.533456 Main        (2099774) /home/lgw/Lumine-benchmarks/Experiments/09/src/0_start/start.cpp:86] req_id = 2940061, start_time = 1682007820532356
