I0419 11:44:39.981516 Main        (581664) /home/lgw/Lumine-benchmarks/Lumine/lib/base/thread.cpp:96] Register main thread: tid=581664
I0419 11:44:39.983276 Main        (581664) /home/lgw/Lumine-benchmarks/Lumine/lib/common/config.cpp:332] Load configuration for function exp09Start[1]
I0419 11:44:39.983428 Main        (581664) /home/lgw/Lumine-benchmarks/Lumine/lib/common/config.cpp:332] Load configuration for function exp09End[2]
I0419 11:44:39.983488 Main        (581664) /home/lgw/Lumine-benchmarks/Lumine/lib/common/config.cpp:332] Load configuration for function exp09Register[3]
I0419 11:44:39.983648 Main        (581664) /home/lgw/Lumine-benchmarks/Lumine/src/host/worker/cpp/func_worker.cpp:107] My client_id is 10
I0419 11:44:39.983738 Main        (581664) /home/lgw/Lumine-benchmarks/Lumine/src/host/worker/cpp/func_worker.cpp:173] Use extra pipes for messages
I0419 11:44:39.984509 Main        (581664) /home/lgw/Lumine-benchmarks/Lumine/src/host/worker/cpp/func_worker.cpp:195] Handshake done
I0419 11:45:19.326215 Main        (581664) /home/lgw/Lumine-benchmarks/Experiments/09/src/1_end/end.cpp:48] req_id = 540093, end_time = 1681904719326202
I0419 11:45:22.526522 Main        (581664) /home/lgw/Lumine-benchmarks/Experiments/09/src/1_end/end.cpp:48] req_id = 600089, end_time = 1681904722526517
I0419 11:45:22.527012 Main        (581664) /home/lgw/Lumine-benchmarks/Experiments/09/src/1_end/end.cpp:48] req_id = 2820108, end_time = 1681904722527010
I0419 11:45:29.525370 Main        (581664) /home/lgw/Lumine-benchmarks/Experiments/09/src/1_end/end.cpp:48] req_id = 4320126, end_time = 1681904729525365
I0419 11:46:40.522880 Main        (581664) /home/lgw/Lumine-benchmarks/Experiments/09/src/1_end/end.cpp:48] req_id = 900001, end_time = 1681904800522868
I0419 11:46:41.338950 Main        (581664) /home/lgw/Lumine-benchmarks/Experiments/09/src/1_end/end.cpp:48] req_id = 540004, end_time = 1681904801338938
I0419 11:46:41.339210 Main        (581664) /home/lgw/Lumine-benchmarks/Experiments/09/src/1_end/end.cpp:48] req_id = 780003, end_time = 1681904801339204
I0419 11:46:41.350789 Main        (581664) /home/lgw/Lumine-benchmarks/Experiments/09/src/1_end/end.cpp:48] req_id = 960004, end_time = 1681904801350783
I0419 11:46:42.115722 Main        (581664) /home/lgw/Lumine-benchmarks/Experiments/09/src/1_end/end.cpp:48] req_id = 1020006, end_time = 1681904802115712
I0419 11:46:42.121579 Main        (581664) /home/lgw/Lumine-benchmarks/Experiments/09/src/1_end/end.cpp:48] req_id = 960006, end_time = 1681904802121573
I0419 11:46:42.865782 Main        (581664) /home/lgw/Lumine-benchmarks/Experiments/09/src/1_end/end.cpp:48] req_id = 60008, end_time = 1681904802865776
I0419 11:46:42.866989 Main        (581664) /home/lgw/Lumine-benchmarks/Experiments/09/src/1_end/end.cpp:48] req_id = 120007, end_time = 1681904802866985
I0419 11:46:42.911976 Main        (581664) /home/lgw/Lumine-benchmarks/Experiments/09/src/1_end/end.cpp:48] req_id = 120008, end_time = 1681904802911971
I0419 11:46:42.914464 Main        (581664) /home/lgw/Lumine-benchmarks/Experiments/09/src/1_end/end.cpp:48] req_id = 720008, end_time = 1681904802914459
I0419 11:46:42.915665 Main        (581664) /home/lgw/Lumine-benchmarks/Experiments/09/src/1_end/end.cpp:48] req_id = 960007, end_time = 1681904802915660
I0419 11:46:42.916043 Main        (581664) /home/lgw/Lumine-benchmarks/Experiments/09/src/1_end/end.cpp:48] req_id = 780008, end_time = 1681904802916038
I0419 11:46:42.916793 Main        (581664) /home/lgw/Lumine-benchmarks/Experiments/09/src/1_end/end.cpp:48] req_id = 840008, end_time = 1681904802916790
I0419 11:46:42.920280 Main        (581664) /home/lgw/Lumine-benchmarks/Experiments/09/src/1_end/end.cpp:48] req_id = 1200008, end_time = 1681904802920275
I0419 11:46:43.673333 Main        (581664) /home/lgw/Lumine-benchmarks/Experiments/09/src/1_end/end.cpp:48] req_id = 180009, end_time = 1681904803673328
I0419 11:46:43.674777 Main        (581664) /home/lgw/Lumine-benchmarks/Experiments/09/src/1_end/end.cpp:48] req_id = 60010, end_time = 1681904803674765
I0419 11:46:43.676911 Main        (581664) /home/lgw/Lumine-benchmarks/Experiments/09/src/1_end/end.cpp:48] req_id = 240009, end_time = 1681904803676906
I0419 11:46:43.677263 Main        (581664) /home/lgw/Lumine-benchmarks/Experiments/09/src/1_end/end.cpp:48] req_id = 120009, end_time = 1681904803677258
I0419 11:46:43.678693 Main        (581664) /home/lgw/Lumine-benchmarks/Experiments/09/src/1_end/end.cpp:48] req_id = 300009, end_time = 1681904803678686
I0419 11:46:43.682329 Main        (581664) /home/lgw/Lumine-benchmarks/Experiments/09/src/1_end/end.cpp:48] req_id = 240010, end_time = 1681904803682324
I0419 11:46:43.683211 Main        (581664) /home/lgw/Lumine-benchmarks/Experiments/09/src/1_end/end.cpp:48] req_id = 360009, end_time = 1681904803683206
I0419 11:46:43.685242 Main        (581664) /home/lgw/Lumine-benchmarks/Experiments/09/src/1_end/end.cpp:48] req_id = 420009, end_time = 1681904803685237
I0419 11:46:43.692798 Main        (581664) /home/lgw/Lumine-benchmarks/Experiments/09/src/1_end/end.cpp:48] req_id = 540009, end_time = 1681904803692792
I0419 11:46:43.693288 Main        (581664) /home/lgw/Lumine-benchmarks/Experiments/09/src/1_end/end.cpp:48] req_id = 120010, end_time = 1681904803693284
I0419 11:46:43.708990 Main        (581664) /home/lgw/Lumine-benchmarks/Experiments/09/src/1_end/end.cpp:48] req_id = 840010, end_time = 1681904803708984
I0419 11:46:43.709301 Main        (581664) /home/lgw/Lumine-benchmarks/Experiments/09/src/1_end/end.cpp:48] req_id = 660010, end_time = 1681904803709298
I0419 11:46:43.709957 Main        (581664) /home/lgw/Lumine-benchmarks/Experiments/09/src/1_end/end.cpp:48] req_id = 600010, end_time = 1681904803709952
I0419 11:46:43.712208 Main        (581664) /home/lgw/Lumine-benchmarks/Experiments/09/src/1_end/end.cpp:48] req_id = 360010, end_time = 1681904803712202
I0419 11:46:43.713208 Main        (581664) /home/lgw/Lumine-benchmarks/Experiments/09/src/1_end/end.cpp:48] req_id = 780010, end_time = 1681904803713203
I0419 11:46:43.714334 Main        (581664) /home/lgw/Lumine-benchmarks/Experiments/09/src/1_end/end.cpp:48] req_id = 900009, end_time = 1681904803714327
I0419 11:46:48.515305 Main        (581664) /home/lgw/Lumine-benchmarks/Experiments/09/src/1_end/end.cpp:48] req_id = 540021, end_time = 1681904808515292
I0419 11:46:49.286032 Main        (581664) /home/lgw/Lumine-benchmarks/Experiments/09/src/1_end/end.cpp:48] req_id = 480023, end_time = 1681904809286017
I0419 11:46:49.289576 Main        (581664) /home/lgw/Lumine-benchmarks/Experiments/09/src/1_end/end.cpp:48] req_id = 300023, end_time = 1681904809289572
I0419 11:46:49.292891 Main        (581664) /home/lgw/Lumine-benchmarks/Experiments/09/src/1_end/end.cpp:48] req_id = 60025, end_time = 1681904809292887
I0419 11:46:49.310228 Main        (581664) /home/lgw/Lumine-benchmarks/Experiments/09/src/1_end/end.cpp:48] req_id = 1080023, end_time = 1681904809310223
I0419 11:46:49.314281 Main        (581664) /home/lgw/Lumine-benchmarks/Experiments/09/src/1_end/end.cpp:48] req_id = 1020024, end_time = 1681904809314276
I0419 11:46:49.315130 Main        (581664) /home/lgw/Lumine-benchmarks/Experiments/09/src/1_end/end.cpp:48] req_id = 780024, end_time = 1681904809315128
I0419 11:46:50.065461 Main        (581664) /home/lgw/Lumine-benchmarks/Experiments/09/src/1_end/end.cpp:48] req_id = 60026, end_time = 1681904810065454
I0419 11:46:50.066519 Main        (581664) /home/lgw/Lumine-benchmarks/Experiments/09/src/1_end/end.cpp:48] req_id = 180025, end_time = 1681904810066513
I0419 11:46:50.067290 Main        (581664) /home/lgw/Lumine-benchmarks/Experiments/09/src/1_end/end.cpp:48] req_id = 120025, end_time = 1681904810067285
I0419 11:46:50.071326 Main        (581664) /home/lgw/Lumine-benchmarks/Experiments/09/src/1_end/end.cpp:48] req_id = 240025, end_time = 1681904810071320
I0419 11:46:50.081575 Main        (581664) /home/lgw/Lumine-benchmarks/Experiments/09/src/1_end/end.cpp:48] req_id = 360025, end_time = 1681904810081570
I0419 11:46:50.097513 Main        (581664) /home/lgw/Lumine-benchmarks/Experiments/09/src/1_end/end.cpp:48] req_id = 420025, end_time = 1681904810097507
I0419 11:46:50.099022 Main        (581664) /home/lgw/Lumine-benchmarks/Experiments/09/src/1_end/end.cpp:48] req_id = 480025, end_time = 1681904810099018
I0419 11:46:50.112078 Main        (581664) /home/lgw/Lumine-benchmarks/Experiments/09/src/1_end/end.cpp:48] req_id = 660026, end_time = 1681904810112073
I0419 11:46:50.112473 Main        (581664) /home/lgw/Lumine-benchmarks/Experiments/09/src/1_end/end.cpp:48] req_id = 480026, end_time = 1681904810112468
I0419 11:46:50.113161 Main        (581664) /home/lgw/Lumine-benchmarks/Experiments/09/src/1_end/end.cpp:48] req_id = 1140025, end_time = 1681904810113157
I0419 11:46:50.114407 Main        (581664) /home/lgw/Lumine-benchmarks/Experiments/09/src/1_end/end.cpp:48] req_id = 540026, end_time = 1681904810114402
I0419 11:46:50.881619 Main        (581664) /home/lgw/Lumine-benchmarks/Experiments/09/src/1_end/end.cpp:48] req_id = 180027, end_time = 1681904810881615
I0419 11:46:50.881889 Main        (581664) /home/lgw/Lumine-benchmarks/Experiments/09/src/1_end/end.cpp:48] req_id = 360027, end_time = 1681904810881885
I0419 11:46:50.887282 Main        (581664) /home/lgw/Lumine-benchmarks/Experiments/09/src/1_end/end.cpp:48] req_id = 480027, end_time = 1681904810887277
I0419 11:46:50.888339 Main        (581664) /home/lgw/Lumine-benchmarks/Experiments/09/src/1_end/end.cpp:48] req_id = 240028, end_time = 1681904810888337
I0419 11:46:50.896691 Main        (581664) /home/lgw/Lumine-benchmarks/Experiments/09/src/1_end/end.cpp:48] req_id = 840027, end_time = 1681904810896686
I0419 11:46:50.902472 Main        (581664) /home/lgw/Lumine-benchmarks/Experiments/09/src/1_end/end.cpp:48] req_id = 60029, end_time = 1681904810902467
I0419 11:46:50.904409 Main        (581664) /home/lgw/Lumine-benchmarks/Experiments/09/src/1_end/end.cpp:48] req_id = 120028, end_time = 1681904810904404
I0419 11:46:50.904741 Main        (581664) /home/lgw/Lumine-benchmarks/Experiments/09/src/1_end/end.cpp:48] req_id = 600027, end_time = 1681904810904726
I0419 11:46:50.907186 Main        (581664) /home/lgw/Lumine-benchmarks/Experiments/09/src/1_end/end.cpp:48] req_id = 900027, end_time = 1681904810907182
I0419 11:46:50.908936 Main        (581664) /home/lgw/Lumine-benchmarks/Experiments/09/src/1_end/end.cpp:48] req_id = 960027, end_time = 1681904810908931
I0419 11:46:50.909278 Main        (581664) /home/lgw/Lumine-benchmarks/Experiments/09/src/1_end/end.cpp:48] req_id = 660028, end_time = 1681904810909272
I0419 11:46:50.909833 Main        (581664) /home/lgw/Lumine-benchmarks/Experiments/09/src/1_end/end.cpp:48] req_id = 360028, end_time = 1681904810909827
I0419 11:46:50.910566 Main        (581664) /home/lgw/Lumine-benchmarks/Experiments/09/src/1_end/end.cpp:48] req_id = 720028, end_time = 1681904810910562
I0419 11:46:50.910896 Main        (581664) /home/lgw/Lumine-benchmarks/Experiments/09/src/1_end/end.cpp:48] req_id = 1140027, end_time = 1681904810910893
I0419 11:46:50.911311 Main        (581664) /home/lgw/Lumine-benchmarks/Experiments/09/src/1_end/end.cpp:48] req_id = 1200027, end_time = 1681904810911309
I0419 11:46:50.914172 Main        (581664) /home/lgw/Lumine-benchmarks/Experiments/09/src/1_end/end.cpp:48] req_id = 660027, end_time = 1681904810914166
I0419 11:46:50.929605 Main        (581664) /home/lgw/Lumine-benchmarks/Experiments/09/src/1_end/end.cpp:48] req_id = 1200028, end_time = 1681904810929599
I0419 11:46:51.665694 Main        (581664) /home/lgw/Lumine-benchmarks/Experiments/09/src/1_end/end.cpp:48] req_id = 60030, end_time = 1681904811665689
I0419 11:46:51.666823 Main        (581664) /home/lgw/Lumine-benchmarks/Experiments/09/src/1_end/end.cpp:48] req_id = 120029, end_time = 1681904811666817
I0419 11:46:51.679034 Main        (581664) /home/lgw/Lumine-benchmarks/Experiments/09/src/1_end/end.cpp:48] req_id = 180029, end_time = 1681904811679030
I0419 11:46:51.680102 Main        (581664) /home/lgw/Lumine-benchmarks/Experiments/09/src/1_end/end.cpp:48] req_id = 360029, end_time = 1681904811680099
I0419 11:46:51.681211 Main        (581664) /home/lgw/Lumine-benchmarks/Experiments/09/src/1_end/end.cpp:48] req_id = 60031, end_time = 1681904811681207
I0419 11:46:51.684509 Main        (581664) /home/lgw/Lumine-benchmarks/Experiments/09/src/1_end/end.cpp:48] req_id = 240029, end_time = 1681904811684506
I0419 11:46:51.687436 Main        (581664) /home/lgw/Lumine-benchmarks/Experiments/09/src/1_end/end.cpp:48] req_id = 300029, end_time = 1681904811687433
I0419 11:46:51.690537 Main        (581664) /home/lgw/Lumine-benchmarks/Experiments/09/src/1_end/end.cpp:48] req_id = 540029, end_time = 1681904811690533
I0419 11:46:51.691063 Main        (581664) /home/lgw/Lumine-benchmarks/Experiments/09/src/1_end/end.cpp:48] req_id = 300030, end_time = 1681904811691059
I0419 11:46:51.710937 Main        (581664) /home/lgw/Lumine-benchmarks/Experiments/09/src/1_end/end.cpp:48] req_id = 720029, end_time = 1681904811710931
I0419 11:46:51.713470 Main        (581664) /home/lgw/Lumine-benchmarks/Experiments/09/src/1_end/end.cpp:48] req_id = 240030, end_time = 1681904811713465
I0419 11:46:51.715063 Main        (581664) /home/lgw/Lumine-benchmarks/Experiments/09/src/1_end/end.cpp:48] req_id = 600029, end_time = 1681904811715057
I0419 11:46:51.715640 Main        (581664) /home/lgw/Lumine-benchmarks/Experiments/09/src/1_end/end.cpp:48] req_id = 1200029, end_time = 1681904811715634
I0419 11:46:51.716675 Main        (581664) /home/lgw/Lumine-benchmarks/Experiments/09/src/1_end/end.cpp:48] req_id = 840030, end_time = 1681904811716670
I0419 11:46:51.717402 Main        (581664) /home/lgw/Lumine-benchmarks/Experiments/09/src/1_end/end.cpp:48] req_id = 540030, end_time = 1681904811717398
I0419 11:46:51.721864 Main        (581664) /home/lgw/Lumine-benchmarks/Experiments/09/src/1_end/end.cpp:48] req_id = 720030, end_time = 1681904811721857
I0419 11:46:51.722577 Main        (581664) /home/lgw/Lumine-benchmarks/Experiments/09/src/1_end/end.cpp:48] req_id = 900030, end_time = 1681904811722571
I0419 11:46:51.723279 Main        (581664) /home/lgw/Lumine-benchmarks/Experiments/09/src/1_end/end.cpp:48] req_id = 1140030, end_time = 1681904811723274
I0419 11:46:52.476093 Main        (581664) /home/lgw/Lumine-benchmarks/Experiments/09/src/1_end/end.cpp:48] req_id = 180031, end_time = 1681904812476087
I0419 11:46:52.476796 Main        (581664) /home/lgw/Lumine-benchmarks/Experiments/09/src/1_end/end.cpp:48] req_id = 300031, end_time = 1681904812476793
I0419 11:46:52.477958 Main        (581664) /home/lgw/Lumine-benchmarks/Experiments/09/src/1_end/end.cpp:48] req_id = 60033, end_time = 1681904812477952
I0419 11:46:52.515671 Main        (581664) /home/lgw/Lumine-benchmarks/Experiments/09/src/1_end/end.cpp:48] req_id = 960031, end_time = 1681904812515666
I0419 11:46:52.516142 Main        (581664) /home/lgw/Lumine-benchmarks/Experiments/09/src/1_end/end.cpp:48] req_id = 720032, end_time = 1681904812516138
I0419 11:46:57.314791 Main        (581664) /home/lgw/Lumine-benchmarks/Experiments/09/src/1_end/end.cpp:48] req_id = 600044, end_time = 1681904817314781
I0419 11:46:57.315194 Main        (581664) /home/lgw/Lumine-benchmarks/Experiments/09/src/1_end/end.cpp:48] req_id = 1080044, end_time = 1681904817315191
I0419 11:47:40.481207 Main        (581664) /home/lgw/Lumine-benchmarks/Experiments/09/src/1_end/end.cpp:48] req_id = 360151, end_time = 1681904860481195
I0419 11:47:40.481559 Main        (581664) /home/lgw/Lumine-benchmarks/Experiments/09/src/1_end/end.cpp:48] req_id = 480151, end_time = 1681904860481556
I0419 11:47:40.482836 Main        (581664) /home/lgw/Lumine-benchmarks/Experiments/09/src/1_end/end.cpp:48] req_id = 300151, end_time = 1681904860482831
I0419 11:47:40.483236 Main        (581664) /home/lgw/Lumine-benchmarks/Experiments/09/src/1_end/end.cpp:48] req_id = 780151, end_time = 1681904860483231
I0419 11:47:40.483510 Main        (581664) /home/lgw/Lumine-benchmarks/Experiments/09/src/1_end/end.cpp:48] req_id = 600151, end_time = 1681904860483503
I0419 11:47:40.484322 Main        (581664) /home/lgw/Lumine-benchmarks/Experiments/09/src/1_end/end.cpp:48] req_id = 540151, end_time = 1681904860484318
I0419 11:47:40.486643 Main        (581664) /home/lgw/Lumine-benchmarks/Experiments/09/src/1_end/end.cpp:48] req_id = 1200151, end_time = 1681904860486639
I0419 11:47:40.486922 Main        (581664) /home/lgw/Lumine-benchmarks/Experiments/09/src/1_end/end.cpp:48] req_id = 1140151, end_time = 1681904860486919
I0419 11:47:40.492237 Main        (581664) /home/lgw/Lumine-benchmarks/Experiments/09/src/1_end/end.cpp:48] req_id = 840151, end_time = 1681904860492233
