I0419 01:01:22.054138 Main        (1744188) /home/lgw/Lumine-benchmarks/Lumine/lib/base/thread.cpp:96] Register main thread: tid=1744188
E0419 01:01:22.054786 Main        (1744188) /home/lgw/Lumine-benchmarks/Lumine/lib/utils/docker.cpp:57] Cannot find docker's cgroup in /proc/self/cgroup
I0419 01:01:22.055742 Main        (1744188) /home/lgw/Lumine-benchmarks/Lumine/lib/common/config.cpp:332] Load configuration for function exp09Start[1]
I0419 01:01:22.055813 Main        (1744188) /home/lgw/Lumine-benchmarks/Lumine/lib/common/config.cpp:332] Load configuration for function exp09End[2]
I0419 01:01:22.055850 Main        (1744188) /home/lgw/Lumine-benchmarks/Lumine/lib/common/config.cpp:332] Load configuration for function exp09Register[3]
I0419 01:01:22.056551 Main        (1744188) /home/lgw/Lumine-benchmarks/Lumine/src/host/engine/engine.cpp:100] Engine: Start 4 IO workers
I0419 01:01:22.056820 IO-0 EL     (1744189) /home/lgw/Lumine-benchmarks/Lumine/lib/base/thread.cpp:36] Start thread: IO-0 EL
I0419 01:01:22.056910 IO-0 EL     (1744189) /home/lgw/Lumine-benchmarks/Lumine/lib/server/io_worker.cpp:166] IO-0: Event loop starts
I0419 01:01:22.057014 IO-1 EL     (1744190) /home/lgw/Lumine-benchmarks/Lumine/lib/base/thread.cpp:36] Start thread: IO-1 EL
I0419 01:01:22.057128 IO-1 EL     (1744190) /home/lgw/Lumine-benchmarks/Lumine/lib/server/io_worker.cpp:166] IO-1: Event loop starts
I0419 01:01:22.057178 IO-2 EL     (1744191) /home/lgw/Lumine-benchmarks/Lumine/lib/base/thread.cpp:36] Start thread: IO-2 EL
I0419 01:01:22.057239 IO-2 EL     (1744191) /home/lgw/Lumine-benchmarks/Lumine/lib/server/io_worker.cpp:166] IO-2: Event loop starts
I0419 01:01:22.057312 IO-3 EL     (1744192) /home/lgw/Lumine-benchmarks/Lumine/lib/base/thread.cpp:36] Start thread: IO-3 EL
I0419 01:01:22.057392 IO-3 EL     (1744192) /home/lgw/Lumine-benchmarks/Lumine/lib/server/io_worker.cpp:166] IO-3: Event loop starts
I0419 01:01:22.057952 Main        (1744188) /home/lgw/Lumine-benchmarks/Lumine/src/host/engine/engine.cpp:138] Engine: Listen on /dev/shm/ipc6/engine.sock for IPC connections
I0419 01:01:22.058004 Main        (1744188) /home/lgw/Lumine-benchmarks/Lumine/src/host/engine/engine.cpp:157] Engine: Listen on 0.0.0.0:10028 for agent connections
I0419 01:01:22.069020 Server EL   (1744205) /home/lgw/Lumine-benchmarks/Lumine/lib/base/thread.cpp:36] Start thread: Server EL
I0419 01:01:22.069099 Server EL   (1744205) /home/lgw/Lumine-benchmarks/Lumine/lib/server/server_base.cpp:49] Server: Event loop starts
I0419 01:01:22.069196 Server EL   (1744205) /home/lgw/Lumine-benchmarks/Lumine/src/host/engine/engine.cpp:731] Engine: New gateway connection (conn_id=0) assigned to IO worker 0
I0419 01:01:22.069286 Server EL   (1744205) /home/lgw/Lumine-benchmarks/Lumine/src/host/engine/engine.cpp:731] Engine: New gateway connection (conn_id=1) assigned to IO worker 1
I0419 01:01:22.069338 Server EL   (1744205) /home/lgw/Lumine-benchmarks/Lumine/src/host/engine/engine.cpp:731] Engine: New gateway connection (conn_id=2) assigned to IO worker 2
I0419 01:01:22.069382 Server EL   (1744205) /home/lgw/Lumine-benchmarks/Lumine/src/host/engine/engine.cpp:731] Engine: New gateway connection (conn_id=3) assigned to IO worker 3
I0419 01:01:22.069440 Server EL   (1744205) /home/lgw/Lumine-benchmarks/Lumine/src/host/engine/engine.cpp:731] Engine: New gateway connection (conn_id=4) assigned to IO worker 0
I0419 01:01:22.069481 Server EL   (1744205) /home/lgw/Lumine-benchmarks/Lumine/src/host/engine/engine.cpp:731] Engine: New gateway connection (conn_id=5) assigned to IO worker 1
I0419 01:01:22.069518 Server EL   (1744205) /home/lgw/Lumine-benchmarks/Lumine/src/host/engine/engine.cpp:731] Engine: New gateway connection (conn_id=6) assigned to IO worker 2
I0419 01:01:22.069494 IO-1 EL     (1744190) /home/lgw/Lumine-benchmarks/Lumine/lib/server/io_worker.cpp:212] IO-1: New connection of type 0, total of type 0 is 1
I0419 01:01:22.069554 Server EL   (1744205) /home/lgw/Lumine-benchmarks/Lumine/src/host/engine/engine.cpp:731] Engine: New gateway connection (conn_id=7) assigned to IO worker 3
I0419 01:01:22.069518 IO-2 EL     (1744191) /home/lgw/Lumine-benchmarks/Lumine/lib/server/io_worker.cpp:212] IO-2: New connection of type 0, total of type 0 is 1
I0419 01:01:22.069587 IO-3 EL     (1744192) /home/lgw/Lumine-benchmarks/Lumine/lib/server/io_worker.cpp:212] IO-3: New connection of type 0, total of type 0 is 1
I0419 01:01:22.072992 IO-2 EL     (1744191) /home/lgw/Lumine-benchmarks/Lumine/src/host/engine/gateway_connection.cpp:147] GatewayConnection[2]: Handshake done
I0419 01:01:22.069565 IO-1 EL     (1744190) /home/lgw/Lumine-benchmarks/Lumine/src/host/engine/gateway_connection.cpp:147] GatewayConnection[1]: Handshake done
I0419 01:01:22.073028 IO-3 EL     (1744192) /home/lgw/Lumine-benchmarks/Lumine/src/host/engine/gateway_connection.cpp:147] GatewayConnection[3]: Handshake done
I0419 01:01:22.069475 IO-0 EL     (1744189) /home/lgw/Lumine-benchmarks/Lumine/lib/server/io_worker.cpp:212] IO-0: New connection of type 0, total of type 0 is 1
I0419 01:01:22.073114 IO-0 EL     (1744189) /home/lgw/Lumine-benchmarks/Lumine/src/host/engine/gateway_connection.cpp:147] GatewayConnection[0]: Handshake done
I0419 01:01:22.073213 IO-3 EL     (1744192) /home/lgw/Lumine-benchmarks/Lumine/lib/server/io_worker.cpp:212] IO-3: New connection of type 0, total of type 0 is 2
I0419 01:01:22.073214 IO-1 EL     (1744190) /home/lgw/Lumine-benchmarks/Lumine/lib/server/io_worker.cpp:212] IO-1: New connection of type 0, total of type 0 is 2
I0419 01:01:22.073214 IO-2 EL     (1744191) /home/lgw/Lumine-benchmarks/Lumine/lib/server/io_worker.cpp:212] IO-2: New connection of type 0, total of type 0 is 2
I0419 01:01:22.073259 IO-0 EL     (1744189) /home/lgw/Lumine-benchmarks/Lumine/lib/server/io_worker.cpp:212] IO-0: New connection of type 0, total of type 0 is 2
I0419 01:01:22.073265 IO-3 EL     (1744192) /home/lgw/Lumine-benchmarks/Lumine/src/host/engine/gateway_connection.cpp:147] GatewayConnection[7]: Handshake done
I0419 01:01:22.073283 IO-1 EL     (1744190) /home/lgw/Lumine-benchmarks/Lumine/src/host/engine/gateway_connection.cpp:147] GatewayConnection[5]: Handshake done
I0419 01:01:22.073307 IO-0 EL     (1744189) /home/lgw/Lumine-benchmarks/Lumine/src/host/engine/gateway_connection.cpp:147] GatewayConnection[4]: Handshake done
I0419 01:01:22.073295 IO-2 EL     (1744191) /home/lgw/Lumine-benchmarks/Lumine/src/host/engine/gateway_connection.cpp:147] GatewayConnection[6]: Handshake done
I0419 01:01:23.979503 Server EL   (1744205) /home/lgw/Lumine-benchmarks/Lumine/src/host/engine/engine.cpp:746] Engine: New message connection
I0419 01:01:23.979815 IO-0 EL     (1744189) /home/lgw/Lumine-benchmarks/Lumine/lib/server/io_worker.cpp:212] IO-0: New connection of type 1, total of type 1 is 1
I0419 01:01:23.979929 IO-0 EL     (1744189) /home/lgw/Lumine-benchmarks/Lumine/src/host/engine/engine.cpp:289] Engine: Receive new handshake message from message connection
I0419 01:01:23.979962 IO-0 EL     (1744189) /home/lgw/Lumine-benchmarks/Lumine/src/host/engine/worker_manager.cpp:22] WorkerManager: Launcher of func_id 1 connected
I0419 01:01:23.980011 IO-0 EL     (1744189) /home/lgw/Lumine-benchmarks/Lumine/src/host/engine/worker_manager.cpp:130] WorkerManager: Request new FuncWorker for func_id 1 with client_id 1
I0419 01:01:23.980142 IO-0 EL     (1744189) /home/lgw/Lumine-benchmarks/Lumine/src/host/engine/worker_manager.cpp:130] WorkerManager: Request new FuncWorker for func_id 1 with client_id 2
I0419 01:01:23.980201 IO-0 EL     (1744189) /home/lgw/Lumine-benchmarks/Lumine/src/host/engine/worker_manager.cpp:130] WorkerManager: Request new FuncWorker for func_id 1 with client_id 3
I0419 01:01:23.980246 IO-0 EL     (1744189) /home/lgw/Lumine-benchmarks/Lumine/src/host/engine/worker_manager.cpp:130] WorkerManager: Request new FuncWorker for func_id 1 with client_id 4
I0419 01:01:23.980290 IO-0 EL     (1744189) /home/lgw/Lumine-benchmarks/Lumine/src/host/engine/worker_manager.cpp:130] WorkerManager: Request new FuncWorker for func_id 1 with client_id 5
I0419 01:01:23.980334 IO-0 EL     (1744189) /home/lgw/Lumine-benchmarks/Lumine/src/host/engine/worker_manager.cpp:130] WorkerManager: Request new FuncWorker for func_id 1 with client_id 6
I0419 01:01:23.980411 IO-0 EL     (1744189) /home/lgw/Lumine-benchmarks/Lumine/src/host/engine/worker_manager.cpp:130] WorkerManager: Request new FuncWorker for func_id 1 with client_id 7
I0419 01:01:23.980458 IO-0 EL     (1744189) /home/lgw/Lumine-benchmarks/Lumine/src/host/engine/worker_manager.cpp:130] WorkerManager: Request new FuncWorker for func_id 1 with client_id 8
I0419 01:01:23.980595 IO-0 EL     (1744189) /home/lgw/Lumine-benchmarks/Lumine/src/host/engine/message_connection.cpp:267] LauncherConnection[1]: Handshake done
I0419 01:01:24.003933 Server EL   (1744205) /home/lgw/Lumine-benchmarks/Lumine/src/host/engine/engine.cpp:746] Engine: New message connection
I0419 01:01:24.004087 Server EL   (1744205) /home/lgw/Lumine-benchmarks/Lumine/src/host/engine/engine.cpp:746] Engine: New message connection
I0419 01:01:24.004140 IO-1 EL     (1744190) /home/lgw/Lumine-benchmarks/Lumine/lib/server/io_worker.cpp:212] IO-1: New connection of type 1, total of type 1 is 1
I0419 01:01:24.004218 IO-2 EL     (1744191) /home/lgw/Lumine-benchmarks/Lumine/lib/server/io_worker.cpp:212] IO-2: New connection of type 1, total of type 1 is 1
I0419 01:01:24.004252 IO-1 EL     (1744190) /home/lgw/Lumine-benchmarks/Lumine/src/host/engine/engine.cpp:289] Engine: Receive new handshake message from message connection
I0419 01:01:24.004280 IO-1 EL     (1744190) /home/lgw/Lumine-benchmarks/Lumine/src/host/engine/worker_manager.cpp:59] WorkerManager: FuncWorker of func_id 1, client_id 5 connected
I0419 01:01:24.004320 IO-2 EL     (1744191) /home/lgw/Lumine-benchmarks/Lumine/src/host/engine/engine.cpp:289] Engine: Receive new handshake message from message connection
I0419 01:01:24.004346 IO-2 EL     (1744191) /home/lgw/Lumine-benchmarks/Lumine/src/host/engine/worker_manager.cpp:59] WorkerManager: FuncWorker of func_id 1, client_id 4 connected
I0419 01:01:24.004347 Server EL   (1744205) /home/lgw/Lumine-benchmarks/Lumine/src/host/engine/engine.cpp:746] Engine: New message connection
I0419 01:01:24.004391 IO-1 EL     (1744190) /home/lgw/Lumine-benchmarks/Lumine/src/host/engine/dispatcher.cpp:46] Dispatcher[1]: min_workers=8
I0419 01:01:24.004430 IO-1 EL     (1744190) /home/lgw/Lumine-benchmarks/Lumine/src/host/engine/dispatcher.cpp:50] Dispatcher[1]: max_workers=8
I0419 01:01:24.004463 Server EL   (1744205) /home/lgw/Lumine-benchmarks/Lumine/src/host/engine/engine.cpp:746] Engine: New message connection
I0419 01:01:24.004503 IO-3 EL     (1744192) /home/lgw/Lumine-benchmarks/Lumine/lib/server/io_worker.cpp:212] IO-3: New connection of type 1, total of type 1 is 1
I0419 01:01:24.004561 Server EL   (1744205) /home/lgw/Lumine-benchmarks/Lumine/src/host/engine/engine.cpp:746] Engine: New message connection
I0419 01:01:24.004601 IO-0 EL     (1744189) /home/lgw/Lumine-benchmarks/Lumine/lib/server/io_worker.cpp:212] IO-0: New connection of type 1, total of type 1 is 2
I0419 01:01:24.004639 IO-3 EL     (1744192) /home/lgw/Lumine-benchmarks/Lumine/src/host/engine/engine.cpp:289] Engine: Receive new handshake message from message connection
I0419 01:01:24.004674 IO-3 EL     (1744192) /home/lgw/Lumine-benchmarks/Lumine/src/host/engine/worker_manager.cpp:59] WorkerManager: FuncWorker of func_id 1, client_id 2 connected
I0419 01:01:24.004713 IO-0 EL     (1744189) /home/lgw/Lumine-benchmarks/Lumine/src/host/engine/engine.cpp:289] Engine: Receive new handshake message from message connection
I0419 01:01:24.004747 IO-0 EL     (1744189) /home/lgw/Lumine-benchmarks/Lumine/src/host/engine/worker_manager.cpp:59] WorkerManager: FuncWorker of func_id 1, client_id 1 connected
I0419 01:01:24.004794 IO-2 EL     (1744191) /home/lgw/Lumine-benchmarks/Lumine/src/host/engine/message_connection.cpp:267] FuncWorkerConnection[1-4]: Handshake done
I0419 01:01:24.004804 IO-1 EL     (1744190) /home/lgw/Lumine-benchmarks/Lumine/src/host/engine/message_connection.cpp:267] FuncWorkerConnection[1-5]: Handshake done
I0419 01:01:24.004904 IO-3 EL     (1744192) /home/lgw/Lumine-benchmarks/Lumine/src/host/engine/message_connection.cpp:267] FuncWorkerConnection[1-2]: Handshake done
I0419 01:01:24.062160 Server EL   (1744205) /home/lgw/Lumine-benchmarks/Lumine/src/host/engine/engine.cpp:746] Engine: New message connection
I0419 01:01:24.062205 IO-1 EL     (1744190) /home/lgw/Lumine-benchmarks/Lumine/lib/server/io_worker.cpp:212] IO-1: New connection of type 1, total of type 1 is 2
I0419 01:01:24.062261 IO-0 EL     (1744189) /home/lgw/Lumine-benchmarks/Lumine/src/host/engine/message_connection.cpp:267] FuncWorkerConnection[1-1]: Handshake done
I0419 01:01:24.062316 Server EL   (1744205) /home/lgw/Lumine-benchmarks/Lumine/src/host/engine/engine.cpp:746] Engine: New message connection
I0419 01:01:24.062320 IO-2 EL     (1744191) /home/lgw/Lumine-benchmarks/Lumine/lib/server/io_worker.cpp:212] IO-2: New connection of type 1, total of type 1 is 2
I0419 01:01:24.062326 IO-1 EL     (1744190) /home/lgw/Lumine-benchmarks/Lumine/src/host/engine/engine.cpp:289] Engine: Receive new handshake message from message connection
I0419 01:01:24.062376 IO-1 EL     (1744190) /home/lgw/Lumine-benchmarks/Lumine/src/host/engine/worker_manager.cpp:59] WorkerManager: FuncWorker of func_id 1, client_id 3 connected
I0419 01:01:24.062402 IO-2 EL     (1744191) /home/lgw/Lumine-benchmarks/Lumine/src/host/engine/engine.cpp:289] Engine: Receive new handshake message from message connection
I0419 01:01:24.062426 IO-2 EL     (1744191) /home/lgw/Lumine-benchmarks/Lumine/src/host/engine/worker_manager.cpp:59] WorkerManager: FuncWorker of func_id 1, client_id 6 connected
I0419 01:01:24.062439 Server EL   (1744205) /home/lgw/Lumine-benchmarks/Lumine/src/host/engine/engine.cpp:746] Engine: New message connection
I0419 01:01:24.062457 IO-3 EL     (1744192) /home/lgw/Lumine-benchmarks/Lumine/lib/server/io_worker.cpp:212] IO-3: New connection of type 1, total of type 1 is 2
I0419 01:01:24.062552 IO-2 EL     (1744191) /home/lgw/Lumine-benchmarks/Lumine/src/host/engine/message_connection.cpp:267] FuncWorkerConnection[1-6]: Handshake done
I0419 01:01:24.062545 IO-1 EL     (1744190) /home/lgw/Lumine-benchmarks/Lumine/src/host/engine/message_connection.cpp:267] FuncWorkerConnection[1-3]: Handshake done
I0419 01:01:24.062568 IO-3 EL     (1744192) /home/lgw/Lumine-benchmarks/Lumine/src/host/engine/engine.cpp:289] Engine: Receive new handshake message from message connection
I0419 01:01:24.062566 IO-0 EL     (1744189) /home/lgw/Lumine-benchmarks/Lumine/lib/server/io_worker.cpp:212] IO-0: New connection of type 1, total of type 1 is 3
I0419 01:01:24.062609 IO-3 EL     (1744192) /home/lgw/Lumine-benchmarks/Lumine/src/host/engine/worker_manager.cpp:59] WorkerManager: FuncWorker of func_id 1, client_id 7 connected
I0419 01:01:24.062653 IO-0 EL     (1744189) /home/lgw/Lumine-benchmarks/Lumine/src/host/engine/engine.cpp:289] Engine: Receive new handshake message from message connection
I0419 01:01:24.062676 IO-0 EL     (1744189) /home/lgw/Lumine-benchmarks/Lumine/src/host/engine/worker_manager.cpp:59] WorkerManager: FuncWorker of func_id 1, client_id 8 connected
I0419 01:01:24.062764 IO-3 EL     (1744192) /home/lgw/Lumine-benchmarks/Lumine/src/host/engine/message_connection.cpp:267] FuncWorkerConnection[1-7]: Handshake done
I0419 01:01:24.062839 IO-0 EL     (1744189) /home/lgw/Lumine-benchmarks/Lumine/src/host/engine/message_connection.cpp:267] FuncWorkerConnection[1-8]: Handshake done
I0419 01:01:24.905877 Server EL   (1744205) /home/lgw/Lumine-benchmarks/Lumine/src/host/engine/engine.cpp:746] Engine: New message connection
I0419 01:01:24.906162 IO-1 EL     (1744190) /home/lgw/Lumine-benchmarks/Lumine/lib/server/io_worker.cpp:212] IO-1: New connection of type 1, total of type 1 is 3
I0419 01:01:24.906319 IO-1 EL     (1744190) /home/lgw/Lumine-benchmarks/Lumine/src/host/engine/engine.cpp:289] Engine: Receive new handshake message from message connection
I0419 01:01:24.906355 IO-1 EL     (1744190) /home/lgw/Lumine-benchmarks/Lumine/src/host/engine/worker_manager.cpp:22] WorkerManager: Launcher of func_id 2 connected
I0419 01:01:24.906400 IO-1 EL     (1744190) /home/lgw/Lumine-benchmarks/Lumine/src/host/engine/worker_manager.cpp:130] WorkerManager: Request new FuncWorker for func_id 2 with client_id 9
I0419 01:01:24.906538 IO-1 EL     (1744190) /home/lgw/Lumine-benchmarks/Lumine/src/host/engine/worker_manager.cpp:130] WorkerManager: Request new FuncWorker for func_id 2 with client_id 10
I0419 01:01:24.906589 IO-1 EL     (1744190) /home/lgw/Lumine-benchmarks/Lumine/src/host/engine/worker_manager.cpp:130] WorkerManager: Request new FuncWorker for func_id 2 with client_id 11
I0419 01:01:24.906643 IO-1 EL     (1744190) /home/lgw/Lumine-benchmarks/Lumine/src/host/engine/worker_manager.cpp:130] WorkerManager: Request new FuncWorker for func_id 2 with client_id 12
I0419 01:01:24.906688 IO-1 EL     (1744190) /home/lgw/Lumine-benchmarks/Lumine/src/host/engine/worker_manager.cpp:130] WorkerManager: Request new FuncWorker for func_id 2 with client_id 13
I0419 01:01:24.906732 IO-1 EL     (1744190) /home/lgw/Lumine-benchmarks/Lumine/src/host/engine/worker_manager.cpp:130] WorkerManager: Request new FuncWorker for func_id 2 with client_id 14
I0419 01:01:24.906776 IO-1 EL     (1744190) /home/lgw/Lumine-benchmarks/Lumine/src/host/engine/worker_manager.cpp:130] WorkerManager: Request new FuncWorker for func_id 2 with client_id 15
I0419 01:01:24.906825 IO-1 EL     (1744190) /home/lgw/Lumine-benchmarks/Lumine/src/host/engine/worker_manager.cpp:130] WorkerManager: Request new FuncWorker for func_id 2 with client_id 16
I0419 01:01:24.906973 IO-1 EL     (1744190) /home/lgw/Lumine-benchmarks/Lumine/src/host/engine/message_connection.cpp:267] LauncherConnection[2]: Handshake done
I0419 01:01:24.930349 Server EL   (1744205) /home/lgw/Lumine-benchmarks/Lumine/src/host/engine/engine.cpp:746] Engine: New message connection
I0419 01:01:24.930569 Server EL   (1744205) /home/lgw/Lumine-benchmarks/Lumine/src/host/engine/engine.cpp:746] Engine: New message connection
I0419 01:01:24.930583 IO-2 EL     (1744191) /home/lgw/Lumine-benchmarks/Lumine/lib/server/io_worker.cpp:212] IO-2: New connection of type 1, total of type 1 is 3
I0419 01:01:24.930666 IO-2 EL     (1744191) /home/lgw/Lumine-benchmarks/Lumine/src/host/engine/engine.cpp:289] Engine: Receive new handshake message from message connection
I0419 01:01:24.930694 IO-2 EL     (1744191) /home/lgw/Lumine-benchmarks/Lumine/src/host/engine/worker_manager.cpp:59] WorkerManager: FuncWorker of func_id 2, client_id 13 connected
I0419 01:01:24.930712 IO-3 EL     (1744192) /home/lgw/Lumine-benchmarks/Lumine/lib/server/io_worker.cpp:212] IO-3: New connection of type 1, total of type 1 is 3
I0419 01:01:24.930816 IO-2 EL     (1744191) /home/lgw/Lumine-benchmarks/Lumine/src/host/engine/dispatcher.cpp:46] Dispatcher[2]: min_workers=8
I0419 01:01:24.930817 IO-3 EL     (1744192) /home/lgw/Lumine-benchmarks/Lumine/src/host/engine/engine.cpp:289] Engine: Receive new handshake message from message connection
I0419 01:01:24.930841 IO-2 EL     (1744191) /home/lgw/Lumine-benchmarks/Lumine/src/host/engine/dispatcher.cpp:50] Dispatcher[2]: max_workers=8
I0419 01:01:24.930856 IO-3 EL     (1744192) /home/lgw/Lumine-benchmarks/Lumine/src/host/engine/worker_manager.cpp:59] WorkerManager: FuncWorker of func_id 2, client_id 11 connected
I0419 01:01:24.930988 IO-2 EL     (1744191) /home/lgw/Lumine-benchmarks/Lumine/src/host/engine/message_connection.cpp:267] FuncWorkerConnection[2-13]: Handshake done
I0419 01:01:24.931049 IO-3 EL     (1744192) /home/lgw/Lumine-benchmarks/Lumine/src/host/engine/message_connection.cpp:267] FuncWorkerConnection[2-11]: Handshake done
I0419 01:01:24.931556 Server EL   (1744205) /home/lgw/Lumine-benchmarks/Lumine/src/host/engine/engine.cpp:746] Engine: New message connection
I0419 01:01:24.931712 IO-0 EL     (1744189) /home/lgw/Lumine-benchmarks/Lumine/lib/server/io_worker.cpp:212] IO-0: New connection of type 1, total of type 1 is 4
I0419 01:01:24.931798 IO-0 EL     (1744189) /home/lgw/Lumine-benchmarks/Lumine/src/host/engine/engine.cpp:289] Engine: Receive new handshake message from message connection
I0419 01:01:24.931829 IO-0 EL     (1744189) /home/lgw/Lumine-benchmarks/Lumine/src/host/engine/worker_manager.cpp:59] WorkerManager: FuncWorker of func_id 2, client_id 9 connected
I0419 01:01:24.932004 IO-0 EL     (1744189) /home/lgw/Lumine-benchmarks/Lumine/src/host/engine/message_connection.cpp:267] FuncWorkerConnection[2-9]: Handshake done
I0419 01:01:24.932162 Server EL   (1744205) /home/lgw/Lumine-benchmarks/Lumine/src/host/engine/engine.cpp:746] Engine: New message connection
I0419 01:01:24.932311 IO-1 EL     (1744190) /home/lgw/Lumine-benchmarks/Lumine/lib/server/io_worker.cpp:212] IO-1: New connection of type 1, total of type 1 is 4
I0419 01:01:24.932390 IO-1 EL     (1744190) /home/lgw/Lumine-benchmarks/Lumine/src/host/engine/engine.cpp:289] Engine: Receive new handshake message from message connection
I0419 01:01:24.932420 IO-1 EL     (1744190) /home/lgw/Lumine-benchmarks/Lumine/src/host/engine/worker_manager.cpp:59] WorkerManager: FuncWorker of func_id 2, client_id 10 connected
I0419 01:01:24.932576 IO-1 EL     (1744190) /home/lgw/Lumine-benchmarks/Lumine/src/host/engine/message_connection.cpp:267] FuncWorkerConnection[2-10]: Handshake done
I0419 01:01:24.932915 Server EL   (1744205) /home/lgw/Lumine-benchmarks/Lumine/src/host/engine/engine.cpp:746] Engine: New message connection
I0419 01:01:24.933030 IO-2 EL     (1744191) /home/lgw/Lumine-benchmarks/Lumine/lib/server/io_worker.cpp:212] IO-2: New connection of type 1, total of type 1 is 4
I0419 01:01:24.933090 IO-2 EL     (1744191) /home/lgw/Lumine-benchmarks/Lumine/src/host/engine/engine.cpp:289] Engine: Receive new handshake message from message connection
I0419 01:01:24.933111 IO-2 EL     (1744191) /home/lgw/Lumine-benchmarks/Lumine/src/host/engine/worker_manager.cpp:59] WorkerManager: FuncWorker of func_id 2, client_id 14 connected
I0419 01:01:24.933225 IO-2 EL     (1744191) /home/lgw/Lumine-benchmarks/Lumine/src/host/engine/message_connection.cpp:267] FuncWorkerConnection[2-14]: Handshake done
I0419 01:01:24.934315 Server EL   (1744205) /home/lgw/Lumine-benchmarks/Lumine/src/host/engine/engine.cpp:746] Engine: New message connection
I0419 01:01:24.934450 IO-3 EL     (1744192) /home/lgw/Lumine-benchmarks/Lumine/lib/server/io_worker.cpp:212] IO-3: New connection of type 1, total of type 1 is 4
I0419 01:01:24.934554 IO-3 EL     (1744192) /home/lgw/Lumine-benchmarks/Lumine/src/host/engine/engine.cpp:289] Engine: Receive new handshake message from message connection
I0419 01:01:24.934584 IO-3 EL     (1744192) /home/lgw/Lumine-benchmarks/Lumine/src/host/engine/worker_manager.cpp:59] WorkerManager: FuncWorker of func_id 2, client_id 12 connected
I0419 01:01:24.934733 IO-3 EL     (1744192) /home/lgw/Lumine-benchmarks/Lumine/src/host/engine/message_connection.cpp:267] FuncWorkerConnection[2-12]: Handshake done
I0419 01:01:24.938468 Server EL   (1744205) /home/lgw/Lumine-benchmarks/Lumine/src/host/engine/engine.cpp:746] Engine: New message connection
I0419 01:01:24.938620 IO-0 EL     (1744189) /home/lgw/Lumine-benchmarks/Lumine/lib/server/io_worker.cpp:212] IO-0: New connection of type 1, total of type 1 is 5
I0419 01:01:24.938696 IO-0 EL     (1744189) /home/lgw/Lumine-benchmarks/Lumine/src/host/engine/engine.cpp:289] Engine: Receive new handshake message from message connection
I0419 01:01:24.938715 IO-0 EL     (1744189) /home/lgw/Lumine-benchmarks/Lumine/src/host/engine/worker_manager.cpp:59] WorkerManager: FuncWorker of func_id 2, client_id 15 connected
I0419 01:01:24.938818 IO-0 EL     (1744189) /home/lgw/Lumine-benchmarks/Lumine/src/host/engine/message_connection.cpp:267] FuncWorkerConnection[2-15]: Handshake done
I0419 01:01:24.940017 Server EL   (1744205) /home/lgw/Lumine-benchmarks/Lumine/src/host/engine/engine.cpp:746] Engine: New message connection
I0419 01:01:24.940169 IO-1 EL     (1744190) /home/lgw/Lumine-benchmarks/Lumine/lib/server/io_worker.cpp:212] IO-1: New connection of type 1, total of type 1 is 5
I0419 01:01:24.940232 IO-1 EL     (1744190) /home/lgw/Lumine-benchmarks/Lumine/src/host/engine/engine.cpp:289] Engine: Receive new handshake message from message connection
I0419 01:01:24.940248 IO-1 EL     (1744190) /home/lgw/Lumine-benchmarks/Lumine/src/host/engine/worker_manager.cpp:59] WorkerManager: FuncWorker of func_id 2, client_id 16 connected
I0419 01:01:24.940356 IO-1 EL     (1744190) /home/lgw/Lumine-benchmarks/Lumine/src/host/engine/message_connection.cpp:267] FuncWorkerConnection[2-16]: Handshake done
I0419 01:01:25.816300 Server EL   (1744205) /home/lgw/Lumine-benchmarks/Lumine/src/host/engine/engine.cpp:746] Engine: New message connection
I0419 01:01:25.816533 IO-2 EL     (1744191) /home/lgw/Lumine-benchmarks/Lumine/lib/server/io_worker.cpp:212] IO-2: New connection of type 1, total of type 1 is 5
I0419 01:01:25.816773 IO-2 EL     (1744191) /home/lgw/Lumine-benchmarks/Lumine/src/host/engine/engine.cpp:289] Engine: Receive new handshake message from message connection
I0419 01:01:25.816808 IO-2 EL     (1744191) /home/lgw/Lumine-benchmarks/Lumine/src/host/engine/worker_manager.cpp:22] WorkerManager: Launcher of func_id 3 connected
I0419 01:01:25.816847 IO-2 EL     (1744191) /home/lgw/Lumine-benchmarks/Lumine/src/host/engine/worker_manager.cpp:130] WorkerManager: Request new FuncWorker for func_id 3 with client_id 17
I0419 01:01:25.817036 IO-2 EL     (1744191) /home/lgw/Lumine-benchmarks/Lumine/src/host/engine/message_connection.cpp:267] LauncherConnection[3]: Handshake done
I0419 01:01:25.837232 Server EL   (1744205) /home/lgw/Lumine-benchmarks/Lumine/src/host/engine/engine.cpp:746] Engine: New message connection
I0419 01:01:25.837402 IO-3 EL     (1744192) /home/lgw/Lumine-benchmarks/Lumine/lib/server/io_worker.cpp:212] IO-3: New connection of type 1, total of type 1 is 5
I0419 01:01:25.837470 IO-3 EL     (1744192) /home/lgw/Lumine-benchmarks/Lumine/src/host/engine/engine.cpp:289] Engine: Receive new handshake message from message connection
I0419 01:01:25.837488 IO-3 EL     (1744192) /home/lgw/Lumine-benchmarks/Lumine/src/host/engine/worker_manager.cpp:59] WorkerManager: FuncWorker of func_id 3, client_id 17 connected
I0419 01:01:25.837570 IO-3 EL     (1744192) /home/lgw/Lumine-benchmarks/Lumine/src/host/engine/dispatcher.cpp:46] Dispatcher[3]: min_workers=1
I0419 01:01:25.837586 IO-3 EL     (1744192) /home/lgw/Lumine-benchmarks/Lumine/src/host/engine/dispatcher.cpp:50] Dispatcher[3]: max_workers=1
I0419 01:01:25.837726 IO-3 EL     (1744192) /home/lgw/Lumine-benchmarks/Lumine/src/host/engine/message_connection.cpp:267] FuncWorkerConnection[3-17]: Handshake done
I0419 01:36:36.935856 IO-1 EL     (1744190) /home/lgw/Lumine-benchmarks/Lumine/lib/common/stat.h:265] incoming_external_requests counter: value=23, rate=2.09091 per sec
I0419 01:36:36.936030 IO-1 EL     (1744190) /home/lgw/Lumine-benchmarks/Lumine/lib/common/stat.h:265] incoming_requests[1] counter: value=12, rate=1.09091 per sec
I0419 01:36:36.941853 IO-1 EL     (1744190) /home/lgw/Lumine-benchmarks/Lumine/lib/common/stat.h:265] incoming_requests[2] counter: value=12, rate=1.0985 per sec
I0419 01:36:47.935305 IO-1 EL     (1744190) /home/lgw/Lumine-benchmarks/Lumine/lib/common/stat.h:265] incoming_external_requests counter: value=45, rate=2.00018 per sec
I0419 01:36:47.935433 IO-1 EL     (1744190) /home/lgw/Lumine-benchmarks/Lumine/lib/common/stat.h:265] incoming_requests[1] counter: value=23, rate=1.00009 per sec
I0419 01:36:47.941325 IO-0 EL     (1744189) /home/lgw/Lumine-benchmarks/Lumine/lib/common/stat.h:265] incoming_requests[2] counter: value=23, rate=1.00009 per sec
I0419 01:36:58.935900 IO-1 EL     (1744190) /home/lgw/Lumine-benchmarks/Lumine/lib/common/stat.h:265] incoming_external_requests counter: value=66, rate=1.90909 per sec
I0419 01:36:58.936059 IO-1 EL     (1744190) /home/lgw/Lumine-benchmarks/Lumine/lib/common/stat.h:265] incoming_requests[1] counter: value=34, rate=1 per sec
I0419 01:36:58.942684 IO-2 EL     (1744191) /home/lgw/Lumine-benchmarks/Lumine/lib/common/stat.h:265] incoming_requests[2] counter: value=33, rate=0.909008 per sec
I0419 01:37:09.934907 IO-1 EL     (1744190) /home/lgw/Lumine-benchmarks/Lumine/lib/common/stat.h:265] incoming_external_requests counter: value=88, rate=2.00018 per sec
I0419 01:37:09.935053 IO-1 EL     (1744190) /home/lgw/Lumine-benchmarks/Lumine/lib/common/stat.h:265] incoming_requests[1] counter: value=45, rate=1.00018 per sec
I0419 01:37:09.941019 IO-1 EL     (1744190) /home/lgw/Lumine-benchmarks/Lumine/lib/common/stat.h:265] incoming_requests[2] counter: value=44, rate=1.00018 per sec
I0419 01:37:20.935235 IO-1 EL     (1744190) /home/lgw/Lumine-benchmarks/Lumine/lib/common/stat.h:265] incoming_external_requests counter: value=109, rate=1.90909 per sec
I0419 01:37:20.935338 IO-1 EL     (1744190) /home/lgw/Lumine-benchmarks/Lumine/lib/common/stat.h:265] incoming_requests[1] counter: value=56, rate=1 per sec
I0419 01:37:20.941234 IO-3 EL     (1744192) /home/lgw/Lumine-benchmarks/Lumine/lib/common/stat.h:265] incoming_requests[2] counter: value=54, rate=0.909091 per sec
