I0424 03:21:42.348254 Main        (1858576) /home/lgw/Lumine-benchmarks/Lumine/lib/base/thread.cpp:96] Register main thread: tid=1858576
I0424 03:21:42.349917 Main        (1858576) /home/lgw/Lumine-benchmarks/Lumine/lib/common/config.cpp:332] Load configuration for function exp02UploadMovieId1[20]
I0424 03:21:42.350060 Main        (1858576) /home/lgw/Lumine-benchmarks/Lumine/lib/common/config.cpp:332] Load configuration for function exp02UploadText1[21]
I0424 03:21:42.350114 Main        (1858576) /home/lgw/Lumine-benchmarks/Lumine/lib/common/config.cpp:332] Load configuration for function exp02UploadUniqueId1[22]
I0424 03:21:42.350150 Main        (1858576) /home/lgw/Lumine-benchmarks/Lumine/lib/common/config.cpp:332] Load configuration for function exp02UploadUserId1[23]
I0424 03:21:42.350177 Main        (1858576) /home/lgw/Lumine-benchmarks/Lumine/lib/common/config.cpp:332] Load configuration for function exp02UploadRating2[24]
I0424 03:21:42.350212 Main        (1858576) /home/lgw/Lumine-benchmarks/Lumine/lib/common/config.cpp:332] Load configuration for function exp02UploadMovieId3[25]
I0424 03:21:42.350239 Main        (1858576) /home/lgw/Lumine-benchmarks/Lumine/lib/common/config.cpp:332] Load configuration for function exp02UploadRating3[26]
I0424 03:21:42.350265 Main        (1858576) /home/lgw/Lumine-benchmarks/Lumine/lib/common/config.cpp:332] Load configuration for function exp02UploadText3[27]
I0424 03:21:42.350290 Main        (1858576) /home/lgw/Lumine-benchmarks/Lumine/lib/common/config.cpp:332] Load configuration for function exp02UploadUniqueId3[28]
I0424 03:21:42.350317 Main        (1858576) /home/lgw/Lumine-benchmarks/Lumine/lib/common/config.cpp:332] Load configuration for function exp02UploadUserId3[29]
I0424 03:21:42.350343 Main        (1858576) /home/lgw/Lumine-benchmarks/Lumine/lib/common/config.cpp:332] Load configuration for function exp02UploadMovieReview4[30]
I0424 03:21:42.350368 Main        (1858576) /home/lgw/Lumine-benchmarks/Lumine/lib/common/config.cpp:332] Load configuration for function exp02ReadReview4[31]
I0424 03:21:42.350392 Main        (1858576) /home/lgw/Lumine-benchmarks/Lumine/lib/common/config.cpp:332] Load configuration for function exp02StoreReview4[32]
I0424 03:21:42.350421 Main        (1858576) /home/lgw/Lumine-benchmarks/Lumine/lib/common/config.cpp:332] Load configuration for function exp02UploadUserReview4[33]
I0424 03:21:42.350458 Main        (1858576) /home/lgw/Lumine-benchmarks/Lumine/lib/common/config.cpp:332] Load configuration for function exp02RegisterMovieId[34]
I0424 03:21:42.350491 Main        (1858576) /home/lgw/Lumine-benchmarks/Lumine/lib/common/config.cpp:332] Load configuration for function exp02ComposeReview[35]
I0424 03:21:42.350655 Main        (1858576) /home/lgw/Lumine-benchmarks/Lumine/src/host/worker/cpp/func_worker.cpp:107] My client_id is 47
I0424 03:21:42.350743 Main        (1858576) /home/lgw/Lumine-benchmarks/Lumine/src/host/worker/cpp/func_worker.cpp:173] Use extra pipes for messages
I0424 03:21:42.351252 Main        (1858576) /home/lgw/Lumine-benchmarks/Lumine/src/host/worker/cpp/func_worker.cpp:195] Handshake done
I0424 03:22:00.308200 Main        (1858576) /home/lgw/Lumine-benchmarks/Experiments/02/src/3_ComposeReviewService/UploadText3.cpp:50] req_id = 60003, UploadText3 token 1302
I0424 03:22:00.776142 Main        (1858576) /home/lgw/Lumine-benchmarks/Experiments/02/src/3_ComposeReviewService/UploadText3.cpp:50] req_id = 60004, UploadText3 token 597
I0424 03:22:00.780924 Main        (1858576) /home/lgw/Lumine-benchmarks/Experiments/02/src/3_ComposeReviewService/UploadText3.cpp:50] req_id = 60005, UploadText3 token 432
I0424 03:22:01.276816 Main        (1858576) /home/lgw/Lumine-benchmarks/Experiments/02/src/3_ComposeReviewService/UploadText3.cpp:50] req_id = 60006, UploadText3 token 602
I0424 03:22:01.780326 Main        (1858576) /home/lgw/Lumine-benchmarks/Experiments/02/src/3_ComposeReviewService/UploadText3.cpp:50] req_id = 60009, UploadText3 token 543
I0424 03:22:02.276263 Main        (1858576) /home/lgw/Lumine-benchmarks/Experiments/02/src/3_ComposeReviewService/UploadText3.cpp:50] req_id = 60010, UploadText3 token 529
I0424 03:22:02.781233 Main        (1858576) /home/lgw/Lumine-benchmarks/Experiments/02/src/3_ComposeReviewService/UploadText3.cpp:50] req_id = 60013, UploadText3 token 571
I0424 03:22:03.276216 Main        (1858576) /home/lgw/Lumine-benchmarks/Experiments/02/src/3_ComposeReviewService/UploadText3.cpp:50] req_id = 60014, UploadText3 token 662
I0424 03:22:03.281268 Main        (1858576) /home/lgw/Lumine-benchmarks/Experiments/02/src/3_ComposeReviewService/UploadText3.cpp:50] req_id = 60015, UploadText3 token 605
I0424 03:22:03.776234 Main        (1858576) /home/lgw/Lumine-benchmarks/Experiments/02/src/3_ComposeReviewService/UploadText3.cpp:50] req_id = 60016, UploadText3 token 612
I0424 03:22:04.280769 Main        (1858576) /home/lgw/Lumine-benchmarks/Experiments/02/src/3_ComposeReviewService/UploadText3.cpp:50] req_id = 60019, UploadText3 token 572
I0424 03:22:04.776714 Main        (1858576) /home/lgw/Lumine-benchmarks/Experiments/02/src/3_ComposeReviewService/UploadText3.cpp:50] req_id = 60020, UploadText3 token 591
I0424 03:22:05.279817 Main        (1858576) /home/lgw/Lumine-benchmarks/Experiments/02/src/3_ComposeReviewService/UploadText3.cpp:50] req_id = 60023, UploadText3 token 629
I0424 03:22:05.775475 Main        (1858576) /home/lgw/Lumine-benchmarks/Experiments/02/src/3_ComposeReviewService/UploadText3.cpp:50] req_id = 60024, UploadText3 token 576
I0424 03:22:05.780659 Main        (1858576) /home/lgw/Lumine-benchmarks/Experiments/02/src/3_ComposeReviewService/UploadText3.cpp:50] req_id = 60025, UploadText3 token 567
I0424 03:22:06.276520 Main        (1858576) /home/lgw/Lumine-benchmarks/Experiments/02/src/3_ComposeReviewService/UploadText3.cpp:50] req_id = 60026, UploadText3 token 606
I0424 03:22:06.779525 Main        (1858576) /home/lgw/Lumine-benchmarks/Experiments/02/src/3_ComposeReviewService/UploadText3.cpp:50] req_id = 60029, UploadText3 token 417
I0424 03:22:07.276270 Main        (1858576) /home/lgw/Lumine-benchmarks/Experiments/02/src/3_ComposeReviewService/UploadText3.cpp:50] req_id = 60030, UploadText3 token 498
I0424 03:22:07.780857 Main        (1858576) /home/lgw/Lumine-benchmarks/Experiments/02/src/3_ComposeReviewService/UploadText3.cpp:50] req_id = 60033, UploadText3 token 445
I0424 03:22:08.275944 Main        (1858576) /home/lgw/Lumine-benchmarks/Experiments/02/src/3_ComposeReviewService/UploadText3.cpp:50] req_id = 60034, UploadText3 token 575
I0424 03:22:08.780886 Main        (1858576) /home/lgw/Lumine-benchmarks/Experiments/02/src/3_ComposeReviewService/UploadText3.cpp:50] req_id = 60037, UploadText3 token 480
I0424 03:22:09.276289 Main        (1858576) /home/lgw/Lumine-benchmarks/Experiments/02/src/3_ComposeReviewService/UploadText3.cpp:50] req_id = 60038, UploadText3 token 630
I0424 03:22:09.780657 Main        (1858576) /home/lgw/Lumine-benchmarks/Experiments/02/src/3_ComposeReviewService/UploadText3.cpp:50] req_id = 60041, UploadText3 token 599
I0424 03:22:10.277139 Main        (1858576) /home/lgw/Lumine-benchmarks/Experiments/02/src/3_ComposeReviewService/UploadText3.cpp:50] req_id = 60042, UploadText3 token 604
I0424 03:22:10.780861 Main        (1858576) /home/lgw/Lumine-benchmarks/Experiments/02/src/3_ComposeReviewService/UploadText3.cpp:50] req_id = 60045, UploadText3 token 586
I0424 03:22:11.276523 Main        (1858576) /home/lgw/Lumine-benchmarks/Experiments/02/src/3_ComposeReviewService/UploadText3.cpp:50] req_id = 60046, UploadText3 token 639
I0424 03:22:11.779857 Main        (1858576) /home/lgw/Lumine-benchmarks/Experiments/02/src/3_ComposeReviewService/UploadText3.cpp:50] req_id = 60049, UploadText3 token 662
I0424 03:22:12.275948 Main        (1858576) /home/lgw/Lumine-benchmarks/Experiments/02/src/3_ComposeReviewService/UploadText3.cpp:50] req_id = 60050, UploadText3 token 638
I0424 03:22:13.779853 Main        (1858576) /home/lgw/Lumine-benchmarks/Experiments/02/src/3_ComposeReviewService/UploadText3.cpp:50] req_id = 60057, UploadText3 token 654
I0424 03:22:14.280700 Main        (1858576) /home/lgw/Lumine-benchmarks/Experiments/02/src/3_ComposeReviewService/UploadText3.cpp:50] req_id = 60059, UploadText3 token 518
I0424 03:22:14.775865 Main        (1858576) /home/lgw/Lumine-benchmarks/Experiments/02/src/3_ComposeReviewService/UploadText3.cpp:50] req_id = 60060, UploadText3 token 572
I0424 03:22:15.280308 Main        (1858576) /home/lgw/Lumine-benchmarks/Experiments/02/src/3_ComposeReviewService/UploadText3.cpp:50] req_id = 60063, UploadText3 token 600
I0424 03:22:15.775486 Main        (1858576) /home/lgw/Lumine-benchmarks/Experiments/02/src/3_ComposeReviewService/UploadText3.cpp:50] req_id = 60064, UploadText3 token 591
I0424 03:22:16.279991 Main        (1858576) /home/lgw/Lumine-benchmarks/Experiments/02/src/3_ComposeReviewService/UploadText3.cpp:50] req_id = 60067, UploadText3 token 560
I0424 03:22:16.775995 Main        (1858576) /home/lgw/Lumine-benchmarks/Experiments/02/src/3_ComposeReviewService/UploadText3.cpp:50] req_id = 60068, UploadText3 token 574
I0424 03:22:17.279946 Main        (1858576) /home/lgw/Lumine-benchmarks/Experiments/02/src/3_ComposeReviewService/UploadText3.cpp:50] req_id = 60071, UploadText3 token 617
I0424 03:22:17.776140 Main        (1858576) /home/lgw/Lumine-benchmarks/Experiments/02/src/3_ComposeReviewService/UploadText3.cpp:50] req_id = 60072, UploadText3 token 662
I0424 03:22:18.279997 Main        (1858576) /home/lgw/Lumine-benchmarks/Experiments/02/src/3_ComposeReviewService/UploadText3.cpp:50] req_id = 60075, UploadText3 token 582
I0424 03:22:18.776373 Main        (1858576) /home/lgw/Lumine-benchmarks/Experiments/02/src/3_ComposeReviewService/UploadText3.cpp:50] req_id = 60076, UploadText3 token 616
I0424 03:22:19.280355 Main        (1858576) /home/lgw/Lumine-benchmarks/Experiments/02/src/3_ComposeReviewService/UploadText3.cpp:50] req_id = 60079, UploadText3 token 561
I0424 03:22:19.775782 Main        (1858576) /home/lgw/Lumine-benchmarks/Experiments/02/src/3_ComposeReviewService/UploadText3.cpp:50] req_id = 60080, UploadText3 token 577
I0424 03:22:20.280735 Main        (1858576) /home/lgw/Lumine-benchmarks/Experiments/02/src/3_ComposeReviewService/UploadText3.cpp:50] req_id = 60083, UploadText3 token 653
I0424 03:22:20.775758 Main        (1858576) /home/lgw/Lumine-benchmarks/Experiments/02/src/3_ComposeReviewService/UploadText3.cpp:50] req_id = 60084, UploadText3 token 540
I0424 03:22:21.280321 Main        (1858576) /home/lgw/Lumine-benchmarks/Experiments/02/src/3_ComposeReviewService/UploadText3.cpp:50] req_id = 60087, UploadText3 token 616
I0424 03:22:21.776161 Main        (1858576) /home/lgw/Lumine-benchmarks/Experiments/02/src/3_ComposeReviewService/UploadText3.cpp:50] req_id = 60088, UploadText3 token 607
I0424 03:22:22.280217 Main        (1858576) /home/lgw/Lumine-benchmarks/Experiments/02/src/3_ComposeReviewService/UploadText3.cpp:50] req_id = 60091, UploadText3 token 551
I0424 03:22:22.775988 Main        (1858576) /home/lgw/Lumine-benchmarks/Experiments/02/src/3_ComposeReviewService/UploadText3.cpp:50] req_id = 60092, UploadText3 token 546
I0424 03:22:23.280950 Main        (1858576) /home/lgw/Lumine-benchmarks/Experiments/02/src/3_ComposeReviewService/UploadText3.cpp:50] req_id = 60095, UploadText3 token 601
I0424 03:22:23.775672 Main        (1858576) /home/lgw/Lumine-benchmarks/Experiments/02/src/3_ComposeReviewService/UploadText3.cpp:50] req_id = 60096, UploadText3 token 595
I0424 03:22:24.281007 Main        (1858576) /home/lgw/Lumine-benchmarks/Experiments/02/src/3_ComposeReviewService/UploadText3.cpp:50] req_id = 60099, UploadText3 token 622
I0424 03:22:24.776178 Main        (1858576) /home/lgw/Lumine-benchmarks/Experiments/02/src/3_ComposeReviewService/UploadText3.cpp:50] req_id = 60100, UploadText3 token 614
I0424 03:22:25.281056 Main        (1858576) /home/lgw/Lumine-benchmarks/Experiments/02/src/3_ComposeReviewService/UploadText3.cpp:50] req_id = 60103, UploadText3 token 482
I0424 03:22:25.775696 Main        (1858576) /home/lgw/Lumine-benchmarks/Experiments/02/src/3_ComposeReviewService/UploadText3.cpp:50] req_id = 60104, UploadText3 token 586
I0424 03:22:26.281212 Main        (1858576) /home/lgw/Lumine-benchmarks/Experiments/02/src/3_ComposeReviewService/UploadText3.cpp:50] req_id = 60107, UploadText3 token 463
I0424 03:22:26.776229 Main        (1858576) /home/lgw/Lumine-benchmarks/Experiments/02/src/3_ComposeReviewService/UploadText3.cpp:50] req_id = 60108, UploadText3 token 614
I0424 03:22:27.280158 Main        (1858576) /home/lgw/Lumine-benchmarks/Experiments/02/src/3_ComposeReviewService/UploadText3.cpp:50] req_id = 60111, UploadText3 token 615
I0424 03:22:27.776020 Main        (1858576) /home/lgw/Lumine-benchmarks/Experiments/02/src/3_ComposeReviewService/UploadText3.cpp:50] req_id = 60112, UploadText3 token 594
I0424 03:22:28.280580 Main        (1858576) /home/lgw/Lumine-benchmarks/Experiments/02/src/3_ComposeReviewService/UploadText3.cpp:50] req_id = 60115, UploadText3 token 533
I0424 03:22:28.775770 Main        (1858576) /home/lgw/Lumine-benchmarks/Experiments/02/src/3_ComposeReviewService/UploadText3.cpp:50] req_id = 60116, UploadText3 token 486
I0424 03:22:29.280313 Main        (1858576) /home/lgw/Lumine-benchmarks/Experiments/02/src/3_ComposeReviewService/UploadText3.cpp:50] req_id = 60119, UploadText3 token 542
I0424 03:22:29.775730 Main        (1858576) /home/lgw/Lumine-benchmarks/Experiments/02/src/3_ComposeReviewService/UploadText3.cpp:50] req_id = 60120, UploadText3 token 570
I0424 03:22:30.280922 Main        (1858576) /home/lgw/Lumine-benchmarks/Experiments/02/src/3_ComposeReviewService/UploadText3.cpp:50] req_id = 60123, UploadText3 token 578
I0424 03:22:30.776083 Main        (1858576) /home/lgw/Lumine-benchmarks/Experiments/02/src/3_ComposeReviewService/UploadText3.cpp:50] req_id = 60124, UploadText3 token 599
I0424 03:22:31.280231 Main        (1858576) /home/lgw/Lumine-benchmarks/Experiments/02/src/3_ComposeReviewService/UploadText3.cpp:50] req_id = 60127, UploadText3 token 572
I0424 03:22:31.775979 Main        (1858576) /home/lgw/Lumine-benchmarks/Experiments/02/src/3_ComposeReviewService/UploadText3.cpp:50] req_id = 60128, UploadText3 token 507
I0424 03:22:32.280801 Main        (1858576) /home/lgw/Lumine-benchmarks/Experiments/02/src/3_ComposeReviewService/UploadText3.cpp:50] req_id = 60131, UploadText3 token 690
I0424 03:22:32.776078 Main        (1858576) /home/lgw/Lumine-benchmarks/Experiments/02/src/3_ComposeReviewService/UploadText3.cpp:50] req_id = 60132, UploadText3 token 606
I0424 03:22:33.279903 Main        (1858576) /home/lgw/Lumine-benchmarks/Experiments/02/src/3_ComposeReviewService/UploadText3.cpp:50] req_id = 60135, UploadText3 token 717
I0424 03:22:33.776395 Main        (1858576) /home/lgw/Lumine-benchmarks/Experiments/02/src/3_ComposeReviewService/UploadText3.cpp:50] req_id = 60136, UploadText3 token 666
I0424 03:22:34.279714 Main        (1858576) /home/lgw/Lumine-benchmarks/Experiments/02/src/3_ComposeReviewService/UploadText3.cpp:50] req_id = 60139, UploadText3 token 494
I0424 03:22:34.776221 Main        (1858576) /home/lgw/Lumine-benchmarks/Experiments/02/src/3_ComposeReviewService/UploadText3.cpp:50] req_id = 60140, UploadText3 token 579
I0424 03:22:35.280112 Main        (1858576) /home/lgw/Lumine-benchmarks/Experiments/02/src/3_ComposeReviewService/UploadText3.cpp:50] req_id = 60143, UploadText3 token 596
I0424 03:22:35.776345 Main        (1858576) /home/lgw/Lumine-benchmarks/Experiments/02/src/3_ComposeReviewService/UploadText3.cpp:50] req_id = 60144, UploadText3 token 580
I0424 03:22:36.280077 Main        (1858576) /home/lgw/Lumine-benchmarks/Experiments/02/src/3_ComposeReviewService/UploadText3.cpp:50] req_id = 60147, UploadText3 token 668
I0424 03:22:36.775873 Main        (1858576) /home/lgw/Lumine-benchmarks/Experiments/02/src/3_ComposeReviewService/UploadText3.cpp:50] req_id = 60148, UploadText3 token 617
I0424 03:22:37.279950 Main        (1858576) /home/lgw/Lumine-benchmarks/Experiments/02/src/3_ComposeReviewService/UploadText3.cpp:50] req_id = 60151, UploadText3 token 548
I0424 03:22:37.775595 Main        (1858576) /home/lgw/Lumine-benchmarks/Experiments/02/src/3_ComposeReviewService/UploadText3.cpp:50] req_id = 60152, UploadText3 token 575
I0424 03:22:37.780618 Main        (1858576) /home/lgw/Lumine-benchmarks/Experiments/02/src/3_ComposeReviewService/UploadText3.cpp:50] req_id = 60153, UploadText3 token 554
I0424 03:22:38.275563 Main        (1858576) /home/lgw/Lumine-benchmarks/Experiments/02/src/3_ComposeReviewService/UploadText3.cpp:50] req_id = 60154, UploadText3 token 589
I0424 03:22:38.780564 Main        (1858576) /home/lgw/Lumine-benchmarks/Experiments/02/src/3_ComposeReviewService/UploadText3.cpp:50] req_id = 60157, UploadText3 token 456
I0424 03:22:39.276150 Main        (1858576) /home/lgw/Lumine-benchmarks/Experiments/02/src/3_ComposeReviewService/UploadText3.cpp:50] req_id = 60158, UploadText3 token 621
I0424 03:22:39.779818 Main        (1858576) /home/lgw/Lumine-benchmarks/Experiments/02/src/3_ComposeReviewService/UploadText3.cpp:50] req_id = 60161, UploadText3 token 523
I0424 03:22:40.276154 Main        (1858576) /home/lgw/Lumine-benchmarks/Experiments/02/src/3_ComposeReviewService/UploadText3.cpp:50] req_id = 60162, UploadText3 token 560
I0424 03:22:40.780183 Main        (1858576) /home/lgw/Lumine-benchmarks/Experiments/02/src/3_ComposeReviewService/UploadText3.cpp:50] req_id = 60165, UploadText3 token 542
I0424 03:22:41.276327 Main        (1858576) /home/lgw/Lumine-benchmarks/Experiments/02/src/3_ComposeReviewService/UploadText3.cpp:50] req_id = 60166, UploadText3 token 598
I0424 03:22:41.780684 Main        (1858576) /home/lgw/Lumine-benchmarks/Experiments/02/src/3_ComposeReviewService/UploadText3.cpp:50] req_id = 60169, UploadText3 token 448
I0424 03:22:42.276485 Main        (1858576) /home/lgw/Lumine-benchmarks/Experiments/02/src/3_ComposeReviewService/UploadText3.cpp:50] req_id = 60170, UploadText3 token 646
I0424 03:22:42.780498 Main        (1858576) /home/lgw/Lumine-benchmarks/Experiments/02/src/3_ComposeReviewService/UploadText3.cpp:50] req_id = 60173, UploadText3 token 597
I0424 03:22:43.276263 Main        (1858576) /home/lgw/Lumine-benchmarks/Experiments/02/src/3_ComposeReviewService/UploadText3.cpp:50] req_id = 60174, UploadText3 token 587
I0424 03:22:43.780373 Main        (1858576) /home/lgw/Lumine-benchmarks/Experiments/02/src/3_ComposeReviewService/UploadText3.cpp:50] req_id = 60177, UploadText3 token 621
I0424 03:22:44.275976 Main        (1858576) /home/lgw/Lumine-benchmarks/Experiments/02/src/3_ComposeReviewService/UploadText3.cpp:50] req_id = 60178, UploadText3 token 586
I0424 03:22:44.779922 Main        (1858576) /home/lgw/Lumine-benchmarks/Experiments/02/src/3_ComposeReviewService/UploadText3.cpp:50] req_id = 60181, UploadText3 token 622
I0424 03:22:45.275767 Main        (1858576) /home/lgw/Lumine-benchmarks/Experiments/02/src/3_ComposeReviewService/UploadText3.cpp:50] req_id = 60182, UploadText3 token 606
I0424 03:22:45.780343 Main        (1858576) /home/lgw/Lumine-benchmarks/Experiments/02/src/3_ComposeReviewService/UploadText3.cpp:50] req_id = 60185, UploadText3 token 531
I0424 03:22:46.276056 Main        (1858576) /home/lgw/Lumine-benchmarks/Experiments/02/src/3_ComposeReviewService/UploadText3.cpp:50] req_id = 60186, UploadText3 token 563
I0424 03:22:47.280626 Main        (1858576) /home/lgw/Lumine-benchmarks/Experiments/02/src/3_ComposeReviewService/UploadText3.cpp:50] req_id = 60191, UploadText3 token 520
I0424 03:22:47.776497 Main        (1858576) /home/lgw/Lumine-benchmarks/Experiments/02/src/3_ComposeReviewService/UploadText3.cpp:50] req_id = 60192, UploadText3 token 588
I0424 03:22:48.280070 Main        (1858576) /home/lgw/Lumine-benchmarks/Experiments/02/src/3_ComposeReviewService/UploadText3.cpp:50] req_id = 60195, UploadText3 token 589
I0424 03:22:48.775856 Main        (1858576) /home/lgw/Lumine-benchmarks/Experiments/02/src/3_ComposeReviewService/UploadText3.cpp:50] req_id = 60196, UploadText3 token 689
I0424 03:22:49.280161 Main        (1858576) /home/lgw/Lumine-benchmarks/Experiments/02/src/3_ComposeReviewService/UploadText3.cpp:50] req_id = 60199, UploadText3 token 507
I0424 03:22:49.775841 Main        (1858576) /home/lgw/Lumine-benchmarks/Experiments/02/src/3_ComposeReviewService/UploadText3.cpp:50] req_id = 60200, UploadText3 token 519
I0424 03:22:50.280606 Main        (1858576) /home/lgw/Lumine-benchmarks/Experiments/02/src/3_ComposeReviewService/UploadText3.cpp:50] req_id = 60203, UploadText3 token 726
I0424 03:22:50.775616 Main        (1858576) /home/lgw/Lumine-benchmarks/Experiments/02/src/3_ComposeReviewService/UploadText3.cpp:50] req_id = 60204, UploadText3 token 564
I0424 03:22:51.280699 Main        (1858576) /home/lgw/Lumine-benchmarks/Experiments/02/src/3_ComposeReviewService/UploadText3.cpp:50] req_id = 60207, UploadText3 token 556
I0424 03:22:51.775548 Main        (1858576) /home/lgw/Lumine-benchmarks/Experiments/02/src/3_ComposeReviewService/UploadText3.cpp:50] req_id = 60208, UploadText3 token 584
I0424 03:22:52.280376 Main        (1858576) /home/lgw/Lumine-benchmarks/Experiments/02/src/3_ComposeReviewService/UploadText3.cpp:50] req_id = 60211, UploadText3 token 560
I0424 03:22:52.775607 Main        (1858576) /home/lgw/Lumine-benchmarks/Experiments/02/src/3_ComposeReviewService/UploadText3.cpp:50] req_id = 60212, UploadText3 token 564
I0424 03:22:53.280126 Main        (1858576) /home/lgw/Lumine-benchmarks/Experiments/02/src/3_ComposeReviewService/UploadText3.cpp:50] req_id = 60215, UploadText3 token 566
I0424 03:22:53.775291 Main        (1858576) /home/lgw/Lumine-benchmarks/Experiments/02/src/3_ComposeReviewService/UploadText3.cpp:50] req_id = 60216, UploadText3 token 467
I0424 03:22:54.280727 Main        (1858576) /home/lgw/Lumine-benchmarks/Experiments/02/src/3_ComposeReviewService/UploadText3.cpp:50] req_id = 60219, UploadText3 token 467
I0424 03:22:54.776264 Main        (1858576) /home/lgw/Lumine-benchmarks/Experiments/02/src/3_ComposeReviewService/UploadText3.cpp:50] req_id = 60220, UploadText3 token 593
I0424 03:22:55.280416 Main        (1858576) /home/lgw/Lumine-benchmarks/Experiments/02/src/3_ComposeReviewService/UploadText3.cpp:50] req_id = 60223, UploadText3 token 547
I0424 03:22:55.775602 Main        (1858576) /home/lgw/Lumine-benchmarks/Experiments/02/src/3_ComposeReviewService/UploadText3.cpp:50] req_id = 60224, UploadText3 token 572
I0424 03:22:56.279952 Main        (1858576) /home/lgw/Lumine-benchmarks/Experiments/02/src/3_ComposeReviewService/UploadText3.cpp:50] req_id = 60227, UploadText3 token 616
I0424 03:22:56.775680 Main        (1858576) /home/lgw/Lumine-benchmarks/Experiments/02/src/3_ComposeReviewService/UploadText3.cpp:50] req_id = 60228, UploadText3 token 630
I0424 03:22:57.280146 Main        (1858576) /home/lgw/Lumine-benchmarks/Experiments/02/src/3_ComposeReviewService/UploadText3.cpp:50] req_id = 60231, UploadText3 token 603
I0424 03:22:57.776326 Main        (1858576) /home/lgw/Lumine-benchmarks/Experiments/02/src/3_ComposeReviewService/UploadText3.cpp:50] req_id = 60232, UploadText3 token 566
I0424 03:22:58.279836 Main        (1858576) /home/lgw/Lumine-benchmarks/Experiments/02/src/3_ComposeReviewService/UploadText3.cpp:50] req_id = 60235, UploadText3 token 543
I0424 03:22:58.775554 Main        (1858576) /home/lgw/Lumine-benchmarks/Experiments/02/src/3_ComposeReviewService/UploadText3.cpp:50] req_id = 60236, UploadText3 token 578
I0424 03:22:58.780635 Main        (1858576) /home/lgw/Lumine-benchmarks/Experiments/02/src/3_ComposeReviewService/UploadText3.cpp:50] req_id = 60237, UploadText3 token 573
I0424 03:22:59.276322 Main        (1858576) /home/lgw/Lumine-benchmarks/Experiments/02/src/3_ComposeReviewService/UploadText3.cpp:50] req_id = 60238, UploadText3 token 508
I0424 03:22:59.779994 Main        (1858576) /home/lgw/Lumine-benchmarks/Experiments/02/src/3_ComposeReviewService/UploadText3.cpp:50] req_id = 60241, UploadText3 token 569
I0424 03:23:00.277077 Main        (1858576) /home/lgw/Lumine-benchmarks/Experiments/02/src/3_ComposeReviewService/UploadText3.cpp:50] req_id = 60242, UploadText3 token 581
I0424 03:27:35.431244 Main        (1858576) /home/lgw/Lumine-benchmarks/Lumine/src/host/worker/cpp/func_worker.cpp:551] Leave RDMA_SERVING state and enter RDMA_RECLAIM state
I0424 03:27:35.431444 Main        (1858576) /home/lgw/Lumine-benchmarks/Lumine/src/host/worker/cpp/func_worker.cpp:559] DRC reclamation succeeded!
