I0420 15:58:12.747424 Main        (1913828) /home/lgw/Lumine-benchmarks/Lumine/lib/base/thread.cpp:96] Register main thread: tid=1913828
I0420 15:58:12.749658 Main        (1913828) /home/lgw/Lumine-benchmarks/Lumine/lib/common/config.cpp:332] Load configuration for function exp09Start[1]
I0420 15:58:12.749880 Main        (1913828) /home/lgw/Lumine-benchmarks/Lumine/lib/common/config.cpp:332] Load configuration for function exp09End[2]
I0420 15:58:12.749963 Main        (1913828) /home/lgw/Lumine-benchmarks/Lumine/lib/common/config.cpp:332] Load configuration for function exp09Register[3]
I0420 15:58:12.750012 Main        (1913828) /home/lgw/Lumine-benchmarks/Lumine/lib/common/config.cpp:332] Load configuration for function exp09StartFinra[4]
I0420 15:58:12.750177 Main        (1913828) /home/lgw/Lumine-benchmarks/Lumine/src/host/worker/cpp/func_worker.cpp:107] My client_id is 2
I0420 15:58:12.750299 Main        (1913828) /home/lgw/Lumine-benchmarks/Lumine/src/host/worker/cpp/func_worker.cpp:173] Use extra pipes for messages
I0420 15:58:12.751059 Main        (1913828) /home/lgw/Lumine-benchmarks/Lumine/src/host/worker/cpp/func_worker.cpp:195] Handshake done
I0420 15:58:24.770101 Main        (1913828) /home/lgw/Lumine-benchmarks/Experiments/09/src/0_start/start.cpp:86] req_id = 480001, start_time = 1682006304767182
I0420 15:58:24.844270 Main        (1913828) /home/lgw/Lumine-benchmarks/Experiments/09/src/0_start/start.cpp:86] req_id = 900002, start_time = 1682006304842464
I0420 15:58:24.853468 Main        (1913828) /home/lgw/Lumine-benchmarks/Experiments/09/src/0_start/start.cpp:86] req_id = 1200002, start_time = 1682006304851005
I0420 15:58:24.856752 Main        (1913828) /home/lgw/Lumine-benchmarks/Experiments/09/src/0_start/start.cpp:86] req_id = 1860001, start_time = 1682006304854936
I0420 15:58:24.860986 Main        (1913828) /home/lgw/Lumine-benchmarks/Experiments/09/src/0_start/start.cpp:86] req_id = 2340001, start_time = 1682006304858496
I0420 15:58:24.864836 Main        (1913828) /home/lgw/Lumine-benchmarks/Experiments/09/src/0_start/start.cpp:86] req_id = 1980001, start_time = 1682006304862582
I0420 15:58:24.868489 Main        (1913828) /home/lgw/Lumine-benchmarks/Experiments/09/src/0_start/start.cpp:86] req_id = 2100001, start_time = 1682006304866306
I0420 15:58:24.872216 Main        (1913828) /home/lgw/Lumine-benchmarks/Experiments/09/src/0_start/start.cpp:86] req_id = 1140002, start_time = 1682006304870644
I0420 15:58:25.816161 Main        (1913828) /home/lgw/Lumine-benchmarks/Experiments/09/src/0_start/start.cpp:86] req_id = 2520002, start_time = 1682006305814150
I0420 15:58:25.819035 Main        (1913828) /home/lgw/Lumine-benchmarks/Experiments/09/src/0_start/start.cpp:86] req_id = 2760002, start_time = 1682006305817299
I0420 15:58:26.771002 Main        (1913828) /home/lgw/Lumine-benchmarks/Experiments/09/src/0_start/start.cpp:86] req_id = 60005, start_time = 1682006306768285
I0420 15:58:26.774136 Main        (1913828) /home/lgw/Lumine-benchmarks/Experiments/09/src/0_start/start.cpp:86] req_id = 660003, start_time = 1682006306772244
I0420 15:58:26.777329 Main        (1913828) /home/lgw/Lumine-benchmarks/Experiments/09/src/0_start/start.cpp:86] req_id = 660004, start_time = 1682006306775332
I0420 15:58:26.781558 Main        (1913828) /home/lgw/Lumine-benchmarks/Experiments/09/src/0_start/start.cpp:86] req_id = 840004, start_time = 1682006306779767
I0420 15:58:26.784363 Main        (1913828) /home/lgw/Lumine-benchmarks/Experiments/09/src/0_start/start.cpp:86] req_id = 1260003, start_time = 1682006306782950
I0420 15:58:26.788373 Main        (1913828) /home/lgw/Lumine-benchmarks/Experiments/09/src/0_start/start.cpp:86] req_id = 1200004, start_time = 1682006306785759
I0420 15:58:26.793414 Main        (1913828) /home/lgw/Lumine-benchmarks/Experiments/09/src/0_start/start.cpp:86] req_id = 1860003, start_time = 1682006306790918
I0420 15:58:26.797048 Main        (1913828) /home/lgw/Lumine-benchmarks/Experiments/09/src/0_start/start.cpp:86] req_id = 2100003, start_time = 1682006306795031
I0420 15:58:26.800741 Main        (1913828) /home/lgw/Lumine-benchmarks/Experiments/09/src/0_start/start.cpp:86] req_id = 2040004, start_time = 1682006306798593
I0420 15:58:26.804228 Main        (1913828) /home/lgw/Lumine-benchmarks/Experiments/09/src/0_start/start.cpp:86] req_id = 2700003, start_time = 1682006306801947
I0420 15:58:26.809557 Main        (1913828) /home/lgw/Lumine-benchmarks/Experiments/09/src/0_start/start.cpp:86] req_id = 2580004, start_time = 1682006306807190
I0420 15:58:28.771820 Main        (1913828) /home/lgw/Lumine-benchmarks/Experiments/09/src/0_start/start.cpp:86] req_id = 540005, start_time = 1682006308769496
I0420 15:58:28.776071 Main        (1913828) /home/lgw/Lumine-benchmarks/Experiments/09/src/0_start/start.cpp:86] req_id = 780005, start_time = 1682006308773742
I0420 15:58:28.778868 Main        (1913828) /home/lgw/Lumine-benchmarks/Experiments/09/src/0_start/start.cpp:86] req_id = 1080005, start_time = 1682006308777344
I0420 15:58:28.781942 Main        (1913828) /home/lgw/Lumine-benchmarks/Experiments/09/src/0_start/start.cpp:86] req_id = 900006, start_time = 1682006308780463
I0420 15:58:28.785009 Main        (1913828) /home/lgw/Lumine-benchmarks/Experiments/09/src/0_start/start.cpp:86] req_id = 1560005, start_time = 1682006308783570
I0420 15:58:28.788386 Main        (1913828) /home/lgw/Lumine-benchmarks/Experiments/09/src/0_start/start.cpp:86] req_id = 1500006, start_time = 1682006308786490
I0420 15:58:28.791496 Main        (1913828) /home/lgw/Lumine-benchmarks/Experiments/09/src/0_start/start.cpp:86] req_id = 2040005, start_time = 1682006308790127
I0420 15:58:28.795255 Main        (1913828) /home/lgw/Lumine-benchmarks/Experiments/09/src/0_start/start.cpp:86] req_id = 2280005, start_time = 1682006308793938
I0420 15:58:28.799345 Main        (1913828) /home/lgw/Lumine-benchmarks/Experiments/09/src/0_start/start.cpp:86] req_id = 2460005, start_time = 1682006308797985
I0420 15:58:28.803208 Main        (1913828) /home/lgw/Lumine-benchmarks/Experiments/09/src/0_start/start.cpp:86] req_id = 2700005, start_time = 1682006308801739
I0420 15:58:28.807202 Main        (1913828) /home/lgw/Lumine-benchmarks/Experiments/09/src/0_start/start.cpp:86] req_id = 3000005, start_time = 1682006308805596
I0420 15:58:28.811781 Main        (1913828) /home/lgw/Lumine-benchmarks/Experiments/09/src/0_start/start.cpp:86] req_id = 2880006, start_time = 1682006308809959
I0420 15:58:30.766251 Main        (1913828) /home/lgw/Lumine-benchmarks/Experiments/09/src/0_start/start.cpp:86] req_id = 180007, start_time = 1682006310764662
I0420 15:58:30.770690 Main        (1913828) /home/lgw/Lumine-benchmarks/Experiments/09/src/0_start/start.cpp:86] req_id = 420007, start_time = 1682006310767840
I0420 15:58:30.774308 Main        (1913828) /home/lgw/Lumine-benchmarks/Experiments/09/src/0_start/start.cpp:86] req_id = 360008, start_time = 1682006310772093
I0420 15:58:30.777946 Main        (1913828) /home/lgw/Lumine-benchmarks/Experiments/09/src/0_start/start.cpp:86] req_id = 840007, start_time = 1682006310775643
I0420 15:58:30.780844 Main        (1913828) /home/lgw/Lumine-benchmarks/Experiments/09/src/0_start/start.cpp:86] req_id = 780008, start_time = 1682006310779178
I0420 15:58:30.783799 Main        (1913828) /home/lgw/Lumine-benchmarks/Experiments/09/src/0_start/start.cpp:86] req_id = 1320007, start_time = 1682006310782439
I0420 15:58:30.786805 Main        (1913828) /home/lgw/Lumine-benchmarks/Experiments/09/src/0_start/start.cpp:86] req_id = 1260008, start_time = 1682006310785331
I0420 15:58:30.790182 Main        (1913828) /home/lgw/Lumine-benchmarks/Experiments/09/src/0_start/start.cpp:86] req_id = 1740007, start_time = 1682006310788457
I0420 15:58:30.794266 Main        (1913828) /home/lgw/Lumine-benchmarks/Experiments/09/src/0_start/start.cpp:86] req_id = 1680008, start_time = 1682006310792997
I0420 15:58:30.798569 Main        (1913828) /home/lgw/Lumine-benchmarks/Experiments/09/src/0_start/start.cpp:86] req_id = 2160007, start_time = 1682006310797340
I0420 15:58:30.802602 Main        (1913828) /home/lgw/Lumine-benchmarks/Experiments/09/src/0_start/start.cpp:86] req_id = 2160008, start_time = 1682006310801450
I0420 15:58:30.807827 Main        (1913828) /home/lgw/Lumine-benchmarks/Experiments/09/src/0_start/start.cpp:86] req_id = 2340008, start_time = 1682006310806049
I0420 15:58:30.812712 Main        (1913828) /home/lgw/Lumine-benchmarks/Experiments/09/src/0_start/start.cpp:86] req_id = 2580008, start_time = 1682006310811259
I0420 15:58:30.819053 Main        (1913828) /home/lgw/Lumine-benchmarks/Experiments/09/src/0_start/start.cpp:86] req_id = 3000008, start_time = 1682006310817583
I0420 15:58:32.766036 Main        (1913828) /home/lgw/Lumine-benchmarks/Experiments/09/src/0_start/start.cpp:86] req_id = 180009, start_time = 1682006312764735
I0420 15:58:32.769355 Main        (1913828) /home/lgw/Lumine-benchmarks/Experiments/09/src/0_start/start.cpp:86] req_id = 300009, start_time = 1682006312767889
I0420 15:58:32.773417 Main        (1913828) /home/lgw/Lumine-benchmarks/Experiments/09/src/0_start/start.cpp:86] req_id = 540009, start_time = 1682006312770825
I0420 15:58:32.777127 Main        (1913828) /home/lgw/Lumine-benchmarks/Experiments/09/src/0_start/start.cpp:86] req_id = 720009, start_time = 1682006312774843
I0420 15:58:32.781806 Main        (1913828) /home/lgw/Lumine-benchmarks/Experiments/09/src/0_start/start.cpp:86] req_id = 840010, start_time = 1682006312779758
I0420 15:58:32.788863 Main        (1913828) /home/lgw/Lumine-benchmarks/Experiments/09/src/0_start/start.cpp:86] req_id = 1080010, start_time = 1682006312783303
I0420 15:58:32.793760 Main        (1913828) /home/lgw/Lumine-benchmarks/Experiments/09/src/0_start/start.cpp:86] req_id = 1800009, start_time = 1682006312791515
I0420 15:58:32.797912 Main        (1913828) /home/lgw/Lumine-benchmarks/Experiments/09/src/0_start/start.cpp:86] req_id = 1620010, start_time = 1682006312795425
I0420 15:58:32.801139 Main        (1913828) /home/lgw/Lumine-benchmarks/Experiments/09/src/0_start/start.cpp:86] req_id = 2100009, start_time = 1682006312799427
I0420 15:58:32.805776 Main        (1913828) /home/lgw/Lumine-benchmarks/Experiments/09/src/0_start/start.cpp:86] req_id = 2040010, start_time = 1682006312804255
I0420 15:58:32.811822 Main        (1913828) /home/lgw/Lumine-benchmarks/Experiments/09/src/0_start/start.cpp:86] req_id = 2340010, start_time = 1682006312809852
I0420 15:58:32.817162 Main        (1913828) /home/lgw/Lumine-benchmarks/Experiments/09/src/0_start/start.cpp:86] req_id = 2880009, start_time = 1682006312815571
I0420 15:58:32.822473 Main        (1913828) /home/lgw/Lumine-benchmarks/Experiments/09/src/0_start/start.cpp:86] req_id = 2880010, start_time = 1682006312821144
I0420 15:58:34.766913 Main        (1913828) /home/lgw/Lumine-benchmarks/Experiments/09/src/0_start/start.cpp:86] req_id = 120011, start_time = 1682006314765119
I0420 15:58:34.770560 Main        (1913828) /home/lgw/Lumine-benchmarks/Experiments/09/src/0_start/start.cpp:86] req_id = 60013, start_time = 1682006314768282
I0420 15:58:34.774600 Main        (1913828) /home/lgw/Lumine-benchmarks/Experiments/09/src/0_start/start.cpp:86] req_id = 300012, start_time = 1682006314772074
I0420 15:58:34.777988 Main        (1913828) /home/lgw/Lumine-benchmarks/Experiments/09/src/0_start/start.cpp:86] req_id = 660012, start_time = 1682006314775859
I0420 15:58:34.780627 Main        (1913828) /home/lgw/Lumine-benchmarks/Experiments/09/src/0_start/start.cpp:86] req_id = 1140011, start_time = 1682006314779165
I0420 15:58:34.782935 Main        (1913828) /home/lgw/Lumine-benchmarks/Experiments/09/src/0_start/start.cpp:86] req_id = 1020012, start_time = 1682006314781706
I0420 15:58:34.786119 Main        (1913828) /home/lgw/Lumine-benchmarks/Experiments/09/src/0_start/start.cpp:86] req_id = 1440011, start_time = 1682006314784140
I0420 15:58:34.789865 Main        (1913828) /home/lgw/Lumine-benchmarks/Experiments/09/src/0_start/start.cpp:86] req_id = 1500012, start_time = 1682006314787250
I0420 15:58:34.793195 Main        (1913828) /home/lgw/Lumine-benchmarks/Experiments/09/src/0_start/start.cpp:86] req_id = 1560012, start_time = 1682006314791329
I0420 15:58:34.796647 Main        (1913828) /home/lgw/Lumine-benchmarks/Experiments/09/src/0_start/start.cpp:86] req_id = 1860012, start_time = 1682006314794338
I0420 15:58:34.799977 Main        (1913828) /home/lgw/Lumine-benchmarks/Experiments/09/src/0_start/start.cpp:86] req_id = 2040012, start_time = 1682006314798107
I0420 15:58:34.803703 Main        (1913828) /home/lgw/Lumine-benchmarks/Experiments/09/src/0_start/start.cpp:86] req_id = 2580011, start_time = 1682006314801514
I0420 15:58:34.807458 Main        (1913828) /home/lgw/Lumine-benchmarks/Experiments/09/src/0_start/start.cpp:86] req_id = 2520012, start_time = 1682006314805453
I0420 15:58:34.811234 Main        (1913828) /home/lgw/Lumine-benchmarks/Experiments/09/src/0_start/start.cpp:86] req_id = 3000012, start_time = 1682006314809382
I0420 15:58:36.767448 Main        (1913828) /home/lgw/Lumine-benchmarks/Experiments/09/src/0_start/start.cpp:86] req_id = 120013, start_time = 1682006316765414
I0420 15:58:36.772033 Main        (1913828) /home/lgw/Lumine-benchmarks/Experiments/09/src/0_start/start.cpp:86] req_id = 60015, start_time = 1682006316770090
I0420 15:58:36.775345 Main        (1913828) /home/lgw/Lumine-benchmarks/Experiments/09/src/0_start/start.cpp:86] req_id = 780013, start_time = 1682006316773050
I0420 15:58:36.778653 Main        (1913828) /home/lgw/Lumine-benchmarks/Experiments/09/src/0_start/start.cpp:86] req_id = 660014, start_time = 1682006316776616
I0420 15:58:36.782267 Main        (1913828) /home/lgw/Lumine-benchmarks/Experiments/09/src/0_start/start.cpp:86] req_id = 1140013, start_time = 1682006316780048
I0420 15:58:36.785720 Main        (1913828) /home/lgw/Lumine-benchmarks/Experiments/09/src/0_start/start.cpp:86] req_id = 1020014, start_time = 1682006316783555
I0420 15:58:36.789332 Main        (1913828) /home/lgw/Lumine-benchmarks/Experiments/09/src/0_start/start.cpp:86] req_id = 1620013, start_time = 1682006316786754
I0420 15:58:36.792713 Main        (1913828) /home/lgw/Lumine-benchmarks/Experiments/09/src/0_start/start.cpp:86] req_id = 1860013, start_time = 1682006316790465
I0420 15:58:36.796480 Main        (1913828) /home/lgw/Lumine-benchmarks/Experiments/09/src/0_start/start.cpp:86] req_id = 1620014, start_time = 1682006316794132
I0420 15:58:36.800096 Main        (1913828) /home/lgw/Lumine-benchmarks/Experiments/09/src/0_start/start.cpp:86] req_id = 2340013, start_time = 1682006316798145
I0420 15:58:36.804468 Main        (1913828) /home/lgw/Lumine-benchmarks/Experiments/09/src/0_start/start.cpp:86] req_id = 2520013, start_time = 1682006316802813
I0420 15:58:36.808096 Main        (1913828) /home/lgw/Lumine-benchmarks/Experiments/09/src/0_start/start.cpp:86] req_id = 2760013, start_time = 1682006316806734
I0420 15:58:36.811925 Main        (1913828) /home/lgw/Lumine-benchmarks/Experiments/09/src/0_start/start.cpp:86] req_id = 2640014, start_time = 1682006316809962
I0420 15:58:36.815867 Main        (1913828) /home/lgw/Lumine-benchmarks/Experiments/09/src/0_start/start.cpp:86] req_id = 3000014, start_time = 1682006316814219
I0420 15:58:38.766898 Main        (1913828) /home/lgw/Lumine-benchmarks/Experiments/09/src/0_start/start.cpp:86] req_id = 120015, start_time = 1682006318764909
I0420 15:58:38.771208 Main        (1913828) /home/lgw/Lumine-benchmarks/Experiments/09/src/0_start/start.cpp:86] req_id = 60017, start_time = 1682006318769675
I0420 15:58:38.774749 Main        (1913828) /home/lgw/Lumine-benchmarks/Experiments/09/src/0_start/start.cpp:86] req_id = 240016, start_time = 1682006318772259
I0420 15:58:38.778884 Main        (1913828) /home/lgw/Lumine-benchmarks/Experiments/09/src/0_start/start.cpp:86] req_id = 660016, start_time = 1682006318775983
I0420 15:58:38.783159 Main        (1913828) /home/lgw/Lumine-benchmarks/Experiments/09/src/0_start/start.cpp:86] req_id = 1260015, start_time = 1682006318780907
I0420 15:58:38.786770 Main        (1913828) /home/lgw/Lumine-benchmarks/Experiments/09/src/0_start/start.cpp:86] req_id = 1560015, start_time = 1682006318785143
I0420 15:58:38.789627 Main        (1913828) /home/lgw/Lumine-benchmarks/Experiments/09/src/0_start/start.cpp:86] req_id = 1380016, start_time = 1682006318787830
I0420 15:58:38.792500 Main        (1913828) /home/lgw/Lumine-benchmarks/Experiments/09/src/0_start/start.cpp:86] req_id = 1440016, start_time = 1682006318790945
I0420 15:58:38.795501 Main        (1913828) /home/lgw/Lumine-benchmarks/Experiments/09/src/0_start/start.cpp:86] req_id = 1800016, start_time = 1682006318793889
I0420 15:58:38.798963 Main        (1913828) /home/lgw/Lumine-benchmarks/Experiments/09/src/0_start/start.cpp:86] req_id = 2100016, start_time = 1682006318797785
I0420 15:58:38.802931 Main        (1913828) /home/lgw/Lumine-benchmarks/Experiments/09/src/0_start/start.cpp:86] req_id = 2700015, start_time = 1682006318801111
I0420 15:58:38.806972 Main        (1913828) /home/lgw/Lumine-benchmarks/Experiments/09/src/0_start/start.cpp:86] req_id = 2820015, start_time = 1682006318805587
I0420 15:58:38.811411 Main        (1913828) /home/lgw/Lumine-benchmarks/Experiments/09/src/0_start/start.cpp:86] req_id = 2700016, start_time = 1682006318809474
I0420 15:58:40.769660 Main        (1913828) /home/lgw/Lumine-benchmarks/Experiments/09/src/0_start/start.cpp:86] req_id = 600017, start_time = 1682006320767954
I0420 15:58:40.774234 Main        (1913828) /home/lgw/Lumine-benchmarks/Experiments/09/src/0_start/start.cpp:86] req_id = 780017, start_time = 1682006320771547
I0420 15:58:40.777880 Main        (1913828) /home/lgw/Lumine-benchmarks/Experiments/09/src/0_start/start.cpp:86] req_id = 660018, start_time = 1682006320775752
I0420 15:58:40.780732 Main        (1913828) /home/lgw/Lumine-benchmarks/Experiments/09/src/0_start/start.cpp:86] req_id = 840018, start_time = 1682006320779225
I0420 15:58:40.783849 Main        (1913828) /home/lgw/Lumine-benchmarks/Experiments/09/src/0_start/start.cpp:86] req_id = 1140018, start_time = 1682006320782070
I0420 15:58:40.786734 Main        (1913828) /home/lgw/Lumine-benchmarks/Experiments/09/src/0_start/start.cpp:86] req_id = 1740017, start_time = 1682006320785174
I0420 15:58:40.790216 Main        (1913828) /home/lgw/Lumine-benchmarks/Experiments/09/src/0_start/start.cpp:86] req_id = 1560018, start_time = 1682006320788828
I0420 15:58:40.794301 Main        (1913828) /home/lgw/Lumine-benchmarks/Experiments/09/src/0_start/start.cpp:86] req_id = 2220017, start_time = 1682006320792895
I0420 15:58:40.798498 Main        (1913828) /home/lgw/Lumine-benchmarks/Experiments/09/src/0_start/start.cpp:86] req_id = 2100018, start_time = 1682006320797101
I0420 15:58:40.802536 Main        (1913828) /home/lgw/Lumine-benchmarks/Experiments/09/src/0_start/start.cpp:86] req_id = 2640017, start_time = 1682006320801056
I0420 15:58:40.806973 Main        (1913828) /home/lgw/Lumine-benchmarks/Experiments/09/src/0_start/start.cpp:86] req_id = 2520018, start_time = 1682006320805369
I0420 15:58:40.811105 Main        (1913828) /home/lgw/Lumine-benchmarks/Experiments/09/src/0_start/start.cpp:86] req_id = 2940018, start_time = 1682006320809141
I0420 15:58:42.765044 Main        (1913828) /home/lgw/Lumine-benchmarks/Experiments/09/src/0_start/start.cpp:86] req_id = 180019, start_time = 1682006322763483
I0420 15:58:42.769769 Main        (1913828) /home/lgw/Lumine-benchmarks/Experiments/09/src/0_start/start.cpp:86] req_id = 480019, start_time = 1682006322766922
I0420 15:58:42.772480 Main        (1913828) /home/lgw/Lumine-benchmarks/Experiments/09/src/0_start/start.cpp:86] req_id = 360020, start_time = 1682006322770938
I0420 15:58:42.776145 Main        (1913828) /home/lgw/Lumine-benchmarks/Experiments/09/src/0_start/start.cpp:86] req_id = 900019, start_time = 1682006322773905
I0420 15:58:42.780414 Main        (1913828) /home/lgw/Lumine-benchmarks/Experiments/09/src/0_start/start.cpp:86] req_id = 780020, start_time = 1682006322777662
I0420 15:58:42.783837 Main        (1913828) /home/lgw/Lumine-benchmarks/Experiments/09/src/0_start/start.cpp:86] req_id = 1020020, start_time = 1682006322781780
I0420 15:58:42.787738 Main        (1913828) /home/lgw/Lumine-benchmarks/Experiments/09/src/0_start/start.cpp:86] req_id = 1620019, start_time = 1682006322785026
I0420 15:58:42.790936 Main        (1913828) /home/lgw/Lumine-benchmarks/Experiments/09/src/0_start/start.cpp:86] req_id = 1800019, start_time = 1682006322789155
I0420 15:58:42.794197 Main        (1913828) /home/lgw/Lumine-benchmarks/Experiments/09/src/0_start/start.cpp:86] req_id = 2100019, start_time = 1682006322792304
I0420 15:58:42.798115 Main        (1913828) /home/lgw/Lumine-benchmarks/Experiments/09/src/0_start/start.cpp:86] req_id = 2400019, start_time = 1682006322796821
I0420 15:58:42.802320 Main        (1913828) /home/lgw/Lumine-benchmarks/Experiments/09/src/0_start/start.cpp:86] req_id = 2640019, start_time = 1682006322800860
I0420 15:58:42.806100 Main        (1913828) /home/lgw/Lumine-benchmarks/Experiments/09/src/0_start/start.cpp:86] req_id = 2460020, start_time = 1682006322804606
I0420 15:58:42.810217 Main        (1913828) /home/lgw/Lumine-benchmarks/Experiments/09/src/0_start/start.cpp:86] req_id = 2700020, start_time = 1682006322808867
I0420 15:58:44.768976 Main        (1913828) /home/lgw/Lumine-benchmarks/Experiments/09/src/0_start/start.cpp:86] req_id = 420021, start_time = 1682006324766901
I0420 15:58:44.773425 Main        (1913828) /home/lgw/Lumine-benchmarks/Experiments/09/src/0_start/start.cpp:86] req_id = 360022, start_time = 1682006324771373
I0420 15:58:44.776836 Main        (1913828) /home/lgw/Lumine-benchmarks/Experiments/09/src/0_start/start.cpp:86] req_id = 600022, start_time = 1682006324774521
I0420 15:58:44.780117 Main        (1913828) /home/lgw/Lumine-benchmarks/Experiments/09/src/0_start/start.cpp:86] req_id = 720022, start_time = 1682006324777981
I0420 15:58:44.783423 Main        (1913828) /home/lgw/Lumine-benchmarks/Experiments/09/src/0_start/start.cpp:86] req_id = 1380021, start_time = 1682006324781421
I0420 15:58:44.787293 Main        (1913828) /home/lgw/Lumine-benchmarks/Experiments/09/src/0_start/start.cpp:86] req_id = 1200022, start_time = 1682006324784835
I0420 15:58:44.791303 Main        (1913828) /home/lgw/Lumine-benchmarks/Experiments/09/src/0_start/start.cpp:86] req_id = 1920021, start_time = 1682006324789067
I0420 15:58:44.794388 Main        (1913828) /home/lgw/Lumine-benchmarks/Experiments/09/src/0_start/start.cpp:86] req_id = 2220021, start_time = 1682006324792660
I0420 15:58:44.797504 Main        (1913828) /home/lgw/Lumine-benchmarks/Experiments/09/src/0_start/start.cpp:86] req_id = 2400021, start_time = 1682006324796090
I0420 15:58:44.802401 Main        (1913828) /home/lgw/Lumine-benchmarks/Experiments/09/src/0_start/start.cpp:86] req_id = 2160022, start_time = 1682006324801401
I0420 15:58:44.808090 Main        (1913828) /home/lgw/Lumine-benchmarks/Experiments/09/src/0_start/start.cpp:86] req_id = 2460022, start_time = 1682006324807013
I0420 15:58:44.814335 Main        (1913828) /home/lgw/Lumine-benchmarks/Experiments/09/src/0_start/start.cpp:86] req_id = 2760022, start_time = 1682006324813274
I0420 15:58:46.768217 Main        (1913828) /home/lgw/Lumine-benchmarks/Experiments/09/src/0_start/start.cpp:86] req_id = 300023, start_time = 1682006326765582
I0420 15:58:46.773592 Main        (1913828) /home/lgw/Lumine-benchmarks/Experiments/09/src/0_start/start.cpp:86] req_id = 180024, start_time = 1682006326770776
I0420 15:58:46.777381 Main        (1913828) /home/lgw/Lumine-benchmarks/Experiments/09/src/0_start/start.cpp:86] req_id = 660024, start_time = 1682006326775756
I0420 15:58:46.781353 Main        (1913828) /home/lgw/Lumine-benchmarks/Experiments/09/src/0_start/start.cpp:86] req_id = 1140023, start_time = 1682006326778769
I0420 15:58:46.784899 Main        (1913828) /home/lgw/Lumine-benchmarks/Experiments/09/src/0_start/start.cpp:86] req_id = 960024, start_time = 1682006326782729
I0420 15:58:46.788813 Main        (1913828) /home/lgw/Lumine-benchmarks/Experiments/09/src/0_start/start.cpp:86] req_id = 1560023, start_time = 1682006326786276
I0420 15:58:46.791652 Main        (1913828) /home/lgw/Lumine-benchmarks/Experiments/09/src/0_start/start.cpp:86] req_id = 1860023, start_time = 1682006326790091
I0420 15:58:46.795673 Main        (1913828) /home/lgw/Lumine-benchmarks/Experiments/09/src/0_start/start.cpp:86] req_id = 1620024, start_time = 1682006326793198
I0420 15:58:46.799835 Main        (1913828) /home/lgw/Lumine-benchmarks/Experiments/09/src/0_start/start.cpp:86] req_id = 2340023, start_time = 1682006326798463
I0420 15:58:46.803852 Main        (1913828) /home/lgw/Lumine-benchmarks/Experiments/09/src/0_start/start.cpp:86] req_id = 2040024, start_time = 1682006326802423
I0420 15:58:46.808108 Main        (1913828) /home/lgw/Lumine-benchmarks/Experiments/09/src/0_start/start.cpp:86] req_id = 2400024, start_time = 1682006326806596
I0420 15:58:46.812468 Main        (1913828) /home/lgw/Lumine-benchmarks/Experiments/09/src/0_start/start.cpp:86] req_id = 2640024, start_time = 1682006326810589
I0420 15:58:48.769442 Main        (1913828) /home/lgw/Lumine-benchmarks/Experiments/09/src/0_start/start.cpp:86] req_id = 540025, start_time = 1682006328767819
I0420 15:58:48.772756 Main        (1913828) /home/lgw/Lumine-benchmarks/Experiments/09/src/0_start/start.cpp:86] req_id = 360026, start_time = 1682006328771266
I0420 15:58:48.775643 Main        (1913828) /home/lgw/Lumine-benchmarks/Experiments/09/src/0_start/start.cpp:86] req_id = 1020025, start_time = 1682006328774145
I0420 15:58:48.779967 Main        (1913828) /home/lgw/Lumine-benchmarks/Experiments/09/src/0_start/start.cpp:86] req_id = 1200025, start_time = 1682006328777071
I0420 15:58:48.784729 Main        (1913828) /home/lgw/Lumine-benchmarks/Experiments/09/src/0_start/start.cpp:86] req_id = 1320025, start_time = 1682006328782022
I0420 15:58:48.788749 Main        (1913828) /home/lgw/Lumine-benchmarks/Experiments/09/src/0_start/start.cpp:86] req_id = 1140026, start_time = 1682006328786407
I0420 15:58:48.791666 Main        (1913828) /home/lgw/Lumine-benchmarks/Experiments/09/src/0_start/start.cpp:86] req_id = 1320026, start_time = 1682006328790149
I0420 15:58:48.795180 Main        (1913828) /home/lgw/Lumine-benchmarks/Experiments/09/src/0_start/start.cpp:86] req_id = 2040025, start_time = 1682006328793310
I0420 15:58:48.799295 Main        (1913828) /home/lgw/Lumine-benchmarks/Experiments/09/src/0_start/start.cpp:86] req_id = 2280025, start_time = 1682006328796821
I0420 15:58:48.802684 Main        (1913828) /home/lgw/Lumine-benchmarks/Experiments/09/src/0_start/start.cpp:86] req_id = 2460025, start_time = 1682006328801169
I0420 15:58:48.806287 Main        (1913828) /home/lgw/Lumine-benchmarks/Experiments/09/src/0_start/start.cpp:86] req_id = 2220026, start_time = 1682006328804676
I0420 15:58:48.810457 Main        (1913828) /home/lgw/Lumine-benchmarks/Experiments/09/src/0_start/start.cpp:86] req_id = 2460026, start_time = 1682006328808326
I0420 15:58:48.815002 Main        (1913828) /home/lgw/Lumine-benchmarks/Experiments/09/src/0_start/start.cpp:86] req_id = 2940026, start_time = 1682006328813104
I0420 15:58:50.767280 Main        (1913828) /home/lgw/Lumine-benchmarks/Experiments/09/src/0_start/start.cpp:86] req_id = 240027, start_time = 1682006330764951
I0420 15:58:50.771408 Main        (1913828) /home/lgw/Lumine-benchmarks/Experiments/09/src/0_start/start.cpp:86] req_id = 60029, start_time = 1682006330769521
I0420 15:58:50.774822 Main        (1913828) /home/lgw/Lumine-benchmarks/Experiments/09/src/0_start/start.cpp:86] req_id = 840027, start_time = 1682006330773277
I0420 15:58:50.778017 Main        (1913828) /home/lgw/Lumine-benchmarks/Experiments/09/src/0_start/start.cpp:86] req_id = 600028, start_time = 1682006330776376
I0420 15:58:50.780921 Main        (1913828) /home/lgw/Lumine-benchmarks/Experiments/09/src/0_start/start.cpp:86] req_id = 900028, start_time = 1682006330779250
I0420 15:58:50.783569 Main        (1913828) /home/lgw/Lumine-benchmarks/Experiments/09/src/0_start/start.cpp:86] req_id = 1560027, start_time = 1682006330782132
I0420 15:58:50.787184 Main        (1913828) /home/lgw/Lumine-benchmarks/Experiments/09/src/0_start/start.cpp:86] req_id = 1740027, start_time = 1682006330785216
I0420 15:58:50.791127 Main        (1913828) /home/lgw/Lumine-benchmarks/Experiments/09/src/0_start/start.cpp:86] req_id = 1620028, start_time = 1682006330788498
I0420 15:58:50.794543 Main        (1913828) /home/lgw/Lumine-benchmarks/Experiments/09/src/0_start/start.cpp:86] req_id = 1800028, start_time = 1682006330793161
I0420 15:58:50.800000 Main        (1913828) /home/lgw/Lumine-benchmarks/Experiments/09/src/0_start/start.cpp:86] req_id = 2460027, start_time = 1682006330798481
I0420 15:58:50.806118 Main        (1913828) /home/lgw/Lumine-benchmarks/Experiments/09/src/0_start/start.cpp:86] req_id = 2340028, start_time = 1682006330804385
I0420 15:58:50.811636 Main        (1913828) /home/lgw/Lumine-benchmarks/Experiments/09/src/0_start/start.cpp:86] req_id = 2580028, start_time = 1682006330809834
I0420 15:58:52.770165 Main        (1913828) /home/lgw/Lumine-benchmarks/Experiments/09/src/0_start/start.cpp:86] req_id = 540029, start_time = 1682006332767734
I0420 15:58:52.774096 Main        (1913828) /home/lgw/Lumine-benchmarks/Experiments/09/src/0_start/start.cpp:86] req_id = 840029, start_time = 1682006332771643
I0420 15:58:52.778144 Main        (1913828) /home/lgw/Lumine-benchmarks/Experiments/09/src/0_start/start.cpp:86] req_id = 660030, start_time = 1682006332775529
I0420 15:58:52.781315 Main        (1913828) /home/lgw/Lumine-benchmarks/Experiments/09/src/0_start/start.cpp:86] req_id = 1260029, start_time = 1682006332779352
I0420 15:58:52.784321 Main        (1913828) /home/lgw/Lumine-benchmarks/Experiments/09/src/0_start/start.cpp:86] req_id = 1080030, start_time = 1682006332782438
I0420 15:58:52.787966 Main        (1913828) /home/lgw/Lumine-benchmarks/Experiments/09/src/0_start/start.cpp:86] req_id = 1740029, start_time = 1682006332785556
I0420 15:58:52.791417 Main        (1913828) /home/lgw/Lumine-benchmarks/Experiments/09/src/0_start/start.cpp:86] req_id = 1980029, start_time = 1682006332789033
I0420 15:58:52.794257 Main        (1913828) /home/lgw/Lumine-benchmarks/Experiments/09/src/0_start/start.cpp:86] req_id = 1740030, start_time = 1682006332792692
I0420 15:58:52.797323 Main        (1913828) /home/lgw/Lumine-benchmarks/Experiments/09/src/0_start/start.cpp:86] req_id = 1980030, start_time = 1682006332795728
I0420 15:58:52.802020 Main        (1913828) /home/lgw/Lumine-benchmarks/Experiments/09/src/0_start/start.cpp:86] req_id = 2220030, start_time = 1682006332799338
I0420 15:58:52.804996 Main        (1913828) /home/lgw/Lumine-benchmarks/Experiments/09/src/0_start/start.cpp:86] req_id = 2580030, start_time = 1682006332803506
I0420 15:58:52.807892 Main        (1913828) /home/lgw/Lumine-benchmarks/Experiments/09/src/0_start/start.cpp:86] req_id = 2880030, start_time = 1682006332806385
I0420 15:58:54.764969 Main        (1913828) /home/lgw/Lumine-benchmarks/Experiments/09/src/0_start/start.cpp:86] req_id = 120031, start_time = 1682006334763415
I0420 15:58:54.768700 Main        (1913828) /home/lgw/Lumine-benchmarks/Experiments/09/src/0_start/start.cpp:86] req_id = 120032, start_time = 1682006334767000
I0420 15:58:54.773452 Main        (1913828) /home/lgw/Lumine-benchmarks/Experiments/09/src/0_start/start.cpp:86] req_id = 780031, start_time = 1682006334770742
I0420 15:58:54.777613 Main        (1913828) /home/lgw/Lumine-benchmarks/Experiments/09/src/0_start/start.cpp:86] req_id = 540032, start_time = 1682006334774889
I0420 15:58:54.780660 Main        (1913828) /home/lgw/Lumine-benchmarks/Experiments/09/src/0_start/start.cpp:86] req_id = 840032, start_time = 1682006334778713
I0420 15:58:54.784616 Main        (1913828) /home/lgw/Lumine-benchmarks/Experiments/09/src/0_start/start.cpp:86] req_id = 1020032, start_time = 1682006334782293
I0420 15:58:54.787618 Main        (1913828) /home/lgw/Lumine-benchmarks/Experiments/09/src/0_start/start.cpp:86] req_id = 1680031, start_time = 1682006334786109
I0420 15:58:54.790727 Main        (1913828) /home/lgw/Lumine-benchmarks/Experiments/09/src/0_start/start.cpp:86] req_id = 1980031, start_time = 1682006334789189
I0420 15:58:54.793911 Main        (1913828) /home/lgw/Lumine-benchmarks/Experiments/09/src/0_start/start.cpp:86] req_id = 2160031, start_time = 1682006334792084
I0420 15:58:54.808053 Main        (1913828) /home/lgw/Lumine-benchmarks/Experiments/09/src/0_start/start.cpp:86] req_id = 1980032, start_time = 1682006334795772
I0420 15:58:54.814082 Main        (1913828) /home/lgw/Lumine-benchmarks/Experiments/09/src/0_start/start.cpp:86] req_id = 2220032, start_time = 1682006334810391
I0420 15:58:54.817854 Main        (1913828) /home/lgw/Lumine-benchmarks/Experiments/09/src/0_start/start.cpp:86] req_id = 2580032, start_time = 1682006334815946
I0420 15:58:54.833925 Main        (1913828) /home/lgw/Lumine-benchmarks/Experiments/09/src/0_start/start.cpp:86] req_id = 2880032, start_time = 1682006334819733
I0420 15:58:56.766935 Main        (1913828) /home/lgw/Lumine-benchmarks/Experiments/09/src/0_start/start.cpp:86] req_id = 120033, start_time = 1682006336764708
I0420 15:58:56.772146 Main        (1913828) /home/lgw/Lumine-benchmarks/Experiments/09/src/0_start/start.cpp:86] req_id = 600033, start_time = 1682006336769669
I0420 15:58:56.776334 Main        (1913828) /home/lgw/Lumine-benchmarks/Experiments/09/src/0_start/start.cpp:86] req_id = 780033, start_time = 1682006336773481
I0420 15:58:56.779930 Main        (1913828) /home/lgw/Lumine-benchmarks/Experiments/09/src/0_start/start.cpp:86] req_id = 1140033, start_time = 1682006336778422
I0420 15:58:56.787874 Main        (1913828) /home/lgw/Lumine-benchmarks/Experiments/09/src/0_start/start.cpp:86] req_id = 960034, start_time = 1682006336782852
I0420 15:58:56.790701 Main        (1913828) /home/lgw/Lumine-benchmarks/Experiments/09/src/0_start/start.cpp:86] req_id = 1320034, start_time = 1682006336788918
I0420 15:58:56.793365 Main        (1913828) /home/lgw/Lumine-benchmarks/Experiments/09/src/0_start/start.cpp:86] req_id = 1680034, start_time = 1682006336791882
I0420 15:58:56.796357 Main        (1913828) /home/lgw/Lumine-benchmarks/Experiments/09/src/0_start/start.cpp:86] req_id = 1800034, start_time = 1682006336795171
I0420 15:58:56.800601 Main        (1913828) /home/lgw/Lumine-benchmarks/Experiments/09/src/0_start/start.cpp:86] req_id = 2040034, start_time = 1682006336798238
I0420 15:58:56.803919 Main        (1913828) /home/lgw/Lumine-benchmarks/Experiments/09/src/0_start/start.cpp:86] req_id = 2280034, start_time = 1682006336802070
I0420 15:58:56.813669 Main        (1913828) /home/lgw/Lumine-benchmarks/Experiments/09/src/0_start/start.cpp:86] req_id = 2880033, start_time = 1682006336805682
I0420 15:58:58.765265 Main        (1913828) /home/lgw/Lumine-benchmarks/Experiments/09/src/0_start/start.cpp:86] req_id = 120035, start_time = 1682006338763680
I0420 15:58:58.768373 Main        (1913828) /home/lgw/Lumine-benchmarks/Experiments/09/src/0_start/start.cpp:86] req_id = 420035, start_time = 1682006338766632
I0420 15:58:58.772726 Main        (1913828) /home/lgw/Lumine-benchmarks/Experiments/09/src/0_start/start.cpp:86] req_id = 360036, start_time = 1682006338770894
I0420 15:58:58.776737 Main        (1913828) /home/lgw/Lumine-benchmarks/Experiments/09/src/0_start/start.cpp:86] req_id = 660036, start_time = 1682006338774146
I0420 15:58:58.779669 Main        (1913828) /home/lgw/Lumine-benchmarks/Experiments/09/src/0_start/start.cpp:86] req_id = 780036, start_time = 1682006338778204
I0420 15:58:58.783255 Main        (1913828) /home/lgw/Lumine-benchmarks/Experiments/09/src/0_start/start.cpp:86] req_id = 1080036, start_time = 1682006338780976
I0420 15:58:58.786630 Main        (1913828) /home/lgw/Lumine-benchmarks/Experiments/09/src/0_start/start.cpp:86] req_id = 1200036, start_time = 1682006338784729
I0420 15:58:58.790277 Main        (1913828) /home/lgw/Lumine-benchmarks/Experiments/09/src/0_start/start.cpp:86] req_id = 1920035, start_time = 1682006338787896
I0420 15:58:58.794791 Main        (1913828) /home/lgw/Lumine-benchmarks/Experiments/09/src/0_start/start.cpp:86] req_id = 1800036, start_time = 1682006338792698
I0420 15:58:58.798559 Main        (1913828) /home/lgw/Lumine-benchmarks/Experiments/09/src/0_start/start.cpp:86] req_id = 2100036, start_time = 1682006338797009
I0420 15:58:58.802528 Main        (1913828) /home/lgw/Lumine-benchmarks/Experiments/09/src/0_start/start.cpp:86] req_id = 2220036, start_time = 1682006338800652
I0420 15:58:58.806586 Main        (1913828) /home/lgw/Lumine-benchmarks/Experiments/09/src/0_start/start.cpp:86] req_id = 2520036, start_time = 1682006338804493
I0420 15:58:58.810768 Main        (1913828) /home/lgw/Lumine-benchmarks/Experiments/09/src/0_start/start.cpp:86] req_id = 2940036, start_time = 1682006338808945
I0420 15:59:00.765952 Main        (1913828) /home/lgw/Lumine-benchmarks/Experiments/09/src/0_start/start.cpp:86] req_id = 180037, start_time = 1682006340764183
I0420 15:59:00.769538 Main        (1913828) /home/lgw/Lumine-benchmarks/Experiments/09/src/0_start/start.cpp:86] req_id = 420037, start_time = 1682006340767426
I0420 15:59:00.773146 Main        (1913828) /home/lgw/Lumine-benchmarks/Experiments/09/src/0_start/start.cpp:86] req_id = 720037, start_time = 1682006340770846
I0420 15:59:00.776437 Main        (1913828) /home/lgw/Lumine-benchmarks/Experiments/09/src/0_start/start.cpp:86] req_id = 540038, start_time = 1682006340774406
I0420 15:59:00.779137 Main        (1913828) /home/lgw/Lumine-benchmarks/Experiments/09/src/0_start/start.cpp:86] req_id = 720038, start_time = 1682006340777537
I0420 15:59:00.781579 Main        (1913828) /home/lgw/Lumine-benchmarks/Experiments/09/src/0_start/start.cpp:86] req_id = 1320037, start_time = 1682006340780445
I0420 15:59:00.784491 Main        (1913828) /home/lgw/Lumine-benchmarks/Experiments/09/src/0_start/start.cpp:86] req_id = 1260038, start_time = 1682006340782971
I0420 15:59:00.787284 Main        (1913828) /home/lgw/Lumine-benchmarks/Experiments/09/src/0_start/start.cpp:86] req_id = 1320038, start_time = 1682006340785792
I0420 15:59:00.790636 Main        (1913828) /home/lgw/Lumine-benchmarks/Experiments/09/src/0_start/start.cpp:86] req_id = 2100037, start_time = 1682006340789064
I0420 15:59:00.793909 Main        (1913828) /home/lgw/Lumine-benchmarks/Experiments/09/src/0_start/start.cpp:86] req_id = 1800038, start_time = 1682006340792406
I0420 15:59:00.797433 Main        (1913828) /home/lgw/Lumine-benchmarks/Experiments/09/src/0_start/start.cpp:86] req_id = 2460037, start_time = 1682006340796448
I0420 15:59:00.801797 Main        (1913828) /home/lgw/Lumine-benchmarks/Experiments/09/src/0_start/start.cpp:86] req_id = 2700037, start_time = 1682006340800488
I0420 15:59:00.806235 Main        (1913828) /home/lgw/Lumine-benchmarks/Experiments/09/src/0_start/start.cpp:86] req_id = 2940037, start_time = 1682006340805017
I0420 15:59:00.810745 Main        (1913828) /home/lgw/Lumine-benchmarks/Experiments/09/src/0_start/start.cpp:86] req_id = 2820038, start_time = 1682006340809056
I0420 15:59:02.766683 Main        (1913828) /home/lgw/Lumine-benchmarks/Experiments/09/src/0_start/start.cpp:86] req_id = 60040, start_time = 1682006342764917
I0420 15:59:02.771471 Main        (1913828) /home/lgw/Lumine-benchmarks/Experiments/09/src/0_start/start.cpp:86] req_id = 600039, start_time = 1682006342769262
I0420 15:59:02.774916 Main        (1913828) /home/lgw/Lumine-benchmarks/Experiments/09/src/0_start/start.cpp:86] req_id = 780039, start_time = 1682006342773119
I0420 15:59:02.778281 Main        (1913828) /home/lgw/Lumine-benchmarks/Experiments/09/src/0_start/start.cpp:86] req_id = 660040, start_time = 1682006342776249
I0420 15:59:02.781858 Main        (1913828) /home/lgw/Lumine-benchmarks/Experiments/09/src/0_start/start.cpp:86] req_id = 1260039, start_time = 1682006342780208
I0420 15:59:02.784494 Main        (1913828) /home/lgw/Lumine-benchmarks/Experiments/09/src/0_start/start.cpp:86] req_id = 1560039, start_time = 1682006342783112
I0420 15:59:02.787934 Main        (1913828) /home/lgw/Lumine-benchmarks/Experiments/09/src/0_start/start.cpp:86] req_id = 1320040, start_time = 1682006342785651
I0420 15:59:02.790783 Main        (1913828) /home/lgw/Lumine-benchmarks/Experiments/09/src/0_start/start.cpp:86] req_id = 1920039, start_time = 1682006342789117
I0420 15:59:02.794404 Main        (1913828) /home/lgw/Lumine-benchmarks/Experiments/09/src/0_start/start.cpp:86] req_id = 2220039, start_time = 1682006342792806
I0420 15:59:02.798084 Main        (1913828) /home/lgw/Lumine-benchmarks/Experiments/09/src/0_start/start.cpp:86] req_id = 2460039, start_time = 1682006342796557
I0420 15:59:02.801617 Main        (1913828) /home/lgw/Lumine-benchmarks/Experiments/09/src/0_start/start.cpp:86] req_id = 2700039, start_time = 1682006342799868
I0420 15:59:02.805078 Main        (1913828) /home/lgw/Lumine-benchmarks/Experiments/09/src/0_start/start.cpp:86] req_id = 2340040, start_time = 1682006342802964
I0420 15:59:02.807945 Main        (1913828) /home/lgw/Lumine-benchmarks/Experiments/09/src/0_start/start.cpp:86] req_id = 2700040, start_time = 1682006342806304
I0420 15:59:04.769072 Main        (1913828) /home/lgw/Lumine-benchmarks/Experiments/09/src/0_start/start.cpp:86] req_id = 420041, start_time = 1682006344767180
I0420 15:59:04.772490 Main        (1913828) /home/lgw/Lumine-benchmarks/Experiments/09/src/0_start/start.cpp:86] req_id = 720041, start_time = 1682006344770429
I0420 15:59:04.785078 Main        (1913828) /home/lgw/Lumine-benchmarks/Experiments/09/src/0_start/start.cpp:86] req_id = 960041, start_time = 1682006344773799
I0420 15:59:04.789203 Main        (1913828) /home/lgw/Lumine-benchmarks/Experiments/09/src/0_start/start.cpp:86] req_id = 840042, start_time = 1682006344786787
I0420 15:59:04.791977 Main        (1913828) /home/lgw/Lumine-benchmarks/Experiments/09/src/0_start/start.cpp:86] req_id = 960042, start_time = 1682006344790597
I0420 15:59:04.795206 Main        (1913828) /home/lgw/Lumine-benchmarks/Experiments/09/src/0_start/start.cpp:86] req_id = 1200042, start_time = 1682006344793773
I0420 15:59:04.798083 Main        (1913828) /home/lgw/Lumine-benchmarks/Experiments/09/src/0_start/start.cpp:86] req_id = 1380042, start_time = 1682006344796585
I0420 15:59:04.802322 Main        (1913828) /home/lgw/Lumine-benchmarks/Experiments/09/src/0_start/start.cpp:86] req_id = 1740042, start_time = 1682006344800527
I0420 15:59:04.806825 Main        (1913828) /home/lgw/Lumine-benchmarks/Experiments/09/src/0_start/start.cpp:86] req_id = 1920042, start_time = 1682006344804295
I0420 15:59:04.810941 Main        (1913828) /home/lgw/Lumine-benchmarks/Experiments/09/src/0_start/start.cpp:86] req_id = 2760041, start_time = 1682006344808629
I0420 15:59:04.814563 Main        (1913828) /home/lgw/Lumine-benchmarks/Experiments/09/src/0_start/start.cpp:86] req_id = 2460042, start_time = 1682006344812486
I0420 15:59:04.818338 Main        (1913828) /home/lgw/Lumine-benchmarks/Experiments/09/src/0_start/start.cpp:86] req_id = 2820042, start_time = 1682006344816322
I0420 15:59:06.768965 Main        (1913828) /home/lgw/Lumine-benchmarks/Experiments/09/src/0_start/start.cpp:86] req_id = 240043, start_time = 1682006346765672
I0420 15:59:06.773006 Main        (1913828) /home/lgw/Lumine-benchmarks/Experiments/09/src/0_start/start.cpp:86] req_id = 180044, start_time = 1682006346770815
I0420 15:59:06.776201 Main        (1913828) /home/lgw/Lumine-benchmarks/Experiments/09/src/0_start/start.cpp:86] req_id = 420044, start_time = 1682006346774354
I0420 15:59:06.778956 Main        (1913828) /home/lgw/Lumine-benchmarks/Experiments/09/src/0_start/start.cpp:86] req_id = 600044, start_time = 1682006346777482
I0420 15:59:06.782553 Main        (1913828) /home/lgw/Lumine-benchmarks/Experiments/09/src/0_start/start.cpp:86] req_id = 900044, start_time = 1682006346780289
I0420 15:59:06.785868 Main        (1913828) /home/lgw/Lumine-benchmarks/Experiments/09/src/0_start/start.cpp:86] req_id = 1560043, start_time = 1682006346784120
I0420 15:59:06.789853 Main        (1913828) /home/lgw/Lumine-benchmarks/Experiments/09/src/0_start/start.cpp:86] req_id = 1800043, start_time = 1682006346787510
I0420 15:59:06.793367 Main        (1913828) /home/lgw/Lumine-benchmarks/Experiments/09/src/0_start/start.cpp:86] req_id = 1440044, start_time = 1682006346791378
I0420 15:59:06.796695 Main        (1913828) /home/lgw/Lumine-benchmarks/Experiments/09/src/0_start/start.cpp:86] req_id = 2280043, start_time = 1682006346795066
I0420 15:59:06.801722 Main        (1913828) /home/lgw/Lumine-benchmarks/Experiments/09/src/0_start/start.cpp:86] req_id = 2400043, start_time = 1682006346799906
I0420 15:59:06.807666 Main        (1913828) /home/lgw/Lumine-benchmarks/Experiments/09/src/0_start/start.cpp:86] req_id = 2280044, start_time = 1682006346806411
I0420 15:59:06.813092 Main        (1913828) /home/lgw/Lumine-benchmarks/Experiments/09/src/0_start/start.cpp:86] req_id = 2520044, start_time = 1682006346811536
I0420 15:59:06.818235 Main        (1913828) /home/lgw/Lumine-benchmarks/Experiments/09/src/0_start/start.cpp:86] req_id = 2820044, start_time = 1682006346816714
I0420 15:59:08.765467 Main        (1913828) /home/lgw/Lumine-benchmarks/Experiments/09/src/0_start/start.cpp:86] req_id = 180045, start_time = 1682006348763847
I0420 15:59:08.770189 Main        (1913828) /home/lgw/Lumine-benchmarks/Experiments/09/src/0_start/start.cpp:86] req_id = 480045, start_time = 1682006348767144
I0420 15:59:08.773784 Main        (1913828) /home/lgw/Lumine-benchmarks/Experiments/09/src/0_start/start.cpp:86] req_id = 300046, start_time = 1682006348771669
I0420 15:59:08.777812 Main        (1913828) /home/lgw/Lumine-benchmarks/Experiments/09/src/0_start/start.cpp:86] req_id = 660046, start_time = 1682006348775177
I0420 15:59:08.780717 Main        (1913828) /home/lgw/Lumine-benchmarks/Experiments/09/src/0_start/start.cpp:86] req_id = 780046, start_time = 1682006348779165
I0420 15:59:08.784670 Main        (1913828) /home/lgw/Lumine-benchmarks/Experiments/09/src/0_start/start.cpp:86] req_id = 1440045, start_time = 1682006348782382
I0420 15:59:08.788129 Main        (1913828) /home/lgw/Lumine-benchmarks/Experiments/09/src/0_start/start.cpp:86] req_id = 1740045, start_time = 1682006348786499
I0420 15:59:08.791158 Main        (1913828) /home/lgw/Lumine-benchmarks/Experiments/09/src/0_start/start.cpp:86] req_id = 1440046, start_time = 1682006348789703
I0420 15:59:08.796975 Main        (1913828) /home/lgw/Lumine-benchmarks/Experiments/09/src/0_start/start.cpp:86] req_id = 2220045, start_time = 1682006348795536
I0420 15:59:08.800957 Main        (1913828) /home/lgw/Lumine-benchmarks/Experiments/09/src/0_start/start.cpp:86] req_id = 1980046, start_time = 1682006348799775
I0420 15:59:08.806275 Main        (1913828) /home/lgw/Lumine-benchmarks/Experiments/09/src/0_start/start.cpp:86] req_id = 2160046, start_time = 1682006348804915
I0420 15:59:08.811788 Main        (1913828) /home/lgw/Lumine-benchmarks/Experiments/09/src/0_start/start.cpp:86] req_id = 2520046, start_time = 1682006348810039
I0420 15:59:08.817039 Main        (1913828) /home/lgw/Lumine-benchmarks/Experiments/09/src/0_start/start.cpp:86] req_id = 2880046, start_time = 1682006348815346
I0420 15:59:10.765658 Main        (1913828) /home/lgw/Lumine-benchmarks/Experiments/09/src/0_start/start.cpp:86] req_id = 180047, start_time = 1682006350763963
I0420 15:59:10.769983 Main        (1913828) /home/lgw/Lumine-benchmarks/Experiments/09/src/0_start/start.cpp:86] req_id = 420047, start_time = 1682006350766967
I0420 15:59:10.773708 Main        (1913828) /home/lgw/Lumine-benchmarks/Experiments/09/src/0_start/start.cpp:86] req_id = 360048, start_time = 1682006350771372
I0420 15:59:10.777177 Main        (1913828) /home/lgw/Lumine-benchmarks/Experiments/09/src/0_start/start.cpp:86] req_id = 900047, start_time = 1682006350775089
I0420 15:59:10.780091 Main        (1913828) /home/lgw/Lumine-benchmarks/Experiments/09/src/0_start/start.cpp:86] req_id = 720048, start_time = 1682006350778483
I0420 15:59:10.783788 Main        (1913828) /home/lgw/Lumine-benchmarks/Experiments/09/src/0_start/start.cpp:86] req_id = 960048, start_time = 1682006350781511
I0420 15:59:10.786954 Main        (1913828) /home/lgw/Lumine-benchmarks/Experiments/09/src/0_start/start.cpp:86] req_id = 1680047, start_time = 1682006350785110
I0420 15:59:10.800526 Main        (1913828) /home/lgw/Lumine-benchmarks/Experiments/09/src/0_start/start.cpp:86] req_id = 1440048, start_time = 1682006350788288
I0420 15:59:10.806352 Main        (1913828) /home/lgw/Lumine-benchmarks/Experiments/09/src/0_start/start.cpp:86] req_id = 1980047, start_time = 1682006350801789
I0420 15:59:10.821013 Main        (1913828) /home/lgw/Lumine-benchmarks/Experiments/09/src/0_start/start.cpp:86] req_id = 1860048, start_time = 1682006350807953
I0420 15:59:10.826997 Main        (1913828) /home/lgw/Lumine-benchmarks/Experiments/09/src/0_start/start.cpp:86] req_id = 2640047, start_time = 1682006350822740
I0420 15:59:10.841118 Main        (1913828) /home/lgw/Lumine-benchmarks/Experiments/09/src/0_start/start.cpp:86] req_id = 2520048, start_time = 1682006350828809
I0420 15:59:10.846476 Main        (1913828) /home/lgw/Lumine-benchmarks/Experiments/09/src/0_start/start.cpp:86] req_id = 3000047, start_time = 1682006350843091
I0420 15:59:12.768049 Main        (1913828) /home/lgw/Lumine-benchmarks/Experiments/09/src/0_start/start.cpp:86] req_id = 360049, start_time = 1682006352766486
I0420 15:59:12.772515 Main        (1913828) /home/lgw/Lumine-benchmarks/Experiments/09/src/0_start/start.cpp:86] req_id = 660049, start_time = 1682006352769661
I0420 15:59:12.788573 Main        (1913828) /home/lgw/Lumine-benchmarks/Experiments/09/src/0_start/start.cpp:86] req_id = 360050, start_time = 1682006352774252
I0420 15:59:12.793119 Main        (1913828) /home/lgw/Lumine-benchmarks/Experiments/09/src/0_start/start.cpp:86] req_id = 600050, start_time = 1682006352790655
I0420 15:59:12.797175 Main        (1913828) /home/lgw/Lumine-benchmarks/Experiments/09/src/0_start/start.cpp:86] req_id = 1320049, start_time = 1682006352794647
I0420 15:59:12.800662 Main        (1913828) /home/lgw/Lumine-benchmarks/Experiments/09/src/0_start/start.cpp:86] req_id = 1260050, start_time = 1682006352798512
I0420 15:59:12.807421 Main        (1913828) /home/lgw/Lumine-benchmarks/Experiments/09/src/0_start/start.cpp:86] req_id = 1860049, start_time = 1682006352801992
I0420 15:59:12.817352 Main        (1913828) /home/lgw/Lumine-benchmarks/Experiments/09/src/0_start/start.cpp:86] req_id = 1380050, start_time = 1682006352808968
I0420 15:59:12.822059 Main        (1913828) /home/lgw/Lumine-benchmarks/Experiments/09/src/0_start/start.cpp:86] req_id = 2100049, start_time = 1682006352819453
I0420 15:59:12.825970 Main        (1913828) /home/lgw/Lumine-benchmarks/Experiments/09/src/0_start/start.cpp:86] req_id = 2460049, start_time = 1682006352823477
I0420 15:59:12.829667 Main        (1913828) /home/lgw/Lumine-benchmarks/Experiments/09/src/0_start/start.cpp:86] req_id = 2280050, start_time = 1682006352827258
I0420 15:59:12.832882 Main        (1913828) /home/lgw/Lumine-benchmarks/Experiments/09/src/0_start/start.cpp:86] req_id = 2880049, start_time = 1682006352831284
I0420 15:59:12.837131 Main        (1913828) /home/lgw/Lumine-benchmarks/Experiments/09/src/0_start/start.cpp:86] req_id = 2760050, start_time = 1682006352834623
I0420 15:59:14.768841 Main        (1913828) /home/lgw/Lumine-benchmarks/Experiments/09/src/0_start/start.cpp:86] req_id = 480051, start_time = 1682006354767107
I0420 15:59:14.773672 Main        (1913828) /home/lgw/Lumine-benchmarks/Experiments/09/src/0_start/start.cpp:86] req_id = 720051, start_time = 1682006354770486
I0420 15:59:14.777410 Main        (1913828) /home/lgw/Lumine-benchmarks/Experiments/09/src/0_start/start.cpp:86] req_id = 960051, start_time = 1682006354775379
I0420 15:59:14.780241 Main        (1913828) /home/lgw/Lumine-benchmarks/Experiments/09/src/0_start/start.cpp:86] req_id = 1140051, start_time = 1682006354778777
I0420 15:59:14.783083 Main        (1913828) /home/lgw/Lumine-benchmarks/Experiments/09/src/0_start/start.cpp:86] req_id = 1020052, start_time = 1682006354781759
I0420 15:59:14.786383 Main        (1913828) /home/lgw/Lumine-benchmarks/Experiments/09/src/0_start/start.cpp:86] req_id = 1200052, start_time = 1682006354784193
I0420 15:59:14.789308 Main        (1913828) /home/lgw/Lumine-benchmarks/Experiments/09/src/0_start/start.cpp:86] req_id = 1860051, start_time = 1682006354787439
I0420 15:59:14.792846 Main        (1913828) /home/lgw/Lumine-benchmarks/Experiments/09/src/0_start/start.cpp:86] req_id = 2100051, start_time = 1682006354790593
I0420 15:59:14.797165 Main        (1913828) /home/lgw/Lumine-benchmarks/Experiments/09/src/0_start/start.cpp:86] req_id = 2340051, start_time = 1682006354795647
I0420 15:59:14.801223 Main        (1913828) /home/lgw/Lumine-benchmarks/Experiments/09/src/0_start/start.cpp:86] req_id = 2700051, start_time = 1682006354799530
I0420 15:59:14.805415 Main        (1913828) /home/lgw/Lumine-benchmarks/Experiments/09/src/0_start/start.cpp:86] req_id = 2460052, start_time = 1682006354802745
I0420 15:59:14.808057 Main        (1913828) /home/lgw/Lumine-benchmarks/Experiments/09/src/0_start/start.cpp:86] req_id = 3000051, start_time = 1682006354806622
I0420 15:59:16.768091 Main        (1913828) /home/lgw/Lumine-benchmarks/Experiments/09/src/0_start/start.cpp:86] req_id = 420053, start_time = 1682006356766348
I0420 15:59:16.772999 Main        (1913828) /home/lgw/Lumine-benchmarks/Experiments/09/src/0_start/start.cpp:86] req_id = 240054, start_time = 1682006356769698
I0420 15:59:16.776556 Main        (1913828) /home/lgw/Lumine-benchmarks/Experiments/09/src/0_start/start.cpp:86] req_id = 420054, start_time = 1682006356774388
I0420 15:59:16.779526 Main        (1913828) /home/lgw/Lumine-benchmarks/Experiments/09/src/0_start/start.cpp:86] req_id = 1080053, start_time = 1682006356777826
I0420 15:59:16.783273 Main        (1913828) /home/lgw/Lumine-benchmarks/Experiments/09/src/0_start/start.cpp:86] req_id = 1320053, start_time = 1682006356780709
I0420 15:59:16.787764 Main        (1913828) /home/lgw/Lumine-benchmarks/Experiments/09/src/0_start/start.cpp:86] req_id = 1140054, start_time = 1682006356784382
I0420 15:59:16.797205 Main        (1913828) /home/lgw/Lumine-benchmarks/Experiments/09/src/0_start/start.cpp:86] req_id = 1920053, start_time = 1682006356790096
I0420 15:59:16.800204 Main        (1913828) /home/lgw/Lumine-benchmarks/Experiments/09/src/0_start/start.cpp:86] req_id = 2460053, start_time = 1682006356798890
I0420 15:59:16.803684 Main        (1913828) /home/lgw/Lumine-benchmarks/Experiments/09/src/0_start/start.cpp:86] req_id = 2160054, start_time = 1682006356801876
I0420 15:59:16.807245 Main        (1913828) /home/lgw/Lumine-benchmarks/Experiments/09/src/0_start/start.cpp:86] req_id = 2520054, start_time = 1682006356805278
I0420 15:59:16.810720 Main        (1913828) /home/lgw/Lumine-benchmarks/Experiments/09/src/0_start/start.cpp:86] req_id = 2820054, start_time = 1682006356808891
I0420 15:59:18.765826 Main        (1913828) /home/lgw/Lumine-benchmarks/Experiments/09/src/0_start/start.cpp:86] req_id = 180055, start_time = 1682006358763941
I0420 15:59:18.770832 Main        (1913828) /home/lgw/Lumine-benchmarks/Experiments/09/src/0_start/start.cpp:86] req_id = 660055, start_time = 1682006358768889
I0420 15:59:18.775252 Main        (1913828) /home/lgw/Lumine-benchmarks/Experiments/09/src/0_start/start.cpp:86] req_id = 900055, start_time = 1682006358772910
I0420 15:59:18.778653 Main        (1913828) /home/lgw/Lumine-benchmarks/Experiments/09/src/0_start/start.cpp:86] req_id = 1140055, start_time = 1682006358777179
I0420 15:59:18.783093 Main        (1913828) /home/lgw/Lumine-benchmarks/Experiments/09/src/0_start/start.cpp:86] req_id = 900056, start_time = 1682006358780258
I0420 15:59:18.787811 Main        (1913828) /home/lgw/Lumine-benchmarks/Experiments/09/src/0_start/start.cpp:86] req_id = 1620055, start_time = 1682006358785238
I0420 15:59:18.791297 Main        (1913828) /home/lgw/Lumine-benchmarks/Experiments/09/src/0_start/start.cpp:86] req_id = 1380056, start_time = 1682006358789948
I0420 15:59:18.797106 Main        (1913828) /home/lgw/Lumine-benchmarks/Experiments/09/src/0_start/start.cpp:86] req_id = 2100055, start_time = 1682006358795512
I0420 15:59:18.801753 Main        (1913828) /home/lgw/Lumine-benchmarks/Experiments/09/src/0_start/start.cpp:86] req_id = 2340055, start_time = 1682006358800471
I0420 15:59:18.807003 Main        (1913828) /home/lgw/Lumine-benchmarks/Experiments/09/src/0_start/start.cpp:86] req_id = 2580055, start_time = 1682006358805135
I0420 15:59:18.812515 Main        (1913828) /home/lgw/Lumine-benchmarks/Experiments/09/src/0_start/start.cpp:86] req_id = 2400056, start_time = 1682006358811110
I0420 15:59:18.817821 Main        (1913828) /home/lgw/Lumine-benchmarks/Experiments/09/src/0_start/start.cpp:86] req_id = 2580056, start_time = 1682006358816562
I0420 15:59:20.770644 Main        (1913828) /home/lgw/Lumine-benchmarks/Experiments/09/src/0_start/start.cpp:86] req_id = 660057, start_time = 1682006360768892
I0420 15:59:20.774553 Main        (1913828) /home/lgw/Lumine-benchmarks/Experiments/09/src/0_start/start.cpp:86] req_id = 480058, start_time = 1682006360771905
I0420 15:59:20.778179 Main        (1913828) /home/lgw/Lumine-benchmarks/Experiments/09/src/0_start/start.cpp:86] req_id = 540058, start_time = 1682006360775674
I0420 15:59:20.781804 Main        (1913828) /home/lgw/Lumine-benchmarks/Experiments/09/src/0_start/start.cpp:86] req_id = 1260057, start_time = 1682006360779604
I0420 15:59:20.785660 Main        (1913828) /home/lgw/Lumine-benchmarks/Experiments/09/src/0_start/start.cpp:86] req_id = 1080058, start_time = 1682006360783249
I0420 15:59:20.789829 Main        (1913828) /home/lgw/Lumine-benchmarks/Experiments/09/src/0_start/start.cpp:86] req_id = 1320058, start_time = 1682006360787399
I0420 15:59:20.793906 Main        (1913828) /home/lgw/Lumine-benchmarks/Experiments/09/src/0_start/start.cpp:86] req_id = 2040057, start_time = 1682006360792252
I0420 15:59:20.797880 Main        (1913828) /home/lgw/Lumine-benchmarks/Experiments/09/src/0_start/start.cpp:86] req_id = 1800058, start_time = 1682006360796003
I0420 15:59:20.801457 Main        (1913828) /home/lgw/Lumine-benchmarks/Experiments/09/src/0_start/start.cpp:86] req_id = 2520057, start_time = 1682006360800011
I0420 15:59:20.805186 Main        (1913828) /home/lgw/Lumine-benchmarks/Experiments/09/src/0_start/start.cpp:86] req_id = 2340058, start_time = 1682006360803613
I0420 15:59:20.808962 Main        (1913828) /home/lgw/Lumine-benchmarks/Experiments/09/src/0_start/start.cpp:86] req_id = 2520058, start_time = 1682006360807444
I0420 15:59:20.812751 Main        (1913828) /home/lgw/Lumine-benchmarks/Experiments/09/src/0_start/start.cpp:86] req_id = 3000058, start_time = 1682006360810967
I0420 15:59:22.763706 Main        (1913828) /home/lgw/Lumine-benchmarks/Experiments/09/src/0_start/start.cpp:86] req_id = 60060, start_time = 1682006362762218
I0420 15:59:22.766628 Main        (1913828) /home/lgw/Lumine-benchmarks/Experiments/09/src/0_start/start.cpp:86] req_id = 300059, start_time = 1682006362765092
I0420 15:59:22.771771 Main        (1913828) /home/lgw/Lumine-benchmarks/Experiments/09/src/0_start/start.cpp:86] req_id = 180060, start_time = 1682006362768831
I0420 15:59:22.775593 Main        (1913828) /home/lgw/Lumine-benchmarks/Experiments/09/src/0_start/start.cpp:86] req_id = 900059, start_time = 1682006362773072
I0420 15:59:22.779739 Main        (1913828) /home/lgw/Lumine-benchmarks/Experiments/09/src/0_start/start.cpp:86] req_id = 1140059, start_time = 1682006362777604
I0420 15:59:22.782999 Main        (1913828) /home/lgw/Lumine-benchmarks/Experiments/09/src/0_start/start.cpp:86] req_id = 1440059, start_time = 1682006362781527
I0420 15:59:22.788336 Main        (1913828) /home/lgw/Lumine-benchmarks/Experiments/09/src/0_start/start.cpp:86] req_id = 1680059, start_time = 1682006362784851
I0420 15:59:22.793474 Main        (1913828) /home/lgw/Lumine-benchmarks/Experiments/09/src/0_start/start.cpp:86] req_id = 1980059, start_time = 1682006362790891
I0420 15:59:22.797579 Main        (1913828) /home/lgw/Lumine-benchmarks/Experiments/09/src/0_start/start.cpp:86] req_id = 2280059, start_time = 1682006362796126
I0420 15:59:22.802017 Main        (1913828) /home/lgw/Lumine-benchmarks/Experiments/09/src/0_start/start.cpp:86] req_id = 2100060, start_time = 1682006362800439
I0420 15:59:22.805924 Main        (1913828) /home/lgw/Lumine-benchmarks/Experiments/09/src/0_start/start.cpp:86] req_id = 2700059, start_time = 1682006362804622
I0420 15:59:22.810780 Main        (1913828) /home/lgw/Lumine-benchmarks/Experiments/09/src/0_start/start.cpp:86] req_id = 2940059, start_time = 1682006362809401
I0420 15:59:22.816030 Main        (1913828) /home/lgw/Lumine-benchmarks/Experiments/09/src/0_start/start.cpp:86] req_id = 2820060, start_time = 1682006362814681
I0420 15:59:24.764489 Main        (1913828) /home/lgw/Lumine-benchmarks/Experiments/09/src/0_start/start.cpp:86] req_id = 60062, start_time = 1682006364763019
I0420 15:59:24.768080 Main        (1913828) /home/lgw/Lumine-benchmarks/Experiments/09/src/0_start/start.cpp:86] req_id = 420061, start_time = 1682006364766587
I0420 15:59:24.771959 Main        (1913828) /home/lgw/Lumine-benchmarks/Experiments/09/src/0_start/start.cpp:86] req_id = 780061, start_time = 1682006364770409
I0420 15:59:24.774897 Main        (1913828) /home/lgw/Lumine-benchmarks/Experiments/09/src/0_start/start.cpp:86] req_id = 1020061, start_time = 1682006364773371
I0420 15:59:24.781176 Main        (1913828) /home/lgw/Lumine-benchmarks/Experiments/09/src/0_start/start.cpp:86] req_id = 1440061, start_time = 1682006364779466
I0420 15:59:24.785523 Main        (1913828) /home/lgw/Lumine-benchmarks/Experiments/09/src/0_start/start.cpp:86] req_id = 1800061, start_time = 1682006364783720
I0420 15:59:24.788858 Main        (1913828) /home/lgw/Lumine-benchmarks/Experiments/09/src/0_start/start.cpp:86] req_id = 2220061, start_time = 1682006364787159
