I0420 15:58:13.719144 Main        (1913916) /home/lgw/Lumine-benchmarks/Lumine/lib/base/thread.cpp:96] Register main thread: tid=1913916
I0420 15:58:13.720999 Main        (1913916) /home/lgw/Lumine-benchmarks/Lumine/lib/common/config.cpp:332] Load configuration for function exp09Start[1]
I0420 15:58:13.721155 Main        (1913916) /home/lgw/Lumine-benchmarks/Lumine/lib/common/config.cpp:332] Load configuration for function exp09End[2]
I0420 15:58:13.721213 Main        (1913916) /home/lgw/Lumine-benchmarks/Lumine/lib/common/config.cpp:332] Load configuration for function exp09Register[3]
I0420 15:58:13.721245 Main        (1913916) /home/lgw/Lumine-benchmarks/Lumine/lib/common/config.cpp:332] Load configuration for function exp09StartFinra[4]
I0420 15:58:13.721399 Main        (1913916) /home/lgw/Lumine-benchmarks/Lumine/src/host/worker/cpp/func_worker.cpp:107] My client_id is 12
I0420 15:58:13.721496 Main        (1913916) /home/lgw/Lumine-benchmarks/Lumine/src/host/worker/cpp/func_worker.cpp:173] Use extra pipes for messages
I0420 15:58:13.721962 Main        (1913916) /home/lgw/Lumine-benchmarks/Lumine/src/host/worker/cpp/func_worker.cpp:195] Handshake done
I0420 15:58:29.050628 Main        (1913916) /home/lgw/Lumine-benchmarks/Experiments/09/src/1_end/end.cpp:48] req_id = 2040006, end_time = 1682006309050618
I0420 15:58:29.051023 Main        (1913916) /home/lgw/Lumine-benchmarks/Experiments/09/src/1_end/end.cpp:48] req_id = 2700006, end_time = 1682006309051016
I0420 15:58:29.052550 Main        (1913916) /home/lgw/Lumine-benchmarks/Experiments/09/src/1_end/end.cpp:48] req_id = 1560006, end_time = 1682006309052545
I0420 15:58:29.053363 Main        (1913916) /home/lgw/Lumine-benchmarks/Experiments/09/src/1_end/end.cpp:48] req_id = 1860006, end_time = 1682006309053357
I0420 15:58:29.053976 Main        (1913916) /home/lgw/Lumine-benchmarks/Experiments/09/src/1_end/end.cpp:48] req_id = 2160006, end_time = 1682006309053970
I0420 15:58:30.777837 Main        (1913916) /home/lgw/Lumine-benchmarks/Experiments/09/src/1_end/end.cpp:48] req_id = 60008, end_time = 1682006310777831
I0420 15:58:30.928752 Main        (1913916) /home/lgw/Lumine-benchmarks/Experiments/09/src/1_end/end.cpp:48] req_id = 1980007, end_time = 1682006310928747
I0420 15:58:30.929943 Main        (1913916) /home/lgw/Lumine-benchmarks/Experiments/09/src/1_end/end.cpp:48] req_id = 1740007, end_time = 1682006310929937
I0420 15:58:30.931278 Main        (1913916) /home/lgw/Lumine-benchmarks/Experiments/09/src/1_end/end.cpp:48] req_id = 900007, end_time = 1682006310931272
I0420 15:58:30.933885 Main        (1913916) /home/lgw/Lumine-benchmarks/Experiments/09/src/1_end/end.cpp:48] req_id = 2220008, end_time = 1682006310933879
I0420 15:58:30.934692 Main        (1913916) /home/lgw/Lumine-benchmarks/Experiments/09/src/1_end/end.cpp:48] req_id = 720007, end_time = 1682006310934686
I0420 15:58:30.936133 Main        (1913916) /home/lgw/Lumine-benchmarks/Experiments/09/src/1_end/end.cpp:48] req_id = 1440007, end_time = 1682006310936127
I0420 15:58:30.937074 Main        (1913916) /home/lgw/Lumine-benchmarks/Experiments/09/src/1_end/end.cpp:48] req_id = 3000008, end_time = 1682006310937068
I0420 15:58:30.937355 Main        (1913916) /home/lgw/Lumine-benchmarks/Experiments/09/src/1_end/end.cpp:48] req_id = 3000007, end_time = 1682006310937352
I0420 15:58:30.939100 Main        (1913916) /home/lgw/Lumine-benchmarks/Experiments/09/src/1_end/end.cpp:48] req_id = 2700007, end_time = 1682006310939094
I0420 15:58:30.940078 Main        (1913916) /home/lgw/Lumine-benchmarks/Experiments/09/src/1_end/end.cpp:48] req_id = 480008, end_time = 1682006310940072
I0420 15:58:30.941703 Main        (1913916) /home/lgw/Lumine-benchmarks/Experiments/09/src/1_end/end.cpp:48] req_id = 2460007, end_time = 1682006310941697
I0420 15:58:30.943114 Main        (1913916) /home/lgw/Lumine-benchmarks/Experiments/09/src/1_end/end.cpp:48] req_id = 1560007, end_time = 1682006310943108
I0420 15:58:30.943949 Main        (1913916) /home/lgw/Lumine-benchmarks/Experiments/09/src/1_end/end.cpp:48] req_id = 1260008, end_time = 1682006310943943
I0420 15:58:30.945710 Main        (1913916) /home/lgw/Lumine-benchmarks/Experiments/09/src/1_end/end.cpp:48] req_id = 2520008, end_time = 1682006310945702
I0420 15:58:30.946145 Main        (1913916) /home/lgw/Lumine-benchmarks/Experiments/09/src/1_end/end.cpp:48] req_id = 2640007, end_time = 1682006310946140
I0420 15:58:30.947602 Main        (1913916) /home/lgw/Lumine-benchmarks/Experiments/09/src/1_end/end.cpp:48] req_id = 2880007, end_time = 1682006310947600
I0420 15:58:30.947981 Main        (1913916) /home/lgw/Lumine-benchmarks/Experiments/09/src/1_end/end.cpp:48] req_id = 2160008, end_time = 1682006310947979
I0420 15:58:30.948365 Main        (1913916) /home/lgw/Lumine-benchmarks/Experiments/09/src/1_end/end.cpp:48] req_id = 2100007, end_time = 1682006310948363
I0420 15:58:30.949277 Main        (1913916) /home/lgw/Lumine-benchmarks/Experiments/09/src/1_end/end.cpp:48] req_id = 2640008, end_time = 1682006310949275
I0420 15:58:30.949510 Main        (1913916) /home/lgw/Lumine-benchmarks/Experiments/09/src/1_end/end.cpp:48] req_id = 1860008, end_time = 1682006310949508
I0420 15:58:30.954342 Main        (1913916) /home/lgw/Lumine-benchmarks/Experiments/09/src/1_end/end.cpp:48] req_id = 1920008, end_time = 1682006310954340
I0420 15:58:32.933931 Main        (1913916) /home/lgw/Lumine-benchmarks/Experiments/09/src/1_end/end.cpp:48] req_id = 1800010, end_time = 1682006312933926
I0420 15:58:32.936307 Main        (1913916) /home/lgw/Lumine-benchmarks/Experiments/09/src/1_end/end.cpp:48] req_id = 1440009, end_time = 1682006312936301
I0420 15:58:38.881958 Main        (1913916) /home/lgw/Lumine-benchmarks/Experiments/09/src/1_end/end.cpp:48] req_id = 720016, end_time = 1682006318881951
I0420 15:58:38.883721 Main        (1913916) /home/lgw/Lumine-benchmarks/Experiments/09/src/1_end/end.cpp:48] req_id = 780016, end_time = 1682006318883716
I0420 15:58:38.890398 Main        (1913916) /home/lgw/Lumine-benchmarks/Experiments/09/src/1_end/end.cpp:48] req_id = 2580016, end_time = 1682006318890392
I0420 15:58:38.898581 Main        (1913916) /home/lgw/Lumine-benchmarks/Experiments/09/src/1_end/end.cpp:48] req_id = 1920016, end_time = 1682006318898575
I0420 15:58:38.901954 Main        (1913916) /home/lgw/Lumine-benchmarks/Experiments/09/src/1_end/end.cpp:48] req_id = 2520015, end_time = 1682006318901949
I0420 15:58:38.921492 Main        (1913916) /home/lgw/Lumine-benchmarks/Experiments/09/src/1_end/end.cpp:48] req_id = 1860015, end_time = 1682006318921485
I0420 15:58:38.922438 Main        (1913916) /home/lgw/Lumine-benchmarks/Experiments/09/src/1_end/end.cpp:48] req_id = 1800015, end_time = 1682006318922430
I0420 15:58:38.923245 Main        (1913916) /home/lgw/Lumine-benchmarks/Experiments/09/src/1_end/end.cpp:48] req_id = 2520016, end_time = 1682006318923238
I0420 15:58:38.924247 Main        (1913916) /home/lgw/Lumine-benchmarks/Experiments/09/src/1_end/end.cpp:48] req_id = 2280015, end_time = 1682006318924240
I0420 15:58:38.924625 Main        (1913916) /home/lgw/Lumine-benchmarks/Experiments/09/src/1_end/end.cpp:48] req_id = 2460015, end_time = 1682006318924621
I0420 15:58:38.925012 Main        (1913916) /home/lgw/Lumine-benchmarks/Experiments/09/src/1_end/end.cpp:48] req_id = 1740016, end_time = 1682006318925005
I0420 15:58:38.925353 Main        (1913916) /home/lgw/Lumine-benchmarks/Experiments/09/src/1_end/end.cpp:48] req_id = 2580015, end_time = 1682006318925349
I0420 15:58:38.926051 Main        (1913916) /home/lgw/Lumine-benchmarks/Experiments/09/src/1_end/end.cpp:48] req_id = 2460016, end_time = 1682006318926045
I0420 15:58:38.931291 Main        (1913916) /home/lgw/Lumine-benchmarks/Experiments/09/src/1_end/end.cpp:48] req_id = 2940015, end_time = 1682006318931284
I0420 15:58:40.934794 Main        (1913916) /home/lgw/Lumine-benchmarks/Experiments/09/src/1_end/end.cpp:48] req_id = 1980017, end_time = 1682006320934788
I0420 15:58:40.936909 Main        (1913916) /home/lgw/Lumine-benchmarks/Experiments/09/src/1_end/end.cpp:48] req_id = 1260018, end_time = 1682006320936903
I0420 15:58:40.937285 Main        (1913916) /home/lgw/Lumine-benchmarks/Experiments/09/src/1_end/end.cpp:48] req_id = 1560017, end_time = 1682006320937281
I0420 15:58:40.938433 Main        (1913916) /home/lgw/Lumine-benchmarks/Experiments/09/src/1_end/end.cpp:48] req_id = 300018, end_time = 1682006320938427
I0420 15:58:40.941395 Main        (1913916) /home/lgw/Lumine-benchmarks/Experiments/09/src/1_end/end.cpp:48] req_id = 1980018, end_time = 1682006320941389
I0420 15:58:40.942432 Main        (1913916) /home/lgw/Lumine-benchmarks/Experiments/09/src/1_end/end.cpp:48] req_id = 2160017, end_time = 1682006320942426
I0420 15:58:40.943500 Main        (1913916) /home/lgw/Lumine-benchmarks/Experiments/09/src/1_end/end.cpp:48] req_id = 1140018, end_time = 1682006320943494
I0420 15:58:40.946874 Main        (1913916) /home/lgw/Lumine-benchmarks/Experiments/09/src/1_end/end.cpp:48] req_id = 660018, end_time = 1682006320946868
I0420 15:58:40.950876 Main        (1913916) /home/lgw/Lumine-benchmarks/Experiments/09/src/1_end/end.cpp:48] req_id = 1620018, end_time = 1682006320950870
I0420 15:58:40.951639 Main        (1913916) /home/lgw/Lumine-benchmarks/Experiments/09/src/1_end/end.cpp:48] req_id = 1320018, end_time = 1682006320951634
I0420 15:58:40.952810 Main        (1913916) /home/lgw/Lumine-benchmarks/Experiments/09/src/1_end/end.cpp:48] req_id = 1080017, end_time = 1682006320952804
I0420 15:58:40.953639 Main        (1913916) /home/lgw/Lumine-benchmarks/Experiments/09/src/1_end/end.cpp:48] req_id = 2400017, end_time = 1682006320953633
I0420 15:58:40.954015 Main        (1913916) /home/lgw/Lumine-benchmarks/Experiments/09/src/1_end/end.cpp:48] req_id = 2760018, end_time = 1682006320954012
I0420 15:58:40.954258 Main        (1913916) /home/lgw/Lumine-benchmarks/Experiments/09/src/1_end/end.cpp:48] req_id = 1680017, end_time = 1682006320954253
I0420 15:58:40.955094 Main        (1913916) /home/lgw/Lumine-benchmarks/Experiments/09/src/1_end/end.cpp:48] req_id = 3000017, end_time = 1682006320955088
I0420 15:58:40.963998 Main        (1913916) /home/lgw/Lumine-benchmarks/Experiments/09/src/1_end/end.cpp:48] req_id = 1380018, end_time = 1682006320963992
I0420 15:58:40.964312 Main        (1913916) /home/lgw/Lumine-benchmarks/Experiments/09/src/1_end/end.cpp:48] req_id = 840018, end_time = 1682006320964309
I0420 15:58:40.964691 Main        (1913916) /home/lgw/Lumine-benchmarks/Experiments/09/src/1_end/end.cpp:48] req_id = 2520017, end_time = 1682006320964684
I0420 15:58:40.965471 Main        (1913916) /home/lgw/Lumine-benchmarks/Experiments/09/src/1_end/end.cpp:48] req_id = 1320017, end_time = 1682006320965465
I0420 15:58:40.965917 Main        (1913916) /home/lgw/Lumine-benchmarks/Experiments/09/src/1_end/end.cpp:48] req_id = 2580017, end_time = 1682006320965912
I0420 15:58:40.966237 Main        (1913916) /home/lgw/Lumine-benchmarks/Experiments/09/src/1_end/end.cpp:48] req_id = 2760017, end_time = 1682006320966233
I0420 15:58:40.966823 Main        (1913916) /home/lgw/Lumine-benchmarks/Experiments/09/src/1_end/end.cpp:48] req_id = 1860018, end_time = 1682006320966818
I0420 15:58:40.967802 Main        (1913916) /home/lgw/Lumine-benchmarks/Experiments/09/src/1_end/end.cpp:48] req_id = 2640017, end_time = 1682006320967796
I0420 15:58:40.968382 Main        (1913916) /home/lgw/Lumine-benchmarks/Experiments/09/src/1_end/end.cpp:48] req_id = 2700017, end_time = 1682006320968376
I0420 15:58:40.971030 Main        (1913916) /home/lgw/Lumine-benchmarks/Experiments/09/src/1_end/end.cpp:48] req_id = 2460017, end_time = 1682006320971024
I0420 15:58:40.971522 Main        (1913916) /home/lgw/Lumine-benchmarks/Experiments/09/src/1_end/end.cpp:48] req_id = 960018, end_time = 1682006320971516
I0420 15:58:40.974040 Main        (1913916) /home/lgw/Lumine-benchmarks/Experiments/09/src/1_end/end.cpp:48] req_id = 780018, end_time = 1682006320974034
I0420 15:58:40.974503 Main        (1913916) /home/lgw/Lumine-benchmarks/Experiments/09/src/1_end/end.cpp:48] req_id = 2280017, end_time = 1682006320974499
I0420 15:58:40.974952 Main        (1913916) /home/lgw/Lumine-benchmarks/Experiments/09/src/1_end/end.cpp:48] req_id = 2880017, end_time = 1682006320974945
I0420 15:58:42.777278 Main        (1913916) /home/lgw/Lumine-benchmarks/Experiments/09/src/1_end/end.cpp:48] req_id = 120019, end_time = 1682006322777269
I0420 15:58:42.787454 Main        (1913916) /home/lgw/Lumine-benchmarks/Experiments/09/src/1_end/end.cpp:48] req_id = 480019, end_time = 1682006322787449
I0420 15:58:42.929505 Main        (1913916) /home/lgw/Lumine-benchmarks/Experiments/09/src/1_end/end.cpp:48] req_id = 2400020, end_time = 1682006322929499
I0420 15:58:50.931451 Main        (1913916) /home/lgw/Lumine-benchmarks/Experiments/09/src/1_end/end.cpp:48] req_id = 2580028, end_time = 1682006330931444
I0420 15:58:55.013615 Main        (1913916) /home/lgw/Lumine-benchmarks/Experiments/09/src/1_end/end.cpp:48] req_id = 1440032, end_time = 1682006335013607
I0420 15:58:55.015612 Main        (1913916) /home/lgw/Lumine-benchmarks/Experiments/09/src/1_end/end.cpp:48] req_id = 2460032, end_time = 1682006335015606
I0420 15:58:55.018607 Main        (1913916) /home/lgw/Lumine-benchmarks/Experiments/09/src/1_end/end.cpp:48] req_id = 2700032, end_time = 1682006335018601
I0420 15:58:55.019251 Main        (1913916) /home/lgw/Lumine-benchmarks/Experiments/09/src/1_end/end.cpp:48] req_id = 2040031, end_time = 1682006335019245
I0420 15:58:55.021830 Main        (1913916) /home/lgw/Lumine-benchmarks/Experiments/09/src/1_end/end.cpp:48] req_id = 2220031, end_time = 1682006335021823
I0420 15:58:55.022291 Main        (1913916) /home/lgw/Lumine-benchmarks/Experiments/09/src/1_end/end.cpp:48] req_id = 3000032, end_time = 1682006335022285
I0420 15:58:55.022547 Main        (1913916) /home/lgw/Lumine-benchmarks/Experiments/09/src/1_end/end.cpp:48] req_id = 1740031, end_time = 1682006335022544
I0420 15:58:55.023549 Main        (1913916) /home/lgw/Lumine-benchmarks/Experiments/09/src/1_end/end.cpp:48] req_id = 2580032, end_time = 1682006335023543
I0420 15:58:56.778245 Main        (1913916) /home/lgw/Lumine-benchmarks/Experiments/09/src/1_end/end.cpp:48] req_id = 60034, end_time = 1682006336778239
I0420 15:58:56.779244 Main        (1913916) /home/lgw/Lumine-benchmarks/Experiments/09/src/1_end/end.cpp:48] req_id = 180033, end_time = 1682006336779241
I0420 15:58:56.779544 Main        (1913916) /home/lgw/Lumine-benchmarks/Experiments/09/src/1_end/end.cpp:48] req_id = 300033, end_time = 1682006336779539
I0420 15:58:56.779938 Main        (1913916) /home/lgw/Lumine-benchmarks/Experiments/09/src/1_end/end.cpp:48] req_id = 360033, end_time = 1682006336779932
I0420 15:58:56.785131 Main        (1913916) /home/lgw/Lumine-benchmarks/Experiments/09/src/1_end/end.cpp:48] req_id = 600034, end_time = 1682006336785124
I0420 15:58:56.792805 Main        (1913916) /home/lgw/Lumine-benchmarks/Experiments/09/src/1_end/end.cpp:48] req_id = 120034, end_time = 1682006336792800
I0420 15:58:56.983904 Main        (1913916) /home/lgw/Lumine-benchmarks/Experiments/09/src/1_end/end.cpp:48] req_id = 900034, end_time = 1682006336983892
I0420 15:58:56.996294 Main        (1913916) /home/lgw/Lumine-benchmarks/Experiments/09/src/1_end/end.cpp:48] req_id = 2040034, end_time = 1682006336996290
I0420 15:58:56.996970 Main        (1913916) /home/lgw/Lumine-benchmarks/Experiments/09/src/1_end/end.cpp:48] req_id = 2460034, end_time = 1682006336996968
I0420 15:58:56.998572 Main        (1913916) /home/lgw/Lumine-benchmarks/Experiments/09/src/1_end/end.cpp:48] req_id = 2040033, end_time = 1682006336998570
I0420 15:58:57.003641 Main        (1913916) /home/lgw/Lumine-benchmarks/Experiments/09/src/1_end/end.cpp:48] req_id = 2340034, end_time = 1682006337003637
I0420 15:58:57.004452 Main        (1913916) /home/lgw/Lumine-benchmarks/Experiments/09/src/1_end/end.cpp:48] req_id = 1980033, end_time = 1682006337004450
I0420 15:58:57.006347 Main        (1913916) /home/lgw/Lumine-benchmarks/Experiments/09/src/1_end/end.cpp:48] req_id = 1620033, end_time = 1682006337006344
I0420 15:58:57.007998 Main        (1913916) /home/lgw/Lumine-benchmarks/Experiments/09/src/1_end/end.cpp:48] req_id = 2220034, end_time = 1682006337007996
I0420 15:58:57.008757 Main        (1913916) /home/lgw/Lumine-benchmarks/Experiments/09/src/1_end/end.cpp:48] req_id = 2400033, end_time = 1682006337008755
I0420 15:58:57.009214 Main        (1913916) /home/lgw/Lumine-benchmarks/Experiments/09/src/1_end/end.cpp:48] req_id = 2460033, end_time = 1682006337009211
I0420 15:58:57.009613 Main        (1913916) /home/lgw/Lumine-benchmarks/Experiments/09/src/1_end/end.cpp:48] req_id = 960034, end_time = 1682006337009612
I0420 15:58:57.010307 Main        (1913916) /home/lgw/Lumine-benchmarks/Experiments/09/src/1_end/end.cpp:48] req_id = 2400034, end_time = 1682006337010305
I0420 15:58:57.012209 Main        (1913916) /home/lgw/Lumine-benchmarks/Experiments/09/src/1_end/end.cpp:48] req_id = 2640034, end_time = 1682006337012207
I0420 15:58:57.012503 Main        (1913916) /home/lgw/Lumine-benchmarks/Experiments/09/src/1_end/end.cpp:48] req_id = 3000033, end_time = 1682006337012501
I0420 15:58:57.014460 Main        (1913916) /home/lgw/Lumine-benchmarks/Experiments/09/src/1_end/end.cpp:48] req_id = 2820033, end_time = 1682006337014456
I0420 15:58:57.014896 Main        (1913916) /home/lgw/Lumine-benchmarks/Experiments/09/src/1_end/end.cpp:48] req_id = 2640033, end_time = 1682006337014890
I0420 15:58:57.015269 Main        (1913916) /home/lgw/Lumine-benchmarks/Experiments/09/src/1_end/end.cpp:48] req_id = 1320034, end_time = 1682006337015266
I0420 15:58:57.016452 Main        (1913916) /home/lgw/Lumine-benchmarks/Experiments/09/src/1_end/end.cpp:48] req_id = 2520033, end_time = 1682006337016449
I0420 15:58:57.017693 Main        (1913916) /home/lgw/Lumine-benchmarks/Experiments/09/src/1_end/end.cpp:48] req_id = 1380034, end_time = 1682006337017687
I0420 15:58:57.018858 Main        (1913916) /home/lgw/Lumine-benchmarks/Experiments/09/src/1_end/end.cpp:48] req_id = 1800033, end_time = 1682006337018852
I0420 15:58:57.021588 Main        (1913916) /home/lgw/Lumine-benchmarks/Experiments/09/src/1_end/end.cpp:48] req_id = 1800034, end_time = 1682006337021582
I0420 15:58:58.965782 Main        (1913916) /home/lgw/Lumine-benchmarks/Experiments/09/src/1_end/end.cpp:48] req_id = 2340036, end_time = 1682006338965776
I0420 15:58:58.970437 Main        (1913916) /home/lgw/Lumine-benchmarks/Experiments/09/src/1_end/end.cpp:48] req_id = 2460035, end_time = 1682006338970431
I0420 15:58:58.984530 Main        (1913916) /home/lgw/Lumine-benchmarks/Experiments/09/src/1_end/end.cpp:48] req_id = 840036, end_time = 1682006338984524
I0420 15:58:58.985758 Main        (1913916) /home/lgw/Lumine-benchmarks/Experiments/09/src/1_end/end.cpp:48] req_id = 1740036, end_time = 1682006338985752
I0420 15:58:58.986304 Main        (1913916) /home/lgw/Lumine-benchmarks/Experiments/09/src/1_end/end.cpp:48] req_id = 780035, end_time = 1682006338986299
I0420 15:58:58.988748 Main        (1913916) /home/lgw/Lumine-benchmarks/Experiments/09/src/1_end/end.cpp:48] req_id = 1860035, end_time = 1682006338988742
I0420 15:58:58.990431 Main        (1913916) /home/lgw/Lumine-benchmarks/Experiments/09/src/1_end/end.cpp:48] req_id = 2700036, end_time = 1682006338990425
I0420 15:58:58.990730 Main        (1913916) /home/lgw/Lumine-benchmarks/Experiments/09/src/1_end/end.cpp:48] req_id = 2040035, end_time = 1682006338990727
I0420 15:58:58.992517 Main        (1913916) /home/lgw/Lumine-benchmarks/Experiments/09/src/1_end/end.cpp:48] req_id = 2280036, end_time = 1682006338992511
I0420 15:58:58.996307 Main        (1913916) /home/lgw/Lumine-benchmarks/Experiments/09/src/1_end/end.cpp:48] req_id = 2220035, end_time = 1682006338996301
I0420 15:58:59.005700 Main        (1913916) /home/lgw/Lumine-benchmarks/Experiments/09/src/1_end/end.cpp:48] req_id = 1680036, end_time = 1682006339005694
I0420 15:59:00.774909 Main        (1913916) /home/lgw/Lumine-benchmarks/Experiments/09/src/1_end/end.cpp:48] req_id = 60038, end_time = 1682006340774897
I0420 15:59:00.780424 Main        (1913916) /home/lgw/Lumine-benchmarks/Experiments/09/src/1_end/end.cpp:48] req_id = 240037, end_time = 1682006340780410
I0420 15:59:00.791057 Main        (1913916) /home/lgw/Lumine-benchmarks/Experiments/09/src/1_end/end.cpp:48] req_id = 480037, end_time = 1682006340791051
I0420 15:59:00.792591 Main        (1913916) /home/lgw/Lumine-benchmarks/Experiments/09/src/1_end/end.cpp:48] req_id = 180038, end_time = 1682006340792588
I0420 15:59:00.833608 Main        (1913916) /home/lgw/Lumine-benchmarks/Experiments/09/src/1_end/end.cpp:48] req_id = 840037, end_time = 1682006340833603
I0420 15:59:00.899062 Main        (1913916) /home/lgw/Lumine-benchmarks/Experiments/09/src/1_end/end.cpp:48] req_id = 1740037, end_time = 1682006340899056
I0420 15:59:00.900291 Main        (1913916) /home/lgw/Lumine-benchmarks/Experiments/09/src/1_end/end.cpp:48] req_id = 1440037, end_time = 1682006340900285
I0420 15:59:00.926257 Main        (1913916) /home/lgw/Lumine-benchmarks/Experiments/09/src/1_end/end.cpp:48] req_id = 2100037, end_time = 1682006340926252
I0420 15:59:00.929292 Main        (1913916) /home/lgw/Lumine-benchmarks/Experiments/09/src/1_end/end.cpp:48] req_id = 1980038, end_time = 1682006340929290
I0420 15:59:00.929740 Main        (1913916) /home/lgw/Lumine-benchmarks/Experiments/09/src/1_end/end.cpp:48] req_id = 1620038, end_time = 1682006340929738
I0420 15:59:00.929946 Main        (1913916) /home/lgw/Lumine-benchmarks/Experiments/09/src/1_end/end.cpp:48] req_id = 1860038, end_time = 1682006340929944
I0420 15:59:24.835254 Main        (1913916) /home/lgw/Lumine-benchmarks/Experiments/09/src/1_end/end.cpp:48] req_id = 2040061, end_time = 1682006364835244
I0420 15:59:24.836316 Main        (1913916) /home/lgw/Lumine-benchmarks/Experiments/09/src/1_end/end.cpp:48] req_id = 2940061, end_time = 1682006364836310
I0420 15:59:24.837306 Main        (1913916) /home/lgw/Lumine-benchmarks/Experiments/09/src/1_end/end.cpp:48] req_id = 2640061, end_time = 1682006364837299
