I0420 15:58:12.752333 Main        (1913832) /home/lgw/Lumine-benchmarks/Lumine/lib/base/thread.cpp:96] Register main thread: tid=1913832
I0420 15:58:12.753901 Main        (1913832) /home/lgw/Lumine-benchmarks/Lumine/lib/common/config.cpp:332] Load configuration for function exp09Start[1]
I0420 15:58:12.754050 Main        (1913832) /home/lgw/Lumine-benchmarks/Lumine/lib/common/config.cpp:332] Load configuration for function exp09End[2]
I0420 15:58:12.754108 Main        (1913832) /home/lgw/Lumine-benchmarks/Lumine/lib/common/config.cpp:332] Load configuration for function exp09Register[3]
I0420 15:58:12.754149 Main        (1913832) /home/lgw/Lumine-benchmarks/Lumine/lib/common/config.cpp:332] Load configuration for function exp09StartFinra[4]
I0420 15:58:12.754261 Main        (1913832) /home/lgw/Lumine-benchmarks/Lumine/src/host/worker/cpp/func_worker.cpp:107] My client_id is 6
I0420 15:58:12.754348 Main        (1913832) /home/lgw/Lumine-benchmarks/Lumine/src/host/worker/cpp/func_worker.cpp:173] Use extra pipes for messages
I0420 15:58:12.829273 Main        (1913832) /home/lgw/Lumine-benchmarks/Lumine/src/host/worker/cpp/func_worker.cpp:195] Handshake done
I0420 15:58:24.767299 Main        (1913832) /home/lgw/Lumine-benchmarks/Experiments/09/src/0_start/start.cpp:86] req_id = 180001, start_time = 1682006304763612
I0420 15:58:24.771706 Main        (1913832) /home/lgw/Lumine-benchmarks/Experiments/09/src/0_start/start.cpp:86] req_id = 120002, start_time = 1682006304769585
I0420 15:58:24.844725 Main        (1913832) /home/lgw/Lumine-benchmarks/Experiments/09/src/0_start/start.cpp:86] req_id = 1200001, start_time = 1682006304842785
I0420 15:58:24.851228 Main        (1913832) /home/lgw/Lumine-benchmarks/Experiments/09/src/0_start/start.cpp:86] req_id = 1380001, start_time = 1682006304849398
I0420 15:58:24.855204 Main        (1913832) /home/lgw/Lumine-benchmarks/Experiments/09/src/0_start/start.cpp:86] req_id = 1920001, start_time = 1682006304852661
I0420 15:58:24.858280 Main        (1913832) /home/lgw/Lumine-benchmarks/Experiments/09/src/0_start/start.cpp:86] req_id = 1620002, start_time = 1682006304856624
I0420 15:58:24.862896 Main        (1913832) /home/lgw/Lumine-benchmarks/Experiments/09/src/0_start/start.cpp:86] req_id = 720002, start_time = 1682006304860030
I0420 15:58:24.867344 Main        (1913832) /home/lgw/Lumine-benchmarks/Experiments/09/src/0_start/start.cpp:86] req_id = 1620001, start_time = 1682006304865039
I0420 15:58:24.871284 Main        (1913832) /home/lgw/Lumine-benchmarks/Experiments/09/src/0_start/start.cpp:86] req_id = 1320001, start_time = 1682006304869040
I0420 15:58:24.875755 Main        (1913832) /home/lgw/Lumine-benchmarks/Experiments/09/src/0_start/start.cpp:86] req_id = 1800002, start_time = 1682006304874067
I0420 15:58:24.924457 Main        (1913832) /home/lgw/Lumine-benchmarks/Experiments/09/src/0_start/start.cpp:86] req_id = 2520001, start_time = 1682006304922615
I0420 15:58:25.814987 Main        (1913832) /home/lgw/Lumine-benchmarks/Experiments/09/src/0_start/start.cpp:86] req_id = 2700002, start_time = 1682006305813633
I0420 15:58:25.818139 Main        (1913832) /home/lgw/Lumine-benchmarks/Experiments/09/src/0_start/start.cpp:86] req_id = 2820002, start_time = 1682006305816150
I0420 15:58:26.771477 Main        (1913832) /home/lgw/Lumine-benchmarks/Experiments/09/src/0_start/start.cpp:86] req_id = 180004, start_time = 1682006306768964
I0420 15:58:26.775989 Main        (1913832) /home/lgw/Lumine-benchmarks/Experiments/09/src/0_start/start.cpp:86] req_id = 360004, start_time = 1682006306772672
I0420 15:58:26.779529 Main        (1913832) /home/lgw/Lumine-benchmarks/Experiments/09/src/0_start/start.cpp:86] req_id = 1140003, start_time = 1682006306777295
I0420 15:58:26.783168 Main        (1913832) /home/lgw/Lumine-benchmarks/Experiments/09/src/0_start/start.cpp:86] req_id = 1380003, start_time = 1682006306780879
I0420 15:58:26.787152 Main        (1913832) /home/lgw/Lumine-benchmarks/Experiments/09/src/0_start/start.cpp:86] req_id = 1680003, start_time = 1682006306785027
I0420 15:58:26.790307 Main        (1913832) /home/lgw/Lumine-benchmarks/Experiments/09/src/0_start/start.cpp:86] req_id = 1500004, start_time = 1682006306788881
I0420 15:58:26.793521 Main        (1913832) /home/lgw/Lumine-benchmarks/Experiments/09/src/0_start/start.cpp:86] req_id = 1620004, start_time = 1682006306791578
I0420 15:58:26.797219 Main        (1913832) /home/lgw/Lumine-benchmarks/Experiments/09/src/0_start/start.cpp:86] req_id = 2160003, start_time = 1682006306795197
I0420 15:58:26.800439 Main        (1913832) /home/lgw/Lumine-benchmarks/Experiments/09/src/0_start/start.cpp:86] req_id = 2460003, start_time = 1682006306798499
I0420 15:58:26.803848 Main        (1913832) /home/lgw/Lumine-benchmarks/Experiments/09/src/0_start/start.cpp:86] req_id = 2280004, start_time = 1682006306801569
I0420 15:58:26.808731 Main        (1913832) /home/lgw/Lumine-benchmarks/Experiments/09/src/0_start/start.cpp:86] req_id = 2520004, start_time = 1682006306806744
I0420 15:58:26.812767 Main        (1913832) /home/lgw/Lumine-benchmarks/Experiments/09/src/0_start/start.cpp:86] req_id = 2940004, start_time = 1682006306811455
I0420 15:58:28.766375 Main        (1913832) /home/lgw/Lumine-benchmarks/Experiments/09/src/0_start/start.cpp:86] req_id = 120005, start_time = 1682006308764902
I0420 15:58:28.770168 Main        (1913832) /home/lgw/Lumine-benchmarks/Experiments/09/src/0_start/start.cpp:86] req_id = 420005, start_time = 1682006308768174
I0420 15:58:28.774522 Main        (1913832) /home/lgw/Lumine-benchmarks/Experiments/09/src/0_start/start.cpp:86] req_id = 300006, start_time = 1682006308771963
I0420 15:58:28.778139 Main        (1913832) /home/lgw/Lumine-benchmarks/Experiments/09/src/0_start/start.cpp:86] req_id = 1020005, start_time = 1682006308775974
I0420 15:58:28.781785 Main        (1913832) /home/lgw/Lumine-benchmarks/Experiments/09/src/0_start/start.cpp:86] req_id = 1260005, start_time = 1682006308780166
I0420 15:58:28.784969 Main        (1913832) /home/lgw/Lumine-benchmarks/Experiments/09/src/0_start/start.cpp:86] req_id = 1260006, start_time = 1682006308783272
I0420 15:58:28.788045 Main        (1913832) /home/lgw/Lumine-benchmarks/Experiments/09/src/0_start/start.cpp:86] req_id = 1680005, start_time = 1682006308786404
I0420 15:58:28.791086 Main        (1913832) /home/lgw/Lumine-benchmarks/Experiments/09/src/0_start/start.cpp:86] req_id = 1680006, start_time = 1682006308789446
I0420 15:58:28.794761 Main        (1913832) /home/lgw/Lumine-benchmarks/Experiments/09/src/0_start/start.cpp:86] req_id = 1800006, start_time = 1682006308793308
I0420 15:58:28.799645 Main        (1913832) /home/lgw/Lumine-benchmarks/Experiments/09/src/0_start/start.cpp:86] req_id = 2040006, start_time = 1682006308798097
I0420 15:58:28.803914 Main        (1913832) /home/lgw/Lumine-benchmarks/Experiments/09/src/0_start/start.cpp:86] req_id = 2340006, start_time = 1682006308802222
I0420 15:58:28.807698 Main        (1913832) /home/lgw/Lumine-benchmarks/Experiments/09/src/0_start/start.cpp:86] req_id = 2640006, start_time = 1682006308806049
I0420 15:58:28.812123 Main        (1913832) /home/lgw/Lumine-benchmarks/Experiments/09/src/0_start/start.cpp:86] req_id = 3000006, start_time = 1682006308810364
I0420 15:58:30.765344 Main        (1913832) /home/lgw/Lumine-benchmarks/Experiments/09/src/0_start/start.cpp:86] req_id = 60008, start_time = 1682006310763815
I0420 15:58:30.769132 Main        (1913832) /home/lgw/Lumine-benchmarks/Experiments/09/src/0_start/start.cpp:86] req_id = 360007, start_time = 1682006310766797
I0420 15:58:30.772817 Main        (1913832) /home/lgw/Lumine-benchmarks/Experiments/09/src/0_start/start.cpp:86] req_id = 240008, start_time = 1682006310770569
I0420 15:58:30.777013 Main        (1913832) /home/lgw/Lumine-benchmarks/Experiments/09/src/0_start/start.cpp:86] req_id = 540008, start_time = 1682006310774311
I0420 15:58:30.780453 Main        (1913832) /home/lgw/Lumine-benchmarks/Experiments/09/src/0_start/start.cpp:86] req_id = 720008, start_time = 1682006310778414
I0420 15:58:30.784971 Main        (1913832) /home/lgw/Lumine-benchmarks/Experiments/09/src/0_start/start.cpp:86] req_id = 1500007, start_time = 1682006310782631
I0420 15:58:30.788212 Main        (1913832) /home/lgw/Lumine-benchmarks/Experiments/09/src/0_start/start.cpp:86] req_id = 1320008, start_time = 1682006310786316
I0420 15:58:30.791427 Main        (1913832) /home/lgw/Lumine-benchmarks/Experiments/09/src/0_start/start.cpp:86] req_id = 1860007, start_time = 1682006310789662
I0420 15:58:30.796579 Main        (1913832) /home/lgw/Lumine-benchmarks/Experiments/09/src/0_start/start.cpp:86] req_id = 1860008, start_time = 1682006310794982
I0420 15:58:30.801681 Main        (1913832) /home/lgw/Lumine-benchmarks/Experiments/09/src/0_start/start.cpp:86] req_id = 2340007, start_time = 1682006310800006
I0420 15:58:30.806416 Main        (1913832) /home/lgw/Lumine-benchmarks/Experiments/09/src/0_start/start.cpp:86] req_id = 2280008, start_time = 1682006310804989
I0420 15:58:30.811350 Main        (1913832) /home/lgw/Lumine-benchmarks/Experiments/09/src/0_start/start.cpp:86] req_id = 2760007, start_time = 1682006310809691
I0420 15:58:30.817601 Main        (1913832) /home/lgw/Lumine-benchmarks/Experiments/09/src/0_start/start.cpp:86] req_id = 2940008, start_time = 1682006310816129
I0420 15:58:32.766621 Main        (1913832) /home/lgw/Lumine-benchmarks/Experiments/09/src/0_start/start.cpp:86] req_id = 60010, start_time = 1682006312765096
I0420 15:58:32.770479 Main        (1913832) /home/lgw/Lumine-benchmarks/Experiments/09/src/0_start/start.cpp:86] req_id = 420009, start_time = 1682006312768186
I0420 15:58:32.774003 Main        (1913832) /home/lgw/Lumine-benchmarks/Experiments/09/src/0_start/start.cpp:86] req_id = 660009, start_time = 1682006312771760
I0420 15:58:32.777759 Main        (1913832) /home/lgw/Lumine-benchmarks/Experiments/09/src/0_start/start.cpp:86] req_id = 660010, start_time = 1682006312775689
I0420 15:58:32.781011 Main        (1913832) /home/lgw/Lumine-benchmarks/Experiments/09/src/0_start/start.cpp:86] req_id = 1200009, start_time = 1682006312779489
I0420 15:58:32.788740 Main        (1913832) /home/lgw/Lumine-benchmarks/Experiments/09/src/0_start/start.cpp:86] req_id = 900010, start_time = 1682006312783202
I0420 15:58:32.793401 Main        (1913832) /home/lgw/Lumine-benchmarks/Experiments/09/src/0_start/start.cpp:86] req_id = 1740009, start_time = 1682006312790946
I0420 15:58:32.797184 Main        (1913832) /home/lgw/Lumine-benchmarks/Experiments/09/src/0_start/start.cpp:86] req_id = 2040009, start_time = 1682006312795140
I0420 15:58:32.800528 Main        (1913832) /home/lgw/Lumine-benchmarks/Experiments/09/src/0_start/start.cpp:86] req_id = 2280009, start_time = 1682006312798697
I0420 15:58:32.804810 Main        (1913832) /home/lgw/Lumine-benchmarks/Experiments/09/src/0_start/start.cpp:86] req_id = 2100010, start_time = 1682006312803316
I0420 15:58:32.809942 Main        (1913832) /home/lgw/Lumine-benchmarks/Experiments/09/src/0_start/start.cpp:86] req_id = 2580009, start_time = 1682006312808526
I0420 15:58:32.814348 Main        (1913832) /home/lgw/Lumine-benchmarks/Experiments/09/src/0_start/start.cpp:86] req_id = 2580010, start_time = 1682006312813047
I0420 15:58:32.820241 Main        (1913832) /home/lgw/Lumine-benchmarks/Experiments/09/src/0_start/start.cpp:86] req_id = 2820010, start_time = 1682006312818505
I0420 15:58:34.768222 Main        (1913832) /home/lgw/Lumine-benchmarks/Experiments/09/src/0_start/start.cpp:86] req_id = 240011, start_time = 1682006314766395
I0420 15:58:34.771998 Main        (1913832) /home/lgw/Lumine-benchmarks/Experiments/09/src/0_start/start.cpp:86] req_id = 180012, start_time = 1682006314769515
I0420 15:58:34.775996 Main        (1913832) /home/lgw/Lumine-benchmarks/Experiments/09/src/0_start/start.cpp:86] req_id = 720011, start_time = 1682006314773578
I0420 15:58:34.778688 Main        (1913832) /home/lgw/Lumine-benchmarks/Experiments/09/src/0_start/start.cpp:86] req_id = 900011, start_time = 1682006314777384
I0420 15:58:34.781412 Main        (1913832) /home/lgw/Lumine-benchmarks/Experiments/09/src/0_start/start.cpp:86] req_id = 900012, start_time = 1682006314779890
I0420 15:58:34.784610 Main        (1913832) /home/lgw/Lumine-benchmarks/Experiments/09/src/0_start/start.cpp:86] req_id = 1380011, start_time = 1682006314782847
I0420 15:58:34.788211 Main        (1913832) /home/lgw/Lumine-benchmarks/Experiments/09/src/0_start/start.cpp:86] req_id = 1680011, start_time = 1682006314785872
I0420 15:58:34.791272 Main        (1913832) /home/lgw/Lumine-benchmarks/Experiments/09/src/0_start/start.cpp:86] req_id = 1680012, start_time = 1682006314789230
I0420 15:58:34.795027 Main        (1913832) /home/lgw/Lumine-benchmarks/Experiments/09/src/0_start/start.cpp:86] req_id = 2280011, start_time = 1682006314792556
I0420 15:58:34.798961 Main        (1913832) /home/lgw/Lumine-benchmarks/Experiments/09/src/0_start/start.cpp:86] req_id = 2520011, start_time = 1682006314796372
I0420 15:58:34.803160 Main        (1913832) /home/lgw/Lumine-benchmarks/Experiments/09/src/0_start/start.cpp:86] req_id = 2220012, start_time = 1682006314800979
I0420 15:58:34.806796 Main        (1913832) /home/lgw/Lumine-benchmarks/Experiments/09/src/0_start/start.cpp:86] req_id = 2460012, start_time = 1682006314804522
I0420 15:58:34.810624 Main        (1913832) /home/lgw/Lumine-benchmarks/Experiments/09/src/0_start/start.cpp:86] req_id = 2820012, start_time = 1682006314808433
I0420 15:58:36.768277 Main        (1913832) /home/lgw/Lumine-benchmarks/Experiments/09/src/0_start/start.cpp:86] req_id = 240013, start_time = 1682006316765807
I0420 15:58:36.773582 Main        (1913832) /home/lgw/Lumine-benchmarks/Experiments/09/src/0_start/start.cpp:86] req_id = 660013, start_time = 1682006316770650
I0420 15:58:36.777229 Main        (1913832) /home/lgw/Lumine-benchmarks/Experiments/09/src/0_start/start.cpp:86] req_id = 900013, start_time = 1682006316774944
I0420 15:58:36.780997 Main        (1913832) /home/lgw/Lumine-benchmarks/Experiments/09/src/0_start/start.cpp:86] req_id = 840014, start_time = 1682006316778843
I0420 15:58:36.784645 Main        (1913832) /home/lgw/Lumine-benchmarks/Experiments/09/src/0_start/start.cpp:86] req_id = 1380013, start_time = 1682006316782364
I0420 15:58:36.788651 Main        (1913832) /home/lgw/Lumine-benchmarks/Experiments/09/src/0_start/start.cpp:86] req_id = 1560013, start_time = 1682006316786041
I0420 15:58:36.792827 Main        (1913832) /home/lgw/Lumine-benchmarks/Experiments/09/src/0_start/start.cpp:86] req_id = 1380014, start_time = 1682006316790051
I0420 15:58:36.796893 Main        (1913832) /home/lgw/Lumine-benchmarks/Experiments/09/src/0_start/start.cpp:86] req_id = 2100013, start_time = 1682006316794326
I0420 15:58:36.800318 Main        (1913832) /home/lgw/Lumine-benchmarks/Experiments/09/src/0_start/start.cpp:86] req_id = 1920014, start_time = 1682006316798449
I0420 15:58:36.805082 Main        (1913832) /home/lgw/Lumine-benchmarks/Experiments/09/src/0_start/start.cpp:86] req_id = 2160014, start_time = 1682006316803392
I0420 15:58:36.809500 Main        (1913832) /home/lgw/Lumine-benchmarks/Experiments/09/src/0_start/start.cpp:86] req_id = 2400014, start_time = 1682006316807556
I0420 15:58:36.813381 Main        (1913832) /home/lgw/Lumine-benchmarks/Experiments/09/src/0_start/start.cpp:86] req_id = 2700014, start_time = 1682006316811498
I0420 15:58:38.768248 Main        (1913832) /home/lgw/Lumine-benchmarks/Experiments/09/src/0_start/start.cpp:86] req_id = 360015, start_time = 1682006318765764
I0420 15:58:38.773748 Main        (1913832) /home/lgw/Lumine-benchmarks/Experiments/09/src/0_start/start.cpp:86] req_id = 600015, start_time = 1682006318770401
I0420 15:58:38.778873 Main        (1913832) /home/lgw/Lumine-benchmarks/Experiments/09/src/0_start/start.cpp:86] req_id = 420016, start_time = 1682006318775217
I0420 15:58:38.782434 Main        (1913832) /home/lgw/Lumine-benchmarks/Experiments/09/src/0_start/start.cpp:86] req_id = 720016, start_time = 1682006318780346
I0420 15:58:38.785341 Main        (1913832) /home/lgw/Lumine-benchmarks/Experiments/09/src/0_start/start.cpp:86] req_id = 960016, start_time = 1682006318783652
I0420 15:58:38.788263 Main        (1913832) /home/lgw/Lumine-benchmarks/Experiments/09/src/0_start/start.cpp:86] req_id = 1260016, start_time = 1682006318786502
I0420 15:58:38.791041 Main        (1913832) /home/lgw/Lumine-benchmarks/Experiments/09/src/0_start/start.cpp:86] req_id = 1860015, start_time = 1682006318789441
I0420 15:58:38.794589 Main        (1913832) /home/lgw/Lumine-benchmarks/Experiments/09/src/0_start/start.cpp:86] req_id = 2100015, start_time = 1682006318792655
I0420 15:58:38.798285 Main        (1913832) /home/lgw/Lumine-benchmarks/Experiments/09/src/0_start/start.cpp:86] req_id = 1920016, start_time = 1682006318796815
I0420 15:58:38.802823 Main        (1913832) /home/lgw/Lumine-benchmarks/Experiments/09/src/0_start/start.cpp:86] req_id = 2640015, start_time = 1682006318800653
I0420 15:58:38.806509 Main        (1913832) /home/lgw/Lumine-benchmarks/Experiments/09/src/0_start/start.cpp:86] req_id = 2400016, start_time = 1682006318805146
I0420 15:58:38.810081 Main        (1913832) /home/lgw/Lumine-benchmarks/Experiments/09/src/0_start/start.cpp:86] req_id = 3000015, start_time = 1682006318808581
I0420 15:58:38.813986 Main        (1913832) /home/lgw/Lumine-benchmarks/Experiments/09/src/0_start/start.cpp:86] req_id = 3000016, start_time = 1682006318812294
I0420 15:58:40.764425 Main        (1913832) /home/lgw/Lumine-benchmarks/Experiments/09/src/0_start/start.cpp:86] req_id = 120017, start_time = 1682006320762928
I0420 15:58:40.768095 Main        (1913832) /home/lgw/Lumine-benchmarks/Experiments/09/src/0_start/start.cpp:86] req_id = 420017, start_time = 1682006320766003
I0420 15:58:40.772142 Main        (1913832) /home/lgw/Lumine-benchmarks/Experiments/09/src/0_start/start.cpp:86] req_id = 240018, start_time = 1682006320769977
I0420 15:58:40.776297 Main        (1913832) /home/lgw/Lumine-benchmarks/Experiments/09/src/0_start/start.cpp:86] req_id = 900017, start_time = 1682006320773623
I0420 15:58:40.779241 Main        (1913832) /home/lgw/Lumine-benchmarks/Experiments/09/src/0_start/start.cpp:86] req_id = 1140017, start_time = 1682006320777450
I0420 15:58:40.782549 Main        (1913832) /home/lgw/Lumine-benchmarks/Experiments/09/src/0_start/start.cpp:86] req_id = 1020018, start_time = 1682006320780919
I0420 15:58:40.785843 Main        (1913832) /home/lgw/Lumine-benchmarks/Experiments/09/src/0_start/start.cpp:86] req_id = 1680017, start_time = 1682006320784290
I0420 15:58:40.789273 Main        (1913832) /home/lgw/Lumine-benchmarks/Experiments/09/src/0_start/start.cpp:86] req_id = 1920017, start_time = 1682006320787580
I0420 15:58:40.793422 Main        (1913832) /home/lgw/Lumine-benchmarks/Experiments/09/src/0_start/start.cpp:86] req_id = 1740018, start_time = 1682006320792017
I0420 15:58:40.798042 Main        (1913832) /home/lgw/Lumine-benchmarks/Experiments/09/src/0_start/start.cpp:86] req_id = 1980018, start_time = 1682006320796652
I0420 15:58:40.801948 Main        (1913832) /home/lgw/Lumine-benchmarks/Experiments/09/src/0_start/start.cpp:86] req_id = 2220018, start_time = 1682006320800485
I0420 15:58:40.805949 Main        (1913832) /home/lgw/Lumine-benchmarks/Experiments/09/src/0_start/start.cpp:86] req_id = 2880017, start_time = 1682006320804582
I0420 15:58:40.810376 Main        (1913832) /home/lgw/Lumine-benchmarks/Experiments/09/src/0_start/start.cpp:86] req_id = 2700018, start_time = 1682006320808277
I0420 15:58:42.766558 Main        (1913832) /home/lgw/Lumine-benchmarks/Experiments/09/src/0_start/start.cpp:86] req_id = 240019, start_time = 1682006322764481
I0420 15:58:42.775482 Main        (1913832) /home/lgw/Lumine-benchmarks/Experiments/09/src/0_start/start.cpp:86] req_id = 600019, start_time = 1682006322768193
I0420 15:58:42.780164 Main        (1913832) /home/lgw/Lumine-benchmarks/Experiments/09/src/0_start/start.cpp:86] req_id = 1080019, start_time = 1682006322777356
I0420 15:58:42.783644 Main        (1913832) /home/lgw/Lumine-benchmarks/Experiments/09/src/0_start/start.cpp:86] req_id = 1320019, start_time = 1682006322781231
I0420 15:58:42.787392 Main        (1913832) /home/lgw/Lumine-benchmarks/Experiments/09/src/0_start/start.cpp:86] req_id = 1140020, start_time = 1682006322784658
I0420 15:58:42.790501 Main        (1913832) /home/lgw/Lumine-benchmarks/Experiments/09/src/0_start/start.cpp:86] req_id = 1860019, start_time = 1682006322788572
I0420 15:58:42.794037 Main        (1913832) /home/lgw/Lumine-benchmarks/Experiments/09/src/0_start/start.cpp:86] req_id = 2040019, start_time = 1682006322792099
I0420 15:58:42.797809 Main        (1913832) /home/lgw/Lumine-benchmarks/Experiments/09/src/0_start/start.cpp:86] req_id = 1860020, start_time = 1682006322796360
I0420 15:58:42.801599 Main        (1913832) /home/lgw/Lumine-benchmarks/Experiments/09/src/0_start/start.cpp:86] req_id = 2520019, start_time = 1682006322800064
I0420 15:58:42.805345 Main        (1913832) /home/lgw/Lumine-benchmarks/Experiments/09/src/0_start/start.cpp:86] req_id = 2760019, start_time = 1682006322803759
I0420 15:58:42.809650 Main        (1913832) /home/lgw/Lumine-benchmarks/Experiments/09/src/0_start/start.cpp:86] req_id = 3000019, start_time = 1682006322808081
I0420 15:58:44.768711 Main        (1913832) /home/lgw/Lumine-benchmarks/Experiments/09/src/0_start/start.cpp:86] req_id = 480021, start_time = 1682006324766938
I0420 15:58:44.772304 Main        (1913832) /home/lgw/Lumine-benchmarks/Experiments/09/src/0_start/start.cpp:86] req_id = 720021, start_time = 1682006324770179
I0420 15:58:44.776242 Main        (1913832) /home/lgw/Lumine-benchmarks/Experiments/09/src/0_start/start.cpp:86] req_id = 540022, start_time = 1682006324773596
I0420 15:58:44.779717 Main        (1913832) /home/lgw/Lumine-benchmarks/Experiments/09/src/0_start/start.cpp:86] req_id = 840022, start_time = 1682006324777659
I0420 15:58:44.783782 Main        (1913832) /home/lgw/Lumine-benchmarks/Experiments/09/src/0_start/start.cpp:86] req_id = 1500021, start_time = 1682006324781642
I0420 15:58:44.787562 Main        (1913832) /home/lgw/Lumine-benchmarks/Experiments/09/src/0_start/start.cpp:86] req_id = 1680021, start_time = 1682006324785204
I0420 15:58:44.791056 Main        (1913832) /home/lgw/Lumine-benchmarks/Experiments/09/src/0_start/start.cpp:86] req_id = 1440022, start_time = 1682006324789115
I0420 15:58:44.793972 Main        (1913832) /home/lgw/Lumine-benchmarks/Experiments/09/src/0_start/start.cpp:86] req_id = 2160021, start_time = 1682006324792399
I0420 15:58:44.797350 Main        (1913832) /home/lgw/Lumine-benchmarks/Experiments/09/src/0_start/start.cpp:86] req_id = 1920022, start_time = 1682006324795750
I0420 15:58:44.802266 Main        (1913832) /home/lgw/Lumine-benchmarks/Experiments/09/src/0_start/start.cpp:86] req_id = 2640021, start_time = 1682006324800834
I0420 15:58:44.807578 Main        (1913832) /home/lgw/Lumine-benchmarks/Experiments/09/src/0_start/start.cpp:86] req_id = 2880021, start_time = 1682006324806313
I0420 15:58:44.813754 Main        (1913832) /home/lgw/Lumine-benchmarks/Experiments/09/src/0_start/start.cpp:86] req_id = 3000021, start_time = 1682006324812428
I0420 15:58:46.767950 Main        (1913832) /home/lgw/Lumine-benchmarks/Experiments/09/src/0_start/start.cpp:86] req_id = 360023, start_time = 1682006326765675
I0420 15:58:46.773511 Main        (1913832) /home/lgw/Lumine-benchmarks/Experiments/09/src/0_start/start.cpp:86] req_id = 660023, start_time = 1682006326770615
I0420 15:58:46.776884 Main        (1913832) /home/lgw/Lumine-benchmarks/Experiments/09/src/0_start/start.cpp:86] req_id = 840023, start_time = 1682006326774866
I0420 15:58:46.780761 Main        (1913832) /home/lgw/Lumine-benchmarks/Experiments/09/src/0_start/start.cpp:86] req_id = 1080023, start_time = 1682006326778158
I0420 15:58:46.784416 Main        (1913832) /home/lgw/Lumine-benchmarks/Experiments/09/src/0_start/start.cpp:86] req_id = 900024, start_time = 1682006326782275
I0420 15:58:46.787925 Main        (1913832) /home/lgw/Lumine-benchmarks/Experiments/09/src/0_start/start.cpp:86] req_id = 1620023, start_time = 1682006326785734
I0420 15:58:46.790675 Main        (1913832) /home/lgw/Lumine-benchmarks/Experiments/09/src/0_start/start.cpp:86] req_id = 1740023, start_time = 1682006326789151
I0420 15:58:46.795033 Main        (1913832) /home/lgw/Lumine-benchmarks/Experiments/09/src/0_start/start.cpp:86] req_id = 1680024, start_time = 1682006326792226
I0420 15:58:46.798960 Main        (1913832) /home/lgw/Lumine-benchmarks/Experiments/09/src/0_start/start.cpp:86] req_id = 1860024, start_time = 1682006326797638
I0420 15:58:46.802917 Main        (1913832) /home/lgw/Lumine-benchmarks/Experiments/09/src/0_start/start.cpp:86] req_id = 2520023, start_time = 1682006326801506
I0420 15:58:46.807536 Main        (1913832) /home/lgw/Lumine-benchmarks/Experiments/09/src/0_start/start.cpp:86] req_id = 2760023, start_time = 1682006326805713
I0420 15:58:46.811960 Main        (1913832) /home/lgw/Lumine-benchmarks/Experiments/09/src/0_start/start.cpp:86] req_id = 3000023, start_time = 1682006326810152
I0420 15:58:48.770279 Main        (1913832) /home/lgw/Lumine-benchmarks/Experiments/09/src/0_start/start.cpp:86] req_id = 60027, start_time = 1682006328768466
I0420 15:58:48.773871 Main        (1913832) /home/lgw/Lumine-benchmarks/Experiments/09/src/0_start/start.cpp:86] req_id = 300026, start_time = 1682006328771857
I0420 15:58:48.780068 Main        (1913832) /home/lgw/Lumine-benchmarks/Experiments/09/src/0_start/start.cpp:86] req_id = 1080025, start_time = 1682006328775757
I0420 15:58:48.784281 Main        (1913832) /home/lgw/Lumine-benchmarks/Experiments/09/src/0_start/start.cpp:86] req_id = 780026, start_time = 1682006328781804
I0420 15:58:48.787486 Main        (1913832) /home/lgw/Lumine-benchmarks/Experiments/09/src/0_start/start.cpp:86] req_id = 1500025, start_time = 1682006328785491
I0420 15:58:48.791268 Main        (1913832) /home/lgw/Lumine-benchmarks/Experiments/09/src/0_start/start.cpp:86] req_id = 1740025, start_time = 1682006328788881
I0420 15:58:48.794792 Main        (1913832) /home/lgw/Lumine-benchmarks/Experiments/09/src/0_start/start.cpp:86] req_id = 1980025, start_time = 1682006328792888
I0420 15:58:48.798547 Main        (1913832) /home/lgw/Lumine-benchmarks/Experiments/09/src/0_start/start.cpp:86] req_id = 2220025, start_time = 1682006328796255
I0420 15:58:48.801827 Main        (1913832) /home/lgw/Lumine-benchmarks/Experiments/09/src/0_start/start.cpp:86] req_id = 2400025, start_time = 1682006328800364
I0420 15:58:48.804526 Main        (1913832) /home/lgw/Lumine-benchmarks/Experiments/09/src/0_start/start.cpp:86] req_id = 2520025, start_time = 1682006328803263
I0420 15:58:48.808404 Main        (1913832) /home/lgw/Lumine-benchmarks/Experiments/09/src/0_start/start.cpp:86] req_id = 2340026, start_time = 1682006328806539
I0420 15:58:48.812274 Main        (1913832) /home/lgw/Lumine-benchmarks/Experiments/09/src/0_start/start.cpp:86] req_id = 2640026, start_time = 1682006328810378
I0420 15:58:50.768718 Main        (1913832) /home/lgw/Lumine-benchmarks/Experiments/09/src/0_start/start.cpp:86] req_id = 480027, start_time = 1682006330767096
I0420 15:58:50.772203 Main        (1913832) /home/lgw/Lumine-benchmarks/Experiments/09/src/0_start/start.cpp:86] req_id = 180028, start_time = 1682006330770103
I0420 15:58:50.775409 Main        (1913832) /home/lgw/Lumine-benchmarks/Experiments/09/src/0_start/start.cpp:86] req_id = 960027, start_time = 1682006330773950
I0420 15:58:50.778271 Main        (1913832) /home/lgw/Lumine-benchmarks/Experiments/09/src/0_start/start.cpp:86] req_id = 1140027, start_time = 1682006330776567
I0420 15:58:50.781338 Main        (1913832) /home/lgw/Lumine-benchmarks/Experiments/09/src/0_start/start.cpp:86] req_id = 1320027, start_time = 1682006330779621
I0420 15:58:50.784389 Main        (1913832) /home/lgw/Lumine-benchmarks/Experiments/09/src/0_start/start.cpp:86] req_id = 1140028, start_time = 1682006330782948
I0420 15:58:50.788311 Main        (1913832) /home/lgw/Lumine-benchmarks/Experiments/09/src/0_start/start.cpp:86] req_id = 1500028, start_time = 1682006330786148
I0420 15:58:50.791710 Main        (1913832) /home/lgw/Lumine-benchmarks/Experiments/09/src/0_start/start.cpp:86] req_id = 1740028, start_time = 1682006330789561
I0420 15:58:50.795950 Main        (1913832) /home/lgw/Lumine-benchmarks/Experiments/09/src/0_start/start.cpp:86] req_id = 2400027, start_time = 1682006330794702
I0420 15:58:50.801359 Main        (1913832) /home/lgw/Lumine-benchmarks/Experiments/09/src/0_start/start.cpp:86] req_id = 2580027, start_time = 1682006330799921
I0420 15:58:50.806420 Main        (1913832) /home/lgw/Lumine-benchmarks/Experiments/09/src/0_start/start.cpp:86] req_id = 2820027, start_time = 1682006330805150
I0420 15:58:50.811601 Main        (1913832) /home/lgw/Lumine-benchmarks/Experiments/09/src/0_start/start.cpp:86] req_id = 2640028, start_time = 1682006330810210
I0420 15:58:52.770160 Main        (1913832) /home/lgw/Lumine-benchmarks/Experiments/09/src/0_start/start.cpp:86] req_id = 600029, start_time = 1682006332767850
I0420 15:58:52.774561 Main        (1913832) /home/lgw/Lumine-benchmarks/Experiments/09/src/0_start/start.cpp:86] req_id = 360030, start_time = 1682006332771451
I0420 15:58:52.777938 Main        (1913832) /home/lgw/Lumine-benchmarks/Experiments/09/src/0_start/start.cpp:86] req_id = 1020029, start_time = 1682006332775688
I0420 15:58:52.781447 Main        (1913832) /home/lgw/Lumine-benchmarks/Experiments/09/src/0_start/start.cpp:86] req_id = 1320029, start_time = 1682006332779458
I0420 15:58:52.784353 Main        (1913832) /home/lgw/Lumine-benchmarks/Experiments/09/src/0_start/start.cpp:86] req_id = 1140030, start_time = 1682006332782609
I0420 15:58:52.788465 Main        (1913832) /home/lgw/Lumine-benchmarks/Experiments/09/src/0_start/start.cpp:86] req_id = 1380030, start_time = 1682006332786098
I0420 15:58:52.791742 Main        (1913832) /home/lgw/Lumine-benchmarks/Experiments/09/src/0_start/start.cpp:86] req_id = 2040029, start_time = 1682006332789671
I0420 15:58:52.794359 Main        (1913832) /home/lgw/Lumine-benchmarks/Experiments/09/src/0_start/start.cpp:86] req_id = 2220029, start_time = 1682006332792949
I0420 15:58:52.797629 Main        (1913832) /home/lgw/Lumine-benchmarks/Experiments/09/src/0_start/start.cpp:86] req_id = 2520029, start_time = 1682006332795797
I0420 15:58:52.801169 Main        (1913832) /home/lgw/Lumine-benchmarks/Experiments/09/src/0_start/start.cpp:86] req_id = 2700029, start_time = 1682006332798986
I0420 15:58:52.803709 Main        (1913832) /home/lgw/Lumine-benchmarks/Experiments/09/src/0_start/start.cpp:86] req_id = 2940029, start_time = 1682006332802346
I0420 15:58:52.807170 Main        (1913832) /home/lgw/Lumine-benchmarks/Experiments/09/src/0_start/start.cpp:86] req_id = 2940030, start_time = 1682006332805598
I0420 15:58:54.765945 Main        (1913832) /home/lgw/Lumine-benchmarks/Experiments/09/src/0_start/start.cpp:86] req_id = 240031, start_time = 1682006334764530
I0420 15:58:54.768972 Main        (1913832) /home/lgw/Lumine-benchmarks/Experiments/09/src/0_start/start.cpp:86] req_id = 480031, start_time = 1682006334767407
I0420 15:58:54.772391 Main        (1913832) /home/lgw/Lumine-benchmarks/Experiments/09/src/0_start/start.cpp:86] req_id = 720031, start_time = 1682006334770146
I0420 15:58:54.776527 Main        (1913832) /home/lgw/Lumine-benchmarks/Experiments/09/src/0_start/start.cpp:86] req_id = 900031, start_time = 1682006334773564
I0420 15:58:54.779373 Main        (1913832) /home/lgw/Lumine-benchmarks/Experiments/09/src/0_start/start.cpp:86] req_id = 720032, start_time = 1682006334777599
I0420 15:58:54.783746 Main        (1913832) /home/lgw/Lumine-benchmarks/Experiments/09/src/0_start/start.cpp:86] req_id = 960032, start_time = 1682006334780555
I0420 15:58:54.786652 Main        (1913832) /home/lgw/Lumine-benchmarks/Experiments/09/src/0_start/start.cpp:86] req_id = 1620031, start_time = 1682006334785029
I0420 15:58:54.789312 Main        (1913832) /home/lgw/Lumine-benchmarks/Experiments/09/src/0_start/start.cpp:86] req_id = 1860031, start_time = 1682006334787767
I0420 15:58:54.793286 Main        (1913832) /home/lgw/Lumine-benchmarks/Experiments/09/src/0_start/start.cpp:86] req_id = 2100031, start_time = 1682006334791170
I0420 15:58:54.807801 Main        (1913832) /home/lgw/Lumine-benchmarks/Experiments/09/src/0_start/start.cpp:86] req_id = 1860032, start_time = 1682006334795370
I0420 15:58:54.811630 Main        (1913832) /home/lgw/Lumine-benchmarks/Experiments/09/src/0_start/start.cpp:86] req_id = 2160032, start_time = 1682006334809960
I0420 15:58:54.815470 Main        (1913832) /home/lgw/Lumine-benchmarks/Experiments/09/src/0_start/start.cpp:86] req_id = 2880031, start_time = 1682006334813511
I0420 15:58:54.820060 Main        (1913832) /home/lgw/Lumine-benchmarks/Experiments/09/src/0_start/start.cpp:86] req_id = 2760032, start_time = 1682006334818380
I0420 15:58:56.768681 Main        (1913832) /home/lgw/Lumine-benchmarks/Experiments/09/src/0_start/start.cpp:86] req_id = 420033, start_time = 1682006336766742
I0420 15:58:56.773381 Main        (1913832) /home/lgw/Lumine-benchmarks/Experiments/09/src/0_start/start.cpp:86] req_id = 720033, start_time = 1682006336770327
I0420 15:58:56.777758 Main        (1913832) /home/lgw/Lumine-benchmarks/Experiments/09/src/0_start/start.cpp:86] req_id = 420034, start_time = 1682006336774746
I0420 15:58:56.780726 Main        (1913832) /home/lgw/Lumine-benchmarks/Experiments/09/src/0_start/start.cpp:86] req_id = 720034, start_time = 1682006336778833
I0420 15:58:56.783562 Main        (1913832) /home/lgw/Lumine-benchmarks/Experiments/09/src/0_start/start.cpp:86] req_id = 1320033, start_time = 1682006336782368
I0420 15:58:56.786669 Main        (1913832) /home/lgw/Lumine-benchmarks/Experiments/09/src/0_start/start.cpp:86] req_id = 1140034, start_time = 1682006336785226
I0420 15:58:56.789934 Main        (1913832) /home/lgw/Lumine-benchmarks/Experiments/09/src/0_start/start.cpp:86] req_id = 1740033, start_time = 1682006336787879
I0420 15:58:56.793041 Main        (1913832) /home/lgw/Lumine-benchmarks/Experiments/09/src/0_start/start.cpp:86] req_id = 1560034, start_time = 1682006336791122
I0420 15:58:56.796043 Main        (1913832) /home/lgw/Lumine-benchmarks/Experiments/09/src/0_start/start.cpp:86] req_id = 2220033, start_time = 1682006336794570
I0420 15:58:56.799970 Main        (1913832) /home/lgw/Lumine-benchmarks/Experiments/09/src/0_start/start.cpp:86] req_id = 2460033, start_time = 1682006336798109
I0420 15:58:56.803769 Main        (1913832) /home/lgw/Lumine-benchmarks/Experiments/09/src/0_start/start.cpp:86] req_id = 2700033, start_time = 1682006336801345
I0420 15:58:56.806983 Main        (1913832) /home/lgw/Lumine-benchmarks/Experiments/09/src/0_start/start.cpp:86] req_id = 2820033, start_time = 1682006336805564
I0420 15:58:56.811336 Main        (1913832) /home/lgw/Lumine-benchmarks/Experiments/09/src/0_start/start.cpp:86] req_id = 2760034, start_time = 1682006336809785
I0420 15:58:58.767928 Main        (1913832) /home/lgw/Lumine-benchmarks/Experiments/09/src/0_start/start.cpp:86] req_id = 360035, start_time = 1682006338766271
I0420 15:58:58.770748 Main        (1913832) /home/lgw/Lumine-benchmarks/Experiments/09/src/0_start/start.cpp:86] req_id = 660035, start_time = 1682006338768990
I0420 15:58:58.775029 Main        (1913832) /home/lgw/Lumine-benchmarks/Experiments/09/src/0_start/start.cpp:86] req_id = 900035, start_time = 1682006338772301
I0420 15:58:58.778289 Main        (1913832) /home/lgw/Lumine-benchmarks/Experiments/09/src/0_start/start.cpp:86] req_id = 1200035, start_time = 1682006338776164
I0420 15:58:58.782786 Main        (1913832) /home/lgw/Lumine-benchmarks/Experiments/09/src/0_start/start.cpp:86] req_id = 960036, start_time = 1682006338780419
I0420 15:58:58.786536 Main        (1913832) /home/lgw/Lumine-benchmarks/Experiments/09/src/0_start/start.cpp:86] req_id = 1620035, start_time = 1682006338783874
I0420 15:58:58.789969 Main        (1913832) /home/lgw/Lumine-benchmarks/Experiments/09/src/0_start/start.cpp:86] req_id = 1380036, start_time = 1682006338787801
I0420 15:58:58.793381 Main        (1913832) /home/lgw/Lumine-benchmarks/Experiments/09/src/0_start/start.cpp:86] req_id = 2100035, start_time = 1682006338791607
I0420 15:58:58.797219 Main        (1913832) /home/lgw/Lumine-benchmarks/Experiments/09/src/0_start/start.cpp:86] req_id = 1920036, start_time = 1682006338795497
I0420 15:58:58.800437 Main        (1913832) /home/lgw/Lumine-benchmarks/Experiments/09/src/0_start/start.cpp:86] req_id = 2520035, start_time = 1682006338798936
I0420 15:58:58.804657 Main        (1913832) /home/lgw/Lumine-benchmarks/Experiments/09/src/0_start/start.cpp:86] req_id = 2280036, start_time = 1682006338802452
I0420 15:58:58.808332 Main        (1913832) /home/lgw/Lumine-benchmarks/Experiments/09/src/0_start/start.cpp:86] req_id = 3000035, start_time = 1682006338806404
I0420 15:59:00.771687 Main        (1913832) /home/lgw/Lumine-benchmarks/Experiments/09/src/0_start/start.cpp:86] req_id = 180038, start_time = 1682006340769111
I0420 15:59:00.774988 Main        (1913832) /home/lgw/Lumine-benchmarks/Experiments/09/src/0_start/start.cpp:86] req_id = 480038, start_time = 1682006340773134
I0420 15:59:00.778405 Main        (1913832) /home/lgw/Lumine-benchmarks/Experiments/09/src/0_start/start.cpp:86] req_id = 1140037, start_time = 1682006340776897
I0420 15:59:00.780938 Main        (1913832) /home/lgw/Lumine-benchmarks/Experiments/09/src/0_start/start.cpp:86] req_id = 1380037, start_time = 1682006340779581
I0420 15:59:00.783063 Main        (1913832) /home/lgw/Lumine-benchmarks/Experiments/09/src/0_start/start.cpp:86] req_id = 1080038, start_time = 1682006340782086
I0420 15:59:00.785822 Main        (1913832) /home/lgw/Lumine-benchmarks/Experiments/09/src/0_start/start.cpp:86] req_id = 1620037, start_time = 1682006340784295
I0420 15:59:00.788382 Main        (1913832) /home/lgw/Lumine-benchmarks/Experiments/09/src/0_start/start.cpp:86] req_id = 1440038, start_time = 1682006340787040
I0420 15:59:00.791688 Main        (1913832) /home/lgw/Lumine-benchmarks/Experiments/09/src/0_start/start.cpp:86] req_id = 2160037, start_time = 1682006340789895
I0420 15:59:00.795865 Main        (1913832) /home/lgw/Lumine-benchmarks/Experiments/09/src/0_start/start.cpp:86] req_id = 2400037, start_time = 1682006340794193
I0420 15:59:00.800432 Main        (1913832) /home/lgw/Lumine-benchmarks/Experiments/09/src/0_start/start.cpp:86] req_id = 2160038, start_time = 1682006340798910
I0420 15:59:00.805772 Main        (1913832) /home/lgw/Lumine-benchmarks/Experiments/09/src/0_start/start.cpp:86] req_id = 2460038, start_time = 1682006340803787
I0420 15:59:00.810401 Main        (1913832) /home/lgw/Lumine-benchmarks/Experiments/09/src/0_start/start.cpp:86] req_id = 2940038, start_time = 1682006340808802
I0420 15:59:02.767011 Main        (1913832) /home/lgw/Lumine-benchmarks/Experiments/09/src/0_start/start.cpp:86] req_id = 300039, start_time = 1682006342765114
I0420 15:59:02.772286 Main        (1913832) /home/lgw/Lumine-benchmarks/Experiments/09/src/0_start/start.cpp:86] req_id = 240040, start_time = 1682006342769897
I0420 15:59:02.776361 Main        (1913832) /home/lgw/Lumine-benchmarks/Experiments/09/src/0_start/start.cpp:86] req_id = 840039, start_time = 1682006342773766
I0420 15:59:02.778992 Main        (1913832) /home/lgw/Lumine-benchmarks/Experiments/09/src/0_start/start.cpp:86] req_id = 1080039, start_time = 1682006342777625
I0420 15:59:02.782971 Main        (1913832) /home/lgw/Lumine-benchmarks/Experiments/09/src/0_start/start.cpp:86] req_id = 1320039, start_time = 1682006342780660
I0420 15:59:02.786628 Main        (1913832) /home/lgw/Lumine-benchmarks/Experiments/09/src/0_start/start.cpp:86] req_id = 1140040, start_time = 1682006342784405
I0420 15:59:02.790333 Main        (1913832) /home/lgw/Lumine-benchmarks/Experiments/09/src/0_start/start.cpp:86] req_id = 1800039, start_time = 1682006342788201
I0420 15:59:02.793858 Main        (1913832) /home/lgw/Lumine-benchmarks/Experiments/09/src/0_start/start.cpp:86] req_id = 1740040, start_time = 1682006342792005
I0420 15:59:02.797456 Main        (1913832) /home/lgw/Lumine-benchmarks/Experiments/09/src/0_start/start.cpp:86] req_id = 2400039, start_time = 1682006342795772
I0420 15:59:02.801035 Main        (1913832) /home/lgw/Lumine-benchmarks/Experiments/09/src/0_start/start.cpp:86] req_id = 2160040, start_time = 1682006342799160
I0420 15:59:02.803849 Main        (1913832) /home/lgw/Lumine-benchmarks/Experiments/09/src/0_start/start.cpp:86] req_id = 2820039, start_time = 1682006342802452
I0420 15:59:02.807561 Main        (1913832) /home/lgw/Lumine-benchmarks/Experiments/09/src/0_start/start.cpp:86] req_id = 3000039, start_time = 1682006342805573
I0420 15:59:04.771318 Main        (1913832) /home/lgw/Lumine-benchmarks/Experiments/09/src/0_start/start.cpp:86] req_id = 540041, start_time = 1682006344768469
I0420 15:59:04.774649 Main        (1913832) /home/lgw/Lumine-benchmarks/Experiments/09/src/0_start/start.cpp:86] req_id = 840041, start_time = 1682006344772505
I0420 15:59:04.785373 Main        (1913832) /home/lgw/Lumine-benchmarks/Experiments/09/src/0_start/start.cpp:86] req_id = 1020041, start_time = 1682006344775846
I0420 15:59:04.790501 Main        (1913832) /home/lgw/Lumine-benchmarks/Experiments/09/src/0_start/start.cpp:86] req_id = 1380041, start_time = 1682006344787580
I0420 15:59:04.793594 Main        (1913832) /home/lgw/Lumine-benchmarks/Experiments/09/src/0_start/start.cpp:86] req_id = 1260042, start_time = 1682006344791974
I0420 15:59:04.796797 Main        (1913832) /home/lgw/Lumine-benchmarks/Experiments/09/src/0_start/start.cpp:86] req_id = 1860041, start_time = 1682006344795197
I0420 15:59:04.800084 Main        (1913832) /home/lgw/Lumine-benchmarks/Experiments/09/src/0_start/start.cpp:86] req_id = 1560042, start_time = 1682006344798157
I0420 15:59:04.802992 Main        (1913832) /home/lgw/Lumine-benchmarks/Experiments/09/src/0_start/start.cpp:86] req_id = 1800042, start_time = 1682006344801459
I0420 15:59:04.807321 Main        (1913832) /home/lgw/Lumine-benchmarks/Experiments/09/src/0_start/start.cpp:86] req_id = 2460041, start_time = 1682006344804830
I0420 15:59:04.811559 Main        (1913832) /home/lgw/Lumine-benchmarks/Experiments/09/src/0_start/start.cpp:86] req_id = 2280042, start_time = 1682006344808938
I0420 15:59:04.815416 Main        (1913832) /home/lgw/Lumine-benchmarks/Experiments/09/src/0_start/start.cpp:86] req_id = 2940041, start_time = 1682006344813315
I0420 15:59:04.818609 Main        (1913832) /home/lgw/Lumine-benchmarks/Experiments/09/src/0_start/start.cpp:86] req_id = 2880042, start_time = 1682006344816995
I0420 15:59:06.767189 Main        (1913832) /home/lgw/Lumine-benchmarks/Experiments/09/src/0_start/start.cpp:86] req_id = 120043, start_time = 1682006346765384
I0420 15:59:06.771316 Main        (1913832) /home/lgw/Lumine-benchmarks/Experiments/09/src/0_start/start.cpp:86] req_id = 120044, start_time = 1682006346768908
I0420 15:59:06.775115 Main        (1913832) /home/lgw/Lumine-benchmarks/Experiments/09/src/0_start/start.cpp:86] req_id = 360044, start_time = 1682006346772664
I0420 15:59:06.778404 Main        (1913832) /home/lgw/Lumine-benchmarks/Experiments/09/src/0_start/start.cpp:86] req_id = 1020043, start_time = 1682006346776610
I0420 15:59:06.782690 Main        (1913832) /home/lgw/Lumine-benchmarks/Experiments/09/src/0_start/start.cpp:86] req_id = 1260043, start_time = 1682006346780203
I0420 15:59:06.786170 Main        (1913832) /home/lgw/Lumine-benchmarks/Experiments/09/src/0_start/start.cpp:86] req_id = 1080044, start_time = 1682006346784077
I0420 15:59:06.789763 Main        (1913832) /home/lgw/Lumine-benchmarks/Experiments/09/src/0_start/start.cpp:86] req_id = 1320044, start_time = 1682006346787669
I0420 15:59:06.793083 Main        (1913832) /home/lgw/Lumine-benchmarks/Experiments/09/src/0_start/start.cpp:86] req_id = 1560044, start_time = 1682006346791374
I0420 15:59:06.795986 Main        (1913832) /home/lgw/Lumine-benchmarks/Experiments/09/src/0_start/start.cpp:86] req_id = 2220043, start_time = 1682006346794449
I0420 15:59:06.801657 Main        (1913832) /home/lgw/Lumine-benchmarks/Experiments/09/src/0_start/start.cpp:86] req_id = 1980044, start_time = 1682006346799507
I0420 15:59:06.807322 Main        (1913832) /home/lgw/Lumine-benchmarks/Experiments/09/src/0_start/start.cpp:86] req_id = 2220044, start_time = 1682006346805988
I0420 15:59:06.812728 Main        (1913832) /home/lgw/Lumine-benchmarks/Experiments/09/src/0_start/start.cpp:86] req_id = 2580044, start_time = 1682006346811130
I0420 15:59:06.817806 Main        (1913832) /home/lgw/Lumine-benchmarks/Experiments/09/src/0_start/start.cpp:86] req_id = 2940044, start_time = 1682006346816212
I0420 15:59:08.766586 Main        (1913832) /home/lgw/Lumine-benchmarks/Experiments/09/src/0_start/start.cpp:86] req_id = 240045, start_time = 1682006348764761
I0420 15:59:08.770856 Main        (1913832) /home/lgw/Lumine-benchmarks/Experiments/09/src/0_start/start.cpp:86] req_id = 600045, start_time = 1682006348768366
I0420 15:59:08.775563 Main        (1913832) /home/lgw/Lumine-benchmarks/Experiments/09/src/0_start/start.cpp:86] req_id = 840045, start_time = 1682006348772654
I0420 15:59:08.778970 Main        (1913832) /home/lgw/Lumine-benchmarks/Experiments/09/src/0_start/start.cpp:86] req_id = 600046, start_time = 1682006348776974
I0420 15:59:08.782273 Main        (1913832) /home/lgw/Lumine-benchmarks/Experiments/09/src/0_start/start.cpp:86] req_id = 1320045, start_time = 1682006348780491
I0420 15:59:08.785525 Main        (1913832) /home/lgw/Lumine-benchmarks/Experiments/09/src/0_start/start.cpp:86] req_id = 1500045, start_time = 1682006348783463
I0420 15:59:08.789590 Main        (1913832) /home/lgw/Lumine-benchmarks/Experiments/09/src/0_start/start.cpp:86] req_id = 1800045, start_time = 1682006348787243
I0420 15:59:08.793839 Main        (1913832) /home/lgw/Lumine-benchmarks/Experiments/09/src/0_start/start.cpp:86] req_id = 1980045, start_time = 1682006348791816
I0420 15:59:08.797617 Main        (1913832) /home/lgw/Lumine-benchmarks/Experiments/09/src/0_start/start.cpp:86] req_id = 1800046, start_time = 1682006348796055
I0420 15:59:08.801977 Main        (1913832) /home/lgw/Lumine-benchmarks/Experiments/09/src/0_start/start.cpp:86] req_id = 2100046, start_time = 1682006348800719
I0420 15:59:08.806926 Main        (1913832) /home/lgw/Lumine-benchmarks/Experiments/09/src/0_start/start.cpp:86] req_id = 2760045, start_time = 1682006348805486
I0420 15:59:08.812057 Main        (1913832) /home/lgw/Lumine-benchmarks/Experiments/09/src/0_start/start.cpp:86] req_id = 3000045, start_time = 1682006348810343
I0420 15:59:08.817171 Main        (1913832) /home/lgw/Lumine-benchmarks/Experiments/09/src/0_start/start.cpp:86] req_id = 2940046, start_time = 1682006348815622
I0420 15:59:10.764612 Main        (1913832) /home/lgw/Lumine-benchmarks/Experiments/09/src/0_start/start.cpp:86] req_id = 120047, start_time = 1682006350763086
I0420 15:59:10.769358 Main        (1913832) /home/lgw/Lumine-benchmarks/Experiments/09/src/0_start/start.cpp:86] req_id = 300047, start_time = 1682006350766581
I0420 15:59:10.773278 Main        (1913832) /home/lgw/Lumine-benchmarks/Experiments/09/src/0_start/start.cpp:86] req_id = 240048, start_time = 1682006350770635
I0420 15:59:10.780104 Main        (1913832) /home/lgw/Lumine-benchmarks/Experiments/09/src/0_start/start.cpp:86] req_id = 600048, start_time = 1682006350776851
I0420 15:59:10.782687 Main        (1913832) /home/lgw/Lumine-benchmarks/Experiments/09/src/0_start/start.cpp:86] req_id = 900048, start_time = 1682006350781157
I0420 15:59:10.785847 Main        (1913832) /home/lgw/Lumine-benchmarks/Experiments/09/src/0_start/start.cpp:86] req_id = 1560047, start_time = 1682006350784263
I0420 15:59:10.801648 Main        (1913832) /home/lgw/Lumine-benchmarks/Experiments/09/src/0_start/start.cpp:86] req_id = 1500048, start_time = 1682006350787414
I0420 15:59:10.807501 Main        (1913832) /home/lgw/Lumine-benchmarks/Experiments/09/src/0_start/start.cpp:86] req_id = 1740048, start_time = 1682006350802955
I0420 15:59:10.821539 Main        (1913832) /home/lgw/Lumine-benchmarks/Experiments/09/src/0_start/start.cpp:86] req_id = 2100048, start_time = 1682006350809068
I0420 15:59:10.825629 Main        (1913832) /home/lgw/Lumine-benchmarks/Experiments/09/src/0_start/start.cpp:86] req_id = 2760047, start_time = 1682006350823129
I0420 15:59:10.841184 Main        (1913832) /home/lgw/Lumine-benchmarks/Experiments/09/src/0_start/start.cpp:86] req_id = 2400048, start_time = 1682006350827154
I0420 15:59:10.845459 Main        (1913832) /home/lgw/Lumine-benchmarks/Experiments/09/src/0_start/start.cpp:86] req_id = 2580048, start_time = 1682006350842976
I0420 15:59:10.848176 Main        (1913832) /home/lgw/Lumine-benchmarks/Experiments/09/src/0_start/start.cpp:86] req_id = 3000048, start_time = 1682006350846729
I0420 15:59:12.763769 Main        (1913832) /home/lgw/Lumine-benchmarks/Experiments/09/src/0_start/start.cpp:86] req_id = 60050, start_time = 1682006352762316
I0420 15:59:12.767535 Main        (1913832) /home/lgw/Lumine-benchmarks/Experiments/09/src/0_start/start.cpp:86] req_id = 300049, start_time = 1682006352765719
I0420 15:59:12.771929 Main        (1913832) /home/lgw/Lumine-benchmarks/Experiments/09/src/0_start/start.cpp:86] req_id = 180050, start_time = 1682006352768975
I0420 15:59:12.788728 Main        (1913832) /home/lgw/Lumine-benchmarks/Experiments/09/src/0_start/start.cpp:86] req_id = 900049, start_time = 1682006352773309
I0420 15:59:12.793679 Main        (1913832) /home/lgw/Lumine-benchmarks/Experiments/09/src/0_start/start.cpp:86] req_id = 840050, start_time = 1682006352790946
I0420 15:59:12.798294 Main        (1913832) /home/lgw/Lumine-benchmarks/Experiments/09/src/0_start/start.cpp:86] req_id = 1380049, start_time = 1682006352795526
I0420 15:59:12.807546 Main        (1913832) /home/lgw/Lumine-benchmarks/Experiments/09/src/0_start/start.cpp:86] req_id = 1140050, start_time = 1682006352799685
I0420 15:59:12.817477 Main        (1913832) /home/lgw/Lumine-benchmarks/Experiments/09/src/0_start/start.cpp:86] req_id = 1440050, start_time = 1682006352809323
I0420 15:59:12.822562 Main        (1913832) /home/lgw/Lumine-benchmarks/Experiments/09/src/0_start/start.cpp:86] req_id = 1800050, start_time = 1682006352819780
I0420 15:59:12.826430 Main        (1913832) /home/lgw/Lumine-benchmarks/Experiments/09/src/0_start/start.cpp:86] req_id = 2100050, start_time = 1682006352823871
I0420 15:59:12.829996 Main        (1913832) /home/lgw/Lumine-benchmarks/Experiments/09/src/0_start/start.cpp:86] req_id = 2220050, start_time = 1682006352827814
I0420 15:59:12.837022 Main        (1913832) /home/lgw/Lumine-benchmarks/Experiments/09/src/0_start/start.cpp:86] req_id = 2940049, start_time = 1682006352831711
I0420 15:59:12.841188 Main        (1913832) /home/lgw/Lumine-benchmarks/Experiments/09/src/0_start/start.cpp:86] req_id = 3000050, start_time = 1682006352839651
I0420 15:59:14.766386 Main        (1913832) /home/lgw/Lumine-benchmarks/Experiments/09/src/0_start/start.cpp:86] req_id = 60052, start_time = 1682006354764339
I0420 15:59:14.770463 Main        (1913832) /home/lgw/Lumine-benchmarks/Experiments/09/src/0_start/start.cpp:86] req_id = 120052, start_time = 1682006354768685
I0420 15:59:14.774708 Main        (1913832) /home/lgw/Lumine-benchmarks/Experiments/09/src/0_start/start.cpp:86] req_id = 300052, start_time = 1682006354771784
I0420 15:59:14.777992 Main        (1913832) /home/lgw/Lumine-benchmarks/Experiments/09/src/0_start/start.cpp:86] req_id = 1020051, start_time = 1682006354776155
I0420 15:59:14.781450 Main        (1913832) /home/lgw/Lumine-benchmarks/Experiments/09/src/0_start/start.cpp:86] req_id = 1260051, start_time = 1682006354779531
I0420 15:59:14.784412 Main        (1913832) /home/lgw/Lumine-benchmarks/Experiments/09/src/0_start/start.cpp:86] req_id = 1080052, start_time = 1682006354782785
I0420 15:59:14.787694 Main        (1913832) /home/lgw/Lumine-benchmarks/Experiments/09/src/0_start/start.cpp:86] req_id = 1680051, start_time = 1682006354785417
I0420 15:59:14.790808 Main        (1913832) /home/lgw/Lumine-benchmarks/Experiments/09/src/0_start/start.cpp:86] req_id = 1440052, start_time = 1682006354788755
I0420 15:59:14.793775 Main        (1913832) /home/lgw/Lumine-benchmarks/Experiments/09/src/0_start/start.cpp:86] req_id = 2160051, start_time = 1682006354792379
I0420 15:59:14.798174 Main        (1913832) /home/lgw/Lumine-benchmarks/Experiments/09/src/0_start/start.cpp:86] req_id = 2460051, start_time = 1682006354796290
I0420 15:59:14.802334 Main        (1913832) /home/lgw/Lumine-benchmarks/Experiments/09/src/0_start/start.cpp:86] req_id = 2640051, start_time = 1682006354800009
I0420 15:59:14.806306 Main        (1913832) /home/lgw/Lumine-benchmarks/Experiments/09/src/0_start/start.cpp:86] req_id = 2880051, start_time = 1682006354803781
I0420 15:59:14.809526 Main        (1913832) /home/lgw/Lumine-benchmarks/Experiments/09/src/0_start/start.cpp:86] req_id = 2880052, start_time = 1682006354807725
I0420 15:59:16.766009 Main        (1913832) /home/lgw/Lumine-benchmarks/Experiments/09/src/0_start/start.cpp:86] req_id = 180053, start_time = 1682006356764114
I0420 15:59:16.772019 Main        (1913832) /home/lgw/Lumine-benchmarks/Experiments/09/src/0_start/start.cpp:86] req_id = 540053, start_time = 1682006356768636
I0420 15:59:16.775483 Main        (1913832) /home/lgw/Lumine-benchmarks/Experiments/09/src/0_start/start.cpp:86] req_id = 840053, start_time = 1682006356773476
I0420 15:59:16.778716 Main        (1913832) /home/lgw/Lumine-benchmarks/Experiments/09/src/0_start/start.cpp:86] req_id = 600054, start_time = 1682006356776517
I0420 15:59:16.782003 Main        (1913832) /home/lgw/Lumine-benchmarks/Experiments/09/src/0_start/start.cpp:86] req_id = 900054, start_time = 1682006356779853
I0420 15:59:16.786200 Main        (1913832) /home/lgw/Lumine-benchmarks/Experiments/09/src/0_start/start.cpp:86] req_id = 1260054, start_time = 1682006356784560
I0420 15:59:16.789188 Main        (1913832) /home/lgw/Lumine-benchmarks/Experiments/09/src/0_start/start.cpp:86] req_id = 1680053, start_time = 1682006356787571
I0420 15:59:16.791703 Main        (1913832) /home/lgw/Lumine-benchmarks/Experiments/09/src/0_start/start.cpp:86] req_id = 1860053, start_time = 1682006356790212
I0420 15:59:16.794797 Main        (1913832) /home/lgw/Lumine-benchmarks/Experiments/09/src/0_start/start.cpp:86] req_id = 2100053, start_time = 1682006356792787
I0420 15:59:16.798566 Main        (1913832) /home/lgw/Lumine-benchmarks/Experiments/09/src/0_start/start.cpp:86] req_id = 2280053, start_time = 1682006356796495
I0420 15:59:16.802148 Main        (1913832) /home/lgw/Lumine-benchmarks/Experiments/09/src/0_start/start.cpp:86] req_id = 2520053, start_time = 1682006356800558
I0420 15:59:16.805709 Main        (1913832) /home/lgw/Lumine-benchmarks/Experiments/09/src/0_start/start.cpp:86] req_id = 2340054, start_time = 1682006356803991
I0420 15:59:16.809089 Main        (1913832) /home/lgw/Lumine-benchmarks/Experiments/09/src/0_start/start.cpp:86] req_id = 2640054, start_time = 1682006356807422
I0420 15:59:18.768185 Main        (1913832) /home/lgw/Lumine-benchmarks/Experiments/09/src/0_start/start.cpp:86] req_id = 420055, start_time = 1682006358766744
I0420 15:59:18.771434 Main        (1913832) /home/lgw/Lumine-benchmarks/Experiments/09/src/0_start/start.cpp:86] req_id = 180056, start_time = 1682006358769609
I0420 15:59:18.775342 Main        (1913832) /home/lgw/Lumine-benchmarks/Experiments/09/src/0_start/start.cpp:86] req_id = 840055, start_time = 1682006358773193
I0420 15:59:18.781544 Main        (1913832) /home/lgw/Lumine-benchmarks/Experiments/09/src/0_start/start.cpp:86] req_id = 720056, start_time = 1682006358778151
I0420 15:59:18.785826 Main        (1913832) /home/lgw/Lumine-benchmarks/Experiments/09/src/0_start/start.cpp:86] req_id = 1020056, start_time = 1682006358783075
I0420 15:59:18.789102 Main        (1913832) /home/lgw/Lumine-benchmarks/Experiments/09/src/0_start/start.cpp:86] req_id = 1200056, start_time = 1682006358787033
I0420 15:59:18.792943 Main        (1913832) /home/lgw/Lumine-benchmarks/Experiments/09/src/0_start/start.cpp:86] req_id = 1920055, start_time = 1682006358791551
I0420 15:59:18.798644 Main        (1913832) /home/lgw/Lumine-benchmarks/Experiments/09/src/0_start/start.cpp:86] req_id = 1740056, start_time = 1682006358797095
I0420 15:59:18.804125 Main        (1913832) /home/lgw/Lumine-benchmarks/Experiments/09/src/0_start/start.cpp:86] req_id = 2400055, start_time = 1682006358802848
I0420 15:59:18.809070 Main        (1913832) /home/lgw/Lumine-benchmarks/Experiments/09/src/0_start/start.cpp:86] req_id = 2700055, start_time = 1682006358807450
I0420 15:59:18.814630 Main        (1913832) /home/lgw/Lumine-benchmarks/Experiments/09/src/0_start/start.cpp:86] req_id = 3000055, start_time = 1682006358813283
I0420 15:59:18.820174 Main        (1913832) /home/lgw/Lumine-benchmarks/Experiments/09/src/0_start/start.cpp:86] req_id = 2940056, start_time = 1682006358818549
I0420 15:59:20.765569 Main        (1913832) /home/lgw/Lumine-benchmarks/Experiments/09/src/0_start/start.cpp:86] req_id = 60058, start_time = 1682006360763847
I0420 15:59:20.769609 Main        (1913832) /home/lgw/Lumine-benchmarks/Experiments/09/src/0_start/start.cpp:86] req_id = 480057, start_time = 1682006360767317
I0420 15:59:20.772816 Main        (1913832) /home/lgw/Lumine-benchmarks/Experiments/09/src/0_start/start.cpp:86] req_id = 240058, start_time = 1682006360771033
I0420 15:59:20.776357 Main        (1913832) /home/lgw/Lumine-benchmarks/Experiments/09/src/0_start/start.cpp:86] req_id = 660058, start_time = 1682006360774048
I0420 15:59:20.780239 Main        (1913832) /home/lgw/Lumine-benchmarks/Experiments/09/src/0_start/start.cpp:86] req_id = 1200057, start_time = 1682006360777751
I0420 15:59:20.784175 Main        (1913832) /home/lgw/Lumine-benchmarks/Experiments/09/src/0_start/start.cpp:86] req_id = 1380057, start_time = 1682006360781710
I0420 15:59:20.788006 Main        (1913832) /home/lgw/Lumine-benchmarks/Experiments/09/src/0_start/start.cpp:86] req_id = 1680057, start_time = 1682006360785428
I0420 15:59:20.791760 Main        (1913832) /home/lgw/Lumine-benchmarks/Experiments/09/src/0_start/start.cpp:86] req_id = 1920057, start_time = 1682006360789434
I0420 15:59:20.796750 Main        (1913832) /home/lgw/Lumine-benchmarks/Experiments/09/src/0_start/start.cpp:86] req_id = 1740058, start_time = 1682006360794311
I0420 15:59:20.800931 Main        (1913832) /home/lgw/Lumine-benchmarks/Experiments/09/src/0_start/start.cpp:86] req_id = 2100058, start_time = 1682006360798960
I0420 15:59:20.804816 Main        (1913832) /home/lgw/Lumine-benchmarks/Experiments/09/src/0_start/start.cpp:86] req_id = 2760057, start_time = 1682006360803091
I0420 15:59:20.808430 Main        (1913832) /home/lgw/Lumine-benchmarks/Experiments/09/src/0_start/start.cpp:86] req_id = 3000057, start_time = 1682006360806831
I0420 15:59:20.812415 Main        (1913832) /home/lgw/Lumine-benchmarks/Experiments/09/src/0_start/start.cpp:86] req_id = 2880058, start_time = 1682006360810172
I0420 15:59:22.764836 Main        (1913832) /home/lgw/Lumine-benchmarks/Experiments/09/src/0_start/start.cpp:86] req_id = 120059, start_time = 1682006362763381
I0420 15:59:22.769238 Main        (1913832) /home/lgw/Lumine-benchmarks/Experiments/09/src/0_start/start.cpp:86] req_id = 420059, start_time = 1682006362767593
I0420 15:59:22.773532 Main        (1913832) /home/lgw/Lumine-benchmarks/Experiments/09/src/0_start/start.cpp:86] req_id = 720059, start_time = 1682006362770328
I0420 15:59:22.777594 Main        (1913832) /home/lgw/Lumine-benchmarks/Experiments/09/src/0_start/start.cpp:86] req_id = 420060, start_time = 1682006362775008
I0420 15:59:22.780760 Main        (1913832) /home/lgw/Lumine-benchmarks/Experiments/09/src/0_start/start.cpp:86] req_id = 1260059, start_time = 1682006362779443
I0420 15:59:22.787333 Main        (1913832) /home/lgw/Lumine-benchmarks/Experiments/09/src/0_start/start.cpp:86] req_id = 1080060, start_time = 1682006362782549
I0420 15:59:22.790537 Main        (1913832) /home/lgw/Lumine-benchmarks/Experiments/09/src/0_start/start.cpp:86] req_id = 1800059, start_time = 1682006362788832
I0420 15:59:22.794020 Main        (1913832) /home/lgw/Lumine-benchmarks/Experiments/09/src/0_start/start.cpp:86] req_id = 1680060, start_time = 1682006362791602
I0420 15:59:22.798594 Main        (1913832) /home/lgw/Lumine-benchmarks/Experiments/09/src/0_start/start.cpp:86] req_id = 1860060, start_time = 1682006362796844
I0420 15:59:22.802744 Main        (1913832) /home/lgw/Lumine-benchmarks/Experiments/09/src/0_start/start.cpp:86] req_id = 2460059, start_time = 1682006362801128
I0420 15:59:22.807109 Main        (1913832) /home/lgw/Lumine-benchmarks/Experiments/09/src/0_start/start.cpp:86] req_id = 2340060, start_time = 1682006362805656
I0420 15:59:22.812205 Main        (1913832) /home/lgw/Lumine-benchmarks/Experiments/09/src/0_start/start.cpp:86] req_id = 3000059, start_time = 1682006362811008
I0420 15:59:22.817490 Main        (1913832) /home/lgw/Lumine-benchmarks/Experiments/09/src/0_start/start.cpp:86] req_id = 3000060, start_time = 1682006362816029
I0420 15:59:24.764455 Main        (1913832) /home/lgw/Lumine-benchmarks/Experiments/09/src/0_start/start.cpp:86] req_id = 120061, start_time = 1682006364762916
I0420 15:59:24.768310 Main        (1913832) /home/lgw/Lumine-benchmarks/Experiments/09/src/0_start/start.cpp:86] req_id = 480061, start_time = 1682006364766680
I0420 15:59:24.771784 Main        (1913832) /home/lgw/Lumine-benchmarks/Experiments/09/src/0_start/start.cpp:86] req_id = 720061, start_time = 1682006364770056
I0420 15:59:24.774444 Main        (1913832) /home/lgw/Lumine-benchmarks/Experiments/09/src/0_start/start.cpp:86] req_id = 960061, start_time = 1682006364773107
I0420 15:59:24.778309 Main        (1913832) /home/lgw/Lumine-benchmarks/Experiments/09/src/0_start/start.cpp:86] req_id = 1260061, start_time = 1682006364776678
I0420 15:59:24.781930 Main        (1913832) /home/lgw/Lumine-benchmarks/Experiments/09/src/0_start/start.cpp:86] req_id = 1260062, start_time = 1682006364779910
I0420 15:59:24.785388 Main        (1913832) /home/lgw/Lumine-benchmarks/Experiments/09/src/0_start/start.cpp:86] req_id = 1860061, start_time = 1682006364783368
I0420 15:59:24.788828 Main        (1913832) /home/lgw/Lumine-benchmarks/Experiments/09/src/0_start/start.cpp:86] req_id = 2160061, start_time = 1682006364787309
