Read file config.yml
Running executor...
Load lib exp06_run_audit_24.so failed
Fail to execute function  due to load errorexp06_run_audit_24
Load lib exp06_run_audit_30.so failed
Fail to execute function  due to load errorexp06_run_audit_30
Load lib exp06_run_audit_36.so failed
Fail to execute function  due to load errorexp06_run_audit_36
Load lib exp06_run_audit_10.so failed
Fail to execute function  due to load errorexp06_run_audit_10
Load lib exp06_run_audit_38.so failed
Fail to execute function  due to load errorexp06_run_audit_38
Load lib exp06_run_audit_28.so failed
Fail to execute function  due to load errorexp06_run_audit_28
Load lib exp06_run_audit_4.so failed
Fail to execute function  due to load errorexp06_run_audit_4
Load lib exp06_run_audit_31.so failed
Fail to execute function  due to load errorexp06_run_audit_31
Load lib exp06_run_audit_1.so failed
Fail to execute function  due to load errorexp06_run_audit_1
Load lib exp06_run_audit_15.so failed
Fail to execute function  due to load errorexp06_run_audit_15
Load lib exp06_run_audit_18.so failed
Fail to execute function  due to load errorexp06_run_audit_18
Load lib exp06_run_audit_32.so failed
Fail to execute function  due to load errorexp06_run_audit_32
Load lib exp06_run_audit_27.so failed
Fail to execute function  due to load errorexp06_run_audit_27
Load lib exp06_run_audit_40.so failed
Fail to execute function  due to load errorexp06_run_audit_40
Load lib exp06_run_audit_39.so failed
Fail to execute function  due to load errorexp06_run_audit_39
Load lib exp06_run_audit_10.so failed
Fail to execute function  due to load errorexp06_run_audit_10
Load lib exp06_run_audit_30.so failed
Fail to execute function  due to load errorexp06_run_audit_30
Load lib exp06_run_audit_10.so failed
Fail to execute function  due to load errorexp06_run_audit_10
Load lib exp06_run_audit_40.so failed
Fail to execute function  due to load errorexp06_run_audit_40
Load lib exp06_run_audit_16.so failed
Fail to execute function  due to load errorexp06_run_audit_16
Load lib exp06_run_audit_6.so failed
Fail to execute function  due to load errorexp06_run_audit_6
Load lib exp06_run_audit_2.so failed
Fail to execute function  due to load errorexp06_run_audit_2
Load lib exp06_run_audit_20.so failed
Fail to execute function  due to load errorexp06_run_audit_20
Load lib exp06_run_audit_32.so failed
Fail to execute function  due to load errorexp06_run_audit_32
Load lib exp06_run_audit_39.so failed
Fail to execute function  due to load errorexp06_run_audit_39
Load lib exp06_run_audit_29.so failed
Fail to execute function  due to load errorexp06_run_audit_29
Load lib exp06_run_audit_3.so failed
Fail to execute function  due to load errorexp06_run_audit_3
Load lib exp06_run_audit_22.so failed
Fail to execute function  due to load errorexp06_run_audit_22
Load lib exp06_run_audit_34.so failed
Fail to execute function  due to load errorexp06_run_audit_34
Load lib exp06_run_audit_14.so failed
Fail to execute function  due to load errorexp06_run_audit_14
Load lib exp06_run_audit_27.so failed
Fail to execute function  due to load errorexp06_run_audit_27
Load lib exp06_run_audit_26.so failed
Fail to execute function  due to load errorexp06_run_audit_26
Load lib exp06_run_audit_27.so failed
Fail to execute function  due to load errorexp06_run_audit_27
Load lib exp06_run_audit_10.so failed
Fail to execute function  due to load errorexp06_run_audit_10
Load lib exp06_run_audit_31.so failed
Fail to execute function  due to load errorexp06_run_audit_31
Load lib exp06_run_audit_29.so failed
Fail to execute function  due to load errorexp06_run_audit_29
Load lib exp06_run_audit_31.so failed
Fail to execute function  due to load errorexp06_run_audit_31
Load lib exp06_run_audit_29.so failed
Fail to execute function  due to load errorexp06_run_audit_29
Load lib exp06_run_audit_39.so failed
Fail to execute function  due to load errorexp06_run_audit_39
Load lib exp06_run_audit_20.so failed
Fail to execute function  due to load errorexp06_run_audit_20
Load lib exp06_run_audit_5.so failed
Fail to execute function  due to load errorexp06_run_audit_5
Load lib exp06_run_audit_14.so failed
Fail to execute function  due to load errorexp06_run_audit_14
Load lib exp06_run_audit_22.so failed
Fail to execute function  due to load errorexp06_run_audit_22
Load lib exp06_run_audit_37.so failed
Fail to execute function  due to load errorexp06_run_audit_37
Load lib exp06_run_audit_1.so failed
Fail to execute function  due to load errorexp06_run_audit_1
Loaded function exp06_run_audit_21. lib_load_elasped: 400, func_load_elasped: 4
Loaded function exp06_marketdata. lib_load_elasped: 37915, func_load_elasped: 2
force_push: msg_id = 1859457, remain = 75, size = 64
Send to executer failed.force_push: msg_id = 1859461, remain = 75, size = 64
Send to executer failed.force_push: msg_id = 1859450, remain = 75, size = 64
Send to executer failed.force_push: msg_id = 1859429, remain = 75, size = 64
Send to executer failed.force_push: msg_id = 1859409, remain = 73, size = 64
Send to executer failed.force_push: msg_id = 1859431, remain = 75, size = 64
Send to executer failed.force_push: msg_id = 1859455, remain = 75, size = 64
Send to executer failed.force_push: msg_id = 1859459, remain = 75, size = 64
Send to executer failed.force_push: msg_id = 1859399, remain = 75, size = 64
Send to executer failed.force_push: msg_id = 1859451, remain = 75, size = 64
Send to executer failed.force_push: msg_id = 1859453, remain = 11, size = 64
Send to executer failed.force_push: msg_id = 1859456, remain = 75, size = 64
Send to executer failed.force_push: msg_id = 1859394, remain = 9, size = 64
Send to executer failed.force_push: msg_id = 1859476, remain = 75, size = 64
Send to executer failed.force_push: msg_id = 1859449, remain = 75, size = 64
Send to executer failed.force_push: msg_id = 1859434, remain = 75, size = 64
Send to executer failed.force_push: msg_id = 1859460, remain = 75, size = 64
Send to executer failed.force_push: msg_id = 1859475, remain = 75, size = 64
Send to executer failed.force_push: msg_id = 1859464, remain = 75, size = 64
Send to executer failed.force_push: msg_id = 1859481, remain = 75, size = 64
Send to executer failed.force_push: msg_id = 1859452, remain = 75, size = 64
Send to executer failed.force_push: msg_id = 1859454, remain = 75, size = 64
Send to executer failed.force_push: msg_id = 1859462, remain = 75, size = 64
Send to executer failed.force_push: msg_id = 1859426, remain = 75, size = 64
Send to executer failed.force_push: msg_id = 1859443, remain = 75, size = 64
Send to executer failed.force_push: msg_id = 1859432, remain = 75, size = 64
Send to executer failed.force_push: msg_id = 1859435, remain = 75, size = 64
Send to executer failed.force_push: msg_id = 1859478, remain = 75, size = 64
Send to executer failed.force_push: msg_id = 1859470, remain = 75, size = 64
Send to executer failed.force_push: msg_id = 1859427, remain = 75, size = 64
Send to executer failed.force_push: msg_id = 1859414, remain = 75, size = 64
Send to executer failed.force_push: msg_id = 1859428, remain = 75, size = 64
Send to executer failed.force_push: msg_id = 1859425, remain = 75, size = 64
Send to executer failed.force_push: msg_id = 1859393, remain = 73, size = 64
Send to executer failed.force_push: msg_id = 1859463, remain = 75, size = 64
Send to executer failed.force_push: msg_id = 1859479, remain = 75, size = 64
Send to executer failed.force_push: msg_id = 1859424, remain = 75, size = 64
Send to executer failed.force_push: msg_id = 1859395, remain = 73, size = 64
Send to executer failed.force_push: msg_id = 1859400, remain = 73, size = 64
Send to executer failed.force_push: msg_id = 1859477, remain = 75, size = 64
Send to executer failed.force_push: msg_id = 1859484, remain = -53, size = 11
Send to executer failed.force_push: msg_id = 1859436, remain = 75, size = 64
Send to executer failed.force_push: msg_id = 1859396, remain = 9, size = 64
Send to executer failed.force_push: msg_id = 1859405, remain = 11, size = 64
Send to executer failed.force_push: msg_id = 1859413, remain = 11, size = 64
Send to executer failed.force_push: msg_id = 1859433, remain = 11, size = 64
Send to executer failed.force_push: msg_id = 1859404, remain = 75, size = 64
Send to executer failed.force_push: msg_id = 1859448, remain = 75, size = 64
Send to executer failed.force_push: msg_id = 1859480, remain = 11, size = 64
Send to executer failed.force_push: msg_id = 1859403, remain = -53, size = 11
Send to executer failed.force_push: msg_id = 1859472, remain = 11, size = 64
Send to executer failed.force_push: msg_id = 1859392, remain = 9, size = 64
Send to executer failed.force_push: msg_id = 1859412, remain = 9, size = 64
Send to executer failed.force_push: msg_id = 1859423, remain = -53, size = 11
Send to executer failed.force_push: msg_id = 1859410, remain = 73, size = 64
Send to executer failed.force_push: msg_id = 1863221, remain = 74, size = 64
Send to executer failed.force_push: msg_id = 1863237, remain = -54, size = 10
Send to executer failed.force_push: msg_id = 1863225, remain = 74, size = 64
Send to executer failed.force_push: msg_id = 1863235, remain = 74, size = 64
Send to executer failed.force_push: msg_id = 1863216, remain = 74, size = 64
Send to executer failed.force_push: msg_id = 1863208, remain = 72, size = 64
Send to executer failed.force_push: msg_id = 1863249, remain = 10, size = 64
Send to executer failed.force_push: msg_id = 1863219, remain = 74, size = 64
Send to executer failed.force_push: msg_id = 1863239, remain = 10, size = 64
Send to executer failed.force_push: msg_id = 1863278, remain = 74, size = 64
Send to executer failed.force_push: msg_id = 1863213, remain = -56, size = 8
Send to executer failed.force_push: msg_id = 1863222, remain = 74, size = 64
Send to executer failed.force_push: msg_id = 1863230, remain = 74, size = 64
Send to executer failed.force_push: msg_id = 1863210, remain = 72, size = 64
Send to executer failed.force_push: msg_id = 1863224, remain = 74, size = 64
Send to executer failed.force_push: msg_id = 1863212, remain = 8, size = 64
Send to executer failed.force_push: msg_id = 1863240, remain = 74, size = 64
Send to executer failed.force_push: msg_id = 1863218, remain = -54, size = 10
Send to executer failed.