Read file config.yml
Running executor...
Load lib exp06_run_audit_9.so failed
Fail to execute function  due to load errorexp06_run_audit_9
Load lib exp06_run_audit_1.so failed
Fail to execute function  due to load errorexp06_run_audit_1
Load lib exp06_run_audit_16.so failed
Fail to execute function  due to load errorexp06_run_audit_16
Load lib exp06_run_audit_2.so failed
Fail to execute function  due to load errorexp06_run_audit_2
Load lib exp06_run_audit_38.so failed
Fail to execute function  due to load errorexp06_run_audit_38
Load lib exp06_run_audit_26.so failed
Fail to execute function  due to load errorexp06_run_audit_26
Load lib exp06_run_audit_11.so failed
Fail to execute function  due to load errorexp06_run_audit_11
Load lib exp06_run_audit_36.so failed
Fail to execute function  due to load errorexp06_run_audit_36
Load lib exp06_run_audit_21.so failed
Fail to execute function  due to load errorexp06_run_audit_21
Load lib exp06_run_audit_12.so failed
Fail to execute function  due to load errorexp06_run_audit_12
Load lib exp06_run_audit_7.so failed
Fail to execute function  due to load errorexp06_run_audit_7
Load lib exp06_run_audit_35.so failed
Fail to execute function  due to load errorexp06_run_audit_35
Load lib exp06_run_audit_3.so failed
Fail to execute function  due to load errorexp06_run_audit_3
Load lib exp06_run_audit_24.so failed
Fail to execute function  due to load errorexp06_run_audit_24
Load lib exp06_run_audit_33.so failed
Fail to execute function  due to load errorexp06_run_audit_33
Load lib exp06_run_audit_23.so failed
Fail to execute function  due to load errorexp06_run_audit_23
Load lib exp06_run_audit_40.so failed
Fail to execute function  due to load errorexp06_run_audit_40
Load lib exp06_run_audit_4.so failed
Fail to execute function  due to load errorexp06_run_audit_4
Load lib exp06_run_audit_25.so failed
Fail to execute function  due to load errorexp06_run_audit_25
Load lib exp06_run_audit_20.so failed
Fail to execute function  due to load errorexp06_run_audit_20
Load lib exp06_run_audit_27.so failed
Fail to execute function  due to load errorexp06_run_audit_27
Load lib exp06_run_audit_30.so failed
Fail to execute function  due to load errorexp06_run_audit_30
Load lib exp06_run_audit_3.so failed
Fail to execute function  due to load errorexp06_run_audit_3
Load lib exp06_run_audit_13.so failed
Fail to execute function  due to load errorexp06_run_audit_13
Load lib exp06_run_audit_37.so failed
Fail to execute function  due to load errorexp06_run_audit_37
Load lib exp06_run_audit_31.so failed
Fail to execute function  due to load errorexp06_run_audit_31
Load lib exp06_run_audit_11.so failed
Fail to execute function  due to load errorexp06_run_audit_11
Load lib exp06_run_audit_1.so failed
Fail to execute function  due to load errorexp06_run_audit_1
Load lib exp06_run_audit_24.so failed
Fail to execute function  due to load errorexp06_run_audit_24
Load lib exp06_run_audit_25.so failed
Fail to execute function  due to load errorexp06_run_audit_25
Load lib exp06_run_audit_24.so failed
Fail to execute function  due to load errorexp06_run_audit_24
Load lib exp06_run_audit_38.so failed
Fail to execute function  due to load errorexp06_run_audit_38
Load lib exp06_run_audit_18.so failed
Fail to execute function  due to load errorexp06_run_audit_18
Load lib exp06_run_audit_34.so failed
Fail to execute function  due to load errorexp06_run_audit_34
Load lib exp06_run_audit_2.so failed
Fail to execute function  due to load errorexp06_run_audit_2
Load lib exp06_run_audit_21.so failed
Fail to execute function  due to load errorexp06_run_audit_21
Load lib exp06_run_audit_15.so failed
Fail to execute function  due to load errorexp06_run_audit_15
Load lib exp06_run_audit_13.so failed
Fail to execute function  due to load errorexp06_run_audit_13
Load lib exp06_run_audit_39.so failed
Fail to execute function  due to load errorexp06_run_audit_39
Load lib exp06_run_audit_11.so failed
Fail to execute function  due to load errorexp06_run_audit_11
Loaded function exp06_run_audit_6. lib_load_elasped: 302, func_load_elasped: 3
Loaded function exp06_run_audit_28. lib_load_elasped: 314, func_load_elasped: 2
Loaded function exp06_marketdata. lib_load_elasped: 5162, func_load_elasped: 2
force_push: msg_id = 1859796, remain = 74, size = 64
Send to executer failed.force_push: msg_id = 1859704, remain = 8, size = 64
Send to executer failed.force_push: msg_id = 1859806, remain = 74, size = 64
Send to executer failed.force_push: msg_id = 1860116, remain = 74, size = 64
Send to executer failed.force_push: msg_id = 1859794, remain = -54, size = 10
Send to executer failed.force_push: msg_id = 1859698, remain = 72, size = 64
Send to executer failed.force_push: msg_id = 1860149, remain = 10, size = 64
Send to executer failed.force_push: msg_id = 1859943, remain = 10, size = 64
Send to executer failed.force_push: msg_id = 1859720, remain = 72, size = 64
Send to executer failed.force_push: msg_id = 1860150, remain = 74, size = 64
Send to executer failed.force_push: msg_id = 1860070, remain = -54, size = 10
Send to executer failed.force_push: msg_id = 1860076, remain = 74, size = 64
Send to executer failed.force_push: msg_id = 1860054, remain = -54, size = 10
Send to executer failed.force_push: msg_id = 1859809, remain = -54, size = 10
Send to executer failed.force_push: msg_id = 1860147, remain = -54, size = 10
Send to executer failed.force_push: msg_id = 1859810, remain = 74, size = 64
Send to executer failed.force_push: msg_id = 1860104, remain = 74, size = 64
Send to executer failed.force_push: msg_id = 1859858, remain = -54, size = 10
Send to executer failed.force_push: msg_id = 1859975, remain = 74, size = 64
Send to executer failed.force_push: msg_id = 1859684, remain = -56, size = 8
Send to executer failed.force_push: msg_id = 1860140, remain = 74, size = 64
Send to executer failed.force_push: msg_id = 1860068, remain = 74, size = 64
Send to executer failed.force_push: msg_id = 1859839, remain = 74, size = 64
Send to executer failed.force_push: msg_id = 1860093, remain = 10, size = 64
Send to executer failed.Loaded function exp06_run_audit_18. lib_load_elasped: 380, func_load_elasped: 2
