Read file config.yml
Running executor...
Load lib exp06_run_audit_27.so failed
Fail to execute function  due to load errorexp06_run_audit_27
Load lib exp06_run_audit_5.so failed
Fail to execute function  due to load errorexp06_run_audit_5
Load lib exp06_run_audit_24.so failed
Fail to execute function  due to load errorexp06_run_audit_24
Load lib exp06_run_audit_40.so failed
Fail to execute function  due to load errorexp06_run_audit_40
Load lib exp06_run_audit_14.so failed
Fail to execute function  due to load errorexp06_run_audit_14
Load lib exp06_run_audit_3.so failed
Fail to execute function  due to load errorexp06_run_audit_3
Load lib exp06_run_audit_9.so failed
Fail to execute function  due to load errorexp06_run_audit_9
Load lib exp06_run_audit_20.so failed
Fail to execute function  due to load errorexp06_run_audit_20
Load lib exp06_run_audit_12.so failed
Fail to execute function  due to load errorexp06_run_audit_12
Load lib exp06_run_audit_5.so failed
Fail to execute function  due to load errorexp06_run_audit_5
Load lib exp06_run_audit_14.so failed
Fail to execute function  due to load errorexp06_run_audit_14
Load lib exp06_run_audit_37.so failed
Fail to execute function  due to load errorexp06_run_audit_37
Load lib exp06_run_audit_33.so failed
Fail to execute function  due to load errorexp06_run_audit_33
Load lib exp06_run_audit_24.so failed
Fail to execute function  due to load errorexp06_run_audit_24
Load lib exp06_run_audit_11.so failed
Fail to execute function  due to load errorexp06_run_audit_11
Load lib exp06_run_audit_30.so failed
Fail to execute function  due to load errorexp06_run_audit_30
Load lib exp06_run_audit_25.so failed
Fail to execute function  due to load errorexp06_run_audit_25
Load lib exp06_run_audit_2.so failed
Fail to execute function  due to load errorexp06_run_audit_2
Load lib exp06_run_audit_7.so failed
Fail to execute function  due to load errorexp06_run_audit_7
Load lib exp06_run_audit_19.so failed
Fail to execute function  due to load errorexp06_run_audit_19
Load lib exp06_run_audit_12.so failed
Fail to execute function  due to load errorexp06_run_audit_12
Load lib exp06_run_audit_32.so failed
Fail to execute function  due to load errorexp06_run_audit_32
Load lib exp06_run_audit_30.so failed
Fail to execute function  due to load errorexp06_run_audit_30
Load lib exp06_run_audit_27.so failed
Fail to execute function  due to load errorexp06_run_audit_27
Load lib exp06_run_audit_10.so failed
Fail to execute function  due to load errorexp06_run_audit_10
Load lib exp06_run_audit_22.so failed
Fail to execute function  due to load errorexp06_run_audit_22
Load lib exp06_run_audit_11.so failed
Fail to execute function  due to load errorexp06_run_audit_11
Load lib exp06_run_audit_8.so failed
Fail to execute function  due to load errorexp06_run_audit_8
Load lib exp06_run_audit_25.so failed
Fail to execute function  due to load errorexp06_run_audit_25
Load lib exp06_run_audit_38.so failed
Fail to execute function  due to load errorexp06_run_audit_38
Load lib exp06_run_audit_3.so failed
Fail to execute function  due to load errorexp06_run_audit_3
Load lib exp06_run_audit_20.so failed
Fail to execute function  due to load errorexp06_run_audit_20
Load lib exp06_run_audit_36.so failed
Fail to execute function  due to load errorexp06_run_audit_36
Load lib exp06_run_audit_38.so failed
Fail to execute function  due to load errorexp06_run_audit_38
Load lib exp06_run_audit_18.so failed
Fail to execute function  due to load errorexp06_run_audit_18
Load lib exp06_run_audit_26.so failed
Fail to execute function  due to load errorexp06_run_audit_26
Load lib exp06_run_audit_38.so failed
Fail to execute function  due to load errorexp06_run_audit_38
Load lib exp06_run_audit_4.so failed
Fail to execute function  due to load errorexp06_run_audit_4
Load lib exp06_run_audit_26.so failed
Fail to execute function  due to load errorexp06_run_audit_26
Load lib exp06_run_audit_32.so failed
Fail to execute function  due to load errorexp06_run_audit_32
Load lib exp06_run_audit_22.so failed
Fail to execute function  due to load errorexp06_run_audit_22
Load lib exp06_run_audit_7.so failed
Fail to execute function  due to load errorexp06_run_audit_7
Load lib exp06_run_audit_27.so failed
Fail to execute function  due to load errorexp06_run_audit_27
Load lib exp06_run_audit_36.so failed
Fail to execute function  due to load errorexp06_run_audit_36
Load lib exp06_run_audit_23.so failed
Fail to execute function  due to load errorexp06_run_audit_23
Load lib exp06_run_audit_39.so failed
Fail to execute function  due to load errorexp06_run_audit_39
Load lib exp06_run_audit_15.so failed
Fail to execute function  due to load errorexp06_run_audit_15
Load lib exp06_run_audit_16.so failed
Fail to execute function  due to load errorexp06_run_audit_16
Load lib exp06_run_audit_3.so failed
Fail to execute function  due to load errorexp06_run_audit_3
Loaded function exp06_marginbalance. lib_load_elasped: 299, func_load_elasped: 2
req_id = 120007, token 132666232 us.
req_id = 120012, token 151045041 us.
req_id = 180021, token 136248632 us.
Load lib exp06_run_audit_9.so failed
Fail to execute function  due to load errorexp06_run_audit_9
Load lib exp06_run_audit_23.so failed
Fail to execute function  due to load errorexp06_run_audit_23
Load lib exp06_run_audit_25.so failed
Fail to execute function  due to load errorexp06_run_audit_25
Load lib exp06_run_audit_20.so failed
Fail to execute function  due to load errorexp06_run_audit_20
Load lib exp06_run_audit_27.so failed
Fail to execute function  due to load errorexp06_run_audit_27
Loaded function exp06_run_audit_5. lib_load_elasped: 429, func_load_elasped: 1
Loaded function exp06_marketdata. lib_load_elasped: 5360, func_load_elasped: 3
force_push: msg_id = 1855617, remain = 74, size = 64
Send to executer failed.force_push: msg_id = 1855640, remain = 10, size = 64
Send to executer failed.force_push: msg_id = 1855584, remain = 72, size = 64
Send to executer failed.force_push: msg_id = 1855605, remain = -54, size = 10
Send to executer failed.force_push: msg_id = 1855596, remain = -54, size = 10
Send to executer failed.force_push: msg_id = 1855592, remain = 8, size = 64
Send to executer failed.force_push: msg_id = 1855610, remain = 10, size = 64
Send to executer failed.force_push: msg_id = 1855632, remain = 10, size = 64
Send to executer failed.force_push: msg_id = 1855649, remain = 74, size = 64
Send to executer failed.force_push: msg_id = 1855625, remain = 10, size = 64
Send to executer failed.force_push: msg_id = 1855600, remain = 10, size = 64
Send to executer failed.force_push: msg_id = 1855599, remain = -54, size = 10
Send to executer failed.force_push: msg_id = 1855631, remain = 74, size = 64
Send to executer failed.force_push: msg_id = 1855601, remain = 74, size = 64
Send to executer failed.force_push: msg_id = 1855653, remain = 10, size = 64
Send to executer failed.force_push: msg_id = 1855622, remain = 10, size = 64
Send to executer failed.force_push: msg_id = 1855607, remain = -54, size = 10
Send to executer failed.force_push: msg_id = 1855585, remain = 8, size = 64
Send to executer failed.force_push: msg_id = 1855603, remain = 10, size = 64
Send to executer failed.force_push: msg_id = 1857726, remain = 74, size = 64
Send to executer failed.force_push: msg_id = 1857725, remain = 74, size = 64
Send to executer failed.force_push: msg_id = 1857703, remain = 74, size = 64
Send to executer failed.force_push: msg_id = 1857595, remain = 74, size = 64
Send to executer failed.force_push: msg_id = 1857732, remain = 74, size = 64
Send to executer failed.force_push: msg_id = 1857731, remain = 74, size = 64
Send to executer failed.force_push: msg_id = 1857722, remain = 74, size = 64
Send to executer failed.force_push: msg_id = 1857626, remain = 74, size = 64
Send to executer failed.force_push: msg_id = 1857544, remain = 72, size = 64
Send to executer failed.force_push: msg_id = 1857711, remain = 74, size = 64
Send to executer failed.force_push: msg_id = 1857657, remain = 74, size = 64
Send to executer failed.force_push: msg_id = 1857698, remain = 74, size = 64
Send to executer failed.force_push: msg_id = 1857700, remain = 74, size = 64
Send to executer failed.force_push: msg_id = 1857723, remain = 74, size = 64
Send to executer failed.force_push: msg_id = 1857724, remain = 74, size = 64
Send to executer failed.force_push: msg_id = 1857721, remain = 74, size = 64
Send to executer failed.force_push: msg_id = 1857614, remain = 74, size = 64
Send to executer failed.force_push: msg_id = 1857713, remain = 74, size = 64
Send to executer failed.force_push: msg_id = 1857565, remain = 72, size = 64
Send to executer failed.force_push: msg_id = 1857627, remain = -54, size = 10
Send to executer failed.force_push: msg_id = 1857584, remain = 72, size = 64
Send to executer failed.force_push: msg_id = 1857590, remain = 10, size = 64
Send to executer failed.force_push: msg_id = 1857658, remain = 74, size = 64
Send to executer failed.force_push: msg_id = 1857705, remain = 74, size = 64
Send to executer failed.force_push: msg_id = 1857641, remain = 74, size = 64
Send to executer failed.force_push: msg_id = 1857717, remain = 74, size = 64
Send to executer failed.force_push: msg_id = 1857638, remain = 74, size = 64
Send to executer failed.force_push: msg_id = 1857633, remain = 10, size = 64
Send to executer failed.force_push: msg_id = 1857694, remain = 74, size = 64
Send to executer failed.force_push: msg_id = 1857642, remain = 74, size = 64
Send to executer failed.force_push: msg_id = 1857695, remain = 10, size = 64
Send to executer failed.force_push: msg_id = 1857644, remain = 74, size = 64
Send to executer failed.force_push: msg_id = 1857617, remain = 74, size = 64
force_push: msg_id = 1857616, remain = 74, size = 64
Send to executer failed.Send to executer failed.force_push: msg_id = 1857645, remain = 10, size = 64
Send to executer failed.force_push: msg_id = 1857673, remain = 74, size = 64
Send to executer failed.force_push: msg_id = 1857682, remain = 10, size = 64
Send to executer failed.force_push: msg_id = 1857689, remain = 74, size = 64
Send to executer failed.force_push: msg_id = 1857667, remain = 74, size = 64
Send to executer failed.force_push: msg_id = 1857696, remain = 74, size = 64
Send to executer failed.force_push: msg_id = 1857580, remain = -56, size = 8
Send to executer failed.force_push: msg_id = 1857712, remain = -54, size = 10
Send to executer failed.force_push: msg_id = 1857687, remain = 74, size = 64
Send to executer failed.force_push: msg_id = 1857628, remain = 74, size = 64
Send to executer failed.force_push: msg_id = 1857537, remain = 72, size = 64
Send to executer failed.force_push: msg_id = 1857601, remain = 74, size = 64
Send to executer failed.force_push: msg_id = 1857688, remain = 74, size = 64
Send to executer failed.force_push: msg_id = 1857672, remain = 74, size = 64
Send to executer failed.force_push: msg_id = 1857611, remain = 10, size = 64
Send to executer failed.force_push: msg_id = 1857598, remain = -54, size = 10
Send to executer failed.force_push: msg_id = 1857586, remain = 72, size = 64
Send to executer failed.force_push: msg_id = 1857605, remain = -54, size = 10
Send to executer failed.force_push: msg_id = 1857589, remain = 74, size = 64
Send to executer failed.Loaded function exp06_run_audit_46. lib_load_elasped: 401, func_load_elasped: 1
force_push: msg_id = 1862582, remain = 10, size = 64
Send to executer failed.force_push: msg_id = 1862631, remain = -54, size = 10
Send to executer failed.