Read file config.yml
Running executor...
Load lib exp06_run_audit_11.so failed
Fail to execute function  due to load errorexp06_run_audit_11
Load lib exp06_run_audit_30.so failed
Fail to execute function  due to load errorexp06_run_audit_30
Load lib exp06_run_audit_36.so failed
Fail to execute function  due to load errorexp06_run_audit_36
Load lib exp06_run_audit_16.so failed
Fail to execute function  due to load errorexp06_run_audit_16
Load lib exp06_run_audit_40.so failed
Fail to execute function  due to load errorexp06_run_audit_40
Load lib exp06_run_audit_25.so failed
Fail to execute function  due to load errorexp06_run_audit_25
Load lib exp06_run_audit_23.so failed
Fail to execute function  due to load errorexp06_run_audit_23
Load lib exp06_run_audit_4.so failed
Fail to execute function  due to load errorexp06_run_audit_4
Loaded function exp06_marketdata. lib_load_elasped: 4280, func_load_elasped: 3
fail release: invalid id (mem = (nil), size = 48)
Load lib exp06_run_audit_11.so failed
Fail to execute function  due to load errorexp06_run_audit_11
Load lib exp06_run_audit_14.so failed
Fail to execute function  due to load errorexp06_run_audit_14
Load lib exp06_run_audit_30.so failed
Fail to execute function  due to load errorexp06_run_audit_30
Load lib exp06_run_audit_4.so failed
Fail to execute function  due to load errorexp06_run_audit_4
Loaded function exp06_marginbalance. lib_load_elasped: 333, func_load_elasped: 1
req_id = 840035, token 104368086 us.
Load lib exp06_run_audit_32.so failed
Fail to execute function  due to load errorexp06_run_audit_32
req_id = 840003, token 136009596 us.
Load lib exp06_run_audit_8.so failed
Fail to execute function  due to load errorexp06_run_audit_8
Load lib exp06_run_audit_13.so failed
Fail to execute function  due to load errorexp06_run_audit_13
Load lib exp06_run_audit_4.so failed
Fail to execute function  due to load errorexp06_run_audit_4
Load lib exp06_run_audit_31.so failed
Fail to execute function  due to load errorexp06_run_audit_31
Load lib exp06_run_audit_26.so failed
Fail to execute function  due to load errorexp06_run_audit_26
Load lib exp06_run_audit_33.so failed
Fail to execute function  due to load errorexp06_run_audit_33
Load lib exp06_run_audit_39.so failed
Fail to execute function  due to load errorexp06_run_audit_39
Load lib exp06_run_audit_9.so failed
Fail to execute function  due to load errorexp06_run_audit_9
req_id = 120031, token 137098317 us.
Load lib exp06_run_audit_35.so failed
Fail to execute function  due to load errorexp06_run_audit_35
Load lib exp06_run_audit_3.so failed
Fail to execute function  due to load errorexp06_run_audit_3
Load lib exp06_run_audit_31.so failed
Fail to execute function  due to load errorexp06_run_audit_31
Load lib exp06_run_audit_37.so failed
Fail to execute function  due to load errorexp06_run_audit_37
Load lib exp06_run_audit_25.so failed
Fail to execute function  due to load errorexp06_run_audit_25
Load lib exp06_run_audit_40.so failed
Fail to execute function  due to load errorexp06_run_audit_40
req_id = 1080049, token 141811748 us.
req_id = 1140040, token 102891107 us.
Load lib exp06_run_audit_10.so failed
Fail to execute function  due to load errorexp06_run_audit_10
Load lib exp06_run_audit_14.so failed
Fail to execute function  due to load errorexp06_run_audit_14
Load lib exp06_run_audit_34.so failed
Fail to execute function  due to load errorexp06_run_audit_34
Load lib exp06_run_audit_40.so failed
Fail to execute function  due to load errorexp06_run_audit_40
Load lib exp06_run_audit_6.so failed
Fail to execute function  due to load errorexp06_run_audit_6
Load lib exp06_run_audit_36.so failed
Fail to execute function  due to load errorexp06_run_audit_36
Load lib exp06_run_audit_32.so failed
Fail to execute function  due to load errorexp06_run_audit_32
Loaded function exp06_run_audit_20. lib_load_elasped: 403, func_load_elasped: 2
Loaded function exp06_run_audit_54. lib_load_elasped: 367, func_load_elasped: 1
Loaded function exp06_run_audit_32. lib_load_elasped: 253, func_load_elasped: 1
Loaded function exp06_run_audit_22. lib_load_elasped: 409, func_load_elasped: 2
force_push: msg_id = 1865659, remain = 10, size = 64
Send to executer failed.force_push: msg_id = 1865628, remain = 74, size = 64
Send to executer failed.force_push: msg_id = 1865661, remain = 74, size = 64
Send to executer failed.force_push: msg_id = 1865737, remain = 74, size = 64
Send to executer failed.force_push: msg_id = 1865603, remain = 8, size = 64
Send to executer failed.force_push: msg_id = 1865666, remain = 74, size = 64
Send to executer failed.