Read file config.yml
Running executor...
Loaded function exp06_run_audit_7. lib_load_elasped: 458, func_load_elasped: 3
Loaded function exp06_run_audit_35. lib_load_elasped: 353, func_load_elasped: 2
Loaded function exp06_marketdata. lib_load_elasped: 4751, func_load_elasped: 2
force_push: msg_id = 1861922, remain = -54, size = 10
Send to executer failed.force_push: msg_id = 1864015, remain = 74, size = 64
Send to executer failed.force_push: msg_id = 1864070, remain = 74, size = 64
Send to executer failed.force_push: msg_id = 1864067, remain = 10, size = 64
Send to executer failed.force_push: msg_id = 1863969, remain = 8, size = 64
Send to executer failed.force_push: msg_id = 1864064, remain = 74, size = 64
Send to executer failed.force_push: msg_id = 1863991, remain = 72, size = 64
Send to executer failed.force_push: msg_id = 1864109, remain = 74, size = 64
Send to executer failed.force_push: msg_id = 1864147, remain = 74, size = 64
Send to executer failed.force_push: msg_id = 1864176, remain = 74, size = 64
Send to executer failed.force_push: msg_id = 1864187, remain = 74, size = 64
Send to executer failed.force_push: msg_id = 1864060, remain = -54, size = 10
Send to executer failed.Loaded function exp06_run_audit_60. lib_load_elasped: 461, func_load_elasped: 2
force_push: msg_id = 1865622, remain = 75, size = 64
Send to executer failed.force_push: msg_id = 1865776, remain = 11, size = 64
Send to executer failed.