Read file config.yml
Running executor...
Load lib exp06_run_audit_3.so failed
Fail to execute function  due to load errorexp06_run_audit_3
Load lib exp06_run_audit_2.so failed
Fail to execute function  due to load errorexp06_run_audit_2
Load lib exp06_run_audit_3.so failed
Fail to execute function  due to load errorexp06_run_audit_3
Load lib exp06_run_audit_26.so failed
Fail to execute function  due to load errorexp06_run_audit_26
Load lib exp06_run_audit_1.so failed
Fail to execute function  due to load errorexp06_run_audit_1
Load lib exp06_run_audit_10.so failed
Fail to execute function  due to load errorexp06_run_audit_10
Load lib exp06_run_audit_18.so failed
Fail to execute function  due to load errorexp06_run_audit_18
Load lib exp06_run_audit_38.so failed
Fail to execute function  due to load errorexp06_run_audit_38
Load lib exp06_run_audit_31.so failed
Fail to execute function  due to load errorexp06_run_audit_31
Load lib exp06_run_audit_6.so failed
Fail to execute function  due to load errorexp06_run_audit_6
Load lib exp06_run_audit_17.so failed
Fail to execute function  due to load errorexp06_run_audit_17
Load lib exp06_run_audit_36.so failed
Fail to execute function  due to load errorexp06_run_audit_36
Load lib exp06_run_audit_12.so failed
Fail to execute function  due to load errorexp06_run_audit_12
Load lib exp06_run_audit_25.so failed
Fail to execute function  due to load errorexp06_run_audit_25
Load lib exp06_run_audit_30.so failed
Fail to execute function  due to load errorexp06_run_audit_30
Load lib exp06_run_audit_10.so failed
Fail to execute function  due to load errorexp06_run_audit_10
Load lib exp06_run_audit_29.so failed
Fail to execute function  due to load errorexp06_run_audit_29
Load lib exp06_run_audit_8.so failed
Fail to execute function  due to load errorexp06_run_audit_8
Load lib exp06_run_audit_24.so failed
Fail to execute function  due to load errorexp06_run_audit_24
Load lib exp06_run_audit_4.so failed
Fail to execute function  due to load errorexp06_run_audit_4
Load lib exp06_run_audit_36.so failed
Fail to execute function  due to load errorexp06_run_audit_36
Load lib exp06_run_audit_35.so failed
Fail to execute function  due to load errorexp06_run_audit_35
Load lib exp06_run_audit_3.so failed
Fail to execute function  due to load errorexp06_run_audit_3
Load lib exp06_run_audit_16.so failed
Fail to execute function  due to load errorexp06_run_audit_16
Load lib exp06_run_audit_5.so failed
Fail to execute function  due to load errorexp06_run_audit_5
Load lib exp06_run_audit_27.so failed
Fail to execute function  due to load errorexp06_run_audit_27
Load lib exp06_run_audit_27.so failed
Fail to execute function  due to load errorexp06_run_audit_27
Load lib exp06_run_audit_26.so failed
Fail to execute function  due to load errorexp06_run_audit_26
Load lib exp06_run_audit_15.so failed
Fail to execute function  due to load errorexp06_run_audit_15
Load lib exp06_run_audit_37.so failed
Fail to execute function  due to load errorexp06_run_audit_37
Load lib exp06_run_audit_26.so failed
Fail to execute function  due to load errorexp06_run_audit_26
Load lib exp06_run_audit_18.so failed
Fail to execute function  due to load errorexp06_run_audit_18
Load lib exp06_run_audit_22.so failed
Fail to execute function  due to load errorexp06_run_audit_22
Load lib exp06_run_audit_37.so failed
Fail to execute function  due to load errorexp06_run_audit_37
Load lib exp06_run_audit_20.so failed
Fail to execute function  due to load errorexp06_run_audit_20
Load lib exp06_run_audit_28.so failed
Fail to execute function  due to load errorexp06_run_audit_28
Load lib exp06_run_audit_12.so failed
Fail to execute function  due to load errorexp06_run_audit_12
Load lib exp06_run_audit_38.so failed
Fail to execute function  due to load errorexp06_run_audit_38
Load lib exp06_run_audit_33.so failed
Fail to execute function  due to load errorexp06_run_audit_33
Load lib exp06_run_audit_16.so failed
Fail to execute function  due to load errorexp06_run_audit_16
Load lib exp06_run_audit_16.so failed
Fail to execute function  due to load errorexp06_run_audit_16
Loaded function exp06_run_audit_24. lib_load_elasped: 350, func_load_elasped: 3
Loaded function exp06_run_audit_47. lib_load_elasped: 358, func_load_elasped: 2
Loaded function exp06_run_audit_1. lib_load_elasped: 327, func_load_elasped: 2
Loaded function exp06_marketdata. lib_load_elasped: 4878, func_load_elasped: 2
fail release: invalid id (mem = (nil), size = 48)
force_push: msg_id = 1863500, remain = 75, size = 64
Send to executer failed.force_push: msg_id = 1863514, remain = 75, size = 64
Send to executer failed.force_push: msg_id = 1863431, remain = 75, size = 64
Send to executer failed.force_push: msg_id = 1863445, remain = -53, size = 11
Send to executer failed.force_push: msg_id = 1863442, remain = -53, size = 11
Send to executer failed.force_push: msg_id = 1863507, remain = 75, size = 64
Send to executer failed.force_push: msg_id = 1863504, remain = 75, size = 64
Send to executer failed.force_push: msg_id = 1863529, remain = -53, size = 11
Send to executer failed.force_push: msg_id = 1863483, remain = 75, size = 64
Send to executer failed.force_push: msg_id = 1863530, remain = 75, size = 64
Send to executer failed.force_push: msg_id = 1863419, remain = -55, size = 9
Send to executer failed.force_push: msg_id = 1863485, remain = 75, size = 64
Send to executer failed.