Read file config.yml
Running executor...
Load lib exp06_run_audit_6.so failed
Fail to execute function  due to load errorexp06_run_audit_6
Load lib exp06_run_audit_15.so failed
Fail to execute function  due to load errorexp06_run_audit_15
Loaded function exp06_marketdata. lib_load_elasped: 5474, func_load_elasped: 4
Load lib exp06_run_audit_1.so failed
Fail to execute function  due to load errorexp06_run_audit_1
Load lib exp06_run_audit_5.so failed
Fail to execute function  due to load errorexp06_run_audit_5
Load lib exp06_run_audit_19.so failed
Fail to execute function  due to load errorexp06_run_audit_19
Load lib exp06_run_audit_18.so failed
Fail to execute function  due to load errorexp06_run_audit_18
Load lib exp06_run_audit_12.so failed
Fail to execute function  due to load errorexp06_run_audit_12
Load lib exp06_run_audit_1.so failed
Fail to execute function  due to load errorexp06_run_audit_1
Load lib exp06_run_audit_6.so failed
Fail to execute function  due to load errorexp06_run_audit_6
Load lib exp06_run_audit_13.so failed
Fail to execute function  due to load errorexp06_run_audit_13
Load lib exp06_run_audit_16.so failed
Fail to execute function  due to load errorexp06_run_audit_16
Load lib exp06_run_audit_10.so failed
Fail to execute function  due to load errorexp06_run_audit_10
Load lib exp06_run_audit_14.so failed
Fail to execute function  due to load errorexp06_run_audit_14
Load lib exp06_run_audit_4.so failed
Fail to execute function  due to load errorexp06_run_audit_4
Load lib exp06_run_audit_18.so failed
Fail to execute function  due to load errorexp06_run_audit_18
Load lib exp06_run_audit_20.so failed
Fail to execute function  due to load errorexp06_run_audit_20
Load lib exp06_run_audit_13.so failed
Fail to execute function  due to load errorexp06_run_audit_13
Load lib exp06_run_audit_18.so failed
Fail to execute function  due to load errorexp06_run_audit_18
Load lib exp06_run_audit_1.so failed
Fail to execute function  due to load errorexp06_run_audit_1
Load lib exp06_run_audit_20.so failed
Fail to execute function  due to load errorexp06_run_audit_20
Load lib exp06_run_audit_15.so failed
Fail to execute function  due to load errorexp06_run_audit_15
Load lib exp06_run_audit_14.so failed
Fail to execute function  due to load errorexp06_run_audit_14
Load lib exp06_run_audit_12.so failed
Fail to execute function  due to load errorexp06_run_audit_12
Load lib exp06_run_audit_6.so failed
Fail to execute function  due to load errorexp06_run_audit_6
Load lib exp06_run_audit_10.so failed
Fail to execute function  due to load errorexp06_run_audit_10
Load lib exp06_run_audit_13.so failed
Fail to execute function  due to load errorexp06_run_audit_13
Load lib exp06_run_audit_7.so failed
Fail to execute function  due to load errorexp06_run_audit_7
Load lib exp06_run_audit_20.so failed
Fail to execute function  due to load errorexp06_run_audit_20
Load lib exp06_run_audit_4.so failed
Fail to execute function  due to load errorexp06_run_audit_4
Load lib exp06_run_audit_15.so failed
Fail to execute function  due to load errorexp06_run_audit_15
Load lib exp06_run_audit_1.so failed
Fail to execute function  due to load errorexp06_run_audit_1
Load lib exp06_run_audit_5.so failed
Fail to execute function  due to load errorexp06_run_audit_5
Load lib exp06_run_audit_20.so failed
Fail to execute function  due to load errorexp06_run_audit_20
Load lib exp06_run_audit_7.so failed
Fail to execute function  due to load errorexp06_run_audit_7
Load lib exp06_run_audit_19.so failed
Fail to execute function  due to load errorexp06_run_audit_19
Load lib exp06_run_audit_19.so failed
Fail to execute function  due to load errorexp06_run_audit_19
Load lib exp06_run_audit_20.so failed
Fail to execute function  due to load errorexp06_run_audit_20
Load lib exp06_run_audit_13.so failed
Fail to execute function  due to load errorexp06_run_audit_13
Load lib exp06_run_audit_5.so failed
Fail to execute function  due to load errorexp06_run_audit_5
Load lib exp06_run_audit_1.so failed
Fail to execute function  due to load errorexp06_run_audit_1
Load lib exp06_run_audit_19.so failed
Fail to execute function  due to load errorexp06_run_audit_19
Load lib exp06_run_audit_12.so failed
Fail to execute function  due to load errorexp06_run_audit_12
Load lib exp06_run_audit_5.so failed
Fail to execute function  due to load errorexp06_run_audit_5
Load lib exp06_run_audit_10.so failed
Fail to execute function  due to load errorexp06_run_audit_10
Load lib exp06_run_audit_12.so failed
Fail to execute function  due to load errorexp06_run_audit_12
Load lib exp06_run_audit_14.so failed
Fail to execute function  due to load errorexp06_run_audit_14
Load lib exp06_run_audit_7.so failed
Fail to execute function  due to load errorexp06_run_audit_7
Load lib exp06_run_audit_7.so failed
Fail to execute function  due to load errorexp06_run_audit_7
Load lib exp06_run_audit_17.so failed
Fail to execute function  due to load errorexp06_run_audit_17
Load lib exp06_run_audit_18.so failed
Fail to execute function  due to load errorexp06_run_audit_18
Load lib exp06_run_audit_1.so failed
Fail to execute function  due to load errorexp06_run_audit_1
Load lib exp06_run_audit_12.so failed
Fail to execute function  due to load errorexp06_run_audit_12
Load lib exp06_run_audit_11.so failed
Fail to execute function  due to load errorexp06_run_audit_11
Load lib exp06_run_audit_17.so failed
Fail to execute function  due to load errorexp06_run_audit_17
Load lib exp06_run_audit_2.so failed
Fail to execute function  due to load errorexp06_run_audit_2
Load lib exp06_run_audit_15.so failed
Fail to execute function  due to load errorexp06_run_audit_15
Load lib exp06_run_audit_11.so failed
Fail to execute function  due to load errorexp06_run_audit_11
Load lib exp06_run_audit_3.so failed
Fail to execute function  due to load errorexp06_run_audit_3
Load lib exp06_run_audit_6.so failed
Fail to execute function  due to load errorexp06_run_audit_6
Load lib exp06_run_audit_20.so failed
Fail to execute function  due to load errorexp06_run_audit_20
Load lib exp06_run_audit_2.so failed
Fail to execute function  due to load errorexp06_run_audit_2
Load lib exp06_run_audit_5.so failed
Fail to execute function  due to load errorexp06_run_audit_5
Load lib exp06_run_audit_11.so failed
Fail to execute function  due to load errorexp06_run_audit_11
Load lib exp06_run_audit_16.so failed
Fail to execute function  due to load errorexp06_run_audit_16
Load lib exp06_run_audit_17.so failed
Fail to execute function  due to load errorexp06_run_audit_17
Load lib exp06_run_audit_16.so failed
Fail to execute function  due to load errorexp06_run_audit_16
Load lib exp06_run_audit_12.so failed
Fail to execute function  due to load errorexp06_run_audit_12
Load lib exp06_run_audit_15.so failed
Fail to execute function  due to load errorexp06_run_audit_15
Load lib exp06_run_audit_17.so failed
Fail to execute function  due to load errorexp06_run_audit_17
Load lib exp06_run_audit_17.so failed
Fail to execute function  due to load errorexp06_run_audit_17
Load lib exp06_run_audit_20.so failed
Fail to execute function  due to load errorexp06_run_audit_20
Load lib exp06_run_audit_16.so failed
Fail to execute function  due to load errorexp06_run_audit_16
Load lib exp06_run_audit_18.so failed
Fail to execute function  due to load errorexp06_run_audit_18
Load lib exp06_run_audit_1.so failed
Fail to execute function  due to load errorexp06_run_audit_1
Load lib exp06_run_audit_12.so failed
Fail to execute function  due to load errorexp06_run_audit_12
Load lib exp06_run_audit_12.so failed
Fail to execute function  due to load errorexp06_run_audit_12
Load lib exp06_run_audit_16.so failed
Fail to execute function  due to load errorexp06_run_audit_16
Load lib exp06_run_audit_2.so failed
Fail to execute function  due to load errorexp06_run_audit_2
Load lib exp06_run_audit_2.so failed
Fail to execute function  due to load errorexp06_run_audit_2
Load lib exp06_run_audit_10.so failed
Fail to execute function  due to load errorexp06_run_audit_10
Load lib exp06_run_audit_1.so failed
Fail to execute function  due to load errorexp06_run_audit_1
Load lib exp06_run_audit_4.so failed
Fail to execute function  due to load errorexp06_run_audit_4
Load lib exp06_run_audit_11.so failed
Fail to execute function  due to load errorexp06_run_audit_11
Load lib exp06_run_audit_6.so failed
Fail to execute function  due to load errorexp06_run_audit_6
Load lib exp06_run_audit_5.so failed
Fail to execute function  due to load errorexp06_run_audit_5
Load lib exp06_run_audit_7.so failed
Fail to execute function  due to load errorexp06_run_audit_7
Load lib exp06_run_audit_9.so failed
Fail to execute function  due to load errorexp06_run_audit_9
Load lib exp06_run_audit_8.so failed
Fail to execute function  due to load errorexp06_run_audit_8
Load lib exp06_run_audit_3.so failed
Fail to execute function  due to load errorexp06_run_audit_3
Load lib exp06_run_audit_20.so failed
Fail to execute function  due to load errorexp06_run_audit_20
Load lib exp06_run_audit_10.so failed
Fail to execute function  due to load errorexp06_run_audit_10
Load lib exp06_run_audit_4.so failed
Fail to execute function  due to load errorexp06_run_audit_4
Load lib exp06_run_audit_9.so failed
Fail to execute function  due to load errorexp06_run_audit_9
Load lib exp06_run_audit_8.so failed
Fail to execute function  due to load errorexp06_run_audit_8
Load lib exp06_run_audit_13.so failed
Fail to execute function  due to load errorexp06_run_audit_13
Load lib exp06_run_audit_20.so failed
Fail to execute function  due to load errorexp06_run_audit_20
Load lib exp06_run_audit_7.so failed
Fail to execute function  due to load errorexp06_run_audit_7
Load lib exp06_run_audit_3.so failed
Fail to execute function  due to load errorexp06_run_audit_3
Load lib exp06_run_audit_2.so failed
Fail to execute function  due to load errorexp06_run_audit_2
Load lib exp06_run_audit_7.so failed
Fail to execute function  due to load errorexp06_run_audit_7
Load lib exp06_run_audit_11.so failed
Fail to execute function  due to load errorexp06_run_audit_11
Load lib exp06_run_audit_20.so failed
Fail to execute function  due to load errorexp06_run_audit_20
Load lib exp06_run_audit_16.so failed
Fail to execute function  due to load errorexp06_run_audit_16
Load lib exp06_run_audit_16.so failed
Fail to execute function  due to load errorexp06_run_audit_16
Load lib exp06_run_audit_2.so failed
Fail to execute function  due to load errorexp06_run_audit_2
Load lib exp06_run_audit_2.so failed
Fail to execute function  due to load errorexp06_run_audit_2
Load lib exp06_run_audit_14.so failed
Fail to execute function  due to load errorexp06_run_audit_14
Load lib exp06_run_audit_12.so failed
Fail to execute function  due to load errorexp06_run_audit_12
Load lib exp06_run_audit_4.so failed
Fail to execute function  due to load errorexp06_run_audit_4
Load lib exp06_run_audit_1.so failed
Fail to execute function  due to load errorexp06_run_audit_1
Load lib exp06_run_audit_16.so failed
Fail to execute function  due to load errorexp06_run_audit_16
Load lib exp06_run_audit_1.so failed
Fail to execute function  due to load errorexp06_run_audit_1
Load lib exp06_run_audit_6.so failed
Fail to execute function  due to load errorexp06_run_audit_6
Loaded function exp06_run_audit_26. lib_load_elasped: 402, func_load_elasped: 2
Loaded function exp06_run_audit_17. lib_load_elasped: 333, func_load_elasped: 2
Loaded function exp06_run_audit_19. lib_load_elasped: 462, func_load_elasped: 3
Loaded function exp06_run_audit_1. lib_load_elasped: 337, func_load_elasped: 1
Loaded function exp06_run_audit_13. lib_load_elasped: 393, func_load_elasped: 2
Loaded function exp06_run_audit_59. lib_load_elasped: 342, func_load_elasped: 2
Loaded function exp06_run_audit_6. lib_load_elasped: 348, func_load_elasped: 2
Loaded function exp06_run_audit_55. lib_load_elasped: 330, func_load_elasped: 2
Loaded function exp06_run_audit_25. lib_load_elasped: 343, func_load_elasped: 2
Loaded function exp06_run_audit_56. lib_load_elasped: 653, func_load_elasped: 2
Loaded function exp06_run_audit_49. lib_load_elasped: 361, func_load_elasped: 2
force_push: msg_id = 1859616, remain = 74, size = 64
Send to executer failed.force_push: msg_id = 1859588, remain = 74, size = 64
Send to executer failed.force_push: msg_id = 1859493, remain = 74, size = 64
Send to executer failed.force_push: msg_id = 1859585, remain = 74, size = 64
Send to executer failed.force_push: msg_id = 1859590, remain = 74, size = 64
Send to executer failed.force_push: msg_id = 1859445, remain = 8, size = 64
Send to executer failed.force_push: msg_id = 1859597, remain = 74, size = 64
Send to executer failed.force_push: msg_id = 1859509, remain = 74, size = 64
Send to executer failed.force_push: msg_id = 1859580, remain = 74, size = 64
Send to executer failed.force_push: msg_id = 1859389, remain = 8, size = 64
Send to executer failed.force_push: msg_id = 1859548, remain = 74, size = 64
Send to executer failed.force_push: msg_id = 1859495, remain = 74, size = 64
Send to executer failed.force_push: msg_id = 1859587, remain = 74, size = 64
Send to executer failed.force_push: msg_id = 1859536, remain = 74, size = 64
Send to executer failed.force_push: msg_id = 1859473, remain = 72, size = 64
Send to executer failed.force_push: msg_id = 1859584, remain = 74, size = 64
Send to executer failed.force_push: msg_id = 1859573, remain = 74, size = 64
Send to executer failed.force_push: msg_id = 1859376, remain = 72, size = 64
Send to executer failed.force_push: msg_id = 1859512, remain = 74, size = 64
Send to executer failed.force_push: msg_id = 1859561, remain = 74, size = 64
Send to executer failed.force_push: msg_id = 1859550, remain = 74, size = 64
Send to executer failed.force_push: msg_id = 1859611, remain = 74, size = 64
Send to executer failed.force_push: msg_id = 1859589, remain = 74, size = 64
Send to executer failed.force_push: msg_id = 1859598, remain = 74, size = 64
Send to executer failed.force_push: msg_id = 1859516, remain = 74, size = 64
Send to executer failed.force_push: msg_id = 1859602, remain = 74, size = 64
Send to executer failed.force_push: msg_id = 1859586, remain = 74, size = 64
Send to executer failed.force_push: msg_id = 1859615, remain = 74, size = 64
Send to executer failed.force_push: msg_id = 1859563, remain = 74, size = 64
Send to executer failed.force_push: msg_id = 1859526, remain = 74, size = 64
Send to executer failed.force_push: msg_id = 1859555, remain = 74, size = 64
Send to executer failed.force_push: msg_id = 1859521, remain = 74, size = 64
Send to executer failed.force_push: msg_id = 1859572, remain = 74, size = 64
Send to executer failed.force_push: msg_id = 1859564, remain = 74, size = 64
Send to executer failed.force_push: msg_id = 1859554, remain = 74, size = 64
Send to executer failed.force_push: msg_id = 1859421, remain = 72, size = 64
Send to executer failed.force_push: msg_id = 1859617, remain = 74, size = 64
Send to executer failed.force_push: msg_id = 1859583, remain = 74, size = 64
Send to executer failed.force_push: msg_id = 1859614, remain = 10, size = 64
Send to executer failed.force_push: msg_id = 1859601, remain = 74, size = 64
Send to executer failed.force_push: msg_id = 1859508, remain = 74, size = 64
Send to executer failed.force_push: msg_id = 1859618, remain = 74, size = 64
Send to executer failed.force_push: msg_id = 1859613, remain = 10, size = 64
Send to executer failed.force_push: msg_id = 1859562, remain = 10, size = 64
Send to executer failed.force_push: msg_id = 1859591, remain = -54, size = 10
Send to executer failed.force_push: msg_id = 1859380, remain = 72, size = 64
Send to executer failed.force_push: msg_id = 1859510, remain = 10, size = 64
Send to executer failed.force_push: msg_id = 1859474, remain = 8, size = 64
Send to executer failed.force_push: msg_id = 1859520, remain = 74, size = 64
Send to executer failed.force_push: msg_id = 1859507, remain = 74, size = 64
Send to executer failed.force_push: msg_id = 1859494, remain = -54, size = 10
Send to executer failed.force_push: msg_id = 1859500, remain = 74, size = 64
Send to executer failed.force_push: msg_id = 1859571, remain = 74, size = 64
Send to executer failed.force_push: msg_id = 1859489, remain = 74, size = 64
Send to executer failed.force_push: msg_id = 1859422, remain = -56, size = 8
Send to executer failed.Loaded function exp06_run_audit_48. lib_load_elasped: 436, func_load_elasped: 2
force_push: msg_id = 1862835, remain = 75, size = 64
Send to executer failed.