Read file config.yml
Running executor...
Load lib exp06_run_audit_21.so failed
Fail to execute function  due to load errorexp06_run_audit_21
Load lib exp06_run_audit_4.so failed
Fail to execute function  due to load errorexp06_run_audit_4
Load lib exp06_run_audit_27.so failed
Fail to execute function  due to load errorexp06_run_audit_27
Load lib exp06_run_audit_17.so failed
Fail to execute function  due to load errorexp06_run_audit_17
Load lib exp06_run_audit_13.so failed
Fail to execute function  due to load errorexp06_run_audit_13
Load lib exp06_run_audit_9.so failed
Fail to execute function  due to load errorexp06_run_audit_9
Load lib exp06_run_audit_18.so failed
Fail to execute function  due to load errorexp06_run_audit_18
Load lib exp06_run_audit_15.so failed
Fail to execute function  due to load errorexp06_run_audit_15
Load lib exp06_run_audit_38.so failed
Fail to execute function  due to load errorexp06_run_audit_38
Load lib exp06_run_audit_6.so failed
Fail to execute function  due to load errorexp06_run_audit_6
Load lib exp06_run_audit_35.so failed
Fail to execute function  due to load errorexp06_run_audit_35
Load lib exp06_run_audit_33.so failed
Fail to execute function  due to load errorexp06_run_audit_33
Load lib exp06_run_audit_33.so failed
Fail to execute function  due to load errorexp06_run_audit_33
Load lib exp06_run_audit_2.so failed
Fail to execute function  due to load errorexp06_run_audit_2
Load lib exp06_run_audit_1.so failed
Fail to execute function  due to load errorexp06_run_audit_1
Load lib exp06_run_audit_8.so failed
Fail to execute function  due to load errorexp06_run_audit_8
Load lib exp06_run_audit_3.so failed
Fail to execute function  due to load errorexp06_run_audit_3
Load lib exp06_run_audit_19.so failed
Fail to execute function  due to load errorexp06_run_audit_19
Load lib exp06_run_audit_24.so failed
Fail to execute function  due to load errorexp06_run_audit_24
Load lib exp06_run_audit_9.so failed
Fail to execute function  due to load errorexp06_run_audit_9
Load lib exp06_run_audit_22.so failed
Fail to execute function  due to load errorexp06_run_audit_22
Load lib exp06_run_audit_36.so failed
Fail to execute function  due to load errorexp06_run_audit_36
Load lib exp06_run_audit_37.so failed
Fail to execute function  due to load errorexp06_run_audit_37
Load lib exp06_run_audit_10.so failed
Fail to execute function  due to load errorexp06_run_audit_10
Load lib exp06_run_audit_12.so failed
Fail to execute function  due to load errorexp06_run_audit_12
Load lib exp06_run_audit_17.so failed
Fail to execute function  due to load errorexp06_run_audit_17
Load lib exp06_run_audit_32.so failed
Fail to execute function  due to load errorexp06_run_audit_32
Load lib exp06_run_audit_31.so failed
Fail to execute function  due to load errorexp06_run_audit_31
Load lib exp06_run_audit_34.so failed
Fail to execute function  due to load errorexp06_run_audit_34
Load lib exp06_run_audit_38.so failed
Fail to execute function  due to load errorexp06_run_audit_38
Load lib exp06_run_audit_4.so failed
Fail to execute function  due to load errorexp06_run_audit_4
Load lib exp06_run_audit_12.so failed
Fail to execute function  due to load errorexp06_run_audit_12
Load lib exp06_run_audit_37.so failed
Fail to execute function  due to load errorexp06_run_audit_37
Load lib exp06_run_audit_18.so failed
Fail to execute function  due to load errorexp06_run_audit_18
Load lib exp06_run_audit_20.so failed
Fail to execute function  due to load errorexp06_run_audit_20
Load lib exp06_run_audit_22.so failed
Fail to execute function  due to load errorexp06_run_audit_22
Load lib exp06_run_audit_8.so failed
Fail to execute function  due to load errorexp06_run_audit_8
Load lib exp06_run_audit_38.so failed
Fail to execute function  due to load errorexp06_run_audit_38
Load lib exp06_run_audit_5.so failed
Fail to execute function  due to load errorexp06_run_audit_5
Load lib exp06_run_audit_40.so failed
Fail to execute function  due to load errorexp06_run_audit_40
Load lib exp06_run_audit_27.so failed
Fail to execute function  due to load errorexp06_run_audit_27
Load lib exp06_run_audit_24.so failed
Fail to execute function  due to load errorexp06_run_audit_24
Load lib exp06_run_audit_34.so failed
Fail to execute function  due to load errorexp06_run_audit_34
Load lib exp06_run_audit_33.so failed
Fail to execute function  due to load errorexp06_run_audit_33
Load lib exp06_run_audit_26.so failed
Fail to execute function  due to load errorexp06_run_audit_26
Load lib exp06_run_audit_23.so failed
Fail to execute function  due to load errorexp06_run_audit_23
Loaded function exp06_run_audit_13. lib_load_elasped: 329, func_load_elasped: 3
Loaded function exp06_marketdata. lib_load_elasped: 4795, func_load_elasped: 1
fail release: invalid id (mem = (nil), size = 48)
force_push: msg_id = 1856465, remain = 74, size = 64
Send to executer failed.force_push: msg_id = 1856447, remain = 74, size = 64
Send to executer failed.force_push: msg_id = 1856456, remain = 10, size = 64
Send to executer failed.force_push: msg_id = 1856444, remain = -54, size = 10
Send to executer failed.force_push: msg_id = 1856423, remain = 72, size = 64
Send to executer failed.force_push: msg_id = 1856448, remain = 10, size = 64
Send to executer failed.force_push: msg_id = 1856453, remain = -54, size = 10
Send to executer failed.force_push: msg_id = 1856449, remain = -54, size = 10
Send to executer failed.force_push: msg_id = 1856452, remain = 10, size = 64
Send to executer failed.force_push: msg_id = 1856439, remain = 10, size = 64
Send to executer failed.force_push: msg_id = 1856420, remain = -56, size = 8
Send to executer failed.force_push: msg_id = 1856450, remain = 10, size = 64
Send to executer failed.force_push: msg_id = 1856429, remain = -54, size = 10
Send to executer failed.force_push: msg_id = 1856461, remain = -54, size = 10
Send to executer failed.force_push: msg_id = 1856457, remain = -54, size = 10
Send to executer failed.force_push: msg_id = 1856463, remain = 10, size = 64
Send to executer failed.force_push: msg_id = 1856425, remain = -56, size = 8
Send to executer failed.force_push: msg_id = 1856462, remain = -54, size = 10
Send to executer failed.Loaded function exp06_run_audit_16. lib_load_elasped: 417, func_load_elasped: 2
Loaded function exp06_run_audit_42. lib_load_elasped: 362, func_load_elasped: 2
force_push: msg_id = 1863103, remain = 74, size = 64
Send to executer failed.force_push: msg_id = 1863189, remain = 74, size = 64
Send to executer failed.force_push: msg_id = 1863183, remain = 74, size = 64
Send to executer failed.force_push: msg_id = 1863155, remain = 74, size = 64
Send to executer failed.force_push: msg_id = 1863161, remain = -54, size = 10
Send to executer failed.force_push: msg_id = 1863206, remain = 10, size = 64
Send to executer failed.force_push: msg_id = 1863187, remain = 74, size = 64
Send to executer failed.force_push: msg_id = 1863204, remain = -54, size = 10
Send to executer failed.force_push: msg_id = 1863156, remain = 10, size = 64
Send to executer failed.force_push: msg_id = 1863195, remain = 10, size = 64
Send to executer failed.force_push: msg_id = 1863167, remain = 74, size = 64
Send to executer failed.force_push: msg_id = 1863196, remain = 74, size = 64
Send to executer failed.force_push: msg_id = 1863163, remain = -54, size = 10
Send to executer failed.force_push: msg_id = 1863111, remain = 10, size = 64
Send to executer failed.force_push: msg_id = 1863199, remain = 10, size = 64
Send to executer failed.force_push: msg_id = 1863178, remain = 10, size = 64
Send to executer failed.force_push: msg_id = 1863174, remain = 74, size = 64
Send to executer failed.force_push: msg_id = 1863142, remain = 74, size = 64
Send to executer failed.force_push: msg_id = 1863031, remain = -56, size = 8
Send to executer failed.force_push: msg_id = 1863180, remain = -54, size = 10
Send to executer failed.force_push: msg_id = 1863197, remain = 10, size = 64
Send to executer failed.force_push: msg_id = 1863184, remain = 10, size = 64
Send to executer failed.