Read file config.yml
Running executor...
Load lib exp06_run_audit_36.so failed
Fail to execute function  due to load errorexp06_run_audit_36
Load lib exp06_run_audit_22.so failed
Fail to execute function  due to load errorexp06_run_audit_22
Load lib exp06_run_audit_11.so failed
Fail to execute function  due to load errorexp06_run_audit_11
Load lib exp06_run_audit_36.so failed
Fail to execute function  due to load errorexp06_run_audit_36
Load lib exp06_run_audit_39.so failed
Fail to execute function  due to load errorexp06_run_audit_39
Load lib exp06_run_audit_31.so failed
Fail to execute function  due to load errorexp06_run_audit_31
Load lib exp06_run_audit_10.so failed
Fail to execute function  due to load errorexp06_run_audit_10
Load lib exp06_run_audit_8.so failed
Fail to execute function  due to load errorexp06_run_audit_8
Load lib exp06_run_audit_33.so failed
Fail to execute function  due to load errorexp06_run_audit_33
Load lib exp06_run_audit_8.so failed
Fail to execute function  due to load errorexp06_run_audit_8
Load lib exp06_run_audit_34.so failed
Fail to execute function  due to load errorexp06_run_audit_34
Load lib exp06_run_audit_37.so failed
Fail to execute function  due to load errorexp06_run_audit_37
Load lib exp06_run_audit_18.so failed
Fail to execute function  due to load errorexp06_run_audit_18
Load lib exp06_run_audit_11.so failed
Fail to execute function  due to load errorexp06_run_audit_11
Load lib exp06_run_audit_7.so failed
Fail to execute function  due to load errorexp06_run_audit_7
Load lib exp06_run_audit_17.so failed
Fail to execute function  due to load errorexp06_run_audit_17
Load lib exp06_run_audit_30.so failed
Fail to execute function  due to load errorexp06_run_audit_30
Load lib exp06_run_audit_10.so failed
Fail to execute function  due to load errorexp06_run_audit_10
Load lib exp06_run_audit_36.so failed
Fail to execute function  due to load errorexp06_run_audit_36
Load lib exp06_run_audit_22.so failed
Fail to execute function  due to load errorexp06_run_audit_22
Load lib exp06_run_audit_20.so failed
Fail to execute function  due to load errorexp06_run_audit_20
Load lib exp06_run_audit_40.so failed
Fail to execute function  due to load errorexp06_run_audit_40
Load lib exp06_run_audit_21.so failed
Fail to execute function  due to load errorexp06_run_audit_21
Load lib exp06_run_audit_26.so failed
Fail to execute function  due to load errorexp06_run_audit_26
Load lib exp06_run_audit_27.so failed
Fail to execute function  due to load errorexp06_run_audit_27
Load lib exp06_run_audit_14.so failed
Fail to execute function  due to load errorexp06_run_audit_14
Load lib exp06_run_audit_12.so failed
Fail to execute function  due to load errorexp06_run_audit_12
Load lib exp06_run_audit_33.so failed
Fail to execute function  due to load errorexp06_run_audit_33
Load lib exp06_run_audit_39.so failed
Fail to execute function  due to load errorexp06_run_audit_39
Load lib exp06_run_audit_37.so failed
Fail to execute function  due to load errorexp06_run_audit_37
Load lib exp06_run_audit_2.so failed
Fail to execute function  due to load errorexp06_run_audit_2
Load lib exp06_run_audit_13.so failed
Fail to execute function  due to load errorexp06_run_audit_13
Load lib exp06_run_audit_35.so failed
Fail to execute function  due to load errorexp06_run_audit_35
Load lib exp06_run_audit_20.so failed
Fail to execute function  due to load errorexp06_run_audit_20
Load lib exp06_run_audit_38.so failed
Fail to execute function  due to load errorexp06_run_audit_38
Loaded function exp06_marketdata. lib_load_elasped: 4715, func_load_elasped: 3
force_push: msg_id = 1855072, remain = 74, size = 64
Send to executer failed.force_push: msg_id = 1854920, remain = -56, size = 8
Send to executer failed.force_push: msg_id = 1855021, remain = 10, size = 64
Send to executer failed.force_push: msg_id = 1855076, remain = -54, size = 10
Send to executer failed.force_push: msg_id = 1855075, remain = 10, size = 64
Send to executer failed.force_push: msg_id = 1855082, remain = 10, size = 64
Send to executer failed.force_push: msg_id = 1855062, remain = 10, size = 64
Send to executer failed.force_push: msg_id = 1855004, remain = 74, size = 64
Send to executer failed.force_push: msg_id = 1855011, remain = 74, size = 64
Send to executer failed.force_push: msg_id = 1854927, remain = 8, size = 64
Send to executer failed.force_push: msg_id = 1855041, remain = 74, size = 64
Send to executer failed.force_push: msg_id = 1855101, remain = 10, size = 64
Send to executer failed.force_push: msg_id = 1855171, remain = -54, size = 10
Send to executer failed.force_push: msg_id = 1855037, remain = 74, size = 64
Send to executer failed.force_push: msg_id = 1855044, remain = -54, size = 10
Send to executer failed.force_push: msg_id = 1855069, remain = 74, size = 64
Send to executer failed.force_push: msg_id = 1855130, remain = -54, size = 10
Send to executer failed.Loaded function exp06_run_audit_7. lib_load_elasped: 346, func_load_elasped: 2
force_push: msg_id = 1864370, remain = 74, size = 64
Send to executer failed.force_push: msg_id = 1864304, remain = 72, size = 64
Send to executer failed.force_push: msg_id = 1864394, remain = 74, size = 64
Send to executer failed.force_push: msg_id = 1864316, remain = 10, size = 64
Send to executer failed.force_push: msg_id = 1864329, remain = 74, size = 64
Send to executer failed.force_push: msg_id = 1864355, remain = 10, size = 64
Send to executer failed.force_push: msg_id = 1864311, remain = -54, size = 10
Send to executer failed.force_push: msg_id = 1864383, remain = 74, size = 64
Send to executer failed.force_push: msg_id = 1864341, remain = 74, size = 64
Send to executer failed.force_push: msg_id = 1864393, remain = -54, size = 10
Send to executer failed.force_push: msg_id = 1864366, remain = 10, size = 64
Send to executer failed.