I0419 11:49:00.780079 Main        (593411) /home/lgw/Lumine-benchmarks/Lumine/lib/base/thread.cpp:96] Register main thread: tid=593411
I0419 11:49:00.783373 Main        (593411) /home/lgw/Lumine-benchmarks/Lumine/lib/common/config.cpp:332] Load configuration for function exp09Start[1]
I0419 11:49:00.783641 Main        (593411) /home/lgw/Lumine-benchmarks/Lumine/lib/common/config.cpp:332] Load configuration for function exp09End[2]
I0419 11:49:00.783765 Main        (593411) /home/lgw/Lumine-benchmarks/Lumine/lib/common/config.cpp:332] Load configuration for function exp09Register[3]
I0419 11:49:00.784099 Main        (593411) /home/lgw/Lumine-benchmarks/Lumine/src/host/worker/cpp/func_worker.cpp:107] My client_id is 14
I0419 11:49:00.784252 Main        (593411) /home/lgw/Lumine-benchmarks/Lumine/src/host/worker/cpp/func_worker.cpp:173] Use extra pipes for messages
I0419 11:49:00.784596 Main        (593411) /home/lgw/Lumine-benchmarks/Lumine/src/host/worker/cpp/func_worker.cpp:195] Handshake done
I0419 11:49:31.079599 Main        (593411) /home/lgw/Lumine-benchmarks/Experiments/09/src/1_end/end.cpp:48] req_id = 180003, end_time = 1681904971079586
I0419 11:49:31.080470 Main        (593411) /home/lgw/Lumine-benchmarks/Experiments/09/src/1_end/end.cpp:48] req_id = 240003, end_time = 1681904971080466
I0419 11:49:31.885766 Main        (593411) /home/lgw/Lumine-benchmarks/Experiments/09/src/1_end/end.cpp:48] req_id = 180006, end_time = 1681904971885762
I0419 11:49:32.677295 Main        (593411) /home/lgw/Lumine-benchmarks/Experiments/09/src/1_end/end.cpp:48] req_id = 60008, end_time = 1681904972677289
I0419 11:49:32.677630 Main        (593411) /home/lgw/Lumine-benchmarks/Experiments/09/src/1_end/end.cpp:48] req_id = 120007, end_time = 1681904972677627
I0419 11:49:32.683443 Main        (593411) /home/lgw/Lumine-benchmarks/Experiments/09/src/1_end/end.cpp:48] req_id = 180008, end_time = 1681904972683438
I0419 11:49:33.482008 Main        (593411) /home/lgw/Lumine-benchmarks/Experiments/09/src/1_end/end.cpp:48] req_id = 60010, end_time = 1681904973482004
I0419 11:49:33.482421 Main        (593411) /home/lgw/Lumine-benchmarks/Experiments/09/src/1_end/end.cpp:48] req_id = 120009, end_time = 1681904973482418
I0419 11:49:33.482964 Main        (593411) /home/lgw/Lumine-benchmarks/Experiments/09/src/1_end/end.cpp:48] req_id = 180009, end_time = 1681904973482962
I0419 11:49:33.484762 Main        (593411) /home/lgw/Lumine-benchmarks/Experiments/09/src/1_end/end.cpp:48] req_id = 240009, end_time = 1681904973484759
I0419 11:49:33.485257 Main        (593411) /home/lgw/Lumine-benchmarks/Experiments/09/src/1_end/end.cpp:48] req_id = 60011, end_time = 1681904973485255
I0419 11:49:33.486027 Main        (593411) /home/lgw/Lumine-benchmarks/Experiments/09/src/1_end/end.cpp:48] req_id = 240010, end_time = 1681904973486023
I0419 11:49:33.486373 Main        (593411) /home/lgw/Lumine-benchmarks/Experiments/09/src/1_end/end.cpp:48] req_id = 180010, end_time = 1681904973486370
I0419 11:49:33.486669 Main        (593411) /home/lgw/Lumine-benchmarks/Experiments/09/src/1_end/end.cpp:48] req_id = 120010, end_time = 1681904973486666
I0419 11:49:34.275719 Main        (593411) /home/lgw/Lumine-benchmarks/Experiments/09/src/1_end/end.cpp:48] req_id = 60012, end_time = 1681904974275714
I0419 11:49:34.276057 Main        (593411) /home/lgw/Lumine-benchmarks/Experiments/09/src/1_end/end.cpp:48] req_id = 120011, end_time = 1681904974276053
I0419 11:49:34.276362 Main        (593411) /home/lgw/Lumine-benchmarks/Experiments/09/src/1_end/end.cpp:48] req_id = 180011, end_time = 1681904974276360
I0419 11:49:34.280155 Main        (593411) /home/lgw/Lumine-benchmarks/Experiments/09/src/1_end/end.cpp:48] req_id = 240011, end_time = 1681904974280151
I0419 11:49:34.281853 Main        (593411) /home/lgw/Lumine-benchmarks/Experiments/09/src/1_end/end.cpp:48] req_id = 60013, end_time = 1681904974281849
I0419 11:49:34.282188 Main        (593411) /home/lgw/Lumine-benchmarks/Experiments/09/src/1_end/end.cpp:48] req_id = 120012, end_time = 1681904974282185
I0419 11:49:34.282444 Main        (593411) /home/lgw/Lumine-benchmarks/Experiments/09/src/1_end/end.cpp:48] req_id = 240012, end_time = 1681904974282442
I0419 11:49:34.283074 Main        (593411) /home/lgw/Lumine-benchmarks/Experiments/09/src/1_end/end.cpp:48] req_id = 180012, end_time = 1681904974283070
I0419 11:49:35.076847 Main        (593411) /home/lgw/Lumine-benchmarks/Experiments/09/src/1_end/end.cpp:48] req_id = 60014, end_time = 1681904975076842
I0419 11:49:35.077671 Main        (593411) /home/lgw/Lumine-benchmarks/Experiments/09/src/1_end/end.cpp:48] req_id = 120013, end_time = 1681904975077668
I0419 11:49:35.078654 Main        (593411) /home/lgw/Lumine-benchmarks/Experiments/09/src/1_end/end.cpp:48] req_id = 180013, end_time = 1681904975078651
I0419 11:49:35.078869 Main        (593411) /home/lgw/Lumine-benchmarks/Experiments/09/src/1_end/end.cpp:48] req_id = 240013, end_time = 1681904975078865
I0419 11:49:35.079485 Main        (593411) /home/lgw/Lumine-benchmarks/Experiments/09/src/1_end/end.cpp:48] req_id = 60015, end_time = 1681904975079482
I0419 11:49:35.082719 Main        (593411) /home/lgw/Lumine-benchmarks/Experiments/09/src/1_end/end.cpp:48] req_id = 120014, end_time = 1681904975082715
I0419 11:49:35.083571 Main        (593411) /home/lgw/Lumine-benchmarks/Experiments/09/src/1_end/end.cpp:48] req_id = 240014, end_time = 1681904975083566
I0419 11:49:35.886361 Main        (593411) /home/lgw/Lumine-benchmarks/Experiments/09/src/1_end/end.cpp:48] req_id = 240015, end_time = 1681904975886357
I0419 11:49:35.889880 Main        (593411) /home/lgw/Lumine-benchmarks/Experiments/09/src/1_end/end.cpp:48] req_id = 240016, end_time = 1681904975889875
I0419 11:49:36.676971 Main        (593411) /home/lgw/Lumine-benchmarks/Experiments/09/src/1_end/end.cpp:48] req_id = 60018, end_time = 1681904976676966
I0419 11:49:36.757272 Main        (593411) /home/lgw/Lumine-benchmarks/Experiments/09/src/1_end/end.cpp:48] req_id = 180018, end_time = 1681904976757267
I0419 11:49:37.481938 Main        (593411) /home/lgw/Lumine-benchmarks/Experiments/09/src/1_end/end.cpp:48] req_id = 240019, end_time = 1681904977481933
I0419 11:49:37.483454 Main        (593411) /home/lgw/Lumine-benchmarks/Experiments/09/src/1_end/end.cpp:48] req_id = 180019, end_time = 1681904977483450
I0419 11:49:37.485185 Main        (593411) /home/lgw/Lumine-benchmarks/Experiments/09/src/1_end/end.cpp:48] req_id = 60021, end_time = 1681904977485181
I0419 11:49:38.283029 Main        (593411) /home/lgw/Lumine-benchmarks/Experiments/09/src/1_end/end.cpp:48] req_id = 240022, end_time = 1681904978283024
I0419 11:49:39.080657 Main        (593411) /home/lgw/Lumine-benchmarks/Experiments/09/src/1_end/end.cpp:48] req_id = 180024, end_time = 1681904979080652
I0419 11:49:39.081157 Main        (593411) /home/lgw/Lumine-benchmarks/Experiments/09/src/1_end/end.cpp:48] req_id = 60024, end_time = 1681904979081154
I0419 11:49:39.081417 Main        (593411) /home/lgw/Lumine-benchmarks/Experiments/09/src/1_end/end.cpp:48] req_id = 120023, end_time = 1681904979081414
I0419 11:49:39.081837 Main        (593411) /home/lgw/Lumine-benchmarks/Experiments/09/src/1_end/end.cpp:48] req_id = 180023, end_time = 1681904979081834
I0419 11:49:39.083165 Main        (593411) /home/lgw/Lumine-benchmarks/Experiments/09/src/1_end/end.cpp:48] req_id = 240023, end_time = 1681904979083161
I0419 11:49:39.083413 Main        (593411) /home/lgw/Lumine-benchmarks/Experiments/09/src/1_end/end.cpp:48] req_id = 60025, end_time = 1681904979083409
I0419 11:49:40.679562 Main        (593411) /home/lgw/Lumine-benchmarks/Experiments/09/src/1_end/end.cpp:48] req_id = 60029, end_time = 1681904980679557
I0419 11:49:40.680878 Main        (593411) /home/lgw/Lumine-benchmarks/Experiments/09/src/1_end/end.cpp:48] req_id = 120028, end_time = 1681904980680874
I0419 11:49:40.681407 Main        (593411) /home/lgw/Lumine-benchmarks/Experiments/09/src/1_end/end.cpp:48] req_id = 180028, end_time = 1681904980681404
I0419 11:49:41.473457 Main        (593411) /home/lgw/Lumine-benchmarks/Experiments/09/src/1_end/end.cpp:48] req_id = 60030, end_time = 1681904981473452
I0419 11:49:41.479327 Main        (593411) /home/lgw/Lumine-benchmarks/Experiments/09/src/1_end/end.cpp:48] req_id = 120029, end_time = 1681904981479322
I0419 11:49:41.479679 Main        (593411) /home/lgw/Lumine-benchmarks/Experiments/09/src/1_end/end.cpp:48] req_id = 180029, end_time = 1681904981479675
I0419 11:49:41.480102 Main        (593411) /home/lgw/Lumine-benchmarks/Experiments/09/src/1_end/end.cpp:48] req_id = 60031, end_time = 1681904981480100
I0419 11:49:41.481002 Main        (593411) /home/lgw/Lumine-benchmarks/Experiments/09/src/1_end/end.cpp:48] req_id = 240029, end_time = 1681904981480999
I0419 11:49:41.483806 Main        (593411) /home/lgw/Lumine-benchmarks/Experiments/09/src/1_end/end.cpp:48] req_id = 180030, end_time = 1681904981483804
I0419 11:49:41.484094 Main        (593411) /home/lgw/Lumine-benchmarks/Experiments/09/src/1_end/end.cpp:48] req_id = 240030, end_time = 1681904981484092
I0419 11:49:42.276338 Main        (593411) /home/lgw/Lumine-benchmarks/Experiments/09/src/1_end/end.cpp:48] req_id = 240031, end_time = 1681904982276333
I0419 11:49:42.276970 Main        (593411) /home/lgw/Lumine-benchmarks/Experiments/09/src/1_end/end.cpp:48] req_id = 180031, end_time = 1681904982276966
I0419 11:49:42.278973 Main        (593411) /home/lgw/Lumine-benchmarks/Experiments/09/src/1_end/end.cpp:48] req_id = 60033, end_time = 1681904982278968
I0419 11:49:42.281484 Main        (593411) /home/lgw/Lumine-benchmarks/Experiments/09/src/1_end/end.cpp:48] req_id = 240032, end_time = 1681904982281479
I0419 11:49:43.875618 Main        (593411) /home/lgw/Lumine-benchmarks/Experiments/09/src/1_end/end.cpp:48] req_id = 240035, end_time = 1681904983875614
I0419 11:49:44.680992 Main        (593411) /home/lgw/Lumine-benchmarks/Experiments/09/src/1_end/end.cpp:48] req_id = 60039, end_time = 1681904984680988
I0419 11:49:44.681602 Main        (593411) /home/lgw/Lumine-benchmarks/Experiments/09/src/1_end/end.cpp:48] req_id = 180038, end_time = 1681904984681599
I0419 11:49:45.477513 Main        (593411) /home/lgw/Lumine-benchmarks/Experiments/09/src/1_end/end.cpp:48] req_id = 60040, end_time = 1681904985477509
I0419 11:49:45.478096 Main        (593411) /home/lgw/Lumine-benchmarks/Experiments/09/src/1_end/end.cpp:48] req_id = 180039, end_time = 1681904985478094
I0419 11:49:45.481703 Main        (593411) /home/lgw/Lumine-benchmarks/Experiments/09/src/1_end/end.cpp:48] req_id = 60041, end_time = 1681904985481700
I0419 11:49:45.482946 Main        (593411) /home/lgw/Lumine-benchmarks/Experiments/09/src/1_end/end.cpp:48] req_id = 120040, end_time = 1681904985482944
I0419 11:49:45.483354 Main        (593411) /home/lgw/Lumine-benchmarks/Experiments/09/src/1_end/end.cpp:48] req_id = 180040, end_time = 1681904985483352
I0419 11:49:45.483711 Main        (593411) /home/lgw/Lumine-benchmarks/Experiments/09/src/1_end/end.cpp:48] req_id = 240040, end_time = 1681904985483709
I0419 11:49:46.277183 Main        (593411) /home/lgw/Lumine-benchmarks/Experiments/09/src/1_end/end.cpp:48] req_id = 120041, end_time = 1681904986277178
I0419 11:49:46.277950 Main        (593411) /home/lgw/Lumine-benchmarks/Experiments/09/src/1_end/end.cpp:48] req_id = 240041, end_time = 1681904986277947
I0419 11:49:47.876422 Main        (593411) /home/lgw/Lumine-benchmarks/Experiments/09/src/1_end/end.cpp:48] req_id = 120045, end_time = 1681904987876417
I0419 11:49:47.876955 Main        (593411) /home/lgw/Lumine-benchmarks/Experiments/09/src/1_end/end.cpp:48] req_id = 180045, end_time = 1681904987876951
I0419 11:49:47.877447 Main        (593411) /home/lgw/Lumine-benchmarks/Experiments/09/src/1_end/end.cpp:48] req_id = 240045, end_time = 1681904987877444
I0419 11:49:47.880520 Main        (593411) /home/lgw/Lumine-benchmarks/Experiments/09/src/1_end/end.cpp:48] req_id = 60047, end_time = 1681904987880515
I0419 11:49:47.881607 Main        (593411) /home/lgw/Lumine-benchmarks/Experiments/09/src/1_end/end.cpp:48] req_id = 180046, end_time = 1681904987881604
I0419 11:49:47.881836 Main        (593411) /home/lgw/Lumine-benchmarks/Experiments/09/src/1_end/end.cpp:48] req_id = 240046, end_time = 1681904987881834
I0419 11:49:48.676420 Main        (593411) /home/lgw/Lumine-benchmarks/Experiments/09/src/1_end/end.cpp:48] req_id = 120047, end_time = 1681904988676416
I0419 11:49:48.677191 Main        (593411) /home/lgw/Lumine-benchmarks/Experiments/09/src/1_end/end.cpp:48] req_id = 180047, end_time = 1681904988677188
I0419 11:49:48.678269 Main        (593411) /home/lgw/Lumine-benchmarks/Experiments/09/src/1_end/end.cpp:48] req_id = 60048, end_time = 1681904988678266
I0419 11:49:48.680922 Main        (593411) /home/lgw/Lumine-benchmarks/Experiments/09/src/1_end/end.cpp:48] req_id = 240047, end_time = 1681904988680920
I0419 11:49:48.682532 Main        (593411) /home/lgw/Lumine-benchmarks/Experiments/09/src/1_end/end.cpp:48] req_id = 60049, end_time = 1681904988682529
I0419 11:49:48.683843 Main        (593411) /home/lgw/Lumine-benchmarks/Experiments/09/src/1_end/end.cpp:48] req_id = 180048, end_time = 1681904988683840
I0419 11:49:48.684294 Main        (593411) /home/lgw/Lumine-benchmarks/Experiments/09/src/1_end/end.cpp:48] req_id = 120048, end_time = 1681904988684292
I0419 11:49:49.484007 Main        (593411) /home/lgw/Lumine-benchmarks/Experiments/09/src/1_end/end.cpp:48] req_id = 180050, end_time = 1681904989484003
I0419 11:49:50.279141 Main        (593411) /home/lgw/Lumine-benchmarks/Experiments/09/src/1_end/end.cpp:48] req_id = 180051, end_time = 1681904990279132
I0419 11:49:50.357812 Main        (593411) /home/lgw/Lumine-benchmarks/Experiments/09/src/1_end/end.cpp:48] req_id = 180052, end_time = 1681904990357806
I0419 11:49:59.083054 Main        (593411) /home/lgw/Lumine-benchmarks/Experiments/09/src/1_end/end.cpp:48] req_id = 240074, end_time = 1681904999083045
I0419 11:49:59.885032 Main        (593411) /home/lgw/Lumine-benchmarks/Experiments/09/src/1_end/end.cpp:48] req_id = 180076, end_time = 1681904999885027
I0419 11:49:59.885298 Main        (593411) /home/lgw/Lumine-benchmarks/Experiments/09/src/1_end/end.cpp:48] req_id = 240076, end_time = 1681904999885293
I0419 11:50:00.676642 Main        (593411) /home/lgw/Lumine-benchmarks/Experiments/09/src/1_end/end.cpp:48] req_id = 60078, end_time = 1681905000676637
I0419 11:50:00.676938 Main        (593411) /home/lgw/Lumine-benchmarks/Experiments/09/src/1_end/end.cpp:48] req_id = 180077, end_time = 1681905000676934
I0419 11:50:00.677361 Main        (593411) /home/lgw/Lumine-benchmarks/Experiments/09/src/1_end/end.cpp:48] req_id = 120077, end_time = 1681905000677357
I0419 11:50:02.278312 Main        (593411) /home/lgw/Lumine-benchmarks/Experiments/09/src/1_end/end.cpp:48] req_id = 180081, end_time = 1681905002278307
I0419 11:50:03.083776 Main        (593411) /home/lgw/Lumine-benchmarks/Experiments/09/src/1_end/end.cpp:48] req_id = 180084, end_time = 1681905003083771
I0419 11:50:03.874410 Main        (593411) /home/lgw/Lumine-benchmarks/Experiments/09/src/1_end/end.cpp:48] req_id = 180085, end_time = 1681905003874405
I0419 11:50:03.875538 Main        (593411) /home/lgw/Lumine-benchmarks/Experiments/09/src/1_end/end.cpp:48] req_id = 60086, end_time = 1681905003875534
I0419 11:50:03.875984 Main        (593411) /home/lgw/Lumine-benchmarks/Experiments/09/src/1_end/end.cpp:48] req_id = 120085, end_time = 1681905003875980
I0419 11:50:03.879146 Main        (593411) /home/lgw/Lumine-benchmarks/Experiments/09/src/1_end/end.cpp:48] req_id = 240085, end_time = 1681905003879135
I0419 11:50:03.882634 Main        (593411) /home/lgw/Lumine-benchmarks/Experiments/09/src/1_end/end.cpp:48] req_id = 120086, end_time = 1681905003882631
I0419 11:50:04.679435 Main        (593411) /home/lgw/Lumine-benchmarks/Experiments/09/src/1_end/end.cpp:48] req_id = 180087, end_time = 1681905004679430
I0419 11:50:05.483911 Main        (593411) /home/lgw/Lumine-benchmarks/Experiments/09/src/1_end/end.cpp:48] req_id = 180090, end_time = 1681905005483906
I0419 11:50:06.276082 Main        (593411) /home/lgw/Lumine-benchmarks/Experiments/09/src/1_end/end.cpp:48] req_id = 120091, end_time = 1681905006276077
I0419 11:50:06.277567 Main        (593411) /home/lgw/Lumine-benchmarks/Experiments/09/src/1_end/end.cpp:48] req_id = 60092, end_time = 1681905006277563
I0419 11:50:06.278652 Main        (593411) /home/lgw/Lumine-benchmarks/Experiments/09/src/1_end/end.cpp:48] req_id = 180091, end_time = 1681905006278648
I0419 11:50:06.280794 Main        (593411) /home/lgw/Lumine-benchmarks/Experiments/09/src/1_end/end.cpp:48] req_id = 120092, end_time = 1681905006280792
I0419 11:50:07.077078 Main        (593411) /home/lgw/Lumine-benchmarks/Experiments/09/src/1_end/end.cpp:48] req_id = 60094, end_time = 1681905007077073
I0419 11:50:07.077478 Main        (593411) /home/lgw/Lumine-benchmarks/Experiments/09/src/1_end/end.cpp:48] req_id = 180093, end_time = 1681905007077472
I0419 11:50:07.078053 Main        (593411) /home/lgw/Lumine-benchmarks/Experiments/09/src/1_end/end.cpp:48] req_id = 120093, end_time = 1681905007078051
I0419 11:50:07.081592 Main        (593411) /home/lgw/Lumine-benchmarks/Experiments/09/src/1_end/end.cpp:48] req_id = 240093, end_time = 1681905007081586
I0419 11:50:07.084454 Main        (593411) /home/lgw/Lumine-benchmarks/Experiments/09/src/1_end/end.cpp:48] req_id = 240094, end_time = 1681905007084449
I0419 11:50:07.084958 Main        (593411) /home/lgw/Lumine-benchmarks/Experiments/09/src/1_end/end.cpp:48] req_id = 180094, end_time = 1681905007084954
I0419 11:50:07.876283 Main        (593411) /home/lgw/Lumine-benchmarks/Experiments/09/src/1_end/end.cpp:48] req_id = 180095, end_time = 1681905007876279
I0419 11:50:07.876500 Main        (593411) /home/lgw/Lumine-benchmarks/Experiments/09/src/1_end/end.cpp:48] req_id = 60097, end_time = 1681905007876498
I0419 11:50:07.876817 Main        (593411) /home/lgw/Lumine-benchmarks/Experiments/09/src/1_end/end.cpp:48] req_id = 60096, end_time = 1681905007876816
I0419 11:50:07.877167 Main        (593411) /home/lgw/Lumine-benchmarks/Experiments/09/src/1_end/end.cpp:48] req_id = 120095, end_time = 1681905007877163
I0419 11:50:09.475588 Main        (593411) /home/lgw/Lumine-benchmarks/Experiments/09/src/1_end/end.cpp:48] req_id = 120099, end_time = 1681905009475583
I0419 11:50:09.476180 Main        (593411) /home/lgw/Lumine-benchmarks/Experiments/09/src/1_end/end.cpp:48] req_id = 240099, end_time = 1681905009476176
I0419 11:50:09.478171 Main        (593411) /home/lgw/Lumine-benchmarks/Experiments/09/src/1_end/end.cpp:48] req_id = 60101, end_time = 1681905009478167
I0419 11:50:09.481366 Main        (593411) /home/lgw/Lumine-benchmarks/Experiments/09/src/1_end/end.cpp:48] req_id = 120100, end_time = 1681905009481362
I0419 11:50:09.481632 Main        (593411) /home/lgw/Lumine-benchmarks/Experiments/09/src/1_end/end.cpp:48] req_id = 240100, end_time = 1681905009481629
I0419 11:50:09.482277 Main        (593411) /home/lgw/Lumine-benchmarks/Experiments/09/src/1_end/end.cpp:48] req_id = 180100, end_time = 1681905009482273
I0419 11:50:10.276161 Main        (593411) /home/lgw/Lumine-benchmarks/Experiments/09/src/1_end/end.cpp:48] req_id = 60102, end_time = 1681905010276151
I0419 11:50:10.277158 Main        (593411) /home/lgw/Lumine-benchmarks/Experiments/09/src/1_end/end.cpp:48] req_id = 120101, end_time = 1681905010277154
I0419 11:50:10.279180 Main        (593411) /home/lgw/Lumine-benchmarks/Experiments/09/src/1_end/end.cpp:48] req_id = 180101, end_time = 1681905010279176
I0419 11:50:10.280327 Main        (593411) /home/lgw/Lumine-benchmarks/Experiments/09/src/1_end/end.cpp:48] req_id = 240101, end_time = 1681905010280322
I0419 11:50:10.281172 Main        (593411) /home/lgw/Lumine-benchmarks/Experiments/09/src/1_end/end.cpp:48] req_id = 180102, end_time = 1681905010281167
I0419 11:50:11.084251 Main        (593411) /home/lgw/Lumine-benchmarks/Experiments/09/src/1_end/end.cpp:48] req_id = 120104, end_time = 1681905011084246
I0419 11:50:11.084600 Main        (593411) /home/lgw/Lumine-benchmarks/Experiments/09/src/1_end/end.cpp:48] req_id = 60105, end_time = 1681905011084595
I0419 11:50:11.877516 Main        (593411) /home/lgw/Lumine-benchmarks/Experiments/09/src/1_end/end.cpp:48] req_id = 120105, end_time = 1681905011877511
I0419 11:50:13.476939 Main        (593411) /home/lgw/Lumine-benchmarks/Experiments/09/src/1_end/end.cpp:48] req_id = 180109, end_time = 1681905013476934
I0419 11:50:13.477318 Main        (593411) /home/lgw/Lumine-benchmarks/Experiments/09/src/1_end/end.cpp:48] req_id = 120109, end_time = 1681905013477314
I0419 11:50:13.480205 Main        (593411) /home/lgw/Lumine-benchmarks/Experiments/09/src/1_end/end.cpp:48] req_id = 180110, end_time = 1681905013480200
I0419 11:50:13.480974 Main        (593411) /home/lgw/Lumine-benchmarks/Experiments/09/src/1_end/end.cpp:48] req_id = 120110, end_time = 1681905013480970
I0419 11:50:13.481324 Main        (593411) /home/lgw/Lumine-benchmarks/Experiments/09/src/1_end/end.cpp:48] req_id = 240110, end_time = 1681905013481322
I0419 11:50:14.275067 Main        (593411) /home/lgw/Lumine-benchmarks/Experiments/09/src/1_end/end.cpp:48] req_id = 60112, end_time = 1681905014275062
I0419 11:50:14.276462 Main        (593411) /home/lgw/Lumine-benchmarks/Experiments/09/src/1_end/end.cpp:48] req_id = 180111, end_time = 1681905014276459
I0419 11:50:14.279919 Main        (593411) /home/lgw/Lumine-benchmarks/Experiments/09/src/1_end/end.cpp:48] req_id = 240111, end_time = 1681905014279916
I0419 11:50:14.282968 Main        (593411) /home/lgw/Lumine-benchmarks/Experiments/09/src/1_end/end.cpp:48] req_id = 240112, end_time = 1681905014282965
I0419 11:50:14.283332 Main        (593411) /home/lgw/Lumine-benchmarks/Experiments/09/src/1_end/end.cpp:48] req_id = 180112, end_time = 1681905014283329
I0419 11:50:15.077120 Main        (593411) /home/lgw/Lumine-benchmarks/Experiments/09/src/1_end/end.cpp:48] req_id = 180113, end_time = 1681905015077115
I0419 11:50:15.081102 Main        (593411) /home/lgw/Lumine-benchmarks/Experiments/09/src/1_end/end.cpp:48] req_id = 60115, end_time = 1681905015081098
I0419 11:50:15.081614 Main        (593411) /home/lgw/Lumine-benchmarks/Experiments/09/src/1_end/end.cpp:48] req_id = 240114, end_time = 1681905015081611
I0419 11:50:15.082443 Main        (593411) /home/lgw/Lumine-benchmarks/Experiments/09/src/1_end/end.cpp:48] req_id = 120114, end_time = 1681905015082438
I0419 11:50:15.083005 Main        (593411) /home/lgw/Lumine-benchmarks/Experiments/09/src/1_end/end.cpp:48] req_id = 180114, end_time = 1681905015083002
I0419 11:50:15.875474 Main        (593411) /home/lgw/Lumine-benchmarks/Experiments/09/src/1_end/end.cpp:48] req_id = 60116, end_time = 1681905015875470
I0419 11:50:15.878945 Main        (593411) /home/lgw/Lumine-benchmarks/Experiments/09/src/1_end/end.cpp:48] req_id = 180115, end_time = 1681905015878942
I0419 11:50:15.879860 Main        (593411) /home/lgw/Lumine-benchmarks/Experiments/09/src/1_end/end.cpp:48] req_id = 120115, end_time = 1681905015879857
I0419 11:50:15.881714 Main        (593411) /home/lgw/Lumine-benchmarks/Experiments/09/src/1_end/end.cpp:48] req_id = 240115, end_time = 1681905015881711
I0419 11:50:15.883210 Main        (593411) /home/lgw/Lumine-benchmarks/Experiments/09/src/1_end/end.cpp:48] req_id = 240116, end_time = 1681905015883207
I0419 11:50:15.883438 Main        (593411) /home/lgw/Lumine-benchmarks/Experiments/09/src/1_end/end.cpp:48] req_id = 180116, end_time = 1681905015883437
I0419 11:50:15.883955 Main        (593411) /home/lgw/Lumine-benchmarks/Experiments/09/src/1_end/end.cpp:48] req_id = 120116, end_time = 1681905015883953
I0419 11:50:16.674549 Main        (593411) /home/lgw/Lumine-benchmarks/Experiments/09/src/1_end/end.cpp:48] req_id = 60118, end_time = 1681905016674541
I0419 11:50:16.675695 Main        (593411) /home/lgw/Lumine-benchmarks/Experiments/09/src/1_end/end.cpp:48] req_id = 120117, end_time = 1681905016675690
I0419 11:50:16.682495 Main        (593411) /home/lgw/Lumine-benchmarks/Experiments/09/src/1_end/end.cpp:48] req_id = 240118, end_time = 1681905016682490
I0419 11:50:16.683279 Main        (593411) /home/lgw/Lumine-benchmarks/Experiments/09/src/1_end/end.cpp:48] req_id = 180118, end_time = 1681905016683275
I0419 11:50:16.777291 Main        (593411) /home/lgw/Lumine-benchmarks/Experiments/09/src/1_end/end.cpp:48] req_id = 120118, end_time = 1681905016777286
I0419 11:50:17.476730 Main        (593411) /home/lgw/Lumine-benchmarks/Experiments/09/src/1_end/end.cpp:48] req_id = 60120, end_time = 1681905017476724
I0419 11:50:17.477529 Main        (593411) /home/lgw/Lumine-benchmarks/Experiments/09/src/1_end/end.cpp:48] req_id = 120119, end_time = 1681905017477525
I0419 11:50:17.479041 Main        (593411) /home/lgw/Lumine-benchmarks/Experiments/09/src/1_end/end.cpp:48] req_id = 240119, end_time = 1681905017479039
I0419 11:50:17.479920 Main        (593411) /home/lgw/Lumine-benchmarks/Experiments/09/src/1_end/end.cpp:48] req_id = 180119, end_time = 1681905017479917
I0419 11:50:17.480185 Main        (593411) /home/lgw/Lumine-benchmarks/Experiments/09/src/1_end/end.cpp:48] req_id = 240120, end_time = 1681905017480182
I0419 11:50:17.481531 Main        (593411) /home/lgw/Lumine-benchmarks/Experiments/09/src/1_end/end.cpp:48] req_id = 120120, end_time = 1681905017481528
I0419 11:50:17.481752 Main        (593411) /home/lgw/Lumine-benchmarks/Experiments/09/src/1_end/end.cpp:48] req_id = 60121, end_time = 1681905017481750
I0419 11:50:18.273057 Main        (593411) /home/lgw/Lumine-benchmarks/Experiments/09/src/1_end/end.cpp:48] req_id = 60122, end_time = 1681905018273051
I0419 11:50:18.276049 Main        (593411) /home/lgw/Lumine-benchmarks/Experiments/09/src/1_end/end.cpp:48] req_id = 120121, end_time = 1681905018276043
I0419 11:50:19.079231 Main        (593411) /home/lgw/Lumine-benchmarks/Experiments/09/src/1_end/end.cpp:48] req_id = 120123, end_time = 1681905019079225
I0419 11:50:19.080209 Main        (593411) /home/lgw/Lumine-benchmarks/Experiments/09/src/1_end/end.cpp:48] req_id = 60125, end_time = 1681905019080206
I0419 11:50:19.885466 Main        (593411) /home/lgw/Lumine-benchmarks/Experiments/09/src/1_end/end.cpp:48] req_id = 180126, end_time = 1681905019885460
I0419 11:50:20.675697 Main        (593411) /home/lgw/Lumine-benchmarks/Experiments/09/src/1_end/end.cpp:48] req_id = 60128, end_time = 1681905020675691
I0419 11:50:20.676158 Main        (593411) /home/lgw/Lumine-benchmarks/Experiments/09/src/1_end/end.cpp:48] req_id = 120127, end_time = 1681905020676153
I0419 11:50:20.680233 Main        (593411) /home/lgw/Lumine-benchmarks/Experiments/09/src/1_end/end.cpp:48] req_id = 120128, end_time = 1681905020680227
I0419 11:50:20.681189 Main        (593411) /home/lgw/Lumine-benchmarks/Experiments/09/src/1_end/end.cpp:48] req_id = 240128, end_time = 1681905020681182
I0419 11:50:20.681643 Main        (593411) /home/lgw/Lumine-benchmarks/Experiments/09/src/1_end/end.cpp:48] req_id = 180128, end_time = 1681905020681638
I0419 11:50:21.477082 Main        (593411) /home/lgw/Lumine-benchmarks/Experiments/09/src/1_end/end.cpp:48] req_id = 180129, end_time = 1681905021477075
I0419 11:50:21.478178 Main        (593411) /home/lgw/Lumine-benchmarks/Experiments/09/src/1_end/end.cpp:48] req_id = 60130, end_time = 1681905021478172
I0419 11:50:21.485063 Main        (593411) /home/lgw/Lumine-benchmarks/Experiments/09/src/1_end/end.cpp:48] req_id = 180130, end_time = 1681905021485057
I0419 11:50:22.276042 Main        (593411) /home/lgw/Lumine-benchmarks/Experiments/09/src/1_end/end.cpp:48] req_id = 180131, end_time = 1681905022276036
I0419 11:50:23.085006 Main        (593411) /home/lgw/Lumine-benchmarks/Experiments/09/src/1_end/end.cpp:48] req_id = 120134, end_time = 1681905023084995
I0419 11:50:23.085406 Main        (593411) /home/lgw/Lumine-benchmarks/Experiments/09/src/1_end/end.cpp:48] req_id = 180134, end_time = 1681905023085402
I0419 11:50:23.877314 Main        (593411) /home/lgw/Lumine-benchmarks/Experiments/09/src/1_end/end.cpp:48] req_id = 240135, end_time = 1681905023877310
I0419 11:50:23.877578 Main        (593411) /home/lgw/Lumine-benchmarks/Experiments/09/src/1_end/end.cpp:48] req_id = 120135, end_time = 1681905023877573
I0419 11:50:24.684848 Main        (593411) /home/lgw/Lumine-benchmarks/Experiments/09/src/1_end/end.cpp:48] req_id = 60139, end_time = 1681905024684843
I0419 11:50:24.685073 Main        (593411) /home/lgw/Lumine-benchmarks/Experiments/09/src/1_end/end.cpp:48] req_id = 180138, end_time = 1681905024685069
I0419 11:50:25.475434 Main        (593411) /home/lgw/Lumine-benchmarks/Experiments/09/src/1_end/end.cpp:48] req_id = 60140, end_time = 1681905025475429
I0419 11:50:25.475786 Main        (593411) /home/lgw/Lumine-benchmarks/Experiments/09/src/1_end/end.cpp:48] req_id = 120139, end_time = 1681905025475774
I0419 11:50:25.476989 Main        (593411) /home/lgw/Lumine-benchmarks/Experiments/09/src/1_end/end.cpp:48] req_id = 180139, end_time = 1681905025476984
I0419 11:50:25.477665 Main        (593411) /home/lgw/Lumine-benchmarks/Experiments/09/src/1_end/end.cpp:48] req_id = 240139, end_time = 1681905025477662
I0419 11:50:25.478901 Main        (593411) /home/lgw/Lumine-benchmarks/Experiments/09/src/1_end/end.cpp:48] req_id = 60141, end_time = 1681905025478898
I0419 11:50:25.480213 Main        (593411) /home/lgw/Lumine-benchmarks/Experiments/09/src/1_end/end.cpp:48] req_id = 120140, end_time = 1681905025480210
I0419 11:50:25.481009 Main        (593411) /home/lgw/Lumine-benchmarks/Experiments/09/src/1_end/end.cpp:48] req_id = 240140, end_time = 1681905025481006
I0419 11:50:25.481628 Main        (593411) /home/lgw/Lumine-benchmarks/Experiments/09/src/1_end/end.cpp:48] req_id = 180140, end_time = 1681905025481624
I0419 11:50:26.275965 Main        (593411) /home/lgw/Lumine-benchmarks/Experiments/09/src/1_end/end.cpp:48] req_id = 120141, end_time = 1681905026275960
I0419 11:50:26.276890 Main        (593411) /home/lgw/Lumine-benchmarks/Experiments/09/src/1_end/end.cpp:48] req_id = 180141, end_time = 1681905026276885
I0419 11:50:26.277249 Main        (593411) /home/lgw/Lumine-benchmarks/Experiments/09/src/1_end/end.cpp:48] req_id = 60142, end_time = 1681905026277246
I0419 11:50:26.278239 Main        (593411) /home/lgw/Lumine-benchmarks/Experiments/09/src/1_end/end.cpp:48] req_id = 240141, end_time = 1681905026278236
I0419 11:50:26.279824 Main        (593411) /home/lgw/Lumine-benchmarks/Experiments/09/src/1_end/end.cpp:48] req_id = 60143, end_time = 1681905026279820
I0419 11:50:26.280972 Main        (593411) /home/lgw/Lumine-benchmarks/Experiments/09/src/1_end/end.cpp:48] req_id = 240142, end_time = 1681905026280968
I0419 11:50:26.281348 Main        (593411) /home/lgw/Lumine-benchmarks/Experiments/09/src/1_end/end.cpp:48] req_id = 120142, end_time = 1681905026281346
I0419 11:50:26.281857 Main        (593411) /home/lgw/Lumine-benchmarks/Experiments/09/src/1_end/end.cpp:48] req_id = 180142, end_time = 1681905026281854
I0419 11:50:27.075772 Main        (593411) /home/lgw/Lumine-benchmarks/Experiments/09/src/1_end/end.cpp:48] req_id = 120143, end_time = 1681905027075767
I0419 11:50:27.079051 Main        (593411) /home/lgw/Lumine-benchmarks/Experiments/09/src/1_end/end.cpp:48] req_id = 240143, end_time = 1681905027079047
I0419 11:50:27.080937 Main        (593411) /home/lgw/Lumine-benchmarks/Experiments/09/src/1_end/end.cpp:48] req_id = 180143, end_time = 1681905027080934
I0419 11:50:27.081878 Main        (593411) /home/lgw/Lumine-benchmarks/Experiments/09/src/1_end/end.cpp:48] req_id = 60145, end_time = 1681905027081874
I0419 11:50:27.083512 Main        (593411) /home/lgw/Lumine-benchmarks/Experiments/09/src/1_end/end.cpp:48] req_id = 240144, end_time = 1681905027083508
I0419 11:50:27.083770 Main        (593411) /home/lgw/Lumine-benchmarks/Experiments/09/src/1_end/end.cpp:48] req_id = 120144, end_time = 1681905027083765
I0419 11:50:27.882656 Main        (593411) /home/lgw/Lumine-benchmarks/Experiments/09/src/1_end/end.cpp:48] req_id = 120146, end_time = 1681905027882652
I0419 11:50:28.674284 Main        (593411) /home/lgw/Lumine-benchmarks/Experiments/09/src/1_end/end.cpp:48] req_id = 60148, end_time = 1681905028674279
I0419 11:50:28.676315 Main        (593411) /home/lgw/Lumine-benchmarks/Experiments/09/src/1_end/end.cpp:48] req_id = 120147, end_time = 1681905028676310
I0419 11:50:28.677525 Main        (593411) /home/lgw/Lumine-benchmarks/Experiments/09/src/1_end/end.cpp:48] req_id = 180147, end_time = 1681905028677521
I0419 11:50:28.680753 Main        (593411) /home/lgw/Lumine-benchmarks/Experiments/09/src/1_end/end.cpp:48] req_id = 240147, end_time = 1681905028680748
I0419 11:50:28.683428 Main        (593411) /home/lgw/Lumine-benchmarks/Experiments/09/src/1_end/end.cpp:48] req_id = 60149, end_time = 1681905028683423
I0419 11:50:28.683675 Main        (593411) /home/lgw/Lumine-benchmarks/Experiments/09/src/1_end/end.cpp:48] req_id = 240148, end_time = 1681905028683672
I0419 11:50:28.684527 Main        (593411) /home/lgw/Lumine-benchmarks/Experiments/09/src/1_end/end.cpp:48] req_id = 120148, end_time = 1681905028684519
