I0419 11:49:00.780792 Main        (593413) /home/lgw/Lumine-benchmarks/Lumine/lib/base/thread.cpp:96] Register main thread: tid=593413
I0419 11:49:00.784001 Main        (593413) /home/lgw/Lumine-benchmarks/Lumine/lib/common/config.cpp:332] Load configuration for function exp09Start[1]
I0419 11:49:00.784256 Main        (593413) /home/lgw/Lumine-benchmarks/Lumine/lib/common/config.cpp:332] Load configuration for function exp09End[2]
I0419 11:49:00.784368 Main        (593413) /home/lgw/Lumine-benchmarks/Lumine/lib/common/config.cpp:332] Load configuration for function exp09Register[3]
I0419 11:49:00.784687 Main        (593413) /home/lgw/Lumine-benchmarks/Lumine/src/host/worker/cpp/func_worker.cpp:107] My client_id is 15
I0419 11:49:00.784855 Main        (593413) /home/lgw/Lumine-benchmarks/Lumine/src/host/worker/cpp/func_worker.cpp:173] Use extra pipes for messages
I0419 11:49:00.785187 Main        (593413) /home/lgw/Lumine-benchmarks/Lumine/src/host/worker/cpp/func_worker.cpp:195] Handshake done
I0419 11:49:31.079535 Main        (593413) /home/lgw/Lumine-benchmarks/Experiments/09/src/1_end/end.cpp:48] req_id = 120003, end_time = 1681904971079525
I0419 11:49:31.080672 Main        (593413) /home/lgw/Lumine-benchmarks/Experiments/09/src/1_end/end.cpp:48] req_id = 60005, end_time = 1681904971080668
I0419 11:49:31.081509 Main        (593413) /home/lgw/Lumine-benchmarks/Experiments/09/src/1_end/end.cpp:48] req_id = 240004, end_time = 1681904971081507
I0419 11:49:31.082058 Main        (593413) /home/lgw/Lumine-benchmarks/Experiments/09/src/1_end/end.cpp:48] req_id = 120004, end_time = 1681904971082056
I0419 11:49:31.082340 Main        (593413) /home/lgw/Lumine-benchmarks/Experiments/09/src/1_end/end.cpp:48] req_id = 180004, end_time = 1681904971082338
I0419 11:49:31.879605 Main        (593413) /home/lgw/Lumine-benchmarks/Experiments/09/src/1_end/end.cpp:48] req_id = 60006, end_time = 1681904971879596
I0419 11:49:31.880530 Main        (593413) /home/lgw/Lumine-benchmarks/Experiments/09/src/1_end/end.cpp:48] req_id = 120005, end_time = 1681904971880525
I0419 11:49:31.881640 Main        (593413) /home/lgw/Lumine-benchmarks/Experiments/09/src/1_end/end.cpp:48] req_id = 240005, end_time = 1681904971881635
I0419 11:49:31.882503 Main        (593413) /home/lgw/Lumine-benchmarks/Experiments/09/src/1_end/end.cpp:48] req_id = 180005, end_time = 1681904971882500
I0419 11:49:31.884663 Main        (593413) /home/lgw/Lumine-benchmarks/Experiments/09/src/1_end/end.cpp:48] req_id = 60007, end_time = 1681904971884661
I0419 11:49:31.885170 Main        (593413) /home/lgw/Lumine-benchmarks/Experiments/09/src/1_end/end.cpp:48] req_id = 240006, end_time = 1681904971885166
I0419 11:49:31.885614 Main        (593413) /home/lgw/Lumine-benchmarks/Experiments/09/src/1_end/end.cpp:48] req_id = 120006, end_time = 1681904971885610
I0419 11:49:32.677642 Main        (593413) /home/lgw/Lumine-benchmarks/Experiments/09/src/1_end/end.cpp:48] req_id = 180007, end_time = 1681904972677637
I0419 11:49:32.678181 Main        (593413) /home/lgw/Lumine-benchmarks/Experiments/09/src/1_end/end.cpp:48] req_id = 240007, end_time = 1681904972678177
I0419 11:49:32.682269 Main        (593413) /home/lgw/Lumine-benchmarks/Experiments/09/src/1_end/end.cpp:48] req_id = 120008, end_time = 1681904972682264
I0419 11:49:32.682858 Main        (593413) /home/lgw/Lumine-benchmarks/Experiments/09/src/1_end/end.cpp:48] req_id = 60009, end_time = 1681904972682854
I0419 11:49:32.683311 Main        (593413) /home/lgw/Lumine-benchmarks/Experiments/09/src/1_end/end.cpp:48] req_id = 240008, end_time = 1681904972683307
I0419 11:49:35.083682 Main        (593413) /home/lgw/Lumine-benchmarks/Experiments/09/src/1_end/end.cpp:48] req_id = 180014, end_time = 1681904975083675
I0419 11:49:35.878513 Main        (593413) /home/lgw/Lumine-benchmarks/Experiments/09/src/1_end/end.cpp:48] req_id = 120015, end_time = 1681904975878508
I0419 11:49:35.879174 Main        (593413) /home/lgw/Lumine-benchmarks/Experiments/09/src/1_end/end.cpp:48] req_id = 60016, end_time = 1681904975879170
I0419 11:49:35.881156 Main        (593413) /home/lgw/Lumine-benchmarks/Experiments/09/src/1_end/end.cpp:48] req_id = 180015, end_time = 1681904975881151
I0419 11:49:35.883624 Main        (593413) /home/lgw/Lumine-benchmarks/Experiments/09/src/1_end/end.cpp:48] req_id = 60017, end_time = 1681904975883621
I0419 11:49:35.885005 Main        (593413) /home/lgw/Lumine-benchmarks/Experiments/09/src/1_end/end.cpp:48] req_id = 120016, end_time = 1681904975885001
I0419 11:49:35.886305 Main        (593413) /home/lgw/Lumine-benchmarks/Experiments/09/src/1_end/end.cpp:48] req_id = 180016, end_time = 1681904975886301
I0419 11:49:36.677254 Main        (593413) /home/lgw/Lumine-benchmarks/Experiments/09/src/1_end/end.cpp:48] req_id = 120017, end_time = 1681904976677250
I0419 11:49:36.677542 Main        (593413) /home/lgw/Lumine-benchmarks/Experiments/09/src/1_end/end.cpp:48] req_id = 180017, end_time = 1681904976677538
I0419 11:49:36.678155 Main        (593413) /home/lgw/Lumine-benchmarks/Experiments/09/src/1_end/end.cpp:48] req_id = 240017, end_time = 1681904976678151
I0419 11:49:36.681737 Main        (593413) /home/lgw/Lumine-benchmarks/Experiments/09/src/1_end/end.cpp:48] req_id = 60019, end_time = 1681904976681733
I0419 11:49:36.682103 Main        (593413) /home/lgw/Lumine-benchmarks/Experiments/09/src/1_end/end.cpp:48] req_id = 120018, end_time = 1681904976682100
I0419 11:49:36.757355 Main        (593413) /home/lgw/Lumine-benchmarks/Experiments/09/src/1_end/end.cpp:48] req_id = 240018, end_time = 1681904976757351
I0419 11:49:37.481531 Main        (593413) /home/lgw/Lumine-benchmarks/Experiments/09/src/1_end/end.cpp:48] req_id = 60020, end_time = 1681904977481527
I0419 11:49:37.481864 Main        (593413) /home/lgw/Lumine-benchmarks/Experiments/09/src/1_end/end.cpp:48] req_id = 120019, end_time = 1681904977481860
I0419 11:49:37.485458 Main        (593413) /home/lgw/Lumine-benchmarks/Experiments/09/src/1_end/end.cpp:48] req_id = 240020, end_time = 1681904977485454
I0419 11:49:37.485870 Main        (593413) /home/lgw/Lumine-benchmarks/Experiments/09/src/1_end/end.cpp:48] req_id = 120020, end_time = 1681904977485866
I0419 11:49:37.486122 Main        (593413) /home/lgw/Lumine-benchmarks/Experiments/09/src/1_end/end.cpp:48] req_id = 180020, end_time = 1681904977486117
I0419 11:49:38.275611 Main        (593413) /home/lgw/Lumine-benchmarks/Experiments/09/src/1_end/end.cpp:48] req_id = 60022, end_time = 1681904978275606
I0419 11:49:38.275914 Main        (593413) /home/lgw/Lumine-benchmarks/Experiments/09/src/1_end/end.cpp:48] req_id = 120021, end_time = 1681904978275912
I0419 11:49:38.278978 Main        (593413) /home/lgw/Lumine-benchmarks/Experiments/09/src/1_end/end.cpp:48] req_id = 180022, end_time = 1681904978278975
I0419 11:49:38.280752 Main        (593413) /home/lgw/Lumine-benchmarks/Experiments/09/src/1_end/end.cpp:48] req_id = 240021, end_time = 1681904978280751
I0419 11:49:38.281302 Main        (593413) /home/lgw/Lumine-benchmarks/Experiments/09/src/1_end/end.cpp:48] req_id = 180021, end_time = 1681904978281300
I0419 11:49:38.282051 Main        (593413) /home/lgw/Lumine-benchmarks/Experiments/09/src/1_end/end.cpp:48] req_id = 60023, end_time = 1681904978282049
I0419 11:49:38.282877 Main        (593413) /home/lgw/Lumine-benchmarks/Experiments/09/src/1_end/end.cpp:48] req_id = 120022, end_time = 1681904978282875
I0419 11:49:39.083586 Main        (593413) /home/lgw/Lumine-benchmarks/Experiments/09/src/1_end/end.cpp:48] req_id = 240024, end_time = 1681904979083581
I0419 11:49:39.084215 Main        (593413) /home/lgw/Lumine-benchmarks/Experiments/09/src/1_end/end.cpp:48] req_id = 120024, end_time = 1681904979084213
I0419 11:49:39.877645 Main        (593413) /home/lgw/Lumine-benchmarks/Experiments/09/src/1_end/end.cpp:48] req_id = 60026, end_time = 1681904979877641
I0419 11:49:39.881821 Main        (593413) /home/lgw/Lumine-benchmarks/Experiments/09/src/1_end/end.cpp:48] req_id = 240025, end_time = 1681904979881819
I0419 11:49:39.882406 Main        (593413) /home/lgw/Lumine-benchmarks/Experiments/09/src/1_end/end.cpp:48] req_id = 180025, end_time = 1681904979882404
I0419 11:49:39.882764 Main        (593413) /home/lgw/Lumine-benchmarks/Experiments/09/src/1_end/end.cpp:48] req_id = 120025, end_time = 1681904979882762
I0419 11:49:39.884300 Main        (593413) /home/lgw/Lumine-benchmarks/Experiments/09/src/1_end/end.cpp:48] req_id = 240026, end_time = 1681904979884298
I0419 11:49:39.884984 Main        (593413) /home/lgw/Lumine-benchmarks/Experiments/09/src/1_end/end.cpp:48] req_id = 120026, end_time = 1681904979884982
I0419 11:49:39.885375 Main        (593413) /home/lgw/Lumine-benchmarks/Experiments/09/src/1_end/end.cpp:48] req_id = 180026, end_time = 1681904979885374
I0419 11:49:40.678433 Main        (593413) /home/lgw/Lumine-benchmarks/Experiments/09/src/1_end/end.cpp:48] req_id = 120027, end_time = 1681904980678428
I0419 11:49:40.679282 Main        (593413) /home/lgw/Lumine-benchmarks/Experiments/09/src/1_end/end.cpp:48] req_id = 180027, end_time = 1681904980679280
I0419 11:49:40.679455 Main        (593413) /home/lgw/Lumine-benchmarks/Experiments/09/src/1_end/end.cpp:48] req_id = 60028, end_time = 1681904980679453
I0419 11:49:40.679703 Main        (593413) /home/lgw/Lumine-benchmarks/Experiments/09/src/1_end/end.cpp:48] req_id = 240027, end_time = 1681904980679701
I0419 11:49:40.680740 Main        (593413) /home/lgw/Lumine-benchmarks/Experiments/09/src/1_end/end.cpp:48] req_id = 240028, end_time = 1681904980680738
I0419 11:49:41.483976 Main        (593413) /home/lgw/Lumine-benchmarks/Experiments/09/src/1_end/end.cpp:48] req_id = 120030, end_time = 1681904981483972
I0419 11:49:42.276529 Main        (593413) /home/lgw/Lumine-benchmarks/Experiments/09/src/1_end/end.cpp:48] req_id = 60032, end_time = 1681904982276525
I0419 11:49:42.276924 Main        (593413) /home/lgw/Lumine-benchmarks/Experiments/09/src/1_end/end.cpp:48] req_id = 120031, end_time = 1681904982276921
I0419 11:49:42.281638 Main        (593413) /home/lgw/Lumine-benchmarks/Experiments/09/src/1_end/end.cpp:48] req_id = 120032, end_time = 1681904982281636
I0419 11:49:42.282368 Main        (593413) /home/lgw/Lumine-benchmarks/Experiments/09/src/1_end/end.cpp:48] req_id = 180032, end_time = 1681904982282366
I0419 11:49:43.076147 Main        (593413) /home/lgw/Lumine-benchmarks/Experiments/09/src/1_end/end.cpp:48] req_id = 60034, end_time = 1681904983076143
I0419 11:49:43.078595 Main        (593413) /home/lgw/Lumine-benchmarks/Experiments/09/src/1_end/end.cpp:48] req_id = 180033, end_time = 1681904983078591
I0419 11:49:43.080162 Main        (593413) /home/lgw/Lumine-benchmarks/Experiments/09/src/1_end/end.cpp:48] req_id = 120033, end_time = 1681904983080160
I0419 11:49:43.081337 Main        (593413) /home/lgw/Lumine-benchmarks/Experiments/09/src/1_end/end.cpp:48] req_id = 240033, end_time = 1681904983081335
I0419 11:49:43.081637 Main        (593413) /home/lgw/Lumine-benchmarks/Experiments/09/src/1_end/end.cpp:48] req_id = 60035, end_time = 1681904983081635
I0419 11:49:43.084082 Main        (593413) /home/lgw/Lumine-benchmarks/Experiments/09/src/1_end/end.cpp:48] req_id = 120034, end_time = 1681904983084080
I0419 11:49:43.084275 Main        (593413) /home/lgw/Lumine-benchmarks/Experiments/09/src/1_end/end.cpp:48] req_id = 240034, end_time = 1681904983084273
I0419 11:49:43.084507 Main        (593413) /home/lgw/Lumine-benchmarks/Experiments/09/src/1_end/end.cpp:48] req_id = 180034, end_time = 1681904983084506
I0419 11:49:43.874597 Main        (593413) /home/lgw/Lumine-benchmarks/Experiments/09/src/1_end/end.cpp:48] req_id = 60036, end_time = 1681904983874592
I0419 11:49:43.875427 Main        (593413) /home/lgw/Lumine-benchmarks/Experiments/09/src/1_end/end.cpp:48] req_id = 180035, end_time = 1681904983875422
I0419 11:49:50.357703 Main        (593413) /home/lgw/Lumine-benchmarks/Experiments/09/src/1_end/end.cpp:48] req_id = 120052, end_time = 1681904990357697
I0419 11:49:59.083503 Main        (593413) /home/lgw/Lumine-benchmarks/Experiments/09/src/1_end/end.cpp:48] req_id = 180074, end_time = 1681904999083496
I0419 11:49:59.152438 Main        (593413) /home/lgw/Lumine-benchmarks/Experiments/09/src/1_end/end.cpp:48] req_id = 120074, end_time = 1681904999152432
I0419 11:49:59.876880 Main        (593413) /home/lgw/Lumine-benchmarks/Experiments/09/src/1_end/end.cpp:48] req_id = 60076, end_time = 1681904999876875
I0419 11:49:59.880315 Main        (593413) /home/lgw/Lumine-benchmarks/Experiments/09/src/1_end/end.cpp:48] req_id = 240075, end_time = 1681904999880312
I0419 11:49:59.881585 Main        (593413) /home/lgw/Lumine-benchmarks/Experiments/09/src/1_end/end.cpp:48] req_id = 180075, end_time = 1681904999881582
I0419 11:49:59.881794 Main        (593413) /home/lgw/Lumine-benchmarks/Experiments/09/src/1_end/end.cpp:48] req_id = 120075, end_time = 1681904999881792
I0419 11:49:59.883914 Main        (593413) /home/lgw/Lumine-benchmarks/Experiments/09/src/1_end/end.cpp:48] req_id = 60077, end_time = 1681904999883910
I0419 11:49:59.885024 Main        (593413) /home/lgw/Lumine-benchmarks/Experiments/09/src/1_end/end.cpp:48] req_id = 120076, end_time = 1681904999885022
I0419 11:50:00.677603 Main        (593413) /home/lgw/Lumine-benchmarks/Experiments/09/src/1_end/end.cpp:48] req_id = 240077, end_time = 1681905000677592
I0419 11:50:00.679954 Main        (593413) /home/lgw/Lumine-benchmarks/Experiments/09/src/1_end/end.cpp:48] req_id = 60079, end_time = 1681905000679950
I0419 11:50:00.680759 Main        (593413) /home/lgw/Lumine-benchmarks/Experiments/09/src/1_end/end.cpp:48] req_id = 120078, end_time = 1681905000680755
I0419 11:50:00.681362 Main        (593413) /home/lgw/Lumine-benchmarks/Experiments/09/src/1_end/end.cpp:48] req_id = 180078, end_time = 1681905000681359
I0419 11:50:01.477609 Main        (593413) /home/lgw/Lumine-benchmarks/Experiments/09/src/1_end/end.cpp:48] req_id = 120079, end_time = 1681905001477604
I0419 11:50:01.478267 Main        (593413) /home/lgw/Lumine-benchmarks/Experiments/09/src/1_end/end.cpp:48] req_id = 60080, end_time = 1681905001478263
I0419 11:50:01.479866 Main        (593413) /home/lgw/Lumine-benchmarks/Experiments/09/src/1_end/end.cpp:48] req_id = 180079, end_time = 1681905001479862
I0419 11:50:01.480910 Main        (593413) /home/lgw/Lumine-benchmarks/Experiments/09/src/1_end/end.cpp:48] req_id = 240079, end_time = 1681905001480906
I0419 11:50:01.481807 Main        (593413) /home/lgw/Lumine-benchmarks/Experiments/09/src/1_end/end.cpp:48] req_id = 60081, end_time = 1681905001481803
I0419 11:50:01.483066 Main        (593413) /home/lgw/Lumine-benchmarks/Experiments/09/src/1_end/end.cpp:48] req_id = 120080, end_time = 1681905001483063
I0419 11:50:01.484013 Main        (593413) /home/lgw/Lumine-benchmarks/Experiments/09/src/1_end/end.cpp:48] req_id = 180080, end_time = 1681905001484010
I0419 11:50:02.276928 Main        (593413) /home/lgw/Lumine-benchmarks/Experiments/09/src/1_end/end.cpp:48] req_id = 60083, end_time = 1681905002276923
I0419 11:50:02.277810 Main        (593413) /home/lgw/Lumine-benchmarks/Experiments/09/src/1_end/end.cpp:48] req_id = 240081, end_time = 1681905002277806
I0419 11:50:02.278235 Main        (593413) /home/lgw/Lumine-benchmarks/Experiments/09/src/1_end/end.cpp:48] req_id = 120081, end_time = 1681905002278231
I0419 11:50:07.084435 Main        (593413) /home/lgw/Lumine-benchmarks/Experiments/09/src/1_end/end.cpp:48] req_id = 120094, end_time = 1681905007084426
I0419 11:50:07.877276 Main        (593413) /home/lgw/Lumine-benchmarks/Experiments/09/src/1_end/end.cpp:48] req_id = 240095, end_time = 1681905007877271
I0419 11:50:07.879363 Main        (593413) /home/lgw/Lumine-benchmarks/Experiments/09/src/1_end/end.cpp:48] req_id = 240096, end_time = 1681905007879360
I0419 11:50:07.880839 Main        (593413) /home/lgw/Lumine-benchmarks/Experiments/09/src/1_end/end.cpp:48] req_id = 180096, end_time = 1681905007880835
I0419 11:50:07.881750 Main        (593413) /home/lgw/Lumine-benchmarks/Experiments/09/src/1_end/end.cpp:48] req_id = 120096, end_time = 1681905007881748
I0419 11:50:08.675589 Main        (593413) /home/lgw/Lumine-benchmarks/Experiments/09/src/1_end/end.cpp:48] req_id = 60098, end_time = 1681905008675584
I0419 11:50:08.677706 Main        (593413) /home/lgw/Lumine-benchmarks/Experiments/09/src/1_end/end.cpp:48] req_id = 120097, end_time = 1681905008677703
I0419 11:50:08.680371 Main        (593413) /home/lgw/Lumine-benchmarks/Experiments/09/src/1_end/end.cpp:48] req_id = 180097, end_time = 1681905008680368
I0419 11:50:08.680952 Main        (593413) /home/lgw/Lumine-benchmarks/Experiments/09/src/1_end/end.cpp:48] req_id = 240097, end_time = 1681905008680950
I0419 11:50:08.682473 Main        (593413) /home/lgw/Lumine-benchmarks/Experiments/09/src/1_end/end.cpp:48] req_id = 60099, end_time = 1681905008682470
I0419 11:50:08.683895 Main        (593413) /home/lgw/Lumine-benchmarks/Experiments/09/src/1_end/end.cpp:48] req_id = 240098, end_time = 1681905008683893
I0419 11:50:08.684150 Main        (593413) /home/lgw/Lumine-benchmarks/Experiments/09/src/1_end/end.cpp:48] req_id = 120098, end_time = 1681905008684146
I0419 11:50:08.684348 Main        (593413) /home/lgw/Lumine-benchmarks/Experiments/09/src/1_end/end.cpp:48] req_id = 180098, end_time = 1681905008684346
I0419 11:50:09.474453 Main        (593413) /home/lgw/Lumine-benchmarks/Experiments/09/src/1_end/end.cpp:48] req_id = 180099, end_time = 1681905009474448
I0419 11:50:09.475576 Main        (593413) /home/lgw/Lumine-benchmarks/Experiments/09/src/1_end/end.cpp:48] req_id = 60100, end_time = 1681905009475572
I0419 11:50:10.281183 Main        (593413) /home/lgw/Lumine-benchmarks/Experiments/09/src/1_end/end.cpp:48] req_id = 60103, end_time = 1681905010281178
I0419 11:50:10.281443 Main        (593413) /home/lgw/Lumine-benchmarks/Experiments/09/src/1_end/end.cpp:48] req_id = 120102, end_time = 1681905010281440
I0419 11:50:10.282178 Main        (593413) /home/lgw/Lumine-benchmarks/Experiments/09/src/1_end/end.cpp:48] req_id = 240102, end_time = 1681905010282174
I0419 11:50:11.079032 Main        (593413) /home/lgw/Lumine-benchmarks/Experiments/09/src/1_end/end.cpp:48] req_id = 60104, end_time = 1681905011079028
I0419 11:50:11.079357 Main        (593413) /home/lgw/Lumine-benchmarks/Experiments/09/src/1_end/end.cpp:48] req_id = 120103, end_time = 1681905011079354
I0419 11:50:11.081819 Main        (593413) /home/lgw/Lumine-benchmarks/Experiments/09/src/1_end/end.cpp:48] req_id = 240103, end_time = 1681905011081816
I0419 11:50:11.084075 Main        (593413) /home/lgw/Lumine-benchmarks/Experiments/09/src/1_end/end.cpp:48] req_id = 240104, end_time = 1681905011084070
I0419 11:50:11.084703 Main        (593413) /home/lgw/Lumine-benchmarks/Experiments/09/src/1_end/end.cpp:48] req_id = 180104, end_time = 1681905011084699
I0419 11:50:11.877455 Main        (593413) /home/lgw/Lumine-benchmarks/Experiments/09/src/1_end/end.cpp:48] req_id = 240105, end_time = 1681905011877448
I0419 11:50:11.877731 Main        (593413) /home/lgw/Lumine-benchmarks/Experiments/09/src/1_end/end.cpp:48] req_id = 60106, end_time = 1681905011877729
I0419 11:50:11.878492 Main        (593413) /home/lgw/Lumine-benchmarks/Experiments/09/src/1_end/end.cpp:48] req_id = 120106, end_time = 1681905011878490
I0419 11:50:11.878807 Main        (593413) /home/lgw/Lumine-benchmarks/Experiments/09/src/1_end/end.cpp:48] req_id = 180105, end_time = 1681905011878805
I0419 11:50:11.879526 Main        (593413) /home/lgw/Lumine-benchmarks/Experiments/09/src/1_end/end.cpp:48] req_id = 60107, end_time = 1681905011879524
I0419 11:50:11.880485 Main        (593413) /home/lgw/Lumine-benchmarks/Experiments/09/src/1_end/end.cpp:48] req_id = 180106, end_time = 1681905011880483
I0419 11:50:11.881420 Main        (593413) /home/lgw/Lumine-benchmarks/Experiments/09/src/1_end/end.cpp:48] req_id = 240106, end_time = 1681905011881418
I0419 11:50:12.678519 Main        (593413) /home/lgw/Lumine-benchmarks/Experiments/09/src/1_end/end.cpp:48] req_id = 180107, end_time = 1681905012678514
I0419 11:50:12.678960 Main        (593413) /home/lgw/Lumine-benchmarks/Experiments/09/src/1_end/end.cpp:48] req_id = 240107, end_time = 1681905012678958
I0419 11:50:12.679959 Main        (593413) /home/lgw/Lumine-benchmarks/Experiments/09/src/1_end/end.cpp:48] req_id = 60108, end_time = 1681905012679957
I0419 11:50:12.681306 Main        (593413) /home/lgw/Lumine-benchmarks/Experiments/09/src/1_end/end.cpp:48] req_id = 120107, end_time = 1681905012681304
I0419 11:50:12.683426 Main        (593413) /home/lgw/Lumine-benchmarks/Experiments/09/src/1_end/end.cpp:48] req_id = 60109, end_time = 1681905012683424
I0419 11:50:12.683840 Main        (593413) /home/lgw/Lumine-benchmarks/Experiments/09/src/1_end/end.cpp:48] req_id = 180108, end_time = 1681905012683838
I0419 11:50:12.684106 Main        (593413) /home/lgw/Lumine-benchmarks/Experiments/09/src/1_end/end.cpp:48] req_id = 240108, end_time = 1681905012684104
I0419 11:50:13.476757 Main        (593413) /home/lgw/Lumine-benchmarks/Experiments/09/src/1_end/end.cpp:48] req_id = 60111, end_time = 1681905013476752
I0419 11:50:19.080311 Main        (593413) /home/lgw/Lumine-benchmarks/Experiments/09/src/1_end/end.cpp:48] req_id = 120124, end_time = 1681905019080300
I0419 11:50:19.080569 Main        (593413) /home/lgw/Lumine-benchmarks/Experiments/09/src/1_end/end.cpp:48] req_id = 240124, end_time = 1681905019080566
I0419 11:50:19.082047 Main        (593413) /home/lgw/Lumine-benchmarks/Experiments/09/src/1_end/end.cpp:48] req_id = 180124, end_time = 1681905019082042
I0419 11:50:19.876051 Main        (593413) /home/lgw/Lumine-benchmarks/Experiments/09/src/1_end/end.cpp:48] req_id = 120125, end_time = 1681905019876046
I0419 11:50:19.880138 Main        (593413) /home/lgw/Lumine-benchmarks/Experiments/09/src/1_end/end.cpp:48] req_id = 60126, end_time = 1681905019880134
I0419 11:50:19.880522 Main        (593413) /home/lgw/Lumine-benchmarks/Experiments/09/src/1_end/end.cpp:48] req_id = 180125, end_time = 1681905019880520
I0419 11:50:19.883103 Main        (593413) /home/lgw/Lumine-benchmarks/Experiments/09/src/1_end/end.cpp:48] req_id = 240125, end_time = 1681905019883099
I0419 11:50:19.884737 Main        (593413) /home/lgw/Lumine-benchmarks/Experiments/09/src/1_end/end.cpp:48] req_id = 240126, end_time = 1681905019884733
I0419 11:50:19.885080 Main        (593413) /home/lgw/Lumine-benchmarks/Experiments/09/src/1_end/end.cpp:48] req_id = 60127, end_time = 1681905019885078
I0419 11:50:19.885438 Main        (593413) /home/lgw/Lumine-benchmarks/Experiments/09/src/1_end/end.cpp:48] req_id = 120126, end_time = 1681905019885435
I0419 11:50:21.478264 Main        (593413) /home/lgw/Lumine-benchmarks/Experiments/09/src/1_end/end.cpp:48] req_id = 240129, end_time = 1681905021478259
I0419 11:50:21.480246 Main        (593413) /home/lgw/Lumine-benchmarks/Experiments/09/src/1_end/end.cpp:48] req_id = 120129, end_time = 1681905021480242
I0419 11:50:21.484307 Main        (593413) /home/lgw/Lumine-benchmarks/Experiments/09/src/1_end/end.cpp:48] req_id = 60131, end_time = 1681905021484303
I0419 11:50:21.484648 Main        (593413) /home/lgw/Lumine-benchmarks/Experiments/09/src/1_end/end.cpp:48] req_id = 120130, end_time = 1681905021484645
I0419 11:50:21.484881 Main        (593413) /home/lgw/Lumine-benchmarks/Experiments/09/src/1_end/end.cpp:48] req_id = 240130, end_time = 1681905021484879
I0419 11:50:22.276137 Main        (593413) /home/lgw/Lumine-benchmarks/Experiments/09/src/1_end/end.cpp:48] req_id = 120131, end_time = 1681905022276132
I0419 11:50:22.277222 Main        (593413) /home/lgw/Lumine-benchmarks/Experiments/09/src/1_end/end.cpp:48] req_id = 60132, end_time = 1681905022277218
I0419 11:50:22.277892 Main        (593413) /home/lgw/Lumine-benchmarks/Experiments/09/src/1_end/end.cpp:48] req_id = 240131, end_time = 1681905022277888
I0419 11:50:22.279290 Main        (593413) /home/lgw/Lumine-benchmarks/Experiments/09/src/1_end/end.cpp:48] req_id = 60133, end_time = 1681905022279286
I0419 11:50:22.281278 Main        (593413) /home/lgw/Lumine-benchmarks/Experiments/09/src/1_end/end.cpp:48] req_id = 240132, end_time = 1681905022281273
I0419 11:50:22.282072 Main        (593413) /home/lgw/Lumine-benchmarks/Experiments/09/src/1_end/end.cpp:48] req_id = 180132, end_time = 1681905022282067
I0419 11:50:22.282524 Main        (593413) /home/lgw/Lumine-benchmarks/Experiments/09/src/1_end/end.cpp:48] req_id = 120132, end_time = 1681905022282519
I0419 11:50:23.078545 Main        (593413) /home/lgw/Lumine-benchmarks/Experiments/09/src/1_end/end.cpp:48] req_id = 120133, end_time = 1681905023078540
I0419 11:50:23.079208 Main        (593413) /home/lgw/Lumine-benchmarks/Experiments/09/src/1_end/end.cpp:48] req_id = 60134, end_time = 1681905023079204
I0419 11:50:23.081021 Main        (593413) /home/lgw/Lumine-benchmarks/Experiments/09/src/1_end/end.cpp:48] req_id = 180133, end_time = 1681905023081017
I0419 11:50:23.082798 Main        (593413) /home/lgw/Lumine-benchmarks/Experiments/09/src/1_end/end.cpp:48] req_id = 240133, end_time = 1681905023082789
I0419 11:50:23.083147 Main        (593413) /home/lgw/Lumine-benchmarks/Experiments/09/src/1_end/end.cpp:48] req_id = 60135, end_time = 1681905023083143
I0419 11:50:23.084749 Main        (593413) /home/lgw/Lumine-benchmarks/Experiments/09/src/1_end/end.cpp:48] req_id = 240134, end_time = 1681905023084742
I0419 11:50:23.877456 Main        (593413) /home/lgw/Lumine-benchmarks/Experiments/09/src/1_end/end.cpp:48] req_id = 60136, end_time = 1681905023877451
I0419 11:50:24.684952 Main        (593413) /home/lgw/Lumine-benchmarks/Experiments/09/src/1_end/end.cpp:48] req_id = 240138, end_time = 1681905024684945
I0419 11:50:27.083937 Main        (593413) /home/lgw/Lumine-benchmarks/Experiments/09/src/1_end/end.cpp:48] req_id = 180144, end_time = 1681905027083932
I0419 11:50:27.121438 Main        (593413) /home/lgw/Lumine-benchmarks/Experiments/09/src/1_end/end.cpp:48] req_id = 60144, end_time = 1681905027121435
I0419 11:50:27.876939 Main        (593413) /home/lgw/Lumine-benchmarks/Experiments/09/src/1_end/end.cpp:48] req_id = 180145, end_time = 1681905027876932
I0419 11:50:27.877809 Main        (593413) /home/lgw/Lumine-benchmarks/Experiments/09/src/1_end/end.cpp:48] req_id = 60146, end_time = 1681905027877805
I0419 11:50:27.878219 Main        (593413) /home/lgw/Lumine-benchmarks/Experiments/09/src/1_end/end.cpp:48] req_id = 120145, end_time = 1681905027878216
I0419 11:50:27.878546 Main        (593413) /home/lgw/Lumine-benchmarks/Experiments/09/src/1_end/end.cpp:48] req_id = 240145, end_time = 1681905027878543
I0419 11:50:27.881147 Main        (593413) /home/lgw/Lumine-benchmarks/Experiments/09/src/1_end/end.cpp:48] req_id = 60147, end_time = 1681905027881144
I0419 11:50:27.881678 Main        (593413) /home/lgw/Lumine-benchmarks/Experiments/09/src/1_end/end.cpp:48] req_id = 180146, end_time = 1681905027881675
I0419 11:50:27.882460 Main        (593413) /home/lgw/Lumine-benchmarks/Experiments/09/src/1_end/end.cpp:48] req_id = 240146, end_time = 1681905027882458
I0419 11:50:28.684729 Main        (593413) /home/lgw/Lumine-benchmarks/Experiments/09/src/1_end/end.cpp:48] req_id = 180148, end_time = 1681905028684722
I0419 11:50:29.476589 Main        (593413) /home/lgw/Lumine-benchmarks/Experiments/09/src/1_end/end.cpp:48] req_id = 60150, end_time = 1681905029476582
I0419 11:50:29.477112 Main        (593413) /home/lgw/Lumine-benchmarks/Experiments/09/src/1_end/end.cpp:48] req_id = 240149, end_time = 1681905029477109
I0419 11:50:29.477356 Main        (593413) /home/lgw/Lumine-benchmarks/Experiments/09/src/1_end/end.cpp:48] req_id = 180149, end_time = 1681905029477353
I0419 11:50:29.477718 Main        (593413) /home/lgw/Lumine-benchmarks/Experiments/09/src/1_end/end.cpp:48] req_id = 120149, end_time = 1681905029477716
I0419 11:50:29.480251 Main        (593413) /home/lgw/Lumine-benchmarks/Experiments/09/src/1_end/end.cpp:48] req_id = 120150, end_time = 1681905029480249
I0419 11:50:29.480521 Main        (593413) /home/lgw/Lumine-benchmarks/Experiments/09/src/1_end/end.cpp:48] req_id = 60151, end_time = 1681905029480519
I0419 11:50:29.481098 Main        (593413) /home/lgw/Lumine-benchmarks/Experiments/09/src/1_end/end.cpp:48] req_id = 240150, end_time = 1681905029481095
I0419 11:50:29.482421 Main        (593413) /home/lgw/Lumine-benchmarks/Experiments/09/src/1_end/end.cpp:48] req_id = 180150, end_time = 1681905029482418
I0419 11:50:30.275021 Main        (593413) /home/lgw/Lumine-benchmarks/Experiments/09/src/1_end/end.cpp:48] req_id = 60152, end_time = 1681905030275015
I0419 11:50:30.276103 Main        (593413) /home/lgw/Lumine-benchmarks/Experiments/09/src/1_end/end.cpp:48] req_id = 120151, end_time = 1681905030276099
I0419 11:50:30.276783 Main        (593413) /home/lgw/Lumine-benchmarks/Experiments/09/src/1_end/end.cpp:48] req_id = 180151, end_time = 1681905030276770
I0419 11:50:30.277600 Main        (593413) /home/lgw/Lumine-benchmarks/Experiments/09/src/1_end/end.cpp:48] req_id = 240151, end_time = 1681905030277597
