Read file config.yml
Running executor...
Loaded function exp06_run_audit_19. lib_load_elasped: 335, func_load_elasped: 2
Loaded function exp06_marketdata. lib_load_elasped: 5974, func_load_elasped: 2
force_push: msg_id = 3229262, remain = 74, size = 64
Send to executer failed.force_push: msg_id = 3229307, remain = 74, size = 64
Send to executer failed.force_push: msg_id = 3229261, remain = 72, size = 64
Send to executer failed.force_push: msg_id = 3229348, remain = 74, size = 64
Send to executer failed.force_push: msg_id = 3229459, remain = 74, size = 64
Send to executer failed.force_push: msg_id = 3229408, remain = 74, size = 64
Send to executer failed.force_push: msg_id = 3229391, remain = 74, size = 64
Send to executer failed.Loaded function exp06_run_audit_35. lib_load_elasped: 323, func_load_elasped: 2
Loaded function exp06_run_audit_17. lib_load_elasped: 220, func_load_elasped: 1
Loaded function exp06_run_audit_40. lib_load_elasped: 300, func_load_elasped: 1
Loaded function exp06_run_audit_60. lib_load_elasped: 279, func_load_elasped: 1
Loaded function exp06_run_audit_37. lib_load_elasped: 308, func_load_elasped: 1
Loaded function exp06_run_audit_30. lib_load_elasped: 275, func_load_elasped: 1
Loaded function exp06_run_audit_39. lib_load_elasped: 302, func_load_elasped: 1
Loaded function exp06_run_audit_20. lib_load_elasped: 292, func_load_elasped: 1
Loaded function exp06_run_audit_54. lib_load_elasped: 333, func_load_elasped: 2
Loaded function exp06_run_audit_18. lib_load_elasped: 301, func_load_elasped: 1
Loaded function exp06_run_audit_56. lib_load_elasped: 241, func_load_elasped: 1
Loaded function exp06_run_audit_44. lib_load_elasped: 270, func_load_elasped: 1
Loaded function exp06_run_audit_45. lib_load_elasped: 247, func_load_elasped: 1
Loaded function exp06_run_audit_32. lib_load_elasped: 289, func_load_elasped: 1
Loaded function exp06_run_audit_31. lib_load_elasped: 277, func_load_elasped: 1
Loaded function exp06_run_audit_2. lib_load_elasped: 319, func_load_elasped: 1
Loaded function exp06_run_audit_12. lib_load_elasped: 275, func_load_elasped: 1
Loaded function exp06_run_audit_59. lib_load_elasped: 218, func_load_elasped: 1
Loaded function exp06_run_audit_24. lib_load_elasped: 244, func_load_elasped: 1
Loaded function exp06_run_audit_9. lib_load_elasped: 393, func_load_elasped: 2
Loaded function exp06_run_audit_51. lib_load_elasped: 158, func_load_elasped: 1
Loaded function exp06_run_audit_6. lib_load_elasped: 250, func_load_elasped: 1
Loaded function exp06_run_audit_25. lib_load_elasped: 253, func_load_elasped: 1
Loaded function exp06_run_audit_13. lib_load_elasped: 294, func_load_elasped: 1
Loaded function exp06_run_audit_55. lib_load_elasped: 305, func_load_elasped: 1
Loaded function exp06_run_audit_53. lib_load_elasped: 176, func_load_elasped: 1
Loaded function exp06_run_audit_63. lib_load_elasped: 391, func_load_elasped: 1
Loaded function exp06_run_audit_48. lib_load_elasped: 237, func_load_elasped: 1
force_push: msg_id = 3244076, remain = 75, size = 64
Send to executer failed.force_push: msg_id = 3244111, remain = 11, size = 64
Send to executer failed.force_push: msg_id = 3244097, remain = -53, size = 11
Send to executer failed.force_push: msg_id = 3244271, remain = 11, size = 64
Send to executer failed.force_push: msg_id = 3244188, remain = 75, size = 64
Send to executer failed.force_push: msg_id = 3244295, remain = 75, size = 64
Send to executer failed.force_push: msg_id = 3244041, remain = -53, size = 11
Send to executer failed.force_push: msg_id = 3244294, remain = 75, size = 64
Send to executer failed.force_push: msg_id = 3244301, remain = 11, size = 64
Send to executer failed.force_push: msg_id = 3244140, remain = 11, size = 64
Send to executer failed.force_push: msg_id = 3244276, remain = 75, size = 64
Send to executer failed.force_push: msg_id = 3244187, remain = 11, size = 64
Send to executer failed.Loaded function exp06_run_audit_29. lib_load_elasped: 584, func_load_elasped: 2
force_push: msg_id = 3247256, remain = 8, size = 64
Send to executer failed.force_push: msg_id = 3247251, remain = 10, size = 64
Send to executer failed.force_push: msg_id = 3247237, remain = 10, size = 64
Send to executer failed.force_push: msg_id = 3247298, remain = 74, size = 64
Send to executer failed.force_push: msg_id = 3247260, remain = 74, size = 64
Send to executer failed.force_push: msg_id = 3247258, remain = 10, size = 64
Send to executer failed.force_push: msg_id = 3247236, remain = 8, size = 64
Send to executer failed.force_push: msg_id = 3247250, remain = 10, size = 64
Send to executer failed.force_push: msg_id = 3247276, remain = 74, size = 64
Send to executer failed.force_push: msg_id = 3247281, remain = -54, size = 10
Send to executer failed.force_push: msg_id = 3247308, remain = 10, size = 64
Send to executer failed.force_push: msg_id = 3247283, remain = 10, size = 64
Send to executer failed.force_push: msg_id = 3247246, remain = -54, size = 10
Send to executer failed.force_push: msg_id = 3247300, remain = 10, size = 64
Send to executer failed.force_push: msg_id = 3247239, remain = -54, size = 10
Send to executer failed.force_push: msg_id = 3247279, remain = 74, size = 64
Send to executer failed.force_push: msg_id = 3247268, remain = -54, size = 10
Send to executer failed.force_push: msg_id = 3247267, remain = 10, size = 64
Send to executer failed.force_push: msg_id = 3247262, remain = -54, size = 10
Send to executer failed.force_push: msg_id = 3247226, remain = -56, size = 8
Send to executer failed.Loaded function exp06_run_audit_78. lib_load_elasped: 384, func_load_elasped: 1
force_push: msg_id = 3250306, remain = 74, size = 64
Send to executer failed.force_push: msg_id = 3250377, remain = -54, size = 10
Send to executer failed.force_push: msg_id = 3250524, remain = -54, size = 10
Send to executer failed.force_push: msg_id = 3250534, remain = -54, size = 10
Send to executer failed.force_push: msg_id = 3250222, remain = 10, size = 64
Send to executer failed.force_push: msg_id = 3250533, remain = 74, size = 64
Send to executer failed.force_push: msg_id = 3250380, remain = 74, size = 64
Send to executer failed.force_push: msg_id = 3250308, remain = -54, size = 10
Send to executer failed.force_push: msg_id = 3250158, remain = 72, size = 64
Send to executer failed.force_push: msg_id = 3250157, remain = -56, size = 8
Send to executer failed.force_push: msg_id = 3250485, remain = 10, size = 64
Send to executer failed.force_push: msg_id = 3250316, remain = 10, size = 64
Send to executer failed.force_push: msg_id = 3253189, remain = 73, size = 64
Send to executer failed.force_push: msg_id = 3253182, remain = 73, size = 64
Send to executer failed.force_push: msg_id = 3253291, remain = 11, size = 64
Send to executer failed.force_push: msg_id = 3253266, remain = 11, size = 64
Send to executer failed.force_push: msg_id = 3253259, remain = 11, size = 64
Send to executer failed.Loaded function exp06_run_audit_47. lib_load_elasped: 485, func_load_elasped: 2
