Read file config.yml
Running executor...
Loaded function exp06_run_audit_46. lib_load_elasped: 348, func_load_elasped: 3
Loaded function exp06_run_audit_54. lib_load_elasped: 291, func_load_elasped: 2
Loaded function exp06_run_audit_43. lib_load_elasped: 254, func_load_elasped: 1
Loaded function exp06_run_audit_15. lib_load_elasped: 320, func_load_elasped: 2
Loaded function exp06_run_audit_5. lib_load_elasped: 311, func_load_elasped: 1
Loaded function exp06_run_audit_39. lib_load_elasped: 316, func_load_elasped: 2
Loaded function exp06_run_audit_36. lib_load_elasped: 309, func_load_elasped: 1
Loaded function exp06_marketdata. lib_load_elasped: 5078, func_load_elasped: 2
force_push: msg_id = 3229148, remain = 74, size = 64
Send to executer failed.force_push: msg_id = 3229248, remain = 74, size = 64
Send to executer failed.force_push: msg_id = 3229054, remain = 74, size = 64
Send to executer failed.force_push: msg_id = 3229050, remain = -54, size = 10
Send to executer failed.force_push: msg_id = 3229289, remain = 74, size = 64
Send to executer failed.force_push: msg_id = 3229322, remain = 74, size = 64
Send to executer failed.force_push: msg_id = 3229323, remain = 74, size = 64
Send to executer failed.force_push: msg_id = 3229209, remain = 74, size = 64
Send to executer failed.force_push: msg_id = 3229321, remain = 74, size = 64
Send to executer failed.force_push: msg_id = 3229353, remain = 74, size = 64
Send to executer failed.force_push: msg_id = 3229140, remain = 74, size = 64
Send to executer failed.force_push: msg_id = 3229153, remain = 74, size = 64
Send to executer failed.force_push: msg_id = 3229145, remain = 74, size = 64
Send to executer failed.force_push: msg_id = 3229324, remain = 74, size = 64
Send to executer failed.force_push: msg_id = 3229057, remain = 74, size = 64
Send to executer failed.force_push: msg_id = 3229288, remain = 74, size = 64
Send to executer failed.force_push: msg_id = 3229029, remain = 72, size = 64
Send to executer failed.force_push: msg_id = 3229045, remain = 8, size = 64
Send to executer failed.force_push: msg_id = 3229079, remain = 10, size = 64
Send to executer failed.force_push: msg_id = 3229065, remain = 10, size = 64
Send to executer failed.force_push: msg_id = 3229373, remain = 74, size = 64
Send to executer failed.force_push: msg_id = 3229163, remain = 74, size = 64
Send to executer failed.force_push: msg_id = 3229152, remain = 74, size = 64
Send to executer failed.force_push: msg_id = 3229100, remain = 74, size = 64
Send to executer failed.force_push: msg_id = 3229168, remain = 74, size = 64
Send to executer failed.force_push: msg_id = 3229172, remain = 74, size = 64
Send to executer failed.force_push: msg_id = 3229242, remain = 74, size = 64
Send to executer failed.force_push: msg_id = 3229202, remain = 74, size = 64
Send to executer failed.force_push: msg_id = 3229144, remain = 74, size = 64
Send to executer failed.force_push: msg_id = 3229158, remain = 74, size = 64
Send to executer failed.force_push: msg_id = 3229143, remain = 74, size = 64
Send to executer failed.force_push: msg_id = 3229026, remain = 72, size = 64
Send to executer failed.force_push: msg_id = 3229036, remain = 8, size = 64
Send to executer failed.force_push: msg_id = 3229414, remain = 74, size = 64
Send to executer failed.force_push: msg_id = 3229083, remain = 74, size = 64
Send to executer failed.force_push: msg_id = 3229090, remain = 74, size = 64
Send to executer failed.force_push: msg_id = 3229061, remain = 10, size = 64
Send to executer failed.force_push: msg_id = 3229374, remain = 74, size = 64
Send to executer failed.force_push: msg_id = 3229352, remain = 74, size = 64
Send to executer failed.force_push: msg_id = 3229200, remain = 74, size = 64
Send to executer failed.Loaded function exp06_run_audit_42. lib_load_elasped: 360, func_load_elasped: 2
Loaded function exp06_run_audit_45. lib_load_elasped: 306, func_load_elasped: 3
Loaded function exp06_run_audit_44. lib_load_elasped: 315, func_load_elasped: 1
Loaded function exp06_run_audit_49. lib_load_elasped: 339, func_load_elasped: 2
Loaded function exp06_run_audit_1. lib_load_elasped: 353, func_load_elasped: 2
Loaded function exp06_run_audit_47. lib_load_elasped: 440, func_load_elasped: 3
Loaded function exp06_run_audit_57. lib_load_elasped: 287, func_load_elasped: 1
Loaded function exp06_run_audit_52. lib_load_elasped: 222, func_load_elasped: 1
Loaded function exp06_run_audit_51. lib_load_elasped: 353, func_load_elasped: 1
Loaded function exp06_run_audit_38. lib_load_elasped: 291, func_load_elasped: 1
Loaded function exp06_run_audit_35. lib_load_elasped: 220, func_load_elasped: 1
Loaded function exp06_run_audit_27. lib_load_elasped: 282, func_load_elasped: 1
Loaded function exp06_run_audit_2. lib_load_elasped: 289, func_load_elasped: 1
Loaded function exp06_run_audit_18. lib_load_elasped: 284, func_load_elasped: 1
Loaded function exp06_run_audit_22. lib_load_elasped: 282, func_load_elasped: 1
Loaded function exp06_run_audit_58. lib_load_elasped: 237, func_load_elasped: 1
Loaded function exp06_run_audit_8. lib_load_elasped: 313, func_load_elasped: 1
Loaded function exp06_run_audit_19. lib_load_elasped: 290, func_load_elasped: 1
Loaded function exp06_run_audit_17. lib_load_elasped: 276, func_load_elasped: 1
force_push: msg_id = 3242207, remain = -53, size = 11
Send to executer failed.force_push: msg_id = 3242487, remain = -53, size = 11
Send to executer failed.force_push: msg_id = 3242206, remain = 11, size = 64
Send to executer failed.force_push: msg_id = 3242626, remain = 11, size = 64
Send to executer failed.force_push: msg_id = 3242467, remain = 11, size = 64
Send to executer failed.force_push: msg_id = 3242006, remain = -53, size = 11
Send to executer failed.force_push: msg_id = 3242099, remain = 11, size = 64
Send to executer failed.force_push: msg_id = 3242477, remain = 75, size = 64
Send to executer failed.force_push: msg_id = 3242300, remain = 75, size = 64
Send to executer failed.force_push: msg_id = 3242494, remain = -53, size = 11
Send to executer failed.force_push: msg_id = 3242493, remain = 11, size = 64
Send to executer failed.force_push: msg_id = 3242426, remain = 75, size = 64
Send to executer failed.force_push: msg_id = 3242274, remain = -53, size = 11
Send to executer failed.force_push: msg_id = 3242186, remain = 11, size = 64
Send to executer failed.force_push: msg_id = 3242425, remain = 75, size = 64
Send to executer failed.force_push: msg_id = 3242205, remain = 11, size = 64
Send to executer failed.force_push: msg_id = 3242440, remain = 75, size = 64
Send to executer failed.force_push: msg_id = 3242402, remain = 75, size = 64
Send to executer failed.force_push: msg_id = 3241780, remain = 75, size = 64
Send to executer failed.force_push: msg_id = 3242480, remain = 11, size = 64
Send to executer failed.force_push: msg_id = 3242273, remain = 75, size = 64
Send to executer failed.force_push: msg_id = 3242489, remain = -53, size = 11
Send to executer failed.force_push: msg_id = 3241883, remain = 75, size = 64
Send to executer failed.force_push: msg_id = 3242344, remain = -53, size = 11
Send to executer failed.force_push: msg_id = 3241891, remain = -53, size = 11
Send to executer failed.force_push: msg_id = 3241892, remain = -53, size = 11
Send to executer failed.force_push: msg_id = 3241887, remain = 73, size = 64
Send to executer failed.force_push: msg_id = 3242490, remain = 11, size = 64
Send to executer failed.force_push: msg_id = 3241881, remain = 73, size = 64
Send to executer failed.force_push: msg_id = 3242468, remain = 11, size = 64
Send to executer failed.force_push: msg_id = 3241769, remain = -55, size = 9
Send to executer failed.Loaded function exp06_run_audit_59. lib_load_elasped: 606, func_load_elasped: 3
force_push: msg_id = 3248332, remain = 74, size = 64
Send to executer failed.force_push: msg_id = 3248344, remain = 74, size = 64
Send to executer failed.force_push: msg_id = 3248345, remain = 74, size = 64
Send to executer failed.force_push: msg_id = 3248010, remain = 72, size = 64
Send to executer failed.force_push: msg_id = 3248355, remain = 74, size = 64
Send to executer failed.force_push: msg_id = 3248356, remain = 74, size = 64
Send to executer failed.force_push: msg_id = 3248359, remain = 74, size = 64
Send to executer failed.force_push: msg_id = 3248330, remain = 74, size = 64
Send to executer failed.force_push: msg_id = 3248328, remain = 74, size = 64
Send to executer failed.force_push: msg_id = 3248329, remain = 74, size = 64
Send to executer failed.force_push: msg_id = 3248324, remain = 74, size = 64
Send to executer failed.force_push: msg_id = 3248252, remain = 74, size = 64
Send to executer failed.force_push: msg_id = 3248300, remain = 74, size = 64
Send to executer failed.force_push: msg_id = 3248301, remain = 74, size = 64
Send to executer failed.force_push: msg_id = 3248064, remain = 72, size = 64
Send to executer failed.force_push: msg_id = 3248264, remain = 74, size = 64
Send to executer failed.force_push: msg_id = 3248350, remain = 74, size = 64
Send to executer failed.force_push: msg_id = 3248351, remain = 74, size = 64
Send to executer failed.force_push: msg_id = 3248365, remain = 74, size = 64
Send to executer failed.force_push: msg_id = 3248358, remain = 74, size = 64
Send to executer failed.force_push: msg_id = 3248291, remain = 10, size = 64
Send to executer failed.force_push: msg_id = 3248278, remain = 10, size = 64
Send to executer failed.force_push: msg_id = 3248270, remain = 10, size = 64
Send to executer failed.force_push: msg_id = 3248253, remain = 74, size = 64
Send to executer failed.force_push: msg_id = 3248244, remain = -54, size = 10
Send to executer failed.Loaded function exp06_run_audit_69. lib_load_elasped: 486, func_load_elasped: 3
force_push: msg_id = 3256872, remain = 73, size = 64
Send to executer failed.force_push: msg_id = 3256753, remain = 73, size = 64
Send to executer failed.force_push: msg_id = 3256775, remain = 9, size = 64
Send to executer failed.force_push: msg_id = 3256932, remain = -55, size = 9
Send to executer failed.force_push: msg_id = 3256754, remain = 73, size = 64
Send to executer failed.force_push: msg_id = 3256783, remain = 9, size = 64
Send to executer failed.force_push: msg_id = 3256781, remain = 9, size = 64
Send to executer failed.force_push: msg_id = 3256814, remain = 73, size = 64
Send to executer failed.force_push: msg_id = 3256869, remain = -55, size = 9
Send to executer failed.force_push: msg_id = 3256916, remain = 73, size = 64
Send to executer failed.force_push: msg_id = 3256761, remain = 73, size = 64
Send to executer failed.force_push: msg_id = 3256760, remain = 73, size = 64
Send to executer failed.force_push: msg_id = 3256768, remain = 9, size = 64
Send to executer failed.force_push: msg_id = 3256747, remain = 71, size = 64
Send to executer failed.force_push: msg_id = 3256923, remain = 73, size = 64
Send to executer failed.force_push: msg_id = 3256833, remain = 73, size = 64
Send to executer failed.force_push: msg_id = 3256832, remain = 73, size = 64
Send to executer failed.force_push: msg_id = 3256757, remain = 9, size = 64
Send to executer failed.force_push: msg_id = 3256748, remain = -57, size = 7
Send to executer failed.force_push: msg_id = 3256812, remain = 73, size = 64
Send to executer failed.Loaded function exp06_run_audit_68. lib_load_elasped: 495, func_load_elasped: 2
