Read file config.yml
Running executor...
Loaded function exp06_run_audit_28. lib_load_elasped: 288, func_load_elasped: 2
Loaded function exp06_run_audit_35. lib_load_elasped: 271, func_load_elasped: 1
Loaded function exp06_marketdata. lib_load_elasped: 5065, func_load_elasped: 2
force_push: msg_id = 3229259, remain = 74, size = 64
Send to executer failed.force_push: msg_id = 3229258, remain = 74, size = 64
Send to executer failed.force_push: msg_id = 3229382, remain = 74, size = 64
Send to executer failed.force_push: msg_id = 3229407, remain = 74, size = 64
Send to executer failed.force_push: msg_id = 3229205, remain = 74, size = 64
Send to executer failed.force_push: msg_id = 3229173, remain = 72, size = 64
Send to executer failed.force_push: msg_id = 3229378, remain = 74, size = 64
Send to executer failed.force_push: msg_id = 3229178, remain = 72, size = 64
Send to executer failed.force_push: msg_id = 3229181, remain = 72, size = 64
Send to executer failed.force_push: msg_id = 3229186, remain = 74, size = 64
Send to executer failed.force_push: msg_id = 3229194, remain = 74, size = 64
Send to executer failed.force_push: msg_id = 3229206, remain = 74, size = 64
Send to executer failed.force_push: msg_id = 3229234, remain = 74, size = 64
Send to executer failed.Loaded function exp06_run_audit_2. lib_load_elasped: 327, func_load_elasped: 2
Loaded function exp06_run_audit_59. lib_load_elasped: 379, func_load_elasped: 2
Loaded function exp06_run_audit_60. lib_load_elasped: 252, func_load_elasped: 1
Loaded function exp06_run_audit_40. lib_load_elasped: 302, func_load_elasped: 1
Loaded function exp06_run_audit_19. lib_load_elasped: 294, func_load_elasped: 2
Loaded function exp06_run_audit_37. lib_load_elasped: 275, func_load_elasped: 1
Loaded function exp06_run_audit_53. lib_load_elasped: 231, func_load_elasped: 1
Loaded function exp06_run_audit_57. lib_load_elasped: 327, func_load_elasped: 1
Loaded function exp06_run_audit_4. lib_load_elasped: 278, func_load_elasped: 1
Loaded function exp06_run_audit_56. lib_load_elasped: 278, func_load_elasped: 1
Loaded function exp06_run_audit_54. lib_load_elasped: 239, func_load_elasped: 1
Loaded function exp06_run_audit_49. lib_load_elasped: 282, func_load_elasped: 1
Loaded function exp06_run_audit_52. lib_load_elasped: 208, func_load_elasped: 1
Loaded function exp06_run_audit_12. lib_load_elasped: 265, func_load_elasped: 1
Loaded function exp06_run_audit_6. lib_load_elasped: 255, func_load_elasped: 1
Loaded function exp06_run_audit_58. lib_load_elasped: 341, func_load_elasped: 2
Loaded function exp06_run_audit_5. lib_load_elasped: 256, func_load_elasped: 1
Loaded function exp06_run_audit_55. lib_load_elasped: 292, func_load_elasped: 1
Loaded function exp06_run_audit_22. lib_load_elasped: 262, func_load_elasped: 1
Loaded function exp06_run_audit_13. lib_load_elasped: 270, func_load_elasped: 1
Loaded function exp06_run_audit_30. lib_load_elasped: 364, func_load_elasped: 2
Loaded function exp06_run_audit_42. lib_load_elasped: 256, func_load_elasped: 1
Loaded function exp06_run_audit_32. lib_load_elasped: 340, func_load_elasped: 2
Loaded function exp06_run_audit_27. lib_load_elasped: 239, func_load_elasped: 1
Loaded function exp06_run_audit_45. lib_load_elasped: 357, func_load_elasped: 2
force_push: msg_id = 3243896, remain = 74, size = 64
Send to executer failed.force_push: msg_id = 3243878, remain = -54, size = 10
Send to executer failed.force_push: msg_id = 3243696, remain = -54, size = 10
Send to executer failed.force_push: msg_id = 3243303, remain = 10, size = 64
Send to executer failed.force_push: msg_id = 3243423, remain = 74, size = 64
Send to executer failed.force_push: msg_id = 3243736, remain = 10, size = 64
Send to executer failed.force_push: msg_id = 3244840, remain = 74, size = 64
Send to executer failed.force_push: msg_id = 3244806, remain = -54, size = 10
Send to executer failed.force_push: msg_id = 3244790, remain = -54, size = 10
Send to executer failed.Loaded function exp06_run_audit_46. lib_load_elasped: 397, func_load_elasped: 2
Loaded function exp06_run_audit_79. lib_load_elasped: 316, func_load_elasped: 1
force_push: msg_id = 3246301, remain = 74, size = 64
Send to executer failed.force_push: msg_id = 3246281, remain = 74, size = 64
Send to executer failed.force_push: msg_id = 3246344, remain = 74, size = 64
Send to executer failed.force_push: msg_id = 3246154, remain = 74, size = 64
Send to executer failed.force_push: msg_id = 3246287, remain = 74, size = 64
Send to executer failed.force_push: msg_id = 3246142, remain = 72, size = 64
Send to executer failed.force_push: msg_id = 3246319, remain = 74, size = 64
Send to executer failed.force_push: msg_id = 3246264, remain = 10, size = 64
Send to executer failed.force_push: msg_id = 3246266, remain = -54, size = 10
Send to executer failed.Loaded function exp06_run_audit_20. lib_load_elasped: 449, func_load_elasped: 1
Loaded function exp06_run_audit_71. lib_load_elasped: 324, func_load_elasped: 2
force_push: msg_id = 3250139, remain = 72, size = 64
Send to executer failed.force_push: msg_id = 3250468, remain = 10, size = 64
Send to executer failed.force_push: msg_id = 3250466, remain = 74, size = 64
Send to executer failed.force_push: msg_id = 3250540, remain = 10, size = 64
Send to executer failed.force_push: msg_id = 3250604, remain = 10, size = 64
Send to executer failed.force_push: msg_id = 3250609, remain = 74, size = 64
Send to executer failed.Loaded function exp06_run_audit_76. lib_load_elasped: 432, func_load_elasped: 2
Loaded function exp06_run_audit_1. lib_load_elasped: 343, func_load_elasped: 1
Loaded function exp06_run_audit_3. lib_load_elasped: 393, func_load_elasped: 2
Loaded function exp06_run_audit_9. lib_load_elasped: 264, func_load_elasped: 1
Loaded function exp06_run_audit_78. lib_load_elasped: 488, func_load_elasped: 2
force_push: msg_id = 3253646, remain = 74, size = 64
Send to executer failed.force_push: msg_id = 3253645, remain = 10, size = 64
Send to executer failed.force_push: msg_id = 3253616, remain = 74, size = 64
Send to executer failed.force_push: msg_id = 3253607, remain = 10, size = 64
Send to executer failed.force_push: msg_id = 3253675, remain = 74, size = 64
Send to executer failed.force_push: msg_id = 3253670, remain = -54, size = 10
Send to executer failed.force_push: msg_id = 3253597, remain = 8, size = 64
Send to executer failed.force_push: msg_id = 3253639, remain = 74, size = 64
Send to executer failed.force_push: msg_id = 3253642, remain = 10, size = 64
Send to executer failed.Loaded function exp06_run_audit_23. lib_load_elasped: 401, func_load_elasped: 1
force_push: msg_id = 3256059, remain = 74, size = 64
Send to executer failed.force_push: msg_id = 3256061, remain = 74, size = 64
Send to executer failed.force_push: msg_id = 3256062, remain = 74, size = 64
Send to executer failed.force_push: msg_id = 3256064, remain = 74, size = 64
Send to executer failed.force_push: msg_id = 3256210, remain = 74, size = 64
Send to executer failed.force_push: msg_id = 3256209, remain = 74, size = 64
Send to executer failed.force_push: msg_id = 3256219, remain = 74, size = 64
Send to executer failed.force_push: msg_id = 3256190, remain = 74, size = 64
Send to executer failed.force_push: msg_id = 3256191, remain = 74, size = 64
Send to executer failed.force_push: msg_id = 3256132, remain = 10, size = 64
Send to executer failed.force_push: msg_id = 3256194, remain = 74, size = 64
Send to executer failed.force_push: msg_id = 3256195, remain = 74, size = 64
Send to executer failed.force_push: msg_id = 3256045, remain = 74, size = 64
Send to executer failed.force_push: msg_id = 3256001, remain = 72, size = 64
Send to executer failed.force_push: msg_id = 3256063, remain = 10, size = 64
Send to executer failed.force_push: msg_id = 3256183, remain = -54, size = 10
Send to executer failed.force_push: msg_id = 3256060, remain = -54, size = 10
Send to executer failed.force_push: msg_id = 3256021, remain = 8, size = 64
Send to executer failed.force_push: msg_id = 3256008, remain = 72, size = 64
Send to executer failed.force_push: msg_id = 3258412, remain = 74, size = 64
Send to executer failed.force_push: msg_id = 3258352, remain = 74, size = 64
Send to executer failed.force_push: msg_id = 3258421, remain = 74, size = 64
Send to executer failed.force_push: msg_id = 3258513, remain = 74, size = 64
Send to executer failed.force_push: msg_id = 3258578, remain = 74, size = 64
Send to executer failed.force_push: msg_id = 3258527, remain = 74, size = 64
Send to executer failed.force_push: msg_id = 3258576, remain = 74, size = 64
Send to executer failed.force_push: msg_id = 3258581, remain = 74, size = 64
Send to executer failed.force_push: msg_id = 3258344, remain = 74, size = 64
Send to executer failed.force_push: msg_id = 3258526, remain = 74, size = 64
Send to executer failed.force_push: msg_id = 3258413, remain = 10, size = 64
Send to executer failed.force_push: msg_id = 3258312, remain = 72, size = 64
Send to executer failed.force_push: msg_id = 3258430, remain = 74, size = 64
Send to executer failed.force_push: msg_id = 3258418, remain = 74, size = 64
Send to executer failed.force_push: msg_id = 3258568, remain = 74, size = 64
Send to executer failed.force_push: msg_id = 3258567, remain = 74, size = 64
Send to executer failed.force_push: msg_id = 3258545, remain = 74, size = 64
Send to executer failed.force_push: msg_id = 3258560, remain = 74, size = 64
Send to executer failed.force_push: msg_id = 3258381, remain = 74, size = 64
Send to executer failed.force_push: msg_id = 3258414, remain = 74, size = 64
Send to executer failed.force_push: msg_id = 3258394, remain = 74, size = 64
Send to executer failed.force_push: msg_id = 3258408, remain = 74, size = 64
Send to executer failed.force_push: msg_id = 3258424, remain = 74, size = 64
Send to executer failed.force_push: msg_id = 3258420, remain = 74, size = 64
Send to executer failed.force_push: msg_id = 3258557, remain = 74, size = 64
Send to executer failed.force_push: msg_id = 3258427, remain = 74, size = 64
Send to executer failed.force_push: msg_id = 3258337, remain = 72, size = 64
Send to executer failed.force_push: msg_id = 3258366, remain = 74, size = 64
Send to executer failed.force_push: msg_id = 3258548, remain = 74, size = 64
Send to executer failed.force_push: msg_id = 3258426, remain = 74, size = 64
Send to executer failed.force_push: msg_id = 3258428, remain = 74, size = 64
Send to executer failed.force_push: msg_id = 3258368, remain = 74, size = 64
Send to executer failed.force_push: msg_id = 3258367, remain = 74, size = 64
Send to executer failed.force_push: msg_id = 3258575, remain = 74, size = 64
Send to executer failed.force_push: msg_id = 3258563, remain = -54, size = 10
Send to executer failed.force_push: msg_id = 3258425, remain = 10, size = 64
Send to executer failed.