Read file config.yml
Running executor...
Loaded function exp06_run_audit_7. lib_load_elasped: 413, func_load_elasped: 3
Loaded function exp06_marketdata. lib_load_elasped: 5640, func_load_elasped: 2
force_push: msg_id = 3229218, remain = 75, size = 64
Send to executer failed.force_push: msg_id = 3229290, remain = 75, size = 64
Send to executer failed.force_push: msg_id = 3229445, remain = 75, size = 64
Send to executer failed.force_push: msg_id = 3229492, remain = 75, size = 64
Send to executer failed.force_push: msg_id = 3229136, remain = 73, size = 64
Send to executer failed.Loaded function exp06_run_audit_39. lib_load_elasped: 338, func_load_elasped: 1
Loaded function exp06_run_audit_21. lib_load_elasped: 382, func_load_elasped: 2
Loaded function exp06_run_audit_18. lib_load_elasped: 291, func_load_elasped: 1
Loaded function exp06_run_audit_20. lib_load_elasped: 349, func_load_elasped: 2
Loaded function exp06_run_audit_50. lib_load_elasped: 338, func_load_elasped: 2
Loaded function exp06_run_audit_23. lib_load_elasped: 400, func_load_elasped: 2
Loaded function exp06_run_audit_52. lib_load_elasped: 256, func_load_elasped: 1
Loaded function exp06_run_audit_22. lib_load_elasped: 264, func_load_elasped: 1
Loaded function exp06_run_audit_54. lib_load_elasped: 238, func_load_elasped: 1
Loaded function exp06_run_audit_44. lib_load_elasped: 256, func_load_elasped: 1
Loaded function exp06_run_audit_40. lib_load_elasped: 257, func_load_elasped: 1
Loaded function exp06_run_audit_19. lib_load_elasped: 256, func_load_elasped: 1
Loaded function exp06_run_audit_11. lib_load_elasped: 285, func_load_elasped: 1
Loaded function exp06_run_audit_51. lib_load_elasped: 291, func_load_elasped: 2
Loaded function exp06_run_audit_2. lib_load_elasped: 276, func_load_elasped: 1
Loaded function exp06_run_audit_10. lib_load_elasped: 310, func_load_elasped: 1
Loaded function exp06_run_audit_28. lib_load_elasped: 215, func_load_elasped: 1
Loaded function exp06_run_audit_27. lib_load_elasped: 220, func_load_elasped: 1
Loaded function exp06_run_audit_5. lib_load_elasped: 283, func_load_elasped: 1
Loaded function exp06_run_audit_36. lib_load_elasped: 289, func_load_elasped: 1
Loaded function exp06_run_audit_1. lib_load_elasped: 232, func_load_elasped: 1
Loaded function exp06_run_audit_35. lib_load_elasped: 156, func_load_elasped: 1
Loaded function exp06_run_audit_38. lib_load_elasped: 308, func_load_elasped: 1
Loaded function exp06_run_audit_31. lib_load_elasped: 216, func_load_elasped: 1
Loaded function exp06_run_audit_25. lib_load_elasped: 569, func_load_elasped: 1
force_push: msg_id = 3248641, remain = -53, size = 11
Send to executer failed.force_push: msg_id = 3249301, remain = 75, size = 64
Send to executer failed.force_push: msg_id = 3248631, remain = -53, size = 11
Send to executer failed.force_push: msg_id = 3248525, remain = -55, size = 9
Send to executer failed.force_push: msg_id = 3249032, remain = 75, size = 64
Send to executer failed.force_push: msg_id = 3249034, remain = 75, size = 64
Send to executer failed.force_push: msg_id = 3248777, remain = 11, size = 64
Send to executer failed.force_push: msg_id = 3248792, remain = 11, size = 64
Send to executer failed.force_push: msg_id = 3248623, remain = 75, size = 64
Send to executer failed.force_push: msg_id = 3248638, remain = 75, size = 64
Send to executer failed.force_push: msg_id = 3248624, remain = 73, size = 64
Send to executer failed.force_push: msg_id = 3248937, remain = 75, size = 64
Send to executer failed.force_push: msg_id = 3248647, remain = 11, size = 64
Send to executer failed.force_push: msg_id = 3249341, remain = 75, size = 64
Send to executer failed.force_push: msg_id = 3248628, remain = -53, size = 11
Send to executer failed.force_push: msg_id = 3249347, remain = 75, size = 64
Send to executer failed.force_push: msg_id = 3248648, remain = 11, size = 64
Send to executer failed.force_push: msg_id = 3249272, remain = 11, size = 64
Send to executer failed.force_push: msg_id = 3248831, remain = 11, size = 64
Send to executer failed.force_push: msg_id = 3248701, remain = 75, size = 64
Send to executer failed.force_push: msg_id = 3248940, remain = 75, size = 64
Send to executer failed.force_push: msg_id = 3248736, remain = 11, size = 64
Send to executer failed.force_push: msg_id = 3248646, remain = -53, size = 11
Send to executer failed.force_push: msg_id = 3248644, remain = 11, size = 64
Send to executer failed.force_push: msg_id = 3248649, remain = -53, size = 11
Send to executer failed.Loaded function exp06_run_audit_60. lib_load_elasped: 8348, func_load_elasped: 3
Loaded function exp06_run_audit_78. lib_load_elasped: 347, func_load_elasped: 1
Loaded function exp06_run_audit_42. lib_load_elasped: 373, func_load_elasped: 1
Loaded function exp06_run_audit_48. lib_load_elasped: 344, func_load_elasped: 2
force_push: msg_id = 3257850, remain = 10, size = 64
Send to executer failed.force_push: msg_id = 3257816, remain = 74, size = 64
Send to executer failed.force_push: msg_id = 3257789, remain = -54, size = 10
Send to executer failed.force_push: msg_id = 3257784, remain = -54, size = 10
Send to executer failed.force_push: msg_id = 3257822, remain = 10, size = 64
Send to executer failed.