Read file config.yml
Running executor...
Loaded function exp06_run_audit_59. lib_load_elasped: 347, func_load_elasped: 2
Loaded function exp06_run_audit_26. lib_load_elasped: 237, func_load_elasped: 1
Loaded function exp06_run_audit_2. lib_load_elasped: 232, func_load_elasped: 1
Loaded function exp06_run_audit_58. lib_load_elasped: 290, func_load_elasped: 2
Loaded function exp06_run_audit_21. lib_load_elasped: 277, func_load_elasped: 1
Loaded function exp06_run_audit_14. lib_load_elasped: 235, func_load_elasped: 1
Loaded function exp06_run_audit_50. lib_load_elasped: 283, func_load_elasped: 1
Loaded function exp06_run_audit_24. lib_load_elasped: 228, func_load_elasped: 1
Loaded function exp06_run_audit_22. lib_load_elasped: 358, func_load_elasped: 2
Loaded function exp06_run_audit_55. lib_load_elasped: 241, func_load_elasped: 1
Loaded function exp06_run_audit_41. lib_load_elasped: 313, func_load_elasped: 1
Loaded function exp06_marketdata. lib_load_elasped: 5640, func_load_elasped: 2
force_push: msg_id = 3230502, remain = 10, size = 64
Send to executer failed.Loaded function exp06_run_audit_13. lib_load_elasped: 313, func_load_elasped: 1
Loaded function exp06_run_audit_46. lib_load_elasped: 175, func_load_elasped: 0
Loaded function exp06_run_audit_40. lib_load_elasped: 406, func_load_elasped: 2
Loaded function exp06_run_audit_37. lib_load_elasped: 264, func_load_elasped: 1
Loaded function exp06_run_audit_36. lib_load_elasped: 343, func_load_elasped: 2
Loaded function exp06_run_audit_23. lib_load_elasped: 175, func_load_elasped: 0
Loaded function exp06_run_audit_56. lib_load_elasped: 315, func_load_elasped: 1
Loaded function exp06_run_audit_32. lib_load_elasped: 228, func_load_elasped: 1
Loaded function exp06_run_audit_49. lib_load_elasped: 156, func_load_elasped: 1
Loaded function exp06_run_audit_44. lib_load_elasped: 233, func_load_elasped: 1
Loaded function exp06_run_audit_17. lib_load_elasped: 268, func_load_elasped: 1
Loaded function exp06_run_audit_31. lib_load_elasped: 199, func_load_elasped: 1
Loaded function exp06_run_audit_29. lib_load_elasped: 210, func_load_elasped: 1
Loaded function exp06_run_audit_3. lib_load_elasped: 266, func_load_elasped: 1
force_push: msg_id = 3242608, remain = 75, size = 64
Send to executer failed.force_push: msg_id = 3242269, remain = 73, size = 64
Send to executer failed.force_push: msg_id = 3242267, remain = 73, size = 64
Send to executer failed.force_push: msg_id = 3242961, remain = 75, size = 64
Send to executer failed.force_push: msg_id = 3242965, remain = 75, size = 64
Send to executer failed.force_push: msg_id = 3242969, remain = 75, size = 64
Send to executer failed.force_push: msg_id = 3242957, remain = 75, size = 64
Send to executer failed.force_push: msg_id = 3242971, remain = 75, size = 64
Send to executer failed.force_push: msg_id = 3242966, remain = 75, size = 64
Send to executer failed.force_push: msg_id = 3242967, remain = 75, size = 64
Send to executer failed.force_push: msg_id = 3242288, remain = 75, size = 64
Send to executer failed.force_push: msg_id = 3242964, remain = 75, size = 64
Send to executer failed.force_push: msg_id = 3242287, remain = 73, size = 64
Send to executer failed.force_push: msg_id = 3242538, remain = 11, size = 64
Send to executer failed.force_push: msg_id = 3242813, remain = 11, size = 64
Send to executer failed.force_push: msg_id = 3242539, remain = -53, size = 11
Send to executer failed.force_push: msg_id = 3242817, remain = 75, size = 64
Send to executer failed.force_push: msg_id = 3242343, remain = 75, size = 64
Send to executer failed.force_push: msg_id = 3242870, remain = 75, size = 64
Send to executer failed.force_push: msg_id = 3242562, remain = 75, size = 64
Send to executer failed.force_push: msg_id = 3242677, remain = 75, size = 64
Send to executer failed.force_push: msg_id = 3242802, remain = 75, size = 64
Send to executer failed.force_push: msg_id = 3242374, remain = 75, size = 64
Send to executer failed.force_push: msg_id = 3242537, remain = 75, size = 64
Send to executer failed.force_push: msg_id = 3242901, remain = 75, size = 64
Send to executer failed.force_push: msg_id = 3242479, remain = 75, size = 64
Send to executer failed.force_push: msg_id = 3242536, remain = 75, size = 64
Send to executer failed.force_push: msg_id = 3242869, remain = 75, size = 64
Send to executer failed.force_push: msg_id = 3242944, remain = 75, size = 64
Send to executer failed.force_push: msg_id = 3242854, remain = 75, size = 64
Send to executer failed.force_push: msg_id = 3242679, remain = 75, size = 64
Send to executer failed.force_push: msg_id = 3242921, remain = 75, size = 64
Send to executer failed.force_push: msg_id = 3242840, remain = -53, size = 11
Send to executer failed.force_push: msg_id = 3242902, remain = 75, size = 64
Send to executer failed.force_push: msg_id = 3242271, remain = -55, size = 9
Send to executer failed.force_push: msg_id = 3242962, remain = 75, size = 64
Send to executer failed.force_push: msg_id = 3242900, remain = 11, size = 64
Send to executer failed.force_push: msg_id = 3242970, remain = 75, size = 64
Send to executer failed.force_push: msg_id = 3242710, remain = 11, size = 64
Send to executer failed.force_push: msg_id = 3244453, remain = 72, size = 64
Send to executer failed.force_push: msg_id = 3244596, remain = -54, size = 10
Send to executer failed.Loaded function exp06_run_audit_12. lib_load_elasped: 454, func_load_elasped: 1
Loaded function exp06_run_audit_72. lib_load_elasped: 328, func_load_elasped: 1
force_push: msg_id = 3247764, remain = 74, size = 64
Send to executer failed.force_push: msg_id = 3247784, remain = -54, size = 10
Send to executer failed.force_push: msg_id = 3247869, remain = 74, size = 64
Send to executer failed.force_push: msg_id = 3247860, remain = -54, size = 10
Send to executer failed.force_push: msg_id = 3247874, remain = 74, size = 64
Send to executer failed.force_push: msg_id = 3247863, remain = 74, size = 64
Send to executer failed.force_push: msg_id = 3247799, remain = 10, size = 64
Send to executer failed.force_push: msg_id = 3247803, remain = 74, size = 64
Send to executer failed.force_push: msg_id = 3247872, remain = 74, size = 64
Send to executer failed.force_push: msg_id = 3247775, remain = 74, size = 64
Send to executer failed.force_push: msg_id = 3247873, remain = 74, size = 64
Send to executer failed.force_push: msg_id = 3247871, remain = 74, size = 64
Send to executer failed.force_push: msg_id = 3247765, remain = -54, size = 10
Send to executer failed.force_push: msg_id = 3247834, remain = -54, size = 10
Send to executer failed.force_push: msg_id = 3247838, remain = 10, size = 64
Send to executer failed.force_push: msg_id = 3248118, remain = 74, size = 64
Send to executer failed.force_push: msg_id = 3248180, remain = 74, size = 64
Send to executer failed.force_push: msg_id = 3248123, remain = 10, size = 64
Send to executer failed.force_push: msg_id = 3247901, remain = -54, size = 10
Send to executer failed.force_push: msg_id = 3247847, remain = -54, size = 10
Send to executer failed.force_push: msg_id = 3248159, remain = 74, size = 64
Send to executer failed.force_push: msg_id = 3247900, remain = 10, size = 64
Send to executer failed.force_push: msg_id = 3247920, remain = 74, size = 64
Send to executer failed.force_push: msg_id = 3247969, remain = 74, size = 64
Send to executer failed.force_push: msg_id = 3248058, remain = -54, size = 10
Send to executer failed.Loaded function exp06_run_audit_11. lib_load_elasped: 566, func_load_elasped: 3
force_push: msg_id = 3250423, remain = 74, size = 64
Send to executer failed.force_push: msg_id = 3250441, remain = 74, size = 64
Send to executer failed.force_push: msg_id = 3250272, remain = -54, size = 10
Send to executer failed.force_push: msg_id = 3250424, remain = 10, size = 64
Send to executer failed.force_push: msg_id = 3250184, remain = -54, size = 10
Send to executer failed.force_push: msg_id = 3250196, remain = 10, size = 64
Send to executer failed.force_push: msg_id = 3250112, remain = -54, size = 10
Send to executer failed.Loaded function exp06_run_audit_68. lib_load_elasped: 437, func_load_elasped: 2
Loaded function exp06_run_audit_8. lib_load_elasped: 412, func_load_elasped: 2
Loaded function exp06_run_audit_76. lib_load_elasped: 418, func_load_elasped: 2
Loaded function exp06_run_audit_70. lib_load_elasped: 424, func_load_elasped: 2
