Read file config.yml
Running executor...
Loaded function exp06_run_audit_8. lib_load_elasped: 370, func_load_elasped: 4
Loaded function exp06_run_audit_37. lib_load_elasped: 335, func_load_elasped: 2
Loaded function exp06_run_audit_40. lib_load_elasped: 8508, func_load_elasped: 2
Loaded function exp06_run_audit_24. lib_load_elasped: 293, func_load_elasped: 2
Loaded function exp06_run_audit_1. lib_load_elasped: 273, func_load_elasped: 1
Loaded function exp06_marketdata. lib_load_elasped: 4580, func_load_elasped: 2
force_push: msg_id = 3231457, remain = 74, size = 64
Send to executer failed.Loaded function exp06_run_audit_58. lib_load_elasped: 317, func_load_elasped: 2
Loaded function exp06_run_audit_53. lib_load_elasped: 333, func_load_elasped: 1
Loaded function exp06_run_audit_21. lib_load_elasped: 339, func_load_elasped: 2
Loaded function exp06_run_audit_35. lib_load_elasped: 317, func_load_elasped: 1
Loaded function exp06_run_audit_7. lib_load_elasped: 260, func_load_elasped: 1
Loaded function exp06_run_audit_28. lib_load_elasped: 282, func_load_elasped: 1
Loaded function exp06_run_audit_6. lib_load_elasped: 347, func_load_elasped: 2
Loaded function exp06_run_audit_16. lib_load_elasped: 263, func_load_elasped: 1
Loaded function exp06_run_audit_50. lib_load_elasped: 263, func_load_elasped: 1
Loaded function exp06_run_audit_46. lib_load_elasped: 369, func_load_elasped: 2
Loaded function exp06_run_audit_29. lib_load_elasped: 368, func_load_elasped: 1
Loaded function exp06_run_audit_38. lib_load_elasped: 242, func_load_elasped: 1
Loaded function exp06_run_audit_41. lib_load_elasped: 255, func_load_elasped: 1
Loaded function exp06_run_audit_11. lib_load_elasped: 262, func_load_elasped: 1
Loaded function exp06_run_audit_57. lib_load_elasped: 248, func_load_elasped: 1
Loaded function exp06_run_audit_36. lib_load_elasped: 228, func_load_elasped: 1
Loaded function exp06_run_audit_48. lib_load_elasped: 271, func_load_elasped: 1
Loaded function exp06_run_audit_51. lib_load_elasped: 302, func_load_elasped: 1
Loaded function exp06_run_audit_18. lib_load_elasped: 445, func_load_elasped: 2
force_push: msg_id = 3243595, remain = 9, size = 64
Send to executer failed.force_push: msg_id = 3243610, remain = 73, size = 64
Send to executer failed.force_push: msg_id = 3243674, remain = 73, size = 64
Send to executer failed.force_push: msg_id = 3243581, remain = 9, size = 64
Send to executer failed.force_push: msg_id = 3243631, remain = 9, size = 64
Send to executer failed.force_push: msg_id = 3243599, remain = 9, size = 64
Send to executer failed.force_push: msg_id = 3243587, remain = 9, size = 64
Send to executer failed.force_push: msg_id = 3246200, remain = 74, size = 64
Send to executer failed.force_push: msg_id = 3246127, remain = -54, size = 10
Send to executer failed.force_push: msg_id = 3246159, remain = -54, size = 10
Send to executer failed.force_push: msg_id = 3246118, remain = -54, size = 10
Send to executer failed.force_push: msg_id = 3246139, remain = 10, size = 64
Send to executer failed.force_push: msg_id = 3246056, remain = -56, size = 8
Send to executer failed.force_push: msg_id = 3246169, remain = -54, size = 10
Send to executer failed.Loaded function exp06_run_audit_62. lib_load_elasped: 460, func_load_elasped: 2
Loaded function exp06_run_audit_33. lib_load_elasped: 325, func_load_elasped: 1
force_push: msg_id = 3249249, remain = 74, size = 64
Send to executer failed.force_push: msg_id = 3249253, remain = 74, size = 64
Send to executer failed.force_push: msg_id = 3249289, remain = 74, size = 64
Send to executer failed.force_push: msg_id = 3249101, remain = 10, size = 64
Send to executer failed.force_push: msg_id = 3249316, remain = 74, size = 64
Send to executer failed.force_push: msg_id = 3249315, remain = 74, size = 64
Send to executer failed.force_push: msg_id = 3248886, remain = 10, size = 64
Send to executer failed.force_push: msg_id = 3249304, remain = 74, size = 64
Send to executer failed.force_push: msg_id = 3249325, remain = 74, size = 64
Send to executer failed.force_push: msg_id = 3249342, remain = 74, size = 64
Send to executer failed.force_push: msg_id = 3249218, remain = 74, size = 64
Send to executer failed.force_push: msg_id = 3249348, remain = 74, size = 64
Send to executer failed.force_push: msg_id = 3249082, remain = 10, size = 64
Send to executer failed.force_push: msg_id = 3249374, remain = 74, size = 64
Send to executer failed.force_push: msg_id = 3249442, remain = 74, size = 64
Send to executer failed.force_push: msg_id = 3249422, remain = 74, size = 64
Send to executer failed.force_push: msg_id = 3249421, remain = 10, size = 64
Send to executer failed.force_push: msg_id = 3249292, remain = 10, size = 64
Send to executer failed.force_push: msg_id = 3249356, remain = -54, size = 10
Send to executer failed.force_push: msg_id = 3248909, remain = -54, size = 10
Send to executer failed.force_push: msg_id = 3249420, remain = 10, size = 64
Send to executer failed.force_push: msg_id = 3249383, remain = 10, size = 64
Send to executer failed.force_push: msg_id = 3248946, remain = 10, size = 64
Send to executer failed.force_push: msg_id = 3249410, remain = 10, size = 64
Send to executer failed.force_push: msg_id = 3249436, remain = -54, size = 10
Send to executer failed.force_push: msg_id = 3249412, remain = 10, size = 64
Send to executer failed.force_push: msg_id = 3249291, remain = 74, size = 64
Send to executer failed.force_push: msg_id = 3249252, remain = 10, size = 64
Send to executer failed.force_push: msg_id = 3249408, remain = -54, size = 10
Send to executer failed.force_push: msg_id = 3249413, remain = -54, size = 10
Send to executer failed.Loaded function exp06_run_audit_55. lib_load_elasped: 330, func_load_elasped: 1
Loaded function exp06_run_audit_15. lib_load_elasped: 290, func_load_elasped: 1
force_push: msg_id = 3251406, remain = 74, size = 64
Send to executer failed.force_push: msg_id = 3251293, remain = 10, size = 64
Send to executer failed.force_push: msg_id = 3251340, remain = 74, size = 64
Send to executer failed.force_push: msg_id = 3251368, remain = 74, size = 64
Send to executer failed.force_push: msg_id = 3251328, remain = 10, size = 64
Send to executer failed.force_push: msg_id = 3251401, remain = 10, size = 64
Send to executer failed.force_push: msg_id = 3251305, remain = -54, size = 10
Send to executer failed.force_push: msg_id = 3252954, remain = 75, size = 64
Send to executer failed.force_push: msg_id = 3252979, remain = 75, size = 64
Send to executer failed.force_push: msg_id = 3252937, remain = -53, size = 11
Send to executer failed.force_push: msg_id = 3252925, remain = 11, size = 64
Send to executer failed.Loaded function exp06_run_audit_61. lib_load_elasped: 539, func_load_elasped: 2
force_push: msg_id = 3254431, remain = 74, size = 64
Send to executer failed.force_push: msg_id = 3254414, remain = 74, size = 64
Send to executer failed.force_push: msg_id = 3254388, remain = 10, size = 64
Send to executer failed.force_push: msg_id = 3254404, remain = 10, size = 64
Send to executer failed.force_push: msg_id = 3254519, remain = -54, size = 10
Send to executer failed.force_push: msg_id = 3254346, remain = 10, size = 64
Send to executer failed.force_push: msg_id = 3254556, remain = 74, size = 64
Send to executer failed.force_push: msg_id = 3254438, remain = 74, size = 64
Send to executer failed.force_push: msg_id = 3254355, remain = 10, size = 64
Send to executer failed.force_push: msg_id = 3254365, remain = 74, size = 64
Send to executer failed.force_push: msg_id = 3254435, remain = 74, size = 64
Send to executer failed.force_push: msg_id = 3254410, remain = 74, size = 64
Send to executer failed.force_push: msg_id = 3254348, remain = 74, size = 64
Send to executer failed.force_push: msg_id = 3254433, remain = 74, size = 64
Send to executer failed.force_push: msg_id = 3254573, remain = 74, size = 64
Send to executer failed.force_push: msg_id = 3254350, remain = 74, size = 64
Send to executer failed.force_push: msg_id = 3254559, remain = 10, size = 64
Send to executer failed.force_push: msg_id = 3254499, remain = 74, size = 64
Send to executer failed.force_push: msg_id = 3254524, remain = 74, size = 64
Send to executer failed.force_push: msg_id = 3254520, remain = -54, size = 10
force_push: msg_id = 3254446, remain = 10, size = 64
Send to executer failed.Send to executer failed.force_push: msg_id = 3254367, remain = 74, size = 64
Send to executer failed.force_push: msg_id = 3254513, remain = 10, size = 64
Send to executer failed.force_push: msg_id = 3254553, remain = -54, size = 10
Send to executer failed.force_push: msg_id = 3254408, remain = 10, size = 64
Send to executer failed.force_push: msg_id = 3254274, remain = 72, size = 64
Send to executer failed.force_push: msg_id = 3254409, remain = 74, size = 64
force_push: msg_id = 3254501, remain = 10, size = 64
Send to executer failed.force_push: msg_id = 3254497, remain = -54, size = 10
Send to executer failed.force_push: msg_id = 3254498, remain = 74, size = 64
Send to executer failed.Send to executer failed.force_push: msg_id = 3254425, remain = 10, size = 64
Send to executer failed.force_push: msg_id = 3254359, remain = -54, size = 10
Send to executer failed.force_push: msg_id = 3254281, remain = -56, size = 8
Send to executer failed.force_push: msg_id = 3254510, remain = 10, size = 64
Send to executer failed.force_push: msg_id = 3254502, remain = 10, size = 64
Send to executer failed.force_push: msg_id = 3254504, remain = 10, size = 64
Send to executer failed.force_push: msg_id = 3254352, remain = 72, size = 64
Send to executer failed.force_push: msg_id = 3254349, remain = 10, size = 64
Send to executer failed.force_push: msg_id = 3254353, remain = 74, size = 64
Send to executer failed.force_push: msg_id = 3254291, remain = 72, size = 64
Send to executer failed.force_push: msg_id = 3254356, remain = 10, size = 64
Send to executer failed.force_push: msg_id = 3254503, remain = -54, size = 10
Send to executer failed.force_push: msg_id = 3254505, remain = -54, size = 10
Send to executer failed.force_push: msg_id = 3255465, remain = 74, size = 64
Send to executer failed.force_push: msg_id = 3255550, remain = 74, size = 64
Send to executer failed.force_push: msg_id = 3255549, remain = 74, size = 64
Send to executer failed.force_push: msg_id = 3255547, remain = 74, size = 64
Send to executer failed.force_push: msg_id = 3255543, remain = 74, size = 64
Send to executer failed.force_push: msg_id = 3255377, remain = 74, size = 64
Send to executer failed.force_push: msg_id = 3255285, remain = 10, size = 64
Send to executer failed.force_push: msg_id = 3255563, remain = 74, size = 64
Send to executer failed.force_push: msg_id = 3255565, remain = 74, size = 64
Send to executer failed.force_push: msg_id = 3255569, remain = 74, size = 64
Send to executer failed.force_push: msg_id = 3255350, remain = 74, size = 64
Send to executer failed.force_push: msg_id = 3255290, remain = 10, size = 64
Send to executer failed.force_push: msg_id = 3255527, remain = 10, size = 64
Send to executer failed.force_push: msg_id = 3255349, remain = 10, size = 64
Send to executer failed.force_push: msg_id = 3255374, remain = 10, size = 64
Send to executer failed.force_push: msg_id = 3255314, remain = 10, size = 64
Send to executer failed.force_push: msg_id = 3255325, remain = 74, size = 64
Send to executer failed.force_push: msg_id = 3255289, remain = 74, size = 64
Send to executer failed.force_push: msg_id = 3255353, remain = -54, size = 10
Send to executer failed.force_push: msg_id = 3257063, remain = 74, size = 64
Send to executer failed.force_push: msg_id = 3257031, remain = 72, size = 64
Send to executer failed.force_push: msg_id = 3257182, remain = 74, size = 64
Send to executer failed.force_push: msg_id = 3257198, remain = 74, size = 64
force_push: msg_id = 3257202, remain = 74, size = 64
Send to executer failed.Send to executer failed.force_push: msg_id = 3257199, remain = 74, size = 64
Send to executer failed.force_push: msg_id = 3257046, remain = 74, size = 64
Send to executer failed.force_push: msg_id = 3257038, remain = 8, size = 64
Send to executer failed.force_push: msg_id = 3257116, remain = -54, size = 10
Send to executer failed.force_push: msg_id = 3257375, remain = 74, size = 64
Send to executer failed.force_push: msg_id = 3257369, remain = 10, size = 64
Send to executer failed.force_push: msg_id = 3257186, remain = 74, size = 64
Send to executer failed.force_push: msg_id = 3257077, remain = 10, size = 64
Send to executer failed.force_push: msg_id = 3257044, remain = 74, size = 64
Send to executer failed.force_push: msg_id = 3257081, remain = 74, size = 64
Send to executer failed.force_push: msg_id = 3257180, remain = 74, size = 64
Send to executer failed.force_push: msg_id = 3257201, remain = 74, size = 64
Send to executer failed.force_push: msg_id = 3257185, remain = 74, size = 64
Send to executer failed.force_push: msg_id = 3257080, remain = -54, size = 10
Send to executer failed.force_push: msg_id = 3257178, remain = -54, size = 10
Send to executer failed.force_push: msg_id = 3257183, remain = 10, size = 64
Send to executer failed.force_push: msg_id = 3257094, remain = 74, size = 64
Send to executer failed.force_push: msg_id = 3257157, remain = 74, size = 64
Send to executer failed.force_push: msg_id = 3257017, remain = 8, size = 64
Send to executer failed.force_push: msg_id = 3257127, remain = 10, size = 64
Send to executer failed.force_push: msg_id = 3257398, remain = 74, size = 64
Send to executer failed.force_push: msg_id = 3257028, remain = 72, size = 64
Send to executer failed.force_push: msg_id = 3257367, remain = 74, size = 64
Send to executer failed.force_push: msg_id = 3257257, remain = 74, size = 64
Send to executer failed.force_push: msg_id = 3257272, remain = 10, size = 64
Send to executer failed.force_push: msg_id = 3257177, remain = 10, size = 64
Send to executer failed.force_push: msg_id = 3257082, remain = 74, size = 64
Send to executer failed.force_push: msg_id = 3257306, remain = 74, size = 64
Send to executer failed.force_push: msg_id = 3257079, remain = 74, size = 64
Send to executer failed.force_push: msg_id = 3257034, remain = 72, size = 64
Send to executer failed.force_push: msg_id = 3257288, remain = 74, size = 64
Send to executer failed.force_push: msg_id = 3257332, remain = 10, size = 64
Send to executer failed.force_push: msg_id = 3257115, remain = 74, size = 64
Send to executer failed.force_push: msg_id = 3257400, remain = 10, size = 64
Send to executer failed.force_push: msg_id = 3257366, remain = 10, size = 64
Send to executer failed.force_push: msg_id = 3257184, remain = 10, size = 64
Send to executer failed.force_push: msg_id = 3257370, remain = 10, size = 64
Send to executer failed.Loaded function exp06_run_audit_34. lib_load_elasped: 441, func_load_elasped: 2
