Read file config.yml
Running executor...
Loaded function exp06_run_audit_37. lib_load_elasped: 372, func_load_elasped: 3
Loaded function exp06_run_audit_10. lib_load_elasped: 371, func_load_elasped: 3
Loaded function exp06_run_audit_27. lib_load_elasped: 270, func_load_elasped: 1
Loaded function exp06_marketdata. lib_load_elasped: 13287, func_load_elasped: 4
force_push: msg_id = 3229147, remain = 72, size = 64
Send to executer failed.force_push: msg_id = 3229529, remain = 74, size = 64
Send to executer failed.force_push: msg_id = 3229566, remain = 74, size = 64
Send to executer failed.force_push: msg_id = 3229142, remain = 72, size = 64
Send to executer failed.force_push: msg_id = 3229497, remain = 72, size = 64
Send to executer failed.force_push: msg_id = 3230691, remain = -54, size = 10
Send to executer failed.Loaded function exp06_run_audit_14. lib_load_elasped: 434, func_load_elasped: 1
Loaded function exp06_run_audit_24. lib_load_elasped: 295, func_load_elasped: 1
Loaded function exp06_run_audit_43. lib_load_elasped: 277, func_load_elasped: 2
Loaded function exp06_run_audit_39. lib_load_elasped: 334, func_load_elasped: 2
Loaded function exp06_run_audit_2. lib_load_elasped: 378, func_load_elasped: 2
Loaded function exp06_run_audit_35. lib_load_elasped: 230, func_load_elasped: 1
Loaded function exp06_run_audit_36. lib_load_elasped: 342, func_load_elasped: 2
Loaded function exp06_run_audit_31. lib_load_elasped: 329, func_load_elasped: 1
Loaded function exp06_run_audit_7. lib_load_elasped: 377, func_load_elasped: 2
Loaded function exp06_run_audit_50. lib_load_elasped: 331, func_load_elasped: 1
Loaded function exp06_run_audit_49. lib_load_elasped: 250, func_load_elasped: 2
Loaded function exp06_run_audit_11. lib_load_elasped: 191, func_load_elasped: 1
Loaded function exp06_run_audit_29. lib_load_elasped: 292, func_load_elasped: 1
Loaded function exp06_run_audit_47. lib_load_elasped: 221, func_load_elasped: 1
Loaded function exp06_run_audit_12. lib_load_elasped: 199, func_load_elasped: 1
Loaded function exp06_run_audit_42. lib_load_elasped: 334, func_load_elasped: 2
Loaded function exp06_run_audit_34. lib_load_elasped: 164, func_load_elasped: 1
Loaded function exp06_run_audit_5. lib_load_elasped: 528, func_load_elasped: 3
Loaded function exp06_run_audit_40. lib_load_elasped: 389, func_load_elasped: 2
Loaded function exp06_run_audit_59. lib_load_elasped: 346, func_load_elasped: 2
force_push: msg_id = 3243180, remain = 72, size = 64
Send to executer failed.force_push: msg_id = 3243226, remain = -54, size = 10
Send to executer failed.force_push: msg_id = 3243380, remain = 74, size = 64
Send to executer failed.force_push: msg_id = 3243379, remain = -54, size = 10
Send to executer failed.force_push: msg_id = 3243252, remain = 74, size = 64
Send to executer failed.force_push: msg_id = 3243185, remain = 10, size = 64
Send to executer failed.Loaded function exp06_run_audit_41. lib_load_elasped: 473, func_load_elasped: 2
Loaded function exp06_run_audit_56. lib_load_elasped: 371, func_load_elasped: 2
Loaded function exp06_run_audit_79. lib_load_elasped: 312, func_load_elasped: 2
Loaded function exp06_run_audit_44. lib_load_elasped: 340, func_load_elasped: 2
Loaded function exp06_run_audit_19. lib_load_elasped: 400, func_load_elasped: 1
force_push: msg_id = 3246940, remain = -54, size = 10
Send to executer failed.force_push: msg_id = 3246939, remain = -54, size = 10
Send to executer failed.force_push: msg_id = 3246976, remain = -54, size = 10
Send to executer failed.Loaded function exp06_run_audit_17. lib_load_elasped: 472, func_load_elasped: 2
force_push: msg_id = 3249173, remain = 74, size = 64
Send to executer failed.force_push: msg_id = 3249169, remain = 74, size = 64
Send to executer failed.force_push: msg_id = 3249190, remain = 74, size = 64
Send to executer failed.force_push: msg_id = 3248760, remain = -54, size = 10
Send to executer failed.force_push: msg_id = 3248782, remain = 10, size = 64
Send to executer failed.force_push: msg_id = 3248707, remain = 10, size = 64
Send to executer failed.force_push: msg_id = 3248613, remain = -56, size = 8
Send to executer failed.force_push: msg_id = 3249158, remain = 74, size = 64
Send to executer failed.force_push: msg_id = 3248981, remain = 74, size = 64
Send to executer failed.force_push: msg_id = 3248655, remain = 8, size = 64
Send to executer failed.force_push: msg_id = 3249160, remain = 74, size = 64
Send to executer failed.force_push: msg_id = 3249305, remain = 74, size = 64
Send to executer failed.force_push: msg_id = 3249330, remain = 74, size = 64
Send to executer failed.force_push: msg_id = 3249332, remain = 74, size = 64
Send to executer failed.force_push: msg_id = 3249174, remain = 74, size = 64
Send to executer failed.force_push: msg_id = 3249329, remain = 74, size = 64
Send to executer failed.force_push: msg_id = 3248950, remain = 74, size = 64
Send to executer failed.force_push: msg_id = 3249170, remain = 74, size = 64
Send to executer failed.force_push: msg_id = 3248836, remain = 10, size = 64
Send to executer failed.force_push: msg_id = 3249345, remain = 74, size = 64
Send to executer failed.force_push: msg_id = 3249344, remain = 74, size = 64
Send to executer failed.force_push: msg_id = 3249319, remain = 74, size = 64
Send to executer failed.force_push: msg_id = 3249037, remain = 74, size = 64
Send to executer failed.force_push: msg_id = 3248547, remain = 72, size = 64
Send to executer failed.force_push: msg_id = 3249175, remain = 74, size = 64
Send to executer failed.force_push: msg_id = 3249274, remain = 10, size = 64
Send to executer failed.force_push: msg_id = 3249177, remain = 74, size = 64
Send to executer failed.force_push: msg_id = 3249154, remain = 74, size = 64
Send to executer failed.force_push: msg_id = 3249286, remain = -54, size = 10
Send to executer failed.force_push: msg_id = 3249181, remain = 74, size = 64
Send to executer failed.force_push: msg_id = 3249172, remain = 74, size = 64
Send to executer failed.force_push: msg_id = 3248938, remain = 10, size = 64
Send to executer failed.force_push: msg_id = 3248980, remain = -54, size = 10
Send to executer failed.force_push: msg_id = 3249350, remain = 74, size = 64
Send to executer failed.force_push: msg_id = 3249179, remain = 74, size = 64
Send to executer failed.force_push: msg_id = 3248779, remain = -54, size = 10
Send to executer failed.force_push: msg_id = 3248743, remain = 10, size = 64
Send to executer failed.force_push: msg_id = 3249167, remain = 74, size = 64
Send to executer failed.force_push: msg_id = 3249038, remain = 10, size = 64
Send to executer failed.force_push: msg_id = 3248890, remain = 74, size = 64
Send to executer failed.force_push: msg_id = 3249189, remain = 74, size = 64
Send to executer failed.force_push: msg_id = 3251476, remain = 73, size = 64
Send to executer failed.force_push: msg_id = 3251573, remain = 11, size = 64
Send to executer failed.force_push: msg_id = 3251533, remain = 75, size = 64
Send to executer failed.Loaded function exp06_run_audit_57. lib_load_elasped: 448, func_load_elasped: 2
Loaded function exp06_run_audit_60. lib_load_elasped: 465, func_load_elasped: 15
Loaded function exp06_run_audit_20. lib_load_elasped: 383, func_load_elasped: 2
force_push: msg_id = 3255813, remain = 73, size = 64
Send to executer failed.force_push: msg_id = 3255880, remain = -55, size = 9
Send to executer failed.force_push: msg_id = 3255773, remain = -55, size = 9
Send to executer failed.force_push: msg_id = 3255827, remain = 9, size = 64
Send to executer failed.force_push: msg_id = 3255816, remain = 73, size = 64
Send to executer failed.force_push: msg_id = 3255809, remain = 9, size = 64
Send to executer failed.force_push: msg_id = 3255856, remain = 73, size = 64
Send to executer failed.force_push: msg_id = 3255883, remain = 9, size = 64
Send to executer failed.force_push: msg_id = 3255828, remain = 73, size = 64
Send to executer failed.force_push: msg_id = 3255873, remain = 9, size = 64
Send to executer failed.force_push: msg_id = 3255768, remain = -57, size = 7
Send to executer failed.Loaded function exp06_run_audit_63. lib_load_elasped: 428, func_load_elasped: 2
force_push: msg_id = 3258772, remain = 10, size = 64
Send to executer failed.force_push: msg_id = 3258723, remain = 72, size = 64
Send to executer failed.force_push: msg_id = 3258791, remain = 10, size = 64
Send to executer failed.force_push: msg_id = 3258778, remain = -54, size = 10
Send to executer failed.force_push: msg_id = 3258770, remain = -54, size = 10
Send to executer failed.force_push: msg_id = 3258753, remain = -54, size = 10
Send to executer failed.force_push: msg_id = 3258736, remain = 10, size = 64
Send to executer failed.force_push: msg_id = 3258720, remain = 8, size = 64
Send to executer failed.force_push: msg_id = 3258790, remain = 74, size = 64
Send to executer failed.force_push: msg_id = 3258725, remain = 10, size = 64
Send to executer failed.force_push: msg_id = 3258727, remain = -54, size = 10
Send to executer failed.