Read file config.yml
Running executor...
Loaded function exp06_marketdata. lib_load_elasped: 7443, func_load_elasped: 8
force_push: msg_id = 3051071, remain = 10, size = 64
Send to executer failed.force_push: msg_id = 3051150, remain = 10, size = 64
Send to executer failed.force_push: msg_id = 3051456, remain = -54, size = 10
Send to executer failed.force_push: msg_id = 3051454, remain = 74, size = 64
Send to executer failed.force_push: msg_id = 3051042, remain = 10, size = 64
Send to executer failed.force_push: msg_id = 3050983, remain = 10, size = 64
Send to executer failed.force_push: msg_id = 3051075, remain = 74, size = 64
Send to executer failed.force_push: msg_id = 3051131, remain = 10, size = 64
Send to executer failed.force_push: msg_id = 3051116, remain = 74, size = 64
Send to executer failed.force_push: msg_id = 3051070, remain = -54, size = 10
Send to executer failed.force_push: msg_id = 3051189, remain = 10, size = 64
Send to executer failed.force_push: msg_id = 3051453, remain = 74, size = 64
Send to executer failed.force_push: msg_id = 3053467, remain = 74, size = 64
Send to executer failed.force_push: msg_id = 3053663, remain = 10, size = 64
Send to executer failed.force_push: msg_id = 3053385, remain = 10, size = 64
Send to executer failed.force_push: msg_id = 3053546, remain = 74, size = 64
Send to executer failed.force_push: msg_id = 3053593, remain = 74, size = 64
force_push: msg_id = 3053566, remain = 74, size = 64
Send to executer failed.Send to executer failed.force_push: msg_id = 3053384, remain = 72, size = 64
Send to executer failed.force_push: msg_id = 3053424, remain = 74, size = 64
Send to executer failed.force_push: msg_id = 3053692, remain = 74, size = 64
Send to executer failed.force_push: msg_id = 3053261, remain = 72, size = 64
Send to executer failed.force_push: msg_id = 3053694, remain = 74, size = 64
Send to executer failed.force_push: msg_id = 3053672, remain = -54, size = 10
Send to executer failed.force_push: msg_id = 3053260, remain = 72, size = 64
Send to executer failed.force_push: msg_id = 3053673, remain = -54, size = 10
Send to executer failed.force_push: msg_id = 3053281, remain = 8, size = 64
Send to executer failed.Loaded function exp06_run_audit_9. lib_load_elasped: 377, func_load_elasped: 2
force_push: msg_id = 3057635, remain = 74, size = 64
Send to executer failed.force_push: msg_id = 3057633, remain = 74, size = 64
Send to executer failed.force_push: msg_id = 3057641, remain = 74, size = 64
Send to executer failed.force_push: msg_id = 3057638, remain = 74, size = 64
Send to executer failed.force_push: msg_id = 3057644, remain = 74, size = 64
Send to executer failed.force_push: msg_id = 3057653, remain = 10, size = 64
Send to executer failed.Loaded function exp06_run_audit_23. lib_load_elasped: 429, func_load_elasped: 2
Loaded function exp06_run_audit_40. lib_load_elasped: 244, func_load_elasped: 1
force_push: msg_id = 3062978, remain = 73, size = 64
Send to executer failed.force_push: msg_id = 3063068, remain = -53, size = 11
Send to executer failed.force_push: msg_id = 3063109, remain = 75, size = 64
Send to executer failed.force_push: msg_id = 3063066, remain = 75, size = 64
force_push: msg_id = 3063044, remain = -53, size = 11
Send to executer failed.Send to executer failed.force_push: msg_id = 3063046, remain = 75, size = 64
Send to executer failed.force_push: msg_id = 3062969, remain = -55, size = 9
Send to executer failed.force_push: msg_id = 3063110, remain = 11, size = 64
Send to executer failed.force_push: msg_id = 3063107, remain = -53, size = 11
Send to executer failed.force_push: msg_id = 3063115, remain = -53, size = 11
Send to executer failed.force_push: msg_id = 3062960, remain = 9, size = 64
Send to executer failed.force_push: msg_id = 3063091, remain = 75, size = 64
Send to executer failed.force_push: msg_id = 3062982, remain = 11, size = 64
Send to executer failed.force_push: msg_id = 3063067, remain = 11, size = 64
Send to executer failed.force_push: msg_id = 3063019, remain = 75, size = 64
Send to executer failed.force_push: msg_id = 3063114, remain = 75, size = 64
Send to executer failed.force_push: msg_id = 3063108, remain = 75, size = 64
Send to executer failed.force_push: msg_id = 3062963, remain = -55, size = 9
Send to executer failed.force_push: msg_id = 3063040, remain = 11, size = 64
Send to executer failed.force_push: msg_id = 3063041, remain = 11, size = 64
Send to executer failed.Loaded function exp06_run_audit_1. lib_load_elasped: 389, func_load_elasped: 1
Loaded function exp06_run_audit_32. lib_load_elasped: 268, func_load_elasped: 1
