Read file config.yml
Running executor...
Loaded function exp06_run_audit_5. lib_load_elasped: 332, func_load_elasped: 2
Loaded function exp06_marketdata. lib_load_elasped: 5708, func_load_elasped: 2
force_push: msg_id = 3051493, remain = 72, size = 64
Send to executer failed.force_push: msg_id = 3051478, remain = -56, size = 8
Send to executer failed.force_push: msg_id = 3051719, remain = -54, size = 10
Send to executer failed.force_push: msg_id = 3051727, remain = 10, size = 64
Send to executer failed.force_push: msg_id = 3051660, remain = -54, size = 10
Send to executer failed.Loaded function exp06_run_audit_27. lib_load_elasped: 449, func_load_elasped: 1
Loaded function exp06_run_audit_15. lib_load_elasped: 306, func_load_elasped: 1
Loaded function exp06_run_audit_6. lib_load_elasped: 285, func_load_elasped: 1
Loaded function exp06_run_audit_16. lib_load_elasped: 376, func_load_elasped: 2
Loaded function exp06_run_audit_20. lib_load_elasped: 463, func_load_elasped: 2
force_push: msg_id = 3056314, remain = -54, size = 10
Send to executer failed.force_push: msg_id = 3056416, remain = 74, size = 64
Send to executer failed.Loaded function exp06_run_audit_10. lib_load_elasped: 237, func_load_elasped: 1
Loaded function exp06_run_audit_9. lib_load_elasped: 245, func_load_elasped: 2
Loaded function exp06_run_audit_19. lib_load_elasped: 414, func_load_elasped: 2
Loaded function exp06_run_audit_32. lib_load_elasped: 237, func_load_elasped: 1
force_push: msg_id = 3058843, remain = 74, size = 64
Send to executer failed.force_push: msg_id = 3058859, remain = 74, size = 64
Send to executer failed.force_push: msg_id = 3058860, remain = 10, size = 64
Send to executer failed.Loaded function exp06_run_audit_7. lib_load_elasped: 384, func_load_elasped: 2
force_push: msg_id = 3061558, remain = 72, size = 64
Send to executer failed.Loaded function exp06_run_audit_18. lib_load_elasped: 447, func_load_elasped: 2
Loaded function exp06_run_audit_35. lib_load_elasped: 458, func_load_elasped: 2
Loaded function exp06_run_audit_33. lib_load_elasped: 372, func_load_elasped: 2
Loaded function exp06_run_audit_14. lib_load_elasped: 378, func_load_elasped: 2
Loaded function exp06_run_audit_24. lib_load_elasped: 386, func_load_elasped: 2
