Read file config.yml
Running executor...
Loaded function exp06_marketdata. lib_load_elasped: 6321, func_load_elasped: 3
force_push: msg_id = 3050780, remain = 75, size = 64
Send to executer failed.force_push: msg_id = 3051006, remain = 75, size = 64
Send to executer failed.force_push: msg_id = 3050906, remain = 75, size = 64
Send to executer failed.Loaded function exp06_run_audit_12. lib_load_elasped: 272, func_load_elasped: 1
Loaded function exp06_run_audit_17. lib_load_elasped: 389, func_load_elasped: 2
Loaded function exp06_run_audit_13. lib_load_elasped: 280, func_load_elasped: 1
Loaded function exp06_run_audit_30. lib_load_elasped: 450, func_load_elasped: 2
force_push: msg_id = 3053837, remain = 74, size = 64
Send to executer failed.force_push: msg_id = 3053883, remain = 74, size = 64
Send to executer failed.force_push: msg_id = 3053872, remain = 74, size = 64
Send to executer failed.force_push: msg_id = 3054954, remain = 11, size = 64
Send to executer failed.force_push: msg_id = 3054959, remain = 11, size = 64
Send to executer failed.force_push: msg_id = 3054989, remain = 11, size = 64
Send to executer failed.force_push: msg_id = 3054968, remain = 11, size = 64
Send to executer failed.force_push: msg_id = 3054969, remain = 11, size = 64
Send to executer failed.force_push: msg_id = 3054961, remain = -53, size = 11
Send to executer failed.force_push: msg_id = 3054949, remain = 75, size = 64
Send to executer failed.force_push: msg_id = 3054970, remain = -53, size = 11
Send to executer failed.force_push: msg_id = 3054965, remain = -53, size = 11
Send to executer failed.force_push: msg_id = 3054988, remain = 11, size = 64
Send to executer failed.force_push: msg_id = 3054953, remain = 11, size = 64
Send to executer failed.force_push: msg_id = 3054990, remain = 11, size = 64
Send to executer failed.force_push: msg_id = 3054960, remain = 11, size = 64
Send to executer failed.Loaded function exp06_run_audit_1. lib_load_elasped: 321, func_load_elasped: 1
Loaded function exp06_run_audit_21. lib_load_elasped: 304, func_load_elasped: 1
Loaded function exp06_run_audit_40. lib_load_elasped: 156, func_load_elasped: 1
Loaded function exp06_run_audit_10. lib_load_elasped: 224, func_load_elasped: 1
Loaded function exp06_run_audit_25. lib_load_elasped: 313, func_load_elasped: 1
Loaded function exp06_run_audit_9. lib_load_elasped: 370, func_load_elasped: 1
Loaded function exp06_run_audit_34. lib_load_elasped: 316, func_load_elasped: 1
force_push: msg_id = 3057829, remain = 71, size = 64
Send to executer failed.force_push: msg_id = 3057858, remain = -55, size = 9
Send to executer failed.force_push: msg_id = 3057853, remain = 73, size = 64
Send to executer failed.force_push: msg_id = 3057827, remain = 71, size = 64
Send to executer failed.force_push: msg_id = 3057863, remain = 9, size = 64
Send to executer failed.force_push: msg_id = 3057862, remain = 9, size = 64
Send to executer failed.force_push: msg_id = 3057825, remain = -57, size = 7
Send to executer failed.force_push: msg_id = 3057852, remain = 9, size = 64
Send to executer failed.Loaded function exp06_run_audit_15. lib_load_elasped: 423, func_load_elasped: 2
Loaded function exp06_run_audit_33. lib_load_elasped: 226, func_load_elasped: 1
Loaded function exp06_run_audit_23. lib_load_elasped: 407, func_load_elasped: 2
Loaded function exp06_run_audit_26. lib_load_elasped: 222, func_load_elasped: 1
Loaded function exp06_run_audit_2. lib_load_elasped: 239, func_load_elasped: 1
Loaded function exp06_run_audit_31. lib_load_elasped: 383, func_load_elasped: 2
Loaded function exp06_run_audit_36. lib_load_elasped: 330, func_load_elasped: 2
force_push: msg_id = 3059487, remain = 74, size = 64
Send to executer failed.force_push: msg_id = 3059482, remain = 74, size = 64
Send to executer failed.force_push: msg_id = 3059471, remain = 74, size = 64
Send to executer failed.force_push: msg_id = 3059368, remain = 10, size = 64
Send to executer failed.force_push: msg_id = 3059474, remain = -54, size = 10
Send to executer failed.Loaded function exp06_run_audit_18. lib_load_elasped: 396, func_load_elasped: 2
force_push: msg_id = 3062892, remain = 10, size = 64
Send to executer failed.Loaded function exp06_run_audit_16. lib_load_elasped: 461, func_load_elasped: 2
Loaded function exp06_run_audit_6. lib_load_elasped: 461, func_load_elasped: 2
Loaded function exp06_run_audit_32. lib_load_elasped: 425, func_load_elasped: 2
Loaded function exp06_run_audit_8. lib_load_elasped: 285, func_load_elasped: 1
