Read file config.yml
Running executor...
Loaded function exp06_run_audit_15. lib_load_elasped: 339, func_load_elasped: 3
Loaded function exp06_run_audit_25. lib_load_elasped: 292, func_load_elasped: 1
Loaded function exp06_run_audit_30. lib_load_elasped: 314, func_load_elasped: 1
Loaded function exp06_marketdata. lib_load_elasped: 5015, func_load_elasped: 2
force_push: msg_id = 3052769, remain = 74, size = 64
Send to executer failed.Loaded function exp06_run_audit_39. lib_load_elasped: 429, func_load_elasped: 2
Loaded function exp06_run_audit_3. lib_load_elasped: 397, func_load_elasped: 1
Loaded function exp06_run_audit_11. lib_load_elasped: 249, func_load_elasped: 1
Loaded function exp06_run_audit_40. lib_load_elasped: 369, func_load_elasped: 2
Loaded function exp06_run_audit_5. lib_load_elasped: 344, func_load_elasped: 1
Loaded function exp06_run_audit_22. lib_load_elasped: 323, func_load_elasped: 1
force_push: msg_id = 3055858, remain = 11, size = 64
Send to executer failed.force_push: msg_id = 3057536, remain = 74, size = 64
Send to executer failed.force_push: msg_id = 3057491, remain = 74, size = 64
Send to executer failed.force_push: msg_id = 3057547, remain = 74, size = 64
Send to executer failed.force_push: msg_id = 3057552, remain = 74, size = 64
Send to executer failed.force_push: msg_id = 3058443, remain = 75, size = 64
Send to executer failed.force_push: msg_id = 3059809, remain = 74, size = 64
Send to executer failed.Loaded function exp06_run_audit_19. lib_load_elasped: 386, func_load_elasped: 1
Loaded function exp06_run_audit_20. lib_load_elasped: 485, func_load_elasped: 2
Loaded function exp06_run_audit_1. lib_load_elasped: 568, func_load_elasped: 3
Loaded function exp06_run_audit_17. lib_load_elasped: 388, func_load_elasped: 3
force_push: msg_id = 3063847, remain = 74, size = 64
Send to executer failed.Loaded function exp06_run_audit_6. lib_load_elasped: 449, func_load_elasped: 2
