Read file config.yml
Running executor...
Loaded function exp06_run_audit_12. lib_load_elasped: 282, func_load_elasped: 2
Loaded function exp06_run_audit_15. lib_load_elasped: 372, func_load_elasped: 2
Loaded function exp06_run_audit_11. lib_load_elasped: 435, func_load_elasped: 2
Loaded function exp06_run_audit_28. lib_load_elasped: 411, func_load_elasped: 2
Loaded function exp06_run_audit_7. lib_load_elasped: 472, func_load_elasped: 3
Loaded function exp06_run_audit_1. lib_load_elasped: 338, func_load_elasped: 2
Loaded function exp06_run_audit_27. lib_load_elasped: 395, func_load_elasped: 2
Loaded function exp06_run_audit_30. lib_load_elasped: 425, func_load_elasped: 2
Loaded function exp06_marketdata. lib_load_elasped: 5118, func_load_elasped: 2
force_push: msg_id = 3054946, remain = 10, size = 64
Send to executer failed.force_push: msg_id = 3054941, remain = -54, size = 10
Send to executer failed.force_push: msg_id = 3055013, remain = -54, size = 10
Send to executer failed.force_push: msg_id = 3054993, remain = -54, size = 10
Send to executer failed.force_push: msg_id = 3054991, remain = 10, size = 64
Send to executer failed.force_push: msg_id = 3054994, remain = -54, size = 10
Send to executer failed.force_push: msg_id = 3055209, remain = 74, size = 64
Send to executer failed.force_push: msg_id = 3055217, remain = 74, size = 64
Send to executer failed.force_push: msg_id = 3055190, remain = 72, size = 64
Send to executer failed.force_push: msg_id = 3055203, remain = 74, size = 64
Send to executer failed.force_push: msg_id = 3055188, remain = 72, size = 64
Send to executer failed.force_push: msg_id = 3055195, remain = 74, size = 64
Send to executer failed.force_push: msg_id = 3055194, remain = 72, size = 64
Send to executer failed.force_push: msg_id = 3055193, remain = 72, size = 64
Send to executer failed.force_push: msg_id = 3055225, remain = 74, size = 64
Send to executer failed.force_push: msg_id = 3055191, remain = 72, size = 64
Send to executer failed.force_push: msg_id = 3055223, remain = 74, size = 64
Send to executer failed.force_push: msg_id = 3055211, remain = 10, size = 64
Send to executer failed.Loaded function exp06_run_audit_3. lib_load_elasped: 276, func_load_elasped: 1
Loaded function exp06_run_audit_21. lib_load_elasped: 212, func_load_elasped: 1
force_push: msg_id = 3055386, remain = 10, size = 64
Send to executer failed.force_push: msg_id = 3055421, remain = 10, size = 64
Send to executer failed.force_push: msg_id = 3055378, remain = 74, size = 64
Send to executer failed.force_push: msg_id = 3055482, remain = 74, size = 64
Send to executer failed.Loaded function exp06_run_audit_9. lib_load_elasped: 352, func_load_elasped: 2
force_push: msg_id = 3056465, remain = 72, size = 64
Send to executer failed.Loaded function exp06_run_audit_22. lib_load_elasped: 469, func_load_elasped: 2
Loaded function exp06_run_audit_39. lib_load_elasped: 405, func_load_elasped: 2
Loaded function exp06_run_audit_35. lib_load_elasped: 375, func_load_elasped: 2
Loaded function exp06_run_audit_8. lib_load_elasped: 431, func_load_elasped: 2
Loaded function exp06_run_audit_18. lib_load_elasped: 401, func_load_elasped: 1
force_push: msg_id = 3059039, remain = -56, size = 8
Send to executer failed.force_push: msg_id = 3059070, remain = -54, size = 10
Send to executer failed.force_push: msg_id = 3059051, remain = 74, size = 64
Send to executer failed.force_push: msg_id = 3059045, remain = 74, size = 64
Send to executer failed.force_push: msg_id = 3059056, remain = -54, size = 10
Send to executer failed.Loaded function exp06_run_audit_25. lib_load_elasped: 433, func_load_elasped: 2
Loaded function exp06_run_audit_10. lib_load_elasped: 395, func_load_elasped: 2
force_push: msg_id = 3059797, remain = 75, size = 64
Send to executer failed.Loaded function exp06_run_audit_24. lib_load_elasped: 320, func_load_elasped: 1
force_push: msg_id = 3060958, remain = -54, size = 10
Send to executer failed.Loaded function exp06_run_audit_5. lib_load_elasped: 292, func_load_elasped: 1
Loaded function exp06_run_audit_26. lib_load_elasped: 260, func_load_elasped: 1
force_push: msg_id = 3062063, remain = 10, size = 64
Send to executer failed.force_push: msg_id = 3062008, remain = 74, size = 64
Send to executer failed.force_push: msg_id = 3062034, remain = 10, size = 64
Send to executer failed.force_push: msg_id = 3062039, remain = 74, size = 64
Send to executer failed.force_push: msg_id = 3061969, remain = 8, size = 64
Send to executer failed.force_push: msg_id = 3062044, remain = 10, size = 64
Send to executer failed.force_push: msg_id = 3061934, remain = 72, size = 64
Send to executer failed.force_push: msg_id = 3062048, remain = 74, size = 64
Send to executer failed.force_push: msg_id = 3062031, remain = 10, size = 64
force_push: msg_id = 3061950, remain = 72, size = 64
Send to executer failed.force_push: msg_id = 3062030, remain = 10, size = 64
force_push: msg_id = 3062064, remain = 10, size = 64
Send to executer failed.Send to executer failed.Send to executer failed.force_push: msg_id = 3062033, remain = -54, size = 10
Send to executer failed.force_push: msg_id = 3062038, remain = 10, size = 64
Send to executer failed.force_push: msg_id = 3062043, remain = 10, size = 64
Send to executer failed.force_push: msg_id = 3062023, remain = 10, size = 64
Send to executer failed.force_push: msg_id = 3062037, remain = 74, size = 64
Send to executer failed.force_push: msg_id = 3062053, remain = 74, size = 64
Send to executer failed.force_push: msg_id = 3062022, remain = 10, size = 64
Send to executer failed.force_push: msg_id = 3062046, remain = 10, size = 64
Send to executer failed.force_push: msg_id = 3062065, remain = 10, size = 64
Send to executer failed.force_push: msg_id = 3061992, remain = 72, size = 64
Send to executer failed.force_push: msg_id = 3062049, remain = 10, size = 64
Send to executer failed.force_push: msg_id = 3061967, remain = 8, size = 64
Send to executer failed.force_push: msg_id = 3062052, remain = 74, size = 64
Send to executer failed.force_push: msg_id = 3062054, remain = -54, size = 10
Send to executer failed.Loaded function exp06_run_audit_13. lib_load_elasped: 495, func_load_elasped: 2
Loaded function exp06_run_audit_23. lib_load_elasped: 475, func_load_elasped: 2
force_push: msg_id = 3066535, remain = -54, size = 10
Send to executer failed.