Read file config.yml
Running executor...
Loaded function exp06_run_audit_11. lib_load_elasped: 292, func_load_elasped: 3
Loaded function exp06_run_audit_39. lib_load_elasped: 400, func_load_elasped: 2
Loaded function exp06_run_audit_3. lib_load_elasped: 385, func_load_elasped: 2
Loaded function exp06_run_audit_17. lib_load_elasped: 387, func_load_elasped: 2
Loaded function exp06_marketdata. lib_load_elasped: 5719, func_load_elasped: 3
Loaded function exp06_run_audit_15. lib_load_elasped: 415, func_load_elasped: 2
force_push: msg_id = 3051974, remain = 10, size = 64
Send to executer failed.force_push: msg_id = 3052097, remain = 74, size = 64
Send to executer failed.force_push: msg_id = 3052079, remain = 10, size = 64
Send to executer failed.force_push: msg_id = 3052070, remain = 72, size = 64
Send to executer failed.force_push: msg_id = 3052102, remain = 74, size = 64
Send to executer failed.force_push: msg_id = 3052099, remain = 74, size = 64
Send to executer failed.force_push: msg_id = 3052090, remain = 10, size = 64
Send to executer failed.force_push: msg_id = 3052080, remain = 74, size = 64
Send to executer failed.force_push: msg_id = 3052103, remain = 10, size = 64
Send to executer failed.force_push: msg_id = 3052089, remain = 10, size = 64
Send to executer failed.force_push: msg_id = 3052081, remain = 10, size = 64
Send to executer failed.force_push: msg_id = 3052085, remain = 74, size = 64
Send to executer failed.force_push: msg_id = 3052092, remain = -56, size = 8
Send to executer failed.Loaded function exp06_run_audit_4. lib_load_elasped: 449, func_load_elasped: 2
force_push: msg_id = 3052542, remain = 74, size = 64
Send to executer failed.force_push: msg_id = 3052533, remain = 72, size = 64
Send to executer failed.force_push: msg_id = 3052532, remain = 72, size = 64
Send to executer failed.force_push: msg_id = 3052517, remain = 8, size = 64
Send to executer failed.force_push: msg_id = 3052537, remain = 10, size = 64
Send to executer failed.force_push: msg_id = 3052538, remain = 10, size = 64
Send to executer failed.force_push: msg_id = 3052544, remain = -54, size = 10
Send to executer failed.force_push: msg_id = 3052610, remain = 74, size = 64
Send to executer failed.force_push: msg_id = 3052536, remain = 74, size = 64
Send to executer failed.force_push: msg_id = 3052585, remain = 10, size = 64
Send to executer failed.force_push: msg_id = 3052534, remain = 10, size = 64
Send to executer failed.force_push: msg_id = 3052526, remain = -56, size = 8
Send to executer failed.force_push: msg_id = 3052565, remain = -54, size = 10
Send to executer failed.force_push: msg_id = 3052616, remain = 10, size = 64
Send to executer failed.force_push: msg_id = 3052609, remain = -54, size = 10
Send to executer failed.force_push: msg_id = 3052524, remain = 72, size = 64
Send to executer failed.force_push: msg_id = 3052587, remain = 10, size = 64
Send to executer failed.force_push: msg_id = 3052581, remain = 74, size = 64
Send to executer failed.force_push: msg_id = 3052519, remain = 8, size = 64
Send to executer failed.force_push: msg_id = 3052564, remain = 10, size = 64
Send to executer failed.force_push: msg_id = 3052525, remain = 72, size = 64
Send to executer failed.force_push: msg_id = 3052563, remain = 10, size = 64
Send to executer failed.force_push: msg_id = 3053536, remain = 10, size = 64
Send to executer failed.force_push: msg_id = 3053525, remain = 74, size = 64
Send to executer failed.force_push: msg_id = 3053541, remain = 74, size = 64
Send to executer failed.force_push: msg_id = 3053517, remain = -54, size = 10
Send to executer failed.force_push: msg_id = 3053534, remain = 74, size = 64
Send to executer failed.force_push: msg_id = 3053515, remain = 74, size = 64
Send to executer failed.force_push: msg_id = 3053555, remain = 74, size = 64
Send to executer failed.force_push: msg_id = 3053532, remain = 74, size = 64
Send to executer failed.force_push: msg_id = 3053542, remain = 74, size = 64
Send to executer failed.force_push: msg_id = 3053545, remain = 74, size = 64
Send to executer failed.force_push: msg_id = 3053535, remain = 74, size = 64
Send to executer failed.force_push: msg_id = 3053530, remain = 74, size = 64
Send to executer failed.force_push: msg_id = 3053497, remain = 10, size = 64
Send to executer failed.force_push: msg_id = 3053533, remain = 74, size = 64
Send to executer failed.force_push: msg_id = 3053557, remain = 10, size = 64
Send to executer failed.force_push: msg_id = 3053554, remain = -54, size = 10
Send to executer failed.force_push: msg_id = 3053480, remain = 8, size = 64
Send to executer failed.force_push: msg_id = 3053490, remain = 74, size = 64
Send to executer failed.force_push: msg_id = 3053508, remain = -54, size = 10
Send to executer failed.force_push: msg_id = 3053487, remain = 8, size = 64
Send to executer failed.force_push: msg_id = 3053516, remain = 10, size = 64
Send to executer failed.force_push: msg_id = 3053551, remain = 10, size = 64
Send to executer failed.force_push: msg_id = 3053539, remain = 74, size = 64
Send to executer failed.Loaded function exp06_run_audit_26. lib_load_elasped: 477, func_load_elasped: 2
Loaded function exp06_run_audit_38. lib_load_elasped: 378, func_load_elasped: 2
Loaded function exp06_run_audit_21. lib_load_elasped: 347, func_load_elasped: 2
force_push: msg_id = 3054824, remain = -54, size = 10
Send to executer failed.force_push: msg_id = 3054815, remain = -54, size = 10
Send to executer failed.force_push: msg_id = 3054814, remain = -54, size = 10
Send to executer failed.force_push: msg_id = 3054818, remain = -54, size = 10
Send to executer failed.force_push: msg_id = 3054819, remain = -54, size = 10
Send to executer failed.Loaded function exp06_run_audit_28. lib_load_elasped: 380, func_load_elasped: 2
Loaded function exp06_run_audit_1. lib_load_elasped: 289, func_load_elasped: 1
Loaded function exp06_run_audit_24. lib_load_elasped: 319, func_load_elasped: 2
Loaded function exp06_run_audit_7. lib_load_elasped: 334, func_load_elasped: 1
Loaded function exp06_run_audit_29. lib_load_elasped: 333, func_load_elasped: 2
Loaded function exp06_run_audit_32. lib_load_elasped: 336, func_load_elasped: 1
force_push: msg_id = 3057597, remain = 74, size = 64
Send to executer failed.force_push: msg_id = 3057606, remain = 72, size = 64
Send to executer failed.force_push: msg_id = 3057616, remain = 74, size = 64
Send to executer failed.force_push: msg_id = 3057600, remain = 8, size = 64
Send to executer failed.force_push: msg_id = 3057607, remain = 74, size = 64
Send to executer failed.force_push: msg_id = 3057599, remain = -54, size = 10
Send to executer failed.force_push: msg_id = 3059268, remain = 74, size = 64
Send to executer failed.force_push: msg_id = 3059269, remain = 74, size = 64
Send to executer failed.force_push: msg_id = 3059230, remain = 74, size = 64
Send to executer failed.force_push: msg_id = 3059229, remain = -54, size = 10
Send to executer failed.force_push: msg_id = 3059234, remain = 74, size = 64
Send to executer failed.force_push: msg_id = 3060206, remain = 10, size = 64
Send to executer failed.force_push: msg_id = 3062492, remain = 8, size = 64
Send to executer failed.force_push: msg_id = 3062615, remain = 74, size = 64
Send to executer failed.force_push: msg_id = 3062603, remain = -54, size = 10
Send to executer failed.Loaded function exp06_run_audit_19. lib_load_elasped: 537, func_load_elasped: 2
Loaded function exp06_run_audit_33. lib_load_elasped: 349, func_load_elasped: 2
Loaded function exp06_run_audit_5. lib_load_elasped: 355, func_load_elasped: 2
Loaded function exp06_run_audit_25. lib_load_elasped: 483, func_load_elasped: 2
Loaded function exp06_run_audit_37. lib_load_elasped: 313, func_load_elasped: 1
Loaded function exp06_run_audit_14. lib_load_elasped: 348, func_load_elasped: 2
Loaded function exp06_run_audit_9. lib_load_elasped: 343, func_load_elasped: 2
Loaded function exp06_run_audit_10. lib_load_elasped: 358, func_load_elasped: 2
force_push: msg_id = 3065773, remain = 74, size = 64
Send to executer failed.force_push: msg_id = 3065733, remain = -54, size = 10
Send to executer failed.