Read file config.yml
Running executor...
Loaded function exp06_run_audit_7. lib_load_elasped: 290, func_load_elasped: 2
Loaded function exp06_run_audit_34. lib_load_elasped: 342, func_load_elasped: 1
Loaded function exp06_run_audit_13. lib_load_elasped: 343, func_load_elasped: 2
Loaded function exp06_marketdata. lib_load_elasped: 5944, func_load_elasped: 3
force_push: msg_id = 3053099, remain = -54, size = 10
Send to executer failed.force_push: msg_id = 3053081, remain = 10, size = 64
Send to executer failed.force_push: msg_id = 3053048, remain = -54, size = 10
Send to executer failed.force_push: msg_id = 3053115, remain = -54, size = 10
Send to executer failed.force_push: msg_id = 3053486, remain = -54, size = 10
Send to executer failed.force_push: msg_id = 3053488, remain = -54, size = 10
Send to executer failed.force_push: msg_id = 3053418, remain = -56, size = 8
Send to executer failed.force_push: msg_id = 3053462, remain = 10, size = 64
Send to executer failed.Loaded function exp06_run_audit_24. lib_load_elasped: 390, func_load_elasped: 2
Loaded function exp06_run_audit_1. lib_load_elasped: 350, func_load_elasped: 2
Loaded function exp06_run_audit_16. lib_load_elasped: 415, func_load_elasped: 2
Loaded function exp06_run_audit_17. lib_load_elasped: 339, func_load_elasped: 1
force_push: msg_id = 3056300, remain = 74, size = 64
Send to executer failed.force_push: msg_id = 3056254, remain = 74, size = 64
Send to executer failed.Loaded function exp06_run_audit_12. lib_load_elasped: 250, func_load_elasped: 1
force_push: msg_id = 3056989, remain = 74, size = 64
Send to executer failed.Loaded function exp06_run_audit_20. lib_load_elasped: 426, func_load_elasped: 1
Loaded function exp06_run_audit_28. lib_load_elasped: 400, func_load_elasped: 2
Loaded function exp06_run_audit_33. lib_load_elasped: 418, func_load_elasped: 2
Loaded function exp06_run_audit_2. lib_load_elasped: 372, func_load_elasped: 1
Loaded function exp06_run_audit_35. lib_load_elasped: 393, func_load_elasped: 2
force_push: msg_id = 3057971, remain = 72, size = 64
Send to executer failed.force_push: msg_id = 3057978, remain = 72, size = 64
Send to executer failed.force_push: msg_id = 3057983, remain = -54, size = 10
Send to executer failed.force_push: msg_id = 3057979, remain = 8, size = 64
Send to executer failed.force_push: msg_id = 3058910, remain = 8, size = 64
Send to executer failed.force_push: msg_id = 3060065, remain = 73, size = 64
Send to executer failed.Loaded function exp06_run_audit_11. lib_load_elasped: 395, func_load_elasped: 1
force_push: msg_id = 3063506, remain = 10, size = 64
Send to executer failed.force_push: msg_id = 3063485, remain = 74, size = 64
Send to executer failed.force_push: msg_id = 3063502, remain = 10, size = 64
Send to executer failed.force_push: msg_id = 3063486, remain = -54, size = 10
Send to executer failed.force_push: msg_id = 3063479, remain = -54, size = 10
Send to executer failed.Loaded function exp06_run_audit_31. lib_load_elasped: 572, func_load_elasped: 2
Loaded function exp06_run_audit_3. lib_load_elasped: 405, func_load_elasped: 2
Loaded function exp06_run_audit_26. lib_load_elasped: 363, func_load_elasped: 2
Loaded function exp06_run_audit_30. lib_load_elasped: 382, func_load_elasped: 2
