Read file config.yml
Running executor...
Loaded function exp06_run_audit_5. lib_load_elasped: 404, func_load_elasped: 2
Loaded function exp06_run_audit_10. lib_load_elasped: 366, func_load_elasped: 1
Loaded function exp06_run_audit_37. lib_load_elasped: 222, func_load_elasped: 2
Loaded function exp06_marketdata. lib_load_elasped: 4884, func_load_elasped: 2
force_push: msg_id = 459091, remain = -54, size = 10
Send to executer failed.force_push: msg_id = 459035, remain = 10, size = 64
Send to executer failed.force_push: msg_id = 459032, remain = -56, size = 8
Send to executer failed.force_push: msg_id = 459079, remain = -54, size = 10
Send to executer failed.force_push: msg_id = 459065, remain = -54, size = 10
Send to executer failed.Loaded function exp06_run_audit_19. lib_load_elasped: 359, func_load_elasped: 1
Loaded function exp06_run_audit_3. lib_load_elasped: 510, func_load_elasped: 2
Loaded function exp06_run_audit_14. lib_load_elasped: 347, func_load_elasped: 1
Loaded function exp06_run_audit_21. lib_load_elasped: 533, func_load_elasped: 2
Loaded function exp06_run_audit_31. lib_load_elasped: 340, func_load_elasped: 2
Loaded function exp06_run_audit_9. lib_load_elasped: 331, func_load_elasped: 1
force_push: msg_id = 470928, remain = 74, size = 64
Send to executer failed.force_push: msg_id = 470921, remain = 74, size = 64
Send to executer failed.force_push: msg_id = 470930, remain = 74, size = 64
Send to executer failed.force_push: msg_id = 470889, remain = 10, size = 64
Send to executer failed.force_push: msg_id = 470885, remain = 72, size = 64
Send to executer failed.force_push: msg_id = 470925, remain = 74, size = 64
Send to executer failed.force_push: msg_id = 470918, remain = 74, size = 64
Send to executer failed.force_push: msg_id = 470903, remain = 74, size = 64
Send to executer failed.force_push: msg_id = 470915, remain = 74, size = 64
Send to executer failed.force_push: msg_id = 470916, remain = 74, size = 64
Send to executer failed.force_push: msg_id = 470924, remain = 74, size = 64
Send to executer failed.force_push: msg_id = 470904, remain = 74, size = 64
Send to executer failed.force_push: msg_id = 470909, remain = 74, size = 64
Send to executer failed.force_push: msg_id = 470906, remain = 74, size = 64
Send to executer failed.force_push: msg_id = 470920, remain = 74, size = 64
Send to executer failed.force_push: msg_id = 470913, remain = 74, size = 64
Send to executer failed.force_push: msg_id = 470911, remain = 74, size = 64
Send to executer failed.force_push: msg_id = 470927, remain = 74, size = 64
Send to executer failed.force_push: msg_id = 470908, remain = 74, size = 64
Send to executer failed.force_push: msg_id = 470846, remain = 72, size = 64
Send to executer failed.force_push: msg_id = 470910, remain = 74, size = 64
Send to executer failed.force_push: msg_id = 470923, remain = 74, size = 64
Send to executer failed.force_push: msg_id = 470905, remain = 74, size = 64
Send to executer failed.force_push: msg_id = 470848, remain = 72, size = 64
Send to executer failed.force_push: msg_id = 470902, remain = 74, size = 64
Send to executer failed.force_push: msg_id = 470919, remain = 74, size = 64
Send to executer failed.force_push: msg_id = 470907, remain = 74, size = 64
Send to executer failed.force_push: msg_id = 470881, remain = 72, size = 64
Send to executer failed.force_push: msg_id = 470888, remain = 72, size = 64
Send to executer failed.force_push: msg_id = 470912, remain = 10, size = 64
Send to executer failed.force_push: msg_id = 471711, remain = 10, size = 64
Send to executer failed.force_push: msg_id = 471695, remain = 10, size = 64
Send to executer failed.force_push: msg_id = 471704, remain = 74, size = 64
Send to executer failed.force_push: msg_id = 471690, remain = 10, size = 64
Send to executer failed.force_push: msg_id = 471680, remain = 8, size = 64
Send to executer failed.force_push: msg_id = 471693, remain = 72, size = 64
Send to executer failed.force_push: msg_id = 471713, remain = 10, size = 64
Send to executer failed.force_push: msg_id = 471646, remain = -56, size = 8
Send to executer failed.force_push: msg_id = 471714, remain = 74, size = 64
Send to executer failed.Loaded function exp06_run_audit_22. lib_load_elasped: 356, func_load_elasped: 2
Loaded function exp06_run_audit_27. lib_load_elasped: 309, func_load_elasped: 1
force_push: msg_id = 477086, remain = 10, size = 64
Send to executer failed.force_push: msg_id = 477161, remain = 10, size = 64
Send to executer failed.force_push: msg_id = 478758, remain = 72, size = 64
Send to executer failed.force_push: msg_id = 478747, remain = -54, size = 10
Send to executer failed.force_push: msg_id = 478757, remain = 10, size = 64
Send to executer failed.Loaded function exp06_run_audit_36. lib_load_elasped: 420, func_load_elasped: 2
force_push: msg_id = 480780, remain = 72, size = 64
Send to executer failed.force_push: msg_id = 482853, remain = 72, size = 64
Send to executer failed.force_push: msg_id = 482905, remain = 74, size = 64
Send to executer failed.force_push: msg_id = 482899, remain = 10, size = 64
Send to executer failed.force_push: msg_id = 482910, remain = 74, size = 64
Send to executer failed.force_push: msg_id = 482894, remain = 10, size = 64
Send to executer failed.force_push: msg_id = 482887, remain = -54, size = 10
Send to executer failed.force_push: msg_id = 482909, remain = -54, size = 10
Send to executer failed.force_push: msg_id = 482903, remain = 74, size = 64
Send to executer failed.force_push: msg_id = 482892, remain = 74, size = 64
Send to executer failed.force_push: msg_id = 482886, remain = 74, size = 64
Send to executer failed.force_push: msg_id = 482908, remain = -54, size = 10
Send to executer failed.Loaded function exp06_run_audit_17. lib_load_elasped: 313, func_load_elasped: 1
Loaded function exp06_run_audit_2. lib_load_elasped: 215, func_load_elasped: 1
Loaded function exp06_run_audit_1. lib_load_elasped: 437, func_load_elasped: 2
Loaded function exp06_run_audit_8. lib_load_elasped: 226, func_load_elasped: 1
Loaded function exp06_run_audit_20. lib_load_elasped: 327, func_load_elasped: 2
Loaded function exp06_run_audit_6. lib_load_elasped: 388, func_load_elasped: 1
Loaded function exp06_run_audit_23. lib_load_elasped: 307, func_load_elasped: 2
force_push: msg_id = 490054, remain = 10, size = 64
Send to executer failed.force_push: msg_id = 490055, remain = 74, size = 64
Send to executer failed.force_push: msg_id = 489846, remain = -56, size = 8
Send to executer failed.force_push: msg_id = 490123, remain = 74, size = 64
Send to executer failed.force_push: msg_id = 490124, remain = 74, size = 64
Send to executer failed.force_push: msg_id = 489968, remain = 74, size = 64
Send to executer failed.force_push: msg_id = 489847, remain = 72, size = 64
Send to executer failed.force_push: msg_id = 490122, remain = 74, size = 64
Send to executer failed.force_push: msg_id = 489908, remain = 72, size = 64
Send to executer failed.force_push: msg_id = 489906, remain = 72, size = 64
Send to executer failed.force_push: msg_id = 489976, remain = 74, size = 64
Send to executer failed.force_push: msg_id = 490041, remain = -54, size = 10
Send to executer failed.force_push: msg_id = 490120, remain = 74, size = 64
Send to executer failed.force_push: msg_id = 489844, remain = 72, size = 64
Send to executer failed.force_push: msg_id = 489987, remain = -54, size = 10
Send to executer failed.force_push: msg_id = 489985, remain = 10, size = 64
Send to executer failed.force_push: msg_id = 489966, remain = -54, size = 10
Send to executer failed.Loaded function exp06_run_audit_26. lib_load_elasped: 236, func_load_elasped: 1
Loaded function exp06_run_audit_33. lib_load_elasped: 382, func_load_elasped: 1
Loaded function exp06_run_audit_35. lib_load_elasped: 423, func_load_elasped: 2
Loaded function exp06_run_audit_4. lib_load_elasped: 360, func_load_elasped: 2
Loaded function exp06_run_audit_12. lib_load_elasped: 366, func_load_elasped: 1
force_push: msg_id = 501315, remain = -54, size = 10
Send to executer failed.