Read file config.yml
Running executor...
Loaded function exp06_marketdata. lib_load_elasped: 9815, func_load_elasped: 6
force_push: msg_id = 457422, remain = 75, size = 64
Send to executer failed.force_push: msg_id = 459012, remain = 72, size = 64
Send to executer failed.force_push: msg_id = 459076, remain = 74, size = 64
Send to executer failed.force_push: msg_id = 459011, remain = 8, size = 64
Send to executer failed.force_push: msg_id = 461858, remain = -54, size = 10
Send to executer failed.Loaded function exp06_run_audit_17. lib_load_elasped: 353, func_load_elasped: 2
Loaded function exp06_run_audit_8. lib_load_elasped: 351, func_load_elasped: 2
Loaded function exp06_run_audit_6. lib_load_elasped: 350, func_load_elasped: 1
Loaded function exp06_run_audit_33. lib_load_elasped: 251, func_load_elasped: 1
Loaded function exp06_run_audit_20. lib_load_elasped: 331, func_load_elasped: 1
Loaded function exp06_run_audit_12. lib_load_elasped: 242, func_load_elasped: 1
force_push: msg_id = 470691, remain = -54, size = 10
Send to executer failed.force_push: msg_id = 470683, remain = 72, size = 64
Send to executer failed.force_push: msg_id = 470701, remain = -54, size = 10
Send to executer failed.force_push: msg_id = 470702, remain = 74, size = 64
Send to executer failed.force_push: msg_id = 470690, remain = -54, size = 10
Send to executer failed.force_push: msg_id = 470687, remain = -54, size = 10
Send to executer failed.force_push: msg_id = 470707, remain = 74, size = 64
Send to executer failed.force_push: msg_id = 470715, remain = 74, size = 64
Send to executer failed.force_push: msg_id = 470705, remain = 74, size = 64
Send to executer failed.force_push: msg_id = 470698, remain = 74, size = 64
Send to executer failed.force_push: msg_id = 470697, remain = -54, size = 10
Send to executer failed.force_push: msg_id = 470695, remain = -54, size = 10
Send to executer failed.force_push: msg_id = 470681, remain = -54, size = 10
Send to executer failed.force_push: msg_id = 470711, remain = 10, size = 64
Send to executer failed.force_push: msg_id = 470700, remain = -54, size = 10
Send to executer failed.force_push: msg_id = 470671, remain = 8, size = 64
Send to executer failed.force_push: msg_id = 470706, remain = 74, size = 64
Send to executer failed.force_push: msg_id = 470708, remain = 74, size = 64
Send to executer failed.force_push: msg_id = 470667, remain = -56, size = 8
Send to executer failed.force_push: msg_id = 470710, remain = 10, size = 64
Send to executer failed.force_push: msg_id = 470699, remain = 74, size = 64
Send to executer failed.force_push: msg_id = 470714, remain = -54, size = 10
Send to executer failed.force_push: msg_id = 470716, remain = 10, size = 64
Send to executer failed.force_push: msg_id = 470713, remain = -54, size = 10
Send to executer failed.force_push: msg_id = 471663, remain = 73, size = 64
Send to executer failed.force_push: msg_id = 471659, remain = 73, size = 64
Send to executer failed.force_push: msg_id = 471669, remain = 9, size = 64
Send to executer failed.force_push: msg_id = 471655, remain = 73, size = 64
Send to executer failed.force_push: msg_id = 471656, remain = 73, size = 64
Send to executer failed.force_push: msg_id = 471558, remain = 7, size = 64
Send to executer failed.force_push: msg_id = 471654, remain = 9, size = 64
Send to executer failed.force_push: msg_id = 471662, remain = 9, size = 64
Send to executer failed.force_push: msg_id = 471657, remain = 73, size = 64
Send to executer failed.force_push: msg_id = 471672, remain = 73, size = 64
Send to executer failed.force_push: msg_id = 471665, remain = 73, size = 64
Send to executer failed.force_push: msg_id = 471660, remain = 73, size = 64
Send to executer failed.force_push: msg_id = 471668, remain = 73, size = 64
Send to executer failed.force_push: msg_id = 471667, remain = 9, size = 64
Send to executer failed.force_push: msg_id = 471647, remain = 9, size = 64
Send to executer failed.force_push: msg_id = 471661, remain = 9, size = 64
Send to executer failed.force_push: msg_id = 471671, remain = 9, size = 64
Send to executer failed.Loaded function exp06_run_audit_10. lib_load_elasped: 442, func_load_elasped: 2
Loaded function exp06_run_audit_28. lib_load_elasped: 378, func_load_elasped: 2
force_push: msg_id = 475332, remain = -53, size = 11
Send to executer failed.force_push: msg_id = 475322, remain = 11, size = 64
Send to executer failed.Loaded function exp06_run_audit_27. lib_load_elasped: 515, func_load_elasped: 2
force_push: msg_id = 477294, remain = -54, size = 10
Send to executer failed.Loaded function exp06_run_audit_21. lib_load_elasped: 452, func_load_elasped: 1
Loaded function exp06_run_audit_25. lib_load_elasped: 403, func_load_elasped: 2
Loaded function exp06_run_audit_35. lib_load_elasped: 226, func_load_elasped: 1
Loaded function exp06_run_audit_2. lib_load_elasped: 324, func_load_elasped: 1
Loaded function exp06_run_audit_34. lib_load_elasped: 356, func_load_elasped: 1
Loaded function exp06_run_audit_37. lib_load_elasped: 266, func_load_elasped: 1
Loaded function exp06_run_audit_3. lib_load_elasped: 250, func_load_elasped: 1
Loaded function exp06_run_audit_19. lib_load_elasped: 329, func_load_elasped: 1
Loaded function exp06_run_audit_13. lib_load_elasped: 287, func_load_elasped: 1
force_push: msg_id = 484983, remain = 10, size = 64
Send to executer failed.force_push: msg_id = 485008, remain = 10, size = 64
Send to executer failed.Loaded function exp06_run_audit_39. lib_load_elasped: 425, func_load_elasped: 2
Loaded function exp06_run_audit_4. lib_load_elasped: 411, func_load_elasped: 1
Loaded function exp06_run_audit_14. lib_load_elasped: 180, func_load_elasped: 0
Loaded function exp06_run_audit_5. lib_load_elasped: 386, func_load_elasped: 2
Loaded function exp06_run_audit_38. lib_load_elasped: 252, func_load_elasped: 1
Loaded function exp06_run_audit_22. lib_load_elasped: 381, func_load_elasped: 1
Loaded function exp06_run_audit_7. lib_load_elasped: 351, func_load_elasped: 1
Loaded function exp06_run_audit_15. lib_load_elasped: 349, func_load_elasped: 1
Loaded function exp06_run_audit_32. lib_load_elasped: 313, func_load_elasped: 1
Loaded function exp06_run_audit_24. lib_load_elasped: 783, func_load_elasped: 2
force_push: msg_id = 498585, remain = 74, size = 64
Send to executer failed.force_push: msg_id = 498583, remain = 10, size = 64
Send to executer failed.force_push: msg_id = 498603, remain = 74, size = 64
Send to executer failed.Loaded function exp06_run_audit_23. lib_load_elasped: 274, func_load_elasped: 1
Loaded function exp06_run_audit_36. lib_load_elasped: 457, func_load_elasped: 1
Loaded function exp06_run_audit_16. lib_load_elasped: 367, func_load_elasped: 2
