Read file config.yml
Running executor...
Loaded function exp06_run_audit_16. lib_load_elasped: 276, func_load_elasped: 2
Loaded function exp06_run_audit_30. lib_load_elasped: 333, func_load_elasped: 1
Loaded function exp06_run_audit_14. lib_load_elasped: 327, func_load_elasped: 3
Loaded function exp06_run_audit_38. lib_load_elasped: 280, func_load_elasped: 1
Loaded function exp06_marketdata. lib_load_elasped: 4859, func_load_elasped: 2
fail release: invalid id (mem = (nil), size = 48)
Loaded function exp06_run_audit_15. lib_load_elasped: 303, func_load_elasped: 1
Loaded function exp06_run_audit_31. lib_load_elasped: 445, func_load_elasped: 2
Loaded function exp06_run_audit_27. lib_load_elasped: 354, func_load_elasped: 2
force_push: msg_id = 458524, remain = 75, size = 64
Send to executer failed.Loaded function exp06_run_audit_19. lib_load_elasped: 325, func_load_elasped: 1
Loaded function exp06_run_audit_23. lib_load_elasped: 294, func_load_elasped: 1
Loaded function exp06_run_audit_11. lib_load_elasped: 362, func_load_elasped: 1
force_push: msg_id = 461301, remain = 74, size = 64
Send to executer failed.force_push: msg_id = 461767, remain = -56, size = 8
Send to executer failed.Loaded function exp06_run_audit_24. lib_load_elasped: 218, func_load_elasped: 1
Loaded function exp06_run_audit_20. lib_load_elasped: 394, func_load_elasped: 1
force_push: msg_id = 464122, remain = 72, size = 64
Send to executer failed.force_push: msg_id = 464169, remain = 74, size = 64
Send to executer failed.force_push: msg_id = 465199, remain = 8, size = 64
Send to executer failed.Loaded function exp06_run_audit_13. lib_load_elasped: 323, func_load_elasped: 1
Loaded function exp06_run_audit_8. lib_load_elasped: 199, func_load_elasped: 1
Loaded function exp06_run_audit_12. lib_load_elasped: 150, func_load_elasped: 0
force_push: msg_id = 467464, remain = 73, size = 64
Send to executer failed.Loaded function exp06_run_audit_18. lib_load_elasped: 348, func_load_elasped: 1
Loaded function exp06_run_audit_3. lib_load_elasped: 216, func_load_elasped: 1
Loaded function exp06_run_audit_7. lib_load_elasped: 279, func_load_elasped: 1
Loaded function exp06_run_audit_29. lib_load_elasped: 488, func_load_elasped: 2
force_push: msg_id = 470746, remain = -54, size = 10
Send to executer failed.force_push: msg_id = 470494, remain = -56, size = 8
Send to executer failed.force_push: msg_id = 470624, remain = 74, size = 64
Send to executer failed.force_push: msg_id = 470818, remain = 10, size = 64
Send to executer failed.force_push: msg_id = 470582, remain = -56, size = 8
Send to executer failed.force_push: msg_id = 470816, remain = 10, size = 64
Send to executer failed.Loaded function exp06_run_audit_26. lib_load_elasped: 355, func_load_elasped: 1
Loaded function exp06_run_audit_33. lib_load_elasped: 433, func_load_elasped: 2
Loaded function exp06_run_audit_21. lib_load_elasped: 295, func_load_elasped: 1
Loaded function exp06_run_audit_35. lib_load_elasped: 322, func_load_elasped: 2
Loaded function exp06_run_audit_9. lib_load_elasped: 453, func_load_elasped: 2
force_push: msg_id = 476537, remain = 75, size = 64
Send to executer failed.force_push: msg_id = 476484, remain = 75, size = 64
Send to executer failed.force_push: msg_id = 476503, remain = 11, size = 64
Send to executer failed.force_push: msg_id = 476538, remain = 75, size = 64
Send to executer failed.force_push: msg_id = 476583, remain = 11, size = 64
Send to executer failed.force_push: msg_id = 476531, remain = -53, size = 11
Send to executer failed.force_push: msg_id = 476585, remain = -53, size = 11
Send to executer failed.force_push: msg_id = 476481, remain = 73, size = 64
Send to executer failed.force_push: msg_id = 476501, remain = 11, size = 64
Send to executer failed.force_push: msg_id = 476584, remain = 11, size = 64
Send to executer failed.force_push: msg_id = 476502, remain = 11, size = 64
Send to executer failed.Loaded function exp06_run_audit_1. lib_load_elasped: 534, func_load_elasped: 2
Loaded function exp06_run_audit_5. lib_load_elasped: 330, func_load_elasped: 2
Loaded function exp06_run_audit_40. lib_load_elasped: 334, func_load_elasped: 1
force_push: msg_id = 477762, remain = 10, size = 64
Send to executer failed.force_push: msg_id = 477741, remain = 72, size = 64
Send to executer failed.force_push: msg_id = 477767, remain = -54, size = 10
Send to executer failed.force_push: msg_id = 477771, remain = 10, size = 64
Send to executer failed.force_push: msg_id = 477749, remain = -54, size = 10
Send to executer failed.force_push: msg_id = 477756, remain = -54, size = 10
Send to executer failed.force_push: msg_id = 477753, remain = 74, size = 64
Send to executer failed.force_push: msg_id = 478282, remain = -54, size = 10
Send to executer failed.Loaded function exp06_run_audit_17. lib_load_elasped: 440, func_load_elasped: 1
force_push: msg_id = 479675, remain = 74, size = 64
Send to executer failed.force_push: msg_id = 479674, remain = 74, size = 64
Send to executer failed.force_push: msg_id = 479672, remain = 74, size = 64
Send to executer failed.force_push: msg_id = 479657, remain = 74, size = 64
Send to executer failed.force_push: msg_id = 479682, remain = 74, size = 64
Send to executer failed.force_push: msg_id = 479665, remain = 74, size = 64
Send to executer failed.force_push: msg_id = 479656, remain = 74, size = 64
Send to executer failed.force_push: msg_id = 479650, remain = 72, size = 64
Send to executer failed.force_push: msg_id = 479651, remain = 72, size = 64
Send to executer failed.force_push: msg_id = 479668, remain = 74, size = 64
Send to executer failed.force_push: msg_id = 479660, remain = 74, size = 64
Send to executer failed.force_push: msg_id = 479669, remain = 74, size = 64
Send to executer failed.force_push: msg_id = 479654, remain = 74, size = 64
Send to executer failed.force_push: msg_id = 479648, remain = 72, size = 64
Send to executer failed.force_push: msg_id = 479646, remain = 72, size = 64
Send to executer failed.force_push: msg_id = 479645, remain = 72, size = 64
Send to executer failed.force_push: msg_id = 479664, remain = 74, size = 64
Send to executer failed.force_push: msg_id = 479673, remain = 74, size = 64
Send to executer failed.force_push: msg_id = 479666, remain = 74, size = 64
Send to executer failed.force_push: msg_id = 479661, remain = 74, size = 64
Send to executer failed.force_push: msg_id = 479653, remain = 10, size = 64
Send to executer failed.force_push: msg_id = 479678, remain = 74, size = 64
Send to executer failed.force_push: msg_id = 479663, remain = 74, size = 64
Send to executer failed.Loaded function exp06_run_audit_36. lib_load_elasped: 390, func_load_elasped: 1
Loaded function exp06_run_audit_10. lib_load_elasped: 329, func_load_elasped: 1
Loaded function exp06_run_audit_39. lib_load_elasped: 358, func_load_elasped: 2
Loaded function exp06_run_audit_22. lib_load_elasped: 326, func_load_elasped: 1
Loaded function exp06_run_audit_25. lib_load_elasped: 250, func_load_elasped: 1
Loaded function exp06_run_audit_37. lib_load_elasped: 386, func_load_elasped: 2
Loaded function exp06_run_audit_4. lib_load_elasped: 326, func_load_elasped: 2
Loaded function exp06_run_audit_6. lib_load_elasped: 204, func_load_elasped: 1
Loaded function exp06_run_audit_28. lib_load_elasped: 339, func_load_elasped: 1
force_push: msg_id = 485463, remain = 74, size = 64
Send to executer failed.Loaded function exp06_run_audit_34. lib_load_elasped: 370, func_load_elasped: 1
Loaded function exp06_run_audit_2. lib_load_elasped: 242, func_load_elasped: 1
force_push: msg_id = 490060, remain = 11, size = 64
Send to executer failed.force_push: msg_id = 490146, remain = 75, size = 64
Send to executer failed.force_push: msg_id = 489810, remain = -53, size = 11
Send to executer failed.force_push: msg_id = 490147, remain = 75, size = 64
Send to executer failed.force_push: msg_id = 490063, remain = 75, size = 64
Send to executer failed.force_push: msg_id = 489903, remain = -53, size = 11
Send to executer failed.force_push: msg_id = 489997, remain = 11, size = 64
Send to executer failed.force_push: msg_id = 489770, remain = 9, size = 64
Send to executer failed.force_push: msg_id = 489769, remain = 9, size = 64
Send to executer failed.force_push: msg_id = 490150, remain = -53, size = 11
Send to executer failed.Loaded function exp06_run_audit_32. lib_load_elasped: 317, func_load_elasped: 1
force_push: msg_id = 499022, remain = 73, size = 64
Send to executer failed.force_push: msg_id = 499082, remain = 75, size = 64
Send to executer failed.force_push: msg_id = 499079, remain = 75, size = 64
Send to executer failed.force_push: msg_id = 499078, remain = 75, size = 64
Send to executer failed.force_push: msg_id = 499064, remain = 75, size = 64
Send to executer failed.force_push: msg_id = 499012, remain = 75, size = 64
Send to executer failed.force_push: msg_id = 499020, remain = 11, size = 64
Send to executer failed.force_push: msg_id = 499026, remain = 75, size = 64
Send to executer failed.force_push: msg_id = 499081, remain = -53, size = 11
Send to executer failed.force_push: msg_id = 501468, remain = 74, size = 64
Send to executer failed.