Read file config.yml
Running executor...
Loaded function exp06_run_audit_11. lib_load_elasped: 328, func_load_elasped: 16
Loaded function exp06_run_audit_20. lib_load_elasped: 375, func_load_elasped: 1
Loaded function exp06_run_audit_14. lib_load_elasped: 306, func_load_elasped: 2
Loaded function exp06_marketdata. lib_load_elasped: 4142, func_load_elasped: 2
Loaded function exp06_run_audit_22. lib_load_elasped: 368, func_load_elasped: 1
force_push: msg_id = 458443, remain = 10, size = 64
Send to executer failed.Loaded function exp06_run_audit_6. lib_load_elasped: 401, func_load_elasped: 2
Loaded function exp06_run_audit_23. lib_load_elasped: 385, func_load_elasped: 2
Loaded function exp06_run_audit_18. lib_load_elasped: 256, func_load_elasped: 2
Loaded function exp06_run_audit_1. lib_load_elasped: 432, func_load_elasped: 1
Loaded function exp06_run_audit_13. lib_load_elasped: 355, func_load_elasped: 2
Loaded function exp06_run_audit_21. lib_load_elasped: 379, func_load_elasped: 2
Loaded function exp06_run_audit_17. lib_load_elasped: 215, func_load_elasped: 1
Loaded function exp06_run_audit_7. lib_load_elasped: 471, func_load_elasped: 2
Loaded function exp06_run_audit_12. lib_load_elasped: 348, func_load_elasped: 1
force_push: msg_id = 470640, remain = 72, size = 64
Send to executer failed.force_push: msg_id = 470718, remain = 8, size = 64
Send to executer failed.force_push: msg_id = 470749, remain = -56, size = 8
Send to executer failed.force_push: msg_id = 470760, remain = 74, size = 64
Send to executer failed.force_push: msg_id = 470789, remain = 10, size = 64
Send to executer failed.force_push: msg_id = 470792, remain = 74, size = 64
Send to executer failed.force_push: msg_id = 470784, remain = -54, size = 10
Send to executer failed.force_push: msg_id = 470777, remain = 10, size = 64
Send to executer failed.force_push: msg_id = 470737, remain = 72, size = 64
Send to executer failed.force_push: msg_id = 470773, remain = 74, size = 64
Send to executer failed.force_push: msg_id = 470762, remain = 10, size = 64
Send to executer failed.force_push: msg_id = 470771, remain = 74, size = 64
Send to executer failed.force_push: msg_id = 470791, remain = 74, size = 64
Send to executer failed.force_push: msg_id = 470778, remain = 74, size = 64
Send to executer failed.force_push: msg_id = 470782, remain = -54, size = 10
Send to executer failed.Loaded function exp06_run_audit_39. lib_load_elasped: 371, func_load_elasped: 1
Loaded function exp06_run_audit_33. lib_load_elasped: 446, func_load_elasped: 2
Loaded function exp06_run_audit_38. lib_load_elasped: 384, func_load_elasped: 2
Loaded function exp06_run_audit_35. lib_load_elasped: 261, func_load_elasped: 1
Loaded function exp06_run_audit_15. lib_load_elasped: 374, func_load_elasped: 2
force_push: msg_id = 475612, remain = -56, size = 8
Send to executer failed.force_push: msg_id = 475682, remain = 10, size = 64
Send to executer failed.Loaded function exp06_run_audit_10. lib_load_elasped: 459, func_load_elasped: 1
Loaded function exp06_run_audit_19. lib_load_elasped: 383, func_load_elasped: 2
Loaded function exp06_run_audit_34. lib_load_elasped: 390, func_load_elasped: 1
force_push: msg_id = 477818, remain = 74, size = 64
Send to executer failed.Loaded function exp06_run_audit_36. lib_load_elasped: 448, func_load_elasped: 2
Loaded function exp06_run_audit_32. lib_load_elasped: 651, func_load_elasped: 2
Loaded function exp06_run_audit_27. lib_load_elasped: 391, func_load_elasped: 2
Loaded function exp06_run_audit_9. lib_load_elasped: 410, func_load_elasped: 1
force_push: msg_id = 482929, remain = 73, size = 64
Send to executer failed.force_push: msg_id = 482989, remain = 75, size = 64
Send to executer failed.force_push: msg_id = 482988, remain = 75, size = 64
Send to executer failed.force_push: msg_id = 482983, remain = 75, size = 64
Send to executer failed.force_push: msg_id = 482972, remain = 75, size = 64
Send to executer failed.force_push: msg_id = 482991, remain = 11, size = 64
Send to executer failed.force_push: msg_id = 482996, remain = 75, size = 64
Send to executer failed.force_push: msg_id = 482990, remain = 11, size = 64
Send to executer failed.force_push: msg_id = 482971, remain = 75, size = 64
Send to executer failed.force_push: msg_id = 482999, remain = 11, size = 64
Send to executer failed.force_push: msg_id = 483001, remain = -53, size = 11
Send to executer failed.force_push: msg_id = 483002, remain = 11, size = 64
Send to executer failed.force_push: msg_id = 482995, remain = 11, size = 64
Send to executer failed.force_push: msg_id = 482934, remain = 9, size = 64
Send to executer failed.force_push: msg_id = 482967, remain = 75, size = 64
Send to executer failed.force_push: msg_id = 483005, remain = 11, size = 64
Send to executer failed.force_push: msg_id = 482992, remain = 11, size = 64
Send to executer failed.force_push: msg_id = 482937, remain = 73, size = 64
Send to executer failed.force_push: msg_id = 482993, remain = 11, size = 64
Send to executer failed.Loaded function exp06_run_audit_3. lib_load_elasped: 373, func_load_elasped: 1
Loaded function exp06_run_audit_26. lib_load_elasped: 447, func_load_elasped: 1
Loaded function exp06_run_audit_8. lib_load_elasped: 291, func_load_elasped: 1
Loaded function exp06_run_audit_30. lib_load_elasped: 274, func_load_elasped: 1
Loaded function exp06_run_audit_31. lib_load_elasped: 388, func_load_elasped: 2
force_push: msg_id = 490281, remain = 74, size = 64
Send to executer failed.force_push: msg_id = 490229, remain = 8, size = 64
Send to executer failed.force_push: msg_id = 490277, remain = 74, size = 64
Send to executer failed.force_push: msg_id = 490287, remain = -54, size = 10
Send to executer failed.force_push: msg_id = 490240, remain = 74, size = 64
Send to executer failed.force_push: msg_id = 490225, remain = -56, size = 8
Send to executer failed.force_push: msg_id = 490274, remain = 74, size = 64
Send to executer failed.force_push: msg_id = 490228, remain = 72, size = 64
Send to executer failed.force_push: msg_id = 490291, remain = 74, size = 64
Send to executer failed.force_push: msg_id = 490289, remain = -54, size = 10
Send to executer failed.force_push: msg_id = 490278, remain = 74, size = 64
Send to executer failed.force_push: msg_id = 490234, remain = 74, size = 64
Send to executer failed.force_push: msg_id = 490286, remain = 10, size = 64
Send to executer failed.force_push: msg_id = 490282, remain = 74, size = 64
Send to executer failed.force_push: msg_id = 490227, remain = 72, size = 64
Send to executer failed.force_push: msg_id = 490236, remain = 8, size = 64
Send to executer failed.force_push: msg_id = 490247, remain = 74, size = 64
Send to executer failed.force_push: msg_id = 490260, remain = 74, size = 64
Send to executer failed.force_push: msg_id = 490242, remain = -54, size = 10
Send to executer failed.force_push: msg_id = 490275, remain = -54, size = 10
Send to executer failed.force_push: msg_id = 490288, remain = 10, size = 64
Send to executer failed.force_push: msg_id = 490279, remain = 10, size = 64
Send to executer failed.force_push: msg_id = 490231, remain = 72, size = 64
Send to executer failed.Loaded function exp06_run_audit_24. lib_load_elasped: 390, func_load_elasped: 1
Loaded function exp06_run_audit_2. lib_load_elasped: 244, func_load_elasped: 1
Loaded function exp06_run_audit_25. lib_load_elasped: 176, func_load_elasped: 1
force_push: msg_id = 499501, remain = -54, size = 10
Send to executer failed.force_push: msg_id = 499475, remain = -54, size = 10
Send to executer failed.force_push: msg_id = 499522, remain = -54, size = 10
Send to executer failed.force_push: msg_id = 499494, remain = -56, size = 8
Send to executer failed.force_push: msg_id = 499508, remain = 10, size = 64
Send to executer failed.Loaded function exp06_run_audit_16. lib_load_elasped: 400, func_load_elasped: 2
Loaded function exp06_run_audit_37. lib_load_elasped: 227, func_load_elasped: 1
Loaded function exp06_run_audit_40. lib_load_elasped: 230, func_load_elasped: 1
force_push: msg_id = 503949, remain = 74, size = 64
Send to executer failed.force_push: msg_id = 503952, remain = 74, size = 64
Send to executer failed.Loaded function exp06_run_audit_29. lib_load_elasped: 472, func_load_elasped: 2
