Read file config.yml
Running executor...
Loaded function exp06_run_audit_9. lib_load_elasped: 348, func_load_elasped: 2
Loaded function exp06_run_audit_27. lib_load_elasped: 318, func_load_elasped: 2
Loaded function exp06_run_audit_32. lib_load_elasped: 406, func_load_elasped: 3
Loaded function exp06_run_audit_19. lib_load_elasped: 290, func_load_elasped: 1
Loaded function exp06_run_audit_25. lib_load_elasped: 272, func_load_elasped: 2
Loaded function exp06_run_audit_2. lib_load_elasped: 327, func_load_elasped: 2
Loaded function exp06_run_audit_29. lib_load_elasped: 238, func_load_elasped: 1
Loaded function exp06_run_audit_4. lib_load_elasped: 230, func_load_elasped: 1
Loaded function exp06_marketdata. lib_load_elasped: 5368, func_load_elasped: 2
force_push: msg_id = 458167, remain = 74, size = 64
Send to executer failed.force_push: msg_id = 458165, remain = 74, size = 64
Send to executer failed.force_push: msg_id = 458166, remain = 74, size = 64
Send to executer failed.force_push: msg_id = 458168, remain = 74, size = 64
Send to executer failed.force_push: msg_id = 458159, remain = 74, size = 64
Send to executer failed.Loaded function exp06_run_audit_34. lib_load_elasped: 373, func_load_elasped: 2
Loaded function exp06_run_audit_6. lib_load_elasped: 221, func_load_elasped: 1
Loaded function exp06_run_audit_24. lib_load_elasped: 8280, func_load_elasped: 1
Loaded function exp06_run_audit_8. lib_load_elasped: 680, func_load_elasped: 2
force_push: msg_id = 459780, remain = 74, size = 64
Send to executer failed.force_push: msg_id = 459756, remain = 72, size = 64
Send to executer failed.force_push: msg_id = 459778, remain = 10, size = 64
Send to executer failed.force_push: msg_id = 459784, remain = 74, size = 64
Send to executer failed.force_push: msg_id = 459782, remain = 74, size = 64
Send to executer failed.force_push: msg_id = 459750, remain = 8, size = 64
Send to executer failed.force_push: msg_id = 459751, remain = 72, size = 64
Send to executer failed.force_push: msg_id = 459795, remain = 74, size = 64
Send to executer failed.force_push: msg_id = 459764, remain = -56, size = 8
Send to executer failed.force_push: msg_id = 459775, remain = 74, size = 64
Send to executer failed.force_push: msg_id = 459791, remain = 74, size = 64
Send to executer failed.Loaded function exp06_run_audit_21. lib_load_elasped: 301, func_load_elasped: 1
force_push: msg_id = 460339, remain = 74, size = 64
Send to executer failed.force_push: msg_id = 460280, remain = 74, size = 64
Send to executer failed.force_push: msg_id = 460285, remain = 72, size = 64
Send to executer failed.Loaded function exp06_run_audit_40. lib_load_elasped: 311, func_load_elasped: 1
Loaded function exp06_run_audit_30. lib_load_elasped: 263, func_load_elasped: 1
Loaded function exp06_run_audit_33. lib_load_elasped: 366, func_load_elasped: 2
Loaded function exp06_run_audit_5. lib_load_elasped: 304, func_load_elasped: 1
Loaded function exp06_run_audit_23. lib_load_elasped: 353, func_load_elasped: 2
Loaded function exp06_run_audit_20. lib_load_elasped: 335, func_load_elasped: 2
Loaded function exp06_run_audit_38. lib_load_elasped: 333, func_load_elasped: 2
force_push: msg_id = 467818, remain = 75, size = 64
Send to executer failed.Loaded function exp06_run_audit_36. lib_load_elasped: 300, func_load_elasped: 1
Loaded function exp06_run_audit_18. lib_load_elasped: 383, func_load_elasped: 2
Loaded function exp06_run_audit_12. lib_load_elasped: 405, func_load_elasped: 2
force_push: msg_id = 471591, remain = -54, size = 10
Send to executer failed.force_push: msg_id = 471604, remain = 74, size = 64
Send to executer failed.force_push: msg_id = 471601, remain = -54, size = 10
Send to executer failed.force_push: msg_id = 471597, remain = 74, size = 64
Send to executer failed.Loaded function exp06_run_audit_13. lib_load_elasped: 438, func_load_elasped: 1
force_push: msg_id = 473485, remain = 72, size = 64
Send to executer failed.force_push: msg_id = 473525, remain = 74, size = 64
Send to executer failed.Loaded function exp06_run_audit_28. lib_load_elasped: 340, func_load_elasped: 2
force_push: msg_id = 474452, remain = 72, size = 64
Send to executer failed.Loaded function exp06_run_audit_3. lib_load_elasped: 338, func_load_elasped: 2
Loaded function exp06_run_audit_15. lib_load_elasped: 323, func_load_elasped: 1
force_push: msg_id = 476742, remain = 10, size = 64
force_push: msg_id = 476709, remain = 72, size = 64
Send to executer failed.Send to executer failed.force_push: msg_id = 476721, remain = 74, size = 64
Send to executer failed.force_push: msg_id = 476743, remain = 74, size = 64
Send to executer failed.force_push: msg_id = 476761, remain = 74, size = 64
Send to executer failed.force_push: msg_id = 476756, remain = 74, size = 64
Send to executer failed.force_push: msg_id = 476694, remain = -56, size = 8
Send to executer failed.force_push: msg_id = 476759, remain = 74, size = 64
Send to executer failed.force_push: msg_id = 476733, remain = 74, size = 64
Send to executer failed.force_push: msg_id = 476696, remain = 8, size = 64
force_push: msg_id = 476757, remain = 10, size = 64
Send to executer failed.force_push: msg_id = 476732, remain = 10, size = 64
Send to executer failed.force_push: msg_id = 476737, remain = 74, size = 64
Send to executer failed.force_push: msg_id = 476735, remain = 74, size = 64
Send to executer failed.force_push: msg_id = 476722, remain = -54, size = 10
Send to executer failed.Send to executer failed.force_push: msg_id = 476744, remain = 74, size = 64
Send to executer failed.force_push: msg_id = 476720, remain = 74, size = 64
Send to executer failed.force_push: msg_id = 476760, remain = 10, size = 64
Send to executer failed.force_push: msg_id = 476738, remain = 10, size = 64
Send to executer failed.force_push: msg_id = 476699, remain = -56, size = 8
Send to executer failed.force_push: msg_id = 476758, remain = 74, size = 64
Send to executer failed.force_push: msg_id = 476755, remain = 74, size = 64
Send to executer failed.force_push: msg_id = 476731, remain = 74, size = 64
Send to executer failed.force_push: msg_id = 476717, remain = 10, size = 64
Send to executer failed.force_push: msg_id = 476726, remain = 74, size = 64
Send to executer failed.force_push: msg_id = 476734, remain = 74, size = 64
Send to executer failed.force_push: msg_id = 477701, remain = 11, size = 64
Send to executer failed.force_push: msg_id = 477691, remain = 11, size = 64
Send to executer failed.force_push: msg_id = 477709, remain = -53, size = 11
Send to executer failed.force_push: msg_id = 477581, remain = 9, size = 64
Send to executer failed.force_push: msg_id = 477583, remain = 9, size = 64
Send to executer failed.force_push: msg_id = 478408, remain = 74, size = 64
Send to executer failed.Loaded function exp06_run_audit_16. lib_load_elasped: 400, func_load_elasped: 1
Loaded function exp06_run_audit_14. lib_load_elasped: 203, func_load_elasped: 1
Loaded function exp06_run_audit_22. lib_load_elasped: 388, func_load_elasped: 2
Loaded function exp06_run_audit_11. lib_load_elasped: 370, func_load_elasped: 1
force_push: msg_id = 479406, remain = 74, size = 64
Send to executer failed.force_push: msg_id = 479394, remain = 10, size = 64
Send to executer failed.force_push: msg_id = 479391, remain = 10, size = 64
Send to executer failed.force_push: msg_id = 479409, remain = 10, size = 64
Send to executer failed.force_push: msg_id = 479385, remain = -54, size = 10
Send to executer failed.force_push: msg_id = 479395, remain = -54, size = 10
Send to executer failed.force_push: msg_id = 479383, remain = 74, size = 64
Send to executer failed.force_push: msg_id = 479388, remain = 10, size = 64
Send to executer failed.force_push: msg_id = 480158, remain = 75, size = 64
Send to executer failed.force_push: msg_id = 480131, remain = 75, size = 64
Send to executer failed.force_push: msg_id = 480154, remain = 75, size = 64
Send to executer failed.force_push: msg_id = 480130, remain = 11, size = 64
Send to executer failed.force_push: msg_id = 480123, remain = 73, size = 64
force_push: msg_id = 480147, remain = 75, size = 64
Send to executer failed.Send to executer failed.force_push: msg_id = 480108, remain = -55, size = 9
Send to executer failed.force_push: msg_id = 480149, remain = 75, size = 64
Send to executer failed.force_push: msg_id = 480121, remain = 73, size = 64
Send to executer failed.force_push: msg_id = 480125, remain = 73, size = 64
Send to executer failed.force_push: msg_id = 480136, remain = -53, size = 11
Send to executer failed.force_push: msg_id = 480126, remain = 9, size = 64
Send to executer failed.force_push: msg_id = 480134, remain = 11, size = 64
Send to executer failed.force_push: msg_id = 480153, remain = 11, size = 64
Send to executer failed.force_push: msg_id = 480142, remain = 75, size = 64
Send to executer failed.force_push: msg_id = 480439, remain = 10, size = 64
Send to executer failed.Loaded function exp06_run_audit_35. lib_load_elasped: 349, func_load_elasped: 1
Loaded function exp06_run_audit_7. lib_load_elasped: 283, func_load_elasped: 1
Loaded function exp06_run_audit_31. lib_load_elasped: 373, func_load_elasped: 1
Loaded function exp06_run_audit_10. lib_load_elasped: 305, func_load_elasped: 1
force_push: msg_id = 482812, remain = -56, size = 8
Send to executer failed.force_push: msg_id = 482821, remain = -56, size = 8
Send to executer failed.force_push: msg_id = 482869, remain = -54, size = 10
Send to executer failed.force_push: msg_id = 482865, remain = 74, size = 64
Send to executer failed.force_push: msg_id = 482856, remain = -54, size = 10
Send to executer failed.force_push: msg_id = 482864, remain = 10, size = 64
Send to executer failed.force_push: msg_id = 482815, remain = 8, size = 64
Send to executer failed.force_push: msg_id = 482872, remain = 74, size = 64
Send to executer failed.force_push: msg_id = 482809, remain = 72, size = 64
Send to executer failed.force_push: msg_id = 482825, remain = -54, size = 10
Send to executer failed.force_push: msg_id = 482863, remain = 74, size = 64
Send to executer failed.force_push: msg_id = 482855, remain = -54, size = 10
Send to executer failed.force_push: msg_id = 482818, remain = -54, size = 10
Send to executer failed.force_push: msg_id = 482871, remain = 10, size = 64
Send to executer failed.force_push: msg_id = 482866, remain = 10, size = 64
Send to executer failed.force_push: msg_id = 482826, remain = -54, size = 10
Send to executer failed.force_push: msg_id = 482862, remain = -54, size = 10
Send to executer failed.force_push: msg_id = 485825, remain = -54, size = 10
Send to executer failed.force_push: msg_id = 485819, remain = -54, size = 10
Send to executer failed.force_push: msg_id = 485837, remain = -54, size = 10
Send to executer failed.force_push: msg_id = 485824, remain = 74, size = 64
Send to executer failed.Loaded function exp06_run_audit_1. lib_load_elasped: 264, func_load_elasped: 1
force_push: msg_id = 488489, remain = -54, size = 10
Send to executer failed.force_push: msg_id = 488505, remain = 74, size = 64
Send to executer failed.force_push: msg_id = 488454, remain = 8, size = 64
Send to executer failed.force_push: msg_id = 490521, remain = 75, size = 64
Send to executer failed.Loaded function exp06_run_audit_37. lib_load_elasped: 389, func_load_elasped: 1
Loaded function exp06_run_audit_39. lib_load_elasped: 240, func_load_elasped: 1
force_push: msg_id = 501795, remain = -54, size = 10
Send to executer failed.