Read file config.yml
Running executor...
Loaded function exp06_marketdata. lib_load_elasped: 10650, func_load_elasped: 5
fail release: invalid id (mem = (nil), size = 48)
fail release: invalid id (mem = (nil), size = 48)
fail release: invalid id (mem = (nil), size = 48)
fail release: invalid id (mem = (nil), size = 48)
fail release: invalid id (mem = (nil), size = 48)
fail release: invalid id (mem = (nil), size = 48)
fail release: invalid id (mem = (nil), size = 48)
fail release: invalid id (mem = (nil), size = 48)
fail release: invalid id (mem = (nil), size = 48)
fail release: invalid id (mem = (nil), size = 48)
fail release: invalid id (mem = (nil), size = 48)
fail release: invalid id (mem = (nil), size = 48)
fail release: invalid id (mem = (nil), size = 48)
fail release: invalid id (mem = (nil), size = 48)
fail release: invalid id (mem = (nil), size = 48)
fail release: invalid id (mem = (nil), size = 48)
force_push: msg_id = 457606, remain = 72, size = 64
Send to executer failed.Loaded function exp06_run_audit_2. lib_load_elasped: 438, func_load_elasped: 2
Loaded function exp06_run_audit_10. lib_load_elasped: 356, func_load_elasped: 1
force_push: msg_id = 460636, remain = -54, size = 10
Send to executer failed.Loaded function exp06_run_audit_7. lib_load_elasped: 294, func_load_elasped: 1
Loaded function exp06_run_audit_19. lib_load_elasped: 329, func_load_elasped: 2
Loaded function exp06_run_audit_39. lib_load_elasped: 386, func_load_elasped: 2
Loaded function exp06_run_audit_34. lib_load_elasped: 216, func_load_elasped: 1
force_push: msg_id = 469005, remain = 8, size = 64
Send to executer failed.force_push: msg_id = 468964, remain = 8, size = 64
Send to executer failed.force_push: msg_id = 469051, remain = 74, size = 64
Send to executer failed.force_push: msg_id = 469057, remain = 10, size = 64
Send to executer failed.force_push: msg_id = 469050, remain = 74, size = 64
Send to executer failed.force_push: msg_id = 469049, remain = 10, size = 64
Send to executer failed.Loaded function exp06_run_audit_14. lib_load_elasped: 429, func_load_elasped: 2
force_push: msg_id = 476305, remain = -54, size = 10
Send to executer failed.force_push: msg_id = 476169, remain = 8, size = 64
Send to executer failed.Loaded function exp06_run_audit_32. lib_load_elasped: 405, func_load_elasped: 2
Loaded function exp06_run_audit_11. lib_load_elasped: 359, func_load_elasped: 2
Loaded function exp06_run_audit_17. lib_load_elasped: 315, func_load_elasped: 1
Loaded function exp06_run_audit_5. lib_load_elasped: 394, func_load_elasped: 2
Loaded function exp06_run_audit_36. lib_load_elasped: 297, func_load_elasped: 1
Loaded function exp06_run_audit_37. lib_load_elasped: 285, func_load_elasped: 1
Loaded function exp06_run_audit_18. lib_load_elasped: 252, func_load_elasped: 2
Loaded function exp06_run_audit_29. lib_load_elasped: 314, func_load_elasped: 2
Loaded function exp06_run_audit_27. lib_load_elasped: 331, func_load_elasped: 2
Loaded function exp06_run_audit_40. lib_load_elasped: 225, func_load_elasped: 1
Loaded function exp06_run_audit_35. lib_load_elasped: 397, func_load_elasped: 2
Loaded function exp06_run_audit_12. lib_load_elasped: 394, func_load_elasped: 2
Loaded function exp06_run_audit_30. lib_load_elasped: 377, func_load_elasped: 1
Loaded function exp06_run_audit_31. lib_load_elasped: 331, func_load_elasped: 1
force_push: msg_id = 489150, remain = 9, size = 64
Send to executer failed.force_push: msg_id = 489144, remain = -55, size = 9
Send to executer failed.force_push: msg_id = 490832, remain = 10, size = 64
Send to executer failed.Loaded function exp06_run_audit_22. lib_load_elasped: 362, func_load_elasped: 1
Loaded function exp06_run_audit_15. lib_load_elasped: 325, func_load_elasped: 1
Loaded function exp06_run_audit_16. lib_load_elasped: 230, func_load_elasped: 1
Loaded function exp06_run_audit_20. lib_load_elasped: 382, func_load_elasped: 1
Loaded function exp06_run_audit_25. lib_load_elasped: 186, func_load_elasped: 1
Loaded function exp06_run_audit_26. lib_load_elasped: 225, func_load_elasped: 1
Loaded function exp06_run_audit_33. lib_load_elasped: 299, func_load_elasped: 1
Loaded function exp06_run_audit_4. lib_load_elasped: 331, func_load_elasped: 1
Loaded function exp06_run_audit_9. lib_load_elasped: 265, func_load_elasped: 1
Loaded function exp06_run_audit_6. lib_load_elasped: 261, func_load_elasped: 1
