Read file config.yml
Running executor...
Loaded function exp06_marketdata. lib_load_elasped: 10261, func_load_elasped: 5
Loaded function exp06_run_audit_24. lib_load_elasped: 357, func_load_elasped: 2
Loaded function exp06_run_audit_9. lib_load_elasped: 335, func_load_elasped: 1
Loaded function exp06_run_audit_4. lib_load_elasped: 334, func_load_elasped: 1
Loaded function exp06_run_audit_23. lib_load_elasped: 283, func_load_elasped: 1
force_push: msg_id = 460281, remain = 74, size = 64
Send to executer failed.Loaded function exp06_run_audit_6. lib_load_elasped: 425, func_load_elasped: 2
Loaded function exp06_run_audit_26. lib_load_elasped: 337, func_load_elasped: 2
Loaded function exp06_run_audit_8. lib_load_elasped: 294, func_load_elasped: 1
Loaded function exp06_run_audit_38. lib_load_elasped: 303, func_load_elasped: 1
Loaded function exp06_run_audit_20. lib_load_elasped: 298, func_load_elasped: 1
Loaded function exp06_run_audit_36. lib_load_elasped: 284, func_load_elasped: 1
Loaded function exp06_run_audit_11. lib_load_elasped: 252, func_load_elasped: 1
Loaded function exp06_run_audit_15. lib_load_elasped: 330, func_load_elasped: 2
Loaded function exp06_run_audit_16. lib_load_elasped: 206, func_load_elasped: 1
Loaded function exp06_run_audit_7. lib_load_elasped: 411, func_load_elasped: 2
Loaded function exp06_run_audit_14. lib_load_elasped: 237, func_load_elasped: 1
Loaded function exp06_run_audit_33. lib_load_elasped: 216, func_load_elasped: 1
force_push: msg_id = 469491, remain = 74, size = 64
force_push: msg_id = 469486, remain = 74, size = 64
Send to executer failed.Send to executer failed.force_push: msg_id = 469465, remain = 74, size = 64
Send to executer failed.force_push: msg_id = 469489, remain = 74, size = 64
Send to executer failed.force_push: msg_id = 469459, remain = 74, size = 64
Send to executer failed.force_push: msg_id = 469477, remain = 74, size = 64
Send to executer failed.force_push: msg_id = 469478, remain = 74, size = 64
Send to executer failed.force_push: msg_id = 469461, remain = 74, size = 64
Send to executer failed.force_push: msg_id = 469392, remain = 72, size = 64
Send to executer failed.force_push: msg_id = 469490, remain = 74, size = 64
Send to executer failed.force_push: msg_id = 469453, remain = 10, size = 64
Send to executer failed.force_push: msg_id = 469467, remain = 74, size = 64
Send to executer failed.force_push: msg_id = 469460, remain = 74, size = 64
Send to executer failed.force_push: msg_id = 469481, remain = 74, size = 64
Send to executer failed.force_push: msg_id = 469390, remain = 72, size = 64
Send to executer failed.force_push: msg_id = 469400, remain = 8, size = 64
Send to executer failed.force_push: msg_id = 469397, remain = 72, size = 64
Send to executer failed.force_push: msg_id = 470536, remain = -54, size = 10
Send to executer failed.force_push: msg_id = 470502, remain = -54, size = 10
Send to executer failed.Loaded function exp06_run_audit_3. lib_load_elasped: 437, func_load_elasped: 2
Loaded function exp06_run_audit_19. lib_load_elasped: 317, func_load_elasped: 1
Loaded function exp06_run_audit_32. lib_load_elasped: 295, func_load_elasped: 1
Loaded function exp06_run_audit_30. lib_load_elasped: 363, func_load_elasped: 2
Loaded function exp06_run_audit_27. lib_load_elasped: 369, func_load_elasped: 2
Loaded function exp06_run_audit_12. lib_load_elasped: 297, func_load_elasped: 1
force_push: msg_id = 472941, remain = 74, size = 64
Send to executer failed.force_push: msg_id = 475972, remain = 75, size = 64
Send to executer failed.Loaded function exp06_run_audit_18. lib_load_elasped: 426, func_load_elasped: 2
force_push: msg_id = 482984, remain = 10, size = 64
Send to executer failed.force_push: msg_id = 482960, remain = 10, size = 64
Send to executer failed.force_push: msg_id = 482941, remain = 72, size = 64
Send to executer failed.force_push: msg_id = 482924, remain = 72, size = 64
Send to executer failed.force_push: msg_id = 482936, remain = 74, size = 64
Send to executer failed.force_push: msg_id = 482948, remain = 74, size = 64
Send to executer failed.force_push: msg_id = 482957, remain = 74, size = 64
Send to executer failed.force_push: msg_id = 482968, remain = 74, size = 64
Send to executer failed.force_push: msg_id = 482982, remain = 74, size = 64
Send to executer failed.force_push: msg_id = 482916, remain = 8, size = 64
Send to executer failed.force_push: msg_id = 482935, remain = 74, size = 64
Send to executer failed.force_push: msg_id = 482939, remain = 72, size = 64
Send to executer failed.force_push: msg_id = 482928, remain = -56, size = 8
Send to executer failed.force_push: msg_id = 482956, remain = 74, size = 64
Send to executer failed.force_push: msg_id = 482952, remain = 74, size = 64
Send to executer failed.force_push: msg_id = 482958, remain = 74, size = 64
Send to executer failed.force_push: msg_id = 482942, remain = 10, size = 64
Send to executer failed.force_push: msg_id = 482969, remain = -54, size = 10
Send to executer failed.force_push: msg_id = 482964, remain = 74, size = 64
Send to executer failed.force_push: msg_id = 482959, remain = 10, size = 64
Send to executer failed.force_push: msg_id = 482945, remain = 74, size = 64
Send to executer failed.Loaded function exp06_run_audit_13. lib_load_elasped: 342, func_load_elasped: 1
force_push: msg_id = 489790, remain = 74, size = 64
Send to executer failed.force_push: msg_id = 489963, remain = -54, size = 10
Send to executer failed.force_push: msg_id = 489910, remain = 74, size = 64
Send to executer failed.force_push: msg_id = 489950, remain = 74, size = 64
Send to executer failed.force_push: msg_id = 489780, remain = 72, size = 64
Send to executer failed.force_push: msg_id = 489786, remain = 10, size = 64
Send to executer failed.force_push: msg_id = 489951, remain = 10, size = 64
Send to executer failed.force_push: msg_id = 489784, remain = -56, size = 8
Send to executer failed.force_push: msg_id = 489948, remain = 10, size = 64
Send to executer failed.force_push: msg_id = 489952, remain = 74, size = 64
Send to executer failed.Loaded function exp06_run_audit_2. lib_load_elasped: 403, func_load_elasped: 1
Loaded function exp06_run_audit_29. lib_load_elasped: 361, func_load_elasped: 1
Loaded function exp06_run_audit_40. lib_load_elasped: 298, func_load_elasped: 2
Loaded function exp06_run_audit_25. lib_load_elasped: 359, func_load_elasped: 2
Loaded function exp06_run_audit_22. lib_load_elasped: 394, func_load_elasped: 2
Loaded function exp06_run_audit_34. lib_load_elasped: 243, func_load_elasped: 1
Loaded function exp06_run_audit_37. lib_load_elasped: 240, func_load_elasped: 1
force_push: msg_id = 496212, remain = 74, size = 64
Send to executer failed.Loaded function exp06_run_audit_17. lib_load_elasped: 250, func_load_elasped: 1
Loaded function exp06_run_audit_21. lib_load_elasped: 234, func_load_elasped: 1
Loaded function exp06_run_audit_28. lib_load_elasped: 391, func_load_elasped: 2
force_push: msg_id = 498328, remain = 72, size = 64
Send to executer failed.force_push: msg_id = 498346, remain = 74, size = 64
Send to executer failed.Loaded function exp06_run_audit_1. lib_load_elasped: 460, func_load_elasped: 2
