I0419 08:25:03.719435 Main        (137590) /home/lgw/Lumine-benchmarks/Lumine/lib/base/thread.cpp:96] Register main thread: tid=137590
I0419 08:25:03.721956 Main        (137590) /home/lgw/Lumine-benchmarks/Lumine/lib/common/config.cpp:332] Load configuration for function exp09Start[1]
I0419 08:25:03.722148 Main        (137590) /home/lgw/Lumine-benchmarks/Lumine/lib/common/config.cpp:332] Load configuration for function exp09End[2]
I0419 08:25:03.722230 Main        (137590) /home/lgw/Lumine-benchmarks/Lumine/lib/common/config.cpp:332] Load configuration for function exp09Register[3]
I0419 08:25:03.722489 Main        (137590) /home/lgw/Lumine-benchmarks/Lumine/src/host/worker/cpp/func_worker.cpp:107] My client_id is 14
I0419 08:25:03.722570 Main        (137590) /home/lgw/Lumine-benchmarks/Lumine/src/host/worker/cpp/func_worker.cpp:173] Use extra pipes for messages
I0419 08:25:03.722896 Main        (137590) /home/lgw/Lumine-benchmarks/Lumine/src/host/worker/cpp/func_worker.cpp:195] Handshake done
I0419 08:25:37.822217 Main        (137590) /home/lgw/Lumine-benchmarks/Experiments/09/src/1_end/end.cpp:48] req_id = 480001, end_time = 1681892737822206
I0419 08:25:37.829512 Main        (137590) /home/lgw/Lumine-benchmarks/Experiments/09/src/1_end/end.cpp:48] req_id = 300001, end_time = 1681892737829506
I0419 08:25:37.839912 Main        (137590) /home/lgw/Lumine-benchmarks/Experiments/09/src/1_end/end.cpp:48] req_id = 180001, end_time = 1681892737839903
I0419 08:25:37.841378 Main        (137590) /home/lgw/Lumine-benchmarks/Experiments/09/src/1_end/end.cpp:48] req_id = 540001, end_time = 1681892737841370
I0419 08:25:37.844236 Main        (137590) /home/lgw/Lumine-benchmarks/Experiments/09/src/1_end/end.cpp:48] req_id = 120001, end_time = 1681892737844229
I0419 08:25:37.853415 Main        (137590) /home/lgw/Lumine-benchmarks/Experiments/09/src/1_end/end.cpp:48] req_id = 240001, end_time = 1681892737853408
I0419 08:25:37.868959 Main        (137590) /home/lgw/Lumine-benchmarks/Experiments/09/src/1_end/end.cpp:48] req_id = 240002, end_time = 1681892737868954
I0419 08:25:37.874183 Main        (137590) /home/lgw/Lumine-benchmarks/Experiments/09/src/1_end/end.cpp:48] req_id = 120002, end_time = 1681892737874177
I0419 08:25:37.908742 Main        (137590) /home/lgw/Lumine-benchmarks/Experiments/09/src/1_end/end.cpp:48] req_id = 180002, end_time = 1681892737908737
I0419 08:25:37.935134 Main        (137590) /home/lgw/Lumine-benchmarks/Experiments/09/src/1_end/end.cpp:48] req_id = 420001, end_time = 1681892737935130
I0419 08:25:37.938828 Main        (137590) /home/lgw/Lumine-benchmarks/Experiments/09/src/1_end/end.cpp:48] req_id = 60003, end_time = 1681892737938824
I0419 08:25:37.954534 Main        (137590) /home/lgw/Lumine-benchmarks/Experiments/09/src/1_end/end.cpp:48] req_id = 300002, end_time = 1681892737954529
I0419 08:25:38.093626 Main        (137590) /home/lgw/Lumine-benchmarks/Experiments/09/src/1_end/end.cpp:48] req_id = 360002, end_time = 1681892738093613
I0419 08:25:38.183057 Main        (137590) /home/lgw/Lumine-benchmarks/Experiments/09/src/1_end/end.cpp:48] req_id = 420002, end_time = 1681892738183050
I0419 08:25:38.217743 Main        (137590) /home/lgw/Lumine-benchmarks/Experiments/09/src/1_end/end.cpp:48] req_id = 540002, end_time = 1681892738217737
I0419 08:25:38.284083 Main        (137590) /home/lgw/Lumine-benchmarks/Experiments/09/src/1_end/end.cpp:48] req_id = 480003, end_time = 1681892738284078
I0419 08:25:38.287250 Main        (137590) /home/lgw/Lumine-benchmarks/Experiments/09/src/1_end/end.cpp:48] req_id = 600002, end_time = 1681892738287244
I0419 08:25:38.357548 Main        (137590) /home/lgw/Lumine-benchmarks/Experiments/09/src/1_end/end.cpp:48] req_id = 360003, end_time = 1681892738357541
I0419 08:25:38.368204 Main        (137590) /home/lgw/Lumine-benchmarks/Experiments/09/src/1_end/end.cpp:48] req_id = 540003, end_time = 1681892738368198
I0419 08:25:38.377997 Main        (137590) /home/lgw/Lumine-benchmarks/Experiments/09/src/1_end/end.cpp:48] req_id = 240004, end_time = 1681892738377991
I0419 08:25:38.495331 Main        (137590) /home/lgw/Lumine-benchmarks/Experiments/09/src/1_end/end.cpp:48] req_id = 180004, end_time = 1681892738495325
I0419 08:25:38.509701 Main        (137590) /home/lgw/Lumine-benchmarks/Experiments/09/src/1_end/end.cpp:48] req_id = 480004, end_time = 1681892738509694
I0419 08:25:38.554611 Main        (137590) /home/lgw/Lumine-benchmarks/Experiments/09/src/1_end/end.cpp:48] req_id = 300003, end_time = 1681892738554595
I0419 08:25:38.573720 Main        (137590) /home/lgw/Lumine-benchmarks/Experiments/09/src/1_end/end.cpp:48] req_id = 120005, end_time = 1681892738573714
I0419 08:25:38.605301 Main        (137590) /home/lgw/Lumine-benchmarks/Experiments/09/src/1_end/end.cpp:48] req_id = 180006, end_time = 1681892738605294
I0419 08:25:38.649341 Main        (137590) /home/lgw/Lumine-benchmarks/Experiments/09/src/1_end/end.cpp:48] req_id = 60004, end_time = 1681892738649335
I0419 08:25:38.660150 Main        (137590) /home/lgw/Lumine-benchmarks/Experiments/09/src/1_end/end.cpp:48] req_id = 180003, end_time = 1681892738660144
I0419 08:25:38.677703 Main        (137590) /home/lgw/Lumine-benchmarks/Experiments/09/src/1_end/end.cpp:48] req_id = 120004, end_time = 1681892738677697
I0419 08:25:38.679375 Main        (137590) /home/lgw/Lumine-benchmarks/Experiments/09/src/1_end/end.cpp:48] req_id = 600003, end_time = 1681892738679369
I0419 08:25:38.685737 Main        (137590) /home/lgw/Lumine-benchmarks/Experiments/09/src/1_end/end.cpp:48] req_id = 600008, end_time = 1681892738685731
I0419 08:25:38.692411 Main        (137590) /home/lgw/Lumine-benchmarks/Experiments/09/src/1_end/end.cpp:48] req_id = 540004, end_time = 1681892738692402
I0419 08:25:38.697420 Main        (137590) /home/lgw/Lumine-benchmarks/Experiments/09/src/1_end/end.cpp:48] req_id = 300006, end_time = 1681892738697415
I0419 08:25:38.739665 Main        (137590) /home/lgw/Lumine-benchmarks/Experiments/09/src/1_end/end.cpp:48] req_id = 600004, end_time = 1681892738739659
I0419 08:25:38.788890 Main        (137590) /home/lgw/Lumine-benchmarks/Experiments/09/src/1_end/end.cpp:48] req_id = 480006, end_time = 1681892738788885
I0419 08:25:38.817001 Main        (137590) /home/lgw/Lumine-benchmarks/Experiments/09/src/1_end/end.cpp:48] req_id = 420005, end_time = 1681892738816996
I0419 08:25:38.850285 Main        (137590) /home/lgw/Lumine-benchmarks/Experiments/09/src/1_end/end.cpp:48] req_id = 60005, end_time = 1681892738850279
I0419 08:25:38.851610 Main        (137590) /home/lgw/Lumine-benchmarks/Experiments/09/src/1_end/end.cpp:48] req_id = 480007, end_time = 1681892738851604
I0419 08:25:38.883117 Main        (137590) /home/lgw/Lumine-benchmarks/Experiments/09/src/1_end/end.cpp:48] req_id = 420003, end_time = 1681892738883111
I0419 08:25:40.527515 Main        (137590) /home/lgw/Lumine-benchmarks/Experiments/09/src/1_end/end.cpp:48] req_id = 600012, end_time = 1681892740527505
I0419 08:25:40.536089 Main        (137590) /home/lgw/Lumine-benchmarks/Experiments/09/src/1_end/end.cpp:48] req_id = 120017, end_time = 1681892740536085
I0419 08:25:40.550612 Main        (137590) /home/lgw/Lumine-benchmarks/Experiments/09/src/1_end/end.cpp:48] req_id = 120010, end_time = 1681892740550608
I0419 08:25:40.565720 Main        (137590) /home/lgw/Lumine-benchmarks/Experiments/09/src/1_end/end.cpp:48] req_id = 120006, end_time = 1681892740565714
I0419 08:25:40.604152 Main        (137590) /home/lgw/Lumine-benchmarks/Experiments/09/src/1_end/end.cpp:48] req_id = 600020, end_time = 1681892740604146
I0419 08:25:40.635039 Main        (137590) /home/lgw/Lumine-benchmarks/Experiments/09/src/1_end/end.cpp:48] req_id = 420009, end_time = 1681892740635029
I0419 08:25:40.640329 Main        (137590) /home/lgw/Lumine-benchmarks/Experiments/09/src/1_end/end.cpp:48] req_id = 360020, end_time = 1681892740640325
I0419 08:25:40.805924 Main        (137590) /home/lgw/Lumine-benchmarks/Experiments/09/src/1_end/end.cpp:48] req_id = 60010, end_time = 1681892740805920
I0419 08:25:40.823876 Main        (137590) /home/lgw/Lumine-benchmarks/Experiments/09/src/1_end/end.cpp:48] req_id = 360012, end_time = 1681892740823871
I0419 08:25:40.893371 Main        (137590) /home/lgw/Lumine-benchmarks/Experiments/09/src/1_end/end.cpp:48] req_id = 480020, end_time = 1681892740893365
I0419 08:25:40.917503 Main        (137590) /home/lgw/Lumine-benchmarks/Experiments/09/src/1_end/end.cpp:48] req_id = 300014, end_time = 1681892740917497
I0419 08:25:40.923503 Main        (137590) /home/lgw/Lumine-benchmarks/Experiments/09/src/1_end/end.cpp:48] req_id = 240014, end_time = 1681892740923497
I0419 08:25:40.929677 Main        (137590) /home/lgw/Lumine-benchmarks/Experiments/09/src/1_end/end.cpp:48] req_id = 120019, end_time = 1681892740929671
I0419 08:25:40.946966 Main        (137590) /home/lgw/Lumine-benchmarks/Experiments/09/src/1_end/end.cpp:48] req_id = 240009, end_time = 1681892740946959
I0419 08:25:41.020539 Main        (137590) /home/lgw/Lumine-benchmarks/Experiments/09/src/1_end/end.cpp:48] req_id = 480017, end_time = 1681892741020535
I0419 08:25:41.024437 Main        (137590) /home/lgw/Lumine-benchmarks/Experiments/09/src/1_end/end.cpp:48] req_id = 600007, end_time = 1681892741024431
I0419 08:25:41.030737 Main        (137590) /home/lgw/Lumine-benchmarks/Experiments/09/src/1_end/end.cpp:48] req_id = 540011, end_time = 1681892741030731
I0419 08:25:41.108459 Main        (137590) /home/lgw/Lumine-benchmarks/Experiments/09/src/1_end/end.cpp:48] req_id = 360019, end_time = 1681892741108454
I0419 08:25:41.115011 Main        (137590) /home/lgw/Lumine-benchmarks/Experiments/09/src/1_end/end.cpp:48] req_id = 300013, end_time = 1681892741115005
I0419 08:25:41.151496 Main        (137590) /home/lgw/Lumine-benchmarks/Experiments/09/src/1_end/end.cpp:48] req_id = 540020, end_time = 1681892741151489
I0419 08:25:41.253674 Main        (137590) /home/lgw/Lumine-benchmarks/Experiments/09/src/1_end/end.cpp:48] req_id = 240015, end_time = 1681892741253668
I0419 08:25:41.317781 Main        (137590) /home/lgw/Lumine-benchmarks/Experiments/09/src/1_end/end.cpp:48] req_id = 120012, end_time = 1681892741317775
I0419 08:25:41.359379 Main        (137590) /home/lgw/Lumine-benchmarks/Experiments/09/src/1_end/end.cpp:48] req_id = 540023, end_time = 1681892741359372
I0419 08:25:41.378245 Main        (137590) /home/lgw/Lumine-benchmarks/Experiments/09/src/1_end/end.cpp:48] req_id = 480010, end_time = 1681892741378239
I0419 08:25:41.379143 Main        (137590) /home/lgw/Lumine-benchmarks/Experiments/09/src/1_end/end.cpp:48] req_id = 360018, end_time = 1681892741379140
I0419 08:25:41.381683 Main        (137590) /home/lgw/Lumine-benchmarks/Experiments/09/src/1_end/end.cpp:48] req_id = 240012, end_time = 1681892741381680
I0419 08:25:41.390082 Main        (137590) /home/lgw/Lumine-benchmarks/Experiments/09/src/1_end/end.cpp:48] req_id = 480024, end_time = 1681892741390079
I0419 08:25:41.407442 Main        (137590) /home/lgw/Lumine-benchmarks/Experiments/09/src/1_end/end.cpp:48] req_id = 180018, end_time = 1681892741407436
I0419 08:25:41.428402 Main        (137590) /home/lgw/Lumine-benchmarks/Experiments/09/src/1_end/end.cpp:48] req_id = 120008, end_time = 1681892741428397
I0419 08:25:41.449659 Main        (137590) /home/lgw/Lumine-benchmarks/Experiments/09/src/1_end/end.cpp:48] req_id = 60022, end_time = 1681892741449653
I0419 08:25:41.498918 Main        (137590) /home/lgw/Lumine-benchmarks/Experiments/09/src/1_end/end.cpp:48] req_id = 600014, end_time = 1681892741498911
I0419 08:25:41.512501 Main        (137590) /home/lgw/Lumine-benchmarks/Experiments/09/src/1_end/end.cpp:48] req_id = 600015, end_time = 1681892741512496
I0419 08:25:41.517546 Main        (137590) /home/lgw/Lumine-benchmarks/Experiments/09/src/1_end/end.cpp:48] req_id = 240027, end_time = 1681892741517541
I0419 08:25:41.582362 Main        (137590) /home/lgw/Lumine-benchmarks/Experiments/09/src/1_end/end.cpp:48] req_id = 600016, end_time = 1681892741582352
I0419 08:25:41.674299 Main        (137590) /home/lgw/Lumine-benchmarks/Experiments/09/src/1_end/end.cpp:48] req_id = 180010, end_time = 1681892741674293
I0419 08:25:41.691150 Main        (137590) /home/lgw/Lumine-benchmarks/Experiments/09/src/1_end/end.cpp:48] req_id = 60025, end_time = 1681892741691145
I0419 08:25:41.846649 Main        (137590) /home/lgw/Lumine-benchmarks/Experiments/09/src/1_end/end.cpp:48] req_id = 600019, end_time = 1681892741846645
I0419 08:25:41.897639 Main        (137590) /home/lgw/Lumine-benchmarks/Experiments/09/src/1_end/end.cpp:48] req_id = 300011, end_time = 1681892741897629
I0419 08:25:42.000176 Main        (137590) /home/lgw/Lumine-benchmarks/Experiments/09/src/1_end/end.cpp:48] req_id = 480019, end_time = 1681892742000172
I0419 08:25:42.001825 Main        (137590) /home/lgw/Lumine-benchmarks/Experiments/09/src/1_end/end.cpp:48] req_id = 540019, end_time = 1681892742001807
I0419 08:25:42.034834 Main        (137590) /home/lgw/Lumine-benchmarks/Experiments/09/src/1_end/end.cpp:48] req_id = 60015, end_time = 1681892742034828
I0419 08:25:42.094947 Main        (137590) /home/lgw/Lumine-benchmarks/Experiments/09/src/1_end/end.cpp:48] req_id = 540014, end_time = 1681892742094940
I0419 08:25:42.291959 Main        (137590) /home/lgw/Lumine-benchmarks/Experiments/09/src/1_end/end.cpp:48] req_id = 540009, end_time = 1681892742291953
I0419 08:25:42.493384 Main        (137590) /home/lgw/Lumine-benchmarks/Experiments/09/src/1_end/end.cpp:48] req_id = 120025, end_time = 1681892742493377
I0419 08:25:42.516215 Main        (137590) /home/lgw/Lumine-benchmarks/Experiments/09/src/1_end/end.cpp:48] req_id = 240006, end_time = 1681892742516209
I0419 08:25:42.577688 Main        (137590) /home/lgw/Lumine-benchmarks/Experiments/09/src/1_end/end.cpp:48] req_id = 360032, end_time = 1681892742577681
I0419 08:25:42.604531 Main        (137590) /home/lgw/Lumine-benchmarks/Experiments/09/src/1_end/end.cpp:48] req_id = 180012, end_time = 1681892742604524
I0419 08:25:42.635242 Main        (137590) /home/lgw/Lumine-benchmarks/Experiments/09/src/1_end/end.cpp:48] req_id = 120033, end_time = 1681892742635236
I0419 08:25:42.655286 Main        (137590) /home/lgw/Lumine-benchmarks/Experiments/09/src/1_end/end.cpp:48] req_id = 60006, end_time = 1681892742655280
I0419 08:25:42.663205 Main        (137590) /home/lgw/Lumine-benchmarks/Experiments/09/src/1_end/end.cpp:48] req_id = 240022, end_time = 1681892742663199
I0419 08:25:42.689738 Main        (137590) /home/lgw/Lumine-benchmarks/Experiments/09/src/1_end/end.cpp:48] req_id = 360011, end_time = 1681892742689732
I0419 08:25:42.698910 Main        (137590) /home/lgw/Lumine-benchmarks/Experiments/09/src/1_end/end.cpp:48] req_id = 360025, end_time = 1681892742698903
I0419 08:25:42.713322 Main        (137590) /home/lgw/Lumine-benchmarks/Experiments/09/src/1_end/end.cpp:48] req_id = 180008, end_time = 1681892742713316
I0419 08:25:42.725693 Main        (137590) /home/lgw/Lumine-benchmarks/Experiments/09/src/1_end/end.cpp:48] req_id = 540022, end_time = 1681892742725687
I0419 08:25:42.811554 Main        (137590) /home/lgw/Lumine-benchmarks/Experiments/09/src/1_end/end.cpp:48] req_id = 60041, end_time = 1681892742811547
I0419 08:25:42.944107 Main        (137590) /home/lgw/Lumine-benchmarks/Experiments/09/src/1_end/end.cpp:48] req_id = 480008, end_time = 1681892742944097
I0419 08:25:42.949687 Main        (137590) /home/lgw/Lumine-benchmarks/Experiments/09/src/1_end/end.cpp:48] req_id = 60024, end_time = 1681892742949682
I0419 08:25:43.029033 Main        (137590) /home/lgw/Lumine-benchmarks/Experiments/09/src/1_end/end.cpp:48] req_id = 540037, end_time = 1681892743029027
I0419 08:25:43.030482 Main        (137590) /home/lgw/Lumine-benchmarks/Experiments/09/src/1_end/end.cpp:48] req_id = 480009, end_time = 1681892743030479
I0419 08:25:43.041353 Main        (137590) /home/lgw/Lumine-benchmarks/Experiments/09/src/1_end/end.cpp:48] req_id = 600013, end_time = 1681892743041350
I0419 08:25:43.047051 Main        (137590) /home/lgw/Lumine-benchmarks/Experiments/09/src/1_end/end.cpp:48] req_id = 240019, end_time = 1681892743047045
I0419 08:25:43.247834 Main        (137590) /home/lgw/Lumine-benchmarks/Experiments/09/src/1_end/end.cpp:48] req_id = 300032, end_time = 1681892743247825
I0419 08:25:43.299019 Main        (137590) /home/lgw/Lumine-benchmarks/Experiments/09/src/1_end/end.cpp:48] req_id = 120014, end_time = 1681892743299013
I0419 08:25:43.317022 Main        (137590) /home/lgw/Lumine-benchmarks/Experiments/09/src/1_end/end.cpp:48] req_id = 60021, end_time = 1681892743317016
I0419 08:25:43.362456 Main        (137590) /home/lgw/Lumine-benchmarks/Experiments/09/src/1_end/end.cpp:48] req_id = 480029, end_time = 1681892743362450
I0419 08:25:43.374888 Main        (137590) /home/lgw/Lumine-benchmarks/Experiments/09/src/1_end/end.cpp:48] req_id = 420014, end_time = 1681892743374882
I0419 08:25:43.401539 Main        (137590) /home/lgw/Lumine-benchmarks/Experiments/09/src/1_end/end.cpp:48] req_id = 300010, end_time = 1681892743401534
I0419 08:25:43.426308 Main        (137590) /home/lgw/Lumine-benchmarks/Experiments/09/src/1_end/end.cpp:48] req_id = 360022, end_time = 1681892743426303
I0419 08:26:03.685583 Main        (137590) /home/lgw/Lumine-benchmarks/Experiments/09/src/1_end/end.cpp:48] req_id = 240028, end_time = 1681892763685566
I0419 08:26:03.732563 Main        (137590) /home/lgw/Lumine-benchmarks/Experiments/09/src/1_end/end.cpp:48] req_id = 300179, end_time = 1681892763732557
I0419 08:26:03.754117 Main        (137590) /home/lgw/Lumine-benchmarks/Experiments/09/src/1_end/end.cpp:48] req_id = 540065, end_time = 1681892763754110
I0419 08:26:03.762507 Main        (137590) /home/lgw/Lumine-benchmarks/Experiments/09/src/1_end/end.cpp:48] req_id = 180047, end_time = 1681892763762501
I0419 08:26:03.823694 Main        (137590) /home/lgw/Lumine-benchmarks/Experiments/09/src/1_end/end.cpp:48] req_id = 60047, end_time = 1681892763823687
I0419 08:26:03.827775 Main        (137590) /home/lgw/Lumine-benchmarks/Experiments/09/src/1_end/end.cpp:48] req_id = 240044, end_time = 1681892763827768
I0419 08:26:03.881559 Main        (137590) /home/lgw/Lumine-benchmarks/Experiments/09/src/1_end/end.cpp:48] req_id = 600037, end_time = 1681892763881552
I0419 08:26:11.877937 Main        (137590) /home/lgw/Lumine-benchmarks/Experiments/09/src/1_end/end.cpp:48] req_id = 120075, end_time = 1681892771877923
I0419 08:26:11.898668 Main        (137590) /home/lgw/Lumine-benchmarks/Experiments/09/src/1_end/end.cpp:48] req_id = 420020, end_time = 1681892771898662
I0419 08:26:12.074584 Main        (137590) /home/lgw/Lumine-benchmarks/Experiments/09/src/1_end/end.cpp:48] req_id = 180119, end_time = 1681892772074579
I0419 08:26:12.146116 Main        (137590) /home/lgw/Lumine-benchmarks/Experiments/09/src/1_end/end.cpp:48] req_id = 360027, end_time = 1681892772146110
I0419 08:26:12.149228 Main        (137590) /home/lgw/Lumine-benchmarks/Experiments/09/src/1_end/end.cpp:48] req_id = 60077, end_time = 1681892772149221
I0419 08:26:12.190133 Main        (137590) /home/lgw/Lumine-benchmarks/Experiments/09/src/1_end/end.cpp:48] req_id = 120079, end_time = 1681892772190124
I0419 08:26:12.229238 Main        (137590) /home/lgw/Lumine-benchmarks/Experiments/09/src/1_end/end.cpp:48] req_id = 300077, end_time = 1681892772229233
I0419 08:26:12.268600 Main        (137590) /home/lgw/Lumine-benchmarks/Experiments/09/src/1_end/end.cpp:48] req_id = 300143, end_time = 1681892772268594
I0419 08:26:12.275485 Main        (137590) /home/lgw/Lumine-benchmarks/Experiments/09/src/1_end/end.cpp:48] req_id = 480046, end_time = 1681892772275479
I0419 08:26:12.373626 Main        (137590) /home/lgw/Lumine-benchmarks/Experiments/09/src/1_end/end.cpp:48] req_id = 120151, end_time = 1681892772373618
I0419 08:26:12.413642 Main        (137590) /home/lgw/Lumine-benchmarks/Experiments/09/src/1_end/end.cpp:48] req_id = 300087, end_time = 1681892772413635
I0419 08:26:12.602101 Main        (137590) /home/lgw/Lumine-benchmarks/Experiments/09/src/1_end/end.cpp:48] req_id = 540080, end_time = 1681892772602095
I0419 08:26:12.646517 Main        (137590) /home/lgw/Lumine-benchmarks/Experiments/09/src/1_end/end.cpp:48] req_id = 540042, end_time = 1681892772646510
I0419 08:26:12.651081 Main        (137590) /home/lgw/Lumine-benchmarks/Experiments/09/src/1_end/end.cpp:48] req_id = 300132, end_time = 1681892772651075
I0419 08:26:12.651969 Main        (137590) /home/lgw/Lumine-benchmarks/Experiments/09/src/1_end/end.cpp:48] req_id = 540025, end_time = 1681892772651963
I0419 08:26:12.914828 Main        (137590) /home/lgw/Lumine-benchmarks/Experiments/09/src/1_end/end.cpp:48] req_id = 240025, end_time = 1681892772914822
I0419 08:26:12.982389 Main        (137590) /home/lgw/Lumine-benchmarks/Experiments/09/src/1_end/end.cpp:48] req_id = 300167, end_time = 1681892772982383
I0419 08:26:12.995028 Main        (137590) /home/lgw/Lumine-benchmarks/Experiments/09/src/1_end/end.cpp:48] req_id = 480048, end_time = 1681892772995022
I0419 08:26:13.021983 Main        (137590) /home/lgw/Lumine-benchmarks/Experiments/09/src/1_end/end.cpp:48] req_id = 300049, end_time = 1681892773021977
I0419 08:26:13.024121 Main        (137590) /home/lgw/Lumine-benchmarks/Experiments/09/src/1_end/end.cpp:48] req_id = 300043, end_time = 1681892773024115
I0419 08:26:13.058196 Main        (137590) /home/lgw/Lumine-benchmarks/Experiments/09/src/1_end/end.cpp:48] req_id = 180130, end_time = 1681892773058190
I0419 08:26:13.103311 Main        (137590) /home/lgw/Lumine-benchmarks/Experiments/09/src/1_end/end.cpp:48] req_id = 60108, end_time = 1681892773103305
I0419 08:26:13.155486 Main        (137590) /home/lgw/Lumine-benchmarks/Experiments/09/src/1_end/end.cpp:48] req_id = 480126, end_time = 1681892773155481
I0419 08:26:13.197460 Main        (137590) /home/lgw/Lumine-benchmarks/Experiments/09/src/1_end/end.cpp:48] req_id = 360152, end_time = 1681892773197454
I0419 08:26:13.241420 Main        (137590) /home/lgw/Lumine-benchmarks/Experiments/09/src/1_end/end.cpp:48] req_id = 360028, end_time = 1681892773241415
I0419 08:26:13.308768 Main        (137590) /home/lgw/Lumine-benchmarks/Experiments/09/src/1_end/end.cpp:48] req_id = 120259, end_time = 1681892773308761
I0419 08:26:13.339209 Main        (137590) /home/lgw/Lumine-benchmarks/Experiments/09/src/1_end/end.cpp:48] req_id = 300064, end_time = 1681892773339202
I0419 08:26:13.345671 Main        (137590) /home/lgw/Lumine-benchmarks/Experiments/09/src/1_end/end.cpp:48] req_id = 240076, end_time = 1681892773345665
I0419 08:26:13.378087 Main        (137590) /home/lgw/Lumine-benchmarks/Experiments/09/src/1_end/end.cpp:48] req_id = 240099, end_time = 1681892773378081
I0419 08:26:13.420323 Main        (137590) /home/lgw/Lumine-benchmarks/Experiments/09/src/1_end/end.cpp:48] req_id = 60072, end_time = 1681892773420317
I0419 08:26:13.474283 Main        (137590) /home/lgw/Lumine-benchmarks/Experiments/09/src/1_end/end.cpp:48] req_id = 480140, end_time = 1681892773474277
I0419 08:26:13.549931 Main        (137590) /home/lgw/Lumine-benchmarks/Experiments/09/src/1_end/end.cpp:48] req_id = 600080, end_time = 1681892773549924
I0419 08:26:13.748975 Main        (137590) /home/lgw/Lumine-benchmarks/Experiments/09/src/1_end/end.cpp:48] req_id = 240090, end_time = 1681892773748970
I0419 08:26:13.890188 Main        (137590) /home/lgw/Lumine-benchmarks/Experiments/09/src/1_end/end.cpp:48] req_id = 480072, end_time = 1681892773890182
I0419 08:26:13.900357 Main        (137590) /home/lgw/Lumine-benchmarks/Experiments/09/src/1_end/end.cpp:48] req_id = 420038, end_time = 1681892773900351
I0419 08:26:14.041600 Main        (137590) /home/lgw/Lumine-benchmarks/Experiments/09/src/1_end/end.cpp:48] req_id = 360101, end_time = 1681892774041594
I0419 08:26:14.061135 Main        (137590) /home/lgw/Lumine-benchmarks/Experiments/09/src/1_end/end.cpp:48] req_id = 480170, end_time = 1681892774061129
I0419 08:26:14.093664 Main        (137590) /home/lgw/Lumine-benchmarks/Experiments/09/src/1_end/end.cpp:48] req_id = 120160, end_time = 1681892774093658
I0419 08:26:14.130560 Main        (137590) /home/lgw/Lumine-benchmarks/Experiments/09/src/1_end/end.cpp:48] req_id = 120099, end_time = 1681892774130554
I0419 08:26:14.238052 Main        (137590) /home/lgw/Lumine-benchmarks/Experiments/09/src/1_end/end.cpp:48] req_id = 120107, end_time = 1681892774238046
I0419 08:26:14.278746 Main        (137590) /home/lgw/Lumine-benchmarks/Experiments/09/src/1_end/end.cpp:48] req_id = 60018, end_time = 1681892774278740
I0419 08:26:14.760824 Main        (137590) /home/lgw/Lumine-benchmarks/Experiments/09/src/1_end/end.cpp:48] req_id = 360089, end_time = 1681892774760819
I0419 08:26:14.804290 Main        (137590) /home/lgw/Lumine-benchmarks/Experiments/09/src/1_end/end.cpp:48] req_id = 540049, end_time = 1681892774804284
I0419 08:26:14.972878 Main        (137590) /home/lgw/Lumine-benchmarks/Experiments/09/src/1_end/end.cpp:48] req_id = 600071, end_time = 1681892774972872
I0419 08:26:15.068153 Main        (137590) /home/lgw/Lumine-benchmarks/Experiments/09/src/1_end/end.cpp:48] req_id = 360069, end_time = 1681892775068148
I0419 08:26:15.095019 Main        (137590) /home/lgw/Lumine-benchmarks/Experiments/09/src/1_end/end.cpp:48] req_id = 240085, end_time = 1681892775095012
I0419 08:26:15.211697 Main        (137590) /home/lgw/Lumine-benchmarks/Experiments/09/src/1_end/end.cpp:48] req_id = 180094, end_time = 1681892775211691
I0419 08:26:15.401705 Main        (137590) /home/lgw/Lumine-benchmarks/Experiments/09/src/1_end/end.cpp:48] req_id = 60115, end_time = 1681892775401699
I0419 08:26:15.409722 Main        (137590) /home/lgw/Lumine-benchmarks/Experiments/09/src/1_end/end.cpp:48] req_id = 480042, end_time = 1681892775409716
I0419 08:26:15.410167 Main        (137590) /home/lgw/Lumine-benchmarks/Experiments/09/src/1_end/end.cpp:48] req_id = 180055, end_time = 1681892775410161
I0419 08:26:15.481683 Main        (137590) /home/lgw/Lumine-benchmarks/Experiments/09/src/1_end/end.cpp:48] req_id = 360112, end_time = 1681892775481669
I0419 08:26:15.607124 Main        (137590) /home/lgw/Lumine-benchmarks/Experiments/09/src/1_end/end.cpp:48] req_id = 480075, end_time = 1681892775607118
I0419 08:26:15.652205 Main        (137590) /home/lgw/Lumine-benchmarks/Experiments/09/src/1_end/end.cpp:48] req_id = 180121, end_time = 1681892775652198
I0419 08:26:15.832094 Main        (137590) /home/lgw/Lumine-benchmarks/Experiments/09/src/1_end/end.cpp:48] req_id = 240011, end_time = 1681892775832088
I0419 08:26:15.865786 Main        (137590) /home/lgw/Lumine-benchmarks/Experiments/09/src/1_end/end.cpp:48] req_id = 60073, end_time = 1681892775865780
I0419 08:26:15.934993 Main        (137590) /home/lgw/Lumine-benchmarks/Experiments/09/src/1_end/end.cpp:48] req_id = 600102, end_time = 1681892775934987
I0419 08:26:16.001739 Main        (137590) /home/lgw/Lumine-benchmarks/Experiments/09/src/1_end/end.cpp:48] req_id = 540097, end_time = 1681892776001732
I0419 08:26:16.099298 Main        (137590) /home/lgw/Lumine-benchmarks/Experiments/09/src/1_end/end.cpp:48] req_id = 600099, end_time = 1681892776099292
I0419 08:26:16.365511 Main        (137590) /home/lgw/Lumine-benchmarks/Experiments/09/src/1_end/end.cpp:48] req_id = 360087, end_time = 1681892776365506
I0419 08:26:16.405590 Main        (137590) /home/lgw/Lumine-benchmarks/Experiments/09/src/1_end/end.cpp:48] req_id = 540191, end_time = 1681892776405584
I0419 08:26:16.529788 Main        (137590) /home/lgw/Lumine-benchmarks/Experiments/09/src/1_end/end.cpp:48] req_id = 600065, end_time = 1681892776529782
I0419 08:26:16.628061 Main        (137590) /home/lgw/Lumine-benchmarks/Experiments/09/src/1_end/end.cpp:48] req_id = 540138, end_time = 1681892776628056
I0419 08:26:16.653942 Main        (137590) /home/lgw/Lumine-benchmarks/Experiments/09/src/1_end/end.cpp:48] req_id = 540032, end_time = 1681892776653935
I0419 08:26:16.986314 Main        (137590) /home/lgw/Lumine-benchmarks/Experiments/09/src/1_end/end.cpp:48] req_id = 480105, end_time = 1681892776986308
I0419 08:26:17.149616 Main        (137590) /home/lgw/Lumine-benchmarks/Experiments/09/src/1_end/end.cpp:48] req_id = 120109, end_time = 1681892777149610
I0419 08:26:17.178313 Main        (137590) /home/lgw/Lumine-benchmarks/Experiments/09/src/1_end/end.cpp:48] req_id = 120066, end_time = 1681892777178307
I0419 08:26:17.203295 Main        (137590) /home/lgw/Lumine-benchmarks/Experiments/09/src/1_end/end.cpp:48] req_id = 480082, end_time = 1681892777203288
I0419 08:26:17.326159 Main        (137590) /home/lgw/Lumine-benchmarks/Experiments/09/src/1_end/end.cpp:48] req_id = 60033, end_time = 1681892777326153
I0419 08:26:17.327263 Main        (137590) /home/lgw/Lumine-benchmarks/Experiments/09/src/1_end/end.cpp:48] req_id = 480189, end_time = 1681892777327258
I0419 08:26:17.347830 Main        (137590) /home/lgw/Lumine-benchmarks/Experiments/09/src/1_end/end.cpp:48] req_id = 420083, end_time = 1681892777347823
I0419 08:26:17.399679 Main        (137590) /home/lgw/Lumine-benchmarks/Experiments/09/src/1_end/end.cpp:48] req_id = 540159, end_time = 1681892777399674
I0419 08:26:17.434833 Main        (137590) /home/lgw/Lumine-benchmarks/Experiments/09/src/1_end/end.cpp:48] req_id = 600111, end_time = 1681892777434828
I0419 08:26:17.451606 Main        (137590) /home/lgw/Lumine-benchmarks/Experiments/09/src/1_end/end.cpp:48] req_id = 180143, end_time = 1681892777451600
I0419 08:26:17.479030 Main        (137590) /home/lgw/Lumine-benchmarks/Experiments/09/src/1_end/end.cpp:48] req_id = 120193, end_time = 1681892777479026
I0419 08:26:17.486021 Main        (137590) /home/lgw/Lumine-benchmarks/Experiments/09/src/1_end/end.cpp:48] req_id = 240054, end_time = 1681892777486014
I0419 08:26:17.597761 Main        (137590) /home/lgw/Lumine-benchmarks/Experiments/09/src/1_end/end.cpp:48] req_id = 420046, end_time = 1681892777597755
I0419 08:26:18.101966 Main        (137590) /home/lgw/Lumine-benchmarks/Experiments/09/src/1_end/end.cpp:48] req_id = 120124, end_time = 1681892778101957
I0419 08:26:18.244766 Main        (137590) /home/lgw/Lumine-benchmarks/Experiments/09/src/1_end/end.cpp:48] req_id = 540027, end_time = 1681892778244760
I0419 08:26:18.376101 Main        (137590) /home/lgw/Lumine-benchmarks/Experiments/09/src/1_end/end.cpp:48] req_id = 180033, end_time = 1681892778376095
I0419 08:26:18.410396 Main        (137590) /home/lgw/Lumine-benchmarks/Experiments/09/src/1_end/end.cpp:48] req_id = 120049, end_time = 1681892778410390
I0419 08:26:18.447553 Main        (137590) /home/lgw/Lumine-benchmarks/Experiments/09/src/1_end/end.cpp:48] req_id = 180085, end_time = 1681892778447547
I0419 08:26:18.872354 Main        (137590) /home/lgw/Lumine-benchmarks/Experiments/09/src/1_end/end.cpp:48] req_id = 360104, end_time = 1681892778872348
I0419 08:26:18.883341 Main        (137590) /home/lgw/Lumine-benchmarks/Experiments/09/src/1_end/end.cpp:48] req_id = 120055, end_time = 1681892778883335
I0419 08:26:18.911491 Main        (137590) /home/lgw/Lumine-benchmarks/Experiments/09/src/1_end/end.cpp:48] req_id = 180091, end_time = 1681892778911485
I0419 08:26:18.912556 Main        (137590) /home/lgw/Lumine-benchmarks/Experiments/09/src/1_end/end.cpp:48] req_id = 360056, end_time = 1681892778912550
I0419 08:26:18.913001 Main        (137590) /home/lgw/Lumine-benchmarks/Experiments/09/src/1_end/end.cpp:48] req_id = 120143, end_time = 1681892778912997
I0419 08:26:18.922891 Main        (137590) /home/lgw/Lumine-benchmarks/Experiments/09/src/1_end/end.cpp:48] req_id = 300051, end_time = 1681892778922885
I0419 08:26:18.929871 Main        (137590) /home/lgw/Lumine-benchmarks/Experiments/09/src/1_end/end.cpp:48] req_id = 420116, end_time = 1681892778929865
I0419 08:26:19.005285 Main        (137590) /home/lgw/Lumine-benchmarks/Experiments/09/src/1_end/end.cpp:48] req_id = 180082, end_time = 1681892779005279
I0419 08:26:19.051592 Main        (137590) /home/lgw/Lumine-benchmarks/Experiments/09/src/1_end/end.cpp:48] req_id = 420039, end_time = 1681892779051585
I0419 08:26:19.100860 Main        (137590) /home/lgw/Lumine-benchmarks/Experiments/09/src/1_end/end.cpp:48] req_id = 300169, end_time = 1681892779100854
I0419 08:26:19.116352 Main        (137590) /home/lgw/Lumine-benchmarks/Experiments/09/src/1_end/end.cpp:48] req_id = 120118, end_time = 1681892779116346
I0419 08:26:19.361429 Main        (137590) /home/lgw/Lumine-benchmarks/Experiments/09/src/1_end/end.cpp:48] req_id = 360092, end_time = 1681892779361423
I0419 08:26:19.632040 Main        (137590) /home/lgw/Lumine-benchmarks/Experiments/09/src/1_end/end.cpp:48] req_id = 300202, end_time = 1681892779632033
I0419 08:26:19.705728 Main        (137590) /home/lgw/Lumine-benchmarks/Experiments/09/src/1_end/end.cpp:48] req_id = 120040, end_time = 1681892779705721
I0419 08:26:19.720418 Main        (137590) /home/lgw/Lumine-benchmarks/Experiments/09/src/1_end/end.cpp:48] req_id = 180106, end_time = 1681892779720411
I0419 08:26:19.729255 Main        (137590) /home/lgw/Lumine-benchmarks/Experiments/09/src/1_end/end.cpp:48] req_id = 240087, end_time = 1681892779729248
I0419 08:26:19.816095 Main        (137590) /home/lgw/Lumine-benchmarks/Experiments/09/src/1_end/end.cpp:48] req_id = 540040, end_time = 1681892779816089
I0419 08:26:19.917171 Main        (137590) /home/lgw/Lumine-benchmarks/Experiments/09/src/1_end/end.cpp:48] req_id = 60079, end_time = 1681892779917164
I0419 08:26:19.936051 Main        (137590) /home/lgw/Lumine-benchmarks/Experiments/09/src/1_end/end.cpp:48] req_id = 180108, end_time = 1681892779936044
I0419 08:26:19.980900 Main        (137590) /home/lgw/Lumine-benchmarks/Experiments/09/src/1_end/end.cpp:48] req_id = 480028, end_time = 1681892779980894
I0419 08:26:19.985702 Main        (137590) /home/lgw/Lumine-benchmarks/Experiments/09/src/1_end/end.cpp:48] req_id = 60105, end_time = 1681892779985696
I0419 08:26:20.143418 Main        (137590) /home/lgw/Lumine-benchmarks/Experiments/09/src/1_end/end.cpp:48] req_id = 540058, end_time = 1681892780143412
I0419 08:26:20.153960 Main        (137590) /home/lgw/Lumine-benchmarks/Experiments/09/src/1_end/end.cpp:48] req_id = 300147, end_time = 1681892780153953
I0419 08:26:20.174007 Main        (137590) /home/lgw/Lumine-benchmarks/Experiments/09/src/1_end/end.cpp:48] req_id = 600090, end_time = 1681892780174001
I0419 08:26:20.231178 Main        (137590) /home/lgw/Lumine-benchmarks/Experiments/09/src/1_end/end.cpp:48] req_id = 360174, end_time = 1681892780231171
I0419 08:26:20.263941 Main        (137590) /home/lgw/Lumine-benchmarks/Experiments/09/src/1_end/end.cpp:48] req_id = 480118, end_time = 1681892780263935
I0419 08:26:20.409413 Main        (137590) /home/lgw/Lumine-benchmarks/Experiments/09/src/1_end/end.cpp:48] req_id = 60131, end_time = 1681892780409407
I0419 08:26:20.419562 Main        (137590) /home/lgw/Lumine-benchmarks/Experiments/09/src/1_end/end.cpp:48] req_id = 120157, end_time = 1681892780419555
I0419 08:26:20.511451 Main        (137590) /home/lgw/Lumine-benchmarks/Experiments/09/src/1_end/end.cpp:48] req_id = 120156, end_time = 1681892780511445
I0419 08:26:20.529813 Main        (137590) /home/lgw/Lumine-benchmarks/Experiments/09/src/1_end/end.cpp:48] req_id = 240138, end_time = 1681892780529807
I0419 08:26:20.587698 Main        (137590) /home/lgw/Lumine-benchmarks/Experiments/09/src/1_end/end.cpp:48] req_id = 240154, end_time = 1681892780587692
I0419 08:26:20.615391 Main        (137590) /home/lgw/Lumine-benchmarks/Experiments/09/src/1_end/end.cpp:48] req_id = 540084, end_time = 1681892780615385
I0419 08:26:20.652112 Main        (137590) /home/lgw/Lumine-benchmarks/Experiments/09/src/1_end/end.cpp:48] req_id = 360081, end_time = 1681892780652104
I0419 08:26:20.685706 Main        (137590) /home/lgw/Lumine-benchmarks/Experiments/09/src/1_end/end.cpp:48] req_id = 180077, end_time = 1681892780685701
I0419 08:26:20.733801 Main        (137590) /home/lgw/Lumine-benchmarks/Experiments/09/src/1_end/end.cpp:48] req_id = 180184, end_time = 1681892780733795
I0419 08:26:20.789914 Main        (137590) /home/lgw/Lumine-benchmarks/Experiments/09/src/1_end/end.cpp:48] req_id = 60068, end_time = 1681892780789908
I0419 08:26:20.819743 Main        (137590) /home/lgw/Lumine-benchmarks/Experiments/09/src/1_end/end.cpp:48] req_id = 600061, end_time = 1681892780819737
I0419 08:26:20.833631 Main        (137590) /home/lgw/Lumine-benchmarks/Experiments/09/src/1_end/end.cpp:48] req_id = 540093, end_time = 1681892780833625
I0419 08:26:20.866962 Main        (137590) /home/lgw/Lumine-benchmarks/Experiments/09/src/1_end/end.cpp:48] req_id = 540075, end_time = 1681892780866956
I0419 08:26:20.960691 Main        (137590) /home/lgw/Lumine-benchmarks/Experiments/09/src/1_end/end.cpp:48] req_id = 240121, end_time = 1681892780960685
I0419 08:26:20.975069 Main        (137590) /home/lgw/Lumine-benchmarks/Experiments/09/src/1_end/end.cpp:48] req_id = 600236, end_time = 1681892780975062
I0419 08:26:21.043847 Main        (137590) /home/lgw/Lumine-benchmarks/Experiments/09/src/1_end/end.cpp:48] req_id = 300046, end_time = 1681892781043841
I0419 08:26:21.053894 Main        (137590) /home/lgw/Lumine-benchmarks/Experiments/09/src/1_end/end.cpp:48] req_id = 420061, end_time = 1681892781053887
I0419 08:26:21.111187 Main        (137590) /home/lgw/Lumine-benchmarks/Experiments/09/src/1_end/end.cpp:48] req_id = 240034, end_time = 1681892781111182
I0419 08:26:21.186589 Main        (137590) /home/lgw/Lumine-benchmarks/Experiments/09/src/1_end/end.cpp:48] req_id = 180065, end_time = 1681892781186583
I0419 08:26:21.187643 Main        (137590) /home/lgw/Lumine-benchmarks/Experiments/09/src/1_end/end.cpp:48] req_id = 60144, end_time = 1681892781187637
I0419 08:26:21.215917 Main        (137590) /home/lgw/Lumine-benchmarks/Experiments/09/src/1_end/end.cpp:48] req_id = 240131, end_time = 1681892781215911
I0419 08:26:21.221777 Main        (137590) /home/lgw/Lumine-benchmarks/Experiments/09/src/1_end/end.cpp:48] req_id = 120048, end_time = 1681892781221771
I0419 08:26:21.312616 Main        (137590) /home/lgw/Lumine-benchmarks/Experiments/09/src/1_end/end.cpp:48] req_id = 60241, end_time = 1681892781312610
I0419 08:26:21.319807 Main        (137590) /home/lgw/Lumine-benchmarks/Experiments/09/src/1_end/end.cpp:48] req_id = 180067, end_time = 1681892781319801
I0419 08:26:21.321547 Main        (137590) /home/lgw/Lumine-benchmarks/Experiments/09/src/1_end/end.cpp:48] req_id = 180156, end_time = 1681892781321541
I0419 08:26:21.332870 Main        (137590) /home/lgw/Lumine-benchmarks/Experiments/09/src/1_end/end.cpp:48] req_id = 360107, end_time = 1681892781332864
I0419 08:26:21.442074 Main        (137590) /home/lgw/Lumine-benchmarks/Experiments/09/src/1_end/end.cpp:48] req_id = 360188, end_time = 1681892781442067
I0419 08:26:21.455564 Main        (137590) /home/lgw/Lumine-benchmarks/Experiments/09/src/1_end/end.cpp:48] req_id = 420050, end_time = 1681892781455558
I0419 08:26:21.509277 Main        (137590) /home/lgw/Lumine-benchmarks/Experiments/09/src/1_end/end.cpp:48] req_id = 240097, end_time = 1681892781509271
I0419 08:26:21.518004 Main        (137590) /home/lgw/Lumine-benchmarks/Experiments/09/src/1_end/end.cpp:48] req_id = 600133, end_time = 1681892781517997
I0419 08:26:21.519673 Main        (137590) /home/lgw/Lumine-benchmarks/Experiments/09/src/1_end/end.cpp:48] req_id = 300039, end_time = 1681892781519667
I0419 08:26:21.620113 Main        (137590) /home/lgw/Lumine-benchmarks/Experiments/09/src/1_end/end.cpp:48] req_id = 360050, end_time = 1681892781620107
I0419 08:26:21.643760 Main        (137590) /home/lgw/Lumine-benchmarks/Experiments/09/src/1_end/end.cpp:48] req_id = 480161, end_time = 1681892781643752
I0419 08:26:21.719425 Main        (137590) /home/lgw/Lumine-benchmarks/Experiments/09/src/1_end/end.cpp:48] req_id = 240021, end_time = 1681892781719419
I0419 08:26:21.752878 Main        (137590) /home/lgw/Lumine-benchmarks/Experiments/09/src/1_end/end.cpp:48] req_id = 180059, end_time = 1681892781752872
I0419 08:26:21.869577 Main        (137590) /home/lgw/Lumine-benchmarks/Experiments/09/src/1_end/end.cpp:48] req_id = 540160, end_time = 1681892781869571
I0419 08:26:21.871151 Main        (137590) /home/lgw/Lumine-benchmarks/Experiments/09/src/1_end/end.cpp:48] req_id = 480083, end_time = 1681892781871147
I0419 08:26:21.875721 Main        (137590) /home/lgw/Lumine-benchmarks/Experiments/09/src/1_end/end.cpp:48] req_id = 120051, end_time = 1681892781875715
I0419 08:26:21.962751 Main        (137590) /home/lgw/Lumine-benchmarks/Experiments/09/src/1_end/end.cpp:48] req_id = 480162, end_time = 1681892781962745
I0419 08:26:22.019961 Main        (137590) /home/lgw/Lumine-benchmarks/Experiments/09/src/1_end/end.cpp:48] req_id = 420048, end_time = 1681892782019955
I0419 08:26:22.048770 Main        (137590) /home/lgw/Lumine-benchmarks/Experiments/09/src/1_end/end.cpp:48] req_id = 540108, end_time = 1681892782048764
I0419 08:26:22.186382 Main        (137590) /home/lgw/Lumine-benchmarks/Experiments/09/src/1_end/end.cpp:48] req_id = 600191, end_time = 1681892782186376
I0419 08:26:22.210984 Main        (137590) /home/lgw/Lumine-benchmarks/Experiments/09/src/1_end/end.cpp:48] req_id = 60086, end_time = 1681892782210978
I0419 08:26:22.352825 Main        (137590) /home/lgw/Lumine-benchmarks/Experiments/09/src/1_end/end.cpp:48] req_id = 600093, end_time = 1681892782352820
I0419 08:26:22.436695 Main        (137590) /home/lgw/Lumine-benchmarks/Experiments/09/src/1_end/end.cpp:48] req_id = 60114, end_time = 1681892782436689
I0419 08:26:22.457548 Main        (137590) /home/lgw/Lumine-benchmarks/Experiments/09/src/1_end/end.cpp:48] req_id = 240089, end_time = 1681892782457533
I0419 08:26:22.509485 Main        (137590) /home/lgw/Lumine-benchmarks/Experiments/09/src/1_end/end.cpp:48] req_id = 180043, end_time = 1681892782509479
I0419 08:26:22.511916 Main        (137590) /home/lgw/Lumine-benchmarks/Experiments/09/src/1_end/end.cpp:48] req_id = 300121, end_time = 1681892782511910
I0419 08:26:22.561529 Main        (137590) /home/lgw/Lumine-benchmarks/Experiments/09/src/1_end/end.cpp:48] req_id = 120112, end_time = 1681892782561522
I0419 08:26:22.592685 Main        (137590) /home/lgw/Lumine-benchmarks/Experiments/09/src/1_end/end.cpp:48] req_id = 600168, end_time = 1681892782592679
I0419 08:26:22.619901 Main        (137590) /home/lgw/Lumine-benchmarks/Experiments/09/src/1_end/end.cpp:48] req_id = 480109, end_time = 1681892782619892
I0419 08:26:22.737290 Main        (137590) /home/lgw/Lumine-benchmarks/Experiments/09/src/1_end/end.cpp:48] req_id = 360170, end_time = 1681892782737284
I0419 08:26:22.805695 Main        (137590) /home/lgw/Lumine-benchmarks/Experiments/09/src/1_end/end.cpp:48] req_id = 480088, end_time = 1681892782805689
I0419 08:26:22.836666 Main        (137590) /home/lgw/Lumine-benchmarks/Experiments/09/src/1_end/end.cpp:48] req_id = 180194, end_time = 1681892782836659
I0419 08:26:22.886218 Main        (137590) /home/lgw/Lumine-benchmarks/Experiments/09/src/1_end/end.cpp:48] req_id = 240039, end_time = 1681892782886212
I0419 08:26:22.929504 Main        (137590) /home/lgw/Lumine-benchmarks/Experiments/09/src/1_end/end.cpp:48] req_id = 540088, end_time = 1681892782929498
I0419 08:26:22.995900 Main        (137590) /home/lgw/Lumine-benchmarks/Experiments/09/src/1_end/end.cpp:48] req_id = 360235, end_time = 1681892782995894
I0419 08:26:23.044670 Main        (137590) /home/lgw/Lumine-benchmarks/Experiments/09/src/1_end/end.cpp:48] req_id = 360067, end_time = 1681892783044663
I0419 08:26:23.157579 Main        (137590) /home/lgw/Lumine-benchmarks/Experiments/09/src/1_end/end.cpp:48] req_id = 480123, end_time = 1681892783157573
I0419 08:26:23.224741 Main        (137590) /home/lgw/Lumine-benchmarks/Experiments/09/src/1_end/end.cpp:48] req_id = 120071, end_time = 1681892783224735
I0419 08:26:23.480599 Main        (137590) /home/lgw/Lumine-benchmarks/Experiments/09/src/1_end/end.cpp:48] req_id = 540223, end_time = 1681892783480594
I0419 08:26:23.597511 Main        (137590) /home/lgw/Lumine-benchmarks/Experiments/09/src/1_end/end.cpp:48] req_id = 480021, end_time = 1681892783597504
I0419 08:26:23.621531 Main        (137590) /home/lgw/Lumine-benchmarks/Experiments/09/src/1_end/end.cpp:48] req_id = 420049, end_time = 1681892783621525
I0419 08:26:23.660020 Main        (137590) /home/lgw/Lumine-benchmarks/Experiments/09/src/1_end/end.cpp:48] req_id = 600062, end_time = 1681892783660014
I0419 08:26:23.707600 Main        (137590) /home/lgw/Lumine-benchmarks/Experiments/09/src/1_end/end.cpp:48] req_id = 120100, end_time = 1681892783707593
I0419 08:26:23.730732 Main        (137590) /home/lgw/Lumine-benchmarks/Experiments/09/src/1_end/end.cpp:48] req_id = 420018, end_time = 1681892783730726
I0419 08:26:23.832042 Main        (137590) /home/lgw/Lumine-benchmarks/Experiments/09/src/1_end/end.cpp:48] req_id = 360226, end_time = 1681892783832037
I0419 08:26:23.940636 Main        (137590) /home/lgw/Lumine-benchmarks/Experiments/09/src/1_end/end.cpp:48] req_id = 60092, end_time = 1681892783940630
I0419 08:26:23.987525 Main        (137590) /home/lgw/Lumine-benchmarks/Experiments/09/src/1_end/end.cpp:48] req_id = 600056, end_time = 1681892783987518
I0419 08:26:24.081662 Main        (137590) /home/lgw/Lumine-benchmarks/Experiments/09/src/1_end/end.cpp:48] req_id = 180063, end_time = 1681892784081656
I0419 08:26:24.098947 Main        (137590) /home/lgw/Lumine-benchmarks/Experiments/09/src/1_end/end.cpp:48] req_id = 120035, end_time = 1681892784098941
I0419 08:26:24.161093 Main        (137590) /home/lgw/Lumine-benchmarks/Experiments/09/src/1_end/end.cpp:48] req_id = 540113, end_time = 1681892784161088
I0419 08:26:24.200689 Main        (137590) /home/lgw/Lumine-benchmarks/Experiments/09/src/1_end/end.cpp:48] req_id = 480078, end_time = 1681892784200683
I0419 08:26:24.203634 Main        (137590) /home/lgw/Lumine-benchmarks/Experiments/09/src/1_end/end.cpp:48] req_id = 120147, end_time = 1681892784203628
I0419 08:26:24.301917 Main        (137590) /home/lgw/Lumine-benchmarks/Experiments/09/src/1_end/end.cpp:48] req_id = 180099, end_time = 1681892784301911
I0419 08:26:24.331385 Main        (137590) /home/lgw/Lumine-benchmarks/Experiments/09/src/1_end/end.cpp:48] req_id = 600094, end_time = 1681892784331379
I0419 08:26:24.432155 Main        (137590) /home/lgw/Lumine-benchmarks/Experiments/09/src/1_end/end.cpp:48] req_id = 600103, end_time = 1681892784432149
I0419 08:26:24.463660 Main        (137590) /home/lgw/Lumine-benchmarks/Experiments/09/src/1_end/end.cpp:48] req_id = 360084, end_time = 1681892784463654
I0419 08:26:24.475668 Main        (137590) /home/lgw/Lumine-benchmarks/Experiments/09/src/1_end/end.cpp:48] req_id = 480193, end_time = 1681892784475662
I0419 08:26:24.637739 Main        (137590) /home/lgw/Lumine-benchmarks/Experiments/09/src/1_end/end.cpp:48] req_id = 420089, end_time = 1681892784637733
I0419 08:26:24.663298 Main        (137590) /home/lgw/Lumine-benchmarks/Experiments/09/src/1_end/end.cpp:48] req_id = 180107, end_time = 1681892784663292
I0419 08:26:24.670090 Main        (137590) /home/lgw/Lumine-benchmarks/Experiments/09/src/1_end/end.cpp:48] req_id = 180207, end_time = 1681892784670084
I0419 08:26:24.710937 Main        (137590) /home/lgw/Lumine-benchmarks/Experiments/09/src/1_end/end.cpp:48] req_id = 120287, end_time = 1681892784710930
I0419 08:26:24.775296 Main        (137590) /home/lgw/Lumine-benchmarks/Experiments/09/src/1_end/end.cpp:48] req_id = 120234, end_time = 1681892784775290
I0419 08:26:24.845089 Main        (137590) /home/lgw/Lumine-benchmarks/Experiments/09/src/1_end/end.cpp:48] req_id = 60028, end_time = 1681892784845081
I0419 08:26:24.905181 Main        (137590) /home/lgw/Lumine-benchmarks/Experiments/09/src/1_end/end.cpp:48] req_id = 60122, end_time = 1681892784905175
I0419 08:26:24.962239 Main        (137590) /home/lgw/Lumine-benchmarks/Experiments/09/src/1_end/end.cpp:48] req_id = 300099, end_time = 1681892784962233
I0419 08:26:25.047710 Main        (137590) /home/lgw/Lumine-benchmarks/Experiments/09/src/1_end/end.cpp:48] req_id = 240067, end_time = 1681892785047704
I0419 08:26:25.138247 Main        (137590) /home/lgw/Lumine-benchmarks/Experiments/09/src/1_end/end.cpp:48] req_id = 600107, end_time = 1681892785138242
I0419 08:26:25.174908 Main        (137590) /home/lgw/Lumine-benchmarks/Experiments/09/src/1_end/end.cpp:48] req_id = 480154, end_time = 1681892785174903
I0419 08:26:25.223922 Main        (137590) /home/lgw/Lumine-benchmarks/Experiments/09/src/1_end/end.cpp:48] req_id = 360096, end_time = 1681892785223915
I0419 08:26:25.235299 Main        (137590) /home/lgw/Lumine-benchmarks/Experiments/09/src/1_end/end.cpp:48] req_id = 360054, end_time = 1681892785235293
I0419 08:26:25.244156 Main        (137590) /home/lgw/Lumine-benchmarks/Experiments/09/src/1_end/end.cpp:48] req_id = 540034, end_time = 1681892785244150
I0419 08:26:25.359183 Main        (137590) /home/lgw/Lumine-benchmarks/Experiments/09/src/1_end/end.cpp:48] req_id = 120093, end_time = 1681892785359178
I0419 08:26:25.429811 Main        (137590) /home/lgw/Lumine-benchmarks/Experiments/09/src/1_end/end.cpp:48] req_id = 480064, end_time = 1681892785429804
I0419 08:26:25.447685 Main        (137590) /home/lgw/Lumine-benchmarks/Experiments/09/src/1_end/end.cpp:48] req_id = 180093, end_time = 1681892785447678
I0419 08:26:25.459200 Main        (137590) /home/lgw/Lumine-benchmarks/Experiments/09/src/1_end/end.cpp:48] req_id = 300164, end_time = 1681892785459194
I0419 08:26:25.532581 Main        (137590) /home/lgw/Lumine-benchmarks/Experiments/09/src/1_end/end.cpp:48] req_id = 300105, end_time = 1681892785532575
I0419 08:26:25.539646 Main        (137590) /home/lgw/Lumine-benchmarks/Experiments/09/src/1_end/end.cpp:48] req_id = 180137, end_time = 1681892785539640
I0419 08:26:25.541468 Main        (137590) /home/lgw/Lumine-benchmarks/Experiments/09/src/1_end/end.cpp:48] req_id = 360093, end_time = 1681892785541462
I0419 08:26:25.549549 Main        (137590) /home/lgw/Lumine-benchmarks/Experiments/09/src/1_end/end.cpp:48] req_id = 600148, end_time = 1681892785549543
I0419 08:26:25.560654 Main        (137590) /home/lgw/Lumine-benchmarks/Experiments/09/src/1_end/end.cpp:48] req_id = 240161, end_time = 1681892785560647
I0419 08:26:25.609579 Main        (137590) /home/lgw/Lumine-benchmarks/Experiments/09/src/1_end/end.cpp:48] req_id = 240210, end_time = 1681892785609573
I0419 08:26:25.645923 Main        (137590) /home/lgw/Lumine-benchmarks/Experiments/09/src/1_end/end.cpp:48] req_id = 600206, end_time = 1681892785645917
I0419 08:26:25.684683 Main        (137590) /home/lgw/Lumine-benchmarks/Experiments/09/src/1_end/end.cpp:48] req_id = 600106, end_time = 1681892785684676
I0419 08:26:25.951454 Main        (137590) /home/lgw/Lumine-benchmarks/Experiments/09/src/1_end/end.cpp:48] req_id = 60097, end_time = 1681892785951448
I0419 08:26:25.952656 Main        (137590) /home/lgw/Lumine-benchmarks/Experiments/09/src/1_end/end.cpp:48] req_id = 120103, end_time = 1681892785952650
I0419 08:26:25.972553 Main        (137590) /home/lgw/Lumine-benchmarks/Experiments/09/src/1_end/end.cpp:48] req_id = 420105, end_time = 1681892785972547
I0419 08:26:26.062934 Main        (137590) /home/lgw/Lumine-benchmarks/Experiments/09/src/1_end/end.cpp:48] req_id = 600042, end_time = 1681892786062928
I0419 08:26:26.193697 Main        (137590) /home/lgw/Lumine-benchmarks/Experiments/09/src/1_end/end.cpp:48] req_id = 240035, end_time = 1681892786193690
I0419 08:26:26.202174 Main        (137590) /home/lgw/Lumine-benchmarks/Experiments/09/src/1_end/end.cpp:48] req_id = 540076, end_time = 1681892786202168
I0419 08:26:26.264938 Main        (137590) /home/lgw/Lumine-benchmarks/Experiments/09/src/1_end/end.cpp:48] req_id = 540348, end_time = 1681892786264931
I0419 08:26:26.267357 Main        (137590) /home/lgw/Lumine-benchmarks/Experiments/09/src/1_end/end.cpp:48] req_id = 300180, end_time = 1681892786267351
I0419 08:26:26.267649 Main        (137590) /home/lgw/Lumine-benchmarks/Experiments/09/src/1_end/end.cpp:48] req_id = 540092, end_time = 1681892786267645
I0419 08:26:26.380666 Main        (137590) /home/lgw/Lumine-benchmarks/Experiments/09/src/1_end/end.cpp:48] req_id = 60245, end_time = 1681892786380659
I0419 08:26:26.393720 Main        (137590) /home/lgw/Lumine-benchmarks/Experiments/09/src/1_end/end.cpp:48] req_id = 540146, end_time = 1681892786393713
I0419 08:26:26.413134 Main        (137590) /home/lgw/Lumine-benchmarks/Experiments/09/src/1_end/end.cpp:48] req_id = 540183, end_time = 1681892786413128
I0419 08:26:26.459917 Main        (137590) /home/lgw/Lumine-benchmarks/Experiments/09/src/1_end/end.cpp:48] req_id = 120190, end_time = 1681892786459909
I0419 08:26:26.516474 Main        (137590) /home/lgw/Lumine-benchmarks/Experiments/09/src/1_end/end.cpp:48] req_id = 180193, end_time = 1681892786516467
I0419 08:26:26.569770 Main        (137590) /home/lgw/Lumine-benchmarks/Experiments/09/src/1_end/end.cpp:48] req_id = 120074, end_time = 1681892786569763
I0419 08:26:26.632168 Main        (137590) /home/lgw/Lumine-benchmarks/Experiments/09/src/1_end/end.cpp:48] req_id = 60119, end_time = 1681892786632161
I0419 08:26:26.687208 Main        (137590) /home/lgw/Lumine-benchmarks/Experiments/09/src/1_end/end.cpp:48] req_id = 540050, end_time = 1681892786687202
I0419 08:26:26.779572 Main        (137590) /home/lgw/Lumine-benchmarks/Experiments/09/src/1_end/end.cpp:48] req_id = 540030, end_time = 1681892786779566
I0419 08:26:26.785651 Main        (137590) /home/lgw/Lumine-benchmarks/Experiments/09/src/1_end/end.cpp:48] req_id = 480276, end_time = 1681892786785644
I0419 08:26:26.870961 Main        (137590) /home/lgw/Lumine-benchmarks/Experiments/09/src/1_end/end.cpp:48] req_id = 240130, end_time = 1681892786870955
I0419 08:26:30.888957 Main        (137590) /home/lgw/Lumine-benchmarks/Experiments/09/src/1_end/end.cpp:48] req_id = 120176, end_time = 1681892790888943
I0419 08:26:31.028429 Main        (137590) /home/lgw/Lumine-benchmarks/Experiments/09/src/1_end/end.cpp:48] req_id = 540082, end_time = 1681892791028423
I0419 08:26:31.040754 Main        (137590) /home/lgw/Lumine-benchmarks/Experiments/09/src/1_end/end.cpp:48] req_id = 300294, end_time = 1681892791040748
I0419 08:26:31.051358 Main        (137590) /home/lgw/Lumine-benchmarks/Experiments/09/src/1_end/end.cpp:48] req_id = 180084, end_time = 1681892791051349
I0419 08:26:31.074190 Main        (137590) /home/lgw/Lumine-benchmarks/Experiments/09/src/1_end/end.cpp:48] req_id = 240106, end_time = 1681892791074183
I0419 08:26:31.143592 Main        (137590) /home/lgw/Lumine-benchmarks/Experiments/09/src/1_end/end.cpp:48] req_id = 120057, end_time = 1681892791143584
I0419 08:26:31.196360 Main        (137590) /home/lgw/Lumine-benchmarks/Experiments/09/src/1_end/end.cpp:48] req_id = 600188, end_time = 1681892791196354
I0419 08:26:31.363599 Main        (137590) /home/lgw/Lumine-benchmarks/Experiments/09/src/1_end/end.cpp:48] req_id = 540227, end_time = 1681892791363593
I0419 08:26:31.381412 Main        (137590) /home/lgw/Lumine-benchmarks/Experiments/09/src/1_end/end.cpp:48] req_id = 60267, end_time = 1681892791381406
I0419 08:26:31.413645 Main        (137590) /home/lgw/Lumine-benchmarks/Experiments/09/src/1_end/end.cpp:48] req_id = 360090, end_time = 1681892791413639
I0419 08:26:33.589856 Main        (137590) /home/lgw/Lumine-benchmarks/Experiments/09/src/1_end/end.cpp:48] req_id = 600218, end_time = 1681892793589849
I0419 08:26:33.590351 Main        (137590) /home/lgw/Lumine-benchmarks/Experiments/09/src/1_end/end.cpp:48] req_id = 480122, end_time = 1681892793590345
I0419 08:26:33.637823 Main        (137590) /home/lgw/Lumine-benchmarks/Experiments/09/src/1_end/end.cpp:48] req_id = 480133, end_time = 1681892793637817
I0419 08:26:33.743413 Main        (137590) /home/lgw/Lumine-benchmarks/Experiments/09/src/1_end/end.cpp:48] req_id = 600137, end_time = 1681892793743406
I0419 08:26:33.775776 Main        (137590) /home/lgw/Lumine-benchmarks/Experiments/09/src/1_end/end.cpp:48] req_id = 300150, end_time = 1681892793775770
I0419 08:26:33.821832 Main        (137590) /home/lgw/Lumine-benchmarks/Experiments/09/src/1_end/end.cpp:48] req_id = 120170, end_time = 1681892793821825
I0419 08:26:33.955910 Main        (137590) /home/lgw/Lumine-benchmarks/Experiments/09/src/1_end/end.cpp:48] req_id = 600208, end_time = 1681892793955897
I0419 08:26:34.043533 Main        (137590) /home/lgw/Lumine-benchmarks/Experiments/09/src/1_end/end.cpp:48] req_id = 60252, end_time = 1681892794043528
I0419 08:26:34.103221 Main        (137590) /home/lgw/Lumine-benchmarks/Experiments/09/src/1_end/end.cpp:48] req_id = 360073, end_time = 1681892794103215
I0419 08:26:34.107221 Main        (137590) /home/lgw/Lumine-benchmarks/Experiments/09/src/1_end/end.cpp:48] req_id = 540162, end_time = 1681892794107215
I0419 08:26:34.188131 Main        (137590) /home/lgw/Lumine-benchmarks/Experiments/09/src/1_end/end.cpp:48] req_id = 420042, end_time = 1681892794188125
I0419 08:26:34.205032 Main        (137590) /home/lgw/Lumine-benchmarks/Experiments/09/src/1_end/end.cpp:48] req_id = 360078, end_time = 1681892794205026
I0419 08:26:34.269381 Main        (137590) /home/lgw/Lumine-benchmarks/Experiments/09/src/1_end/end.cpp:48] req_id = 420040, end_time = 1681892794269375
I0419 08:26:34.355822 Main        (137590) /home/lgw/Lumine-benchmarks/Experiments/09/src/1_end/end.cpp:48] req_id = 180098, end_time = 1681892794355815
I0419 08:26:34.445750 Main        (137590) /home/lgw/Lumine-benchmarks/Experiments/09/src/1_end/end.cpp:48] req_id = 420026, end_time = 1681892794445744
I0419 08:26:34.492848 Main        (137590) /home/lgw/Lumine-benchmarks/Experiments/09/src/1_end/end.cpp:48] req_id = 420110, end_time = 1681892794492842
I0419 08:26:34.702037 Main        (137590) /home/lgw/Lumine-benchmarks/Experiments/09/src/1_end/end.cpp:48] req_id = 300074, end_time = 1681892794702031
I0419 08:26:34.733017 Main        (137590) /home/lgw/Lumine-benchmarks/Experiments/09/src/1_end/end.cpp:48] req_id = 120087, end_time = 1681892794733011
I0419 08:26:34.768005 Main        (137590) /home/lgw/Lumine-benchmarks/Experiments/09/src/1_end/end.cpp:48] req_id = 120069, end_time = 1681892794767999
I0419 08:26:35.152844 Main        (137590) /home/lgw/Lumine-benchmarks/Experiments/09/src/1_end/end.cpp:48] req_id = 240278, end_time = 1681892795152838
I0419 08:26:35.273728 Main        (137590) /home/lgw/Lumine-benchmarks/Experiments/09/src/1_end/end.cpp:48] req_id = 360119, end_time = 1681892795273723
I0419 08:26:35.298071 Main        (137590) /home/lgw/Lumine-benchmarks/Experiments/09/src/1_end/end.cpp:48] req_id = 480097, end_time = 1681892795298065
I0419 08:26:35.332012 Main        (137590) /home/lgw/Lumine-benchmarks/Experiments/09/src/1_end/end.cpp:48] req_id = 360040, end_time = 1681892795332006
I0419 08:26:35.551363 Main        (137590) /home/lgw/Lumine-benchmarks/Experiments/09/src/1_end/end.cpp:48] req_id = 240168, end_time = 1681892795551357
I0419 08:26:35.598512 Main        (137590) /home/lgw/Lumine-benchmarks/Experiments/09/src/1_end/end.cpp:48] req_id = 180220, end_time = 1681892795598506
I0419 08:26:35.606873 Main        (137590) /home/lgw/Lumine-benchmarks/Experiments/09/src/1_end/end.cpp:48] req_id = 120230, end_time = 1681892795606867
I0419 08:26:35.655429 Main        (137590) /home/lgw/Lumine-benchmarks/Experiments/09/src/1_end/end.cpp:48] req_id = 600082, end_time = 1681892795655424
I0419 08:26:35.732417 Main        (137590) /home/lgw/Lumine-benchmarks/Experiments/09/src/1_end/end.cpp:48] req_id = 480171, end_time = 1681892795732411
I0419 08:26:35.809991 Main        (137590) /home/lgw/Lumine-benchmarks/Experiments/09/src/1_end/end.cpp:48] req_id = 360114, end_time = 1681892795809985
I0419 08:26:36.247316 Main        (137590) /home/lgw/Lumine-benchmarks/Experiments/09/src/1_end/end.cpp:48] req_id = 600176, end_time = 1681892796247309
I0419 08:26:36.255738 Main        (137590) /home/lgw/Lumine-benchmarks/Experiments/09/src/1_end/end.cpp:48] req_id = 300059, end_time = 1681892796255732
