Read file config.yml
Running executor...
Loaded function exp06_run_audit_55. lib_load_elasped: 290, func_load_elasped: 2
Loaded function exp06_run_audit_29. lib_load_elasped: 210, func_load_elasped: 1
Loaded function exp06_run_audit_45. lib_load_elasped: 362, func_load_elasped: 2
Loaded function exp06_run_audit_66. lib_load_elasped: 343, func_load_elasped: 2
Loaded function exp06_run_audit_75. lib_load_elasped: 382, func_load_elasped: 3
Loaded function exp06_run_audit_79. lib_load_elasped: 329, func_load_elasped: 2
Loaded function exp06_run_audit_48. lib_load_elasped: 333, func_load_elasped: 2
Loaded function exp06_run_audit_36. lib_load_elasped: 374, func_load_elasped: 2
Loaded function exp06_run_audit_10. lib_load_elasped: 332, func_load_elasped: 2
Loaded function exp06_run_audit_54. lib_load_elasped: 354, func_load_elasped: 1
Loaded function exp06_marketdata. lib_load_elasped: 4669, func_load_elasped: 2
force_push: msg_id = 3284879, remain = 73, size = 64
Send to executer failed.force_push: msg_id = 3284844, remain = 73, size = 64
Send to executer failed.force_push: msg_id = 3284832, remain = 73, size = 64
Send to executer failed.force_push: msg_id = 3284873, remain = 73, size = 64
Send to executer failed.force_push: msg_id = 3284831, remain = 73, size = 64
Send to executer failed.force_push: msg_id = 3284847, remain = 73, size = 64
Send to executer failed.force_push: msg_id = 3284841, remain = 73, size = 64
Send to executer failed.force_push: msg_id = 3284850, remain = 73, size = 64
Send to executer failed.force_push: msg_id = 3284015, remain = 71, size = 64
Send to executer failed.force_push: msg_id = 3284842, remain = 73, size = 64
Send to executer failed.force_push: msg_id = 3284865, remain = 73, size = 64
Send to executer failed.force_push: msg_id = 3284874, remain = 73, size = 64
Send to executer failed.force_push: msg_id = 3284866, remain = 73, size = 64
Send to executer failed.force_push: msg_id = 3284838, remain = 73, size = 64
Send to executer failed.force_push: msg_id = 3284845, remain = 73, size = 64
Send to executer failed.force_push: msg_id = 3284861, remain = 73, size = 64
Send to executer failed.force_push: msg_id = 3284872, remain = 73, size = 64
Send to executer failed.force_push: msg_id = 3284933, remain = 73, size = 64
Send to executer failed.force_push: msg_id = 3284909, remain = 73, size = 64
Send to executer failed.force_push: msg_id = 3284915, remain = 73, size = 64
Send to executer failed.force_push: msg_id = 3284918, remain = 73, size = 64
Send to executer failed.force_push: msg_id = 3284870, remain = 73, size = 64
Send to executer failed.force_push: msg_id = 3284877, remain = 73, size = 64
Send to executer failed.force_push: msg_id = 3284862, remain = 73, size = 64
Send to executer failed.force_push: msg_id = 3284827, remain = 73, size = 64
Send to executer failed.force_push: msg_id = 3284854, remain = 73, size = 64
Send to executer failed.force_push: msg_id = 3284994, remain = 73, size = 64
Send to executer failed.force_push: msg_id = 3284867, remain = 73, size = 64
Send to executer failed.force_push: msg_id = 3284859, remain = 73, size = 64
Send to executer failed.force_push: msg_id = 3284826, remain = 73, size = 64
Send to executer failed.force_push: msg_id = 3284878, remain = 73, size = 64
Send to executer failed.force_push: msg_id = 3284886, remain = 73, size = 64
Send to executer failed.force_push: msg_id = 3284852, remain = -55, size = 9
Send to executer failed.force_push: msg_id = 3284869, remain = 73, size = 64
Send to executer failed.force_push: msg_id = 3284884, remain = 73, size = 64
Send to executer failed.force_push: msg_id = 3284860, remain = 73, size = 64
Send to executer failed.force_push: msg_id = 3284853, remain = 73, size = 64
Send to executer failed.force_push: msg_id = 3284868, remain = 73, size = 64
Send to executer failed.force_push: msg_id = 3284839, remain = 73, size = 64
Send to executer failed.force_push: msg_id = 3284864, remain = 73, size = 64
Send to executer failed.force_push: msg_id = 3284882, remain = 73, size = 64
Send to executer failed.force_push: msg_id = 3284957, remain = 73, size = 64
Send to executer failed.Loaded function exp06_run_audit_38. lib_load_elasped: 347, func_load_elasped: 2
force_push: msg_id = 3287643, remain = 74, size = 64
Send to executer failed.force_push: msg_id = 3287642, remain = 74, size = 64
Send to executer failed.force_push: msg_id = 3288594, remain = -54, size = 10
Send to executer failed.force_push: msg_id = 3288804, remain = -54, size = 10
Send to executer failed.force_push: msg_id = 3288440, remain = -54, size = 10
Send to executer failed.force_push: msg_id = 3288696, remain = 10, size = 64
Send to executer failed.force_push: msg_id = 3288913, remain = -54, size = 10
Send to executer failed.force_push: msg_id = 3288911, remain = 10, size = 64
Send to executer failed.force_push: msg_id = 3288867, remain = 10, size = 64
Send to executer failed.force_push: msg_id = 3288912, remain = 10, size = 64
Send to executer failed.Loaded function exp06_run_audit_52. lib_load_elasped: 470, func_load_elasped: 2
force_push: msg_id = 3290812, remain = 74, size = 64
Send to executer failed.force_push: msg_id = 3290810, remain = 10, size = 64
Send to executer failed.force_push: msg_id = 3290813, remain = 10, size = 64
Send to executer failed.force_push: msg_id = 3290807, remain = -54, size = 10
Send to executer failed.force_push: msg_id = 3290845, remain = -54, size = 10
Send to executer failed.Loaded function exp06_run_audit_7. lib_load_elasped: 281, func_load_elasped: 1
Loaded function exp06_run_audit_2. lib_load_elasped: 245, func_load_elasped: 1
Loaded function exp06_run_audit_39. lib_load_elasped: 231, func_load_elasped: 1
Loaded function exp06_run_audit_78. lib_load_elasped: 346, func_load_elasped: 2
Loaded function exp06_run_audit_31. lib_load_elasped: 333, func_load_elasped: 2
Loaded function exp06_run_audit_58. lib_load_elasped: 324, func_load_elasped: 1
Loaded function exp06_run_audit_67. lib_load_elasped: 322, func_load_elasped: 2
Loaded function exp06_run_audit_77. lib_load_elasped: 289, func_load_elasped: 1
Loaded function exp06_run_audit_46. lib_load_elasped: 268, func_load_elasped: 1
Loaded function exp06_run_audit_40. lib_load_elasped: 399, func_load_elasped: 2
Loaded function exp06_run_audit_16. lib_load_elasped: 404, func_load_elasped: 2
Loaded function exp06_run_audit_4. lib_load_elasped: 372, func_load_elasped: 2
Loaded function exp00_front. lib_load_elasped: 380, func_load_elasped: 1
Loaded function exp00_back. lib_load_elasped: 138, func_load_elasped: 0
chain_length = 128, payload_size = 512, token 2255595 us.
