Read file config.yml
Running executor...
Loaded function exp06_run_audit_72. lib_load_elasped: 350, func_load_elasped: 4
Loaded function exp06_marketdata. lib_load_elasped: 5081, func_load_elasped: 2
force_push: msg_id = 3282766, remain = 75, size = 64
Send to executer failed.force_push: msg_id = 3282933, remain = 75, size = 64
Send to executer failed.force_push: msg_id = 3282820, remain = 75, size = 64
Send to executer failed.force_push: msg_id = 3282824, remain = 75, size = 64
Send to executer failed.force_push: msg_id = 3282952, remain = 75, size = 64
Send to executer failed.Loaded function exp06_run_audit_76. lib_load_elasped: 362, func_load_elasped: 2
Loaded function exp06_run_audit_2. lib_load_elasped: 282, func_load_elasped: 1
Loaded function exp06_run_audit_74. lib_load_elasped: 250, func_load_elasped: 1
Loaded function exp06_run_audit_17. lib_load_elasped: 269, func_load_elasped: 1
Loaded function exp06_run_audit_29. lib_load_elasped: 306, func_load_elasped: 1
Loaded function exp06_run_audit_71. lib_load_elasped: 259, func_load_elasped: 1
Loaded function exp06_run_audit_23. lib_load_elasped: 282, func_load_elasped: 1
Loaded function exp06_run_audit_64. lib_load_elasped: 342, func_load_elasped: 2
Loaded function exp06_run_audit_33. lib_load_elasped: 252, func_load_elasped: 1
Loaded function exp06_run_audit_42. lib_load_elasped: 262, func_load_elasped: 1
Loaded function exp06_run_audit_58. lib_load_elasped: 256, func_load_elasped: 1
Loaded function exp06_run_audit_28. lib_load_elasped: 266, func_load_elasped: 1
Loaded function exp06_run_audit_66. lib_load_elasped: 262, func_load_elasped: 1
Loaded function exp06_run_audit_18. lib_load_elasped: 262, func_load_elasped: 1
Loaded function exp00_front. lib_load_elasped: 315, func_load_elasped: 1
Loaded function exp00_back. lib_load_elasped: 157, func_load_elasped: 1
chain_length = 128, payload_size = 512, token 2893167 us.
