Read file config.yml
Running executor...
Loaded function exp06_run_audit_68. lib_load_elasped: 417, func_load_elasped: 4
Loaded function exp06_run_audit_17. lib_load_elasped: 309, func_load_elasped: 1
Loaded function exp06_run_audit_63. lib_load_elasped: 246, func_load_elasped: 1
Loaded function exp06_marketdata. lib_load_elasped: 5607, func_load_elasped: 2
force_push: msg_id = 3282078, remain = 74, size = 64
Send to executer failed.force_push: msg_id = 3282093, remain = 10, size = 64
Send to executer failed.force_push: msg_id = 3282107, remain = 10, size = 64
Send to executer failed.force_push: msg_id = 3282197, remain = 74, size = 64
Send to executer failed.force_push: msg_id = 3282183, remain = 74, size = 64
Send to executer failed.force_push: msg_id = 3282040, remain = -54, size = 10
Send to executer failed.force_push: msg_id = 3282230, remain = 10, size = 64
Send to executer failed.force_push: msg_id = 3282200, remain = 10, size = 64
Send to executer failed.force_push: msg_id = 3282246, remain = 74, size = 64
Send to executer failed.force_push: msg_id = 3282204, remain = 10, size = 64
Send to executer failed.force_push: msg_id = 3282180, remain = 10, size = 64
Send to executer failed.force_push: msg_id = 3282224, remain = -54, size = 10
Send to executer failed.force_push: msg_id = 3282020, remain = -54, size = 10
Send to executer failed.force_push: msg_id = 3282192, remain = 10, size = 64
Send to executer failed.force_push: msg_id = 3282244, remain = -54, size = 10
Send to executer failed.force_push: msg_id = 3282216, remain = -54, size = 10
Send to executer failed.force_push: msg_id = 3282239, remain = 10, size = 64
Send to executer failed.force_push: msg_id = 3282234, remain = 10, size = 64
Send to executer failed.force_push: msg_id = 3282242, remain = -54, size = 10
Send to executer failed.force_push: msg_id = 3282292, remain = 10, size = 64
Send to executer failed.force_push: msg_id = 3282038, remain = 74, size = 64
Send to executer failed.force_push: msg_id = 3282384, remain = 10, size = 64
Send to executer failed.force_push: msg_id = 3282042, remain = -54, size = 10
Send to executer failed.force_push: msg_id = 3282281, remain = 74, size = 64
Send to executer failed.force_push: msg_id = 3282285, remain = 74, size = 64
Send to executer failed.force_push: msg_id = 3282460, remain = -54, size = 10
Send to executer failed.force_push: msg_id = 3282045, remain = 10, size = 64
Send to executer failed.force_push: msg_id = 3282202, remain = -54, size = 10
Send to executer failed.force_push: msg_id = 3282000, remain = -56, size = 8
Send to executer failed.force_push: msg_id = 3282018, remain = -54, size = 10
Send to executer failed.force_push: msg_id = 3282412, remain = 10, size = 64
Send to executer failed.force_push: msg_id = 3282442, remain = 74, size = 64
Send to executer failed.force_push: msg_id = 3282218, remain = 10, size = 64
Send to executer failed.force_push: msg_id = 3282052, remain = 10, size = 64
Send to executer failed.force_push: msg_id = 3282004, remain = -56, size = 8
Send to executer failed.force_push: msg_id = 3281992, remain = 72, size = 64
Send to executer failed.force_push: msg_id = 3282337, remain = 74, size = 64
Send to executer failed.force_push: msg_id = 3281985, remain = -56, size = 8
Send to executer failed.force_push: msg_id = 3282303, remain = -54, size = 10
Send to executer failed.force_push: msg_id = 3282050, remain = -54, size = 10
Send to executer failed.force_push: msg_id = 3282172, remain = 10, size = 64
Send to executer failed.Loaded function exp06_run_audit_40. lib_load_elasped: 302, func_load_elasped: 1
Loaded function exp06_run_audit_59. lib_load_elasped: 342, func_load_elasped: 2
force_push: msg_id = 3284405, remain = 9, size = 64
Send to executer failed.force_push: msg_id = 3284298, remain = 73, size = 64
Send to executer failed.force_push: msg_id = 3284406, remain = 9, size = 64
Send to executer failed.force_push: msg_id = 3284281, remain = 73, size = 64
Send to executer failed.force_push: msg_id = 3284274, remain = 73, size = 64
Send to executer failed.force_push: msg_id = 3284304, remain = 9, size = 64
Send to executer failed.force_push: msg_id = 3284345, remain = 9, size = 64
Send to executer failed.force_push: msg_id = 3284246, remain = -55, size = 9
Send to executer failed.force_push: msg_id = 3284305, remain = 9, size = 64
Send to executer failed.Loaded function exp06_run_audit_53. lib_load_elasped: 325, func_load_elasped: 2
Loaded function exp06_run_audit_80. lib_load_elasped: 271, func_load_elasped: 2
Loaded function exp06_run_audit_23. lib_load_elasped: 294, func_load_elasped: 1
force_push: msg_id = 3288760, remain = -53, size = 11
Send to executer failed.force_push: msg_id = 3288708, remain = 75, size = 64
Send to executer failed.force_push: msg_id = 3288773, remain = -53, size = 11
Send to executer failed.force_push: msg_id = 3288881, remain = 75, size = 64
Send to executer failed.force_push: msg_id = 3288826, remain = 11, size = 64
Send to executer failed.Loaded function exp06_run_audit_21. lib_load_elasped: 480, func_load_elasped: 2
Loaded function exp06_run_audit_38. lib_load_elasped: 376, func_load_elasped: 2
Loaded function exp06_run_audit_71. lib_load_elasped: 339, func_load_elasped: 2
Loaded function exp06_run_audit_32. lib_load_elasped: 258, func_load_elasped: 1
Loaded function exp06_run_audit_74. lib_load_elasped: 213, func_load_elasped: 1
Loaded function exp06_run_audit_48. lib_load_elasped: 233, func_load_elasped: 1
Loaded function exp06_run_audit_6. lib_load_elasped: 229, func_load_elasped: 1
Loaded function exp06_run_audit_56. lib_load_elasped: 222, func_load_elasped: 1
Loaded function exp06_run_audit_28. lib_load_elasped: 222, func_load_elasped: 1
Loaded function exp06_run_audit_72. lib_load_elasped: 301, func_load_elasped: 2
Loaded function exp06_run_audit_44. lib_load_elasped: 269, func_load_elasped: 1
Loaded function exp00_back. lib_load_elasped: 328, func_load_elasped: 10
chain_length = 128, payload_size = 512, token 3027571 us.
