I0420 16:22:01.781249 Main        (2099857) /home/lgw/Lumine-benchmarks/Lumine/lib/base/thread.cpp:96] Register main thread: tid=2099857
I0420 16:22:01.783233 Main        (2099857) /home/lgw/Lumine-benchmarks/Lumine/lib/common/config.cpp:332] Load configuration for function exp09Start[1]
I0420 16:22:01.783393 Main        (2099857) /home/lgw/Lumine-benchmarks/Lumine/lib/common/config.cpp:332] Load configuration for function exp09End[2]
I0420 16:22:01.783461 Main        (2099857) /home/lgw/Lumine-benchmarks/Lumine/lib/common/config.cpp:332] Load configuration for function exp09Register[3]
I0420 16:22:01.783501 Main        (2099857) /home/lgw/Lumine-benchmarks/Lumine/lib/common/config.cpp:332] Load configuration for function exp09StartFinra[4]
I0420 16:22:01.783684 Main        (2099857) /home/lgw/Lumine-benchmarks/Lumine/src/host/worker/cpp/func_worker.cpp:107] My client_id is 16
I0420 16:22:01.783782 Main        (2099857) /home/lgw/Lumine-benchmarks/Lumine/src/host/worker/cpp/func_worker.cpp:173] Use extra pipes for messages
I0420 16:22:01.784182 Main        (2099857) /home/lgw/Lumine-benchmarks/Lumine/src/host/worker/cpp/func_worker.cpp:195] Handshake done
I0420 16:22:40.669750 Main        (2099857) /home/lgw/Lumine-benchmarks/Experiments/09/src/1_end/end.cpp:48] req_id = 60002, end_time = 1682007760669739
I0420 16:22:41.058803 Main        (2099857) /home/lgw/Lumine-benchmarks/Experiments/09/src/1_end/end.cpp:48] req_id = 1140001, end_time = 1682007761058797
I0420 16:22:41.089307 Main        (2099857) /home/lgw/Lumine-benchmarks/Experiments/09/src/1_end/end.cpp:48] req_id = 480002, end_time = 1682007761089301
I0420 16:22:41.117358 Main        (2099857) /home/lgw/Lumine-benchmarks/Experiments/09/src/1_end/end.cpp:48] req_id = 300001, end_time = 1682007761117352
I0420 16:22:41.121488 Main        (2099857) /home/lgw/Lumine-benchmarks/Experiments/09/src/1_end/end.cpp:48] req_id = 1200001, end_time = 1682007761121481
I0420 16:22:41.125754 Main        (2099857) /home/lgw/Lumine-benchmarks/Experiments/09/src/1_end/end.cpp:48] req_id = 780002, end_time = 1682007761125748
I0420 16:22:41.127935 Main        (2099857) /home/lgw/Lumine-benchmarks/Experiments/09/src/1_end/end.cpp:48] req_id = 120001, end_time = 1682007761127929
I0420 16:22:41.128314 Main        (2099857) /home/lgw/Lumine-benchmarks/Experiments/09/src/1_end/end.cpp:48] req_id = 240001, end_time = 1682007761128309
I0420 16:22:41.128869 Main        (2099857) /home/lgw/Lumine-benchmarks/Experiments/09/src/1_end/end.cpp:48] req_id = 480001, end_time = 1682007761128862
I0420 16:22:41.129388 Main        (2099857) /home/lgw/Lumine-benchmarks/Experiments/09/src/1_end/end.cpp:48] req_id = 540001, end_time = 1682007761129384
I0420 16:22:41.129788 Main        (2099857) /home/lgw/Lumine-benchmarks/Experiments/09/src/1_end/end.cpp:48] req_id = 360001, end_time = 1682007761129782
I0420 16:22:41.130442 Main        (2099857) /home/lgw/Lumine-benchmarks/Experiments/09/src/1_end/end.cpp:48] req_id = 60003, end_time = 1682007761130439
I0420 16:22:41.138666 Main        (2099857) /home/lgw/Lumine-benchmarks/Experiments/09/src/1_end/end.cpp:48] req_id = 180002, end_time = 1682007761138660
I0420 16:22:41.139108 Main        (2099857) /home/lgw/Lumine-benchmarks/Experiments/09/src/1_end/end.cpp:48] req_id = 240002, end_time = 1682007761139103
I0420 16:22:41.139742 Main        (2099857) /home/lgw/Lumine-benchmarks/Experiments/09/src/1_end/end.cpp:48] req_id = 180001, end_time = 1682007761139736
I0420 16:22:41.223470 Main        (2099857) /home/lgw/Lumine-benchmarks/Experiments/09/src/1_end/end.cpp:48] req_id = 1440002, end_time = 1682007761223464
I0420 16:22:41.226324 Main        (2099857) /home/lgw/Lumine-benchmarks/Experiments/09/src/1_end/end.cpp:48] req_id = 1740001, end_time = 1682007761226318
I0420 16:22:41.229013 Main        (2099857) /home/lgw/Lumine-benchmarks/Experiments/09/src/1_end/end.cpp:48] req_id = 360002, end_time = 1682007761229007
I0420 16:22:41.231238 Main        (2099857) /home/lgw/Lumine-benchmarks/Experiments/09/src/1_end/end.cpp:48] req_id = 1380001, end_time = 1682007761231232
I0420 16:22:41.232772 Main        (2099857) /home/lgw/Lumine-benchmarks/Experiments/09/src/1_end/end.cpp:48] req_id = 900001, end_time = 1682007761232766
I0420 16:22:41.233811 Main        (2099857) /home/lgw/Lumine-benchmarks/Experiments/09/src/1_end/end.cpp:48] req_id = 2520001, end_time = 1682007761233805
I0420 16:22:41.234733 Main        (2099857) /home/lgw/Lumine-benchmarks/Experiments/09/src/1_end/end.cpp:48] req_id = 2280001, end_time = 1682007761234728
I0420 16:22:41.235492 Main        (2099857) /home/lgw/Lumine-benchmarks/Experiments/09/src/1_end/end.cpp:48] req_id = 2100001, end_time = 1682007761235486
I0420 16:22:41.237602 Main        (2099857) /home/lgw/Lumine-benchmarks/Experiments/09/src/1_end/end.cpp:48] req_id = 1020002, end_time = 1682007761237596
I0420 16:22:41.238545 Main        (2099857) /home/lgw/Lumine-benchmarks/Experiments/09/src/1_end/end.cpp:48] req_id = 960002, end_time = 1682007761238539
I0420 16:22:41.240432 Main        (2099857) /home/lgw/Lumine-benchmarks/Experiments/09/src/1_end/end.cpp:48] req_id = 540002, end_time = 1682007761240426
I0420 16:22:41.241650 Main        (2099857) /home/lgw/Lumine-benchmarks/Experiments/09/src/1_end/end.cpp:48] req_id = 900002, end_time = 1682007761241644
I0420 16:22:41.243148 Main        (2099857) /home/lgw/Lumine-benchmarks/Experiments/09/src/1_end/end.cpp:48] req_id = 2100002, end_time = 1682007761243142
I0420 16:22:41.249257 Main        (2099857) /home/lgw/Lumine-benchmarks/Experiments/09/src/1_end/end.cpp:48] req_id = 2640001, end_time = 1682007761249251
I0420 16:22:41.253820 Main        (2099857) /home/lgw/Lumine-benchmarks/Experiments/09/src/1_end/end.cpp:48] req_id = 1140002, end_time = 1682007761253815
I0420 16:22:41.257858 Main        (2099857) /home/lgw/Lumine-benchmarks/Experiments/09/src/1_end/end.cpp:48] req_id = 1800001, end_time = 1682007761257852
I0420 16:22:41.265684 Main        (2099857) /home/lgw/Lumine-benchmarks/Experiments/09/src/1_end/end.cpp:48] req_id = 1320001, end_time = 1682007761265678
I0420 16:22:41.266610 Main        (2099857) /home/lgw/Lumine-benchmarks/Experiments/09/src/1_end/end.cpp:48] req_id = 1500002, end_time = 1682007761266604
I0420 16:22:41.269706 Main        (2099857) /home/lgw/Lumine-benchmarks/Experiments/09/src/1_end/end.cpp:48] req_id = 1980002, end_time = 1682007761269700
I0420 16:22:41.277810 Main        (2099857) /home/lgw/Lumine-benchmarks/Experiments/09/src/1_end/end.cpp:48] req_id = 1680001, end_time = 1682007761277804
I0420 16:22:41.281730 Main        (2099857) /home/lgw/Lumine-benchmarks/Experiments/09/src/1_end/end.cpp:48] req_id = 1860002, end_time = 1682007761281724
I0420 16:22:41.573995 Main        (2099857) /home/lgw/Lumine-benchmarks/Experiments/09/src/1_end/end.cpp:48] req_id = 2940001, end_time = 1682007761573987
I0420 16:22:41.589600 Main        (2099857) /home/lgw/Lumine-benchmarks/Experiments/09/src/1_end/end.cpp:48] req_id = 3000002, end_time = 1682007761589594
I0420 16:22:41.597339 Main        (2099857) /home/lgw/Lumine-benchmarks/Experiments/09/src/1_end/end.cpp:48] req_id = 2880001, end_time = 1682007761597333
I0420 16:22:41.606837 Main        (2099857) /home/lgw/Lumine-benchmarks/Experiments/09/src/1_end/end.cpp:48] req_id = 2220002, end_time = 1682007761606831
I0420 16:22:41.617733 Main        (2099857) /home/lgw/Lumine-benchmarks/Experiments/09/src/1_end/end.cpp:48] req_id = 2820001, end_time = 1682007761617726
I0420 16:22:41.629782 Main        (2099857) /home/lgw/Lumine-benchmarks/Experiments/09/src/1_end/end.cpp:48] req_id = 2460002, end_time = 1682007761629776
I0420 16:22:41.645672 Main        (2099857) /home/lgw/Lumine-benchmarks/Experiments/09/src/1_end/end.cpp:48] req_id = 2940002, end_time = 1682007761645666
I0420 16:22:42.501596 Main        (2099857) /home/lgw/Lumine-benchmarks/Experiments/09/src/1_end/end.cpp:48] req_id = 120003, end_time = 1682007762501586
I0420 16:22:42.521022 Main        (2099857) /home/lgw/Lumine-benchmarks/Experiments/09/src/1_end/end.cpp:48] req_id = 300003, end_time = 1682007762521016
I0420 16:22:42.536164 Main        (2099857) /home/lgw/Lumine-benchmarks/Experiments/09/src/1_end/end.cpp:48] req_id = 240003, end_time = 1682007762536157
I0420 16:22:42.548795 Main        (2099857) /home/lgw/Lumine-benchmarks/Experiments/09/src/1_end/end.cpp:48] req_id = 60005, end_time = 1682007762548771
I0420 16:22:42.646917 Main        (2099857) /home/lgw/Lumine-benchmarks/Experiments/09/src/1_end/end.cpp:48] req_id = 120004, end_time = 1682007762646911
I0420 16:22:42.690648 Main        (2099857) /home/lgw/Lumine-benchmarks/Experiments/09/src/1_end/end.cpp:48] req_id = 180003, end_time = 1682007762690642
I0420 16:22:42.715247 Main        (2099857) /home/lgw/Lumine-benchmarks/Experiments/09/src/1_end/end.cpp:48] req_id = 600003, end_time = 1682007762715242
I0420 16:22:42.809525 Main        (2099857) /home/lgw/Lumine-benchmarks/Experiments/09/src/1_end/end.cpp:48] req_id = 420003, end_time = 1682007762809519
I0420 16:22:42.812811 Main        (2099857) /home/lgw/Lumine-benchmarks/Experiments/09/src/1_end/end.cpp:48] req_id = 60004, end_time = 1682007762812805
I0420 16:22:42.833962 Main        (2099857) /home/lgw/Lumine-benchmarks/Experiments/09/src/1_end/end.cpp:48] req_id = 420004, end_time = 1682007762833956
I0420 16:22:42.955339 Main        (2099857) /home/lgw/Lumine-benchmarks/Experiments/09/src/1_end/end.cpp:48] req_id = 240004, end_time = 1682007762955333
I0420 16:22:42.965226 Main        (2099857) /home/lgw/Lumine-benchmarks/Experiments/09/src/1_end/end.cpp:48] req_id = 720003, end_time = 1682007762965220
I0420 16:22:42.998474 Main        (2099857) /home/lgw/Lumine-benchmarks/Experiments/09/src/1_end/end.cpp:48] req_id = 780004, end_time = 1682007762998468
I0420 16:22:43.030445 Main        (2099857) /home/lgw/Lumine-benchmarks/Experiments/09/src/1_end/end.cpp:48] req_id = 540003, end_time = 1682007763030439
I0420 16:22:43.057920 Main        (2099857) /home/lgw/Lumine-benchmarks/Experiments/09/src/1_end/end.cpp:48] req_id = 1680004, end_time = 1682007763057914
I0420 16:22:43.073590 Main        (2099857) /home/lgw/Lumine-benchmarks/Experiments/09/src/1_end/end.cpp:48] req_id = 600004, end_time = 1682007763073583
I0420 16:22:43.098546 Main        (2099857) /home/lgw/Lumine-benchmarks/Experiments/09/src/1_end/end.cpp:48] req_id = 2340004, end_time = 1682007763098540
I0420 16:22:43.125378 Main        (2099857) /home/lgw/Lumine-benchmarks/Experiments/09/src/1_end/end.cpp:48] req_id = 2040003, end_time = 1682007763125372
I0420 16:22:43.131795 Main        (2099857) /home/lgw/Lumine-benchmarks/Experiments/09/src/1_end/end.cpp:48] req_id = 900003, end_time = 1682007763131789
I0420 16:22:43.146470 Main        (2099857) /home/lgw/Lumine-benchmarks/Experiments/09/src/1_end/end.cpp:48] req_id = 1140004, end_time = 1682007763146464
I0420 16:22:43.150123 Main        (2099857) /home/lgw/Lumine-benchmarks/Experiments/09/src/1_end/end.cpp:48] req_id = 480004, end_time = 1682007763150117
I0420 16:22:43.153682 Main        (2099857) /home/lgw/Lumine-benchmarks/Experiments/09/src/1_end/end.cpp:48] req_id = 780003, end_time = 1682007763153676
I0420 16:22:43.167670 Main        (2099857) /home/lgw/Lumine-benchmarks/Experiments/09/src/1_end/end.cpp:48] req_id = 2160004, end_time = 1682007763167664
I0420 16:22:43.216142 Main        (2099857) /home/lgw/Lumine-benchmarks/Experiments/09/src/1_end/end.cpp:48] req_id = 1200004, end_time = 1682007763216136
I0420 16:22:43.217519 Main        (2099857) /home/lgw/Lumine-benchmarks/Experiments/09/src/1_end/end.cpp:48] req_id = 1740004, end_time = 1682007763217513
I0420 16:22:43.226873 Main        (2099857) /home/lgw/Lumine-benchmarks/Experiments/09/src/1_end/end.cpp:48] req_id = 660004, end_time = 1682007763226866
I0420 16:22:46.060276 Main        (2099857) /home/lgw/Lumine-benchmarks/Experiments/09/src/1_end/end.cpp:48] req_id = 360005, end_time = 1682007766060265
I0420 16:22:47.862056 Main        (2099857) /home/lgw/Lumine-benchmarks/Experiments/09/src/1_end/end.cpp:48] req_id = 2340007, end_time = 1682007767862044
I0420 16:22:47.863396 Main        (2099857) /home/lgw/Lumine-benchmarks/Experiments/09/src/1_end/end.cpp:48] req_id = 2280008, end_time = 1682007767863388
I0420 16:22:47.864494 Main        (2099857) /home/lgw/Lumine-benchmarks/Experiments/09/src/1_end/end.cpp:48] req_id = 2220007, end_time = 1682007767864491
I0420 16:22:47.865275 Main        (2099857) /home/lgw/Lumine-benchmarks/Experiments/09/src/1_end/end.cpp:48] req_id = 3000008, end_time = 1682007767865268
I0420 16:22:47.865951 Main        (2099857) /home/lgw/Lumine-benchmarks/Experiments/09/src/1_end/end.cpp:48] req_id = 2880007, end_time = 1682007767865945
I0420 16:22:49.942885 Main        (2099857) /home/lgw/Lumine-benchmarks/Experiments/09/src/1_end/end.cpp:48] req_id = 2400009, end_time = 1682007769942873
I0420 16:22:49.946983 Main        (2099857) /home/lgw/Lumine-benchmarks/Experiments/09/src/1_end/end.cpp:48] req_id = 660009, end_time = 1682007769946977
I0420 16:22:49.949625 Main        (2099857) /home/lgw/Lumine-benchmarks/Experiments/09/src/1_end/end.cpp:48] req_id = 2640009, end_time = 1682007769949619
I0420 16:22:49.950663 Main        (2099857) /home/lgw/Lumine-benchmarks/Experiments/09/src/1_end/end.cpp:48] req_id = 2340009, end_time = 1682007769950657
I0420 16:22:49.954642 Main        (2099857) /home/lgw/Lumine-benchmarks/Experiments/09/src/1_end/end.cpp:48] req_id = 1020010, end_time = 1682007769954636
I0420 16:22:49.955540 Main        (2099857) /home/lgw/Lumine-benchmarks/Experiments/09/src/1_end/end.cpp:48] req_id = 2220010, end_time = 1682007769955534
I0420 16:22:49.957626 Main        (2099857) /home/lgw/Lumine-benchmarks/Experiments/09/src/1_end/end.cpp:48] req_id = 2880010, end_time = 1682007769957620
I0420 16:22:49.958610 Main        (2099857) /home/lgw/Lumine-benchmarks/Experiments/09/src/1_end/end.cpp:48] req_id = 1560009, end_time = 1682007769958604
I0420 16:22:49.960028 Main        (2099857) /home/lgw/Lumine-benchmarks/Experiments/09/src/1_end/end.cpp:48] req_id = 1380009, end_time = 1682007769960022
I0420 16:22:49.961700 Main        (2099857) /home/lgw/Lumine-benchmarks/Experiments/09/src/1_end/end.cpp:48] req_id = 1380010, end_time = 1682007769961694
I0420 16:22:49.965622 Main        (2099857) /home/lgw/Lumine-benchmarks/Experiments/09/src/1_end/end.cpp:48] req_id = 2100009, end_time = 1682007769965617
I0420 16:22:49.966857 Main        (2099857) /home/lgw/Lumine-benchmarks/Experiments/09/src/1_end/end.cpp:48] req_id = 180010, end_time = 1682007769966851
I0420 16:22:49.969684 Main        (2099857) /home/lgw/Lumine-benchmarks/Experiments/09/src/1_end/end.cpp:48] req_id = 1920009, end_time = 1682007769969678
I0420 16:22:49.973815 Main        (2099857) /home/lgw/Lumine-benchmarks/Experiments/09/src/1_end/end.cpp:48] req_id = 2040009, end_time = 1682007769973809
I0420 16:22:49.974608 Main        (2099857) /home/lgw/Lumine-benchmarks/Experiments/09/src/1_end/end.cpp:48] req_id = 1980009, end_time = 1682007769974603
I0420 16:22:49.977679 Main        (2099857) /home/lgw/Lumine-benchmarks/Experiments/09/src/1_end/end.cpp:48] req_id = 3000010, end_time = 1682007769977673
I0420 16:22:51.038881 Main        (2099857) /home/lgw/Lumine-benchmarks/Experiments/09/src/1_end/end.cpp:48] req_id = 660011, end_time = 1682007771038870
I0420 16:22:51.275197 Main        (2099857) /home/lgw/Lumine-benchmarks/Experiments/09/src/1_end/end.cpp:48] req_id = 120011, end_time = 1682007771275187
I0420 16:22:51.417695 Main        (2099857) /home/lgw/Lumine-benchmarks/Experiments/09/src/1_end/end.cpp:48] req_id = 540012, end_time = 1682007771417685
I0420 16:22:51.441847 Main        (2099857) /home/lgw/Lumine-benchmarks/Experiments/09/src/1_end/end.cpp:48] req_id = 180011, end_time = 1682007771441841
I0420 16:22:51.545489 Main        (2099857) /home/lgw/Lumine-benchmarks/Experiments/09/src/1_end/end.cpp:48] req_id = 60012, end_time = 1682007771545483
I0420 16:22:51.589011 Main        (2099857) /home/lgw/Lumine-benchmarks/Experiments/09/src/1_end/end.cpp:48] req_id = 600011, end_time = 1682007771589003
I0420 16:22:51.665516 Main        (2099857) /home/lgw/Lumine-benchmarks/Experiments/09/src/1_end/end.cpp:48] req_id = 240012, end_time = 1682007771665510
I0420 16:22:51.698471 Main        (2099857) /home/lgw/Lumine-benchmarks/Experiments/09/src/1_end/end.cpp:48] req_id = 2520012, end_time = 1682007771698465
I0420 16:22:51.716506 Main        (2099857) /home/lgw/Lumine-benchmarks/Experiments/09/src/1_end/end.cpp:48] req_id = 1740011, end_time = 1682007771716500
I0420 16:22:51.722168 Main        (2099857) /home/lgw/Lumine-benchmarks/Experiments/09/src/1_end/end.cpp:48] req_id = 240011, end_time = 1682007771722162
I0420 16:22:51.725122 Main        (2099857) /home/lgw/Lumine-benchmarks/Experiments/09/src/1_end/end.cpp:48] req_id = 2100011, end_time = 1682007771725116
I0420 16:22:51.727530 Main        (2099857) /home/lgw/Lumine-benchmarks/Experiments/09/src/1_end/end.cpp:48] req_id = 960012, end_time = 1682007771727524
I0420 16:22:51.742004 Main        (2099857) /home/lgw/Lumine-benchmarks/Experiments/09/src/1_end/end.cpp:48] req_id = 1560011, end_time = 1682007771741998
I0420 16:22:51.745942 Main        (2099857) /home/lgw/Lumine-benchmarks/Experiments/09/src/1_end/end.cpp:48] req_id = 300012, end_time = 1682007771745936
I0420 16:22:51.749129 Main        (2099857) /home/lgw/Lumine-benchmarks/Experiments/09/src/1_end/end.cpp:48] req_id = 420012, end_time = 1682007771749123
I0420 16:22:51.762581 Main        (2099857) /home/lgw/Lumine-benchmarks/Experiments/09/src/1_end/end.cpp:48] req_id = 480011, end_time = 1682007771762574
I0420 16:22:51.766521 Main        (2099857) /home/lgw/Lumine-benchmarks/Experiments/09/src/1_end/end.cpp:48] req_id = 2280012, end_time = 1682007771766515
I0420 16:22:51.767264 Main        (2099857) /home/lgw/Lumine-benchmarks/Experiments/09/src/1_end/end.cpp:48] req_id = 120012, end_time = 1682007771767258
I0420 16:22:51.768096 Main        (2099857) /home/lgw/Lumine-benchmarks/Experiments/09/src/1_end/end.cpp:48] req_id = 2040012, end_time = 1682007771768090
I0420 16:22:51.771950 Main        (2099857) /home/lgw/Lumine-benchmarks/Experiments/09/src/1_end/end.cpp:48] req_id = 2160011, end_time = 1682007771771943
I0420 16:22:51.772397 Main        (2099857) /home/lgw/Lumine-benchmarks/Experiments/09/src/1_end/end.cpp:48] req_id = 2400011, end_time = 1682007771772391
I0420 16:22:51.807996 Main        (2099857) /home/lgw/Lumine-benchmarks/Experiments/09/src/1_end/end.cpp:48] req_id = 720012, end_time = 1682007771807989
I0420 16:22:51.822689 Main        (2099857) /home/lgw/Lumine-benchmarks/Experiments/09/src/1_end/end.cpp:48] req_id = 840012, end_time = 1682007771822682
I0420 16:22:51.846947 Main        (2099857) /home/lgw/Lumine-benchmarks/Experiments/09/src/1_end/end.cpp:48] req_id = 540011, end_time = 1682007771846941
I0420 16:22:51.852766 Main        (2099857) /home/lgw/Lumine-benchmarks/Experiments/09/src/1_end/end.cpp:48] req_id = 600012, end_time = 1682007771852760
I0420 16:22:51.854030 Main        (2099857) /home/lgw/Lumine-benchmarks/Experiments/09/src/1_end/end.cpp:48] req_id = 1200011, end_time = 1682007771854024
I0420 16:22:51.854769 Main        (2099857) /home/lgw/Lumine-benchmarks/Experiments/09/src/1_end/end.cpp:48] req_id = 2880011, end_time = 1682007771854763
I0420 16:22:51.856452 Main        (2099857) /home/lgw/Lumine-benchmarks/Experiments/09/src/1_end/end.cpp:48] req_id = 1620011, end_time = 1682007771856445
I0420 16:22:51.858327 Main        (2099857) /home/lgw/Lumine-benchmarks/Experiments/09/src/1_end/end.cpp:48] req_id = 1500011, end_time = 1682007771858321
I0420 16:22:51.860641 Main        (2099857) /home/lgw/Lumine-benchmarks/Experiments/09/src/1_end/end.cpp:48] req_id = 1620012, end_time = 1682007771860635
I0420 16:22:51.861151 Main        (2099857) /home/lgw/Lumine-benchmarks/Experiments/09/src/1_end/end.cpp:48] req_id = 3000011, end_time = 1682007771861145
I0420 16:22:51.861770 Main        (2099857) /home/lgw/Lumine-benchmarks/Experiments/09/src/1_end/end.cpp:48] req_id = 900012, end_time = 1682007771861764
I0420 16:22:51.862795 Main        (2099857) /home/lgw/Lumine-benchmarks/Experiments/09/src/1_end/end.cpp:48] req_id = 2820011, end_time = 1682007771862789
I0420 16:22:51.873957 Main        (2099857) /home/lgw/Lumine-benchmarks/Experiments/09/src/1_end/end.cpp:48] req_id = 1380012, end_time = 1682007771873951
I0420 16:22:51.877763 Main        (2099857) /home/lgw/Lumine-benchmarks/Experiments/09/src/1_end/end.cpp:48] req_id = 2460011, end_time = 1682007771877757
I0420 16:22:51.903233 Main        (2099857) /home/lgw/Lumine-benchmarks/Experiments/09/src/1_end/end.cpp:48] req_id = 2880012, end_time = 1682007771903227
I0420 16:22:53.177634 Main        (2099857) /home/lgw/Lumine-benchmarks/Experiments/09/src/1_end/end.cpp:48] req_id = 240013, end_time = 1682007773177623
I0420 16:22:53.189847 Main        (2099857) /home/lgw/Lumine-benchmarks/Experiments/09/src/1_end/end.cpp:48] req_id = 360013, end_time = 1682007773189841
I0420 16:22:53.231179 Main        (2099857) /home/lgw/Lumine-benchmarks/Experiments/09/src/1_end/end.cpp:48] req_id = 420013, end_time = 1682007773231173
I0420 16:22:53.354245 Main        (2099857) /home/lgw/Lumine-benchmarks/Experiments/09/src/1_end/end.cpp:48] req_id = 300013, end_time = 1682007773354240
I0420 16:22:53.357547 Main        (2099857) /home/lgw/Lumine-benchmarks/Experiments/09/src/1_end/end.cpp:48] req_id = 1320014, end_time = 1682007773357542
I0420 16:22:53.373364 Main        (2099857) /home/lgw/Lumine-benchmarks/Experiments/09/src/1_end/end.cpp:48] req_id = 1020013, end_time = 1682007773373359
I0420 16:22:53.395340 Main        (2099857) /home/lgw/Lumine-benchmarks/Experiments/09/src/1_end/end.cpp:48] req_id = 1800013, end_time = 1682007773395336
I0420 16:22:53.420678 Main        (2099857) /home/lgw/Lumine-benchmarks/Experiments/09/src/1_end/end.cpp:48] req_id = 780014, end_time = 1682007773420673
I0420 16:22:53.421644 Main        (2099857) /home/lgw/Lumine-benchmarks/Experiments/09/src/1_end/end.cpp:48] req_id = 1200014, end_time = 1682007773421639
I0420 16:22:53.444488 Main        (2099857) /home/lgw/Lumine-benchmarks/Experiments/09/src/1_end/end.cpp:48] req_id = 840013, end_time = 1682007773444482
I0420 16:22:53.449073 Main        (2099857) /home/lgw/Lumine-benchmarks/Experiments/09/src/1_end/end.cpp:48] req_id = 1080014, end_time = 1682007773449067
I0420 16:22:53.455940 Main        (2099857) /home/lgw/Lumine-benchmarks/Experiments/09/src/1_end/end.cpp:48] req_id = 720013, end_time = 1682007773455934
I0420 16:22:53.490492 Main        (2099857) /home/lgw/Lumine-benchmarks/Experiments/09/src/1_end/end.cpp:48] req_id = 1320013, end_time = 1682007773490486
I0420 16:22:53.502786 Main        (2099857) /home/lgw/Lumine-benchmarks/Experiments/09/src/1_end/end.cpp:48] req_id = 1980014, end_time = 1682007773502780
I0420 16:22:53.504526 Main        (2099857) /home/lgw/Lumine-benchmarks/Experiments/09/src/1_end/end.cpp:48] req_id = 360014, end_time = 1682007773504520
I0420 16:22:53.525051 Main        (2099857) /home/lgw/Lumine-benchmarks/Experiments/09/src/1_end/end.cpp:48] req_id = 1200013, end_time = 1682007773525045
I0420 16:22:53.530053 Main        (2099857) /home/lgw/Lumine-benchmarks/Experiments/09/src/1_end/end.cpp:48] req_id = 1260013, end_time = 1682007773530048
I0420 16:22:53.530418 Main        (2099857) /home/lgw/Lumine-benchmarks/Experiments/09/src/1_end/end.cpp:48] req_id = 180014, end_time = 1682007773530412
I0420 16:22:53.541192 Main        (2099857) /home/lgw/Lumine-benchmarks/Experiments/09/src/1_end/end.cpp:48] req_id = 2640013, end_time = 1682007773541186
I0420 16:22:53.545296 Main        (2099857) /home/lgw/Lumine-benchmarks/Experiments/09/src/1_end/end.cpp:48] req_id = 1560014, end_time = 1682007773545290
I0420 16:22:53.547305 Main        (2099857) /home/lgw/Lumine-benchmarks/Experiments/09/src/1_end/end.cpp:48] req_id = 2040014, end_time = 1682007773547300
I0420 16:22:53.601849 Main        (2099857) /home/lgw/Lumine-benchmarks/Experiments/09/src/1_end/end.cpp:48] req_id = 1080013, end_time = 1682007773601841
I0420 16:22:53.609788 Main        (2099857) /home/lgw/Lumine-benchmarks/Experiments/09/src/1_end/end.cpp:48] req_id = 180013, end_time = 1682007773609781
I0420 16:22:53.617730 Main        (2099857) /home/lgw/Lumine-benchmarks/Experiments/09/src/1_end/end.cpp:48] req_id = 1860013, end_time = 1682007773617726
I0420 16:22:55.213285 Main        (2099857) /home/lgw/Lumine-benchmarks/Experiments/09/src/1_end/end.cpp:48] req_id = 420015, end_time = 1682007775213275
I0420 16:22:55.219802 Main        (2099857) /home/lgw/Lumine-benchmarks/Experiments/09/src/1_end/end.cpp:48] req_id = 960015, end_time = 1682007775219797
I0420 16:22:55.277684 Main        (2099857) /home/lgw/Lumine-benchmarks/Experiments/09/src/1_end/end.cpp:48] req_id = 1440016, end_time = 1682007775277678
I0420 16:22:55.288805 Main        (2099857) /home/lgw/Lumine-benchmarks/Experiments/09/src/1_end/end.cpp:48] req_id = 600015, end_time = 1682007775288800
I0420 16:22:55.294211 Main        (2099857) /home/lgw/Lumine-benchmarks/Experiments/09/src/1_end/end.cpp:48] req_id = 1080015, end_time = 1682007775294205
I0420 16:22:55.312468 Main        (2099857) /home/lgw/Lumine-benchmarks/Experiments/09/src/1_end/end.cpp:48] req_id = 2040016, end_time = 1682007775312462
I0420 16:22:55.318051 Main        (2099857) /home/lgw/Lumine-benchmarks/Experiments/09/src/1_end/end.cpp:48] req_id = 1860015, end_time = 1682007775318045
I0420 16:22:55.326675 Main        (2099857) /home/lgw/Lumine-benchmarks/Experiments/09/src/1_end/end.cpp:48] req_id = 2460016, end_time = 1682007775326669
I0420 16:22:55.328887 Main        (2099857) /home/lgw/Lumine-benchmarks/Experiments/09/src/1_end/end.cpp:48] req_id = 840015, end_time = 1682007775328881
I0420 16:22:55.333883 Main        (2099857) /home/lgw/Lumine-benchmarks/Experiments/09/src/1_end/end.cpp:48] req_id = 660015, end_time = 1682007775333877
I0420 16:22:55.336424 Main        (2099857) /home/lgw/Lumine-benchmarks/Experiments/09/src/1_end/end.cpp:48] req_id = 300016, end_time = 1682007775336418
I0420 16:22:55.337811 Main        (2099857) /home/lgw/Lumine-benchmarks/Experiments/09/src/1_end/end.cpp:48] req_id = 2700016, end_time = 1682007775337805
I0420 16:22:55.346987 Main        (2099857) /home/lgw/Lumine-benchmarks/Experiments/09/src/1_end/end.cpp:48] req_id = 420016, end_time = 1682007775346981
I0420 16:22:55.359346 Main        (2099857) /home/lgw/Lumine-benchmarks/Experiments/09/src/1_end/end.cpp:48] req_id = 1500015, end_time = 1682007775359341
I0420 16:22:55.360318 Main        (2099857) /home/lgw/Lumine-benchmarks/Experiments/09/src/1_end/end.cpp:48] req_id = 900016, end_time = 1682007775360312
I0420 16:22:55.370752 Main        (2099857) /home/lgw/Lumine-benchmarks/Experiments/09/src/1_end/end.cpp:48] req_id = 480016, end_time = 1682007775370747
I0420 16:22:55.387625 Main        (2099857) /home/lgw/Lumine-benchmarks/Experiments/09/src/1_end/end.cpp:48] req_id = 1980015, end_time = 1682007775387620
I0420 16:22:55.394707 Main        (2099857) /home/lgw/Lumine-benchmarks/Experiments/09/src/1_end/end.cpp:48] req_id = 1140015, end_time = 1682007775394701
I0420 16:22:55.405791 Main        (2099857) /home/lgw/Lumine-benchmarks/Experiments/09/src/1_end/end.cpp:48] req_id = 1020016, end_time = 1682007775405785
I0420 16:22:55.425518 Main        (2099857) /home/lgw/Lumine-benchmarks/Experiments/09/src/1_end/end.cpp:48] req_id = 1260016, end_time = 1682007775425512
I0420 16:22:55.425840 Main        (2099857) /home/lgw/Lumine-benchmarks/Experiments/09/src/1_end/end.cpp:48] req_id = 1140016, end_time = 1682007775425836
I0420 16:22:55.432254 Main        (2099857) /home/lgw/Lumine-benchmarks/Experiments/09/src/1_end/end.cpp:48] req_id = 480015, end_time = 1682007775432248
I0420 16:22:55.450440 Main        (2099857) /home/lgw/Lumine-benchmarks/Experiments/09/src/1_end/end.cpp:48] req_id = 660016, end_time = 1682007775450434
I0420 16:22:55.451204 Main        (2099857) /home/lgw/Lumine-benchmarks/Experiments/09/src/1_end/end.cpp:48] req_id = 180015, end_time = 1682007775451199
I0420 16:22:55.453467 Main        (2099857) /home/lgw/Lumine-benchmarks/Experiments/09/src/1_end/end.cpp:48] req_id = 2520015, end_time = 1682007775453461
I0420 16:22:55.453969 Main        (2099857) /home/lgw/Lumine-benchmarks/Experiments/09/src/1_end/end.cpp:48] req_id = 540016, end_time = 1682007775453965
I0420 16:22:55.454859 Main        (2099857) /home/lgw/Lumine-benchmarks/Experiments/09/src/1_end/end.cpp:48] req_id = 1080016, end_time = 1682007775454853
I0420 16:22:55.458674 Main        (2099857) /home/lgw/Lumine-benchmarks/Experiments/09/src/1_end/end.cpp:48] req_id = 2100016, end_time = 1682007775458668
I0420 16:22:55.459713 Main        (2099857) /home/lgw/Lumine-benchmarks/Experiments/09/src/1_end/end.cpp:48] req_id = 2280016, end_time = 1682007775459707
I0420 16:22:55.460533 Main        (2099857) /home/lgw/Lumine-benchmarks/Experiments/09/src/1_end/end.cpp:48] req_id = 780016, end_time = 1682007775460527
I0420 16:22:55.462686 Main        (2099857) /home/lgw/Lumine-benchmarks/Experiments/09/src/1_end/end.cpp:48] req_id = 240015, end_time = 1682007775462680
I0420 16:22:55.463858 Main        (2099857) /home/lgw/Lumine-benchmarks/Experiments/09/src/1_end/end.cpp:48] req_id = 3000015, end_time = 1682007775463852
I0420 16:22:55.465447 Main        (2099857) /home/lgw/Lumine-benchmarks/Experiments/09/src/1_end/end.cpp:48] req_id = 1680015, end_time = 1682007775465440
I0420 16:22:55.468794 Main        (2099857) /home/lgw/Lumine-benchmarks/Experiments/09/src/1_end/end.cpp:48] req_id = 1320015, end_time = 1682007775468772
I0420 16:22:55.469087 Main        (2099857) /home/lgw/Lumine-benchmarks/Experiments/09/src/1_end/end.cpp:48] req_id = 2400016, end_time = 1682007775469082
I0420 16:22:55.469997 Main        (2099857) /home/lgw/Lumine-benchmarks/Experiments/09/src/1_end/end.cpp:48] req_id = 120015, end_time = 1682007775469991
I0420 16:22:55.470419 Main        (2099857) /home/lgw/Lumine-benchmarks/Experiments/09/src/1_end/end.cpp:48] req_id = 1020015, end_time = 1682007775470413
I0420 16:22:55.472533 Main        (2099857) /home/lgw/Lumine-benchmarks/Experiments/09/src/1_end/end.cpp:48] req_id = 300015, end_time = 1682007775472527
I0420 16:22:55.473669 Main        (2099857) /home/lgw/Lumine-benchmarks/Experiments/09/src/1_end/end.cpp:48] req_id = 1920016, end_time = 1682007775473663
I0420 16:22:55.476387 Main        (2099857) /home/lgw/Lumine-benchmarks/Experiments/09/src/1_end/end.cpp:48] req_id = 60016, end_time = 1682007775476381
I0420 16:22:55.479593 Main        (2099857) /home/lgw/Lumine-benchmarks/Experiments/09/src/1_end/end.cpp:48] req_id = 900015, end_time = 1682007775479587
I0420 16:22:55.481690 Main        (2099857) /home/lgw/Lumine-benchmarks/Experiments/09/src/1_end/end.cpp:48] req_id = 2760015, end_time = 1682007775481684
I0420 16:22:55.482108 Main        (2099857) /home/lgw/Lumine-benchmarks/Experiments/09/src/1_end/end.cpp:48] req_id = 2700015, end_time = 1682007775482104
I0420 16:22:55.482502 Main        (2099857) /home/lgw/Lumine-benchmarks/Experiments/09/src/1_end/end.cpp:48] req_id = 1260015, end_time = 1682007775482496
I0420 16:22:55.482955 Main        (2099857) /home/lgw/Lumine-benchmarks/Experiments/09/src/1_end/end.cpp:48] req_id = 2640016, end_time = 1682007775482949
I0420 16:22:55.483981 Main        (2099857) /home/lgw/Lumine-benchmarks/Experiments/09/src/1_end/end.cpp:48] req_id = 2880016, end_time = 1682007775483975
I0420 16:22:55.485741 Main        (2099857) /home/lgw/Lumine-benchmarks/Experiments/09/src/1_end/end.cpp:48] req_id = 720015, end_time = 1682007775485735
I0420 16:22:55.486312 Main        (2099857) /home/lgw/Lumine-benchmarks/Experiments/09/src/1_end/end.cpp:48] req_id = 1500016, end_time = 1682007775486306
I0420 16:22:55.490206 Main        (2099857) /home/lgw/Lumine-benchmarks/Experiments/09/src/1_end/end.cpp:48] req_id = 780015, end_time = 1682007775490199
I0420 16:22:55.492857 Main        (2099857) /home/lgw/Lumine-benchmarks/Experiments/09/src/1_end/end.cpp:48] req_id = 2640015, end_time = 1682007775492851
I0420 16:22:55.494259 Main        (2099857) /home/lgw/Lumine-benchmarks/Experiments/09/src/1_end/end.cpp:48] req_id = 2220015, end_time = 1682007775494253
I0420 16:22:55.496492 Main        (2099857) /home/lgw/Lumine-benchmarks/Experiments/09/src/1_end/end.cpp:48] req_id = 2160015, end_time = 1682007775496486
I0420 16:22:55.497178 Main        (2099857) /home/lgw/Lumine-benchmarks/Experiments/09/src/1_end/end.cpp:48] req_id = 2100015, end_time = 1682007775497173
I0420 16:22:55.497441 Main        (2099857) /home/lgw/Lumine-benchmarks/Experiments/09/src/1_end/end.cpp:48] req_id = 2580016, end_time = 1682007775497437
I0420 16:22:55.500703 Main        (2099857) /home/lgw/Lumine-benchmarks/Experiments/09/src/1_end/end.cpp:48] req_id = 1560015, end_time = 1682007775500698
I0420 16:22:55.501884 Main        (2099857) /home/lgw/Lumine-benchmarks/Experiments/09/src/1_end/end.cpp:48] req_id = 2400015, end_time = 1682007775501876
I0420 16:22:55.502417 Main        (2099857) /home/lgw/Lumine-benchmarks/Experiments/09/src/1_end/end.cpp:48] req_id = 1800016, end_time = 1682007775502411
I0420 16:22:55.502699 Main        (2099857) /home/lgw/Lumine-benchmarks/Experiments/09/src/1_end/end.cpp:48] req_id = 2820016, end_time = 1682007775502696
I0420 16:22:55.503824 Main        (2099857) /home/lgw/Lumine-benchmarks/Experiments/09/src/1_end/end.cpp:48] req_id = 1380016, end_time = 1682007775503818
I0420 16:22:55.504394 Main        (2099857) /home/lgw/Lumine-benchmarks/Experiments/09/src/1_end/end.cpp:48] req_id = 180016, end_time = 1682007775504388
I0420 16:22:55.505004 Main        (2099857) /home/lgw/Lumine-benchmarks/Experiments/09/src/1_end/end.cpp:48] req_id = 2760016, end_time = 1682007775505000
I0420 16:22:55.505871 Main        (2099857) /home/lgw/Lumine-benchmarks/Experiments/09/src/1_end/end.cpp:48] req_id = 2880015, end_time = 1682007775505864
I0420 16:22:57.930746 Main        (2099857) /home/lgw/Lumine-benchmarks/Experiments/09/src/1_end/end.cpp:48] req_id = 120017, end_time = 1682007777930734
I0420 16:22:57.935244 Main        (2099857) /home/lgw/Lumine-benchmarks/Experiments/09/src/1_end/end.cpp:48] req_id = 480017, end_time = 1682007777935237
I0420 16:23:41.628597 Main        (2099857) /home/lgw/Lumine-benchmarks/Experiments/09/src/1_end/end.cpp:48] req_id = 1440062, end_time = 1682007821628584
I0420 16:23:41.629647 Main        (2099857) /home/lgw/Lumine-benchmarks/Experiments/09/src/1_end/end.cpp:48] req_id = 1860061, end_time = 1682007821629641
I0420 16:23:41.634572 Main        (2099857) /home/lgw/Lumine-benchmarks/Experiments/09/src/1_end/end.cpp:48] req_id = 2340062, end_time = 1682007821634566
I0420 16:23:41.635505 Main        (2099857) /home/lgw/Lumine-benchmarks/Experiments/09/src/1_end/end.cpp:48] req_id = 2100062, end_time = 1682007821635499
I0420 16:23:41.642433 Main        (2099857) /home/lgw/Lumine-benchmarks/Experiments/09/src/1_end/end.cpp:48] req_id = 2220062, end_time = 1682007821642427
I0420 16:23:41.645996 Main        (2099857) /home/lgw/Lumine-benchmarks/Experiments/09/src/1_end/end.cpp:48] req_id = 720061, end_time = 1682007821645990
I0420 16:23:41.649643 Main        (2099857) /home/lgw/Lumine-benchmarks/Experiments/09/src/1_end/end.cpp:48] req_id = 1800061, end_time = 1682007821649637
I0420 16:23:41.653481 Main        (2099857) /home/lgw/Lumine-benchmarks/Experiments/09/src/1_end/end.cpp:48] req_id = 840062, end_time = 1682007821653475
I0420 16:23:41.656428 Main        (2099857) /home/lgw/Lumine-benchmarks/Experiments/09/src/1_end/end.cpp:48] req_id = 2280061, end_time = 1682007821656422
I0420 16:23:41.658599 Main        (2099857) /home/lgw/Lumine-benchmarks/Experiments/09/src/1_end/end.cpp:48] req_id = 1020061, end_time = 1682007821658593
I0420 16:23:41.661682 Main        (2099857) /home/lgw/Lumine-benchmarks/Experiments/09/src/1_end/end.cpp:48] req_id = 1200061, end_time = 1682007821661676
I0420 16:23:41.662173 Main        (2099857) /home/lgw/Lumine-benchmarks/Experiments/09/src/1_end/end.cpp:48] req_id = 1140062, end_time = 1682007821662168
I0420 16:23:41.662811 Main        (2099857) /home/lgw/Lumine-benchmarks/Experiments/09/src/1_end/end.cpp:48] req_id = 1740061, end_time = 1682007821662806
I0420 16:23:41.663479 Main        (2099857) /home/lgw/Lumine-benchmarks/Experiments/09/src/1_end/end.cpp:48] req_id = 1860062, end_time = 1682007821663474
I0420 16:23:41.665164 Main        (2099857) /home/lgw/Lumine-benchmarks/Experiments/09/src/1_end/end.cpp:48] req_id = 2640061, end_time = 1682007821665157
I0420 16:23:41.665653 Main        (2099857) /home/lgw/Lumine-benchmarks/Experiments/09/src/1_end/end.cpp:48] req_id = 1680062, end_time = 1682007821665648
I0420 16:23:41.666203 Main        (2099857) /home/lgw/Lumine-benchmarks/Experiments/09/src/1_end/end.cpp:48] req_id = 2460062, end_time = 1682007821666196
I0420 16:23:41.673837 Main        (2099857) /home/lgw/Lumine-benchmarks/Experiments/09/src/1_end/end.cpp:48] req_id = 2100061, end_time = 1682007821673831
I0420 16:23:41.674279 Main        (2099857) /home/lgw/Lumine-benchmarks/Experiments/09/src/1_end/end.cpp:48] req_id = 2940061, end_time = 1682007821674273
I0420 16:23:41.677668 Main        (2099857) /home/lgw/Lumine-benchmarks/Experiments/09/src/1_end/end.cpp:48] req_id = 2760062, end_time = 1682007821677662
I0420 16:23:41.722470 Main        (2099857) /home/lgw/Lumine-benchmarks/Experiments/09/src/1_end/end.cpp:48] req_id = 2400062, end_time = 1682007821722464
