Read file config.yml
Running executor...
Loaded function exp06_run_audit_13. lib_load_elasped: 427, func_load_elasped: 3
Loaded function exp06_run_audit_1. lib_load_elasped: 279, func_load_elasped: 1
Loaded function exp06_marketdata. lib_load_elasped: 5580, func_load_elasped: 2
force_push: msg_id = 807520, remain = 74, size = 64
Send to executer failed.force_push: msg_id = 807524, remain = 10, size = 64
Send to executer failed.Loaded function exp06_run_audit_19. lib_load_elasped: 282, func_load_elasped: 1
Loaded function exp06_run_audit_49. lib_load_elasped: 35792, func_load_elasped: 2
Loaded function exp06_run_audit_44. lib_load_elasped: 270, func_load_elasped: 1
Loaded function exp06_run_audit_56. lib_load_elasped: 16227, func_load_elasped: 2
force_push: msg_id = 813134, remain = 10, size = 64
Send to executer failed.force_push: msg_id = 813324, remain = 10, size = 64
Send to executer failed.force_push: msg_id = 813321, remain = 10, size = 64
Send to executer failed.force_push: msg_id = 813326, remain = -54, size = 10
Send to executer failed.force_push: msg_id = 813322, remain = -54, size = 10
Send to executer failed.force_push: msg_id = 813125, remain = 74, size = 64
Send to executer failed.force_push: msg_id = 813219, remain = 10, size = 64
Send to executer failed.force_push: msg_id = 813227, remain = 10, size = 64
Send to executer failed.force_push: msg_id = 813142, remain = 10, size = 64
Send to executer failed.Loaded function exp06_run_audit_45. lib_load_elasped: 290, func_load_elasped: 1
force_push: msg_id = 815798, remain = 75, size = 64
Send to executer failed.force_push: msg_id = 815478, remain = 9, size = 64
Send to executer failed.force_push: msg_id = 815480, remain = 73, size = 64
Send to executer failed.force_push: msg_id = 815831, remain = 75, size = 64
Send to executer failed.force_push: msg_id = 815709, remain = 75, size = 64
Send to executer failed.force_push: msg_id = 815800, remain = 75, size = 64
Send to executer failed.force_push: msg_id = 815822, remain = 75, size = 64
Send to executer failed.force_push: msg_id = 815852, remain = 75, size = 64
Send to executer failed.force_push: msg_id = 815901, remain = 75, size = 64
Send to executer failed.force_push: msg_id = 815906, remain = 75, size = 64
Send to executer failed.force_push: msg_id = 815591, remain = 75, size = 64
Send to executer failed.force_push: msg_id = 815665, remain = 75, size = 64
Send to executer failed.force_push: msg_id = 815851, remain = 75, size = 64
Send to executer failed.force_push: msg_id = 815858, remain = 75, size = 64
Send to executer failed.force_push: msg_id = 815686, remain = 75, size = 64
Send to executer failed.force_push: msg_id = 815827, remain = 75, size = 64
force_push: msg_id = 815826, remain = 75, size = 64
force_push: msg_id = 815856, remain = 75, size = 64
Send to executer failed.Send to executer failed.Send to executer failed.force_push: msg_id = 815484, remain = -55, size = 9
Send to executer failed.force_push: msg_id = 815899, remain = 75, size = 64
Send to executer failed.force_push: msg_id = 815839, remain = 75, size = 64
Send to executer failed.force_push: msg_id = 815853, remain = 75, size = 64
Send to executer failed.force_push: msg_id = 815844, remain = 75, size = 64
Send to executer failed.force_push: msg_id = 815799, remain = 75, size = 64
Send to executer failed.force_push: msg_id = 815828, remain = 75, size = 64
Send to executer failed.force_push: msg_id = 815857, remain = 75, size = 64
Send to executer failed.force_push: msg_id = 815589, remain = 9, size = 64
Send to executer failed.force_push: msg_id = 815863, remain = 75, size = 64
Send to executer failed.force_push: msg_id = 815898, remain = 75, size = 64
Send to executer failed.force_push: msg_id = 815688, remain = 75, size = 64
Send to executer failed.force_push: msg_id = 815619, remain = -53, size = 11
Send to executer failed.force_push: msg_id = 815479, remain = 9, size = 64
Send to executer failed.force_push: msg_id = 815862, remain = 11, size = 64
Send to executer failed.force_push: msg_id = 815900, remain = 75, size = 64
Send to executer failed.force_push: msg_id = 815684, remain = -53, size = 11
Send to executer failed.force_push: msg_id = 815802, remain = 75, size = 64
Send to executer failed.force_push: msg_id = 815808, remain = 75, size = 64
Send to executer failed.force_push: msg_id = 815661, remain = 75, size = 64
Send to executer failed.force_push: msg_id = 815662, remain = 75, size = 64
Send to executer failed.force_push: msg_id = 815687, remain = 75, size = 64
Send to executer failed.Loaded function exp06_run_audit_26. lib_load_elasped: 364, func_load_elasped: 1
Loaded function exp06_run_audit_58. lib_load_elasped: 298, func_load_elasped: 1
Loaded function exp06_run_audit_55. lib_load_elasped: 351, func_load_elasped: 2
force_push: msg_id = 823076, remain = 74, size = 64
Send to executer failed.Loaded function exp06_run_audit_6. lib_load_elasped: 396, func_load_elasped: 2
Loaded function exp06_run_audit_21. lib_load_elasped: 293, func_load_elasped: 1
Loaded function exp06_run_audit_20. lib_load_elasped: 294, func_load_elasped: 2
Loaded function exp06_run_audit_3. lib_load_elasped: 326, func_load_elasped: 1
