Read file config.yml
Running executor...
Loaded function exp06_run_audit_4. lib_load_elasped: 251, func_load_elasped: 1
Loaded function exp06_run_audit_6. lib_load_elasped: 151, func_load_elasped: 0
Loaded function exp06_run_audit_7. lib_load_elasped: 326, func_load_elasped: 1
Loaded function exp06_run_audit_28. lib_load_elasped: 332, func_load_elasped: 1
Loaded function exp06_marketdata. lib_load_elasped: 10842, func_load_elasped: 2
force_push: msg_id = 809121, remain = 74, size = 64
Send to executer failed.force_push: msg_id = 809132, remain = 10, size = 64
Send to executer failed.force_push: msg_id = 808931, remain = 74, size = 64
Send to executer failed.force_push: msg_id = 809085, remain = 10, size = 64
Send to executer failed.force_push: msg_id = 809053, remain = 10, size = 64
Send to executer failed.force_push: msg_id = 808937, remain = -54, size = 10
Send to executer failed.force_push: msg_id = 809019, remain = -54, size = 10
Send to executer failed.force_push: msg_id = 809031, remain = -54, size = 10
Send to executer failed.force_push: msg_id = 809088, remain = -54, size = 10
Send to executer failed.force_push: msg_id = 809082, remain = 74, size = 64
Send to executer failed.force_push: msg_id = 808930, remain = 72, size = 64
Send to executer failed.force_push: msg_id = 809127, remain = 10, size = 64
Send to executer failed.force_push: msg_id = 809114, remain = -54, size = 10
Send to executer failed.force_push: msg_id = 808916, remain = 8, size = 64
Send to executer failed.force_push: msg_id = 809102, remain = 10, size = 64
Send to executer failed.force_push: msg_id = 809136, remain = 10, size = 64
Send to executer failed.force_push: msg_id = 809116, remain = -54, size = 10
Send to executer failed.force_push: msg_id = 809089, remain = 10, size = 64
Send to executer failed.Loaded function exp06_run_audit_3. lib_load_elasped: 442, func_load_elasped: 3
Loaded function exp06_run_audit_58. lib_load_elasped: 351, func_load_elasped: 2
Loaded function exp06_run_audit_26. lib_load_elasped: 322, func_load_elasped: 2
Loaded function exp06_run_audit_20. lib_load_elasped: 318, func_load_elasped: 2
force_push: msg_id = 818537, remain = 72, size = 64
Send to executer failed.force_push: msg_id = 818664, remain = 74, size = 64
Send to executer failed.Loaded function exp06_run_audit_19. lib_load_elasped: 329, func_load_elasped: 1
force_push: msg_id = 820151, remain = 74, size = 64
Send to executer failed.force_push: msg_id = 820193, remain = 74, size = 64
Send to executer failed.Loaded function exp06_run_audit_12. lib_load_elasped: 380, func_load_elasped: 1
Loaded function exp06_run_audit_41. lib_load_elasped: 352, func_load_elasped: 1
force_push: msg_id = 822204, remain = 74, size = 64
Send to executer failed.force_push: msg_id = 822200, remain = 74, size = 64
Send to executer failed.force_push: msg_id = 822208, remain = -54, size = 10
Send to executer failed.Loaded function exp06_run_audit_29. lib_load_elasped: 553, func_load_elasped: 2
Loaded function exp06_run_audit_18. lib_load_elasped: 359, func_load_elasped: 1
Loaded function exp06_run_audit_59. lib_load_elasped: 350, func_load_elasped: 2
Loaded function exp06_run_audit_60. lib_load_elasped: 320, func_load_elasped: 1
Loaded function exp06_run_audit_35. lib_load_elasped: 343, func_load_elasped: 2
Loaded function exp06_run_audit_38. lib_load_elasped: 316, func_load_elasped: 2
Loaded function exp06_run_audit_24. lib_load_elasped: 382, func_load_elasped: 2
