Read file config.yml
Running executor...
Loaded function exp06_run_audit_14. lib_load_elasped: 256, func_load_elasped: 2
Loaded function exp06_run_audit_7. lib_load_elasped: 243, func_load_elasped: 1
Loaded function exp06_run_audit_42. lib_load_elasped: 478, func_load_elasped: 2
Loaded function exp06_run_audit_20. lib_load_elasped: 273, func_load_elasped: 1
Loaded function exp06_run_audit_59. lib_load_elasped: 371, func_load_elasped: 2
Loaded function exp06_run_audit_4. lib_load_elasped: 262, func_load_elasped: 1
Loaded function exp06_run_audit_28. lib_load_elasped: 325, func_load_elasped: 1
Loaded function exp06_run_audit_39. lib_load_elasped: 196, func_load_elasped: 1
Loaded function exp06_marketdata. lib_load_elasped: 5453, func_load_elasped: 3
Loaded function exp06_run_audit_2. lib_load_elasped: 347, func_load_elasped: 1
Loaded function exp06_run_audit_30. lib_load_elasped: 218, func_load_elasped: 1
force_push: msg_id = 813725, remain = 74, size = 64
Send to executer failed.force_push: msg_id = 813741, remain = 74, size = 64
Send to executer failed.force_push: msg_id = 813698, remain = 72, size = 64
Send to executer failed.force_push: msg_id = 813771, remain = 74, size = 64
Send to executer failed.force_push: msg_id = 813784, remain = 74, size = 64
Send to executer failed.force_push: msg_id = 813707, remain = 74, size = 64
Send to executer failed.force_push: msg_id = 813727, remain = 74, size = 64
Send to executer failed.force_push: msg_id = 813763, remain = 74, size = 64
Send to executer failed.force_push: msg_id = 813772, remain = 74, size = 64
Send to executer failed.force_push: msg_id = 813786, remain = 74, size = 64
Send to executer failed.force_push: msg_id = 813787, remain = 74, size = 64
Send to executer failed.force_push: msg_id = 813697, remain = 72, size = 64
Send to executer failed.force_push: msg_id = 813782, remain = 74, size = 64
Send to executer failed.force_push: msg_id = 813760, remain = 74, size = 64
Send to executer failed.force_push: msg_id = 813713, remain = 74, size = 64
Send to executer failed.force_push: msg_id = 813761, remain = 10, size = 64
Send to executer failed.force_push: msg_id = 813712, remain = 74, size = 64
Send to executer failed.force_push: msg_id = 813768, remain = 74, size = 64
Send to executer failed.force_push: msg_id = 813776, remain = 74, size = 64
Send to executer failed.force_push: msg_id = 813656, remain = 72, size = 64
Send to executer failed.force_push: msg_id = 813747, remain = 10, size = 64
Send to executer failed.force_push: msg_id = 813714, remain = 74, size = 64
Send to executer failed.force_push: msg_id = 813774, remain = 10, size = 64
Send to executer failed.force_push: msg_id = 813781, remain = 74, size = 64
Send to executer failed.force_push: msg_id = 813779, remain = 74, size = 64
Send to executer failed.force_push: msg_id = 813769, remain = 10, size = 64
Send to executer failed.force_push: msg_id = 813653, remain = 72, size = 64
Send to executer failed.force_push: msg_id = 813793, remain = 74, size = 64
Send to executer failed.force_push: msg_id = 813799, remain = 74, size = 64
Send to executer failed.force_push: msg_id = 813765, remain = 74, size = 64
Send to executer failed.force_push: msg_id = 813695, remain = 72, size = 64
Send to executer failed.force_push: msg_id = 813775, remain = 74, size = 64
Send to executer failed.force_push: msg_id = 813800, remain = 74, size = 64
Send to executer failed.force_push: msg_id = 813742, remain = 74, size = 64
Send to executer failed.force_push: msg_id = 813780, remain = 74, size = 64
Send to executer failed.force_push: msg_id = 813794, remain = 74, size = 64
Send to executer failed.force_push: msg_id = 813719, remain = 74, size = 64
Send to executer failed.force_push: msg_id = 813718, remain = 74, size = 64
Send to executer failed.force_push: msg_id = 813654, remain = 72, size = 64
Send to executer failed.force_push: msg_id = 813657, remain = 72, size = 64
Send to executer failed.force_push: msg_id = 813748, remain = 74, size = 64
Send to executer failed.force_push: msg_id = 813696, remain = 72, size = 64
Send to executer failed.force_push: msg_id = 813790, remain = 74, size = 64
Send to executer failed.force_push: msg_id = 813770, remain = 74, size = 64
Send to executer failed.force_push: msg_id = 813792, remain = 74, size = 64
Send to executer failed.force_push: msg_id = 813773, remain = 74, size = 64
Send to executer failed.force_push: msg_id = 813764, remain = 74, size = 64
Send to executer failed.force_push: msg_id = 813699, remain = 74, size = 64
Send to executer failed.force_push: msg_id = 813655, remain = 72, size = 64
Send to executer failed.force_push: msg_id = 813746, remain = 74, size = 64
Send to executer failed.force_push: msg_id = 813745, remain = 10, size = 64
Send to executer failed.force_push: msg_id = 813785, remain = 74, size = 64
Send to executer failed.Loaded function exp06_run_audit_3. lib_load_elasped: 385, func_load_elasped: 2
Loaded function exp06_run_audit_17. lib_load_elasped: 509, func_load_elasped: 2
Loaded function exp06_run_audit_47. lib_load_elasped: 378, func_load_elasped: 2
force_push: msg_id = 818887, remain = 10, size = 64
Send to executer failed.force_push: msg_id = 818941, remain = 10, size = 64
Send to executer failed.force_push: msg_id = 818772, remain = -56, size = 8
Send to executer failed.force_push: msg_id = 818909, remain = -54, size = 10
Send to executer failed.force_push: msg_id = 819178, remain = 74, size = 64
Send to executer failed.force_push: msg_id = 819020, remain = 10, size = 64
Send to executer failed.Loaded function exp06_run_audit_27. lib_load_elasped: 386, func_load_elasped: 1
Loaded function exp06_run_audit_38. lib_load_elasped: 356, func_load_elasped: 2
Loaded function exp06_run_audit_46. lib_load_elasped: 320, func_load_elasped: 2
Loaded function exp06_run_audit_12. lib_load_elasped: 391, func_load_elasped: 2
Loaded function exp06_run_audit_5. lib_load_elasped: 283, func_load_elasped: 1
Loaded function exp06_run_audit_22. lib_load_elasped: 377, func_load_elasped: 1
Loaded function exp06_run_audit_43. lib_load_elasped: 349, func_load_elasped: 2
Loaded function exp06_run_audit_49. lib_load_elasped: 392, func_load_elasped: 1
