Read file config.yml
Running executor...
Loaded function exp06_run_audit_5. lib_load_elasped: 291, func_load_elasped: 2
Loaded function exp06_marketdata. lib_load_elasped: 29192, func_load_elasped: 2
force_push: msg_id = 807780, remain = -54, size = 10
Send to executer failed.force_push: msg_id = 807786, remain = 10, size = 64
Send to executer failed.Loaded function exp06_run_audit_37. lib_load_elasped: 331, func_load_elasped: 2
Loaded function exp06_run_audit_33. lib_load_elasped: 324, func_load_elasped: 2
Loaded function exp06_run_audit_59. lib_load_elasped: 384, func_load_elasped: 1
Loaded function exp06_run_audit_39. lib_load_elasped: 238, func_load_elasped: 1
Loaded function exp06_run_audit_21. lib_load_elasped: 220, func_load_elasped: 1
Loaded function exp06_run_audit_14. lib_load_elasped: 228, func_load_elasped: 1
Loaded function exp06_run_audit_20. lib_load_elasped: 336, func_load_elasped: 2
Loaded function exp06_run_audit_23. lib_load_elasped: 314, func_load_elasped: 2
Loaded function exp06_run_audit_45. lib_load_elasped: 329, func_load_elasped: 2
Loaded function exp06_run_audit_8. lib_load_elasped: 272, func_load_elasped: 1
Loaded function exp06_run_audit_42. lib_load_elasped: 348, func_load_elasped: 2
Loaded function exp06_run_audit_12. lib_load_elasped: 225, func_load_elasped: 1
Loaded function exp06_run_audit_55. lib_load_elasped: 316, func_load_elasped: 1
Loaded function exp06_run_audit_15. lib_load_elasped: 363, func_load_elasped: 2
Loaded function exp06_run_audit_34. lib_load_elasped: 289, func_load_elasped: 1
Loaded function exp06_run_audit_18. lib_load_elasped: 352, func_load_elasped: 2
Loaded function exp06_run_audit_26. lib_load_elasped: 274, func_load_elasped: 1
Loaded function exp06_run_audit_19. lib_load_elasped: 443, func_load_elasped: 1
force_push: msg_id = 814109, remain = 74, size = 64
Send to executer failed.Loaded function exp06_run_audit_47. lib_load_elasped: 470, func_load_elasped: 2
Loaded function exp06_run_audit_43. lib_load_elasped: 359, func_load_elasped: 2
force_push: msg_id = 815243, remain = 10, size = 64
Send to executer failed.Loaded function exp06_run_audit_11. lib_load_elasped: 431, func_load_elasped: 2
Loaded function exp06_run_audit_53. lib_load_elasped: 322, func_load_elasped: 2
Loaded function exp06_run_audit_6. lib_load_elasped: 308, func_load_elasped: 2
force_push: msg_id = 815866, remain = 74, size = 64
Send to executer failed.force_push: msg_id = 815904, remain = 74, size = 64
Send to executer failed.force_push: msg_id = 815805, remain = 74, size = 64
Send to executer failed.force_push: msg_id = 815886, remain = 74, size = 64
Send to executer failed.force_push: msg_id = 815850, remain = 74, size = 64
Send to executer failed.force_push: msg_id = 815804, remain = 74, size = 64
Send to executer failed.force_push: msg_id = 815890, remain = 74, size = 64
Send to executer failed.force_push: msg_id = 815903, remain = 74, size = 64
Send to executer failed.force_push: msg_id = 815786, remain = 72, size = 64
Send to executer failed.force_push: msg_id = 815888, remain = 74, size = 64
Send to executer failed.force_push: msg_id = 815745, remain = 72, size = 64
Send to executer failed.force_push: msg_id = 815872, remain = 74, size = 64
Send to executer failed.force_push: msg_id = 815803, remain = 74, size = 64
Send to executer failed.force_push: msg_id = 815885, remain = 74, size = 64
Send to executer failed.force_push: msg_id = 815883, remain = 74, size = 64
Send to executer failed.force_push: msg_id = 815882, remain = 74, size = 64
Send to executer failed.force_push: msg_id = 815744, remain = 72, size = 64
Send to executer failed.force_push: msg_id = 815887, remain = 74, size = 64
Send to executer failed.force_push: msg_id = 815832, remain = 74, size = 64
Send to executer failed.force_push: msg_id = 815881, remain = 74, size = 64
Send to executer failed.force_push: msg_id = 815889, remain = 74, size = 64
Send to executer failed.force_push: msg_id = 815871, remain = 74, size = 64
Send to executer failed.force_push: msg_id = 815895, remain = 74, size = 64
Send to executer failed.force_push: msg_id = 815896, remain = 10, size = 64
Send to executer failed.force_push: msg_id = 815907, remain = 74, size = 64
Send to executer failed.force_push: msg_id = 815860, remain = 74, size = 64
Send to executer failed.force_push: msg_id = 815746, remain = 72, size = 64
Send to executer failed.force_push: msg_id = 815865, remain = 74, size = 64
Send to executer failed.force_push: msg_id = 815878, remain = 10, size = 64
Send to executer failed.force_push: msg_id = 815842, remain = 74, size = 64
Send to executer failed.force_push: msg_id = 815835, remain = 74, size = 64
Send to executer failed.force_push: msg_id = 815876, remain = 74, size = 64
Send to executer failed.force_push: msg_id = 815791, remain = 74, size = 64
Send to executer failed.force_push: msg_id = 815892, remain = 74, size = 64
Send to executer failed.force_push: msg_id = 815880, remain = 74, size = 64
Send to executer failed.force_push: msg_id = 815870, remain = 74, size = 64
Send to executer failed.force_push: msg_id = 815787, remain = 72, size = 64
Send to executer failed.force_push: msg_id = 815905, remain = 74, size = 64
Send to executer failed.force_push: msg_id = 815891, remain = 74, size = 64
Send to executer failed.Loaded function exp06_run_audit_46. lib_load_elasped: 435, func_load_elasped: 1
Loaded function exp06_run_audit_56. lib_load_elasped: 339, func_load_elasped: 2
Loaded function exp06_run_audit_38. lib_load_elasped: 354, func_load_elasped: 1
Loaded function exp06_run_audit_41. lib_load_elasped: 379, func_load_elasped: 1
Loaded function exp06_run_audit_22. lib_load_elasped: 475, func_load_elasped: 2
