Read file config.yml
Running executor...
Loaded function exp06_marketdata. lib_load_elasped: 4459, func_load_elasped: 5
Loaded function exp06_run_audit_4. lib_load_elasped: 328, func_load_elasped: 2
force_push: msg_id = 808833, remain = -54, size = 10
Send to executer failed.Loaded function exp06_run_audit_6. lib_load_elasped: 508, func_load_elasped: 2
Loaded function exp06_run_audit_12. lib_load_elasped: 343, func_load_elasped: 1
Loaded function exp06_run_audit_24. lib_load_elasped: 289, func_load_elasped: 2
Loaded function exp06_run_audit_27. lib_load_elasped: 325, func_load_elasped: 2
Loaded function exp06_run_audit_60. lib_load_elasped: 315, func_load_elasped: 1
force_push: msg_id = 817642, remain = 74, size = 64
Send to executer failed.force_push: msg_id = 817606, remain = -54, size = 10
Send to executer failed.Loaded function exp06_run_audit_52. lib_load_elasped: 336, func_load_elasped: 1
Loaded function exp06_run_audit_19. lib_load_elasped: 295, func_load_elasped: 1
Loaded function exp06_run_audit_23. lib_load_elasped: 483, func_load_elasped: 1
Loaded function exp06_run_audit_38. lib_load_elasped: 388, func_load_elasped: 2
Loaded function exp06_run_audit_31. lib_load_elasped: 412, func_load_elasped: 2
Loaded function exp06_run_audit_30. lib_load_elasped: 312, func_load_elasped: 1
Loaded function exp06_run_audit_1. lib_load_elasped: 242, func_load_elasped: 1
Loaded function exp06_run_audit_57. lib_load_elasped: 323, func_load_elasped: 1
Loaded function exp06_run_audit_15. lib_load_elasped: 314, func_load_elasped: 1
Loaded function exp06_run_audit_5. lib_load_elasped: 357, func_load_elasped: 1
Loaded function exp06_run_audit_48. lib_load_elasped: 294, func_load_elasped: 1
Loaded function exp06_run_audit_20. lib_load_elasped: 406, func_load_elasped: 1
