Read file config.yml
Running executor...
Loaded function exp06_run_audit_12. lib_load_elasped: 344, func_load_elasped: 2
Loaded function exp06_run_audit_16. lib_load_elasped: 319, func_load_elasped: 2
Loaded function exp06_run_audit_51. lib_load_elasped: 373, func_load_elasped: 2
Loaded function exp06_run_audit_11. lib_load_elasped: 407, func_load_elasped: 2
Loaded function exp06_run_audit_52. lib_load_elasped: 322, func_load_elasped: 2
Loaded function exp06_marketdata. lib_load_elasped: 5593, func_load_elasped: 2
force_push: msg_id = 813507, remain = 74, size = 64
Send to executer failed.force_push: msg_id = 813521, remain = 74, size = 64
Send to executer failed.force_push: msg_id = 813517, remain = 74, size = 64
Send to executer failed.force_push: msg_id = 813505, remain = 74, size = 64
Send to executer failed.force_push: msg_id = 813500, remain = 10, size = 64
Send to executer failed.force_push: msg_id = 813494, remain = 74, size = 64
Send to executer failed.force_push: msg_id = 813572, remain = 10, size = 64
Send to executer failed.force_push: msg_id = 813493, remain = 74, size = 64
Send to executer failed.force_push: msg_id = 813584, remain = -54, size = 10
Send to executer failed.force_push: msg_id = 813634, remain = 10, size = 64
Send to executer failed.force_push: msg_id = 813573, remain = -54, size = 10
Send to executer failed.force_push: msg_id = 813635, remain = 10, size = 64
Send to executer failed.force_push: msg_id = 813586, remain = 74, size = 64
Send to executer failed.force_push: msg_id = 813633, remain = 74, size = 64
Send to executer failed.force_push: msg_id = 813497, remain = 72, size = 64
Send to executer failed.force_push: msg_id = 813518, remain = 74, size = 64
Send to executer failed.force_push: msg_id = 813489, remain = 72, size = 64
Send to executer failed.force_push: msg_id = 813650, remain = 74, size = 64
Send to executer failed.force_push: msg_id = 813568, remain = 74, size = 64
Send to executer failed.force_push: msg_id = 813502, remain = 74, size = 64
Send to executer failed.force_push: msg_id = 813523, remain = -54, size = 10
Send to executer failed.force_push: msg_id = 813510, remain = -54, size = 10
Send to executer failed.force_push: msg_id = 813509, remain = -54, size = 10
Send to executer failed.force_push: msg_id = 813496, remain = 74, size = 64
Send to executer failed.force_push: msg_id = 813577, remain = 74, size = 64
Send to executer failed.force_push: msg_id = 813632, remain = 10, size = 64
Send to executer failed.force_push: msg_id = 813688, remain = 74, size = 64
Send to executer failed.force_push: msg_id = 813488, remain = 8, size = 64
Send to executer failed.force_push: msg_id = 813567, remain = 74, size = 64
Send to executer failed.force_push: msg_id = 813591, remain = 74, size = 64
Send to executer failed.force_push: msg_id = 813484, remain = -56, size = 8
Send to executer failed.force_push: msg_id = 813490, remain = 72, size = 64
Send to executer failed.force_push: msg_id = 813585, remain = 74, size = 64
Send to executer failed.force_push: msg_id = 813588, remain = 74, size = 64
Send to executer failed.force_push: msg_id = 813524, remain = 10, size = 64
Send to executer failed.force_push: msg_id = 813491, remain = 8, size = 64
Send to executer failed.force_push: msg_id = 813503, remain = -54, size = 10
Send to executer failed.force_push: msg_id = 813506, remain = 10, size = 64
Send to executer failed.force_push: msg_id = 813583, remain = 74, size = 64
Send to executer failed.force_push: msg_id = 813676, remain = 74, size = 64
Send to executer failed.force_push: msg_id = 813501, remain = 74, size = 64
Send to executer failed.force_push: msg_id = 813646, remain = 74, size = 64
Send to executer failed.force_push: msg_id = 813649, remain = 74, size = 64
Send to executer failed.force_push: msg_id = 813487, remain = 72, size = 64
Send to executer failed.force_push: msg_id = 813499, remain = 74, size = 64
Send to executer failed.force_push: msg_id = 813485, remain = 72, size = 64
Send to executer failed.force_push: msg_id = 813578, remain = 74, size = 64
Send to executer failed.force_push: msg_id = 813492, remain = 10, size = 64
Send to executer failed.Loaded function exp06_run_audit_53. lib_load_elasped: 344, func_load_elasped: 1
Loaded function exp06_run_audit_7. lib_load_elasped: 477, func_load_elasped: 3
Loaded function exp06_run_audit_58. lib_load_elasped: 441, func_load_elasped: 2
Loaded function exp06_run_audit_4. lib_load_elasped: 390, func_load_elasped: 1
force_push: msg_id = 825202, remain = 10, size = 64
Send to executer failed.Loaded function exp06_run_audit_49. lib_load_elasped: 359, func_load_elasped: 2
force_push: msg_id = 827910, remain = -54, size = 10
Send to executer failed.force_push: msg_id = 827907, remain = -54, size = 10
Send to executer failed.force_push: msg_id = 828017, remain = 10, size = 64
force_push: msg_id = 828015, remain = -54, size = 10
Send to executer failed.Send to executer failed.force_push: msg_id = 828000, remain = 10, size = 64
Send to executer failed.force_push: msg_id = 827966, remain = 74, size = 64
Send to executer failed.force_push: msg_id = 827808, remain = -56, size = 8
Send to executer failed.force_push: msg_id = 828013, remain = 74, size = 64
Send to executer failed.