Read file config.yml
Running executor...
Loaded function exp06_marketdata. lib_load_elasped: 4827, func_load_elasped: 3
Loaded function exp06_run_audit_15. lib_load_elasped: 252, func_load_elasped: 1
Loaded function exp06_run_audit_34. lib_load_elasped: 349, func_load_elasped: 2
Loaded function exp06_run_audit_13. lib_load_elasped: 315, func_load_elasped: 2
Loaded function exp06_run_audit_42. lib_load_elasped: 241, func_load_elasped: 1
Loaded function exp06_run_audit_33. lib_load_elasped: 295, func_load_elasped: 1
Loaded function exp06_run_audit_2. lib_load_elasped: 349, func_load_elasped: 2
Loaded function exp06_run_audit_11. lib_load_elasped: 386, func_load_elasped: 2
Loaded function exp06_run_audit_20. lib_load_elasped: 262, func_load_elasped: 1
Loaded function exp06_run_audit_44. lib_load_elasped: 217, func_load_elasped: 1
force_push: msg_id = 813720, remain = 74, size = 64
Send to executer failed.force_push: msg_id = 813576, remain = 10, size = 64
Send to executer failed.force_push: msg_id = 813709, remain = 74, size = 64
Send to executer failed.force_push: msg_id = 813563, remain = -54, size = 10
Send to executer failed.force_push: msg_id = 813739, remain = 74, size = 64
Send to executer failed.force_push: msg_id = 813753, remain = 74, size = 64
Send to executer failed.force_push: msg_id = 813740, remain = 74, size = 64
Send to executer failed.force_push: msg_id = 813749, remain = 74, size = 64
Send to executer failed.force_push: msg_id = 813743, remain = 74, size = 64
Send to executer failed.force_push: msg_id = 813801, remain = 74, size = 64
Send to executer failed.force_push: msg_id = 813721, remain = 74, size = 64
Send to executer failed.force_push: msg_id = 813729, remain = 74, size = 64
Send to executer failed.force_push: msg_id = 813754, remain = 74, size = 64
Send to executer failed.force_push: msg_id = 813736, remain = 74, size = 64
Send to executer failed.force_push: msg_id = 813728, remain = 74, size = 64
Send to executer failed.force_push: msg_id = 813752, remain = 74, size = 64
Send to executer failed.force_push: msg_id = 813759, remain = 74, size = 64
Send to executer failed.force_push: msg_id = 813751, remain = 74, size = 64
Send to executer failed.force_push: msg_id = 813783, remain = 74, size = 64
Send to executer failed.force_push: msg_id = 813796, remain = 74, size = 64
Send to executer failed.force_push: msg_id = 813767, remain = 74, size = 64
Send to executer failed.force_push: msg_id = 813798, remain = 74, size = 64
Send to executer failed.force_push: msg_id = 813789, remain = 74, size = 64
Send to executer failed.force_push: msg_id = 813778, remain = 74, size = 64
Send to executer failed.force_push: msg_id = 813802, remain = 74, size = 64
Send to executer failed.force_push: msg_id = 813722, remain = 74, size = 64
Send to executer failed.force_push: msg_id = 813710, remain = 74, size = 64
Send to executer failed.force_push: msg_id = 813731, remain = 74, size = 64
Send to executer failed.force_push: msg_id = 813738, remain = 74, size = 64
Send to executer failed.force_push: msg_id = 813758, remain = 10, size = 64
Send to executer failed.force_push: msg_id = 813733, remain = 74, size = 64
Send to executer failed.force_push: msg_id = 813732, remain = 74, size = 64
Send to executer failed.force_push: msg_id = 813590, remain = 10, size = 64
Send to executer failed.force_push: msg_id = 813734, remain = 74, size = 64
Send to executer failed.force_push: msg_id = 813735, remain = 74, size = 64
Send to executer failed.force_push: msg_id = 813708, remain = 74, size = 64
Send to executer failed.force_push: msg_id = 813750, remain = 74, size = 64
Send to executer failed.force_push: msg_id = 813756, remain = 74, size = 64
Send to executer failed.force_push: msg_id = 813726, remain = 74, size = 64
Send to executer failed.force_push: msg_id = 813755, remain = 74, size = 64
Send to executer failed.force_push: msg_id = 813730, remain = 74, size = 64
Send to executer failed.force_push: msg_id = 813757, remain = 74, size = 64
Send to executer failed.Loaded function exp06_run_audit_36. lib_load_elasped: 240, func_load_elasped: 1
force_push: msg_id = 814041, remain = 74, size = 64
Send to executer failed.force_push: msg_id = 814020, remain = 10, size = 64
Send to executer failed.force_push: msg_id = 817254, remain = 74, size = 64
Send to executer failed.force_push: msg_id = 817094, remain = -56, size = 8
Send to executer failed.force_push: msg_id = 817157, remain = 10, size = 64
Send to executer failed.force_push: msg_id = 817145, remain = 74, size = 64
Send to executer failed.force_push: msg_id = 817144, remain = 74, size = 64
Send to executer failed.force_push: msg_id = 817228, remain = 74, size = 64
Send to executer failed.force_push: msg_id = 817225, remain = 10, size = 64
Send to executer failed.force_push: msg_id = 817249, remain = 74, size = 64
Send to executer failed.force_push: msg_id = 817259, remain = 74, size = 64
Send to executer failed.force_push: msg_id = 817247, remain = 10, size = 64
Send to executer failed.force_push: msg_id = 817231, remain = 74, size = 64
Send to executer failed.force_push: msg_id = 817237, remain = 74, size = 64
Send to executer failed.force_push: msg_id = 817245, remain = 74, size = 64
Send to executer failed.force_push: msg_id = 817166, remain = -54, size = 10
Send to executer failed.force_push: msg_id = 817243, remain = 74, size = 64
Send to executer failed.force_push: msg_id = 817257, remain = 74, size = 64
Send to executer failed.force_push: msg_id = 817248, remain = 74, size = 64
Send to executer failed.force_push: msg_id = 819423, remain = 10, size = 64
Send to executer failed.Loaded function exp06_run_audit_19. lib_load_elasped: 457, func_load_elasped: 2
Loaded function exp06_run_audit_48. lib_load_elasped: 358, func_load_elasped: 2
Loaded function exp06_run_audit_56. lib_load_elasped: 358, func_load_elasped: 2
Loaded function exp06_run_audit_45. lib_load_elasped: 316, func_load_elasped: 2
force_push: msg_id = 820948, remain = 74, size = 64
Send to executer failed.force_push: msg_id = 824645, remain = 75, size = 64
Send to executer failed.force_push: msg_id = 824586, remain = 11, size = 64
Send to executer failed.Loaded function exp06_run_audit_53. lib_load_elasped: 406, func_load_elasped: 2
Loaded function exp06_run_audit_29. lib_load_elasped: 345, func_load_elasped: 1
Loaded function exp06_run_audit_40. lib_load_elasped: 254, func_load_elasped: 1
force_push: msg_id = 826915, remain = 74, size = 64
Send to executer failed.Loaded function exp06_run_audit_47. lib_load_elasped: 460, func_load_elasped: 3
Loaded function exp06_run_audit_49. lib_load_elasped: 373, func_load_elasped: 2
Loaded function exp06_run_audit_14. lib_load_elasped: 404, func_load_elasped: 3
