Read file config.yml
Running executor...
Loaded function exp06_run_audit_18. lib_load_elasped: 296, func_load_elasped: 3
Loaded function exp06_run_audit_3. lib_load_elasped: 201, func_load_elasped: 1
Loaded function exp06_marketdata. lib_load_elasped: 4716, func_load_elasped: 2
force_push: msg_id = 808188, remain = 74, size = 64
Send to executer failed.force_push: msg_id = 808145, remain = -54, size = 10
Send to executer failed.force_push: msg_id = 808152, remain = 74, size = 64
Send to executer failed.force_push: msg_id = 808186, remain = 74, size = 64
Send to executer failed.force_push: msg_id = 808161, remain = 10, size = 64
Send to executer failed.force_push: msg_id = 808169, remain = -54, size = 10
Send to executer failed.force_push: msg_id = 808157, remain = 10, size = 64
Send to executer failed.force_push: msg_id = 808148, remain = -54, size = 10
Send to executer failed.force_push: msg_id = 808151, remain = -54, size = 10
Send to executer failed.force_push: msg_id = 808172, remain = 10, size = 64
Send to executer failed.force_push: msg_id = 808171, remain = 74, size = 64
Send to executer failed.force_push: msg_id = 808185, remain = -54, size = 10
Send to executer failed.force_push: msg_id = 808163, remain = 10, size = 64
Send to executer failed.force_push: msg_id = 808132, remain = 72, size = 64
Send to executer failed.force_push: msg_id = 808176, remain = -54, size = 10
Send to executer failed.force_push: msg_id = 808140, remain = -54, size = 10
Send to executer failed.force_push: msg_id = 808160, remain = 10, size = 64
force_push: msg_id = 808180, remain = -54, size = 10
Send to executer failed.force_push: msg_id = 808141, remain = 74, size = 64
Send to executer failed.Send to executer failed.force_push: msg_id = 808138, remain = 8, size = 64
Send to executer failed.force_push: msg_id = 808175, remain = 10, size = 64
Send to executer failed.force_push: msg_id = 808131, remain = 8, size = 64
Send to executer failed.force_push: msg_id = 808173, remain = -54, size = 10
Send to executer failed.force_push: msg_id = 808150, remain = -54, size = 10
Send to executer failed.force_push: msg_id = 808187, remain = -54, size = 10
Send to executer failed.force_push: msg_id = 808130, remain = 72, size = 64
Send to executer failed.force_push: msg_id = 808179, remain = -54, size = 10
Send to executer failed.force_push: msg_id = 808143, remain = -54, size = 10
Send to executer failed.Loaded function exp06_run_audit_20. lib_load_elasped: 350, func_load_elasped: 1
Loaded function exp06_run_audit_10. lib_load_elasped: 337, func_load_elasped: 2
force_push: msg_id = 813171, remain = 11, size = 64
Send to executer failed.force_push: msg_id = 813175, remain = 11, size = 64
Send to executer failed.force_push: msg_id = 813629, remain = 75, size = 64
Send to executer failed.force_push: msg_id = 813395, remain = 11, size = 64
Send to executer failed.force_push: msg_id = 813631, remain = 75, size = 64
Send to executer failed.force_push: msg_id = 813455, remain = 11, size = 64
Send to executer failed.force_push: msg_id = 813630, remain = -53, size = 11
Send to executer failed.force_push: msg_id = 813694, remain = 75, size = 64
Send to executer failed.force_push: msg_id = 813627, remain = 75, size = 64
Send to executer failed.force_push: msg_id = 813389, remain = 75, size = 64
Send to executer failed.force_push: msg_id = 813700, remain = 75, size = 64
Send to executer failed.force_push: msg_id = 813711, remain = 75, size = 64
Send to executer failed.force_push: msg_id = 813390, remain = 75, size = 64
Send to executer failed.force_push: msg_id = 813162, remain = 73, size = 64
Send to executer failed.force_push: msg_id = 813626, remain = -53, size = 11
Send to executer failed.force_push: msg_id = 813724, remain = 75, size = 64
Send to executer failed.force_push: msg_id = 813723, remain = 75, size = 64
Send to executer failed.force_push: msg_id = 813454, remain = 75, size = 64
Send to executer failed.force_push: msg_id = 813388, remain = 75, size = 64
Send to executer failed.force_push: msg_id = 813460, remain = 75, size = 64
Send to executer failed.force_push: msg_id = 813706, remain = 75, size = 64
Send to executer failed.force_push: msg_id = 813453, remain = 75, size = 64
Send to executer failed.force_push: msg_id = 813397, remain = 75, size = 64
Send to executer failed.force_push: msg_id = 813628, remain = -53, size = 11
Send to executer failed.force_push: msg_id = 813471, remain = 75, size = 64
Send to executer failed.force_push: msg_id = 813691, remain = 75, size = 64
Send to executer failed.force_push: msg_id = 813457, remain = 75, size = 64
Send to executer failed.force_push: msg_id = 813705, remain = 75, size = 64
Send to executer failed.force_push: msg_id = 813540, remain = -53, size = 11
Send to executer failed.force_push: msg_id = 813168, remain = -55, size = 9
Send to executer failed.force_push: msg_id = 813167, remain = 9, size = 64
Send to executer failed.force_push: msg_id = 813170, remain = -53, size = 11
Send to executer failed.force_push: msg_id = 813495, remain = 75, size = 64
Send to executer failed.force_push: msg_id = 813704, remain = 75, size = 64
Send to executer failed.force_push: msg_id = 813482, remain = 11, size = 64
Send to executer failed.force_push: msg_id = 813393, remain = 75, size = 64
Send to executer failed.force_push: msg_id = 813166, remain = 73, size = 64
Send to executer failed.force_push: msg_id = 813692, remain = 75, size = 64
Send to executer failed.force_push: msg_id = 813174, remain = 11, size = 64
Send to executer failed.force_push: msg_id = 813396, remain = 75, size = 64
Send to executer failed.force_push: msg_id = 813481, remain = -53, size = 11
Send to executer failed.force_push: msg_id = 813703, remain = 75, size = 64
Send to executer failed.force_push: msg_id = 813458, remain = 75, size = 64
Send to executer failed.force_push: msg_id = 813076, remain = -55, size = 9
Send to executer failed.force_push: msg_id = 813386, remain = 75, size = 64
Send to executer failed.Loaded function exp06_run_audit_51. lib_load_elasped: 399, func_load_elasped: 2
Loaded function exp06_run_audit_55. lib_load_elasped: 351, func_load_elasped: 2
Loaded function exp06_run_audit_32. lib_load_elasped: 546, func_load_elasped: 2
Loaded function exp06_run_audit_5. lib_load_elasped: 426, func_load_elasped: 2
Loaded function exp06_run_audit_39. lib_load_elasped: 349, func_load_elasped: 1
force_push: msg_id = 820235, remain = 74, size = 64
Send to executer failed.force_push: msg_id = 820216, remain = 74, size = 64
Send to executer failed.Loaded function exp06_run_audit_8. lib_load_elasped: 400, func_load_elasped: 1
Loaded function exp06_run_audit_48. lib_load_elasped: 353, func_load_elasped: 2
Loaded function exp06_run_audit_38. lib_load_elasped: 259, func_load_elasped: 1
Loaded function exp06_run_audit_58. lib_load_elasped: 322, func_load_elasped: 2
force_push: msg_id = 825768, remain = 74, size = 64
Send to executer failed.force_push: msg_id = 825810, remain = 10, size = 64
Send to executer failed.force_push: msg_id = 825769, remain = -56, size = 8
Send to executer failed.