Read file config.yml
Running executor...
Loaded function exp06_run_audit_7. lib_load_elasped: 320, func_load_elasped: 2
Loaded function exp06_run_audit_6. lib_load_elasped: 331, func_load_elasped: 1
Loaded function exp06_marketdata. lib_load_elasped: 4975, func_load_elasped: 2
force_push: msg_id = 810859, remain = 73, size = 64
Send to executer failed.force_push: msg_id = 810900, remain = 9, size = 64
Send to executer failed.force_push: msg_id = 810896, remain = -55, size = 9
Send to executer failed.Loaded function exp06_run_audit_1. lib_load_elasped: 365, func_load_elasped: 1
Loaded function exp06_run_audit_20. lib_load_elasped: 457, func_load_elasped: 2
force_push: msg_id = 817091, remain = 9, size = 64
Send to executer failed.force_push: msg_id = 817264, remain = 75, size = 64
Send to executer failed.force_push: msg_id = 817261, remain = 75, size = 64
Send to executer failed.force_push: msg_id = 817117, remain = 75, size = 64
Send to executer failed.force_push: msg_id = 817271, remain = 75, size = 64
Send to executer failed.force_push: msg_id = 817270, remain = 11, size = 64
Send to executer failed.force_push: msg_id = 817286, remain = 75, size = 64
Send to executer failed.force_push: msg_id = 817093, remain = 9, size = 64
Send to executer failed.force_push: msg_id = 817277, remain = 75, size = 64
Send to executer failed.force_push: msg_id = 817275, remain = 11, size = 64
Send to executer failed.force_push: msg_id = 817276, remain = 75, size = 64
Send to executer failed.force_push: msg_id = 817280, remain = 75, size = 64
Send to executer failed.force_push: msg_id = 817269, remain = 75, size = 64
Send to executer failed.force_push: msg_id = 817266, remain = 75, size = 64
Send to executer failed.force_push: msg_id = 817284, remain = 11, size = 64
Send to executer failed.force_push: msg_id = 817120, remain = 11, size = 64
Send to executer failed.force_push: msg_id = 817263, remain = 75, size = 64
Send to executer failed.Loaded function exp06_run_audit_23. lib_load_elasped: 1388, func_load_elasped: 2
Loaded function exp06_run_audit_29. lib_load_elasped: 360, func_load_elasped: 2
Loaded function exp06_run_audit_18. lib_load_elasped: 228, func_load_elasped: 1
Loaded function exp06_run_audit_39. lib_load_elasped: 415, func_load_elasped: 3
force_push: msg_id = 821243, remain = 74, size = 64
Send to executer failed.force_push: msg_id = 821273, remain = 74, size = 64
Send to executer failed.force_push: msg_id = 821272, remain = 74, size = 64
Send to executer failed.Loaded function exp06_run_audit_33. lib_load_elasped: 421, func_load_elasped: 1
Loaded function exp06_run_audit_21. lib_load_elasped: 327, func_load_elasped: 2
Loaded function exp06_run_audit_30. lib_load_elasped: 376, func_load_elasped: 1
Loaded function exp06_run_audit_53. lib_load_elasped: 274, func_load_elasped: 1
force_push: msg_id = 823903, remain = 75, size = 64
Send to executer failed.Loaded function exp06_run_audit_37. lib_load_elasped: 385, func_load_elasped: 1
Loaded function exp06_run_audit_35. lib_load_elasped: 335, func_load_elasped: 1
Loaded function exp06_run_audit_31. lib_load_elasped: 356, func_load_elasped: 2
Loaded function exp06_run_audit_2. lib_load_elasped: 306, func_load_elasped: 1
