Read file config.yml
Running executor...
Loaded function exp06_run_audit_10. lib_load_elasped: 340, func_load_elasped: 3
Loaded function exp06_run_audit_20. lib_load_elasped: 303, func_load_elasped: 1
Loaded function exp06_run_audit_5. lib_load_elasped: 237, func_load_elasped: 1
Loaded function exp06_run_audit_58. lib_load_elasped: 372, func_load_elasped: 1
Loaded function exp06_marketdata. lib_load_elasped: 4007, func_load_elasped: 1
Loaded function exp06_run_audit_26. lib_load_elasped: 256, func_load_elasped: 1
force_push: msg_id = 808926, remain = 11, size = 64
Send to executer failed.force_push: msg_id = 808966, remain = 75, size = 64
Send to executer failed.force_push: msg_id = 808905, remain = -53, size = 11
Send to executer failed.force_push: msg_id = 808964, remain = 11, size = 64
Send to executer failed.force_push: msg_id = 808925, remain = -53, size = 11
Send to executer failed.force_push: msg_id = 808921, remain = 75, size = 64
Send to executer failed.force_push: msg_id = 808972, remain = -53, size = 11
Send to executer failed.force_push: msg_id = 808898, remain = -55, size = 9
Send to executer failed.force_push: msg_id = 808923, remain = 11, size = 64
Send to executer failed.force_push: msg_id = 808885, remain = -55, size = 9
Send to executer failed.force_push: msg_id = 808956, remain = 11, size = 64
Send to executer failed.force_push: msg_id = 808961, remain = 75, size = 64
Send to executer failed.force_push: msg_id = 808897, remain = -55, size = 9
Send to executer failed.force_push: msg_id = 808968, remain = -53, size = 11
Send to executer failed.force_push: msg_id = 808974, remain = 11, size = 64
Send to executer failed.force_push: msg_id = 808945, remain = 11, size = 64
Send to executer failed.force_push: msg_id = 808967, remain = 75, size = 64
force_push: msg_id = 808942, remain = 75, size = 64
Send to executer failed.Send to executer failed.force_push: msg_id = 808963, remain = -53, size = 11
Send to executer failed.force_push: msg_id = 808946, remain = 75, size = 64
Send to executer failed.force_push: msg_id = 808918, remain = -53, size = 11
Send to executer failed.force_push: msg_id = 808953, remain = -53, size = 11
Send to executer failed.force_push: msg_id = 808899, remain = 75, size = 64
Send to executer failed.force_push: msg_id = 808955, remain = -53, size = 11
Send to executer failed.force_push: msg_id = 808951, remain = 11, size = 64
Send to executer failed.Loaded function exp06_run_audit_36. lib_load_elasped: 405, func_load_elasped: 1
Loaded function exp06_run_audit_1. lib_load_elasped: 324, func_load_elasped: 1
Loaded function exp06_run_audit_48. lib_load_elasped: 275, func_load_elasped: 1
Loaded function exp06_run_audit_22. lib_load_elasped: 341, func_load_elasped: 2
Loaded function exp06_run_audit_39. lib_load_elasped: 216, func_load_elasped: 1
Loaded function exp06_run_audit_29. lib_load_elasped: 2986, func_load_elasped: 2
Loaded function exp06_run_audit_27. lib_load_elasped: 293, func_load_elasped: 2
Loaded function exp06_run_audit_7. lib_load_elasped: 308, func_load_elasped: 2
force_push: msg_id = 815740, remain = 75, size = 64
Send to executer failed.force_push: msg_id = 815864, remain = 75, size = 64
Send to executer failed.force_push: msg_id = 815723, remain = 75, size = 64
Send to executer failed.force_push: msg_id = 815869, remain = 75, size = 64
Send to executer failed.force_push: msg_id = 815908, remain = 75, size = 64
Send to executer failed.force_push: msg_id = 815651, remain = -55, size = 9
Send to executer failed.force_push: msg_id = 815830, remain = 75, size = 64
Send to executer failed.force_push: msg_id = 815915, remain = 75, size = 64
Send to executer failed.force_push: msg_id = 815679, remain = 73, size = 64
Send to executer failed.force_push: msg_id = 815919, remain = 75, size = 64
Send to executer failed.force_push: msg_id = 815775, remain = 75, size = 64
Send to executer failed.force_push: msg_id = 815794, remain = 11, size = 64
Send to executer failed.force_push: msg_id = 815777, remain = 75, size = 64
Send to executer failed.force_push: msg_id = 815845, remain = 75, size = 64
Send to executer failed.force_push: msg_id = 815678, remain = 73, size = 64
force_push: msg_id = 815793, remain = 75, size = 64
force_push: msg_id = 815784, remain = 75, size = 64
Send to executer failed.force_push: msg_id = 815916, remain = 75, size = 64
Send to executer failed.force_push: msg_id = 815810, remain = 75, size = 64
Send to executer failed.Send to executer failed.force_push: msg_id = 815792, remain = 75, size = 64
force_push: msg_id = 815811, remain = 75, size = 64
force_push: msg_id = 815920, remain = 75, size = 64
Send to executer failed.Send to executer failed.force_push: msg_id = 815783, remain = 75, size = 64
Send to executer failed.force_push: msg_id = 815841, remain = 75, size = 64
Send to executer failed.Send to executer failed.force_push: msg_id = 815925, remain = 75, size = 64
Send to executer failed.force_push: msg_id = 815846, remain = 75, size = 64
Send to executer failed.force_push: msg_id = 815922, remain = 75, size = 64
Send to executer failed.force_push: msg_id = 815825, remain = 75, size = 64
Send to executer failed.force_push: msg_id = 815655, remain = 73, size = 64
Send to executer failed.Send to executer failed.force_push: msg_id = 815743, remain = 75, size = 64
Send to executer failed.force_push: msg_id = 815829, remain = 75, size = 64
Send to executer failed.force_push: msg_id = 815650, remain = 73, size = 64
Send to executer failed.force_push: msg_id = 815924, remain = 75, size = 64
Send to executer failed.force_push: msg_id = 815809, remain = 75, size = 64
Send to executer failed.force_push: msg_id = 815912, remain = 75, size = 64
Send to executer failed.force_push: msg_id = 815911, remain = 75, size = 64
Send to executer failed.force_push: msg_id = 815913, remain = 75, size = 64
Send to executer failed.force_push: msg_id = 815909, remain = 75, size = 64
Send to executer failed.force_push: msg_id = 815914, remain = 75, size = 64
Send to executer failed.force_push: msg_id = 815776, remain = 75, size = 64
Send to executer failed.force_push: msg_id = 815741, remain = 75, size = 64
Send to executer failed.force_push: msg_id = 815785, remain = 75, size = 64
Send to executer failed.force_push: msg_id = 815926, remain = 75, size = 64
Send to executer failed.force_push: msg_id = 815859, remain = 75, size = 64
Send to executer failed.force_push: msg_id = 815910, remain = 75, size = 64
Send to executer failed.force_push: msg_id = 817484, remain = 74, size = 64
Send to executer failed.force_push: msg_id = 817415, remain = 72, size = 64
Send to executer failed.force_push: msg_id = 817419, remain = 74, size = 64
Send to executer failed.force_push: msg_id = 817436, remain = 74, size = 64
Send to executer failed.force_push: msg_id = 817435, remain = 74, size = 64
Send to executer failed.force_push: msg_id = 817538, remain = 74, size = 64
Send to executer failed.force_push: msg_id = 817422, remain = 74, size = 64
Send to executer failed.force_push: msg_id = 817421, remain = 74, size = 64
Send to executer failed.force_push: msg_id = 817427, remain = 74, size = 64
Send to executer failed.force_push: msg_id = 817483, remain = 74, size = 64
Send to executer failed.Loaded function exp06_run_audit_49. lib_load_elasped: 489, func_load_elasped: 1
Loaded function exp06_run_audit_14. lib_load_elasped: 391, func_load_elasped: 2
force_push: msg_id = 820669, remain = 10, size = 64
Send to executer failed.Loaded function exp06_run_audit_21. lib_load_elasped: 334, func_load_elasped: 1
Loaded function exp06_run_audit_59. lib_load_elasped: 222, func_load_elasped: 1
