I0419 11:44:39.987154 Main        (581670) /home/lgw/Lumine-benchmarks/Lumine/lib/base/thread.cpp:96] Register main thread: tid=581670
I0419 11:44:39.989780 Main        (581670) /home/lgw/Lumine-benchmarks/Lumine/lib/common/config.cpp:332] Load configuration for function exp09Start[1]
I0419 11:44:39.990000 Main        (581670) /home/lgw/Lumine-benchmarks/Lumine/lib/common/config.cpp:332] Load configuration for function exp09End[2]
I0419 11:44:39.990089 Main        (581670) /home/lgw/Lumine-benchmarks/Lumine/lib/common/config.cpp:332] Load configuration for function exp09Register[3]
I0419 11:44:39.990336 Main        (581670) /home/lgw/Lumine-benchmarks/Lumine/src/host/worker/cpp/func_worker.cpp:107] My client_id is 16
I0419 11:44:39.990460 Main        (581670) /home/lgw/Lumine-benchmarks/Lumine/src/host/worker/cpp/func_worker.cpp:173] Use extra pipes for messages
I0419 11:44:39.990988 Main        (581670) /home/lgw/Lumine-benchmarks/Lumine/src/host/worker/cpp/func_worker.cpp:195] Handshake done
I0419 11:45:18.394568 Main        (581670) /home/lgw/Lumine-benchmarks/Experiments/09/src/1_end/end.cpp:48] req_id = 2760131, end_time = 1681904718394552
I0419 11:45:18.397283 Main        (581670) /home/lgw/Lumine-benchmarks/Experiments/09/src/1_end/end.cpp:48] req_id = 60094, end_time = 1681904718397280
I0419 11:45:18.408250 Main        (581670) /home/lgw/Lumine-benchmarks/Experiments/09/src/1_end/end.cpp:48] req_id = 4740095, end_time = 1681904718408246
I0419 11:45:18.411125 Main        (581670) /home/lgw/Lumine-benchmarks/Experiments/09/src/1_end/end.cpp:48] req_id = 2100135, end_time = 1681904718411123
I0419 11:45:18.412745 Main        (581670) /home/lgw/Lumine-benchmarks/Experiments/09/src/1_end/end.cpp:48] req_id = 2220115, end_time = 1681904718412744
I0419 11:45:18.415557 Main        (581670) /home/lgw/Lumine-benchmarks/Experiments/09/src/1_end/end.cpp:48] req_id = 720110, end_time = 1681904718415554
I0419 11:45:18.417887 Main        (581670) /home/lgw/Lumine-benchmarks/Experiments/09/src/1_end/end.cpp:48] req_id = 1680093, end_time = 1681904718417885
I0419 11:45:18.419018 Main        (581670) /home/lgw/Lumine-benchmarks/Experiments/09/src/1_end/end.cpp:48] req_id = 3600105, end_time = 1681904718419016
I0419 11:45:18.420027 Main        (581670) /home/lgw/Lumine-benchmarks/Experiments/09/src/1_end/end.cpp:48] req_id = 3180108, end_time = 1681904718420026
I0419 11:45:18.421186 Main        (581670) /home/lgw/Lumine-benchmarks/Experiments/09/src/1_end/end.cpp:48] req_id = 720102, end_time = 1681904718421184
I0419 11:45:18.423405 Main        (581670) /home/lgw/Lumine-benchmarks/Experiments/09/src/1_end/end.cpp:48] req_id = 4500138, end_time = 1681904718423403
I0419 11:45:18.424475 Main        (581670) /home/lgw/Lumine-benchmarks/Experiments/09/src/1_end/end.cpp:48] req_id = 2820117, end_time = 1681904718424472
I0419 11:45:18.429103 Main        (581670) /home/lgw/Lumine-benchmarks/Experiments/09/src/1_end/end.cpp:48] req_id = 1980107, end_time = 1681904718429101
I0419 11:45:18.434696 Main        (581670) /home/lgw/Lumine-benchmarks/Experiments/09/src/1_end/end.cpp:48] req_id = 3780061, end_time = 1681904718434693
I0419 11:45:19.308883 Main        (581670) /home/lgw/Lumine-benchmarks/Experiments/09/src/1_end/end.cpp:48] req_id = 2820092, end_time = 1681904719308878
I0419 11:45:19.325235 Main        (581670) /home/lgw/Lumine-benchmarks/Experiments/09/src/1_end/end.cpp:48] req_id = 900106, end_time = 1681904719325232
I0419 11:45:19.325729 Main        (581670) /home/lgw/Lumine-benchmarks/Experiments/09/src/1_end/end.cpp:48] req_id = 2520105, end_time = 1681904719325727
I0419 11:45:19.326050 Main        (581670) /home/lgw/Lumine-benchmarks/Experiments/09/src/1_end/end.cpp:48] req_id = 2340118, end_time = 1681904719326048
I0419 11:45:19.326479 Main        (581670) /home/lgw/Lumine-benchmarks/Experiments/09/src/1_end/end.cpp:48] req_id = 3360080, end_time = 1681904719326477
I0419 11:45:22.525549 Main        (581670) /home/lgw/Lumine-benchmarks/Experiments/09/src/1_end/end.cpp:48] req_id = 4320146, end_time = 1681904722525539
I0419 11:45:22.526056 Main        (581670) /home/lgw/Lumine-benchmarks/Experiments/09/src/1_end/end.cpp:48] req_id = 1320149, end_time = 1681904722526053
I0419 11:45:22.526838 Main        (581670) /home/lgw/Lumine-benchmarks/Experiments/09/src/1_end/end.cpp:48] req_id = 2880113, end_time = 1681904722526835
I0419 11:45:22.527439 Main        (581670) /home/lgw/Lumine-benchmarks/Experiments/09/src/1_end/end.cpp:48] req_id = 180062, end_time = 1681904722527436
I0419 11:45:23.566150 Main        (581670) /home/lgw/Lumine-benchmarks/Experiments/09/src/1_end/end.cpp:48] req_id = 2760117, end_time = 1681904723566147
I0419 11:45:23.580454 Main        (581670) /home/lgw/Lumine-benchmarks/Experiments/09/src/1_end/end.cpp:48] req_id = 2580071, end_time = 1681904723580452
I0419 11:45:23.582499 Main        (581670) /home/lgw/Lumine-benchmarks/Experiments/09/src/1_end/end.cpp:48] req_id = 720113, end_time = 1681904723582497
I0419 11:45:23.584618 Main        (581670) /home/lgw/Lumine-benchmarks/Experiments/09/src/1_end/end.cpp:48] req_id = 3060076, end_time = 1681904723584616
I0419 11:45:23.586599 Main        (581670) /home/lgw/Lumine-benchmarks/Experiments/09/src/1_end/end.cpp:48] req_id = 3180104, end_time = 1681904723586597
I0419 11:45:23.587591 Main        (581670) /home/lgw/Lumine-benchmarks/Experiments/09/src/1_end/end.cpp:48] req_id = 60087, end_time = 1681904723587589
I0419 11:45:23.601949 Main        (581670) /home/lgw/Lumine-benchmarks/Experiments/09/src/1_end/end.cpp:48] req_id = 2040124, end_time = 1681904723601947
I0419 11:45:23.603851 Main        (581670) /home/lgw/Lumine-benchmarks/Experiments/09/src/1_end/end.cpp:48] req_id = 2160136, end_time = 1681904723603849
I0419 11:45:23.609556 Main        (581670) /home/lgw/Lumine-benchmarks/Experiments/09/src/1_end/end.cpp:48] req_id = 3540069, end_time = 1681904723609554
I0419 11:45:23.610723 Main        (581670) /home/lgw/Lumine-benchmarks/Experiments/09/src/1_end/end.cpp:48] req_id = 2580129, end_time = 1681904723610721
I0419 11:45:23.611799 Main        (581670) /home/lgw/Lumine-benchmarks/Experiments/09/src/1_end/end.cpp:48] req_id = 1200101, end_time = 1681904723611797
I0419 11:45:23.613341 Main        (581670) /home/lgw/Lumine-benchmarks/Experiments/09/src/1_end/end.cpp:48] req_id = 4320105, end_time = 1681904723613339
I0419 11:45:23.614676 Main        (581670) /home/lgw/Lumine-benchmarks/Experiments/09/src/1_end/end.cpp:48] req_id = 3900060, end_time = 1681904723614674
I0419 11:45:23.616296 Main        (581670) /home/lgw/Lumine-benchmarks/Experiments/09/src/1_end/end.cpp:48] req_id = 4740093, end_time = 1681904723616294
I0419 11:45:23.621917 Main        (581670) /home/lgw/Lumine-benchmarks/Experiments/09/src/1_end/end.cpp:48] req_id = 360146, end_time = 1681904723621915
I0419 11:45:23.624069 Main        (581670) /home/lgw/Lumine-benchmarks/Experiments/09/src/1_end/end.cpp:48] req_id = 1080058, end_time = 1681904723624067
I0419 11:45:23.628646 Main        (581670) /home/lgw/Lumine-benchmarks/Experiments/09/src/1_end/end.cpp:48] req_id = 1800124, end_time = 1681904723628643
I0419 11:45:23.633951 Main        (581670) /home/lgw/Lumine-benchmarks/Experiments/09/src/1_end/end.cpp:48] req_id = 3360111, end_time = 1681904723633949
I0419 11:45:24.546539 Main        (581670) /home/lgw/Lumine-benchmarks/Experiments/09/src/1_end/end.cpp:48] req_id = 780100, end_time = 1681904724546535
I0419 11:45:24.554749 Main        (581670) /home/lgw/Lumine-benchmarks/Experiments/09/src/1_end/end.cpp:48] req_id = 4620100, end_time = 1681904724554747
I0419 11:45:24.562078 Main        (581670) /home/lgw/Lumine-benchmarks/Experiments/09/src/1_end/end.cpp:48] req_id = 2340117, end_time = 1681904724562076
I0419 11:45:24.563224 Main        (581670) /home/lgw/Lumine-benchmarks/Experiments/09/src/1_end/end.cpp:48] req_id = 480108, end_time = 1681904724563222
I0419 11:45:24.571159 Main        (581670) /home/lgw/Lumine-benchmarks/Experiments/09/src/1_end/end.cpp:48] req_id = 3540126, end_time = 1681904724571157
I0419 11:45:24.572017 Main        (581670) /home/lgw/Lumine-benchmarks/Experiments/09/src/1_end/end.cpp:48] req_id = 4740078, end_time = 1681904724572015
I0419 11:45:24.572894 Main        (581670) /home/lgw/Lumine-benchmarks/Experiments/09/src/1_end/end.cpp:48] req_id = 180079, end_time = 1681904724572892
I0419 11:45:24.574204 Main        (581670) /home/lgw/Lumine-benchmarks/Experiments/09/src/1_end/end.cpp:48] req_id = 4620111, end_time = 1681904724574202
I0419 11:45:24.579669 Main        (581670) /home/lgw/Lumine-benchmarks/Experiments/09/src/1_end/end.cpp:48] req_id = 600134, end_time = 1681904724579667
I0419 11:45:24.581348 Main        (581670) /home/lgw/Lumine-benchmarks/Experiments/09/src/1_end/end.cpp:48] req_id = 4200091, end_time = 1681904724581346
I0419 11:45:24.583551 Main        (581670) /home/lgw/Lumine-benchmarks/Experiments/09/src/1_end/end.cpp:48] req_id = 1800132, end_time = 1681904724583549
I0419 11:45:24.584505 Main        (581670) /home/lgw/Lumine-benchmarks/Experiments/09/src/1_end/end.cpp:48] req_id = 3660133, end_time = 1681904724584504
I0419 11:45:24.588232 Main        (581670) /home/lgw/Lumine-benchmarks/Experiments/09/src/1_end/end.cpp:48] req_id = 2040086, end_time = 1681904724588230
I0419 11:45:24.594525 Main        (581670) /home/lgw/Lumine-benchmarks/Experiments/09/src/1_end/end.cpp:48] req_id = 1380130, end_time = 1681904724594523
I0419 11:45:25.497438 Main        (581670) /home/lgw/Lumine-benchmarks/Experiments/09/src/1_end/end.cpp:48] req_id = 600102, end_time = 1681904725497435
I0419 11:45:25.498853 Main        (581670) /home/lgw/Lumine-benchmarks/Experiments/09/src/1_end/end.cpp:48] req_id = 300105, end_time = 1681904725498851
I0419 11:45:25.501905 Main        (581670) /home/lgw/Lumine-benchmarks/Experiments/09/src/1_end/end.cpp:48] req_id = 300122, end_time = 1681904725501903
I0419 11:45:25.515900 Main        (581670) /home/lgw/Lumine-benchmarks/Experiments/09/src/1_end/end.cpp:48] req_id = 1320083, end_time = 1681904725515898
I0419 11:45:25.517387 Main        (581670) /home/lgw/Lumine-benchmarks/Experiments/09/src/1_end/end.cpp:48] req_id = 720111, end_time = 1681904725517385
I0419 11:45:25.520497 Main        (581670) /home/lgw/Lumine-benchmarks/Experiments/09/src/1_end/end.cpp:48] req_id = 1860145, end_time = 1681904725520495
I0419 11:45:25.525559 Main        (581670) /home/lgw/Lumine-benchmarks/Experiments/09/src/1_end/end.cpp:48] req_id = 4560096, end_time = 1681904725525557
I0419 11:45:25.530496 Main        (581670) /home/lgw/Lumine-benchmarks/Experiments/09/src/1_end/end.cpp:48] req_id = 2280103, end_time = 1681904725530494
I0419 11:45:25.531719 Main        (581670) /home/lgw/Lumine-benchmarks/Experiments/09/src/1_end/end.cpp:48] req_id = 3720131, end_time = 1681904725531718
I0419 11:45:25.533746 Main        (581670) /home/lgw/Lumine-benchmarks/Experiments/09/src/1_end/end.cpp:48] req_id = 4620145, end_time = 1681904725533744
I0419 11:45:25.535383 Main        (581670) /home/lgw/Lumine-benchmarks/Experiments/09/src/1_end/end.cpp:48] req_id = 1860131, end_time = 1681904725535381
I0419 11:45:25.536758 Main        (581670) /home/lgw/Lumine-benchmarks/Experiments/09/src/1_end/end.cpp:48] req_id = 1440103, end_time = 1681904725536757
I0419 11:45:25.537914 Main        (581670) /home/lgw/Lumine-benchmarks/Experiments/09/src/1_end/end.cpp:48] req_id = 4800052, end_time = 1681904725537912
I0419 11:45:25.541042 Main        (581670) /home/lgw/Lumine-benchmarks/Experiments/09/src/1_end/end.cpp:48] req_id = 1080143, end_time = 1681904725541041
I0419 11:45:25.551954 Main        (581670) /home/lgw/Lumine-benchmarks/Experiments/09/src/1_end/end.cpp:48] req_id = 420052, end_time = 1681904725551953
I0419 11:45:25.553416 Main        (581670) /home/lgw/Lumine-benchmarks/Experiments/09/src/1_end/end.cpp:48] req_id = 3840148, end_time = 1681904725553414
I0419 11:45:25.554304 Main        (581670) /home/lgw/Lumine-benchmarks/Experiments/09/src/1_end/end.cpp:48] req_id = 4620136, end_time = 1681904725554302
I0419 11:45:26.509963 Main        (581670) /home/lgw/Lumine-benchmarks/Experiments/09/src/1_end/end.cpp:48] req_id = 4020085, end_time = 1681904726509960
I0419 11:45:26.517387 Main        (581670) /home/lgw/Lumine-benchmarks/Experiments/09/src/1_end/end.cpp:48] req_id = 3060113, end_time = 1681904726517385
I0419 11:45:26.534279 Main        (581670) /home/lgw/Lumine-benchmarks/Experiments/09/src/1_end/end.cpp:48] req_id = 2460145, end_time = 1681904726534277
I0419 11:45:26.543428 Main        (581670) /home/lgw/Lumine-benchmarks/Experiments/09/src/1_end/end.cpp:48] req_id = 360107, end_time = 1681904726543426
I0419 11:45:26.545448 Main        (581670) /home/lgw/Lumine-benchmarks/Experiments/09/src/1_end/end.cpp:48] req_id = 1560085, end_time = 1681904726545446
I0419 11:45:26.548087 Main        (581670) /home/lgw/Lumine-benchmarks/Experiments/09/src/1_end/end.cpp:48] req_id = 2040057, end_time = 1681904726548085
I0419 11:45:26.549429 Main        (581670) /home/lgw/Lumine-benchmarks/Experiments/09/src/1_end/end.cpp:48] req_id = 840101, end_time = 1681904726549427
I0419 11:45:26.551514 Main        (581670) /home/lgw/Lumine-benchmarks/Experiments/09/src/1_end/end.cpp:48] req_id = 420117, end_time = 1681904726551512
I0419 11:45:26.554686 Main        (581670) /home/lgw/Lumine-benchmarks/Experiments/09/src/1_end/end.cpp:48] req_id = 1260135, end_time = 1681904726554684
I0419 11:45:26.555992 Main        (581670) /home/lgw/Lumine-benchmarks/Experiments/09/src/1_end/end.cpp:48] req_id = 1680090, end_time = 1681904726555990
I0419 11:45:26.557264 Main        (581670) /home/lgw/Lumine-benchmarks/Experiments/09/src/1_end/end.cpp:48] req_id = 4620064, end_time = 1681904726557262
I0419 11:45:26.560133 Main        (581670) /home/lgw/Lumine-benchmarks/Experiments/09/src/1_end/end.cpp:48] req_id = 480094, end_time = 1681904726560131
I0419 11:45:26.561144 Main        (581670) /home/lgw/Lumine-benchmarks/Experiments/09/src/1_end/end.cpp:48] req_id = 4320060, end_time = 1681904726561142
I0419 11:45:26.562180 Main        (581670) /home/lgw/Lumine-benchmarks/Experiments/09/src/1_end/end.cpp:48] req_id = 4200075, end_time = 1681904726562178
I0419 11:45:26.563157 Main        (581670) /home/lgw/Lumine-benchmarks/Experiments/09/src/1_end/end.cpp:48] req_id = 1500095, end_time = 1681904726563156
I0419 11:45:26.564035 Main        (581670) /home/lgw/Lumine-benchmarks/Experiments/09/src/1_end/end.cpp:48] req_id = 1560132, end_time = 1681904726564033
I0419 11:45:26.565196 Main        (581670) /home/lgw/Lumine-benchmarks/Experiments/09/src/1_end/end.cpp:48] req_id = 1140081, end_time = 1681904726565194
I0419 11:45:26.566031 Main        (581670) /home/lgw/Lumine-benchmarks/Experiments/09/src/1_end/end.cpp:48] req_id = 720148, end_time = 1681904726566029
I0419 11:45:26.567189 Main        (581670) /home/lgw/Lumine-benchmarks/Experiments/09/src/1_end/end.cpp:48] req_id = 1020133, end_time = 1681904726567187
I0419 11:45:26.567967 Main        (581670) /home/lgw/Lumine-benchmarks/Experiments/09/src/1_end/end.cpp:48] req_id = 2820112, end_time = 1681904726567965
I0419 11:45:26.568993 Main        (581670) /home/lgw/Lumine-benchmarks/Experiments/09/src/1_end/end.cpp:48] req_id = 3360058, end_time = 1681904726568991
I0419 11:45:27.479668 Main        (581670) /home/lgw/Lumine-benchmarks/Experiments/09/src/1_end/end.cpp:48] req_id = 2400063, end_time = 1681904727479665
I0419 11:45:27.486327 Main        (581670) /home/lgw/Lumine-benchmarks/Experiments/09/src/1_end/end.cpp:48] req_id = 3000143, end_time = 1681904727486325
I0419 11:45:27.499827 Main        (581670) /home/lgw/Lumine-benchmarks/Experiments/09/src/1_end/end.cpp:48] req_id = 3060090, end_time = 1681904727499825
I0419 11:45:27.507252 Main        (581670) /home/lgw/Lumine-benchmarks/Experiments/09/src/1_end/end.cpp:48] req_id = 1680132, end_time = 1681904727507248
I0419 11:45:27.508537 Main        (581670) /home/lgw/Lumine-benchmarks/Experiments/09/src/1_end/end.cpp:48] req_id = 3540067, end_time = 1681904727508533
I0419 11:45:27.515210 Main        (581670) /home/lgw/Lumine-benchmarks/Experiments/09/src/1_end/end.cpp:48] req_id = 2280079, end_time = 1681904727515208
I0419 11:45:27.515971 Main        (581670) /home/lgw/Lumine-benchmarks/Experiments/09/src/1_end/end.cpp:48] req_id = 1920105, end_time = 1681904727515969
I0419 11:45:27.516834 Main        (581670) /home/lgw/Lumine-benchmarks/Experiments/09/src/1_end/end.cpp:48] req_id = 2460144, end_time = 1681904727516830
I0419 11:45:27.518879 Main        (581670) /home/lgw/Lumine-benchmarks/Experiments/09/src/1_end/end.cpp:48] req_id = 1620096, end_time = 1681904727518875
I0419 11:45:27.519793 Main        (581670) /home/lgw/Lumine-benchmarks/Experiments/09/src/1_end/end.cpp:48] req_id = 4320090, end_time = 1681904727519791
I0419 11:45:27.520839 Main        (581670) /home/lgw/Lumine-benchmarks/Experiments/09/src/1_end/end.cpp:48] req_id = 4380106, end_time = 1681904727520837
I0419 11:45:27.524468 Main        (581670) /home/lgw/Lumine-benchmarks/Experiments/09/src/1_end/end.cpp:48] req_id = 1200105, end_time = 1681904727524464
I0419 11:45:27.527931 Main        (581670) /home/lgw/Lumine-benchmarks/Experiments/09/src/1_end/end.cpp:48] req_id = 1140129, end_time = 1681904727527928
I0419 11:45:27.529093 Main        (581670) /home/lgw/Lumine-benchmarks/Experiments/09/src/1_end/end.cpp:48] req_id = 420116, end_time = 1681904727529090
I0419 11:45:27.530217 Main        (581670) /home/lgw/Lumine-benchmarks/Experiments/09/src/1_end/end.cpp:48] req_id = 360093, end_time = 1681904727530216
I0419 11:45:28.432391 Main        (581670) /home/lgw/Lumine-benchmarks/Experiments/09/src/1_end/end.cpp:48] req_id = 4020083, end_time = 1681904728432386
I0419 11:45:28.443712 Main        (581670) /home/lgw/Lumine-benchmarks/Experiments/09/src/1_end/end.cpp:48] req_id = 480133, end_time = 1681904728443708
I0419 11:45:28.466438 Main        (581670) /home/lgw/Lumine-benchmarks/Experiments/09/src/1_end/end.cpp:48] req_id = 1020103, end_time = 1681904728466434
I0419 11:45:28.467680 Main        (581670) /home/lgw/Lumine-benchmarks/Experiments/09/src/1_end/end.cpp:48] req_id = 2400098, end_time = 1681904728467678
I0419 11:45:28.471810 Main        (581670) /home/lgw/Lumine-benchmarks/Experiments/09/src/1_end/end.cpp:48] req_id = 3900064, end_time = 1681904728471807
I0419 11:45:28.472589 Main        (581670) /home/lgw/Lumine-benchmarks/Experiments/09/src/1_end/end.cpp:48] req_id = 840121, end_time = 1681904728472587
I0419 11:45:28.473760 Main        (581670) /home/lgw/Lumine-benchmarks/Experiments/09/src/1_end/end.cpp:48] req_id = 4740107, end_time = 1681904728473757
I0419 11:45:28.477031 Main        (581670) /home/lgw/Lumine-benchmarks/Experiments/09/src/1_end/end.cpp:48] req_id = 3840146, end_time = 1681904728477028
I0419 11:45:28.483762 Main        (581670) /home/lgw/Lumine-benchmarks/Experiments/09/src/1_end/end.cpp:48] req_id = 2820091, end_time = 1681904728483758
I0419 11:45:28.484702 Main        (581670) /home/lgw/Lumine-benchmarks/Experiments/09/src/1_end/end.cpp:48] req_id = 1560101, end_time = 1681904728484700
I0419 11:45:28.486652 Main        (581670) /home/lgw/Lumine-benchmarks/Experiments/09/src/1_end/end.cpp:48] req_id = 3240118, end_time = 1681904728486649
I0419 11:45:29.402596 Main        (581670) /home/lgw/Lumine-benchmarks/Experiments/09/src/1_end/end.cpp:48] req_id = 4680123, end_time = 1681904729402592
I0419 11:45:29.408140 Main        (581670) /home/lgw/Lumine-benchmarks/Experiments/09/src/1_end/end.cpp:48] req_id = 3180093, end_time = 1681904729408137
I0419 11:45:29.409472 Main        (581670) /home/lgw/Lumine-benchmarks/Experiments/09/src/1_end/end.cpp:48] req_id = 1440089, end_time = 1681904729409470
I0419 11:45:29.426340 Main        (581670) /home/lgw/Lumine-benchmarks/Experiments/09/src/1_end/end.cpp:48] req_id = 3840130, end_time = 1681904729426337
I0419 11:45:29.432160 Main        (581670) /home/lgw/Lumine-benchmarks/Experiments/09/src/1_end/end.cpp:48] req_id = 540108, end_time = 1681904729432157
I0419 11:45:29.434752 Main        (581670) /home/lgw/Lumine-benchmarks/Experiments/09/src/1_end/end.cpp:48] req_id = 1320068, end_time = 1681904729434750
I0419 11:45:29.436053 Main        (581670) /home/lgw/Lumine-benchmarks/Experiments/09/src/1_end/end.cpp:48] req_id = 960073, end_time = 1681904729436052
I0419 11:45:29.437210 Main        (581670) /home/lgw/Lumine-benchmarks/Experiments/09/src/1_end/end.cpp:48] req_id = 3840078, end_time = 1681904729437207
I0419 11:45:29.437957 Main        (581670) /home/lgw/Lumine-benchmarks/Experiments/09/src/1_end/end.cpp:48] req_id = 3540090, end_time = 1681904729437955
I0419 11:45:29.442086 Main        (581670) /home/lgw/Lumine-benchmarks/Experiments/09/src/1_end/end.cpp:48] req_id = 3120115, end_time = 1681904729442084
I0419 11:45:29.443311 Main        (581670) /home/lgw/Lumine-benchmarks/Experiments/09/src/1_end/end.cpp:48] req_id = 1380104, end_time = 1681904729443310
I0419 11:45:29.445275 Main        (581670) /home/lgw/Lumine-benchmarks/Experiments/09/src/1_end/end.cpp:48] req_id = 600093, end_time = 1681904729445273
I0419 11:45:29.458834 Main        (581670) /home/lgw/Lumine-benchmarks/Experiments/09/src/1_end/end.cpp:48] req_id = 4440118, end_time = 1681904729458832
I0419 11:45:29.459933 Main        (581670) /home/lgw/Lumine-benchmarks/Experiments/09/src/1_end/end.cpp:48] req_id = 2520063, end_time = 1681904729459931
I0419 11:45:29.467902 Main        (581670) /home/lgw/Lumine-benchmarks/Experiments/09/src/1_end/end.cpp:48] req_id = 3180081, end_time = 1681904729467900
I0419 11:45:29.525148 Main        (581670) /home/lgw/Lumine-benchmarks/Experiments/09/src/1_end/end.cpp:48] req_id = 420106, end_time = 1681904729525146
I0419 11:46:40.523265 Main        (581670) /home/lgw/Lumine-benchmarks/Experiments/09/src/1_end/end.cpp:48] req_id = 840001, end_time = 1681904800523251
I0419 11:46:40.526654 Main        (581670) /home/lgw/Lumine-benchmarks/Experiments/09/src/1_end/end.cpp:48] req_id = 540001, end_time = 1681904800526647
I0419 11:46:40.538265 Main        (581670) /home/lgw/Lumine-benchmarks/Experiments/09/src/1_end/end.cpp:48] req_id = 1140002, end_time = 1681904800538259
I0419 11:46:40.538723 Main        (581670) /home/lgw/Lumine-benchmarks/Experiments/09/src/1_end/end.cpp:48] req_id = 780002, end_time = 1681904800538716
I0419 11:46:40.538997 Main        (581670) /home/lgw/Lumine-benchmarks/Experiments/09/src/1_end/end.cpp:48] req_id = 900002, end_time = 1681904800538993
I0419 11:46:40.539689 Main        (581670) /home/lgw/Lumine-benchmarks/Experiments/09/src/1_end/end.cpp:48] req_id = 960002, end_time = 1681904800539683
I0419 11:46:40.543884 Main        (581670) /home/lgw/Lumine-benchmarks/Experiments/09/src/1_end/end.cpp:48] req_id = 1200002, end_time = 1681904800543878
I0419 11:46:41.264435 Main        (581670) /home/lgw/Lumine-benchmarks/Experiments/09/src/1_end/end.cpp:48] req_id = 60004, end_time = 1681904801264428
I0419 11:46:41.267262 Main        (581670) /home/lgw/Lumine-benchmarks/Experiments/09/src/1_end/end.cpp:48] req_id = 120003, end_time = 1681904801267248
I0419 11:46:41.268133 Main        (581670) /home/lgw/Lumine-benchmarks/Experiments/09/src/1_end/end.cpp:48] req_id = 180003, end_time = 1681904801268129
I0419 11:46:41.288892 Main        (581670) /home/lgw/Lumine-benchmarks/Experiments/09/src/1_end/end.cpp:48] req_id = 660004, end_time = 1681904801288886
I0419 11:46:41.289424 Main        (581670) /home/lgw/Lumine-benchmarks/Experiments/09/src/1_end/end.cpp:48] req_id = 720004, end_time = 1681904801289420
I0419 11:46:41.336432 Main        (581670) /home/lgw/Lumine-benchmarks/Experiments/09/src/1_end/end.cpp:48] req_id = 120004, end_time = 1681904801336425
I0419 11:46:41.338090 Main        (581670) /home/lgw/Lumine-benchmarks/Experiments/09/src/1_end/end.cpp:48] req_id = 60005, end_time = 1681904801338084
I0419 11:46:41.338364 Main        (581670) /home/lgw/Lumine-benchmarks/Experiments/09/src/1_end/end.cpp:48] req_id = 420004, end_time = 1681904801338361
I0419 11:46:41.338669 Main        (581670) /home/lgw/Lumine-benchmarks/Experiments/09/src/1_end/end.cpp:48] req_id = 840003, end_time = 1681904801338664
I0419 11:46:41.350874 Main        (581670) /home/lgw/Lumine-benchmarks/Experiments/09/src/1_end/end.cpp:48] req_id = 1200004, end_time = 1681904801350868
I0419 11:46:41.351552 Main        (581670) /home/lgw/Lumine-benchmarks/Experiments/09/src/1_end/end.cpp:48] req_id = 1020004, end_time = 1681904801351546
I0419 11:46:41.353557 Main        (581670) /home/lgw/Lumine-benchmarks/Experiments/09/src/1_end/end.cpp:48] req_id = 1080004, end_time = 1681904801353550
I0419 11:46:42.064651 Main        (581670) /home/lgw/Lumine-benchmarks/Experiments/09/src/1_end/end.cpp:48] req_id = 60006, end_time = 1681904802064634
I0419 11:46:42.081290 Main        (581670) /home/lgw/Lumine-benchmarks/Experiments/09/src/1_end/end.cpp:48] req_id = 360005, end_time = 1681904802081284
I0419 11:46:42.090636 Main        (581670) /home/lgw/Lumine-benchmarks/Experiments/09/src/1_end/end.cpp:48] req_id = 180005, end_time = 1681904802090632
I0419 11:46:42.093686 Main        (581670) /home/lgw/Lumine-benchmarks/Experiments/09/src/1_end/end.cpp:48] req_id = 60007, end_time = 1681904802093682
I0419 11:46:42.094964 Main        (581670) /home/lgw/Lumine-benchmarks/Experiments/09/src/1_end/end.cpp:48] req_id = 120005, end_time = 1681904802094960
I0419 11:46:42.099425 Main        (581670) /home/lgw/Lumine-benchmarks/Experiments/09/src/1_end/end.cpp:48] req_id = 720005, end_time = 1681904802099421
I0419 11:46:42.102695 Main        (581670) /home/lgw/Lumine-benchmarks/Experiments/09/src/1_end/end.cpp:48] req_id = 420005, end_time = 1681904802102691
I0419 11:46:42.113264 Main        (581670) /home/lgw/Lumine-benchmarks/Experiments/09/src/1_end/end.cpp:48] req_id = 660005, end_time = 1681904802113261
I0419 11:46:42.113566 Main        (581670) /home/lgw/Lumine-benchmarks/Experiments/09/src/1_end/end.cpp:48] req_id = 1200005, end_time = 1681904802113561
I0419 11:46:42.114472 Main        (581670) /home/lgw/Lumine-benchmarks/Experiments/09/src/1_end/end.cpp:48] req_id = 900006, end_time = 1681904802114466
I0419 11:46:42.114848 Main        (581670) /home/lgw/Lumine-benchmarks/Experiments/09/src/1_end/end.cpp:48] req_id = 780006, end_time = 1681904802114843
I0419 11:46:42.115188 Main        (581670) /home/lgw/Lumine-benchmarks/Experiments/09/src/1_end/end.cpp:48] req_id = 840005, end_time = 1681904802115183
I0419 11:46:42.115609 Main        (581670) /home/lgw/Lumine-benchmarks/Experiments/09/src/1_end/end.cpp:48] req_id = 1020005, end_time = 1681904802115604
I0419 11:46:43.713338 Main        (581670) /home/lgw/Lumine-benchmarks/Experiments/09/src/1_end/end.cpp:48] req_id = 960009, end_time = 1681904803713329
I0419 11:46:43.713617 Main        (581670) /home/lgw/Lumine-benchmarks/Experiments/09/src/1_end/end.cpp:48] req_id = 900010, end_time = 1681904803713613
I0419 11:46:43.713978 Main        (581670) /home/lgw/Lumine-benchmarks/Experiments/09/src/1_end/end.cpp:48] req_id = 1140009, end_time = 1681904803713974
I0419 11:46:43.714813 Main        (581670) /home/lgw/Lumine-benchmarks/Experiments/09/src/1_end/end.cpp:48] req_id = 1200010, end_time = 1681904803714808
I0419 11:46:44.529225 Main        (581670) /home/lgw/Lumine-benchmarks/Experiments/09/src/1_end/end.cpp:48] req_id = 900011, end_time = 1681904804529213
I0419 11:46:44.529898 Main        (581670) /home/lgw/Lumine-benchmarks/Experiments/09/src/1_end/end.cpp:48] req_id = 1020011, end_time = 1681904804529893
I0419 11:46:44.530512 Main        (581670) /home/lgw/Lumine-benchmarks/Experiments/09/src/1_end/end.cpp:48] req_id = 540012, end_time = 1681904804530507
I0419 11:46:44.532497 Main        (581670) /home/lgw/Lumine-benchmarks/Experiments/09/src/1_end/end.cpp:48] req_id = 1200011, end_time = 1681904804532491
I0419 11:46:44.532815 Main        (581670) /home/lgw/Lumine-benchmarks/Experiments/09/src/1_end/end.cpp:48] req_id = 480012, end_time = 1681904804532812
I0419 11:46:44.533080 Main        (581670) /home/lgw/Lumine-benchmarks/Experiments/09/src/1_end/end.cpp:48] req_id = 1140012, end_time = 1681904804533077
I0419 11:46:44.534191 Main        (581670) /home/lgw/Lumine-benchmarks/Experiments/09/src/1_end/end.cpp:48] req_id = 600012, end_time = 1681904804534185
I0419 11:46:45.265246 Main        (581670) /home/lgw/Lumine-benchmarks/Experiments/09/src/1_end/end.cpp:48] req_id = 60014, end_time = 1681904805265232
I0419 11:46:45.269252 Main        (581670) /home/lgw/Lumine-benchmarks/Experiments/09/src/1_end/end.cpp:48] req_id = 120013, end_time = 1681904805269248
I0419 11:46:45.271677 Main        (581670) /home/lgw/Lumine-benchmarks/Experiments/09/src/1_end/end.cpp:48] req_id = 180013, end_time = 1681904805271670
I0419 11:46:45.272290 Main        (581670) /home/lgw/Lumine-benchmarks/Experiments/09/src/1_end/end.cpp:48] req_id = 240013, end_time = 1681904805272285
I0419 11:46:45.273662 Main        (581670) /home/lgw/Lumine-benchmarks/Experiments/09/src/1_end/end.cpp:48] req_id = 360013, end_time = 1681904805273658
I0419 11:46:45.274073 Main        (581670) /home/lgw/Lumine-benchmarks/Experiments/09/src/1_end/end.cpp:48] req_id = 300013, end_time = 1681904805274069
I0419 11:46:45.275519 Main        (581670) /home/lgw/Lumine-benchmarks/Experiments/09/src/1_end/end.cpp:48] req_id = 60015, end_time = 1681904805275515
I0419 11:46:45.286834 Main        (581670) /home/lgw/Lumine-benchmarks/Experiments/09/src/1_end/end.cpp:48] req_id = 180014, end_time = 1681904805286829
I0419 11:46:45.292119 Main        (581670) /home/lgw/Lumine-benchmarks/Experiments/09/src/1_end/end.cpp:48] req_id = 240014, end_time = 1681904805292112
I0419 11:46:45.294058 Main        (581670) /home/lgw/Lumine-benchmarks/Experiments/09/src/1_end/end.cpp:48] req_id = 480013, end_time = 1681904805294054
I0419 11:46:45.294778 Main        (581670) /home/lgw/Lumine-benchmarks/Experiments/09/src/1_end/end.cpp:48] req_id = 120014, end_time = 1681904805294773
I0419 11:46:45.301069 Main        (581670) /home/lgw/Lumine-benchmarks/Experiments/09/src/1_end/end.cpp:48] req_id = 420013, end_time = 1681904805301064
I0419 11:46:45.304584 Main        (581670) /home/lgw/Lumine-benchmarks/Experiments/09/src/1_end/end.cpp:48] req_id = 840014, end_time = 1681904805304578
I0419 11:46:45.305534 Main        (581670) /home/lgw/Lumine-benchmarks/Experiments/09/src/1_end/end.cpp:48] req_id = 600014, end_time = 1681904805305528
I0419 11:46:45.306207 Main        (581670) /home/lgw/Lumine-benchmarks/Experiments/09/src/1_end/end.cpp:48] req_id = 1020014, end_time = 1681904805306201
I0419 11:46:45.306597 Main        (581670) /home/lgw/Lumine-benchmarks/Experiments/09/src/1_end/end.cpp:48] req_id = 900013, end_time = 1681904805306590
I0419 11:46:45.307480 Main        (581670) /home/lgw/Lumine-benchmarks/Experiments/09/src/1_end/end.cpp:48] req_id = 660014, end_time = 1681904805307477
I0419 11:46:45.308115 Main        (581670) /home/lgw/Lumine-benchmarks/Experiments/09/src/1_end/end.cpp:48] req_id = 540014, end_time = 1681904805308112
I0419 11:46:45.308516 Main        (581670) /home/lgw/Lumine-benchmarks/Experiments/09/src/1_end/end.cpp:48] req_id = 1020013, end_time = 1681904805308514
I0419 11:46:45.308740 Main        (581670) /home/lgw/Lumine-benchmarks/Experiments/09/src/1_end/end.cpp:48] req_id = 720014, end_time = 1681904805308737
I0419 11:46:45.309382 Main        (581670) /home/lgw/Lumine-benchmarks/Experiments/09/src/1_end/end.cpp:48] req_id = 780014, end_time = 1681904805309379
I0419 11:46:45.315780 Main        (581670) /home/lgw/Lumine-benchmarks/Experiments/09/src/1_end/end.cpp:48] req_id = 1200014, end_time = 1681904805315775
I0419 11:46:46.072357 Main        (581670) /home/lgw/Lumine-benchmarks/Experiments/09/src/1_end/end.cpp:48] req_id = 120015, end_time = 1681904806072349
I0419 11:46:46.073036 Main        (581670) /home/lgw/Lumine-benchmarks/Experiments/09/src/1_end/end.cpp:48] req_id = 60016, end_time = 1681904806073032
I0419 11:46:46.075342 Main        (581670) /home/lgw/Lumine-benchmarks/Experiments/09/src/1_end/end.cpp:48] req_id = 240015, end_time = 1681904806075338
I0419 11:46:46.076518 Main        (581670) /home/lgw/Lumine-benchmarks/Experiments/09/src/1_end/end.cpp:48] req_id = 300015, end_time = 1681904806076515
I0419 11:46:46.081531 Main        (581670) /home/lgw/Lumine-benchmarks/Experiments/09/src/1_end/end.cpp:48] req_id = 180015, end_time = 1681904806081528
I0419 11:46:46.089951 Main        (581670) /home/lgw/Lumine-benchmarks/Experiments/09/src/1_end/end.cpp:48] req_id = 420015, end_time = 1681904806089946
I0419 11:46:46.098683 Main        (581670) /home/lgw/Lumine-benchmarks/Experiments/09/src/1_end/end.cpp:48] req_id = 600015, end_time = 1681904806098678
I0419 11:46:46.114352 Main        (581670) /home/lgw/Lumine-benchmarks/Experiments/09/src/1_end/end.cpp:48] req_id = 780015, end_time = 1681904806114346
I0419 11:46:46.114796 Main        (581670) /home/lgw/Lumine-benchmarks/Experiments/09/src/1_end/end.cpp:48] req_id = 1140015, end_time = 1681904806114793
I0419 11:46:46.115519 Main        (581670) /home/lgw/Lumine-benchmarks/Experiments/09/src/1_end/end.cpp:48] req_id = 660016, end_time = 1681904806115516
I0419 11:46:46.116196 Main        (581670) /home/lgw/Lumine-benchmarks/Experiments/09/src/1_end/end.cpp:48] req_id = 1080015, end_time = 1681904806116193
I0419 11:46:47.719624 Main        (581670) /home/lgw/Lumine-benchmarks/Experiments/09/src/1_end/end.cpp:48] req_id = 660020, end_time = 1681904807719615
I0419 11:46:47.720111 Main        (581670) /home/lgw/Lumine-benchmarks/Experiments/09/src/1_end/end.cpp:48] req_id = 480020, end_time = 1681904807720106
I0419 11:46:47.720982 Main        (581670) /home/lgw/Lumine-benchmarks/Experiments/09/src/1_end/end.cpp:48] req_id = 540020, end_time = 1681904807720978
I0419 11:46:47.721367 Main        (581670) /home/lgw/Lumine-benchmarks/Experiments/09/src/1_end/end.cpp:48] req_id = 780020, end_time = 1681904807721363
I0419 11:46:47.721569 Main        (581670) /home/lgw/Lumine-benchmarks/Experiments/09/src/1_end/end.cpp:48] req_id = 1080020, end_time = 1681904807721565
I0419 11:46:48.514156 Main        (581670) /home/lgw/Lumine-benchmarks/Experiments/09/src/1_end/end.cpp:48] req_id = 1020021, end_time = 1681904808514148
I0419 11:46:48.514974 Main        (581670) /home/lgw/Lumine-benchmarks/Experiments/09/src/1_end/end.cpp:48] req_id = 1140021, end_time = 1681904808514967
I0419 11:46:52.516181 Main        (581670) /home/lgw/Lumine-benchmarks/Experiments/09/src/1_end/end.cpp:48] req_id = 840032, end_time = 1681904812516167
I0419 11:46:52.516581 Main        (581670) /home/lgw/Lumine-benchmarks/Experiments/09/src/1_end/end.cpp:48] req_id = 1020032, end_time = 1681904812516577
I0419 11:46:52.516901 Main        (581670) /home/lgw/Lumine-benchmarks/Experiments/09/src/1_end/end.cpp:48] req_id = 960032, end_time = 1681904812516898
I0419 11:46:52.517189 Main        (581670) /home/lgw/Lumine-benchmarks/Experiments/09/src/1_end/end.cpp:48] req_id = 1200032, end_time = 1681904812517186
I0419 11:46:52.517368 Main        (581670) /home/lgw/Lumine-benchmarks/Experiments/09/src/1_end/end.cpp:48] req_id = 780032, end_time = 1681904812517366
I0419 11:46:53.265637 Main        (581670) /home/lgw/Lumine-benchmarks/Experiments/09/src/1_end/end.cpp:48] req_id = 60034, end_time = 1681904813265632
I0419 11:46:53.271730 Main        (581670) /home/lgw/Lumine-benchmarks/Experiments/09/src/1_end/end.cpp:48] req_id = 180033, end_time = 1681904813271726
I0419 11:46:53.274610 Main        (581670) /home/lgw/Lumine-benchmarks/Experiments/09/src/1_end/end.cpp:48] req_id = 120033, end_time = 1681904813274605
I0419 11:46:53.283486 Main        (581670) /home/lgw/Lumine-benchmarks/Experiments/09/src/1_end/end.cpp:48] req_id = 240033, end_time = 1681904813283482
I0419 11:46:53.287791 Main        (581670) /home/lgw/Lumine-benchmarks/Experiments/09/src/1_end/end.cpp:48] req_id = 360033, end_time = 1681904813287787
I0419 11:46:53.304205 Main        (581670) /home/lgw/Lumine-benchmarks/Experiments/09/src/1_end/end.cpp:48] req_id = 780033, end_time = 1681904813304201
I0419 11:46:53.307384 Main        (581670) /home/lgw/Lumine-benchmarks/Experiments/09/src/1_end/end.cpp:48] req_id = 960033, end_time = 1681904813307378
I0419 11:46:53.310358 Main        (581670) /home/lgw/Lumine-benchmarks/Experiments/09/src/1_end/end.cpp:48] req_id = 240034, end_time = 1681904813310352
I0419 11:46:53.310798 Main        (581670) /home/lgw/Lumine-benchmarks/Experiments/09/src/1_end/end.cpp:48] req_id = 480034, end_time = 1681904813310793
I0419 11:46:53.312414 Main        (581670) /home/lgw/Lumine-benchmarks/Experiments/09/src/1_end/end.cpp:48] req_id = 600034, end_time = 1681904813312408
I0419 11:46:53.313290 Main        (581670) /home/lgw/Lumine-benchmarks/Experiments/09/src/1_end/end.cpp:48] req_id = 960034, end_time = 1681904813313286
I0419 11:46:53.313540 Main        (581670) /home/lgw/Lumine-benchmarks/Experiments/09/src/1_end/end.cpp:48] req_id = 540034, end_time = 1681904813313538
I0419 11:46:53.313921 Main        (581670) /home/lgw/Lumine-benchmarks/Experiments/09/src/1_end/end.cpp:48] req_id = 1200033, end_time = 1681904813313918
I0419 11:46:53.314774 Main        (581670) /home/lgw/Lumine-benchmarks/Experiments/09/src/1_end/end.cpp:48] req_id = 1020034, end_time = 1681904813314768
I0419 11:46:54.073234 Main        (581670) /home/lgw/Lumine-benchmarks/Experiments/09/src/1_end/end.cpp:48] req_id = 120035, end_time = 1681904814073230
I0419 11:46:54.919385 Main        (581670) /home/lgw/Lumine-benchmarks/Experiments/09/src/1_end/end.cpp:48] req_id = 660038, end_time = 1681904814919374
I0419 11:46:57.314232 Main        (581670) /home/lgw/Lumine-benchmarks/Experiments/09/src/1_end/end.cpp:48] req_id = 900044, end_time = 1681904817314224
I0419 11:46:57.315020 Main        (581670) /home/lgw/Lumine-benchmarks/Experiments/09/src/1_end/end.cpp:48] req_id = 960043, end_time = 1681904817315016
I0419 11:47:40.484430 Main        (581670) /home/lgw/Lumine-benchmarks/Experiments/09/src/1_end/end.cpp:48] req_id = 720151, end_time = 1681904860484416
I0419 11:47:40.485484 Main        (581670) /home/lgw/Lumine-benchmarks/Experiments/09/src/1_end/end.cpp:48] req_id = 960151, end_time = 1681904860485479
I0419 11:47:40.486526 Main        (581670) /home/lgw/Lumine-benchmarks/Experiments/09/src/1_end/end.cpp:48] req_id = 1080151, end_time = 1681904860486522
