I0420 15:48:19.255004 Main        (1818352) /home/lgw/Lumine-benchmarks/Lumine/lib/base/thread.cpp:96] Register main thread: tid=1818352
I0420 15:48:19.257528 Main        (1818352) /home/lgw/Lumine-benchmarks/Lumine/lib/common/config.cpp:332] Load configuration for function exp09Start[1]
I0420 15:48:19.257712 Main        (1818352) /home/lgw/Lumine-benchmarks/Lumine/lib/common/config.cpp:332] Load configuration for function exp09End[2]
I0420 15:48:19.257789 Main        (1818352) /home/lgw/Lumine-benchmarks/Lumine/lib/common/config.cpp:332] Load configuration for function exp09Register[3]
I0420 15:48:19.257837 Main        (1818352) /home/lgw/Lumine-benchmarks/Lumine/lib/common/config.cpp:332] Load configuration for function exp09StartFinra[4]
I0420 15:48:19.258088 Main        (1818352) /home/lgw/Lumine-benchmarks/Lumine/src/host/worker/cpp/func_worker.cpp:107] My client_id is 16
I0420 15:48:19.258190 Main        (1818352) /home/lgw/Lumine-benchmarks/Lumine/src/host/worker/cpp/func_worker.cpp:173] Use extra pipes for messages
I0420 15:48:19.258549 Main        (1818352) /home/lgw/Lumine-benchmarks/Lumine/src/host/worker/cpp/func_worker.cpp:195] Handshake done
I0420 15:48:24.342630 Main        (1818352) /home/lgw/Lumine-benchmarks/Experiments/09/src/1_end/end.cpp:48] req_id = 60002, end_time = 1682005704342613
I0420 15:48:24.356056 Main        (1818352) /home/lgw/Lumine-benchmarks/Experiments/09/src/1_end/end.cpp:48] req_id = 2340001, end_time = 1682005704356050
I0420 15:48:24.392018 Main        (1818352) /home/lgw/Lumine-benchmarks/Experiments/09/src/1_end/end.cpp:48] req_id = 60004, end_time = 1682005704392006
I0420 15:48:24.489133 Main        (1818352) /home/lgw/Lumine-benchmarks/Experiments/09/src/1_end/end.cpp:48] req_id = 1200004, end_time = 1682005704489127
I0420 15:48:24.489793 Main        (1818352) /home/lgw/Lumine-benchmarks/Experiments/09/src/1_end/end.cpp:48] req_id = 2040003, end_time = 1682005704489787
I0420 15:48:24.490674 Main        (1818352) /home/lgw/Lumine-benchmarks/Experiments/09/src/1_end/end.cpp:48] req_id = 1740003, end_time = 1682005704490669
I0420 15:48:24.894679 Main        (1818352) /home/lgw/Lumine-benchmarks/Experiments/09/src/1_end/end.cpp:48] req_id = 2040008, end_time = 1682005704894669
I0420 15:48:24.953246 Main        (1818352) /home/lgw/Lumine-benchmarks/Experiments/09/src/1_end/end.cpp:48] req_id = 1020001, end_time = 1682005704953241
I0420 15:48:24.953987 Main        (1818352) /home/lgw/Lumine-benchmarks/Experiments/09/src/1_end/end.cpp:48] req_id = 1980002, end_time = 1682005704953983
I0420 15:48:24.962305 Main        (1818352) /home/lgw/Lumine-benchmarks/Experiments/09/src/1_end/end.cpp:48] req_id = 1500001, end_time = 1682005704962299
I0420 15:48:24.962802 Main        (1818352) /home/lgw/Lumine-benchmarks/Experiments/09/src/1_end/end.cpp:48] req_id = 1080001, end_time = 1682005704962797
I0420 15:48:25.120001 Main        (1818352) /home/lgw/Lumine-benchmarks/Experiments/09/src/1_end/end.cpp:48] req_id = 2160009, end_time = 1682005705119995
I0420 15:48:25.120312 Main        (1818352) /home/lgw/Lumine-benchmarks/Experiments/09/src/1_end/end.cpp:48] req_id = 1080010, end_time = 1682005705120309
I0420 15:48:25.120789 Main        (1818352) /home/lgw/Lumine-benchmarks/Experiments/09/src/1_end/end.cpp:48] req_id = 1980010, end_time = 1682005705120773
I0420 15:48:25.130112 Main        (1818352) /home/lgw/Lumine-benchmarks/Experiments/09/src/1_end/end.cpp:48] req_id = 2340005, end_time = 1682005705130107
I0420 15:48:25.191284 Main        (1818352) /home/lgw/Lumine-benchmarks/Experiments/09/src/1_end/end.cpp:48] req_id = 60012, end_time = 1682005705191276
I0420 15:48:25.193422 Main        (1818352) /home/lgw/Lumine-benchmarks/Experiments/09/src/1_end/end.cpp:48] req_id = 180011, end_time = 1682005705193417
I0420 15:48:25.194119 Main        (1818352) /home/lgw/Lumine-benchmarks/Experiments/09/src/1_end/end.cpp:48] req_id = 240011, end_time = 1682005705194113
I0420 15:48:25.195370 Main        (1818352) /home/lgw/Lumine-benchmarks/Experiments/09/src/1_end/end.cpp:48] req_id = 120011, end_time = 1682005705195364
I0420 15:48:25.196120 Main        (1818352) /home/lgw/Lumine-benchmarks/Experiments/09/src/1_end/end.cpp:48] req_id = 360011, end_time = 1682005705196115
I0420 15:48:25.197855 Main        (1818352) /home/lgw/Lumine-benchmarks/Experiments/09/src/1_end/end.cpp:48] req_id = 420011, end_time = 1682005705197849
I0420 15:48:25.198776 Main        (1818352) /home/lgw/Lumine-benchmarks/Experiments/09/src/1_end/end.cpp:48] req_id = 480011, end_time = 1682005705198771
I0420 15:48:25.199302 Main        (1818352) /home/lgw/Lumine-benchmarks/Experiments/09/src/1_end/end.cpp:48] req_id = 300011, end_time = 1682005705199297
I0420 15:48:25.230294 Main        (1818352) /home/lgw/Lumine-benchmarks/Experiments/09/src/1_end/end.cpp:48] req_id = 180012, end_time = 1682005705230288
I0420 15:48:25.250034 Main        (1818352) /home/lgw/Lumine-benchmarks/Experiments/09/src/1_end/end.cpp:48] req_id = 540011, end_time = 1682005705250028
I0420 15:48:25.311261 Main        (1818352) /home/lgw/Lumine-benchmarks/Experiments/09/src/1_end/end.cpp:48] req_id = 2460007, end_time = 1682005705311255
I0420 15:48:25.312036 Main        (1818352) /home/lgw/Lumine-benchmarks/Experiments/09/src/1_end/end.cpp:48] req_id = 1320012, end_time = 1682005705312030
I0420 15:48:25.312548 Main        (1818352) /home/lgw/Lumine-benchmarks/Experiments/09/src/1_end/end.cpp:48] req_id = 1680011, end_time = 1682005705312543
I0420 15:48:25.769556 Main        (1818352) /home/lgw/Lumine-benchmarks/Experiments/09/src/1_end/end.cpp:48] req_id = 2880012, end_time = 1682005705769547
I0420 15:48:25.770071 Main        (1818352) /home/lgw/Lumine-benchmarks/Experiments/09/src/1_end/end.cpp:48] req_id = 2880011, end_time = 1682005705770067
I0420 15:48:25.770380 Main        (1818352) /home/lgw/Lumine-benchmarks/Experiments/09/src/1_end/end.cpp:48] req_id = 2460014, end_time = 1682005705770377
I0420 15:48:25.770800 Main        (1818352) /home/lgw/Lumine-benchmarks/Experiments/09/src/1_end/end.cpp:48] req_id = 2520014, end_time = 1682005705770794
I0420 15:48:25.789862 Main        (1818352) /home/lgw/Lumine-benchmarks/Experiments/09/src/1_end/end.cpp:48] req_id = 120017, end_time = 1682005705789855
I0420 15:48:25.790311 Main        (1818352) /home/lgw/Lumine-benchmarks/Experiments/09/src/1_end/end.cpp:48] req_id = 180017, end_time = 1682005705790305
I0420 15:48:25.790809 Main        (1818352) /home/lgw/Lumine-benchmarks/Experiments/09/src/1_end/end.cpp:48] req_id = 60018, end_time = 1682005705790803
I0420 15:48:25.797738 Main        (1818352) /home/lgw/Lumine-benchmarks/Experiments/09/src/1_end/end.cpp:48] req_id = 840017, end_time = 1682005705797729
I0420 15:48:25.809482 Main        (1818352) /home/lgw/Lumine-benchmarks/Experiments/09/src/1_end/end.cpp:48] req_id = 180018, end_time = 1682005705809476
I0420 15:48:25.814456 Main        (1818352) /home/lgw/Lumine-benchmarks/Experiments/09/src/1_end/end.cpp:48] req_id = 600017, end_time = 1682005705814450
I0420 15:48:25.846440 Main        (1818352) /home/lgw/Lumine-benchmarks/Experiments/09/src/1_end/end.cpp:48] req_id = 2220015, end_time = 1682005705846434
I0420 15:48:25.860746 Main        (1818352) /home/lgw/Lumine-benchmarks/Experiments/09/src/1_end/end.cpp:48] req_id = 720018, end_time = 1682005705860740
I0420 15:48:25.914358 Main        (1818352) /home/lgw/Lumine-benchmarks/Experiments/09/src/1_end/end.cpp:48] req_id = 420018, end_time = 1682005705914352
I0420 15:48:25.932747 Main        (1818352) /home/lgw/Lumine-benchmarks/Experiments/09/src/1_end/end.cpp:48] req_id = 960018, end_time = 1682005705932741
I0420 15:48:25.936133 Main        (1818352) /home/lgw/Lumine-benchmarks/Experiments/09/src/1_end/end.cpp:48] req_id = 1500018, end_time = 1682005705936127
I0420 15:48:25.939238 Main        (1818352) /home/lgw/Lumine-benchmarks/Experiments/09/src/1_end/end.cpp:48] req_id = 780018, end_time = 1682005705939232
I0420 15:48:25.941397 Main        (1818352) /home/lgw/Lumine-benchmarks/Experiments/09/src/1_end/end.cpp:48] req_id = 1560017, end_time = 1682005705941392
I0420 15:48:25.948667 Main        (1818352) /home/lgw/Lumine-benchmarks/Experiments/09/src/1_end/end.cpp:48] req_id = 2700016, end_time = 1682005705948658
I0420 15:48:25.960894 Main        (1818352) /home/lgw/Lumine-benchmarks/Experiments/09/src/1_end/end.cpp:48] req_id = 2820015, end_time = 1682005705960889
I0420 15:48:25.962539 Main        (1818352) /home/lgw/Lumine-benchmarks/Experiments/09/src/1_end/end.cpp:48] req_id = 2280017, end_time = 1682005705962533
I0420 15:48:25.963181 Main        (1818352) /home/lgw/Lumine-benchmarks/Experiments/09/src/1_end/end.cpp:48] req_id = 3000015, end_time = 1682005705963176
I0420 15:48:25.963594 Main        (1818352) /home/lgw/Lumine-benchmarks/Experiments/09/src/1_end/end.cpp:48] req_id = 2400017, end_time = 1682005705963588
I0420 15:48:25.965546 Main        (1818352) /home/lgw/Lumine-benchmarks/Experiments/09/src/1_end/end.cpp:48] req_id = 2820016, end_time = 1682005705965540
I0420 15:48:25.967856 Main        (1818352) /home/lgw/Lumine-benchmarks/Experiments/09/src/1_end/end.cpp:48] req_id = 2700017, end_time = 1682005705967850
I0420 15:48:25.968654 Main        (1818352) /home/lgw/Lumine-benchmarks/Experiments/09/src/1_end/end.cpp:48] req_id = 2520017, end_time = 1682005705968651
I0420 15:48:25.969984 Main        (1818352) /home/lgw/Lumine-benchmarks/Experiments/09/src/1_end/end.cpp:48] req_id = 2760015, end_time = 1682005705969978
I0420 15:48:25.970455 Main        (1818352) /home/lgw/Lumine-benchmarks/Experiments/09/src/1_end/end.cpp:48] req_id = 2940015, end_time = 1682005705970449
I0420 15:48:25.970830 Main        (1818352) /home/lgw/Lumine-benchmarks/Experiments/09/src/1_end/end.cpp:48] req_id = 2880016, end_time = 1682005705970826
I0420 15:48:25.979382 Main        (1818352) /home/lgw/Lumine-benchmarks/Experiments/09/src/1_end/end.cpp:48] req_id = 2760016, end_time = 1682005705979377
I0420 15:48:25.984871 Main        (1818352) /home/lgw/Lumine-benchmarks/Experiments/09/src/1_end/end.cpp:48] req_id = 60020, end_time = 1682005705984863
I0420 15:48:25.989414 Main        (1818352) /home/lgw/Lumine-benchmarks/Experiments/09/src/1_end/end.cpp:48] req_id = 120019, end_time = 1682005705989407
I0420 15:48:25.993879 Main        (1818352) /home/lgw/Lumine-benchmarks/Experiments/09/src/1_end/end.cpp:48] req_id = 180019, end_time = 1682005705993875
I0420 15:48:25.994336 Main        (1818352) /home/lgw/Lumine-benchmarks/Experiments/09/src/1_end/end.cpp:48] req_id = 240019, end_time = 1682005705994332
I0420 15:48:25.996227 Main        (1818352) /home/lgw/Lumine-benchmarks/Experiments/09/src/1_end/end.cpp:48] req_id = 360019, end_time = 1682005705996221
I0420 15:48:25.996730 Main        (1818352) /home/lgw/Lumine-benchmarks/Experiments/09/src/1_end/end.cpp:48] req_id = 540019, end_time = 1682005705996725
I0420 15:48:25.997157 Main        (1818352) /home/lgw/Lumine-benchmarks/Experiments/09/src/1_end/end.cpp:48] req_id = 300019, end_time = 1682005705997152
I0420 15:48:25.998684 Main        (1818352) /home/lgw/Lumine-benchmarks/Experiments/09/src/1_end/end.cpp:48] req_id = 60021, end_time = 1682005705998681
I0420 15:48:26.120135 Main        (1818352) /home/lgw/Lumine-benchmarks/Experiments/09/src/1_end/end.cpp:48] req_id = 2820017, end_time = 1682005706120128
I0420 15:48:26.120429 Main        (1818352) /home/lgw/Lumine-benchmarks/Experiments/09/src/1_end/end.cpp:48] req_id = 2580019, end_time = 1682005706120425
I0420 15:48:26.121224 Main        (1818352) /home/lgw/Lumine-benchmarks/Experiments/09/src/1_end/end.cpp:48] req_id = 2520019, end_time = 1682005706121219
I0420 15:48:26.122455 Main        (1818352) /home/lgw/Lumine-benchmarks/Experiments/09/src/1_end/end.cpp:48] req_id = 2280019, end_time = 1682005706122449
I0420 15:48:26.127549 Main        (1818352) /home/lgw/Lumine-benchmarks/Experiments/09/src/1_end/end.cpp:48] req_id = 1740020, end_time = 1682005706127543
I0420 15:48:26.151610 Main        (1818352) /home/lgw/Lumine-benchmarks/Experiments/09/src/1_end/end.cpp:48] req_id = 2520020, end_time = 1682005706151605
I0420 15:48:26.152962 Main        (1818352) /home/lgw/Lumine-benchmarks/Experiments/09/src/1_end/end.cpp:48] req_id = 2460020, end_time = 1682005706152956
I0420 15:48:26.155060 Main        (1818352) /home/lgw/Lumine-benchmarks/Experiments/09/src/1_end/end.cpp:48] req_id = 2400020, end_time = 1682005706155054
I0420 15:48:26.159986 Main        (1818352) /home/lgw/Lumine-benchmarks/Experiments/09/src/1_end/end.cpp:48] req_id = 2760020, end_time = 1682005706159981
I0420 15:48:26.162796 Main        (1818352) /home/lgw/Lumine-benchmarks/Experiments/09/src/1_end/end.cpp:48] req_id = 3000020, end_time = 1682005706162790
I0420 15:48:26.163533 Main        (1818352) /home/lgw/Lumine-benchmarks/Experiments/09/src/1_end/end.cpp:48] req_id = 2760019, end_time = 1682005706163527
I0420 15:48:26.163873 Main        (1818352) /home/lgw/Lumine-benchmarks/Experiments/09/src/1_end/end.cpp:48] req_id = 2940020, end_time = 1682005706163870
I0420 15:48:26.164799 Main        (1818352) /home/lgw/Lumine-benchmarks/Experiments/09/src/1_end/end.cpp:48] req_id = 2940019, end_time = 1682005706164793
I0420 15:48:26.165497 Main        (1818352) /home/lgw/Lumine-benchmarks/Experiments/09/src/1_end/end.cpp:48] req_id = 2340020, end_time = 1682005706165491
I0420 15:48:26.166380 Main        (1818352) /home/lgw/Lumine-benchmarks/Experiments/09/src/1_end/end.cpp:48] req_id = 2280020, end_time = 1682005706166374
I0420 15:48:26.167089 Main        (1818352) /home/lgw/Lumine-benchmarks/Experiments/09/src/1_end/end.cpp:48] req_id = 2640020, end_time = 1682005706167083
I0420 15:48:26.167641 Main        (1818352) /home/lgw/Lumine-benchmarks/Experiments/09/src/1_end/end.cpp:48] req_id = 2820019, end_time = 1682005706167636
I0420 15:48:26.389181 Main        (1818352) /home/lgw/Lumine-benchmarks/Experiments/09/src/1_end/end.cpp:48] req_id = 2880021, end_time = 1682005706389173
I0420 15:48:26.390262 Main        (1818352) /home/lgw/Lumine-benchmarks/Experiments/09/src/1_end/end.cpp:48] req_id = 1620021, end_time = 1682005706390256
I0420 15:48:26.390697 Main        (1818352) /home/lgw/Lumine-benchmarks/Experiments/09/src/1_end/end.cpp:48] req_id = 2520022, end_time = 1682005706390692
I0420 15:48:26.391668 Main        (1818352) /home/lgw/Lumine-benchmarks/Experiments/09/src/1_end/end.cpp:48] req_id = 1440022, end_time = 1682005706391664
I0420 15:48:26.392202 Main        (1818352) /home/lgw/Lumine-benchmarks/Experiments/09/src/1_end/end.cpp:48] req_id = 960022, end_time = 1682005706392198
I0420 15:48:26.393486 Main        (1818352) /home/lgw/Lumine-benchmarks/Experiments/09/src/1_end/end.cpp:48] req_id = 1920022, end_time = 1682005706393480
I0420 15:48:26.506274 Main        (1818352) /home/lgw/Lumine-benchmarks/Experiments/09/src/1_end/end.cpp:48] req_id = 720024, end_time = 1682005706506269
I0420 15:48:26.523551 Main        (1818352) /home/lgw/Lumine-benchmarks/Experiments/09/src/1_end/end.cpp:48] req_id = 360023, end_time = 1682005706523545
I0420 15:48:26.524267 Main        (1818352) /home/lgw/Lumine-benchmarks/Experiments/09/src/1_end/end.cpp:48] req_id = 300023, end_time = 1682005706524261
I0420 15:48:26.530240 Main        (1818352) /home/lgw/Lumine-benchmarks/Experiments/09/src/1_end/end.cpp:48] req_id = 1140023, end_time = 1682005706530234
I0420 15:48:26.567558 Main        (1818352) /home/lgw/Lumine-benchmarks/Experiments/09/src/1_end/end.cpp:48] req_id = 1080023, end_time = 1682005706567552
I0420 15:48:26.577868 Main        (1818352) /home/lgw/Lumine-benchmarks/Experiments/09/src/1_end/end.cpp:48] req_id = 120023, end_time = 1682005706577862
I0420 15:48:26.583200 Main        (1818352) /home/lgw/Lumine-benchmarks/Experiments/09/src/1_end/end.cpp:48] req_id = 2280023, end_time = 1682005706583193
I0420 15:48:26.584942 Main        (1818352) /home/lgw/Lumine-benchmarks/Experiments/09/src/1_end/end.cpp:48] req_id = 1380024, end_time = 1682005706584936
I0420 15:48:26.588015 Main        (1818352) /home/lgw/Lumine-benchmarks/Experiments/09/src/1_end/end.cpp:48] req_id = 660023, end_time = 1682005706588010
I0420 15:48:26.588759 Main        (1818352) /home/lgw/Lumine-benchmarks/Experiments/09/src/1_end/end.cpp:48] req_id = 2640024, end_time = 1682005706588756
I0420 15:48:26.809990 Main        (1818352) /home/lgw/Lumine-benchmarks/Experiments/09/src/1_end/end.cpp:48] req_id = 120026, end_time = 1682005706809985
I0420 15:48:26.810473 Main        (1818352) /home/lgw/Lumine-benchmarks/Experiments/09/src/1_end/end.cpp:48] req_id = 1800025, end_time = 1682005706810470
I0420 15:48:26.813415 Main        (1818352) /home/lgw/Lumine-benchmarks/Experiments/09/src/1_end/end.cpp:48] req_id = 2940026, end_time = 1682005706813411
I0420 15:48:26.837851 Main        (1818352) /home/lgw/Lumine-benchmarks/Experiments/09/src/1_end/end.cpp:48] req_id = 2040026, end_time = 1682005706837847
I0420 15:48:26.853880 Main        (1818352) /home/lgw/Lumine-benchmarks/Experiments/09/src/1_end/end.cpp:48] req_id = 2040025, end_time = 1682005706853877
I0420 15:48:26.856660 Main        (1818352) /home/lgw/Lumine-benchmarks/Experiments/09/src/1_end/end.cpp:48] req_id = 180027, end_time = 1682005706856658
I0420 15:48:26.859171 Main        (1818352) /home/lgw/Lumine-benchmarks/Experiments/09/src/1_end/end.cpp:48] req_id = 360027, end_time = 1682005706859168
I0420 15:48:26.896196 Main        (1818352) /home/lgw/Lumine-benchmarks/Experiments/09/src/1_end/end.cpp:48] req_id = 360028, end_time = 1682005706896193
I0420 15:48:26.908803 Main        (1818352) /home/lgw/Lumine-benchmarks/Experiments/09/src/1_end/end.cpp:48] req_id = 720027, end_time = 1682005706908800
I0420 15:48:26.926526 Main        (1818352) /home/lgw/Lumine-benchmarks/Experiments/09/src/1_end/end.cpp:48] req_id = 120027, end_time = 1682005706926524
I0420 15:48:26.935952 Main        (1818352) /home/lgw/Lumine-benchmarks/Experiments/09/src/1_end/end.cpp:48] req_id = 1140027, end_time = 1682005706935950
I0420 15:48:26.941986 Main        (1818352) /home/lgw/Lumine-benchmarks/Experiments/09/src/1_end/end.cpp:48] req_id = 660028, end_time = 1682005706941983
I0420 15:48:26.962259 Main        (1818352) /home/lgw/Lumine-benchmarks/Experiments/09/src/1_end/end.cpp:48] req_id = 2640027, end_time = 1682005706962256
I0420 15:48:26.964507 Main        (1818352) /home/lgw/Lumine-benchmarks/Experiments/09/src/1_end/end.cpp:48] req_id = 2820028, end_time = 1682005706964505
I0420 15:48:26.966634 Main        (1818352) /home/lgw/Lumine-benchmarks/Experiments/09/src/1_end/end.cpp:48] req_id = 3000027, end_time = 1682005706966631
I0420 15:48:26.968642 Main        (1818352) /home/lgw/Lumine-benchmarks/Experiments/09/src/1_end/end.cpp:48] req_id = 2400028, end_time = 1682005706968640
I0420 15:48:26.970236 Main        (1818352) /home/lgw/Lumine-benchmarks/Experiments/09/src/1_end/end.cpp:48] req_id = 2400027, end_time = 1682005706970233
I0420 15:48:26.970527 Main        (1818352) /home/lgw/Lumine-benchmarks/Experiments/09/src/1_end/end.cpp:48] req_id = 2460027, end_time = 1682005706970524
I0420 15:48:26.970897 Main        (1818352) /home/lgw/Lumine-benchmarks/Experiments/09/src/1_end/end.cpp:48] req_id = 2640028, end_time = 1682005706970895
I0420 15:48:26.976176 Main        (1818352) /home/lgw/Lumine-benchmarks/Experiments/09/src/1_end/end.cpp:48] req_id = 1680028, end_time = 1682005706976174
I0420 15:48:26.981679 Main        (1818352) /home/lgw/Lumine-benchmarks/Experiments/09/src/1_end/end.cpp:48] req_id = 1200027, end_time = 1682005706981677
I0420 15:48:26.989262 Main        (1818352) /home/lgw/Lumine-benchmarks/Experiments/09/src/1_end/end.cpp:48] req_id = 60030, end_time = 1682005706989249
I0420 15:48:26.995626 Main        (1818352) /home/lgw/Lumine-benchmarks/Experiments/09/src/1_end/end.cpp:48] req_id = 180029, end_time = 1682005706995621
I0420 15:48:26.999706 Main        (1818352) /home/lgw/Lumine-benchmarks/Experiments/09/src/1_end/end.cpp:48] req_id = 120029, end_time = 1682005706999701
I0420 15:48:27.002076 Main        (1818352) /home/lgw/Lumine-benchmarks/Experiments/09/src/1_end/end.cpp:48] req_id = 240029, end_time = 1682005707002072
I0420 15:48:27.030549 Main        (1818352) /home/lgw/Lumine-benchmarks/Experiments/09/src/1_end/end.cpp:48] req_id = 480029, end_time = 1682005707030544
I0420 15:48:27.054620 Main        (1818352) /home/lgw/Lumine-benchmarks/Experiments/09/src/1_end/end.cpp:48] req_id = 300029, end_time = 1682005707054617
I0420 15:48:27.065285 Main        (1818352) /home/lgw/Lumine-benchmarks/Experiments/09/src/1_end/end.cpp:48] req_id = 420029, end_time = 1682005707065282
I0420 15:48:27.080461 Main        (1818352) /home/lgw/Lumine-benchmarks/Experiments/09/src/1_end/end.cpp:48] req_id = 2160030, end_time = 1682005707080455
I0420 15:48:27.083328 Main        (1818352) /home/lgw/Lumine-benchmarks/Experiments/09/src/1_end/end.cpp:48] req_id = 1020029, end_time = 1682005707083322
I0420 15:48:27.118333 Main        (1818352) /home/lgw/Lumine-benchmarks/Experiments/09/src/1_end/end.cpp:48] req_id = 1140030, end_time = 1682005707118326
I0420 15:48:27.143360 Main        (1818352) /home/lgw/Lumine-benchmarks/Experiments/09/src/1_end/end.cpp:48] req_id = 2400030, end_time = 1682005707143352
I0420 15:48:27.148837 Main        (1818352) /home/lgw/Lumine-benchmarks/Experiments/09/src/1_end/end.cpp:48] req_id = 2340030, end_time = 1682005707148831
I0420 15:48:27.149554 Main        (1818352) /home/lgw/Lumine-benchmarks/Experiments/09/src/1_end/end.cpp:48] req_id = 960029, end_time = 1682005707149549
I0420 15:48:27.150058 Main        (1818352) /home/lgw/Lumine-benchmarks/Experiments/09/src/1_end/end.cpp:48] req_id = 2160029, end_time = 1682005707150051
I0420 15:48:27.150598 Main        (1818352) /home/lgw/Lumine-benchmarks/Experiments/09/src/1_end/end.cpp:48] req_id = 2700030, end_time = 1682005707150592
I0420 15:48:27.194023 Main        (1818352) /home/lgw/Lumine-benchmarks/Experiments/09/src/1_end/end.cpp:48] req_id = 120031, end_time = 1682005707194017
I0420 15:48:27.195372 Main        (1818352) /home/lgw/Lumine-benchmarks/Experiments/09/src/1_end/end.cpp:48] req_id = 60032, end_time = 1682005707195358
I0420 15:48:27.214048 Main        (1818352) /home/lgw/Lumine-benchmarks/Experiments/09/src/1_end/end.cpp:48] req_id = 300031, end_time = 1682005707214042
I0420 15:48:27.222981 Main        (1818352) /home/lgw/Lumine-benchmarks/Experiments/09/src/1_end/end.cpp:48] req_id = 180031, end_time = 1682005707222975
I0420 15:48:27.242623 Main        (1818352) /home/lgw/Lumine-benchmarks/Experiments/09/src/1_end/end.cpp:48] req_id = 240031, end_time = 1682005707242617
I0420 15:48:27.270089 Main        (1818352) /home/lgw/Lumine-benchmarks/Experiments/09/src/1_end/end.cpp:48] req_id = 120032, end_time = 1682005707270083
I0420 15:48:27.274123 Main        (1818352) /home/lgw/Lumine-benchmarks/Experiments/09/src/1_end/end.cpp:48] req_id = 480031, end_time = 1682005707274116
I0420 15:48:27.281262 Main        (1818352) /home/lgw/Lumine-benchmarks/Experiments/09/src/1_end/end.cpp:48] req_id = 1080031, end_time = 1682005707281256
I0420 15:48:27.296923 Main        (1818352) /home/lgw/Lumine-benchmarks/Experiments/09/src/1_end/end.cpp:48] req_id = 720032, end_time = 1682005707296917
I0420 15:48:27.313575 Main        (1818352) /home/lgw/Lumine-benchmarks/Experiments/09/src/1_end/end.cpp:48] req_id = 1860032, end_time = 1682005707313568
I0420 15:48:27.319108 Main        (1818352) /home/lgw/Lumine-benchmarks/Experiments/09/src/1_end/end.cpp:48] req_id = 600032, end_time = 1682005707319102
I0420 15:48:27.351857 Main        (1818352) /home/lgw/Lumine-benchmarks/Experiments/09/src/1_end/end.cpp:48] req_id = 2760032, end_time = 1682005707351851
I0420 15:48:27.352756 Main        (1818352) /home/lgw/Lumine-benchmarks/Experiments/09/src/1_end/end.cpp:48] req_id = 2700032, end_time = 1682005707352749
I0420 15:48:27.354331 Main        (1818352) /home/lgw/Lumine-benchmarks/Experiments/09/src/1_end/end.cpp:48] req_id = 2340031, end_time = 1682005707354325
I0420 15:48:27.354681 Main        (1818352) /home/lgw/Lumine-benchmarks/Experiments/09/src/1_end/end.cpp:48] req_id = 2040031, end_time = 1682005707354676
I0420 15:48:27.563805 Main        (1818352) /home/lgw/Lumine-benchmarks/Experiments/09/src/1_end/end.cpp:48] req_id = 2040033, end_time = 1682005707563799
