I0419 02:19:44.699865 Main        (1770120) /home/lgw/Lumine-benchmarks/Lumine/lib/base/thread.cpp:96] Register main thread: tid=1770120
I0419 02:19:44.703044 Main        (1770120) /home/lgw/Lumine-benchmarks/Lumine/lib/common/config.cpp:332] Load configuration for function exp09Start[1]
I0419 02:19:44.703283 Main        (1770120) /home/lgw/Lumine-benchmarks/Lumine/lib/common/config.cpp:332] Load configuration for function exp09End[2]
I0419 02:19:44.703388 Main        (1770120) /home/lgw/Lumine-benchmarks/Lumine/lib/common/config.cpp:332] Load configuration for function exp09Register[3]
I0419 02:19:44.703701 Main        (1770120) /home/lgw/Lumine-benchmarks/Lumine/src/host/worker/cpp/func_worker.cpp:107] My client_id is 12
I0419 02:19:44.703841 Main        (1770120) /home/lgw/Lumine-benchmarks/Lumine/src/host/worker/cpp/func_worker.cpp:173] Use extra pipes for messages
I0419 02:19:44.704235 Main        (1770120) /home/lgw/Lumine-benchmarks/Lumine/src/host/worker/cpp/func_worker.cpp:195] Handshake done
I0419 02:23:31.675216 Main        (1770120) /home/lgw/Lumine-benchmarks/Experiments/09/src/1_end/end.cpp:48] req_id = 240051, end_time = 1681871011675203
I0419 02:23:32.392461 Main        (1770120) /home/lgw/Lumine-benchmarks/Experiments/09/src/1_end/end.cpp:48] req_id = 120053, end_time = 1681871012392450
I0419 02:23:32.393908 Main        (1770120) /home/lgw/Lumine-benchmarks/Experiments/09/src/1_end/end.cpp:48] req_id = 180053, end_time = 1681871012393904
I0419 02:23:32.397765 Main        (1770120) /home/lgw/Lumine-benchmarks/Experiments/09/src/1_end/end.cpp:48] req_id = 60055, end_time = 1681871012397760
I0419 02:23:32.398750 Main        (1770120) /home/lgw/Lumine-benchmarks/Experiments/09/src/1_end/end.cpp:48] req_id = 240053, end_time = 1681871012398745
I0419 02:23:32.400450 Main        (1770120) /home/lgw/Lumine-benchmarks/Experiments/09/src/1_end/end.cpp:48] req_id = 120054, end_time = 1681871012400446
I0419 02:23:32.402161 Main        (1770120) /home/lgw/Lumine-benchmarks/Experiments/09/src/1_end/end.cpp:48] req_id = 180054, end_time = 1681871012402157
I0419 02:23:37.202819 Main        (1770120) /home/lgw/Lumine-benchmarks/Experiments/09/src/1_end/end.cpp:48] req_id = 180066, end_time = 1681871017202812
I0419 02:23:38.004561 Main        (1770120) /home/lgw/Lumine-benchmarks/Experiments/09/src/1_end/end.cpp:48] req_id = 240068, end_time = 1681871018004555
I0419 02:23:38.047827 Main        (1770120) /home/lgw/Lumine-benchmarks/Experiments/09/src/1_end/end.cpp:48] req_id = 120067, end_time = 1681871018047821
I0419 02:23:38.789469 Main        (1770120) /home/lgw/Lumine-benchmarks/Experiments/09/src/1_end/end.cpp:48] req_id = 60070, end_time = 1681871018789461
I0419 02:23:38.792065 Main        (1770120) /home/lgw/Lumine-benchmarks/Experiments/09/src/1_end/end.cpp:48] req_id = 120069, end_time = 1681871018792060
I0419 02:23:38.795706 Main        (1770120) /home/lgw/Lumine-benchmarks/Experiments/09/src/1_end/end.cpp:48] req_id = 240069, end_time = 1681871018795701
I0419 02:23:38.797345 Main        (1770120) /home/lgw/Lumine-benchmarks/Experiments/09/src/1_end/end.cpp:48] req_id = 180069, end_time = 1681871018797341
I0419 02:23:38.799733 Main        (1770120) /home/lgw/Lumine-benchmarks/Experiments/09/src/1_end/end.cpp:48] req_id = 60071, end_time = 1681871018799730
I0419 02:23:38.799956 Main        (1770120) /home/lgw/Lumine-benchmarks/Experiments/09/src/1_end/end.cpp:48] req_id = 120070, end_time = 1681871018799953
I0419 02:23:38.801767 Main        (1770120) /home/lgw/Lumine-benchmarks/Experiments/09/src/1_end/end.cpp:48] req_id = 180070, end_time = 1681871018801765
I0419 02:23:38.802039 Main        (1770120) /home/lgw/Lumine-benchmarks/Experiments/09/src/1_end/end.cpp:48] req_id = 240070, end_time = 1681871018802036
I0419 02:23:39.591840 Main        (1770120) /home/lgw/Lumine-benchmarks/Experiments/09/src/1_end/end.cpp:48] req_id = 60072, end_time = 1681871019591835
I0419 02:23:39.593798 Main        (1770120) /home/lgw/Lumine-benchmarks/Experiments/09/src/1_end/end.cpp:48] req_id = 120071, end_time = 1681871019593795
I0419 02:23:39.596748 Main        (1770120) /home/lgw/Lumine-benchmarks/Experiments/09/src/1_end/end.cpp:48] req_id = 180071, end_time = 1681871019596744
I0419 02:23:39.598476 Main        (1770120) /home/lgw/Lumine-benchmarks/Experiments/09/src/1_end/end.cpp:48] req_id = 240071, end_time = 1681871019598472
I0419 02:23:39.600131 Main        (1770120) /home/lgw/Lumine-benchmarks/Experiments/09/src/1_end/end.cpp:48] req_id = 60073, end_time = 1681871019600128
I0419 02:23:39.601636 Main        (1770120) /home/lgw/Lumine-benchmarks/Experiments/09/src/1_end/end.cpp:48] req_id = 120072, end_time = 1681871019601634
I0419 02:23:39.602570 Main        (1770120) /home/lgw/Lumine-benchmarks/Experiments/09/src/1_end/end.cpp:48] req_id = 180072, end_time = 1681871019602567
I0419 02:23:41.204423 Main        (1770120) /home/lgw/Lumine-benchmarks/Experiments/09/src/1_end/end.cpp:48] req_id = 240076, end_time = 1681871021204418
I0419 02:23:41.994190 Main        (1770120) /home/lgw/Lumine-benchmarks/Experiments/09/src/1_end/end.cpp:48] req_id = 60078, end_time = 1681871021994185
I0419 02:23:41.997185 Main        (1770120) /home/lgw/Lumine-benchmarks/Experiments/09/src/1_end/end.cpp:48] req_id = 180077, end_time = 1681871021997180
I0419 02:23:41.999025 Main        (1770120) /home/lgw/Lumine-benchmarks/Experiments/09/src/1_end/end.cpp:48] req_id = 240077, end_time = 1681871021999021
I0419 02:23:42.000787 Main        (1770120) /home/lgw/Lumine-benchmarks/Experiments/09/src/1_end/end.cpp:48] req_id = 60079, end_time = 1681871022000784
I0419 02:23:42.002129 Main        (1770120) /home/lgw/Lumine-benchmarks/Experiments/09/src/1_end/end.cpp:48] req_id = 120078, end_time = 1681871022002126
I0419 02:23:42.002704 Main        (1770120) /home/lgw/Lumine-benchmarks/Experiments/09/src/1_end/end.cpp:48] req_id = 180078, end_time = 1681871022002702
I0419 02:23:42.790801 Main        (1770120) /home/lgw/Lumine-benchmarks/Experiments/09/src/1_end/end.cpp:48] req_id = 60080, end_time = 1681871022790797
I0419 02:23:42.792907 Main        (1770120) /home/lgw/Lumine-benchmarks/Experiments/09/src/1_end/end.cpp:48] req_id = 120079, end_time = 1681871022792904
I0419 02:23:42.794857 Main        (1770120) /home/lgw/Lumine-benchmarks/Experiments/09/src/1_end/end.cpp:48] req_id = 180079, end_time = 1681871022794854
I0419 02:23:42.796603 Main        (1770120) /home/lgw/Lumine-benchmarks/Experiments/09/src/1_end/end.cpp:48] req_id = 240079, end_time = 1681871022796598
I0419 02:23:42.799917 Main        (1770120) /home/lgw/Lumine-benchmarks/Experiments/09/src/1_end/end.cpp:48] req_id = 60081, end_time = 1681871022799914
I0419 02:23:42.800206 Main        (1770120) /home/lgw/Lumine-benchmarks/Experiments/09/src/1_end/end.cpp:48] req_id = 120080, end_time = 1681871022800204
I0419 02:23:42.801396 Main        (1770120) /home/lgw/Lumine-benchmarks/Experiments/09/src/1_end/end.cpp:48] req_id = 180080, end_time = 1681871022801394
I0419 02:23:43.590871 Main        (1770120) /home/lgw/Lumine-benchmarks/Experiments/09/src/1_end/end.cpp:48] req_id = 60082, end_time = 1681871023590868
I0419 02:23:43.593941 Main        (1770120) /home/lgw/Lumine-benchmarks/Experiments/09/src/1_end/end.cpp:48] req_id = 120081, end_time = 1681871023593936
I0419 02:23:43.596849 Main        (1770120) /home/lgw/Lumine-benchmarks/Experiments/09/src/1_end/end.cpp:48] req_id = 180081, end_time = 1681871023596845
I0419 02:23:43.599295 Main        (1770120) /home/lgw/Lumine-benchmarks/Experiments/09/src/1_end/end.cpp:48] req_id = 240081, end_time = 1681871023599292
I0419 02:23:43.600738 Main        (1770120) /home/lgw/Lumine-benchmarks/Experiments/09/src/1_end/end.cpp:48] req_id = 60083, end_time = 1681871023600736
I0419 02:23:43.602164 Main        (1770120) /home/lgw/Lumine-benchmarks/Experiments/09/src/1_end/end.cpp:48] req_id = 120082, end_time = 1681871023602161
I0419 02:23:43.602911 Main        (1770120) /home/lgw/Lumine-benchmarks/Experiments/09/src/1_end/end.cpp:48] req_id = 180082, end_time = 1681871023602908
I0419 02:23:43.603263 Main        (1770120) /home/lgw/Lumine-benchmarks/Experiments/09/src/1_end/end.cpp:48] req_id = 240082, end_time = 1681871023603261
I0419 02:23:44.393946 Main        (1770120) /home/lgw/Lumine-benchmarks/Experiments/09/src/1_end/end.cpp:48] req_id = 60084, end_time = 1681871024393941
I0419 02:23:44.395555 Main        (1770120) /home/lgw/Lumine-benchmarks/Experiments/09/src/1_end/end.cpp:48] req_id = 120083, end_time = 1681871024395551
I0419 02:23:44.397240 Main        (1770120) /home/lgw/Lumine-benchmarks/Experiments/09/src/1_end/end.cpp:48] req_id = 180083, end_time = 1681871024397237
I0419 02:23:44.399864 Main        (1770120) /home/lgw/Lumine-benchmarks/Experiments/09/src/1_end/end.cpp:48] req_id = 240083, end_time = 1681871024399860
I0419 02:23:44.400288 Main        (1770120) /home/lgw/Lumine-benchmarks/Experiments/09/src/1_end/end.cpp:48] req_id = 60085, end_time = 1681871024400285
I0419 02:23:44.402430 Main        (1770120) /home/lgw/Lumine-benchmarks/Experiments/09/src/1_end/end.cpp:48] req_id = 240084, end_time = 1681871024402427
I0419 02:23:44.402764 Main        (1770120) /home/lgw/Lumine-benchmarks/Experiments/09/src/1_end/end.cpp:48] req_id = 180084, end_time = 1681871024402762
I0419 02:23:45.190895 Main        (1770120) /home/lgw/Lumine-benchmarks/Experiments/09/src/1_end/end.cpp:48] req_id = 60086, end_time = 1681871025190891
I0419 02:23:45.191197 Main        (1770120) /home/lgw/Lumine-benchmarks/Experiments/09/src/1_end/end.cpp:48] req_id = 120085, end_time = 1681871025191194
I0419 02:23:45.196016 Main        (1770120) /home/lgw/Lumine-benchmarks/Experiments/09/src/1_end/end.cpp:48] req_id = 180085, end_time = 1681871025196012
I0419 02:23:45.198286 Main        (1770120) /home/lgw/Lumine-benchmarks/Experiments/09/src/1_end/end.cpp:48] req_id = 240085, end_time = 1681871025198281
I0419 02:23:45.200199 Main        (1770120) /home/lgw/Lumine-benchmarks/Experiments/09/src/1_end/end.cpp:48] req_id = 60087, end_time = 1681871025200196
I0419 02:23:45.201293 Main        (1770120) /home/lgw/Lumine-benchmarks/Experiments/09/src/1_end/end.cpp:48] req_id = 120086, end_time = 1681871025201290
I0419 02:23:45.201858 Main        (1770120) /home/lgw/Lumine-benchmarks/Experiments/09/src/1_end/end.cpp:48] req_id = 180086, end_time = 1681871025201856
I0419 02:23:45.202572 Main        (1770120) /home/lgw/Lumine-benchmarks/Experiments/09/src/1_end/end.cpp:48] req_id = 240086, end_time = 1681871025202569
I0419 02:23:45.990707 Main        (1770120) /home/lgw/Lumine-benchmarks/Experiments/09/src/1_end/end.cpp:48] req_id = 60088, end_time = 1681871025990703
I0419 02:23:45.993741 Main        (1770120) /home/lgw/Lumine-benchmarks/Experiments/09/src/1_end/end.cpp:48] req_id = 120087, end_time = 1681871025993738
I0419 02:23:45.996357 Main        (1770120) /home/lgw/Lumine-benchmarks/Experiments/09/src/1_end/end.cpp:48] req_id = 180087, end_time = 1681871025996354
I0419 02:23:45.998403 Main        (1770120) /home/lgw/Lumine-benchmarks/Experiments/09/src/1_end/end.cpp:48] req_id = 240087, end_time = 1681871025998399
I0419 02:23:46.002089 Main        (1770120) /home/lgw/Lumine-benchmarks/Experiments/09/src/1_end/end.cpp:48] req_id = 60089, end_time = 1681871026002085
I0419 02:23:49.205284 Main        (1770120) /home/lgw/Lumine-benchmarks/Experiments/09/src/1_end/end.cpp:48] req_id = 180096, end_time = 1681871029205272
I0419 02:23:50.001821 Main        (1770120) /home/lgw/Lumine-benchmarks/Experiments/09/src/1_end/end.cpp:48] req_id = 60099, end_time = 1681871030001816
I0419 02:23:50.803109 Main        (1770120) /home/lgw/Lumine-benchmarks/Experiments/09/src/1_end/end.cpp:48] req_id = 240100, end_time = 1681871030803104
I0419 02:23:51.589312 Main        (1770120) /home/lgw/Lumine-benchmarks/Experiments/09/src/1_end/end.cpp:48] req_id = 60102, end_time = 1681871031589308
I0419 02:23:51.592414 Main        (1770120) /home/lgw/Lumine-benchmarks/Experiments/09/src/1_end/end.cpp:48] req_id = 120101, end_time = 1681871031592410
I0419 02:23:51.595917 Main        (1770120) /home/lgw/Lumine-benchmarks/Experiments/09/src/1_end/end.cpp:48] req_id = 180101, end_time = 1681871031595911
I0419 02:23:51.598150 Main        (1770120) /home/lgw/Lumine-benchmarks/Experiments/09/src/1_end/end.cpp:48] req_id = 60103, end_time = 1681871031598144
I0419 02:23:51.599066 Main        (1770120) /home/lgw/Lumine-benchmarks/Experiments/09/src/1_end/end.cpp:48] req_id = 120102, end_time = 1681871031599060
I0419 02:23:51.599304 Main        (1770120) /home/lgw/Lumine-benchmarks/Experiments/09/src/1_end/end.cpp:48] req_id = 240101, end_time = 1681871031599301
I0419 02:23:51.601477 Main        (1770120) /home/lgw/Lumine-benchmarks/Experiments/09/src/1_end/end.cpp:48] req_id = 180102, end_time = 1681871031601471
I0419 02:23:51.601780 Main        (1770120) /home/lgw/Lumine-benchmarks/Experiments/09/src/1_end/end.cpp:48] req_id = 240102, end_time = 1681871031601775
I0419 02:23:52.392014 Main        (1770120) /home/lgw/Lumine-benchmarks/Experiments/09/src/1_end/end.cpp:48] req_id = 60104, end_time = 1681871032392011
I0419 02:23:52.392920 Main        (1770120) /home/lgw/Lumine-benchmarks/Experiments/09/src/1_end/end.cpp:48] req_id = 120103, end_time = 1681871032392916
I0419 02:23:52.397795 Main        (1770120) /home/lgw/Lumine-benchmarks/Experiments/09/src/1_end/end.cpp:48] req_id = 240103, end_time = 1681871032397791
I0419 02:23:52.399105 Main        (1770120) /home/lgw/Lumine-benchmarks/Experiments/09/src/1_end/end.cpp:48] req_id = 60105, end_time = 1681871032399101
I0419 02:23:52.400393 Main        (1770120) /home/lgw/Lumine-benchmarks/Experiments/09/src/1_end/end.cpp:48] req_id = 120104, end_time = 1681871032400388
I0419 02:23:52.401825 Main        (1770120) /home/lgw/Lumine-benchmarks/Experiments/09/src/1_end/end.cpp:48] req_id = 180104, end_time = 1681871032401820
I0419 02:23:53.999650 Main        (1770120) /home/lgw/Lumine-benchmarks/Experiments/09/src/1_end/end.cpp:48] req_id = 240107, end_time = 1681871033999645
I0419 02:23:54.002278 Main        (1770120) /home/lgw/Lumine-benchmarks/Experiments/09/src/1_end/end.cpp:48] req_id = 180108, end_time = 1681871034002275
I0419 02:23:54.002519 Main        (1770120) /home/lgw/Lumine-benchmarks/Experiments/09/src/1_end/end.cpp:48] req_id = 240108, end_time = 1681871034002517
I0419 02:23:54.789765 Main        (1770120) /home/lgw/Lumine-benchmarks/Experiments/09/src/1_end/end.cpp:48] req_id = 60110, end_time = 1681871034789762
I0419 02:23:54.791984 Main        (1770120) /home/lgw/Lumine-benchmarks/Experiments/09/src/1_end/end.cpp:48] req_id = 120109, end_time = 1681871034791982
I0419 02:23:54.793204 Main        (1770120) /home/lgw/Lumine-benchmarks/Experiments/09/src/1_end/end.cpp:48] req_id = 180109, end_time = 1681871034793202
I0419 02:23:54.796601 Main        (1770120) /home/lgw/Lumine-benchmarks/Experiments/09/src/1_end/end.cpp:48] req_id = 240109, end_time = 1681871034796597
I0419 02:23:54.799052 Main        (1770120) /home/lgw/Lumine-benchmarks/Experiments/09/src/1_end/end.cpp:48] req_id = 60111, end_time = 1681871034799049
I0419 02:23:54.799545 Main        (1770120) /home/lgw/Lumine-benchmarks/Experiments/09/src/1_end/end.cpp:48] req_id = 120110, end_time = 1681871034799543
I0419 02:23:54.801092 Main        (1770120) /home/lgw/Lumine-benchmarks/Experiments/09/src/1_end/end.cpp:48] req_id = 180110, end_time = 1681871034801090
I0419 02:23:54.801375 Main        (1770120) /home/lgw/Lumine-benchmarks/Experiments/09/src/1_end/end.cpp:48] req_id = 240110, end_time = 1681871034801373
I0419 02:23:55.589138 Main        (1770120) /home/lgw/Lumine-benchmarks/Experiments/09/src/1_end/end.cpp:48] req_id = 60112, end_time = 1681871035589134
I0419 02:23:55.591660 Main        (1770120) /home/lgw/Lumine-benchmarks/Experiments/09/src/1_end/end.cpp:48] req_id = 180111, end_time = 1681871035591658
I0419 02:23:55.595548 Main        (1770120) /home/lgw/Lumine-benchmarks/Experiments/09/src/1_end/end.cpp:48] req_id = 60113, end_time = 1681871035595546
I0419 02:23:55.597652 Main        (1770120) /home/lgw/Lumine-benchmarks/Experiments/09/src/1_end/end.cpp:48] req_id = 240111, end_time = 1681871035597650
I0419 02:23:55.598290 Main        (1770120) /home/lgw/Lumine-benchmarks/Experiments/09/src/1_end/end.cpp:48] req_id = 120112, end_time = 1681871035598288
I0419 02:23:55.600775 Main        (1770120) /home/lgw/Lumine-benchmarks/Experiments/09/src/1_end/end.cpp:48] req_id = 180112, end_time = 1681871035600773
I0419 02:23:55.601001 Main        (1770120) /home/lgw/Lumine-benchmarks/Experiments/09/src/1_end/end.cpp:48] req_id = 240112, end_time = 1681871035600999
I0419 02:23:56.390931 Main        (1770120) /home/lgw/Lumine-benchmarks/Experiments/09/src/1_end/end.cpp:48] req_id = 60114, end_time = 1681871036390926
I0419 02:23:56.394690 Main        (1770120) /home/lgw/Lumine-benchmarks/Experiments/09/src/1_end/end.cpp:48] req_id = 180113, end_time = 1681871036394684
I0419 02:23:56.397031 Main        (1770120) /home/lgw/Lumine-benchmarks/Experiments/09/src/1_end/end.cpp:48] req_id = 240113, end_time = 1681871036397027
I0419 02:23:56.399741 Main        (1770120) /home/lgw/Lumine-benchmarks/Experiments/09/src/1_end/end.cpp:48] req_id = 60115, end_time = 1681871036399735
I0419 02:23:56.401229 Main        (1770120) /home/lgw/Lumine-benchmarks/Experiments/09/src/1_end/end.cpp:48] req_id = 120114, end_time = 1681871036401223
I0419 02:23:56.401889 Main        (1770120) /home/lgw/Lumine-benchmarks/Experiments/09/src/1_end/end.cpp:48] req_id = 180114, end_time = 1681871036401886
I0419 02:23:56.405758 Main        (1770120) /home/lgw/Lumine-benchmarks/Experiments/09/src/1_end/end.cpp:48] req_id = 240114, end_time = 1681871036405752
I0419 02:23:57.189556 Main        (1770120) /home/lgw/Lumine-benchmarks/Experiments/09/src/1_end/end.cpp:48] req_id = 60116, end_time = 1681871037189552
I0419 02:23:57.192935 Main        (1770120) /home/lgw/Lumine-benchmarks/Experiments/09/src/1_end/end.cpp:48] req_id = 120115, end_time = 1681871037192930
I0419 02:23:57.194351 Main        (1770120) /home/lgw/Lumine-benchmarks/Experiments/09/src/1_end/end.cpp:48] req_id = 180115, end_time = 1681871037194346
I0419 02:23:57.198913 Main        (1770120) /home/lgw/Lumine-benchmarks/Experiments/09/src/1_end/end.cpp:48] req_id = 240115, end_time = 1681871037198907
I0419 02:23:57.199520 Main        (1770120) /home/lgw/Lumine-benchmarks/Experiments/09/src/1_end/end.cpp:48] req_id = 120116, end_time = 1681871037199514
I0419 02:23:57.201167 Main        (1770120) /home/lgw/Lumine-benchmarks/Experiments/09/src/1_end/end.cpp:48] req_id = 180116, end_time = 1681871037201160
I0419 02:23:57.201600 Main        (1770120) /home/lgw/Lumine-benchmarks/Experiments/09/src/1_end/end.cpp:48] req_id = 240116, end_time = 1681871037201595
I0419 02:23:57.989633 Main        (1770120) /home/lgw/Lumine-benchmarks/Experiments/09/src/1_end/end.cpp:48] req_id = 60118, end_time = 1681871037989627
I0419 02:23:57.993634 Main        (1770120) /home/lgw/Lumine-benchmarks/Experiments/09/src/1_end/end.cpp:48] req_id = 120117, end_time = 1681871037993628
I0419 02:23:57.993948 Main        (1770120) /home/lgw/Lumine-benchmarks/Experiments/09/src/1_end/end.cpp:48] req_id = 180117, end_time = 1681871037993945
I0419 02:23:58.000952 Main        (1770120) /home/lgw/Lumine-benchmarks/Experiments/09/src/1_end/end.cpp:48] req_id = 60119, end_time = 1681871038000946
I0419 02:23:58.001539 Main        (1770120) /home/lgw/Lumine-benchmarks/Experiments/09/src/1_end/end.cpp:48] req_id = 240117, end_time = 1681871038001533
I0419 02:23:59.601252 Main        (1770120) /home/lgw/Lumine-benchmarks/Experiments/09/src/1_end/end.cpp:48] req_id = 120122, end_time = 1681871039601242
I0419 02:23:59.602657 Main        (1770120) /home/lgw/Lumine-benchmarks/Experiments/09/src/1_end/end.cpp:48] req_id = 180122, end_time = 1681871039602652
I0419 02:23:59.603488 Main        (1770120) /home/lgw/Lumine-benchmarks/Experiments/09/src/1_end/end.cpp:48] req_id = 240122, end_time = 1681871039603483
I0419 02:23:59.636036 Main        (1770120) /home/lgw/Lumine-benchmarks/Experiments/09/src/1_end/end.cpp:48] req_id = 60122, end_time = 1681871039636031
I0419 02:24:00.390047 Main        (1770120) /home/lgw/Lumine-benchmarks/Experiments/09/src/1_end/end.cpp:48] req_id = 60124, end_time = 1681871040390043
I0419 02:24:00.393548 Main        (1770120) /home/lgw/Lumine-benchmarks/Experiments/09/src/1_end/end.cpp:48] req_id = 120123, end_time = 1681871040393544
I0419 02:24:00.399227 Main        (1770120) /home/lgw/Lumine-benchmarks/Experiments/09/src/1_end/end.cpp:48] req_id = 240123, end_time = 1681871040399223
I0419 02:24:00.400549 Main        (1770120) /home/lgw/Lumine-benchmarks/Experiments/09/src/1_end/end.cpp:48] req_id = 180123, end_time = 1681871040400545
I0419 02:24:00.402408 Main        (1770120) /home/lgw/Lumine-benchmarks/Experiments/09/src/1_end/end.cpp:48] req_id = 60125, end_time = 1681871040402405
I0419 02:24:00.403496 Main        (1770120) /home/lgw/Lumine-benchmarks/Experiments/09/src/1_end/end.cpp:48] req_id = 120124, end_time = 1681871040403492
I0419 02:24:00.404802 Main        (1770120) /home/lgw/Lumine-benchmarks/Experiments/09/src/1_end/end.cpp:48] req_id = 240124, end_time = 1681871040404798
I0419 02:24:00.405232 Main        (1770120) /home/lgw/Lumine-benchmarks/Experiments/09/src/1_end/end.cpp:48] req_id = 180124, end_time = 1681871040405230
I0419 02:24:01.191752 Main        (1770120) /home/lgw/Lumine-benchmarks/Experiments/09/src/1_end/end.cpp:48] req_id = 60126, end_time = 1681871041191747
I0419 02:24:01.196805 Main        (1770120) /home/lgw/Lumine-benchmarks/Experiments/09/src/1_end/end.cpp:48] req_id = 120125, end_time = 1681871041196800
I0419 02:24:01.198685 Main        (1770120) /home/lgw/Lumine-benchmarks/Experiments/09/src/1_end/end.cpp:48] req_id = 180125, end_time = 1681871041198681
I0419 02:24:01.201310 Main        (1770120) /home/lgw/Lumine-benchmarks/Experiments/09/src/1_end/end.cpp:48] req_id = 240125, end_time = 1681871041201306
I0419 02:24:01.203280 Main        (1770120) /home/lgw/Lumine-benchmarks/Experiments/09/src/1_end/end.cpp:48] req_id = 60127, end_time = 1681871041203276
I0419 02:24:01.203600 Main        (1770120) /home/lgw/Lumine-benchmarks/Experiments/09/src/1_end/end.cpp:48] req_id = 120126, end_time = 1681871041203598
I0419 02:24:01.204340 Main        (1770120) /home/lgw/Lumine-benchmarks/Experiments/09/src/1_end/end.cpp:48] req_id = 180126, end_time = 1681871041204336
I0419 02:24:01.204772 Main        (1770120) /home/lgw/Lumine-benchmarks/Experiments/09/src/1_end/end.cpp:48] req_id = 240126, end_time = 1681871041204768
I0419 02:24:01.989141 Main        (1770120) /home/lgw/Lumine-benchmarks/Experiments/09/src/1_end/end.cpp:48] req_id = 60128, end_time = 1681871041989136
I0419 02:24:01.992951 Main        (1770120) /home/lgw/Lumine-benchmarks/Experiments/09/src/1_end/end.cpp:48] req_id = 120127, end_time = 1681871041992945
I0419 02:24:01.997823 Main        (1770120) /home/lgw/Lumine-benchmarks/Experiments/09/src/1_end/end.cpp:48] req_id = 120128, end_time = 1681871041997818
I0419 02:24:02.000146 Main        (1770120) /home/lgw/Lumine-benchmarks/Experiments/09/src/1_end/end.cpp:48] req_id = 180128, end_time = 1681871042000140
I0419 02:24:03.602974 Main        (1770120) /home/lgw/Lumine-benchmarks/Experiments/09/src/1_end/end.cpp:48] req_id = 240132, end_time = 1681871043602969
I0419 02:24:04.389910 Main        (1770120) /home/lgw/Lumine-benchmarks/Experiments/09/src/1_end/end.cpp:48] req_id = 60134, end_time = 1681871044389906
I0419 02:24:04.394919 Main        (1770120) /home/lgw/Lumine-benchmarks/Experiments/09/src/1_end/end.cpp:48] req_id = 120133, end_time = 1681871044394914
I0419 02:24:04.399322 Main        (1770120) /home/lgw/Lumine-benchmarks/Experiments/09/src/1_end/end.cpp:48] req_id = 240133, end_time = 1681871044399317
I0419 02:24:04.399819 Main        (1770120) /home/lgw/Lumine-benchmarks/Experiments/09/src/1_end/end.cpp:48] req_id = 180133, end_time = 1681871044399815
I0419 02:24:04.401694 Main        (1770120) /home/lgw/Lumine-benchmarks/Experiments/09/src/1_end/end.cpp:48] req_id = 60135, end_time = 1681871044401690
I0419 02:24:04.403216 Main        (1770120) /home/lgw/Lumine-benchmarks/Experiments/09/src/1_end/end.cpp:48] req_id = 120134, end_time = 1681871044403212
I0419 02:24:04.403914 Main        (1770120) /home/lgw/Lumine-benchmarks/Experiments/09/src/1_end/end.cpp:48] req_id = 180134, end_time = 1681871044403910
I0419 02:24:05.203728 Main        (1770120) /home/lgw/Lumine-benchmarks/Experiments/09/src/1_end/end.cpp:48] req_id = 180136, end_time = 1681871045203723
I0419 02:24:05.993022 Main        (1770120) /home/lgw/Lumine-benchmarks/Experiments/09/src/1_end/end.cpp:48] req_id = 60138, end_time = 1681871045993015
I0419 02:24:05.995751 Main        (1770120) /home/lgw/Lumine-benchmarks/Experiments/09/src/1_end/end.cpp:48] req_id = 120137, end_time = 1681871045995746
I0419 02:24:05.997369 Main        (1770120) /home/lgw/Lumine-benchmarks/Experiments/09/src/1_end/end.cpp:48] req_id = 180137, end_time = 1681871045997363
I0419 02:24:06.002328 Main        (1770120) /home/lgw/Lumine-benchmarks/Experiments/09/src/1_end/end.cpp:48] req_id = 60139, end_time = 1681871046002322
I0419 02:24:06.003462 Main        (1770120) /home/lgw/Lumine-benchmarks/Experiments/09/src/1_end/end.cpp:48] req_id = 120138, end_time = 1681871046003455
I0419 02:24:06.004019 Main        (1770120) /home/lgw/Lumine-benchmarks/Experiments/09/src/1_end/end.cpp:48] req_id = 180138, end_time = 1681871046004015
I0419 02:24:06.004242 Main        (1770120) /home/lgw/Lumine-benchmarks/Experiments/09/src/1_end/end.cpp:48] req_id = 240138, end_time = 1681871046004240
I0419 02:24:06.036161 Main        (1770120) /home/lgw/Lumine-benchmarks/Experiments/09/src/1_end/end.cpp:48] req_id = 240137, end_time = 1681871046036157
I0419 02:24:06.788746 Main        (1770120) /home/lgw/Lumine-benchmarks/Experiments/09/src/1_end/end.cpp:48] req_id = 60140, end_time = 1681871046788741
I0419 02:24:06.793729 Main        (1770120) /home/lgw/Lumine-benchmarks/Experiments/09/src/1_end/end.cpp:48] req_id = 120139, end_time = 1681871046793724
I0419 02:24:06.794434 Main        (1770120) /home/lgw/Lumine-benchmarks/Experiments/09/src/1_end/end.cpp:48] req_id = 180139, end_time = 1681871046794430
I0419 02:24:06.799549 Main        (1770120) /home/lgw/Lumine-benchmarks/Experiments/09/src/1_end/end.cpp:48] req_id = 60141, end_time = 1681871046799545
I0419 02:24:06.800132 Main        (1770120) /home/lgw/Lumine-benchmarks/Experiments/09/src/1_end/end.cpp:48] req_id = 240139, end_time = 1681871046800127
I0419 02:24:06.800805 Main        (1770120) /home/lgw/Lumine-benchmarks/Experiments/09/src/1_end/end.cpp:48] req_id = 120140, end_time = 1681871046800800
I0419 02:24:06.802084 Main        (1770120) /home/lgw/Lumine-benchmarks/Experiments/09/src/1_end/end.cpp:48] req_id = 240140, end_time = 1681871046802080
I0419 02:24:06.802459 Main        (1770120) /home/lgw/Lumine-benchmarks/Experiments/09/src/1_end/end.cpp:48] req_id = 180140, end_time = 1681871046802455
I0419 02:24:07.590949 Main        (1770120) /home/lgw/Lumine-benchmarks/Experiments/09/src/1_end/end.cpp:48] req_id = 60142, end_time = 1681871047590944
I0419 02:24:07.593189 Main        (1770120) /home/lgw/Lumine-benchmarks/Experiments/09/src/1_end/end.cpp:48] req_id = 120141, end_time = 1681871047593184
I0419 02:24:07.596317 Main        (1770120) /home/lgw/Lumine-benchmarks/Experiments/09/src/1_end/end.cpp:48] req_id = 180141, end_time = 1681871047596313
I0419 02:24:07.597978 Main        (1770120) /home/lgw/Lumine-benchmarks/Experiments/09/src/1_end/end.cpp:48] req_id = 240141, end_time = 1681871047597974
I0419 02:24:07.600287 Main        (1770120) /home/lgw/Lumine-benchmarks/Experiments/09/src/1_end/end.cpp:48] req_id = 60143, end_time = 1681871047600283
I0419 02:24:07.600591 Main        (1770120) /home/lgw/Lumine-benchmarks/Experiments/09/src/1_end/end.cpp:48] req_id = 120142, end_time = 1681871047600589
I0419 02:24:07.602404 Main        (1770120) /home/lgw/Lumine-benchmarks/Experiments/09/src/1_end/end.cpp:48] req_id = 180142, end_time = 1681871047602400
I0419 02:24:08.403374 Main        (1770120) /home/lgw/Lumine-benchmarks/Experiments/09/src/1_end/end.cpp:48] req_id = 240144, end_time = 1681871048403369
I0419 02:24:09.191578 Main        (1770120) /home/lgw/Lumine-benchmarks/Experiments/09/src/1_end/end.cpp:48] req_id = 60146, end_time = 1681871049191574
I0419 02:24:09.192447 Main        (1770120) /home/lgw/Lumine-benchmarks/Experiments/09/src/1_end/end.cpp:48] req_id = 120145, end_time = 1681871049192443
I0419 02:24:09.194612 Main        (1770120) /home/lgw/Lumine-benchmarks/Experiments/09/src/1_end/end.cpp:48] req_id = 180145, end_time = 1681871049194607
I0419 02:24:09.199585 Main        (1770120) /home/lgw/Lumine-benchmarks/Experiments/09/src/1_end/end.cpp:48] req_id = 60147, end_time = 1681871049199580
I0419 02:24:09.201281 Main        (1770120) /home/lgw/Lumine-benchmarks/Experiments/09/src/1_end/end.cpp:48] req_id = 120146, end_time = 1681871049201276
I0419 02:24:09.201910 Main        (1770120) /home/lgw/Lumine-benchmarks/Experiments/09/src/1_end/end.cpp:48] req_id = 240145, end_time = 1681871049201907
I0419 02:24:09.993341 Main        (1770120) /home/lgw/Lumine-benchmarks/Experiments/09/src/1_end/end.cpp:48] req_id = 120147, end_time = 1681871049993336
I0419 02:24:09.995890 Main        (1770120) /home/lgw/Lumine-benchmarks/Experiments/09/src/1_end/end.cpp:48] req_id = 180147, end_time = 1681871049995884
I0419 02:24:10.000699 Main        (1770120) /home/lgw/Lumine-benchmarks/Experiments/09/src/1_end/end.cpp:48] req_id = 60149, end_time = 1681871050000693
I0419 02:24:10.001173 Main        (1770120) /home/lgw/Lumine-benchmarks/Experiments/09/src/1_end/end.cpp:48] req_id = 120148, end_time = 1681871050001167
I0419 02:24:10.002292 Main        (1770120) /home/lgw/Lumine-benchmarks/Experiments/09/src/1_end/end.cpp:48] req_id = 240147, end_time = 1681871050002289
I0419 02:24:10.002951 Main        (1770120) /home/lgw/Lumine-benchmarks/Experiments/09/src/1_end/end.cpp:48] req_id = 180148, end_time = 1681871050002945
I0419 02:24:10.003549 Main        (1770120) /home/lgw/Lumine-benchmarks/Experiments/09/src/1_end/end.cpp:48] req_id = 240148, end_time = 1681871050003544
I0419 02:24:10.789020 Main        (1770120) /home/lgw/Lumine-benchmarks/Experiments/09/src/1_end/end.cpp:48] req_id = 60150, end_time = 1681871050789015
I0419 02:24:10.790833 Main        (1770120) /home/lgw/Lumine-benchmarks/Experiments/09/src/1_end/end.cpp:48] req_id = 120149, end_time = 1681871050790828
I0419 02:24:10.798612 Main        (1770120) /home/lgw/Lumine-benchmarks/Experiments/09/src/1_end/end.cpp:48] req_id = 60151, end_time = 1681871050798606
I0419 02:24:10.800215 Main        (1770120) /home/lgw/Lumine-benchmarks/Experiments/09/src/1_end/end.cpp:48] req_id = 180149, end_time = 1681871050800209
I0419 02:24:10.803042 Main        (1770120) /home/lgw/Lumine-benchmarks/Experiments/09/src/1_end/end.cpp:48] req_id = 240150, end_time = 1681871050803035
I0419 02:24:11.590097 Main        (1770120) /home/lgw/Lumine-benchmarks/Experiments/09/src/1_end/end.cpp:48] req_id = 60152, end_time = 1681871051590091
I0419 02:24:11.592447 Main        (1770120) /home/lgw/Lumine-benchmarks/Experiments/09/src/1_end/end.cpp:48] req_id = 120151, end_time = 1681871051592441
I0419 02:24:11.594582 Main        (1770120) /home/lgw/Lumine-benchmarks/Experiments/09/src/1_end/end.cpp:48] req_id = 180151, end_time = 1681871051594576
I0419 02:24:11.595322 Main        (1770120) /home/lgw/Lumine-benchmarks/Experiments/09/src/1_end/end.cpp:48] req_id = 240151, end_time = 1681871051595316
