Thread count 4
Successfully set max socket number to 10000
Notifying handler binded
Querying handler binded
Bucket operation handler binded
Trigger operation handler binded
Update status handler binded
func create socket binded
app regist socket binded
func call socket binded
forward func socket binded
Successfully set max socket number to 10000
Notifying handler binded
Querying handler binded
Bucket operation handler binded
Trigger operation handler binded
Update status handler binded
func create socket binded
app regist socket binded
func call socket binded
forward func socket binded
Successfully set max socket number to 10000
Successfully set max socket number to 10000
Notifying handler binded
Querying handler binded
Bucket operation handler binded
Trigger operation handler binded
Update status handler binded
func create socket binded
app regist socket binded
func call socket binded
forward func socket binded
Notifying handler binded
Querying handler binded
Bucket operation handler binded
Trigger operation handler binded
Update status handler binded
func create socket binded
app regist socket binded
func call socket binded
forward func socket binded
Application registered. name: exp00
