Thread count 4
Successfully set max socket number to 10000
Successfully set max socket number to 10000Successfully set max socket number to 
10000
Successfully set max socket number to 10000
Notifying handler binded
Notifying handler binded
Notifying handler binded
Notifying handler binded
Querying handler binded
Querying handler binded
Querying handler binded
Querying handler binded
Bucket operation handler binded
Bucket operation handler binded
Bucket operation handler binded
Bucket operation handler binded
Trigger operation handler binded
Trigger operation handler binded
Trigger operation handler binded
Trigger operation handler binded
Update status handler binded
Update status handler binded
Update status handler binded
Update status handler binded
func create socket binded
func create socket binded
app regist socket binded
func create socket binded
func create socket binded
app regist socket binded
func call socket binded
app regist socket binded
app regist socket bindedfunc call socket binded

forward func socket binded
func call socket binded
func call socket binded
forward func socket binded
forward func socket binded
forward func socket binded
Application registered. name: exp06
No available worker found for app exp06
No available worker found for app exp06
No available worker found for app exp06
No available worker found for app exp06
No available worker found for app exp06
