Read file config.yml
Running executor...
Loaded function exp06_marketdata. lib_load_elasped: 9009, func_load_elasped: 7
fail release: invalid id (mem = (nil), size = 48)
fail release: invalid id (mem = (nil), size = 48)
fail release: invalid id (mem = (nil), size = 48)
fail release: invalid id (mem = (nil), size = 48)
fail release: invalid id (mem = (nil), size = 48)
fail release: invalid id (mem = (nil), size = 48)
Loaded function exp06_run_audit_20. lib_load_elasped: 265, func_load_elasped: 1
Loaded function exp06_run_audit_15. lib_load_elasped: 336, func_load_elasped: 2
Loaded function exp06_run_audit_1. lib_load_elasped: 267, func_load_elasped: 1
Loaded function exp06_run_audit_8. lib_load_elasped: 271, func_load_elasped: 1
Loaded function exp06_run_audit_5. lib_load_elasped: 328, func_load_elasped: 1
Loaded function exp06_run_audit_7. lib_load_elasped: 385, func_load_elasped: 2
Loaded function exp06_run_audit_2. lib_load_elasped: 380, func_load_elasped: 2
Loaded function exp06_run_audit_16. lib_load_elasped: 362, func_load_elasped: 1
Loaded function exp06_run_audit_4. lib_load_elasped: 317, func_load_elasped: 1
Loaded function exp06_run_audit_12. lib_load_elasped: 380, func_load_elasped: 1
Loaded function exp06_run_audit_9. lib_load_elasped: 349, func_load_elasped: 2
Loaded function exp06_run_audit_6. lib_load_elasped: 447, func_load_elasped: 2
force_push: msg_id = 2689876, remain = 74, size = 64
Send to executer failed.force_push: msg_id = 2689930, remain = -54, size = 10
Send to executer failed.force_push: msg_id = 2691223, remain = 72, size = 64
Send to executer failed.Loaded function exp06_run_audit_3. lib_load_elasped: 506, func_load_elasped: 2
Loaded function exp06_run_audit_10. lib_load_elasped: 335, func_load_elasped: 1
Loaded function exp06_run_audit_14. lib_load_elasped: 1650, func_load_elasped: 1
Loaded function exp06_run_audit_13. lib_load_elasped: 2353, func_load_elasped: 1
Loaded function exp06_run_audit_11. lib_load_elasped: 350, func_load_elasped: 1
Loaded function exp06_run_audit_18. lib_load_elasped: 406, func_load_elasped: 1
Loaded function exp06_run_audit_19. lib_load_elasped: 325, func_load_elasped: 1
force_push: msg_id = 2709980, remain = 74, size = 64
Send to executer failed.Loaded function exp06_run_audit_17. lib_load_elasped: 468, func_load_elasped: 3
force_push: msg_id = 2727882, remain = 73, size = 64
Send to executer failed.