Read file config.yml
Running executor...
Loaded function exp06_marketdata. lib_load_elasped: 9388, func_load_elasped: 4
force_push: msg_id = 2683224, remain = -54, size = 10
Send to executer failed.Loaded function exp06_run_audit_13. lib_load_elasped: 268, func_load_elasped: 1
Loaded function exp06_run_audit_1. lib_load_elasped: 285, func_load_elasped: 1
Loaded function exp06_run_audit_7. lib_load_elasped: 240, func_load_elasped: 1
Loaded function exp06_run_audit_14. lib_load_elasped: 272, func_load_elasped: 1
Loaded function exp06_run_audit_11. lib_load_elasped: 192, func_load_elasped: 1
Loaded function exp06_run_audit_2. lib_load_elasped: 186, func_load_elasped: 1
Loaded function exp06_run_audit_12. lib_load_elasped: 165, func_load_elasped: 1
Loaded function exp06_run_audit_8. lib_load_elasped: 306, func_load_elasped: 2
Loaded function exp06_run_audit_3. lib_load_elasped: 354, func_load_elasped: 1
Loaded function exp06_run_audit_17. lib_load_elasped: 300, func_load_elasped: 2
Loaded function exp06_run_audit_9. lib_load_elasped: 298, func_load_elasped: 2
Loaded function exp06_run_audit_5. lib_load_elasped: 389, func_load_elasped: 2
Loaded function exp06_run_audit_19. lib_load_elasped: 371, func_load_elasped: 2
Loaded function exp06_run_audit_10. lib_load_elasped: 356, func_load_elasped: 2
Loaded function exp06_run_audit_16. lib_load_elasped: 375, func_load_elasped: 2
Loaded function exp06_run_audit_20. lib_load_elasped: 302, func_load_elasped: 1
force_push: msg_id = 2689946, remain = 10, size = 64
Send to executer failed.force_push: msg_id = 2689944, remain = 74, size = 64
Send to executer failed.force_push: msg_id = 2689950, remain = 10, size = 64
Send to executer failed.force_push: msg_id = 2691393, remain = -54, size = 10
Send to executer failed.force_push: msg_id = 2691921, remain = 8, size = 64
Send to executer failed.Loaded function exp06_run_audit_4. lib_load_elasped: 432, func_load_elasped: 1
Loaded function exp06_run_audit_15. lib_load_elasped: 367, func_load_elasped: 2
Loaded function exp06_run_audit_18. lib_load_elasped: 505, func_load_elasped: 2
Loaded function exp06_run_audit_6. lib_load_elasped: 532, func_load_elasped: 3
