Read file config.yml
Running executor...
Loaded function exp06_run_audit_1. lib_load_elasped: 436, func_load_elasped: 3
Loaded function exp06_run_audit_6. lib_load_elasped: 213, func_load_elasped: 1
Loaded function exp06_run_audit_14. lib_load_elasped: 239, func_load_elasped: 1
Loaded function exp06_run_audit_17. lib_load_elasped: 161, func_load_elasped: 1
Loaded function exp06_marketdata. lib_load_elasped: 3008, func_load_elasped: 1
fail release: invalid id (mem = (nil), size = 48)
Loaded function exp06_run_audit_2. lib_load_elasped: 292, func_load_elasped: 1
Loaded function exp06_run_audit_5. lib_load_elasped: 226, func_load_elasped: 1
Loaded function exp06_run_audit_9. lib_load_elasped: 261, func_load_elasped: 1
Loaded function exp06_run_audit_12. lib_load_elasped: 203, func_load_elasped: 1
Loaded function exp06_run_audit_19. lib_load_elasped: 237, func_load_elasped: 1
Loaded function exp06_run_audit_15. lib_load_elasped: 215, func_load_elasped: 1
Loaded function exp06_run_audit_10. lib_load_elasped: 310, func_load_elasped: 1
Loaded function exp06_run_audit_8. lib_load_elasped: 332, func_load_elasped: 1
Loaded function exp06_run_audit_11. lib_load_elasped: 416, func_load_elasped: 2
Loaded function exp06_run_audit_3. lib_load_elasped: 347, func_load_elasped: 2
Loaded function exp06_run_audit_7. lib_load_elasped: 371, func_load_elasped: 2
Loaded function exp06_run_audit_18. lib_load_elasped: 297, func_load_elasped: 2
Loaded function exp06_run_audit_13. lib_load_elasped: 338, func_load_elasped: 2
Loaded function exp06_run_audit_4. lib_load_elasped: 219, func_load_elasped: 1
Loaded function exp06_run_audit_20. lib_load_elasped: 410, func_load_elasped: 2
Loaded function exp06_run_audit_16. lib_load_elasped: 175, func_load_elasped: 1
force_push: msg_id = 2703288, remain = 72, size = 64
Send to executer failed.force_push: msg_id = 2706131, remain = 8, size = 64
Send to executer failed.force_push: msg_id = 2711460, remain = 73, size = 64
Send to executer failed.force_push: msg_id = 2711449, remain = -57, size = 7
Send to executer failed.force_push: msg_id = 2711453, remain = 71, size = 64
Send to executer failed.force_push: msg_id = 2711459, remain = 73, size = 64
Send to executer failed.force_push: msg_id = 2711464, remain = 9, size = 64
Send to executer failed.force_push: msg_id = 2711463, remain = -55, size = 9
Send to executer failed.force_push: msg_id = 2720496, remain = 72, size = 64
Send to executer failed.force_push: msg_id = 2720494, remain = 72, size = 64
Send to executer failed.force_push: msg_id = 2720504, remain = 74, size = 64
Send to executer failed.force_push: msg_id = 2720505, remain = 10, size = 64
Send to executer failed.force_push: msg_id = 2720501, remain = 10, size = 64
Send to executer failed.