I0419 08:20:59.893179 Main        (122381) /home/lgw/Lumine-benchmarks/Lumine/lib/base/thread.cpp:96] Register main thread: tid=122381
I0419 08:20:59.896829 Main        (122381) /home/lgw/Lumine-benchmarks/Lumine/lib/common/config.cpp:332] Load configuration for function exp09Start[1]
I0419 08:20:59.897094 Main        (122381) /home/lgw/Lumine-benchmarks/Lumine/lib/common/config.cpp:332] Load configuration for function exp09End[2]
I0419 08:20:59.897221 Main        (122381) /home/lgw/Lumine-benchmarks/Lumine/lib/common/config.cpp:332] Load configuration for function exp09Register[3]
I0419 08:20:59.897580 Main        (122381) /home/lgw/Lumine-benchmarks/Lumine/src/host/worker/cpp/func_worker.cpp:107] My client_id is 15
I0419 08:20:59.897739 Main        (122381) /home/lgw/Lumine-benchmarks/Lumine/src/host/worker/cpp/func_worker.cpp:173] Use extra pipes for messages
I0419 08:20:59.898122 Main        (122381) /home/lgw/Lumine-benchmarks/Lumine/src/host/worker/cpp/func_worker.cpp:195] Handshake done
I0419 08:21:59.472260 Main        (122381) /home/lgw/Lumine-benchmarks/Experiments/09/src/1_end/end.cpp:48] req_id = 120001, end_time = 1681892519472247
I0419 08:21:59.475533 Main        (122381) /home/lgw/Lumine-benchmarks/Experiments/09/src/1_end/end.cpp:48] req_id = 360001, end_time = 1681892519475528
I0419 08:21:59.476355 Main        (122381) /home/lgw/Lumine-benchmarks/Experiments/09/src/1_end/end.cpp:48] req_id = 300001, end_time = 1681892519476350
I0419 08:21:59.479602 Main        (122381) /home/lgw/Lumine-benchmarks/Experiments/09/src/1_end/end.cpp:48] req_id = 600001, end_time = 1681892519479597
I0419 08:21:59.479912 Main        (122381) /home/lgw/Lumine-benchmarks/Experiments/09/src/1_end/end.cpp:48] req_id = 300002, end_time = 1681892519479909
I0419 08:21:59.481863 Main        (122381) /home/lgw/Lumine-benchmarks/Experiments/09/src/1_end/end.cpp:48] req_id = 240001, end_time = 1681892519481858
I0419 08:21:59.482785 Main        (122381) /home/lgw/Lumine-benchmarks/Experiments/09/src/1_end/end.cpp:48] req_id = 60003, end_time = 1681892519482779
I0419 08:21:59.483421 Main        (122381) /home/lgw/Lumine-benchmarks/Experiments/09/src/1_end/end.cpp:48] req_id = 480001, end_time = 1681892519483415
I0419 08:21:59.486443 Main        (122381) /home/lgw/Lumine-benchmarks/Experiments/09/src/1_end/end.cpp:48] req_id = 240002, end_time = 1681892519486437
I0419 08:21:59.488165 Main        (122381) /home/lgw/Lumine-benchmarks/Experiments/09/src/1_end/end.cpp:48] req_id = 360002, end_time = 1681892519488161
I0419 08:21:59.489456 Main        (122381) /home/lgw/Lumine-benchmarks/Experiments/09/src/1_end/end.cpp:48] req_id = 540001, end_time = 1681892519489451
I0419 08:21:59.491303 Main        (122381) /home/lgw/Lumine-benchmarks/Experiments/09/src/1_end/end.cpp:48] req_id = 180002, end_time = 1681892519491299
I0419 08:21:59.491782 Main        (122381) /home/lgw/Lumine-benchmarks/Experiments/09/src/1_end/end.cpp:48] req_id = 600002, end_time = 1681892519491779
I0419 08:21:59.493262 Main        (122381) /home/lgw/Lumine-benchmarks/Experiments/09/src/1_end/end.cpp:48] req_id = 540002, end_time = 1681892519493256
I0419 08:21:59.557492 Main        (122381) /home/lgw/Lumine-benchmarks/Experiments/09/src/1_end/end.cpp:48] req_id = 60002, end_time = 1681892519557486
I0419 08:21:59.558376 Main        (122381) /home/lgw/Lumine-benchmarks/Experiments/09/src/1_end/end.cpp:48] req_id = 180001, end_time = 1681892519558371
I0419 08:21:59.567218 Main        (122381) /home/lgw/Lumine-benchmarks/Experiments/09/src/1_end/end.cpp:48] req_id = 420001, end_time = 1681892519567212
I0419 08:21:59.593063 Main        (122381) /home/lgw/Lumine-benchmarks/Experiments/09/src/1_end/end.cpp:48] req_id = 60004, end_time = 1681892519593058
I0419 08:21:59.637333 Main        (122381) /home/lgw/Lumine-benchmarks/Experiments/09/src/1_end/end.cpp:48] req_id = 120003, end_time = 1681892519637327
I0419 08:21:59.653605 Main        (122381) /home/lgw/Lumine-benchmarks/Experiments/09/src/1_end/end.cpp:48] req_id = 180003, end_time = 1681892519653599
I0419 08:21:59.660372 Main        (122381) /home/lgw/Lumine-benchmarks/Experiments/09/src/1_end/end.cpp:48] req_id = 60005, end_time = 1681892519660366
I0419 08:21:59.677100 Main        (122381) /home/lgw/Lumine-benchmarks/Experiments/09/src/1_end/end.cpp:48] req_id = 420003, end_time = 1681892519677094
I0419 08:21:59.677726 Main        (122381) /home/lgw/Lumine-benchmarks/Experiments/09/src/1_end/end.cpp:48] req_id = 360003, end_time = 1681892519677720
I0419 08:21:59.680606 Main        (122381) /home/lgw/Lumine-benchmarks/Experiments/09/src/1_end/end.cpp:48] req_id = 420004, end_time = 1681892519680602
I0419 08:21:59.682030 Main        (122381) /home/lgw/Lumine-benchmarks/Experiments/09/src/1_end/end.cpp:48] req_id = 480003, end_time = 1681892519682025
I0419 08:21:59.683275 Main        (122381) /home/lgw/Lumine-benchmarks/Experiments/09/src/1_end/end.cpp:48] req_id = 240003, end_time = 1681892519683271
I0419 08:21:59.683598 Main        (122381) /home/lgw/Lumine-benchmarks/Experiments/09/src/1_end/end.cpp:48] req_id = 480004, end_time = 1681892519683593
I0419 08:21:59.684900 Main        (122381) /home/lgw/Lumine-benchmarks/Experiments/09/src/1_end/end.cpp:48] req_id = 300004, end_time = 1681892519684895
I0419 08:21:59.685388 Main        (122381) /home/lgw/Lumine-benchmarks/Experiments/09/src/1_end/end.cpp:48] req_id = 540004, end_time = 1681892519685383
I0419 08:21:59.691714 Main        (122381) /home/lgw/Lumine-benchmarks/Experiments/09/src/1_end/end.cpp:48] req_id = 120004, end_time = 1681892519691708
I0419 08:21:59.691991 Main        (122381) /home/lgw/Lumine-benchmarks/Experiments/09/src/1_end/end.cpp:48] req_id = 180004, end_time = 1681892519691986
I0419 08:21:59.923125 Main        (122381) /home/lgw/Lumine-benchmarks/Experiments/09/src/1_end/end.cpp:48] req_id = 360005, end_time = 1681892519923117
I0419 08:22:00.297695 Main        (122381) /home/lgw/Lumine-benchmarks/Experiments/09/src/1_end/end.cpp:48] req_id = 180010, end_time = 1681892520297686
I0419 08:22:00.299160 Main        (122381) /home/lgw/Lumine-benchmarks/Experiments/09/src/1_end/end.cpp:48] req_id = 480009, end_time = 1681892520299155
I0419 08:22:00.308935 Main        (122381) /home/lgw/Lumine-benchmarks/Experiments/09/src/1_end/end.cpp:48] req_id = 540009, end_time = 1681892520308929
I0419 08:22:00.309499 Main        (122381) /home/lgw/Lumine-benchmarks/Experiments/09/src/1_end/end.cpp:48] req_id = 480010, end_time = 1681892520309494
I0419 08:22:00.927208 Main        (122381) /home/lgw/Lumine-benchmarks/Experiments/09/src/1_end/end.cpp:48] req_id = 540015, end_time = 1681892520927199
I0419 08:22:00.927675 Main        (122381) /home/lgw/Lumine-benchmarks/Experiments/09/src/1_end/end.cpp:48] req_id = 180016, end_time = 1681892520927671
I0419 08:22:00.928218 Main        (122381) /home/lgw/Lumine-benchmarks/Experiments/09/src/1_end/end.cpp:48] req_id = 600015, end_time = 1681892520928214
I0419 08:22:00.929519 Main        (122381) /home/lgw/Lumine-benchmarks/Experiments/09/src/1_end/end.cpp:48] req_id = 600016, end_time = 1681892520929513
I0419 08:22:00.989985 Main        (122381) /home/lgw/Lumine-benchmarks/Experiments/09/src/1_end/end.cpp:48] req_id = 60018, end_time = 1681892520989980
I0419 08:22:00.998707 Main        (122381) /home/lgw/Lumine-benchmarks/Experiments/09/src/1_end/end.cpp:48] req_id = 120017, end_time = 1681892520998702
I0419 08:22:01.008497 Main        (122381) /home/lgw/Lumine-benchmarks/Experiments/09/src/1_end/end.cpp:48] req_id = 180017, end_time = 1681892521008491
I0419 08:22:01.024244 Main        (122381) /home/lgw/Lumine-benchmarks/Experiments/09/src/1_end/end.cpp:48] req_id = 60019, end_time = 1681892521024239
I0419 08:22:01.028265 Main        (122381) /home/lgw/Lumine-benchmarks/Experiments/09/src/1_end/end.cpp:48] req_id = 300017, end_time = 1681892521028260
I0419 08:22:01.034098 Main        (122381) /home/lgw/Lumine-benchmarks/Experiments/09/src/1_end/end.cpp:48] req_id = 420017, end_time = 1681892521034092
I0419 08:22:01.037351 Main        (122381) /home/lgw/Lumine-benchmarks/Experiments/09/src/1_end/end.cpp:48] req_id = 120018, end_time = 1681892521037341
I0419 08:22:01.047485 Main        (122381) /home/lgw/Lumine-benchmarks/Experiments/09/src/1_end/end.cpp:48] req_id = 600017, end_time = 1681892521047479
I0419 08:22:01.055395 Main        (122381) /home/lgw/Lumine-benchmarks/Experiments/09/src/1_end/end.cpp:48] req_id = 420018, end_time = 1681892521055389
I0419 08:22:01.185436 Main        (122381) /home/lgw/Lumine-benchmarks/Experiments/09/src/1_end/end.cpp:48] req_id = 60020, end_time = 1681892521185431
I0419 08:22:01.189007 Main        (122381) /home/lgw/Lumine-benchmarks/Experiments/09/src/1_end/end.cpp:48] req_id = 120019, end_time = 1681892521189003
I0419 08:22:01.211326 Main        (122381) /home/lgw/Lumine-benchmarks/Experiments/09/src/1_end/end.cpp:48] req_id = 180019, end_time = 1681892521211321
I0419 08:22:01.260948 Main        (122381) /home/lgw/Lumine-benchmarks/Experiments/09/src/1_end/end.cpp:48] req_id = 60021, end_time = 1681892521260939
I0419 08:22:01.289464 Main        (122381) /home/lgw/Lumine-benchmarks/Experiments/09/src/1_end/end.cpp:48] req_id = 300019, end_time = 1681892521289459
I0419 08:22:01.298732 Main        (122381) /home/lgw/Lumine-benchmarks/Experiments/09/src/1_end/end.cpp:48] req_id = 180020, end_time = 1681892521298727
I0419 08:22:01.299653 Main        (122381) /home/lgw/Lumine-benchmarks/Experiments/09/src/1_end/end.cpp:48] req_id = 240019, end_time = 1681892521299649
I0419 08:22:01.320293 Main        (122381) /home/lgw/Lumine-benchmarks/Experiments/09/src/1_end/end.cpp:48] req_id = 540019, end_time = 1681892521320287
I0419 08:22:01.322983 Main        (122381) /home/lgw/Lumine-benchmarks/Experiments/09/src/1_end/end.cpp:48] req_id = 120020, end_time = 1681892521322978
I0419 08:22:01.389369 Main        (122381) /home/lgw/Lumine-benchmarks/Experiments/09/src/1_end/end.cpp:48] req_id = 240020, end_time = 1681892521389357
I0419 08:22:01.389861 Main        (122381) /home/lgw/Lumine-benchmarks/Experiments/09/src/1_end/end.cpp:48] req_id = 300020, end_time = 1681892521389856
I0419 08:22:01.391067 Main        (122381) /home/lgw/Lumine-benchmarks/Experiments/09/src/1_end/end.cpp:48] req_id = 360019, end_time = 1681892521391061
I0419 08:22:01.714551 Main        (122381) /home/lgw/Lumine-benchmarks/Experiments/09/src/1_end/end.cpp:48] req_id = 360024, end_time = 1681892521714546
I0419 08:22:01.905856 Main        (122381) /home/lgw/Lumine-benchmarks/Experiments/09/src/1_end/end.cpp:48] req_id = 120026, end_time = 1681892521905851
I0419 08:22:01.911743 Main        (122381) /home/lgw/Lumine-benchmarks/Experiments/09/src/1_end/end.cpp:48] req_id = 480025, end_time = 1681892521911740
I0419 08:22:01.913717 Main        (122381) /home/lgw/Lumine-benchmarks/Experiments/09/src/1_end/end.cpp:48] req_id = 420025, end_time = 1681892521913710
I0419 08:22:01.914671 Main        (122381) /home/lgw/Lumine-benchmarks/Experiments/09/src/1_end/end.cpp:48] req_id = 540025, end_time = 1681892521914665
I0419 08:22:01.915887 Main        (122381) /home/lgw/Lumine-benchmarks/Experiments/09/src/1_end/end.cpp:48] req_id = 240026, end_time = 1681892521915881
I0419 08:22:01.916952 Main        (122381) /home/lgw/Lumine-benchmarks/Experiments/09/src/1_end/end.cpp:48] req_id = 480026, end_time = 1681892521916947
I0419 08:22:01.918448 Main        (122381) /home/lgw/Lumine-benchmarks/Experiments/09/src/1_end/end.cpp:48] req_id = 360026, end_time = 1681892521918443
I0419 08:22:01.918911 Main        (122381) /home/lgw/Lumine-benchmarks/Experiments/09/src/1_end/end.cpp:48] req_id = 420026, end_time = 1681892521918907
I0419 08:22:01.991870 Main        (122381) /home/lgw/Lumine-benchmarks/Experiments/09/src/1_end/end.cpp:48] req_id = 60028, end_time = 1681892521991865
I0419 08:22:01.992909 Main        (122381) /home/lgw/Lumine-benchmarks/Experiments/09/src/1_end/end.cpp:48] req_id = 120027, end_time = 1681892521992904
I0419 08:22:02.049161 Main        (122381) /home/lgw/Lumine-benchmarks/Experiments/09/src/1_end/end.cpp:48] req_id = 180027, end_time = 1681892522049155
I0419 08:22:02.069927 Main        (122381) /home/lgw/Lumine-benchmarks/Experiments/09/src/1_end/end.cpp:48] req_id = 600027, end_time = 1681892522069923
I0419 08:22:02.070283 Main        (122381) /home/lgw/Lumine-benchmarks/Experiments/09/src/1_end/end.cpp:48] req_id = 480028, end_time = 1681892522070279
I0419 08:22:02.084314 Main        (122381) /home/lgw/Lumine-benchmarks/Experiments/09/src/1_end/end.cpp:48] req_id = 120028, end_time = 1681892522084309
I0419 08:22:02.084848 Main        (122381) /home/lgw/Lumine-benchmarks/Experiments/09/src/1_end/end.cpp:48] req_id = 180028, end_time = 1681892522084844
I0419 08:22:02.085456 Main        (122381) /home/lgw/Lumine-benchmarks/Experiments/09/src/1_end/end.cpp:48] req_id = 240027, end_time = 1681892522085451
I0419 08:22:02.087621 Main        (122381) /home/lgw/Lumine-benchmarks/Experiments/09/src/1_end/end.cpp:48] req_id = 300028, end_time = 1681892522087616
I0419 08:22:02.087928 Main        (122381) /home/lgw/Lumine-benchmarks/Experiments/09/src/1_end/end.cpp:48] req_id = 60029, end_time = 1681892522087925
I0419 08:22:02.088598 Main        (122381) /home/lgw/Lumine-benchmarks/Experiments/09/src/1_end/end.cpp:48] req_id = 480027, end_time = 1681892522088595
I0419 08:22:02.089126 Main        (122381) /home/lgw/Lumine-benchmarks/Experiments/09/src/1_end/end.cpp:48] req_id = 420028, end_time = 1681892522089121
I0419 08:22:02.089377 Main        (122381) /home/lgw/Lumine-benchmarks/Experiments/09/src/1_end/end.cpp:48] req_id = 360027, end_time = 1681892522089372
I0419 08:22:02.090555 Main        (122381) /home/lgw/Lumine-benchmarks/Experiments/09/src/1_end/end.cpp:48] req_id = 540028, end_time = 1681892522090550
I0419 08:22:02.090941 Main        (122381) /home/lgw/Lumine-benchmarks/Experiments/09/src/1_end/end.cpp:48] req_id = 540027, end_time = 1681892522090936
I0419 08:22:02.091653 Main        (122381) /home/lgw/Lumine-benchmarks/Experiments/09/src/1_end/end.cpp:48] req_id = 360028, end_time = 1681892522091647
I0419 08:22:02.091962 Main        (122381) /home/lgw/Lumine-benchmarks/Experiments/09/src/1_end/end.cpp:48] req_id = 300027, end_time = 1681892522091957
I0419 08:22:02.093131 Main        (122381) /home/lgw/Lumine-benchmarks/Experiments/09/src/1_end/end.cpp:48] req_id = 240028, end_time = 1681892522093127
I0419 08:22:02.345039 Main        (122381) /home/lgw/Lumine-benchmarks/Experiments/09/src/1_end/end.cpp:48] req_id = 600029, end_time = 1681892522345033
I0419 08:22:02.345919 Main        (122381) /home/lgw/Lumine-benchmarks/Experiments/09/src/1_end/end.cpp:48] req_id = 120030, end_time = 1681892522345914
I0419 08:22:02.347532 Main        (122381) /home/lgw/Lumine-benchmarks/Experiments/09/src/1_end/end.cpp:48] req_id = 360030, end_time = 1681892522347527
I0419 08:22:02.348684 Main        (122381) /home/lgw/Lumine-benchmarks/Experiments/09/src/1_end/end.cpp:48] req_id = 480030, end_time = 1681892522348680
I0419 08:22:02.349412 Main        (122381) /home/lgw/Lumine-benchmarks/Experiments/09/src/1_end/end.cpp:48] req_id = 420030, end_time = 1681892522349408
I0419 08:22:02.349635 Main        (122381) /home/lgw/Lumine-benchmarks/Experiments/09/src/1_end/end.cpp:48] req_id = 540030, end_time = 1681892522349632
I0419 08:22:02.383914 Main        (122381) /home/lgw/Lumine-benchmarks/Experiments/09/src/1_end/end.cpp:48] req_id = 60032, end_time = 1681892522383908
I0419 08:22:02.415628 Main        (122381) /home/lgw/Lumine-benchmarks/Experiments/09/src/1_end/end.cpp:48] req_id = 180031, end_time = 1681892522415623
I0419 08:22:02.433140 Main        (122381) /home/lgw/Lumine-benchmarks/Experiments/09/src/1_end/end.cpp:48] req_id = 240031, end_time = 1681892522433135
I0419 08:22:02.445456 Main        (122381) /home/lgw/Lumine-benchmarks/Experiments/09/src/1_end/end.cpp:48] req_id = 120031, end_time = 1681892522445452
I0419 08:22:02.447830 Main        (122381) /home/lgw/Lumine-benchmarks/Experiments/09/src/1_end/end.cpp:48] req_id = 60033, end_time = 1681892522447826
I0419 08:22:02.456309 Main        (122381) /home/lgw/Lumine-benchmarks/Experiments/09/src/1_end/end.cpp:48] req_id = 300031, end_time = 1681892522456304
I0419 08:22:02.472264 Main        (122381) /home/lgw/Lumine-benchmarks/Experiments/09/src/1_end/end.cpp:48] req_id = 360031, end_time = 1681892522472259
I0419 08:22:02.472825 Main        (122381) /home/lgw/Lumine-benchmarks/Experiments/09/src/1_end/end.cpp:48] req_id = 180032, end_time = 1681892522472821
I0419 08:22:02.476246 Main        (122381) /home/lgw/Lumine-benchmarks/Experiments/09/src/1_end/end.cpp:48] req_id = 240032, end_time = 1681892522476240
I0419 08:22:02.477038 Main        (122381) /home/lgw/Lumine-benchmarks/Experiments/09/src/1_end/end.cpp:48] req_id = 420031, end_time = 1681892522477034
I0419 08:22:02.477706 Main        (122381) /home/lgw/Lumine-benchmarks/Experiments/09/src/1_end/end.cpp:48] req_id = 300032, end_time = 1681892522477702
I0419 08:22:02.484716 Main        (122381) /home/lgw/Lumine-benchmarks/Experiments/09/src/1_end/end.cpp:48] req_id = 420032, end_time = 1681892522484710
I0419 08:22:02.588604 Main        (122381) /home/lgw/Lumine-benchmarks/Experiments/09/src/1_end/end.cpp:48] req_id = 60034, end_time = 1681892522588598
I0419 08:22:02.677578 Main        (122381) /home/lgw/Lumine-benchmarks/Experiments/09/src/1_end/end.cpp:48] req_id = 180033, end_time = 1681892522677572
I0419 08:22:02.709550 Main        (122381) /home/lgw/Lumine-benchmarks/Experiments/09/src/1_end/end.cpp:48] req_id = 240033, end_time = 1681892522709545
I0419 08:22:02.729636 Main        (122381) /home/lgw/Lumine-benchmarks/Experiments/09/src/1_end/end.cpp:48] req_id = 120033, end_time = 1681892522729629
I0419 08:22:02.736410 Main        (122381) /home/lgw/Lumine-benchmarks/Experiments/09/src/1_end/end.cpp:48] req_id = 300033, end_time = 1681892522736406
I0419 08:22:02.742916 Main        (122381) /home/lgw/Lumine-benchmarks/Experiments/09/src/1_end/end.cpp:48] req_id = 180034, end_time = 1681892522742909
I0419 08:22:02.744675 Main        (122381) /home/lgw/Lumine-benchmarks/Experiments/09/src/1_end/end.cpp:48] req_id = 480034, end_time = 1681892522744672
I0419 08:22:02.745219 Main        (122381) /home/lgw/Lumine-benchmarks/Experiments/09/src/1_end/end.cpp:48] req_id = 300034, end_time = 1681892522745216
I0419 08:22:02.745982 Main        (122381) /home/lgw/Lumine-benchmarks/Experiments/09/src/1_end/end.cpp:48] req_id = 420034, end_time = 1681892522745979
I0419 08:22:02.746969 Main        (122381) /home/lgw/Lumine-benchmarks/Experiments/09/src/1_end/end.cpp:48] req_id = 540033, end_time = 1681892522746967
I0419 08:22:02.747193 Main        (122381) /home/lgw/Lumine-benchmarks/Experiments/09/src/1_end/end.cpp:48] req_id = 600034, end_time = 1681892522747191
I0419 08:22:02.749437 Main        (122381) /home/lgw/Lumine-benchmarks/Experiments/09/src/1_end/end.cpp:48] req_id = 600033, end_time = 1681892522749435
I0419 08:22:04.493711 Main        (122381) /home/lgw/Lumine-benchmarks/Experiments/09/src/1_end/end.cpp:48] req_id = 540048, end_time = 1681892524493703
I0419 08:22:04.497533 Main        (122381) /home/lgw/Lumine-benchmarks/Experiments/09/src/1_end/end.cpp:48] req_id = 120043, end_time = 1681892524497529
I0419 08:22:04.509584 Main        (122381) /home/lgw/Lumine-benchmarks/Experiments/09/src/1_end/end.cpp:48] req_id = 120047, end_time = 1681892524509578
I0419 08:22:04.512082 Main        (122381) /home/lgw/Lumine-benchmarks/Experiments/09/src/1_end/end.cpp:48] req_id = 300048, end_time = 1681892524512077
I0419 08:22:04.514206 Main        (122381) /home/lgw/Lumine-benchmarks/Experiments/09/src/1_end/end.cpp:48] req_id = 180045, end_time = 1681892524514200
I0419 08:22:04.520703 Main        (122381) /home/lgw/Lumine-benchmarks/Experiments/09/src/1_end/end.cpp:48] req_id = 540043, end_time = 1681892524520698
I0419 08:22:04.525696 Main        (122381) /home/lgw/Lumine-benchmarks/Experiments/09/src/1_end/end.cpp:48] req_id = 60049, end_time = 1681892524525690
I0419 08:22:04.534657 Main        (122381) /home/lgw/Lumine-benchmarks/Experiments/09/src/1_end/end.cpp:48] req_id = 480047, end_time = 1681892524534651
I0419 08:22:04.535526 Main        (122381) /home/lgw/Lumine-benchmarks/Experiments/09/src/1_end/end.cpp:48] req_id = 240048, end_time = 1681892524535520
I0419 08:22:04.558378 Main        (122381) /home/lgw/Lumine-benchmarks/Experiments/09/src/1_end/end.cpp:48] req_id = 240047, end_time = 1681892524558373
I0419 08:22:04.563084 Main        (122381) /home/lgw/Lumine-benchmarks/Experiments/09/src/1_end/end.cpp:48] req_id = 600048, end_time = 1681892524563078
I0419 08:22:04.564742 Main        (122381) /home/lgw/Lumine-benchmarks/Experiments/09/src/1_end/end.cpp:48] req_id = 600045, end_time = 1681892524564739
I0419 08:22:04.570760 Main        (122381) /home/lgw/Lumine-benchmarks/Experiments/09/src/1_end/end.cpp:48] req_id = 420049, end_time = 1681892524570755
I0419 08:22:04.573567 Main        (122381) /home/lgw/Lumine-benchmarks/Experiments/09/src/1_end/end.cpp:48] req_id = 360046, end_time = 1681892524573563
I0419 08:22:04.585898 Main        (122381) /home/lgw/Lumine-benchmarks/Experiments/09/src/1_end/end.cpp:48] req_id = 420047, end_time = 1681892524585878
I0419 08:22:04.591602 Main        (122381) /home/lgw/Lumine-benchmarks/Experiments/09/src/1_end/end.cpp:48] req_id = 120048, end_time = 1681892524591595
I0419 08:22:04.616713 Main        (122381) /home/lgw/Lumine-benchmarks/Experiments/09/src/1_end/end.cpp:48] req_id = 360047, end_time = 1681892524616708
I0419 08:22:04.640145 Main        (122381) /home/lgw/Lumine-benchmarks/Experiments/09/src/1_end/end.cpp:48] req_id = 180047, end_time = 1681892524640139
I0419 08:22:04.659967 Main        (122381) /home/lgw/Lumine-benchmarks/Experiments/09/src/1_end/end.cpp:48] req_id = 480049, end_time = 1681892524659958
I0419 08:22:04.665275 Main        (122381) /home/lgw/Lumine-benchmarks/Experiments/09/src/1_end/end.cpp:48] req_id = 480048, end_time = 1681892524665269
I0419 08:22:04.665839 Main        (122381) /home/lgw/Lumine-benchmarks/Experiments/09/src/1_end/end.cpp:48] req_id = 300047, end_time = 1681892524665835
I0419 08:22:04.674256 Main        (122381) /home/lgw/Lumine-benchmarks/Experiments/09/src/1_end/end.cpp:48] req_id = 420050, end_time = 1681892524674253
I0419 08:22:04.692335 Main        (122381) /home/lgw/Lumine-benchmarks/Experiments/09/src/1_end/end.cpp:48] req_id = 420048, end_time = 1681892524692329
I0419 08:22:04.703764 Main        (122381) /home/lgw/Lumine-benchmarks/Experiments/09/src/1_end/end.cpp:48] req_id = 180048, end_time = 1681892524703759
I0419 08:22:04.715664 Main        (122381) /home/lgw/Lumine-benchmarks/Experiments/09/src/1_end/end.cpp:48] req_id = 360048, end_time = 1681892524715659
I0419 08:22:04.722207 Main        (122381) /home/lgw/Lumine-benchmarks/Experiments/09/src/1_end/end.cpp:48] req_id = 540047, end_time = 1681892524722199
I0419 08:22:04.735976 Main        (122381) /home/lgw/Lumine-benchmarks/Experiments/09/src/1_end/end.cpp:48] req_id = 120049, end_time = 1681892524735971
I0419 08:22:04.771219 Main        (122381) /home/lgw/Lumine-benchmarks/Experiments/09/src/1_end/end.cpp:48] req_id = 600047, end_time = 1681892524771212
I0419 08:22:04.771650 Main        (122381) /home/lgw/Lumine-benchmarks/Experiments/09/src/1_end/end.cpp:48] req_id = 60048, end_time = 1681892524771646
I0419 08:22:04.820359 Main        (122381) /home/lgw/Lumine-benchmarks/Experiments/09/src/1_end/end.cpp:48] req_id = 60051, end_time = 1681892524820351
I0419 08:22:04.833596 Main        (122381) /home/lgw/Lumine-benchmarks/Experiments/09/src/1_end/end.cpp:48] req_id = 540050, end_time = 1681892524833590
I0419 08:22:04.843653 Main        (122381) /home/lgw/Lumine-benchmarks/Experiments/09/src/1_end/end.cpp:48] req_id = 240049, end_time = 1681892524843646
I0419 08:22:04.848269 Main        (122381) /home/lgw/Lumine-benchmarks/Experiments/09/src/1_end/end.cpp:48] req_id = 360049, end_time = 1681892524848262
I0419 08:22:04.860213 Main        (122381) /home/lgw/Lumine-benchmarks/Experiments/09/src/1_end/end.cpp:48] req_id = 240050, end_time = 1681892524860204
I0419 08:22:04.907655 Main        (122381) /home/lgw/Lumine-benchmarks/Experiments/09/src/1_end/end.cpp:48] req_id = 180050, end_time = 1681892524907650
I0419 08:22:04.910916 Main        (122381) /home/lgw/Lumine-benchmarks/Experiments/09/src/1_end/end.cpp:48] req_id = 360051, end_time = 1681892524910913
I0419 08:22:04.949112 Main        (122381) /home/lgw/Lumine-benchmarks/Experiments/09/src/1_end/end.cpp:48] req_id = 540049, end_time = 1681892524949106
I0419 08:22:04.950748 Main        (122381) /home/lgw/Lumine-benchmarks/Experiments/09/src/1_end/end.cpp:48] req_id = 480050, end_time = 1681892524950744
I0419 08:22:05.019681 Main        (122381) /home/lgw/Lumine-benchmarks/Experiments/09/src/1_end/end.cpp:48] req_id = 60050, end_time = 1681892525019675
I0419 08:22:05.026294 Main        (122381) /home/lgw/Lumine-benchmarks/Experiments/09/src/1_end/end.cpp:48] req_id = 60053, end_time = 1681892525026289
I0419 08:22:05.032290 Main        (122381) /home/lgw/Lumine-benchmarks/Experiments/09/src/1_end/end.cpp:48] req_id = 420051, end_time = 1681892525032286
I0419 08:22:05.032537 Main        (122381) /home/lgw/Lumine-benchmarks/Experiments/09/src/1_end/end.cpp:48] req_id = 480051, end_time = 1681892525032535
I0419 08:22:05.042973 Main        (122381) /home/lgw/Lumine-benchmarks/Experiments/09/src/1_end/end.cpp:48] req_id = 300050, end_time = 1681892525042968
I0419 08:22:05.049002 Main        (122381) /home/lgw/Lumine-benchmarks/Experiments/09/src/1_end/end.cpp:48] req_id = 360050, end_time = 1681892525048996
I0419 08:22:05.058145 Main        (122381) /home/lgw/Lumine-benchmarks/Experiments/09/src/1_end/end.cpp:48] req_id = 600049, end_time = 1681892525058136
I0419 08:22:05.093260 Main        (122381) /home/lgw/Lumine-benchmarks/Experiments/09/src/1_end/end.cpp:48] req_id = 360052, end_time = 1681892525093255
I0419 08:22:05.112034 Main        (122381) /home/lgw/Lumine-benchmarks/Experiments/09/src/1_end/end.cpp:48] req_id = 60052, end_time = 1681892525112030
I0419 08:22:05.122080 Main        (122381) /home/lgw/Lumine-benchmarks/Experiments/09/src/1_end/end.cpp:48] req_id = 600050, end_time = 1681892525122073
I0419 08:22:05.126204 Main        (122381) /home/lgw/Lumine-benchmarks/Experiments/09/src/1_end/end.cpp:48] req_id = 300052, end_time = 1681892525126198
I0419 08:22:05.152934 Main        (122381) /home/lgw/Lumine-benchmarks/Experiments/09/src/1_end/end.cpp:48] req_id = 300051, end_time = 1681892525152927
I0419 08:22:05.166856 Main        (122381) /home/lgw/Lumine-benchmarks/Experiments/09/src/1_end/end.cpp:48] req_id = 120050, end_time = 1681892525166850
I0419 08:22:05.176051 Main        (122381) /home/lgw/Lumine-benchmarks/Experiments/09/src/1_end/end.cpp:48] req_id = 600052, end_time = 1681892525176046
I0419 08:22:05.190521 Main        (122381) /home/lgw/Lumine-benchmarks/Experiments/09/src/1_end/end.cpp:48] req_id = 600051, end_time = 1681892525190516
I0419 08:22:05.193299 Main        (122381) /home/lgw/Lumine-benchmarks/Experiments/09/src/1_end/end.cpp:48] req_id = 420054, end_time = 1681892525193294
I0419 08:22:05.229078 Main        (122381) /home/lgw/Lumine-benchmarks/Experiments/09/src/1_end/end.cpp:48] req_id = 60055, end_time = 1681892525229072
I0419 08:22:05.237752 Main        (122381) /home/lgw/Lumine-benchmarks/Experiments/09/src/1_end/end.cpp:48] req_id = 180053, end_time = 1681892525237743
I0419 08:22:05.269343 Main        (122381) /home/lgw/Lumine-benchmarks/Experiments/09/src/1_end/end.cpp:48] req_id = 300049, end_time = 1681892525269338
I0419 08:22:05.275023 Main        (122381) /home/lgw/Lumine-benchmarks/Experiments/09/src/1_end/end.cpp:48] req_id = 420053, end_time = 1681892525275019
I0419 08:22:05.281720 Main        (122381) /home/lgw/Lumine-benchmarks/Experiments/09/src/1_end/end.cpp:48] req_id = 540052, end_time = 1681892525281715
I0419 08:22:05.291261 Main        (122381) /home/lgw/Lumine-benchmarks/Experiments/09/src/1_end/end.cpp:48] req_id = 120053, end_time = 1681892525291257
I0419 08:22:05.312959 Main        (122381) /home/lgw/Lumine-benchmarks/Experiments/09/src/1_end/end.cpp:48] req_id = 180052, end_time = 1681892525312952
I0419 08:22:05.373890 Main        (122381) /home/lgw/Lumine-benchmarks/Experiments/09/src/1_end/end.cpp:48] req_id = 480054, end_time = 1681892525373885
I0419 08:22:05.382714 Main        (122381) /home/lgw/Lumine-benchmarks/Experiments/09/src/1_end/end.cpp:48] req_id = 480052, end_time = 1681892525382709
I0419 08:22:05.383087 Main        (122381) /home/lgw/Lumine-benchmarks/Experiments/09/src/1_end/end.cpp:48] req_id = 180049, end_time = 1681892525383081
I0419 08:22:08.482521 Main        (122381) /home/lgw/Lumine-benchmarks/Experiments/09/src/1_end/end.cpp:48] req_id = 540074, end_time = 1681892528482509
I0419 08:22:08.501722 Main        (122381) /home/lgw/Lumine-benchmarks/Experiments/09/src/1_end/end.cpp:48] req_id = 60072, end_time = 1681892528501718
I0419 08:22:08.512220 Main        (122381) /home/lgw/Lumine-benchmarks/Experiments/09/src/1_end/end.cpp:48] req_id = 240068, end_time = 1681892528512215
I0419 08:22:08.517787 Main        (122381) /home/lgw/Lumine-benchmarks/Experiments/09/src/1_end/end.cpp:48] req_id = 420069, end_time = 1681892528517779
I0419 08:22:08.533076 Main        (122381) /home/lgw/Lumine-benchmarks/Experiments/09/src/1_end/end.cpp:48] req_id = 120071, end_time = 1681892528533070
I0419 08:22:08.545670 Main        (122381) /home/lgw/Lumine-benchmarks/Experiments/09/src/1_end/end.cpp:48] req_id = 180071, end_time = 1681892528545666
I0419 08:22:08.614207 Main        (122381) /home/lgw/Lumine-benchmarks/Experiments/09/src/1_end/end.cpp:48] req_id = 180076, end_time = 1681892528614203
I0419 08:22:08.642057 Main        (122381) /home/lgw/Lumine-benchmarks/Experiments/09/src/1_end/end.cpp:48] req_id = 180066, end_time = 1681892528642051
I0419 08:22:08.647879 Main        (122381) /home/lgw/Lumine-benchmarks/Experiments/09/src/1_end/end.cpp:48] req_id = 480078, end_time = 1681892528647876
I0419 08:22:08.651522 Main        (122381) /home/lgw/Lumine-benchmarks/Experiments/09/src/1_end/end.cpp:48] req_id = 120074, end_time = 1681892528651516
I0419 08:22:08.688977 Main        (122381) /home/lgw/Lumine-benchmarks/Experiments/09/src/1_end/end.cpp:48] req_id = 480066, end_time = 1681892528688973
I0419 08:22:08.725003 Main        (122381) /home/lgw/Lumine-benchmarks/Experiments/09/src/1_end/end.cpp:48] req_id = 360075, end_time = 1681892528724996
I0419 08:22:08.914381 Main        (122381) /home/lgw/Lumine-benchmarks/Experiments/09/src/1_end/end.cpp:48] req_id = 360070, end_time = 1681892528914377
I0419 08:22:08.967987 Main        (122381) /home/lgw/Lumine-benchmarks/Experiments/09/src/1_end/end.cpp:48] req_id = 420075, end_time = 1681892528967983
I0419 08:22:08.996596 Main        (122381) /home/lgw/Lumine-benchmarks/Experiments/09/src/1_end/end.cpp:48] req_id = 300070, end_time = 1681892528996582
I0419 08:22:09.048032 Main        (122381) /home/lgw/Lumine-benchmarks/Experiments/09/src/1_end/end.cpp:48] req_id = 300073, end_time = 1681892529048026
I0419 08:22:09.053569 Main        (122381) /home/lgw/Lumine-benchmarks/Experiments/09/src/1_end/end.cpp:48] req_id = 180079, end_time = 1681892529053562
I0419 08:22:09.070304 Main        (122381) /home/lgw/Lumine-benchmarks/Experiments/09/src/1_end/end.cpp:48] req_id = 420080, end_time = 1681892529070298
I0419 08:22:09.080768 Main        (122381) /home/lgw/Lumine-benchmarks/Experiments/09/src/1_end/end.cpp:48] req_id = 300063, end_time = 1681892529080762
I0419 08:22:09.088792 Main        (122381) /home/lgw/Lumine-benchmarks/Experiments/09/src/1_end/end.cpp:48] req_id = 420074, end_time = 1681892529088773
I0419 08:22:09.169733 Main        (122381) /home/lgw/Lumine-benchmarks/Experiments/09/src/1_end/end.cpp:48] req_id = 240069, end_time = 1681892529169727
I0419 08:22:09.173730 Main        (122381) /home/lgw/Lumine-benchmarks/Experiments/09/src/1_end/end.cpp:48] req_id = 180069, end_time = 1681892529173724
I0419 08:22:09.175422 Main        (122381) /home/lgw/Lumine-benchmarks/Experiments/09/src/1_end/end.cpp:48] req_id = 360078, end_time = 1681892529175416
I0419 08:22:09.175790 Main        (122381) /home/lgw/Lumine-benchmarks/Experiments/09/src/1_end/end.cpp:48] req_id = 60079, end_time = 1681892529175786
I0419 08:22:09.185420 Main        (122381) /home/lgw/Lumine-benchmarks/Experiments/09/src/1_end/end.cpp:48] req_id = 120079, end_time = 1681892529185415
I0419 08:22:09.205679 Main        (122381) /home/lgw/Lumine-benchmarks/Experiments/09/src/1_end/end.cpp:48] req_id = 120076, end_time = 1681892529205674
I0419 08:22:09.217234 Main        (122381) /home/lgw/Lumine-benchmarks/Experiments/09/src/1_end/end.cpp:48] req_id = 480069, end_time = 1681892529217227
I0419 08:22:09.241768 Main        (122381) /home/lgw/Lumine-benchmarks/Experiments/09/src/1_end/end.cpp:48] req_id = 420076, end_time = 1681892529241761
I0419 08:22:09.246398 Main        (122381) /home/lgw/Lumine-benchmarks/Experiments/09/src/1_end/end.cpp:48] req_id = 300072, end_time = 1681892529246392
I0419 08:22:09.259026 Main        (122381) /home/lgw/Lumine-benchmarks/Experiments/09/src/1_end/end.cpp:48] req_id = 480073, end_time = 1681892529259020
I0419 08:22:09.280828 Main        (122381) /home/lgw/Lumine-benchmarks/Experiments/09/src/1_end/end.cpp:48] req_id = 600070, end_time = 1681892529280822
I0419 08:22:09.286092 Main        (122381) /home/lgw/Lumine-benchmarks/Experiments/09/src/1_end/end.cpp:48] req_id = 420072, end_time = 1681892529286086
I0419 08:22:09.301621 Main        (122381) /home/lgw/Lumine-benchmarks/Experiments/09/src/1_end/end.cpp:48] req_id = 480072, end_time = 1681892529301615
I0419 08:22:09.314394 Main        (122381) /home/lgw/Lumine-benchmarks/Experiments/09/src/1_end/end.cpp:48] req_id = 60085, end_time = 1681892529314389
I0419 08:22:09.319708 Main        (122381) /home/lgw/Lumine-benchmarks/Experiments/09/src/1_end/end.cpp:48] req_id = 600075, end_time = 1681892529319703
I0419 08:22:09.336704 Main        (122381) /home/lgw/Lumine-benchmarks/Experiments/09/src/1_end/end.cpp:48] req_id = 540071, end_time = 1681892529336698
I0419 08:22:09.340041 Main        (122381) /home/lgw/Lumine-benchmarks/Experiments/09/src/1_end/end.cpp:48] req_id = 360067, end_time = 1681892529340035
I0419 08:22:09.345642 Main        (122381) /home/lgw/Lumine-benchmarks/Experiments/09/src/1_end/end.cpp:48] req_id = 600072, end_time = 1681892529345636
I0419 08:22:09.350266 Main        (122381) /home/lgw/Lumine-benchmarks/Experiments/09/src/1_end/end.cpp:48] req_id = 360074, end_time = 1681892529350260
I0419 08:22:09.390210 Main        (122381) /home/lgw/Lumine-benchmarks/Experiments/09/src/1_end/end.cpp:48] req_id = 120072, end_time = 1681892529390205
I0419 08:22:09.417603 Main        (122381) /home/lgw/Lumine-benchmarks/Experiments/09/src/1_end/end.cpp:48] req_id = 120078, end_time = 1681892529417597
I0419 08:22:09.432468 Main        (122381) /home/lgw/Lumine-benchmarks/Experiments/09/src/1_end/end.cpp:48] req_id = 600074, end_time = 1681892529432462
I0419 08:22:09.437359 Main        (122381) /home/lgw/Lumine-benchmarks/Experiments/09/src/1_end/end.cpp:48] req_id = 180078, end_time = 1681892529437353
I0419 08:22:09.457665 Main        (122381) /home/lgw/Lumine-benchmarks/Experiments/09/src/1_end/end.cpp:48] req_id = 420077, end_time = 1681892529457658
I0419 08:22:09.458494 Main        (122381) /home/lgw/Lumine-benchmarks/Experiments/09/src/1_end/end.cpp:48] req_id = 180070, end_time = 1681892529458489
I0419 08:22:09.461646 Main        (122381) /home/lgw/Lumine-benchmarks/Experiments/09/src/1_end/end.cpp:48] req_id = 600073, end_time = 1681892529461642
I0419 08:22:09.480747 Main        (122381) /home/lgw/Lumine-benchmarks/Experiments/09/src/1_end/end.cpp:48] req_id = 240079, end_time = 1681892529480742
I0419 08:22:09.484969 Main        (122381) /home/lgw/Lumine-benchmarks/Experiments/09/src/1_end/end.cpp:48] req_id = 540078, end_time = 1681892529484959
I0419 08:22:09.498971 Main        (122381) /home/lgw/Lumine-benchmarks/Experiments/09/src/1_end/end.cpp:48] req_id = 300076, end_time = 1681892529498964
I0419 08:22:09.515882 Main        (122381) /home/lgw/Lumine-benchmarks/Experiments/09/src/1_end/end.cpp:48] req_id = 60078, end_time = 1681892529515877
I0419 08:22:09.561430 Main        (122381) /home/lgw/Lumine-benchmarks/Experiments/09/src/1_end/end.cpp:48] req_id = 300077, end_time = 1681892529561425
I0419 08:22:09.564009 Main        (122381) /home/lgw/Lumine-benchmarks/Experiments/09/src/1_end/end.cpp:48] req_id = 240075, end_time = 1681892529564005
I0419 08:22:09.565519 Main        (122381) /home/lgw/Lumine-benchmarks/Experiments/09/src/1_end/end.cpp:48] req_id = 360071, end_time = 1681892529565514
I0419 08:22:09.583157 Main        (122381) /home/lgw/Lumine-benchmarks/Experiments/09/src/1_end/end.cpp:48] req_id = 300078, end_time = 1681892529583152
I0419 08:22:09.618337 Main        (122381) /home/lgw/Lumine-benchmarks/Experiments/09/src/1_end/end.cpp:48] req_id = 600077, end_time = 1681892529618332
I0419 08:22:09.646474 Main        (122381) /home/lgw/Lumine-benchmarks/Experiments/09/src/1_end/end.cpp:48] req_id = 120075, end_time = 1681892529646467
I0419 08:22:09.654916 Main        (122381) /home/lgw/Lumine-benchmarks/Experiments/09/src/1_end/end.cpp:48] req_id = 600079, end_time = 1681892529654910
I0419 08:22:09.657915 Main        (122381) /home/lgw/Lumine-benchmarks/Experiments/09/src/1_end/end.cpp:48] req_id = 540069, end_time = 1681892529657909
I0419 08:22:09.675191 Main        (122381) /home/lgw/Lumine-benchmarks/Experiments/09/src/1_end/end.cpp:48] req_id = 480085, end_time = 1681892529675185
I0419 08:22:09.699763 Main        (122381) /home/lgw/Lumine-benchmarks/Experiments/09/src/1_end/end.cpp:48] req_id = 360072, end_time = 1681892529699757
I0419 08:22:09.704074 Main        (122381) /home/lgw/Lumine-benchmarks/Experiments/09/src/1_end/end.cpp:48] req_id = 60088, end_time = 1681892529704070
I0419 08:22:09.713543 Main        (122381) /home/lgw/Lumine-benchmarks/Experiments/09/src/1_end/end.cpp:48] req_id = 420084, end_time = 1681892529713539
I0419 08:22:09.728429 Main        (122381) /home/lgw/Lumine-benchmarks/Experiments/09/src/1_end/end.cpp:48] req_id = 360082, end_time = 1681892529728425
I0419 08:22:09.773171 Main        (122381) /home/lgw/Lumine-benchmarks/Experiments/09/src/1_end/end.cpp:48] req_id = 120086, end_time = 1681892529773165
I0419 08:22:09.841853 Main        (122381) /home/lgw/Lumine-benchmarks/Experiments/09/src/1_end/end.cpp:48] req_id = 300074, end_time = 1681892529841848
I0419 08:22:09.847254 Main        (122381) /home/lgw/Lumine-benchmarks/Experiments/09/src/1_end/end.cpp:48] req_id = 540075, end_time = 1681892529847251
I0419 08:22:09.863646 Main        (122381) /home/lgw/Lumine-benchmarks/Experiments/09/src/1_end/end.cpp:48] req_id = 240082, end_time = 1681892529863640
I0419 08:22:09.889858 Main        (122381) /home/lgw/Lumine-benchmarks/Experiments/09/src/1_end/end.cpp:48] req_id = 540081, end_time = 1681892529889853
I0419 08:22:09.915491 Main        (122381) /home/lgw/Lumine-benchmarks/Experiments/09/src/1_end/end.cpp:48] req_id = 480087, end_time = 1681892529915487
I0419 08:22:09.916106 Main        (122381) /home/lgw/Lumine-benchmarks/Experiments/09/src/1_end/end.cpp:48] req_id = 60070, end_time = 1681892529916102
I0419 08:22:09.931190 Main        (122381) /home/lgw/Lumine-benchmarks/Experiments/09/src/1_end/end.cpp:48] req_id = 120064, end_time = 1681892529931185
I0419 08:22:09.957510 Main        (122381) /home/lgw/Lumine-benchmarks/Experiments/09/src/1_end/end.cpp:48] req_id = 600083, end_time = 1681892529957506
I0419 08:22:09.996867 Main        (122381) /home/lgw/Lumine-benchmarks/Experiments/09/src/1_end/end.cpp:48] req_id = 60083, end_time = 1681892529996857
I0419 08:22:10.033143 Main        (122381) /home/lgw/Lumine-benchmarks/Experiments/09/src/1_end/end.cpp:48] req_id = 300085, end_time = 1681892530033137
I0419 08:22:10.041008 Main        (122381) /home/lgw/Lumine-benchmarks/Experiments/09/src/1_end/end.cpp:48] req_id = 300082, end_time = 1681892530041002
I0419 08:22:10.074414 Main        (122381) /home/lgw/Lumine-benchmarks/Experiments/09/src/1_end/end.cpp:48] req_id = 180073, end_time = 1681892530074408
I0419 08:22:10.087605 Main        (122381) /home/lgw/Lumine-benchmarks/Experiments/09/src/1_end/end.cpp:48] req_id = 60080, end_time = 1681892530087600
I0419 08:22:10.115858 Main        (122381) /home/lgw/Lumine-benchmarks/Experiments/09/src/1_end/end.cpp:48] req_id = 180077, end_time = 1681892530115853
I0419 08:22:10.116177 Main        (122381) /home/lgw/Lumine-benchmarks/Experiments/09/src/1_end/end.cpp:48] req_id = 300083, end_time = 1681892530116174
I0419 08:22:10.121724 Main        (122381) /home/lgw/Lumine-benchmarks/Experiments/09/src/1_end/end.cpp:48] req_id = 240081, end_time = 1681892530121718
I0419 08:22:10.153863 Main        (122381) /home/lgw/Lumine-benchmarks/Experiments/09/src/1_end/end.cpp:48] req_id = 60082, end_time = 1681892530153857
I0419 08:22:10.173720 Main        (122381) /home/lgw/Lumine-benchmarks/Experiments/09/src/1_end/end.cpp:48] req_id = 420079, end_time = 1681892530173715
I0419 08:22:10.209023 Main        (122381) /home/lgw/Lumine-benchmarks/Experiments/09/src/1_end/end.cpp:48] req_id = 420083, end_time = 1681892530209017
I0419 08:22:10.221828 Main        (122381) /home/lgw/Lumine-benchmarks/Experiments/09/src/1_end/end.cpp:48] req_id = 180080, end_time = 1681892530221822
I0419 08:22:10.249722 Main        (122381) /home/lgw/Lumine-benchmarks/Experiments/09/src/1_end/end.cpp:48] req_id = 360081, end_time = 1681892530249715
I0419 08:22:10.282815 Main        (122381) /home/lgw/Lumine-benchmarks/Experiments/09/src/1_end/end.cpp:48] req_id = 480083, end_time = 1681892530282809
I0419 08:22:10.296770 Main        (122381) /home/lgw/Lumine-benchmarks/Experiments/09/src/1_end/end.cpp:48] req_id = 60084, end_time = 1681892530296764
I0419 08:22:10.336303 Main        (122381) /home/lgw/Lumine-benchmarks/Experiments/09/src/1_end/end.cpp:48] req_id = 180081, end_time = 1681892530336297
I0419 08:22:10.338904 Main        (122381) /home/lgw/Lumine-benchmarks/Experiments/09/src/1_end/end.cpp:48] req_id = 540084, end_time = 1681892530338898
I0419 08:22:10.353479 Main        (122381) /home/lgw/Lumine-benchmarks/Experiments/09/src/1_end/end.cpp:48] req_id = 360076, end_time = 1681892530353469
I0419 08:22:10.373323 Main        (122381) /home/lgw/Lumine-benchmarks/Experiments/09/src/1_end/end.cpp:48] req_id = 480084, end_time = 1681892530373317
I0419 08:22:10.422667 Main        (122381) /home/lgw/Lumine-benchmarks/Experiments/09/src/1_end/end.cpp:48] req_id = 120070, end_time = 1681892530422660
I0419 08:22:10.434213 Main        (122381) /home/lgw/Lumine-benchmarks/Experiments/09/src/1_end/end.cpp:48] req_id = 600078, end_time = 1681892530434207
I0419 08:22:10.469109 Main        (122381) /home/lgw/Lumine-benchmarks/Experiments/09/src/1_end/end.cpp:48] req_id = 60086, end_time = 1681892530469105
I0419 08:22:10.471188 Main        (122381) /home/lgw/Lumine-benchmarks/Experiments/09/src/1_end/end.cpp:48] req_id = 180088, end_time = 1681892530471184
I0419 08:22:10.475072 Main        (122381) /home/lgw/Lumine-benchmarks/Experiments/09/src/1_end/end.cpp:48] req_id = 60076, end_time = 1681892530475067
I0419 08:22:10.509560 Main        (122381) /home/lgw/Lumine-benchmarks/Experiments/09/src/1_end/end.cpp:48] req_id = 240071, end_time = 1681892530509556
I0419 08:22:10.527978 Main        (122381) /home/lgw/Lumine-benchmarks/Experiments/09/src/1_end/end.cpp:48] req_id = 600080, end_time = 1681892530527974
I0419 08:22:10.532926 Main        (122381) /home/lgw/Lumine-benchmarks/Experiments/09/src/1_end/end.cpp:48] req_id = 420078, end_time = 1681892530532922
I0419 08:22:10.593030 Main        (122381) /home/lgw/Lumine-benchmarks/Experiments/09/src/1_end/end.cpp:48] req_id = 240077, end_time = 1681892530593025
I0419 08:22:10.596235 Main        (122381) /home/lgw/Lumine-benchmarks/Experiments/09/src/1_end/end.cpp:48] req_id = 300084, end_time = 1681892530596230
I0419 08:22:10.603773 Main        (122381) /home/lgw/Lumine-benchmarks/Experiments/09/src/1_end/end.cpp:48] req_id = 240083, end_time = 1681892530603764
I0419 08:22:10.617431 Main        (122381) /home/lgw/Lumine-benchmarks/Experiments/09/src/1_end/end.cpp:48] req_id = 180082, end_time = 1681892530617425
I0419 08:22:10.619962 Main        (122381) /home/lgw/Lumine-benchmarks/Experiments/09/src/1_end/end.cpp:48] req_id = 420085, end_time = 1681892530619956
I0419 08:22:10.743086 Main        (122381) /home/lgw/Lumine-benchmarks/Experiments/09/src/1_end/end.cpp:48] req_id = 120077, end_time = 1681892530743081
I0419 08:22:10.751694 Main        (122381) /home/lgw/Lumine-benchmarks/Experiments/09/src/1_end/end.cpp:48] req_id = 300080, end_time = 1681892530751685
I0419 08:22:10.757679 Main        (122381) /home/lgw/Lumine-benchmarks/Experiments/09/src/1_end/end.cpp:48] req_id = 300087, end_time = 1681892530757671
I0419 08:22:10.760069 Main        (122381) /home/lgw/Lumine-benchmarks/Experiments/09/src/1_end/end.cpp:48] req_id = 540086, end_time = 1681892530760063
I0419 08:22:10.778325 Main        (122381) /home/lgw/Lumine-benchmarks/Experiments/09/src/1_end/end.cpp:48] req_id = 540076, end_time = 1681892530778318
I0419 08:22:10.782511 Main        (122381) /home/lgw/Lumine-benchmarks/Experiments/09/src/1_end/end.cpp:48] req_id = 600081, end_time = 1681892530782506
I0419 08:22:10.787988 Main        (122381) /home/lgw/Lumine-benchmarks/Experiments/09/src/1_end/end.cpp:48] req_id = 240088, end_time = 1681892530787984
I0419 08:22:10.790431 Main        (122381) /home/lgw/Lumine-benchmarks/Experiments/09/src/1_end/end.cpp:48] req_id = 300075, end_time = 1681892530790425
I0419 08:22:10.802242 Main        (122381) /home/lgw/Lumine-benchmarks/Experiments/09/src/1_end/end.cpp:48] req_id = 480080, end_time = 1681892530802238
I0419 08:22:10.810941 Main        (122381) /home/lgw/Lumine-benchmarks/Experiments/09/src/1_end/end.cpp:48] req_id = 300088, end_time = 1681892530810936
I0419 08:22:10.825591 Main        (122381) /home/lgw/Lumine-benchmarks/Experiments/09/src/1_end/end.cpp:48] req_id = 120073, end_time = 1681892530825586
I0419 08:22:10.899507 Main        (122381) /home/lgw/Lumine-benchmarks/Experiments/09/src/1_end/end.cpp:48] req_id = 420082, end_time = 1681892530899502
I0419 08:22:10.904637 Main        (122381) /home/lgw/Lumine-benchmarks/Experiments/09/src/1_end/end.cpp:48] req_id = 180083, end_time = 1681892530904632
I0419 08:22:10.905600 Main        (122381) /home/lgw/Lumine-benchmarks/Experiments/09/src/1_end/end.cpp:48] req_id = 540083, end_time = 1681892530905595
I0419 08:22:10.913008 Main        (122381) /home/lgw/Lumine-benchmarks/Experiments/09/src/1_end/end.cpp:48] req_id = 480079, end_time = 1681892530913003
I0419 08:22:10.913282 Main        (122381) /home/lgw/Lumine-benchmarks/Experiments/09/src/1_end/end.cpp:48] req_id = 540080, end_time = 1681892530913279
I0419 08:22:10.929477 Main        (122381) /home/lgw/Lumine-benchmarks/Experiments/09/src/1_end/end.cpp:48] req_id = 600087, end_time = 1681892530929472
I0419 08:22:10.932008 Main        (122381) /home/lgw/Lumine-benchmarks/Experiments/09/src/1_end/end.cpp:48] req_id = 180084, end_time = 1681892530932003
I0419 08:22:10.937217 Main        (122381) /home/lgw/Lumine-benchmarks/Experiments/09/src/1_end/end.cpp:48] req_id = 540088, end_time = 1681892530937213
I0419 08:22:10.945807 Main        (122381) /home/lgw/Lumine-benchmarks/Experiments/09/src/1_end/end.cpp:48] req_id = 180085, end_time = 1681892530945802
I0419 08:22:10.959098 Main        (122381) /home/lgw/Lumine-benchmarks/Experiments/09/src/1_end/end.cpp:48] req_id = 120089, end_time = 1681892530959093
I0419 08:22:10.966404 Main        (122381) /home/lgw/Lumine-benchmarks/Experiments/09/src/1_end/end.cpp:48] req_id = 180075, end_time = 1681892530966399
I0419 08:22:10.982010 Main        (122381) /home/lgw/Lumine-benchmarks/Experiments/09/src/1_end/end.cpp:48] req_id = 120081, end_time = 1681892530982004
I0419 08:22:10.992513 Main        (122381) /home/lgw/Lumine-benchmarks/Experiments/09/src/1_end/end.cpp:48] req_id = 480077, end_time = 1681892530992507
I0419 08:22:11.006677 Main        (122381) /home/lgw/Lumine-benchmarks/Experiments/09/src/1_end/end.cpp:48] req_id = 60071, end_time = 1681892531006669
I0419 08:22:11.043858 Main        (122381) /home/lgw/Lumine-benchmarks/Experiments/09/src/1_end/end.cpp:48] req_id = 300090, end_time = 1681892531043851
I0419 08:22:11.054887 Main        (122381) /home/lgw/Lumine-benchmarks/Experiments/09/src/1_end/end.cpp:48] req_id = 540087, end_time = 1681892531054881
I0419 08:22:11.074764 Main        (122381) /home/lgw/Lumine-benchmarks/Experiments/09/src/1_end/end.cpp:48] req_id = 60089, end_time = 1681892531074758
I0419 08:22:11.125436 Main        (122381) /home/lgw/Lumine-benchmarks/Experiments/09/src/1_end/end.cpp:48] req_id = 60077, end_time = 1681892531125430
I0419 08:22:11.132909 Main        (122381) /home/lgw/Lumine-benchmarks/Experiments/09/src/1_end/end.cpp:48] req_id = 180089, end_time = 1681892531132903
I0419 08:22:11.163973 Main        (122381) /home/lgw/Lumine-benchmarks/Experiments/09/src/1_end/end.cpp:48] req_id = 60081, end_time = 1681892531163967
I0419 08:22:11.165726 Main        (122381) /home/lgw/Lumine-benchmarks/Experiments/09/src/1_end/end.cpp:48] req_id = 480086, end_time = 1681892531165720
I0419 08:22:11.172877 Main        (122381) /home/lgw/Lumine-benchmarks/Experiments/09/src/1_end/end.cpp:48] req_id = 240084, end_time = 1681892531172868
I0419 08:22:11.176257 Main        (122381) /home/lgw/Lumine-benchmarks/Experiments/09/src/1_end/end.cpp:48] req_id = 540090, end_time = 1681892531176252
I0419 08:22:11.207109 Main        (122381) /home/lgw/Lumine-benchmarks/Experiments/09/src/1_end/end.cpp:48] req_id = 480096, end_time = 1681892531207102
I0419 08:22:11.211794 Main        (122381) /home/lgw/Lumine-benchmarks/Experiments/09/src/1_end/end.cpp:48] req_id = 180097, end_time = 1681892531211791
I0419 08:22:11.212973 Main        (122381) /home/lgw/Lumine-benchmarks/Experiments/09/src/1_end/end.cpp:48] req_id = 600086, end_time = 1681892531212970
I0419 08:22:11.214226 Main        (122381) /home/lgw/Lumine-benchmarks/Experiments/09/src/1_end/end.cpp:48] req_id = 420081, end_time = 1681892531214224
I0419 08:22:11.218036 Main        (122381) /home/lgw/Lumine-benchmarks/Experiments/09/src/1_end/end.cpp:48] req_id = 240085, end_time = 1681892531218030
I0419 08:22:11.233924 Main        (122381) /home/lgw/Lumine-benchmarks/Experiments/09/src/1_end/end.cpp:48] req_id = 300089, end_time = 1681892531233918
I0419 08:22:11.273540 Main        (122381) /home/lgw/Lumine-benchmarks/Experiments/09/src/1_end/end.cpp:48] req_id = 180086, end_time = 1681892531273536
I0419 08:22:11.289382 Main        (122381) /home/lgw/Lumine-benchmarks/Experiments/09/src/1_end/end.cpp:48] req_id = 480074, end_time = 1681892531289376
I0419 08:22:11.308204 Main        (122381) /home/lgw/Lumine-benchmarks/Experiments/09/src/1_end/end.cpp:48] req_id = 60075, end_time = 1681892531308199
I0419 08:22:11.336534 Main        (122381) /home/lgw/Lumine-benchmarks/Experiments/09/src/1_end/end.cpp:48] req_id = 120080, end_time = 1681892531336528
I0419 08:22:11.341704 Main        (122381) /home/lgw/Lumine-benchmarks/Experiments/09/src/1_end/end.cpp:48] req_id = 300091, end_time = 1681892531341698
I0419 08:22:11.345315 Main        (122381) /home/lgw/Lumine-benchmarks/Experiments/09/src/1_end/end.cpp:48] req_id = 240086, end_time = 1681892531345309
I0419 08:22:11.370124 Main        (122381) /home/lgw/Lumine-benchmarks/Experiments/09/src/1_end/end.cpp:48] req_id = 540082, end_time = 1681892531370117
I0419 08:22:11.958926 Main        (122381) /home/lgw/Lumine-benchmarks/Experiments/09/src/1_end/end.cpp:48] req_id = 120091, end_time = 1681892531958920
I0419 08:22:11.970652 Main        (122381) /home/lgw/Lumine-benchmarks/Experiments/09/src/1_end/end.cpp:48] req_id = 300081, end_time = 1681892531970647
I0419 08:22:11.976033 Main        (122381) /home/lgw/Lumine-benchmarks/Experiments/09/src/1_end/end.cpp:48] req_id = 240093, end_time = 1681892531976029
I0419 08:22:12.070487 Main        (122381) /home/lgw/Lumine-benchmarks/Experiments/09/src/1_end/end.cpp:48] req_id = 600092, end_time = 1681892532070481
I0419 08:22:12.073049 Main        (122381) /home/lgw/Lumine-benchmarks/Experiments/09/src/1_end/end.cpp:48] req_id = 420088, end_time = 1681892532073042
I0419 08:22:12.074295 Main        (122381) /home/lgw/Lumine-benchmarks/Experiments/09/src/1_end/end.cpp:48] req_id = 300092, end_time = 1681892532074286
I0419 08:22:12.083835 Main        (122381) /home/lgw/Lumine-benchmarks/Experiments/09/src/1_end/end.cpp:48] req_id = 420096, end_time = 1681892532083829
I0419 08:22:12.089751 Main        (122381) /home/lgw/Lumine-benchmarks/Experiments/09/src/1_end/end.cpp:48] req_id = 420093, end_time = 1681892532089745
I0419 08:22:12.149957 Main        (122381) /home/lgw/Lumine-benchmarks/Experiments/09/src/1_end/end.cpp:48] req_id = 60087, end_time = 1681892532149948
I0419 08:22:12.221735 Main        (122381) /home/lgw/Lumine-benchmarks/Experiments/09/src/1_end/end.cpp:48] req_id = 300106, end_time = 1681892532221729
I0419 08:22:12.226829 Main        (122381) /home/lgw/Lumine-benchmarks/Experiments/09/src/1_end/end.cpp:48] req_id = 120082, end_time = 1681892532226822
I0419 08:22:12.272009 Main        (122381) /home/lgw/Lumine-benchmarks/Experiments/09/src/1_end/end.cpp:48] req_id = 420087, end_time = 1681892532272000
I0419 08:22:12.273704 Main        (122381) /home/lgw/Lumine-benchmarks/Experiments/09/src/1_end/end.cpp:48] req_id = 360085, end_time = 1681892532273698
I0419 08:22:12.305856 Main        (122381) /home/lgw/Lumine-benchmarks/Experiments/09/src/1_end/end.cpp:48] req_id = 180094, end_time = 1681892532305850
I0419 08:22:12.332406 Main        (122381) /home/lgw/Lumine-benchmarks/Experiments/09/src/1_end/end.cpp:48] req_id = 540095, end_time = 1681892532332400
I0419 08:22:12.389458 Main        (122381) /home/lgw/Lumine-benchmarks/Experiments/09/src/1_end/end.cpp:48] req_id = 180090, end_time = 1681892532389451
I0419 08:22:12.419568 Main        (122381) /home/lgw/Lumine-benchmarks/Experiments/09/src/1_end/end.cpp:48] req_id = 120093, end_time = 1681892532419563
I0419 08:22:12.441152 Main        (122381) /home/lgw/Lumine-benchmarks/Experiments/09/src/1_end/end.cpp:48] req_id = 600098, end_time = 1681892532441146
I0419 08:22:12.460111 Main        (122381) /home/lgw/Lumine-benchmarks/Experiments/09/src/1_end/end.cpp:48] req_id = 600097, end_time = 1681892532460105
I0419 08:22:12.499180 Main        (122381) /home/lgw/Lumine-benchmarks/Experiments/09/src/1_end/end.cpp:48] req_id = 540091, end_time = 1681892532499176
I0419 08:22:12.634878 Main        (122381) /home/lgw/Lumine-benchmarks/Experiments/09/src/1_end/end.cpp:48] req_id = 540101, end_time = 1681892532634872
I0419 08:22:12.655249 Main        (122381) /home/lgw/Lumine-benchmarks/Experiments/09/src/1_end/end.cpp:48] req_id = 120092, end_time = 1681892532655243
I0419 08:22:12.660354 Main        (122381) /home/lgw/Lumine-benchmarks/Experiments/09/src/1_end/end.cpp:48] req_id = 360092, end_time = 1681892532660348
I0419 08:22:12.665096 Main        (122381) /home/lgw/Lumine-benchmarks/Experiments/09/src/1_end/end.cpp:48] req_id = 540098, end_time = 1681892532665090
I0419 08:22:12.685603 Main        (122381) /home/lgw/Lumine-benchmarks/Experiments/09/src/1_end/end.cpp:48] req_id = 420094, end_time = 1681892532685593
I0419 08:22:12.690518 Main        (122381) /home/lgw/Lumine-benchmarks/Experiments/09/src/1_end/end.cpp:48] req_id = 600093, end_time = 1681892532690514
I0419 08:22:12.723105 Main        (122381) /home/lgw/Lumine-benchmarks/Experiments/09/src/1_end/end.cpp:48] req_id = 240090, end_time = 1681892532723100
I0419 08:22:12.725473 Main        (122381) /home/lgw/Lumine-benchmarks/Experiments/09/src/1_end/end.cpp:48] req_id = 600099, end_time = 1681892532725468
I0419 08:22:12.726026 Main        (122381) /home/lgw/Lumine-benchmarks/Experiments/09/src/1_end/end.cpp:48] req_id = 600088, end_time = 1681892532726021
I0419 08:22:12.729952 Main        (122381) /home/lgw/Lumine-benchmarks/Experiments/09/src/1_end/end.cpp:48] req_id = 240096, end_time = 1681892532729946
I0419 08:22:12.744802 Main        (122381) /home/lgw/Lumine-benchmarks/Experiments/09/src/1_end/end.cpp:48] req_id = 480081, end_time = 1681892532744797
I0419 08:22:12.845931 Main        (122381) /home/lgw/Lumine-benchmarks/Experiments/09/src/1_end/end.cpp:48] req_id = 300095, end_time = 1681892532845923
I0419 08:22:12.851110 Main        (122381) /home/lgw/Lumine-benchmarks/Experiments/09/src/1_end/end.cpp:48] req_id = 480105, end_time = 1681892532851104
I0419 08:22:12.870113 Main        (122381) /home/lgw/Lumine-benchmarks/Experiments/09/src/1_end/end.cpp:48] req_id = 180100, end_time = 1681892532870106
I0419 08:22:12.886318 Main        (122381) /home/lgw/Lumine-benchmarks/Experiments/09/src/1_end/end.cpp:48] req_id = 120085, end_time = 1681892532886312
I0419 08:22:12.897645 Main        (122381) /home/lgw/Lumine-benchmarks/Experiments/09/src/1_end/end.cpp:48] req_id = 420100, end_time = 1681892532897639
I0419 08:22:12.925356 Main        (122381) /home/lgw/Lumine-benchmarks/Experiments/09/src/1_end/end.cpp:48] req_id = 360087, end_time = 1681892532925349
I0419 08:22:12.933938 Main        (122381) /home/lgw/Lumine-benchmarks/Experiments/09/src/1_end/end.cpp:48] req_id = 300096, end_time = 1681892532933932
I0419 08:22:12.949238 Main        (122381) /home/lgw/Lumine-benchmarks/Experiments/09/src/1_end/end.cpp:48] req_id = 480097, end_time = 1681892532949234
I0419 08:22:13.005164 Main        (122381) /home/lgw/Lumine-benchmarks/Experiments/09/src/1_end/end.cpp:48] req_id = 120098, end_time = 1681892533005158
I0419 08:22:13.045334 Main        (122381) /home/lgw/Lumine-benchmarks/Experiments/09/src/1_end/end.cpp:48] req_id = 540104, end_time = 1681892533045327
I0419 08:22:13.075303 Main        (122381) /home/lgw/Lumine-benchmarks/Experiments/09/src/1_end/end.cpp:48] req_id = 600096, end_time = 1681892533075297
I0419 08:22:13.129254 Main        (122381) /home/lgw/Lumine-benchmarks/Experiments/09/src/1_end/end.cpp:48] req_id = 240100, end_time = 1681892533129248
I0419 08:22:13.132350 Main        (122381) /home/lgw/Lumine-benchmarks/Experiments/09/src/1_end/end.cpp:48] req_id = 240098, end_time = 1681892533132340
I0419 08:22:13.197901 Main        (122381) /home/lgw/Lumine-benchmarks/Experiments/09/src/1_end/end.cpp:48] req_id = 360095, end_time = 1681892533197897
I0419 08:22:13.228688 Main        (122381) /home/lgw/Lumine-benchmarks/Experiments/09/src/1_end/end.cpp:48] req_id = 540103, end_time = 1681892533228684
I0419 08:22:13.286756 Main        (122381) /home/lgw/Lumine-benchmarks/Experiments/09/src/1_end/end.cpp:48] req_id = 240094, end_time = 1681892533286750
I0419 08:22:13.297673 Main        (122381) /home/lgw/Lumine-benchmarks/Experiments/09/src/1_end/end.cpp:48] req_id = 540113, end_time = 1681892533297667
I0419 08:22:13.309721 Main        (122381) /home/lgw/Lumine-benchmarks/Experiments/09/src/1_end/end.cpp:48] req_id = 360107, end_time = 1681892533309714
I0419 08:22:13.319027 Main        (122381) /home/lgw/Lumine-benchmarks/Experiments/09/src/1_end/end.cpp:48] req_id = 60091, end_time = 1681892533319023
I0419 08:22:13.329671 Main        (122381) /home/lgw/Lumine-benchmarks/Experiments/09/src/1_end/end.cpp:48] req_id = 600094, end_time = 1681892533329667
I0419 08:22:13.339206 Main        (122381) /home/lgw/Lumine-benchmarks/Experiments/09/src/1_end/end.cpp:48] req_id = 60098, end_time = 1681892533339201
I0419 08:22:13.358906 Main        (122381) /home/lgw/Lumine-benchmarks/Experiments/09/src/1_end/end.cpp:48] req_id = 60104, end_time = 1681892533358901
I0419 08:22:13.359291 Main        (122381) /home/lgw/Lumine-benchmarks/Experiments/09/src/1_end/end.cpp:48] req_id = 240072, end_time = 1681892533359286
I0419 08:22:13.384395 Main        (122381) /home/lgw/Lumine-benchmarks/Experiments/09/src/1_end/end.cpp:48] req_id = 420089, end_time = 1681892533384389
I0419 08:22:13.471841 Main        (122381) /home/lgw/Lumine-benchmarks/Experiments/09/src/1_end/end.cpp:48] req_id = 120104, end_time = 1681892533471835
I0419 08:22:13.565090 Main        (122381) /home/lgw/Lumine-benchmarks/Experiments/09/src/1_end/end.cpp:48] req_id = 480094, end_time = 1681892533565086
I0419 08:22:13.567291 Main        (122381) /home/lgw/Lumine-benchmarks/Experiments/09/src/1_end/end.cpp:48] req_id = 180092, end_time = 1681892533567287
I0419 08:22:13.568087 Main        (122381) /home/lgw/Lumine-benchmarks/Experiments/09/src/1_end/end.cpp:48] req_id = 420098, end_time = 1681892533568084
I0419 08:22:13.571543 Main        (122381) /home/lgw/Lumine-benchmarks/Experiments/09/src/1_end/end.cpp:48] req_id = 240101, end_time = 1681892533571539
I0419 08:22:13.573806 Main        (122381) /home/lgw/Lumine-benchmarks/Experiments/09/src/1_end/end.cpp:48] req_id = 360089, end_time = 1681892533573802
I0419 08:22:13.574299 Main        (122381) /home/lgw/Lumine-benchmarks/Experiments/09/src/1_end/end.cpp:48] req_id = 420104, end_time = 1681892533574295
I0419 08:22:13.592079 Main        (122381) /home/lgw/Lumine-benchmarks/Experiments/09/src/1_end/end.cpp:48] req_id = 60096, end_time = 1681892533592073
I0419 08:22:13.603624 Main        (122381) /home/lgw/Lumine-benchmarks/Experiments/09/src/1_end/end.cpp:48] req_id = 60095, end_time = 1681892533603620
I0419 08:22:13.618578 Main        (122381) /home/lgw/Lumine-benchmarks/Experiments/09/src/1_end/end.cpp:48] req_id = 600084, end_time = 1681892533618569
I0419 08:22:13.619962 Main        (122381) /home/lgw/Lumine-benchmarks/Experiments/09/src/1_end/end.cpp:48] req_id = 120100, end_time = 1681892533619955
I0419 08:22:13.622007 Main        (122381) /home/lgw/Lumine-benchmarks/Experiments/09/src/1_end/end.cpp:48] req_id = 480108, end_time = 1681892533621999
I0419 08:22:13.638592 Main        (122381) /home/lgw/Lumine-benchmarks/Experiments/09/src/1_end/end.cpp:48] req_id = 600105, end_time = 1681892533638586
I0419 08:22:13.640153 Main        (122381) /home/lgw/Lumine-benchmarks/Experiments/09/src/1_end/end.cpp:48] req_id = 600106, end_time = 1681892533640148
I0419 08:22:13.641245 Main        (122381) /home/lgw/Lumine-benchmarks/Experiments/09/src/1_end/end.cpp:48] req_id = 60100, end_time = 1681892533641240
I0419 08:22:13.650365 Main        (122381) /home/lgw/Lumine-benchmarks/Experiments/09/src/1_end/end.cpp:48] req_id = 240097, end_time = 1681892533650359
I0419 08:22:13.678083 Main        (122381) /home/lgw/Lumine-benchmarks/Experiments/09/src/1_end/end.cpp:48] req_id = 420101, end_time = 1681892533678077
I0419 08:22:13.678639 Main        (122381) /home/lgw/Lumine-benchmarks/Experiments/09/src/1_end/end.cpp:48] req_id = 300097, end_time = 1681892533678633
I0419 08:22:13.689369 Main        (122381) /home/lgw/Lumine-benchmarks/Experiments/09/src/1_end/end.cpp:48] req_id = 480088, end_time = 1681892533689363
I0419 08:22:13.699460 Main        (122381) /home/lgw/Lumine-benchmarks/Experiments/09/src/1_end/end.cpp:48] req_id = 180102, end_time = 1681892533699453
I0419 08:22:13.762295 Main        (122381) /home/lgw/Lumine-benchmarks/Experiments/09/src/1_end/end.cpp:48] req_id = 60112, end_time = 1681892533762288
I0419 08:22:14.056970 Main        (122381) /home/lgw/Lumine-benchmarks/Experiments/09/src/1_end/end.cpp:48] req_id = 360084, end_time = 1681892534056963
