Read file config.yml
Running executor...
Load lib exp06_run_audit_14.so failed
Fail to execute function  due to load errorexp06_run_audit_14
Load lib exp06_run_audit_21.so failed
Fail to execute function  due to load errorexp06_run_audit_21
Loaded function exp06_marketdata. lib_load_elasped: 6788, func_load_elasped: 7
force_push: msg_id = 1881959, remain = 74, size = 64
Send to executer failed.force_push: msg_id = 1882110, remain = 10, size = 64
Send to executer failed.force_push: msg_id = 1882147, remain = 74, size = 64
Send to executer failed.force_push: msg_id = 1882190, remain = 74, size = 64
Send to executer failed.force_push: msg_id = 1882221, remain = 74, size = 64
Send to executer failed.force_push: msg_id = 1882263, remain = 74, size = 64
Send to executer failed.force_push: msg_id = 1882298, remain = 74, size = 64
Send to executer failed.force_push: msg_id = 1882341, remain = 74, size = 64
Send to executer failed.force_push: msg_id = 1882377, remain = 74, size = 64
Send to executer failed.force_push: msg_id = 1882014, remain = 74, size = 64
Send to executer failed.force_push: msg_id = 1882903, remain = 74, size = 64
Send to executer failed.force_push: msg_id = 1882568, remain = -54, size = 10
Send to executer failed.force_push: msg_id = 1882924, remain = 74, size = 64
Send to executer failed.force_push: msg_id = 1882783, remain = 74, size = 64
Send to executer failed.Load lib exp06_run_audit_50.so failed
Fail to execute function  due to load errorexp06_run_audit_50
Load lib exp06_run_audit_35.so failed
Fail to execute function  due to load errorexp06_run_audit_35
Load lib exp06_run_audit_40.so failed
Fail to execute function  due to load errorexp06_run_audit_40
Load lib exp06_run_audit_5.so failed
Fail to execute function  due to load errorexp06_run_audit_5
Load lib exp06_run_audit_32.so failed
Fail to execute function  due to load errorexp06_run_audit_32
Load lib exp06_run_audit_30.so failed
Fail to execute function  due to load errorexp06_run_audit_30
Load lib exp06_run_audit_20.so failed
Fail to execute function  due to load errorexp06_run_audit_20
Load lib exp06_run_audit_44.so failed
Fail to execute function  due to load errorexp06_run_audit_44
Loaded function exp06_run_audit_5. lib_load_elasped: 517, func_load_elasped: 1
Loaded function exp06_run_audit_10. lib_load_elasped: 338, func_load_elasped: 1
force_push: msg_id = 1916900, remain = 74, size = 64
Send to executer failed.force_push: msg_id = 1916870, remain = 10, size = 64
Send to executer failed.force_push: msg_id = 1916899, remain = 74, size = 64
Send to executer failed.force_push: msg_id = 1916840, remain = 74, size = 64
Send to executer failed.force_push: msg_id = 1916867, remain = 74, size = 64
Send to executer failed.force_push: msg_id = 1916901, remain = 74, size = 64
Send to executer failed.force_push: msg_id = 1916902, remain = 74, size = 64
Send to executer failed.force_push: msg_id = 1916849, remain = 74, size = 64
Send to executer failed.force_push: msg_id = 1916852, remain = 74, size = 64
Send to executer failed.force_push: msg_id = 1916851, remain = -54, size = 10
Send to executer failed.force_push: msg_id = 1916850, remain = 74, size = 64
Send to executer failed.force_push: msg_id = 1916854, remain = 74, size = 64
Send to executer failed.force_push: msg_id = 1916904, remain = 74, size = 64
Send to executer failed.force_push: msg_id = 1916908, remain = 74, size = 64
Send to executer failed.force_push: msg_id = 1916907, remain = 74, size = 64
Send to executer failed.force_push: msg_id = 1916848, remain = 10, size = 64
Send to executer failed.force_push: msg_id = 1916906, remain = 74, size = 64
Send to executer failed.force_push: msg_id = 1916894, remain = 74, size = 64
Send to executer failed.force_push: msg_id = 1916847, remain = 74, size = 64
Send to executer failed.force_push: msg_id = 1916910, remain = 74, size = 64
Send to executer failed.force_push: msg_id = 1916845, remain = 74, size = 64
Send to executer failed.force_push: msg_id = 1916876, remain = 74, size = 64
Send to executer failed.force_push: msg_id = 1916831, remain = 72, size = 64
Send to executer failed.force_push: msg_id = 1916893, remain = 74, size = 64
Send to executer failed.force_push: msg_id = 1916884, remain = 10, size = 64
Send to executer failed.force_push: msg_id = 1916878, remain = 74, size = 64
Send to executer failed.force_push: msg_id = 1916853, remain = 10, size = 64
Send to executer failed.force_push: msg_id = 1916865, remain = 10, size = 64
Send to executer failed.force_push: msg_id = 1916842, remain = 74, size = 64
Send to executer failed.force_push: msg_id = 1916828, remain = 8, size = 64
Send to executer failed.force_push: msg_id = 1916883, remain = 74, size = 64
Send to executer failed.force_push: msg_id = 1916862, remain = 74, size = 64
Send to executer failed.force_push: msg_id = 1916914, remain = 74, size = 64
Send to executer failed.force_push: msg_id = 1916915, remain = 74, size = 64
Send to executer failed.force_push: msg_id = 1916912, remain = 74, size = 64
Send to executer failed.force_push: msg_id = 1916874, remain = -54, size = 10
Send to executer failed.force_push: msg_id = 1916846, remain = 10, size = 64
Send to executer failed.force_push: msg_id = 1916856, remain = 10, size = 64
Send to executer failed.force_push: msg_id = 1916882, remain = 10, size = 64
Send to executer failed.force_push: msg_id = 1916871, remain = 74, size = 64
force_push: msg_id = 1916859, remain = 10, size = 64
Send to executer failed.Send to executer failed.force_push: msg_id = 1916895, remain = 74, size = 64
Send to executer failed.force_push: msg_id = 1916903, remain = 74, size = 64
Send to executer failed.force_push: msg_id = 1916829, remain = -56, size = 8
Send to executer failed.force_push: msg_id = 1916858, remain = 74, size = 64
Send to executer failed.force_push: msg_id = 1916873, remain = 10, size = 64
Send to executer failed.force_push: msg_id = 1916889, remain = -54, size = 10
Send to executer failed.force_push: msg_id = 1916855, remain = 74, size = 64
Send to executer failed.force_push: msg_id = 1916830, remain = -56, size = 8
Send to executer failed.force_push: msg_id = 1916839, remain = 74, size = 64
Send to executer failed.