Read file config.yml
Running executor...
Load lib exp06_run_audit_55.so failed
Fail to execute function  due to load errorexp06_run_audit_55
Load lib exp06_run_audit_53.so failed
Fail to execute function  due to load errorexp06_run_audit_53
Load lib exp06_run_audit_4.so failed
Fail to execute function  due to load errorexp06_run_audit_4
Load lib exp06_run_audit_40.so failed
Fail to execute function  due to load errorexp06_run_audit_40
Load lib exp06_run_audit_56.so failed
Fail to execute function  due to load errorexp06_run_audit_56
Load lib exp06_run_audit_14.so failed
Fail to execute function  due to load errorexp06_run_audit_14
Load lib exp06_run_audit_56.so failed
Fail to execute function  due to load errorexp06_run_audit_56
Load lib exp06_run_audit_31.so failed
Fail to execute function  due to load errorexp06_run_audit_31
Load lib exp06_run_audit_6.so failed
Fail to execute function  due to load errorexp06_run_audit_6
Load lib exp06_run_audit_3.so failed
Fail to execute function  due to load errorexp06_run_audit_3
Load lib exp06_run_audit_22.so failed
Fail to execute function  due to load errorexp06_run_audit_22
Load lib exp06_run_audit_33.so failed
Fail to execute function  due to load errorexp06_run_audit_33
Load lib exp06_run_audit_26.so failed
Fail to execute function  due to load errorexp06_run_audit_26
Load lib exp06_run_audit_16.so failed
Fail to execute function  due to load errorexp06_run_audit_16
Load lib exp06_run_audit_21.so failed
Fail to execute function  due to load errorexp06_run_audit_21
Load lib exp06_run_audit_60.so failed
Fail to execute function  due to load errorexp06_run_audit_60
Load lib exp06_run_audit_2.so failed
Fail to execute function  due to load errorexp06_run_audit_2
Load lib exp06_run_audit_2.so failed
Fail to execute function  due to load errorexp06_run_audit_2
Loaded function exp06_run_audit_9. lib_load_elasped: 491, func_load_elasped: 4
Loaded function exp06_run_audit_64. lib_load_elasped: 359, func_load_elasped: 2
Loaded function exp06_run_audit_17. lib_load_elasped: 371, func_load_elasped: 3
