Read file config.yml
Running executor...
Loaded function exp00_front. lib_load_elasped: 151, func_load_elasped: 2
Loaded function exp00_back. lib_load_elasped: 128, func_load_elasped: 1
chain_length = 2, payload_size = 512, token 235079 us.
chain_length = 2, payload_size = 512, token 12215211 us.
chain_length = 2, payload_size = 512, token 17397504 us.
chain_length = 2, payload_size = 512, token 21801522 us.
chain_length = 2, payload_size = 512, token 16742750 us.
chain_length = 2, payload_size = 512, token 20792297 us.
chain_length = 2, payload_size = 512, token 21960439 us.
chain_length = 2, payload_size = 512, token 15333342 us.
chain_length = 2, payload_size = 512, token 18265202 us.
chain_length = 2, payload_size = 512, token 17477713 us.
chain_length = 2, payload_size = 512, token 18419717 us.
chain_length = 2, payload_size = 512, token 22270439 us.
chain_length = 2, payload_size = 512, token 19738552 us.
chain_length = 2, payload_size = 512, token 29632578 us.
chain_length = 2, payload_size = 512, token 22626939 us.
chain_length = 2, payload_size = 512, token 24045445 us.
chain_length = 2, payload_size = 512, token 26769609 us.
chain_length = 2, payload_size = 512, token 19695660 us.
chain_length = 2, payload_size = 512, token 24588930 us.
chain_length = 2, payload_size = 512, token 18707953 us.
chain_length = 2, payload_size = 512, token 36015791 us.
chain_length = 2, payload_size = 512, token 17088336 us.
chain_length = 2, payload_size = 512, token 25333520 us.
chain_length = 2, payload_size = 512, token 30747003 us.
chain_length = 2, payload_size = 512, token 21214358 us.
chain_length = 2, payload_size = 512, token 27846943 us.
chain_length = 2, payload_size = 512, token 23286311 us.
force_push: msg_id = 1340714, remain = 22, size = 64
Send to executer failed.force_push: msg_id = 1341015, remain = -61, size = 3
force_push: msg_id = 1341113, remain = -61, size = 3
force_push: msg_id = 1341183, remain = -61, size = 3
force_push: msg_id = 1341259, remain = -61, size = 3
force_push: msg_id = 1341331, remain = -61, size = 3
force_push: msg_id = 1341411, remain = -61, size = 3
force_push: msg_id = 1341489, remain = -61, size = 3
force_push: msg_id = 1341573, remain = -61, size = 3
force_push: msg_id = 1341651, remain = -61, size = 3
force_push: msg_id = 1341728, remain = -61, size = 3
force_push: msg_id = 1341809, remain = -61, size = 3
force_push: msg_id = 1341891, remain = -61, size = 3
force_push: msg_id = 1341970, remain = -61, size = 3
force_push: msg_id = 1342050, remain = -61, size = 3
force_push: msg_id = 1342130, remain = -61, size = 3
force_push: msg_id = 1342210, remain = -61, size = 3
force_push: msg_id = 1342289, remain = -61, size = 3
force_push: msg_id = 1342370, remain = -61, size = 3
force_push: msg_id = 1342451, remain = -61, size = 3
force_push: msg_id = 1342535, remain = -61, size = 3
force_push: msg_id = 1342619, remain = -61, size = 3
force_push: msg_id = 1342698, remain = -61, size = 3
force_push: msg_id = 1342780, remain = -61, size = 3
force_push: msg_id = 1342860, remain = -61, size = 3
force_push: msg_id = 1342940, remain = -61, size = 3
force_push: msg_id = 1343021, remain = -61, size = 3
force_push: msg_id = 1343101, remain = -61, size = 3
force_push: msg_id = 1343182, remain = -61, size = 3
force_push: msg_id = 1343262, remain = -61, size = 3
force_push: msg_id = 1343343, remain = -61, size = 3
force_push: msg_id = 1343424, remain = -61, size = 3
force_push: msg_id = 1343504, remain = -61, size = 3
force_push: msg_id = 1343587, remain = -61, size = 3
force_push: msg_id = 1343668, remain = -61, size = 3
force_push: msg_id = 1343748, remain = -61, size = 3
force_push: msg_id = 1343828, remain = -61, size = 3
force_push: msg_id = 1343910, remain = -61, size = 3
force_push: msg_id = 1343990, remain = -61, size = 3
force_push: msg_id = 1344070, remain = -61, size = 3
force_push: msg_id = 1344150, remain = -61, size = 3
force_push: msg_id = 1344230, remain = -61, size = 3
force_push: msg_id = 1344313, remain = -61, size = 3
force_push: msg_id = 1344395, remain = -61, size = 3
force_push: msg_id = 1344479, remain = -61, size = 3
force_push: msg_id = 1344565, remain = -61, size = 3
force_push: msg_id = 1344652, remain = -61, size = 3
force_push: msg_id = 1344735, remain = -61, size = 3
force_push: msg_id = 1344817, remain = -61, size = 3
force_push: msg_id = 1344898, remain = -61, size = 3
force_push: msg_id = 1344981, remain = -61, size = 3
force_push: msg_id = 1345064, remain = -61, size = 3
force_push: msg_id = 1345145, remain = -61, size = 3
force_push: msg_id = 1345225, remain = -61, size = 3
force_push: msg_id = 1345299, remain = -61, size = 3
force_push: msg_id = 1345379, remain = -61, size = 3
force_push: msg_id = 1345459, remain = -61, size = 3
force_push: msg_id = 1345537, remain = -61, size = 3
force_push: msg_id = 1345613, remain = -61, size = 3
force_push: msg_id = 1345693, remain = -61, size = 3
force_push: msg_id = 1345773, remain = -61, size = 3
force_push: msg_id = 1345853, remain = -61, size = 3
force_push: msg_id = 1345933, remain = -61, size = 3
force_push: msg_id = 1346013, remain = -61, size = 3
force_push: msg_id = 1346092, remain = -61, size = 3
force_push: msg_id = 1346172, remain = -61, size = 3
force_push: msg_id = 1346251, remain = -61, size = 3
force_push: msg_id = 1346329, remain = -61, size = 3
force_push: msg_id = 1346409, remain = -61, size = 3
force_push: msg_id = 1346489, remain = -61, size = 3
force_push: msg_id = 1346569, remain = -61, size = 3
force_push: msg_id = 1346649, remain = -61, size = 3
force_push: msg_id = 1346729, remain = -61, size = 3
force_push: msg_id = 1346809, remain = -61, size = 3
force_push: msg_id = 1346889, remain = -61, size = 3
force_push: msg_id = 1346969, remain = -61, size = 3
force_push: msg_id = 1347049, remain = -61, size = 3
force_push: msg_id = 1347128, remain = -61, size = 3
force_push: msg_id = 1347208, remain = -61, size = 3
force_push: msg_id = 1347288, remain = -61, size = 3
force_push: msg_id = 1347368, remain = -61, size = 3
force_push: msg_id = 1347446, remain = -61, size = 3
force_push: msg_id = 1347523, remain = -61, size = 3
force_push: msg_id = 1347603, remain = -61, size = 3
force_push: msg_id = 1347683, remain = -61, size = 3
force_push: msg_id = 1347763, remain = -61, size = 3
force_push: msg_id = 1347843, remain = -61, size = 3
force_push: msg_id = 1347923, remain = -61, size = 3
force_push: msg_id = 1348001, remain = -61, size = 3
force_push: msg_id = 1348079, remain = -61, size = 3
force_push: msg_id = 1348159, remain = -61, size = 3
force_push: msg_id = 1348239, remain = -61, size = 3
force_push: msg_id = 1348319, remain = -61, size = 3
force_push: msg_id = 1348399, remain = -61, size = 3
force_push: msg_id = 1348479, remain = -61, size = 3
force_push: msg_id = 1348559, remain = -61, size = 3
force_push: msg_id = 1348639, remain = -61, size = 3
force_push: msg_id = 1348718, remain = -61, size = 3
force_push: msg_id = 1348798, remain = -61, size = 3
force_push: msg_id = 1348878, remain = -61, size = 3
force_push: msg_id = 1348958, remain = -61, size = 3
force_push: msg_id = 1349038, remain = -61, size = 3
force_push: msg_id = 1349118, remain = -61, size = 3
force_push: msg_id = 1349196, remain = -61, size = 3
force_push: msg_id = 1349276, remain = -61, size = 3
force_push: msg_id = 1349356, remain = -61, size = 3
force_push: msg_id = 1349436, remain = -61, size = 3
force_push: msg_id = 1349514, remain = -61, size = 3
force_push: msg_id = 1349594, remain = -61, size = 3
force_push: msg_id = 1349674, remain = -61, size = 3
force_push: msg_id = 1349751, remain = -61, size = 3
force_push: msg_id = 1349831, remain = -61, size = 3
force_push: msg_id = 1349909, remain = -61, size = 3
force_push: msg_id = 1349989, remain = -61, size = 3
force_push: msg_id = 1350068, remain = -61, size = 3
force_push: msg_id = 1350138, remain = -61, size = 3
force_push: msg_id = 1350218, remain = -61, size = 3
force_push: msg_id = 1350296, remain = -61, size = 3
force_push: msg_id = 1350376, remain = -61, size = 3
force_push: msg_id = 1350456, remain = -61, size = 3
force_push: msg_id = 1350536, remain = -61, size = 3
force_push: msg_id = 1350615, remain = -61, size = 3
force_push: msg_id = 1350692, remain = -61, size = 3
force_push: msg_id = 1350772, remain = -61, size = 3
force_push: msg_id = 1350850, remain = -61, size = 3
force_push: msg_id = 1350930, remain = -61, size = 3
force_push: msg_id = 1351010, remain = -61, size = 3
force_push: msg_id = 1351090, remain = -61, size = 3
force_push: msg_id = 1351170, remain = -61, size = 3
force_push: msg_id = 1351248, remain = -61, size = 3
force_push: msg_id = 1351328, remain = -61, size = 3
force_push: msg_id = 1351408, remain = -61, size = 3
force_push: msg_id = 1351488, remain = -61, size = 3
force_push: msg_id = 1351568, remain = -61, size = 3
force_push: msg_id = 1351648, remain = -61, size = 3
force_push: msg_id = 1351728, remain = -61, size = 3
force_push: msg_id = 1351808, remain = -61, size = 3
force_push: msg_id = 1351888, remain = -61, size = 3
force_push: msg_id = 1351968, remain = -61, size = 3
force_push: msg_id = 1352048, remain = -61, size = 3
force_push: msg_id = 1352126, remain = -61, size = 3
force_push: msg_id = 1352206, remain = -61, size = 3
force_push: msg_id = 1352286, remain = -61, size = 3
force_push: msg_id = 1352366, remain = -61, size = 3
force_push: msg_id = 1352446, remain = -61, size = 3
force_push: msg_id = 1352526, remain = -61, size = 3
force_push: msg_id = 1352605, remain = -61, size = 3
force_push: msg_id = 1352685, remain = -61, size = 3
force_push: msg_id = 1352765, remain = -61, size = 3
force_push: msg_id = 1352843, remain = -61, size = 3
force_push: msg_id = 1352923, remain = -61, size = 3
force_push: msg_id = 1353001, remain = -61, size = 3
force_push: msg_id = 1353079, remain = -61, size = 3
force_push: msg_id = 1353159, remain = -61, size = 3
force_push: msg_id = 1353239, remain = -61, size = 3
force_push: msg_id = 1353319, remain = -61, size = 3
force_push: msg_id = 1353398, remain = -61, size = 3
force_push: msg_id = 1353477, remain = -61, size = 3
force_push: msg_id = 1353557, remain = -61, size = 3
force_push: msg_id = 1353636, remain = -61, size = 3
force_push: msg_id = 1353712, remain = -61, size = 3
force_push: msg_id = 1353792, remain = -61, size = 3
force_push: msg_id = 1353872, remain = -61, size = 3
force_push: msg_id = 1353952, remain = -61, size = 3
force_push: msg_id = 1354031, remain = -61, size = 3
force_push: msg_id = 1354112, remain = -61, size = 3
force_push: msg_id = 1354190, remain = -61, size = 3
force_push: msg_id = 1354270, remain = -61, size = 3
force_push: msg_id = 1354350, remain = -61, size = 3
force_push: msg_id = 1354431, remain = -61, size = 3
force_push: msg_id = 1354511, remain = -61, size = 3
force_push: msg_id = 1354591, remain = -61, size = 3
force_push: msg_id = 1354671, remain = -61, size = 3
force_push: msg_id = 1354751, remain = -61, size = 3
force_push: msg_id = 1354831, remain = -61, size = 3
force_push: msg_id = 1354909, remain = -61, size = 3
force_push: msg_id = 1354989, remain = -61, size = 3
force_push: msg_id = 1355069, remain = -61, size = 3
force_push: msg_id = 1355149, remain = -61, size = 3
force_push: msg_id = 1355230, remain = -61, size = 3
force_push: msg_id = 1355310, remain = -61, size = 3
force_push: msg_id = 1355389, remain = -61, size = 3
force_push: msg_id = 1355468, remain = -61, size = 3
force_push: msg_id = 1355548, remain = -61, size = 3
force_push: msg_id = 1355626, remain = -61, size = 3
force_push: msg_id = 1355707, remain = -61, size = 3
force_push: msg_id = 1355787, remain = -61, size = 3
force_push: msg_id = 1355865, remain = -61, size = 3
force_push: msg_id = 1355944, remain = -61, size = 3
force_push: msg_id = 1356024, remain = -61, size = 3
force_push: msg_id = 1356104, remain = -61, size = 3
force_push: msg_id = 1356183, remain = -61, size = 3
force_push: msg_id = 1356263, remain = -61, size = 3
force_push: msg_id = 1356344, remain = -61, size = 3
force_push: msg_id = 1356422, remain = -61, size = 3
force_push: msg_id = 1356502, remain = -61, size = 3
force_push: msg_id = 1356580, remain = -61, size = 3
force_push: msg_id = 1356657, remain = -61, size = 3
force_push: msg_id = 1356737, remain = -61, size = 3
force_push: msg_id = 1356817, remain = -61, size = 3
force_push: msg_id = 1356897, remain = -61, size = 3
force_push: msg_id = 1356975, remain = -61, size = 3
force_push: msg_id = 1357055, remain = -61, size = 3
force_push: msg_id = 1357134, remain = -61, size = 3
force_push: msg_id = 1357214, remain = -61, size = 3
force_push: msg_id = 1357294, remain = -61, size = 3
force_push: msg_id = 1357374, remain = -61, size = 3
force_push: msg_id = 1357454, remain = -61, size = 3
force_push: msg_id = 1357533, remain = -61, size = 3
force_push: msg_id = 1357613, remain = -61, size = 3
force_push: msg_id = 1357692, remain = -61, size = 3
force_push: msg_id = 1357771, remain = -61, size = 3
force_push: msg_id = 1357851, remain = -61, size = 3
force_push: msg_id = 1357929, remain = -61, size = 3
force_push: msg_id = 1358009, remain = -61, size = 3
force_push: msg_id = 1358088, remain = -61, size = 3
force_push: msg_id = 1358167, remain = -61, size = 3
force_push: msg_id = 1358248, remain = -61, size = 3
force_push: msg_id = 1358328, remain = -61, size = 3
force_push: msg_id = 1358407, remain = -61, size = 3
force_push: msg_id = 1358487, remain = -61, size = 3
force_push: msg_id = 1358567, remain = -61, size = 3
force_push: msg_id = 1358646, remain = -61, size = 3
force_push: msg_id = 1358724, remain = -61, size = 3
force_push: msg_id = 1358803, remain = -61, size = 3
force_push: msg_id = 1358883, remain = -61, size = 3
force_push: msg_id = 1358963, remain = -61, size = 3
force_push: msg_id = 1359043, remain = -61, size = 3
force_push: msg_id = 1359123, remain = -61, size = 3
force_push: msg_id = 1359201, remain = -61, size = 3
force_push: msg_id = 1359282, remain = -61, size = 3
force_push: msg_id = 1359362, remain = -61, size = 3
force_push: msg_id = 1359438, remain = -61, s