Read file config.yml
Running executor...
Loaded function exp00_front. lib_load_elasped: 168, func_load_elasped: 2
Loaded function exp00_back. lib_load_elasped: 125, func_load_elasped: 2
chain_length = 2, payload_size = 512, token 7184234 us.
chain_length = 2, payload_size = 512, token 11102548 us.
chain_length = 2, payload_size = 512, token 12139101 us.
chain_length = 2, payload_size = 512, token 13244577 us.
chain_length = 2, payload_size = 512, token 12254245 us.
chain_length = 2, payload_size = 512, token 12321565 us.
chain_length = 2, payload_size = 512, token 12266003 us.
chain_length = 2, payload_size = 512, token 13085437 us.
chain_length = 2, payload_size = 512, token 10057341 us.
chain_length = 2, payload_size = 512, token 17564752 us.
chain_length = 2, payload_size = 512, token 10194649 us.
chain_length = 2, payload_size = 512, token 11118469 us.
chain_length = 2, payload_size = 512, token 21462151 us.
chain_length = 2, payload_size = 512, token 21580384 us.
chain_length = 2, payload_size = 512, token 11388470 us.
chain_length = 2, payload_size = 512, token 10116801 us.
chain_length = 2, payload_size = 512, token 18689550 us.
chain_length = 2, payload_size = 512, token 12777144 us.
chain_length = 2, payload_size = 512, token 13167368 us.
chain_length = 2, payload_size = 512, token 15511231 us.
chain_length = 2, payload_size = 512, token 17815119 us.
chain_length = 2, payload_size = 512, token 16848433 us.
chain_length = 2, payload_size = 512, token 17391658 us.
chain_length = 2, payload_size = 512, token 14392751 us.
chain_length = 2, payload_size = 512, token 16559987 us.
chain_length = 2, payload_size = 512, token 25450516 us.
chain_length = 2, payload_size = 512, token 19637235 us.
chain_length = 2, payload_size = 512, token 14762507 us.
chain_length = 2, payload_size = 512, token 16025240 us.
chain_length = 2, payload_size = 512, token 20576921 us.
chain_length = 2, payload_size = 512, token 18618955 us.
chain_length = 2, payload_size = 512, token 11558716 us.
chain_length = 2, payload_size = 512, token 14143275 us.
chain_length = 2, payload_size = 512, token 18960229 us.
chain_length = 2, payload_size = 512, token 15312124 us.
chain_length = 2, payload_size = 512, token 9589459 us.
chain_length = 2, payload_size = 512, token 16402131 us.
chain_length = 2, payload_size = 512, token 20214793 us.
chain_length = 2, payload_size = 512, token 15237622 us.
chain_length = 2, payload_size = 512, token 13406399 us.
chain_length = 2, payload_size = 512, token 20918271 us.
chain_length = 2, payload_size = 512, token 19408274 us.
chain_length = 2, payload_size = 512, token 21098107 us.
chain_length = 2, payload_size = 512, token 22372103 us.
chain_length = 2, payload_size = 512, token 18078395 us.
chain_length = 2, payload_size = 512, token 12613559 us.
chain_length = 2, payload_size = 512, token 23934166 us.
chain_length = 2, payload_size = 512, token 17104588 us.
chain_length = 2, payload_size = 512, token 24927265 us.
chain_length = 2, payload_size = 512, token 27492400 us.
chain_length = 2, payload_size = 512, token 18756164 us.
chain_length = 2, payload_size = 512, token 29367760 us.
force_push: msg_id = 1340758, remain = 22, size = 64
Send to executer failed.force_push: msg_id = 1340983, remain = -61, size = 3
force_push: msg_id = 1341047, remain = -61, size = 3
force_push: msg_id = 1341126, remain = -61, size = 3
force_push: msg_id = 1341208, remain = -61, size = 3
force_push: msg_id = 1341287, remain = -61, size = 3
force_push: msg_id = 1341367, remain = -61, size = 3
force_push: msg_id = 1341447, remain = -61, size = 3
force_push: msg_id = 1341529, remain = -61, size = 3
force_push: msg_id = 1341610, remain = -61, size = 3
force_push: msg_id = 1341691, remain = -61, size = 3
force_push: msg_id = 1341771, remain = -61, size = 3
force_push: msg_id = 1341851, remain = -61, size = 3
force_push: msg_id = 1341930, remain = -61, size = 3
force_push: msg_id = 1342010, remain = -61, size = 3
force_push: msg_id = 1342090, remain = -61, size = 3
force_push: msg_id = 1342173, remain = -61, size = 3
force_push: msg_id = 1342253, remain = -61, size = 3
force_push: msg_id = 1342332, remain = -61, size = 3
force_push: msg_id = 1342412, remain = -61, size = 3
force_push: msg_id = 1342492, remain = -61, size = 3
force_push: msg_id = 1342572, remain = -61, size = 3
force_push: msg_id = 1342652, remain = -61, size = 3
force_push: msg_id = 1342733, remain = -61, size = 3
force_push: msg_id = 1342813, remain = -61, size = 3
force_push: msg_id = 1342893, remain = -61, size = 3
force_push: msg_id = 1342973, remain = -61, size = 3
force_push: msg_id = 1343054, remain = -61, size = 3
force_push: msg_id = 1343134, remain = -61, size = 3
force_push: msg_id = 1343214, remain = -61, size = 3
force_push: msg_id = 1343294, remain = -61, size = 3
force_push: msg_id = 1343374, remain = -61, size = 3
force_push: msg_id = 1343454, remain = -61, size = 3
force_push: msg_id = 1343533, remain = -61, size = 3
force_push: msg_id = 1343613, remain = -61, size = 3
force_push: msg_id = 1343693, remain = -61, size = 3
force_push: msg_id = 1343773, remain = -61, size = 3
force_push: msg_id = 1343851, remain = -61, size = 3
force_push: msg_id = 1343930, remain = -61, size = 3
force_push: msg_id = 1344010, remain = -61, size = 3
force_push: msg_id = 1344086, remain = -61, size = 3
force_push: msg_id = 1344166, remain = -61, size = 3
force_push: msg_id = 1344246, remain = -61, size = 3
force_push: msg_id = 1344326, remain = -61, size = 3
force_push: msg_id = 1344405, remain = -61, size = 3
force_push: msg_id = 1344485, remain = -61, size = 3
force_push: msg_id = 1344564, remain = -61, size = 3
force_push: msg_id = 1344641, remain = -61, size = 3
force_push: msg_id = 1344720, remain = -61, size = 3
force_push: msg_id = 1344801, remain = -61, size = 3
force_push: msg_id = 1344880, remain = -61, size = 3
force_push: msg_id = 1344959, remain = -61, size = 3
force_push: msg_id = 1345039, remain = -61, size = 3
force_push: msg_id = 1345118, remain = -61, size = 3
force_push: msg_id = 1345196, remain = -61, size = 3
force_push: msg_id = 1345276, remain = -61, size = 3
force_push: msg_id = 1345355, remain = -61, size = 3
force_push: msg_id = 1345435, remain = -61, size = 3
force_push: msg_id = 1345514, remain = -61, size = 3
force_push: msg_id = 1345593, remain = -61, size = 3
force_push: msg_id = 1345673, remain = -61, size = 3
force_push: msg_id = 1345753, remain = -61, size = 3
force_push: msg_id = 1345833, remain = -61, size = 3
force_push: msg_id = 1345911, remain = -61, size = 3
force_push: msg_id = 1345991, remain = -61, size = 3
force_push: msg_id = 1346071, remain = -61, size = 3
force_push: msg_id = 1346152, remain = -61, size = 3
force_push: msg_id = 1346232, remain = -61, size = 3
force_push: msg_id = 1346312, remain = -61, size = 3
force_push: msg_id = 1346392, remain = -61, size = 3
force_push: msg_id = 1346472, remain = -61, size = 3
force_push: msg_id = 1346552, remain = -61, size = 3
force_push: msg_id = 1346632, remain = -61, size = 3
force_push: msg_id = 1346712, remain = -61, size = 3
force_push: msg_id = 1346792, remain = -61, size = 3
force_push: msg_id = 1346872, remain = -61, size = 3
force_push: msg_id = 1346953, remain = -61, size = 3
force_push: msg_id = 1347030, remain = -61, size = 3
force_push: msg_id = 1347109, remain = -61, size = 3
force_push: msg_id = 1347187, remain = -61, size = 3
force_push: msg_id = 1347267, remain = -61, size = 3
force_push: msg_id = 1347347, remain = -61, size = 3
force_push: msg_id = 1347427, remain = -61, size = 3
force_push: msg_id = 1347507, remain = -61, size = 3
force_push: msg_id = 1347585, remain = -61, size = 3
force_push: msg_id = 1347663, remain = -61, size = 3
force_push: msg_id = 1347743, remain = -61, size = 3
force_push: msg_id = 1347823, remain = -61, size = 3
force_push: msg_id = 1347903, remain = -61, size = 3
force_push: msg_id = 1347983, remain = -61, size = 3
force_push: msg_id = 1348063, remain = -61, size = 3
force_push: msg_id = 1348143, remain = -61, size = 3
force_push: msg_id = 1348221, remain = -61, size = 3
force_push: msg_id = 1348301, remain = -61, size = 3
force_push: msg_id = 1348381, remain = -61, size = 3
force_push: msg_id = 1348461, remain = -61, size = 3
force_push: msg_id = 1348541, remain = -61, size = 3
force_push: msg_id = 1348621, remain = -61, size = 3
force_push: msg_id = 1348701, remain = -61, size = 3
force_push: msg_id = 1348781, remain = -61, size = 3
force_push: msg_id = 1348860, remain = -61, size = 3
force_push: msg_id = 1348939, remain = -61, size = 3
force_push: msg_id = 1349019, remain = -61, size = 3
force_push: msg_id = 1349099, remain = -61, size = 3
force_push: msg_id = 1349177, remain = -61, size = 3
force_push: msg_id = 1349257, remain = -61, size = 3
force_push: msg_id = 1349337, remain = -61, size = 3
force_push: msg_id = 1349417, remain = -61, size = 3
force_push: msg_id = 1349498, remain = -61, size = 3
force_push: msg_id = 1349578, remain = -61, size = 3
force_push: msg_id = 1349658, remain = -61, size = 3
force_push: msg_id = 1349737, remain = -61, size = 3
force_push: msg_id = 1349817, remain = -61, size = 3
force_push: msg_id = 1349891, remain = -61, size = 3
force_push: msg_id = 1349971, remain = -61, size = 3
force_push: msg_id = 1350051, remain = -61, size = 3
force_push: msg_id = 1350131, remain = -61, size = 3
force_push: msg_id = 1350209, remain = -61, size = 3
force_push: msg_id = 1350289, remain = -61, size = 3
force_push: msg_id = 1350369, remain = -61, size = 3
force_push: msg_id = 1350448, remain = -61, size = 3
force_push: msg_id = 1350525, remain = -61, size = 3
force_push: msg_id = 1350605, remain = -61, size = 3
force_push: msg_id = 1350683, remain = -61, size = 3
force_push: msg_id = 1350764, remain = -61, size = 3
force_push: msg_id = 1350844, remain = -61, size = 3
force_push: msg_id = 1350924, remain = -61, size = 3
force_push: msg_id = 1351004, remain = -61, size = 3
force_push: msg_id = 1351084, remain = -61, size = 3
force_push: msg_id = 1351162, remain = -61, size = 3
force_push: msg_id = 1351242, remain = -61, size = 3
force_push: msg_id = 1351322, remain = -61, size = 3
force_push: msg_id = 1351402, remain = -61, size = 3
force_push: msg_id = 1351482, remain = -61, size = 3
force_push: msg_id = 1351562, remain = -61, size = 3
force_push: msg_id = 1351642, remain = -61, size = 3
force_push: msg_id = 1351722, remain = -61, size = 3
force_push: msg_id = 1351802, remain = -61, size = 3
force_push: msg_id = 1351882, remain = -61, size = 3
force_push: msg_id = 1351960, remain = -61, size = 3
force_push: msg_id = 1352040, remain = -61, size = 3
force_push: msg_id = 1352120, remain = -61, size = 3
force_push: msg_id = 1352201, remain = -61, size = 3
force_push: msg_id = 1352281, remain = -61, size = 3
force_push: msg_id = 1352361, remain = -61, size = 3
force_push: msg_id = 1352441, remain = -61, size = 3
force_push: msg_id = 1352521, remain = -61, size = 3
force_push: msg_id = 1352601, remain = -61, size = 3
force_push: msg_id = 1352681, remain = -61, size = 3
force_push: msg_id = 1352759, remain = -61, size = 3
force_push: msg_id = 1352837, remain = -61, size = 3
force_push: msg_id = 1352915, remain = -61, size = 3
force_push: msg_id = 1352995, remain = -61, size = 3
force_push: msg_id = 1353075, remain = -61, size = 3
force_push: msg_id = 1353155, remain = -61, size = 3
force_push: msg_id = 1353233, remain = -61, size = 3
force_push: msg_id = 1353313, remain = -61, size = 3
force_push: msg_id = 1353393, remain = -61, size = 3
force_push: msg_id = 1353473, remain = -61, size = 3
force_push: msg_id = 1353549, remain = -61, size = 3
force_push: msg_id = 1353627, remain = -61, size = 3
force_push: msg_id = 1353707, remain = -61, size = 3
force_push: msg_id = 1353785, remain = -61, size = 3
force_push: msg_id = 1353865, remain = -61, size = 3
force_push: msg_id = 1353945, remain = -61, size = 3
force_push: msg_id = 1354025, remain = -61, size = 3
force_push: msg_id = 1354103, remain = -61, size = 3
force_push: msg_id = 1354183, remain = -61, size = 3
force_push: msg_id = 1354263, remain = -61, size = 3
force_push: msg_id = 1354343, remain = -61, size = 3
force_push: msg_id = 1354424, remain = -61, size = 3
force_push: msg_id = 1354504, remain = -61, size = 3
force_push: msg_id = 1354584, remain = -61, size = 3
force_push: msg_id = 1354664, remain = -61, size = 3
force_push: msg_id = 1354744, remain = -61, size = 3
force_push: msg_id = 1354823, remain = -61, size = 3
force_push: msg_id = 1354905, remain = -61, size = 3
force_push: msg_id = 1354985, remain = -61, size = 3
force_push: msg_id = 1355065, remain = -61, size = 3
force_push: msg_id = 1355145, remain = -61, size = 3
force_push: msg_id = 1355225, remain = -61, size = 3
force_push: msg_id = 1355303, remain = -61, size = 3
force_push: msg_id = 1355383, remain = -61, size = 3
force_push: msg_id = 1355463, remain = -61, size = 3
force_push: msg_id = 1355541, remain = -61, size = 3
force_push: msg_id = 1355621, remain = -61, size = 3
force_push: msg_id = 1355700, remain = -61, size = 3
force_push: msg_id = 1355778, remain = -61, size = 3
force_push: msg_id = 1355858, remain = -61, size = 3
force_push: msg_id = 1355938, remain = -61, size = 3
force_push: msg_id = 1356019, remain = -61, size = 3
force_push: msg_id = 1356099, remain = -61, size = 3
force_push: msg_id = 1356179, remain = -61, size = 3
force_push: msg_id = 1356259, remain = -61, size = 3
force_push: msg_id = 1356337, remain = -61, size = 3
force_push: msg_id = 1356417, remain = -61, size = 3
force_push: msg_id = 1356492, remain = -61, size = 3
force_push: msg_id = 1356572, remain = -61, size = 3
force_push: msg_id = 1356652, remain = -61, size = 3
force_push: msg_id = 1356732, remain = -61, size = 3
force_push: msg_id = 1356813, remain = -61, size = 3
force_push: msg_id = 1356891, remain = -61, size = 3
force_push: msg_id = 1356971, remain = -61, size = 3
force_push: msg_id = 1357049, remain = -61, size = 3
force_push: msg_id = 1357129, remain = -61, size = 3
force_push: msg_id = 1357209, remain = -61, size = 3
force_push: msg_id = 1357289, remain = -61, size = 3
force_push: msg_id = 1357369, remain = -61, size = 3
force_push: msg_id = 1357447, remain = -61, size = 3
force_push: msg_id = 1357529, remain = -61, size = 3
force_push: msg_id = 1357610, remain = -61, size = 3
force_push: msg_id = 1357686, remain = -61, size = 3
force_push: msg_id = 1357766, remain = -61, size = 3
force_push: msg_id = 1357844, remain = -61, size = 3
force_push: msg_id = 1357925, remain = -61, size = 3
force_push: msg_id = 1358003, remain = -61, size = 3
force_push: msg_id = 1358084, remain = -61, size = 3
force_push: msg_id = 1358164, remain = -61, size = 3
force_push: msg_id = 1358244, remain = -61, size = 3
force_push: msg_id = 1358322, remain = -61, size = 3
force_push: msg_id = 1358403, remain = -61, size = 3
force_push: msg_id = 1358482, remain = -61, size = 3
force_push: msg_id = 1358562, remain = -61, size = 3
force_push: msg_id = 1358640, remain = -61, size = 3
force_push: msg_id = 1358720, remain = -61, size = 3
force_push: msg_id = 1358801, remain = -61, size = 3
force_push: msg_id = 1358881, remain = -61, size = 3
force_push: msg_id = 1358961, remain = -61, size = 3
force_push: msg_id = 1359041, remain = -61, size = 3
force_push: msg_id = 1359121, remain = -61, size = 3
force_push: msg_id = 1359199, remain = -61, size = 3
force_push: msg_id = 1359279, remain = -61, size = 3
force_push: msg_id = 1359358, remain = -61, s