Read file config.yml
Running executor...
Loaded function exp00_back. lib_load_elasped: 185, func_load_elasped: 2
Loaded function exp00_front. lib_load_elasped: 152, func_load_elasped: 1
chain_length = 2, payload_size = 512, token 19807 us.
chain_length = 2, payload_size = 512, token 781761 us.
chain_length = 2, payload_size = 512, token 3558227 us.
chain_length = 2, payload_size = 512, token 8709950 us.
chain_length = 2, payload_size = 512, token 15038540 us.
chain_length = 2, payload_size = 512, token 14671613 us.
chain_length = 2, payload_size = 512, token 11227057 us.
chain_length = 2, payload_size = 512, token 12922953 us.
chain_length = 2, payload_size = 512, token 11579789 us.
chain_length = 2, payload_size = 512, token 10690134 us.
chain_length = 2, payload_size = 512, token 14206573 us.
chain_length = 2, payload_size = 512, token 11246111 us.
chain_length = 2, payload_size = 512, token 11614165 us.
chain_length = 2, payload_size = 512, token 12751912 us.
chain_length = 2, payload_size = 512, token 10694364 us.
chain_length = 2, payload_size = 512, token 13675472 us.
chain_length = 2, payload_size = 512, token 12407646 us.
chain_length = 2, payload_size = 512, token 16987104 us.
chain_length = 2, payload_size = 512, token 19471017 us.
chain_length = 2, payload_size = 512, token 13560399 us.
chain_length = 2, payload_size = 512, token 12586111 us.
chain_length = 2, payload_size = 512, token 12702635 us.
chain_length = 2, payload_size = 512, token 11835295 us.
chain_length = 2, payload_size = 512, token 14027048 us.
chain_length = 2, payload_size = 512, token 15493925 us.
chain_length = 2, payload_size = 512, token 14839821 us.
chain_length = 2, payload_size = 512, token 20653595 us.
chain_length = 2, payload_size = 512, token 11938879 us.
chain_length = 2, payload_size = 512, token 14985794 us.
chain_length = 2, payload_size = 512, token 14488706 us.
chain_length = 2, payload_size = 512, token 13262859 us.
chain_length = 2, payload_size = 512, token 15256178 us.
chain_length = 2, payload_size = 512, token 16968394 us.
chain_length = 2, payload_size = 512, token 20830193 us.
chain_length = 2, payload_size = 512, token 13973651 us.
chain_length = 2, payload_size = 512, token 16604195 us.
chain_length = 2, payload_size = 512, token 9999037 us.
chain_length = 2, payload_size = 512, token 9821182 us.
chain_length = 2, payload_size = 512, token 14702464 us.
chain_length = 2, payload_size = 512, token 21186715 us.
chain_length = 2, payload_size = 512, token 10761838 us.
chain_length = 2, payload_size = 512, token 8754107 us.
chain_length = 2, payload_size = 512, token 11142193 us.
chain_length = 2, payload_size = 512, token 13755636 us.
chain_length = 2, payload_size = 512, token 18547747 us.
chain_length = 2, payload_size = 512, token 19075120 us.
chain_length = 2, payload_size = 512, token 16235579 us.
chain_length = 2, payload_size = 512, token 13656888 us.
chain_length = 2, payload_size = 512, token 10823585 us.
chain_length = 2, payload_size = 512, token 19285093 us.
chain_length = 2, payload_size = 512, token 18265815 us.
chain_length = 2, payload_size = 512, token 13272653 us.
chain_length = 2, payload_size = 512, token 25183715 us.
chain_length = 2, payload_size = 512, token 13893452 us.
chain_length = 2, payload_size = 512, token 19006517 us.
chain_length = 2, payload_size = 512, token 12614757 us.
chain_length = 2, payload_size = 512, token 20599922 us.
chain_length = 2, payload_size = 512, token 18409862 us.
chain_length = 2, payload_size = 512, token 17651347 us.
chain_length = 2, payload_size = 512, token 19196346 us.
chain_length = 2, payload_size = 512, token 18693316 us.
chain_length = 2, payload_size = 512, token 21093578 us.
chain_length = 2, payload_size = 512, token 12775593 us.
chain_length = 2, payload_size = 512, token 19090344 us.
chain_length = 2, payload_size = 512, token 19296643 us.
chain_length = 2, payload_size = 512, token 20614110 us.
chain_length = 2, payload_size = 512, token 11998047 us.
chain_length = 2, payload_size = 512, token 17041306 us.
chain_length = 2, payload_size = 512, token 16456190 us.
chain_length = 2, payload_size = 512, token 23843579 us.
chain_length = 2, payload_size = 512, token 18801959 us.
chain_length = 2, payload_size = 512, token 19924658 us.
chain_length = 2, payload_size = 512, token 24781666 us.
chain_length = 2, payload_size = 512, token 26177903 us.
chain_length = 2, payload_size = 512, token 14471330 us.
chain_length = 2, payload_size = 512, token 14856023 us.
chain_length = 2, payload_size = 512, token 32547300 us.
chain_length = 2, payload_size = 512, token 21937527 us.
chain_length = 2, payload_size = 512, token 26841395 us.
chain_length = 2, payload_size = 512, token 29293447 us.
chain_length = 2, payload_size = 512, token 25722985 us.
chain_length = 2, payload_size = 512, token 18965589 us.
chain_length = 2, payload_size = 512, token 23116799 us.
chain_length = 2, payload_size = 512, token 23683655 us.
chain_length = 2, payload_size = 512, token 19181053 us.
chain_length = 2, payload_size = 512, token 25775749 us.
chain_length = 2, payload_size = 512, token 18640738 us.
chain_length = 2, payload_size = 512, token 26220608 us.
chain_length = 2, payload_size = 512, token 23367398 us.
chain_length = 2, payload_size = 512, token 21198800 us.
chain_length = 2, payload_size = 512, token 33572137 us.
force_push: msg_id = 1340876, remain = -61, size = 3
force_push: msg_id = 1340974, remain = -61, size = 3
force_push: msg_id = 1341043, remain = -61, size = 3
force_push: msg_id = 1341125, remain = -61, size = 3
force_push: msg_id = 1341206, remain = -61, size = 3
force_push: msg_id = 1341286, remain = -61, size = 3
force_push: msg_id = 1341366, remain = -61, size = 3
force_push: msg_id = 1341444, remain = -61, size = 3
force_push: msg_id = 1341524, remain = -61, size = 3
force_push: msg_id = 1341604, remain = -61, size = 3
force_push: msg_id = 1341685, remain = -61, size = 3
force_push: msg_id = 1341765, remain = -61, size = 3
force_push: msg_id = 1341845, remain = -61, size = 3
force_push: msg_id = 1341925, remain = -61, size = 3
force_push: msg_id = 1342006, remain = -61, size = 3
force_push: msg_id = 1342086, remain = -61, size = 3
force_push: msg_id = 1342167, remain = -61, size = 3
force_push: msg_id = 1342247, remain = -61, size = 3
force_push: msg_id = 1342327, remain = -61, size = 3
force_push: msg_id = 1342408, remain = -61, size = 3
force_push: msg_id = 1342489, remain = -61, size = 3
force_push: msg_id = 1342568, remain = -61, size = 3
force_push: msg_id = 1342648, remain = -61, size = 3
force_push: msg_id = 1342728, remain = -61, size = 3
force_push: msg_id = 1342808, remain = -61, size = 3
force_push: msg_id = 1342888, remain = -61, size = 3
force_push: msg_id = 1342968, remain = -61, size = 3
force_push: msg_id = 1343048, remain = -61, size = 3
force_push: msg_id = 1343127, remain = -61, size = 3
force_push: msg_id = 1343207, remain = -61, size = 3
force_push: msg_id = 1343287, remain = -61, size = 3
force_push: msg_id = 1343367, remain = -61, size = 3
force_push: msg_id = 1343446, remain = -61, size = 3
force_push: msg_id = 1343526, remain = -61, size = 3
force_push: msg_id = 1343606, remain = -61, size = 3
force_push: msg_id = 1343686, remain = -61, size = 3
force_push: msg_id = 1343764, remain = -61, size = 3
force_push: msg_id = 1343843, remain = -61, size = 3
force_push: msg_id = 1343923, remain = -61, size = 3
force_push: msg_id = 1343999, remain = -61, size = 3
force_push: msg_id = 1344080, remain = -61, size = 3
force_push: msg_id = 1344160, remain = -61, size = 3
force_push: msg_id = 1344239, remain = -61, size = 3
force_push: msg_id = 1344317, remain = -61, size = 3
force_push: msg_id = 1344397, remain = -61, size = 3
force_push: msg_id = 1344476, remain = -61, size = 3
force_push: msg_id = 1344554, remain = -61, size = 3
force_push: msg_id = 1344632, remain = -61, size = 3
force_push: msg_id = 1344712, remain = -61, size = 3
force_push: msg_id = 1344791, remain = -61, size = 3
force_push: msg_id = 1344868, remain = -61, size = 3
force_push: msg_id = 1344947, remain = -61, size = 3
force_push: msg_id = 1345026, remain = -61, size = 3
force_push: msg_id = 1345106, remain = -61, size = 3
force_push: msg_id = 1345187, remain = -61, size = 3
force_push: msg_id = 1345266, remain = -61, size = 3
force_push: msg_id = 1345346, remain = -61, size = 3
force_push: msg_id = 1345425, remain = -61, size = 3
force_push: msg_id = 1345505, remain = -61, size = 3
force_push: msg_id = 1345586, remain = -61, size = 3
force_push: msg_id = 1345666, remain = -61, size = 3
force_push: msg_id = 1345744, remain = -61, size = 3
force_push: msg_id = 1345824, remain = -61, size = 3
force_push: msg_id = 1345904, remain = -61, size = 3
force_push: msg_id = 1345984, remain = -61, size = 3
force_push: msg_id = 1346064, remain = -61, size = 3
force_push: msg_id = 1346144, remain = -61, size = 3
force_push: msg_id = 1346224, remain = -61, size = 3
force_push: msg_id = 1346304, remain = -61, size = 3
force_push: msg_id = 1346384, remain = -61, size = 3
force_push: msg_id = 1346465, remain = -61, size = 3
force_push: msg_id = 1346545, remain = -61, size = 3
force_push: msg_id = 1346625, remain = -61, size = 3
force_push: msg_id = 1346705, remain = -61, size = 3
force_push: msg_id = 1346784, remain = -61, size = 3
force_push: msg_id = 1346862, remain = -61, size = 3
force_push: msg_id = 1346941, remain = -61, size = 3
force_push: msg_id = 1347019, remain = -61, size = 3
force_push: msg_id = 1347099, remain = -61, size = 3
force_push: msg_id = 1347179, remain = -61, size = 3
force_push: msg_id = 1347259, remain = -61, size = 3
force_push: msg_id = 1347339, remain = -61, size = 3
force_push: msg_id = 1347417, remain = -61, size = 3
force_push: msg_id = 1347495, remain = -61, size = 3
force_push: msg_id = 1347575, remain = -61, size = 3
force_push: msg_id = 1347655, remain = -61, size = 3
force_push: msg_id = 1347735, remain = -61, size = 3
force_push: msg_id = 1347815, remain = -61, size = 3
force_push: msg_id = 1347896, remain = -61, size = 3
force_push: msg_id = 1347976, remain = -61, size = 3
force_push: msg_id = 1348054, remain = -61, size = 3
force_push: msg_id = 1348134, remain = -61, size = 3
force_push: msg_id = 1348214, remain = -61, size = 3
force_push: msg_id = 1348294, remain = -61, size = 3
force_push: msg_id = 1348374, remain = -61, size = 3
force_push: msg_id = 1348454, remain = -61, size = 3
force_push: msg_id = 1348534, remain = -61, size = 3
force_push: msg_id = 1348614, remain = -61, size = 3
force_push: msg_id = 1348692, remain = -61, size = 3
force_push: msg_id = 1348772, remain = -61, size = 3
force_push: msg_id = 1348852, remain = -61, size = 3
force_push: msg_id = 1348931, remain = -61, size = 3
force_push: msg_id = 1349011, remain = -61, size = 3
force_push: msg_id = 1349091, remain = -61, size = 3
force_push: msg_id = 1349171, remain = -61, size = 3
force_push: msg_id = 1349251, remain = -61, size = 3
force_push: msg_id = 1349332, remain = -61, size = 3
force_push: msg_id = 1349412, remain = -61, size = 3
force_push: msg_id = 1349491, remain = -61, size = 3
force_push: msg_id = 1349571, remain = -61, size = 3
force_push: msg_id = 1349650, remain = -61, size = 3
force_push: msg_id = 1349728, remain = -61, size = 3
force_push: msg_id = 1349808, remain = -61, size = 3
force_push: msg_id = 1349888, remain = -61, size = 3
force_push: msg_id = 1349966, remain = -61, size = 3
force_push: msg_id = 1350046, remain = -61, size = 3
force_push: msg_id = 1350126, remain = -61, size = 3
force_push: msg_id = 1350205, remain = -61, size = 3
force_push: msg_id = 1350282, remain = -61, size = 3
force_push: msg_id = 1350360, remain = -61, size = 3
force_push: msg_id = 1350440, remain = -61, size = 3
force_push: msg_id = 1350520, remain = -61, size = 3
force_push: msg_id = 1350600, remain = -61, size = 3
force_push: msg_id = 1350680, remain = -61, size = 3
force_push: msg_id = 1350760, remain = -61, size = 3
force_push: msg_id = 1350840, remain = -61, size = 3
force_push: msg_id = 1350919, remain = -61, size = 3
force_push: msg_id = 1350999, remain = -61, size = 3
force_push: msg_id = 1351079, remain = -61, size = 3
force_push: msg_id = 1351159, remain = -61, size = 3
force_push: msg_id = 1351239, remain = -61, size = 3
force_push: msg_id = 1351319, remain = -61, size = 3
force_push: msg_id = 1351399, remain = -61, size = 3
force_push: msg_id = 1351479, remain = -61, size = 3
force_push: msg_id = 1351559, remain = -61, size = 3
force_push: msg_id = 1351639, remain = -61, size = 3
force_push: msg_id = 1351718, remain = -61, size = 3
force_push: msg_id = 1351798, remain = -61, size = 3
force_push: msg_id = 1351878, remain = -61, size = 3
force_push: msg_id = 1351958, remain = -61, size = 3
force_push: msg_id = 1352038, remain = -61, size = 3
force_push: msg_id = 1352118, remain = -61, size = 3
force_push: msg_id = 1352198, remain = -61, size = 3
force_push: msg_id = 1352278, remain = -61, size = 3
force_push: msg_id = 1352358, remain = -61, size = 3
force_push: msg_id = 1352436, remain = -61, size = 3
force_push: msg_id = 1352516, remain = -61, size = 3
force_push: msg_id = 1352592, remain = -61, size = 3
force_push: msg_id = 1352672, remain = -61, size = 3
force_push: msg_id = 1352752, remain = -61, size = 3
force_push: msg_id = 1352830, remain = -61, size = 3
force_push: msg_id = 1352910, remain = -61, size = 3
force_push: msg_id = 1352990, remain = -61, size = 3
force_push: msg_id = 1353070, remain = -61, size = 3
force_push: msg_id = 1353150, remain = -61, size = 3
force_push: msg_id = 1353224, remain = -61, size = 3
force_push: msg_id = 1353304, remain = -61, size = 3
force_push: msg_id = 1353384, remain = -61, size = 3
force_push: msg_id = 1353462, remain = -61, size = 3
force_push: msg_id = 1353542, remain = -61, size = 3
force_push: msg_id = 1353622, remain = -61, size = 3
force_push: msg_id = 1353702, remain = -61, size = 3
force_push: msg_id = 1353780, remain = -61, size = 3
force_push: msg_id = 1353860, remain = -61, size = 3
force_push: msg_id = 1353940, remain = -61, size = 3
force_push: msg_id = 1354019, remain = -61, size = 3
force_push: msg_id = 1354099, remain = -61, size = 3
force_push: msg_id = 1354179, remain = -61, size = 3
force_push: msg_id = 1354259, remain = -61, size = 3
force_push: msg_id = 1354338, remain = -61, size = 3
force_push: msg_id = 1354416, remain = -61, size = 3
force_push: msg_id = 1354496, remain = -61, size = 3
force_push: msg_id = 1354576, remain = -61, size = 3
force_push: msg_id = 1354656, remain = -61, size = 3
force_push: msg_id = 1354735, remain = -61, size = 3
force_push: msg_id = 1354815, remain = -61, size = 3
force_push: msg_id = 1354894, remain = -61, size = 3
force_push: msg_id = 1354974, remain = -61, size = 3
force_push: msg_id = 1355054, remain = -61, size = 3
force_push: msg_id = 1355133, remain = -61, size = 3
force_push: msg_id = 1355211, remain = -61, size = 3
force_push: msg_id = 1355291, remain = -61, size = 3
force_push: msg_id = 1355371, remain = -61, size = 3
force_push: msg_id = 1355449, remain = -61, size = 3
force_push: msg_id = 1355529, remain = -61, size = 3
force_push: msg_id = 1355609, remain = -61, size = 3
force_push: msg_id = 1355689, remain = -61, size = 3
force_push: msg_id = 1355770, remain = -61, size = 3
force_push: msg_id = 1355850, remain = -61, size = 3
force_push: msg_id = 1355930, remain = -61, size = 3
force_push: msg_id = 1356004, remain = -61, size = 3
force_push: msg_id = 1356082, remain = -61, size = 3
force_push: msg_id = 1356160, remain = -61, size = 3
force_push: msg_id = 1356240, remain = -61, size = 3
force_push: msg_id = 1356320, remain = -61, size = 3
force_push: msg_id = 1356400, remain = -61, size = 3
force_push: msg_id = 1356478, remain = -61, size = 3
force_push: msg_id = 1356559, remain = -61, size = 3
force_push: msg_id = 1356637, remain = -61, size = 3
force_push: msg_id = 1356717, remain = -61, size = 3
force_push: msg_id = 1356797, remain = -61, size = 3
force_push: msg_id = 1356877, remain = -61, size = 3
force_push: msg_id = 1356957, remain = -61, size = 3
force_push: msg_id = 1357036, remain = -61, size = 3
force_push: msg_id = 1357116, remain = -61, size = 3
force_push: msg_id = 1357196, remain = -61, size = 3
force_push: msg_id = 1357276, remain = -61, size = 3
force_push: msg_id = 1357355, remain = -61, size = 3
force_push: msg_id = 1357431, remain = -61, size = 3
force_push: msg_id = 1357512, remain = -61, size = 3
force_push: msg_id = 1357592, remain = -61, size = 3
force_push: msg_id = 1357672, remain = -61, size = 3
force_push: msg_id = 1357752, remain = -61, size = 3
force_push: msg_id = 1357832, remain = -61, size = 3
force_push: msg_id = 1357910, remain = -61, size = 3
force_push: msg_id = 1357990, remain = -61, size = 3
force_push: msg_id = 1358070, remain = -61, size = 3
force_push: msg_id = 1358150, remain = -61, size = 3
force_push: msg_id = 1358229, remain = -61, size = 3
force_push: msg_id = 1358309, remain = -61, size = 3
force_push: msg_id = 1358389, remain = -61, size = 3
force_push: msg_id = 1358469, remain = -61, size = 3
force_push: msg_id = 1358549, remain = -61, size = 3
force_push: msg_id = 1358629, remain = -61, size = 3
force_push: msg_id = 1358709, remain = -61, size = 3
force_push: msg_id = 1358787, remain = -61, size = 3
force_push: msg_id = 1358866, remain = -61, size = 3
force_push: msg_id = 1358944, remain = -61, size = 3
force_push: msg_id = 1359025, remain = -61, size = 3
force_push: msg_id = 1359105, remain = -61, size = 3
force_push: msg_id = 1359182, remain = -61, size = 3
force_push: msg_id = 1359261, remain = -61, s