Read file config.yml
Running executor...
Loaded function exp00_back. lib_load_elasped: 206, func_load_elasped: 3
Loaded function exp00_front. lib_load_elasped: 144, func_load_elasped: 1
chain_length = 2, payload_size = 512, token 26123 us.
chain_length = 2, payload_size = 512, token 18663 us.
chain_length = 2, payload_size = 512, token 545369 us.
chain_length = 2, payload_size = 512, token 10116484 us.
chain_length = 2, payload_size = 512, token 10272537 us.
chain_length = 2, payload_size = 512, token 11426021 us.
chain_length = 2, payload_size = 512, token 13372816 us.
chain_length = 2, payload_size = 512, token 12671806 us.
chain_length = 2, payload_size = 512, token 11152378 us.
chain_length = 2, payload_size = 512, token 18725769 us.
chain_length = 2, payload_size = 512, token 13131546 us.
chain_length = 2, payload_size = 512, token 12002627 us.
chain_length = 2, payload_size = 512, token 12997121 us.
chain_length = 2, payload_size = 512, token 9603122 us.
chain_length = 2, payload_size = 512, token 13563852 us.
chain_length = 2, payload_size = 512, token 10130403 us.
chain_length = 2, payload_size = 512, token 14160332 us.
chain_length = 2, payload_size = 512, token 9294559 us.
chain_length = 2, payload_size = 512, token 10549405 us.
chain_length = 2, payload_size = 512, token 9737604 us.
chain_length = 2, payload_size = 512, token 14879060 us.
chain_length = 2, payload_size = 512, token 11105571 us.
chain_length = 2, payload_size = 512, token 17661414 us.
chain_length = 2, payload_size = 512, token 15751893 us.
chain_length = 2, payload_size = 512, token 17063417 us.
chain_length = 2, payload_size = 512, token 17447428 us.
chain_length = 2, payload_size = 512, token 17263779 us.
chain_length = 2, payload_size = 512, token 12087809 us.
chain_length = 2, payload_size = 512, token 17795440 us.
chain_length = 2, payload_size = 512, token 11060529 us.
chain_length = 2, payload_size = 512, token 18523831 us.
chain_length = 2, payload_size = 512, token 11891516 us.
chain_length = 2, payload_size = 512, token 11937043 us.
chain_length = 2, payload_size = 512, token 19827316 us.
chain_length = 2, payload_size = 512, token 10127598 us.
chain_length = 2, payload_size = 512, token 14834130 us.
chain_length = 2, payload_size = 512, token 12368440 us.
chain_length = 2, payload_size = 512, token 11865490 us.
chain_length = 2, payload_size = 512, token 18020044 us.
chain_length = 2, payload_size = 512, token 16237695 us.
chain_length = 2, payload_size = 512, token 18532584 us.
chain_length = 2, payload_size = 512, token 20549383 us.
chain_length = 2, payload_size = 512, token 23378748 us.
chain_length = 2, payload_size = 512, token 22475546 us.
chain_length = 2, payload_size = 512, token 19731260 us.
chain_length = 2, payload_size = 512, token 25102460 us.
chain_length = 2, payload_size = 512, token 21405086 us.
chain_length = 2, payload_size = 512, token 25797353 us.
chain_length = 2, payload_size = 512, token 13267021 us.
chain_length = 2, payload_size = 512, token 22974412 us.
chain_length = 2, payload_size = 512, token 14741273 us.
chain_length = 2, payload_size = 512, token 27237740 us.
chain_length = 2, payload_size = 512, token 24437601 us.
chain_length = 2, payload_size = 512, token 24537634 us.
chain_length = 2, payload_size = 512, token 17160999 us.
chain_length = 2, payload_size = 512, token 23046962 us.
chain_length = 2, payload_size = 512, token 28001662 us.
chain_length = 2, payload_size = 512, token 18453559 us.
chain_length = 2, payload_size = 512, token 21729472 us.
chain_length = 2, payload_size = 512, token 26134730 us.
chain_length = 2, payload_size = 512, token 28208592 us.
chain_length = 2, payload_size = 512, token 24691780 us.
chain_length = 2, payload_size = 512, token 22787585 us.
chain_length = 2, payload_size = 512, token 29584156 us.
chain_length = 2, payload_size = 512, token 20631747 us.
chain_length = 2, payload_size = 512, token 26519796 us.
force_push: msg_id = 1340953, remain = -61, size = 3
force_push: msg_id = 1340971, remain = -61, size = 3
force_push: msg_id = 1341042, remain = -61, size = 3
force_push: msg_id = 1341124, remain = -61, size = 3
force_push: msg_id = 1341204, remain = -61, size = 3
force_push: msg_id = 1341284, remain = -61, size = 3
force_push: msg_id = 1341365, remain = -61, size = 3
force_push: msg_id = 1341446, remain = -61, size = 3
force_push: msg_id = 1341528, remain = -61, size = 3
force_push: msg_id = 1341608, remain = -61, size = 3
force_push: msg_id = 1341690, remain = -61, size = 3
force_push: msg_id = 1341770, remain = -61, size = 3
force_push: msg_id = 1341850, remain = -61, size = 3
force_push: msg_id = 1341931, remain = -61, size = 3
force_push: msg_id = 1342011, remain = -61, size = 3
force_push: msg_id = 1342091, remain = -61, size = 3
force_push: msg_id = 1342170, remain = -61, size = 3
force_push: msg_id = 1342251, remain = -61, size = 3
force_push: msg_id = 1342331, remain = -61, size = 3
force_push: msg_id = 1342411, remain = -61, size = 3
force_push: msg_id = 1342491, remain = -61, size = 3
force_push: msg_id = 1342571, remain = -61, size = 3
force_push: msg_id = 1342651, remain = -61, size = 3
force_push: msg_id = 1342731, remain = -61, size = 3
force_push: msg_id = 1342812, remain = -61, size = 3
force_push: msg_id = 1342892, remain = -61, size = 3
force_push: msg_id = 1342972, remain = -61, size = 3
force_push: msg_id = 1343052, remain = -61, size = 3
force_push: msg_id = 1343133, remain = -61, size = 3
force_push: msg_id = 1343213, remain = -61, size = 3
force_push: msg_id = 1343292, remain = -61, size = 3
force_push: msg_id = 1343373, remain = -61, size = 3
force_push: msg_id = 1343453, remain = -61, size = 3
force_push: msg_id = 1343532, remain = -61, size = 3
force_push: msg_id = 1343612, remain = -61, size = 3
force_push: msg_id = 1343692, remain = -61, size = 3
force_push: msg_id = 1343772, remain = -61, size = 3
force_push: msg_id = 1343848, remain = -61, size = 3
force_push: msg_id = 1343928, remain = -61, size = 3
force_push: msg_id = 1344008, remain = -61, size = 3
force_push: msg_id = 1344084, remain = -61, size = 3
force_push: msg_id = 1344164, remain = -61, size = 3
force_push: msg_id = 1344244, remain = -61, size = 3
force_push: msg_id = 1344325, remain = -61, size = 3
force_push: msg_id = 1344404, remain = -61, size = 3
force_push: msg_id = 1344484, remain = -61, size = 3
force_push: msg_id = 1344563, remain = -61, size = 3
force_push: msg_id = 1344640, remain = -61, size = 3
force_push: msg_id = 1344719, remain = -61, size = 3
force_push: msg_id = 1344800, remain = -61, size = 3
force_push: msg_id = 1344879, remain = -61, size = 3
force_push: msg_id = 1344958, remain = -61, size = 3
force_push: msg_id = 1345038, remain = -61, size = 3
force_push: msg_id = 1345117, remain = -61, size = 3
force_push: msg_id = 1345195, remain = -61, size = 3
force_push: msg_id = 1345275, remain = -61, size = 3
force_push: msg_id = 1345354, remain = -61, size = 3
force_push: msg_id = 1345434, remain = -61, size = 3
force_push: msg_id = 1345513, remain = -61, size = 3
force_push: msg_id = 1345592, remain = -61, size = 3
force_push: msg_id = 1345672, remain = -61, size = 3
force_push: msg_id = 1345752, remain = -61, size = 3
force_push: msg_id = 1345830, remain = -61, size = 3
force_push: msg_id = 1345910, remain = -61, size = 3
force_push: msg_id = 1345990, remain = -61, size = 3
force_push: msg_id = 1346070, remain = -61, size = 3
force_push: msg_id = 1346150, remain = -61, size = 3
force_push: msg_id = 1346231, remain = -61, size = 3
force_push: msg_id = 1346311, remain = -61, size = 3
force_push: msg_id = 1346391, remain = -61, size = 3
force_push: msg_id = 1346471, remain = -61, size = 3
force_push: msg_id = 1346551, remain = -61, size = 3
force_push: msg_id = 1346631, remain = -61, size = 3
force_push: msg_id = 1346711, remain = -61, size = 3
force_push: msg_id = 1346791, remain = -61, size = 3
force_push: msg_id = 1346871, remain = -61, size = 3
force_push: msg_id = 1346951, remain = -61, size = 3
force_push: msg_id = 1347029, remain = -61, size = 3
force_push: msg_id = 1347108, remain = -61, size = 3
force_push: msg_id = 1347186, remain = -61, size = 3
force_push: msg_id = 1347266, remain = -61, size = 3
force_push: msg_id = 1347346, remain = -61, size = 3
force_push: msg_id = 1347426, remain = -61, size = 3
force_push: msg_id = 1347506, remain = -61, size = 3
force_push: msg_id = 1347584, remain = -61, size = 3
force_push: msg_id = 1347662, remain = -61, size = 3
force_push: msg_id = 1347742, remain = -61, size = 3
force_push: msg_id = 1347822, remain = -61, size = 3
force_push: msg_id = 1347902, remain = -61, size = 3
force_push: msg_id = 1347982, remain = -61, size = 3
force_push: msg_id = 1348062, remain = -61, size = 3
force_push: msg_id = 1348142, remain = -61, size = 3
force_push: msg_id = 1348220, remain = -61, size = 3
force_push: msg_id = 1348300, remain = -61, size = 3
force_push: msg_id = 1348380, remain = -61, size = 3
force_push: msg_id = 1348460, remain = -61, size = 3
force_push: msg_id = 1348540, remain = -61, size = 3
force_push: msg_id = 1348620, remain = -61, size = 3
force_push: msg_id = 1348700, remain = -61, size = 3
force_push: msg_id = 1348780, remain = -61, size = 3
force_push: msg_id = 1348858, remain = -61, size = 3
force_push: msg_id = 1348938, remain = -61, size = 3
force_push: msg_id = 1349018, remain = -61, size = 3
force_push: msg_id = 1349098, remain = -61, size = 3
force_push: msg_id = 1349176, remain = -61, size = 3
force_push: msg_id = 1349256, remain = -61, size = 3
force_push: msg_id = 1349336, remain = -61, size = 3
force_push: msg_id = 1349416, remain = -61, size = 3
force_push: msg_id = 1349496, remain = -61, size = 3
force_push: msg_id = 1349577, remain = -61, size = 3
force_push: msg_id = 1349657, remain = -61, size = 3
force_push: msg_id = 1349736, remain = -61, size = 3
force_push: msg_id = 1349816, remain = -61, size = 3
force_push: msg_id = 1349897, remain = -61, size = 3
force_push: msg_id = 1349973, remain = -61, size = 3
force_push: msg_id = 1350053, remain = -61, size = 3
force_push: msg_id = 1350133, remain = -61, size = 3
force_push: msg_id = 1350211, remain = -61, size = 3
force_push: msg_id = 1350291, remain = -61, size = 3
force_push: msg_id = 1350371, remain = -61, size = 3
force_push: msg_id = 1350450, remain = -61, size = 3
force_push: msg_id = 1350529, remain = -61, size = 3
force_push: msg_id = 1350607, remain = -61, size = 3
force_push: msg_id = 1350685, remain = -61, size = 3
force_push: msg_id = 1350765, remain = -61, size = 3
force_push: msg_id = 1350845, remain = -61, size = 3
force_push: msg_id = 1350925, remain = -61, size = 3
force_push: msg_id = 1351005, remain = -61, size = 3
force_push: msg_id = 1351085, remain = -61, size = 3
force_push: msg_id = 1351163, remain = -61, size = 3
force_push: msg_id = 1351243, remain = -61, size = 3
force_push: msg_id = 1351323, remain = -61, size = 3
force_push: msg_id = 1351404, remain = -61, size = 3
force_push: msg_id = 1351484, remain = -61, size = 3
force_push: msg_id = 1351564, remain = -61, size = 3
force_push: msg_id = 1351644, remain = -61, size = 3
force_push: msg_id = 1351724, remain = -61, size = 3
force_push: msg_id = 1351804, remain = -61, size = 3
force_push: msg_id = 1351884, remain = -61, size = 3
force_push: msg_id = 1351962, remain = -61, size = 3
force_push: msg_id = 1352042, remain = -61, size = 3
force_push: msg_id = 1352122, remain = -61, size = 3
force_push: msg_id = 1352202, remain = -61, size = 3
force_push: msg_id = 1352282, remain = -61, size = 3
force_push: msg_id = 1352362, remain = -61, size = 3
force_push: msg_id = 1352442, remain = -61, size = 3
force_push: msg_id = 1352522, remain = -61, size = 3
force_push: msg_id = 1352602, remain = -61, size = 3
force_push: msg_id = 1352682, remain = -61, size = 3
force_push: msg_id = 1352761, remain = -61, size = 3
force_push: msg_id = 1352840, remain = -61, size = 3
force_push: msg_id = 1352916, remain = -61, size = 3
force_push: msg_id = 1352996, remain = -61, size = 3
force_push: msg_id = 1353076, remain = -61, size = 3
force_push: msg_id = 1353156, remain = -61, size = 3
force_push: msg_id = 1353236, remain = -61, size = 3
force_push: msg_id = 1353314, remain = -61, size = 3
force_push: msg_id = 1353394, remain = -61, size = 3
force_push: msg_id = 1353474, remain = -61, size = 3
force_push: msg_id = 1353554, remain = -61, size = 3
force_push: msg_id = 1353628, remain = -61, size = 3
force_push: msg_id = 1353708, remain = -61, size = 3
force_push: msg_id = 1353786, remain = -61, size = 3
force_push: msg_id = 1353866, remain = -61, size = 3
force_push: msg_id = 1353947, remain = -61, size = 3
force_push: msg_id = 1354026, remain = -61, size = 3
force_push: msg_id = 1354104, remain = -61, size = 3
force_push: msg_id = 1354184, remain = -61, size = 3
force_push: msg_id = 1354264, remain = -61, size = 3
force_push: msg_id = 1354344, remain = -61, size = 3
force_push: msg_id = 1354425, remain = -61, size = 3
force_push: msg_id = 1354506, remain = -61, size = 3
force_push: msg_id = 1354585, remain = -61, size = 3
force_push: msg_id = 1354667, remain = -61, size = 3
force_push: msg_id = 1354748, remain = -61, size = 3
force_push: msg_id = 1354826, remain = -61, size = 3
force_push: msg_id = 1354906, remain = -61, size = 3
force_push: msg_id = 1354986, remain = -61, size = 3
force_push: msg_id = 1355066, remain = -61, size = 3
force_push: msg_id = 1355146, remain = -61, size = 3
force_push: msg_id = 1355226, remain = -61, size = 3
force_push: msg_id = 1355305, remain = -61, size = 3
force_push: msg_id = 1355384, remain = -61, size = 3
force_push: msg_id = 1355464, remain = -61, size = 3
force_push: msg_id = 1355542, remain = -61, size = 3
force_push: msg_id = 1355622, remain = -61, size = 3
force_push: msg_id = 1355701, remain = -61, size = 3
force_push: msg_id = 1355779, remain = -61, size = 3
force_push: msg_id = 1355860, remain = -61, size = 3
force_push: msg_id = 1355941, remain = -61, size = 3
force_push: msg_id = 1356021, remain = -61, size = 3
force_push: msg_id = 1356101, remain = -61, size = 3
force_push: msg_id = 1356181, remain = -61, size = 3
force_push: msg_id = 1356261, remain = -61, size = 3
force_push: msg_id = 1356339, remain = -61, size = 3
force_push: msg_id = 1356419, remain = -61, size = 3
force_push: msg_id = 1356495, remain = -61, size = 3
force_push: msg_id = 1356573, remain = -61, size = 3
force_push: msg_id = 1356653, remain = -61, size = 3
force_push: msg_id = 1356733, remain = -61, size = 3
force_push: msg_id = 1356814, remain = -61, size = 3
force_push: msg_id = 1356892, remain = -61, size = 3
force_push: msg_id = 1356972, remain = -61, size = 3
force_push: msg_id = 1357050, remain = -61, size = 3
force_push: msg_id = 1357130, remain = -61, size = 3
force_push: msg_id = 1357210, remain = -61, size = 3
force_push: msg_id = 1357290, remain = -61, size = 3
force_push: msg_id = 1357370, remain = -61, size = 3
force_push: msg_id = 1357448, remain = -61, size = 3
force_push: msg_id = 1357528, remain = -61, size = 3
force_push: msg_id = 1357608, remain = -61, size = 3
force_push: msg_id = 1357688, remain = -61, size = 3
force_push: msg_id = 1357767, remain = -61, size = 3
force_push: msg_id = 1357845, remain = -61, size = 3
force_push: msg_id = 1357926, remain = -61, size = 3
force_push: msg_id = 1358004, remain = -61, size = 3
force_push: msg_id = 1358085, remain = -61, size = 3
force_push: msg_id = 1358165, remain = -61, size = 3
force_push: msg_id = 1358245, remain = -61, size = 3
force_push: msg_id = 1358323, remain = -61, size = 3
force_push: msg_id = 1358404, remain = -61, size = 3
force_push: msg_id = 1358483, remain = -61, size = 3
force_push: msg_id = 1358564, remain = -61, size = 3
force_push: msg_id = 1358641, remain = -61, size = 3
force_push: msg_id = 1358721, remain = -61, size = 3
force_push: msg_id = 1358802, remain = -61, size = 3
force_push: msg_id = 1358882, remain = -61, size = 3
force_push: msg_id = 1358962, remain = -61, size = 3
force_push: msg_id = 1359042, remain = -61, size = 3
force_push: msg_id = 1359122, remain = -61, size = 3
force_push: msg_id = 1359200, remain = -61, size = 3
force_push: msg_id = 1359280, remain = -61, s