Read file config.yml
Running executor...
Loaded function exp00_front. lib_load_elasped: 122, func_load_elasped: 2
Loaded function exp00_back. lib_load_elasped: 155, func_load_elasped: 1
chain_length = 2, payload_size = 512, token 17472362 us.
chain_length = 2, payload_size = 512, token 34356284 us.
chain_length = 2, payload_size = 512, token 28995265 us.
chain_length = 2, payload_size = 512, token 19762069 us.
chain_length = 2, payload_size = 512, token 32975332 us.
force_push: msg_id = 1340748, remain = 278, size = 64
Send to executer failed.force_push: msg_id = 1340970, remain = -61, size = 3
force_push: msg_id = 1341060, remain = -61, size = 3
force_push: msg_id = 1341152, remain = -61, size = 3
force_push: msg_id = 1341243, remain = -61, size = 3
force_push: msg_id = 1341333, remain = -61, size = 3
force_push: msg_id = 1341412, remain = -61, size = 3
force_push: msg_id = 1341488, remain = -61, size = 3
force_push: msg_id = 1341574, remain = -61, size = 3
force_push: msg_id = 1341653, remain = -61, size = 3
force_push: msg_id = 1341734, remain = -61, size = 3
force_push: msg_id = 1341813, remain = -61, size = 3
force_push: msg_id = 1341887, remain = -61, size = 3
force_push: msg_id = 1341967, remain = -61, size = 3
force_push: msg_id = 1342048, remain = -61, size = 3
force_push: msg_id = 1342129, remain = -61, size = 3
force_push: msg_id = 1342206, remain = -61, size = 3
force_push: msg_id = 1342283, remain = -61, size = 3
force_push: msg_id = 1342363, remain = -61, size = 3
force_push: msg_id = 1342441, remain = -61, size = 3
force_push: msg_id = 1342521, remain = -61, size = 3
force_push: msg_id = 1342601, remain = -61, size = 3
force_push: msg_id = 1342681, remain = -61, size = 3
force_push: msg_id = 1342760, remain = -61, size = 3
force_push: msg_id = 1342839, remain = -61, size = 3
force_push: msg_id = 1342919, remain = -61, size = 3
force_push: msg_id = 1343000, remain = -61, size = 3
force_push: msg_id = 1343080, remain = -61, size = 3
force_push: msg_id = 1343160, remain = -61, size = 3
force_push: msg_id = 1343240, remain = -61, size = 3
force_push: msg_id = 1343320, remain = -61, size = 3
force_push: msg_id = 1343400, remain = -61, size = 3
force_push: msg_id = 1343480, remain = -61, size = 3
force_push: msg_id = 1343560, remain = -61, size = 3
force_push: msg_id = 1343639, remain = -61, size = 3
force_push: msg_id = 1343719, remain = -61, size = 3
force_push: msg_id = 1343799, remain = -61, size = 3
force_push: msg_id = 1343879, remain = -61, size = 3
force_push: msg_id = 1343959, remain = -61, size = 3
force_push: msg_id = 1344039, remain = -61, size = 3
force_push: msg_id = 1344119, remain = -61, size = 3
force_push: msg_id = 1344199, remain = -61, size = 3
force_push: msg_id = 1344279, remain = -61, size = 3
force_push: msg_id = 1344359, remain = -61, size = 3
force_push: msg_id = 1344440, remain = -61, size = 3
force_push: msg_id = 1344520, remain = -61, size = 3
force_push: msg_id = 1344600, remain = -61, size = 3
force_push: msg_id = 1344680, remain = -61, size = 3
force_push: msg_id = 1344760, remain = -61, size = 3
force_push: msg_id = 1344836, remain = -61, size = 3
force_push: msg_id = 1344915, remain = -61, size = 3
force_push: msg_id = 1344994, remain = -61, size = 3
force_push: msg_id = 1345072, remain = -61, size = 3
force_push: msg_id = 1345152, remain = -61, size = 3
force_push: msg_id = 1345230, remain = -61, size = 3
force_push: msg_id = 1345310, remain = -61, size = 3
force_push: msg_id = 1345390, remain = -61, size = 3
force_push: msg_id = 1345470, remain = -61, size = 3
force_push: msg_id = 1345546, remain = -61, size = 3
force_push: msg_id = 1345626, remain = -61, size = 3
force_push: msg_id = 1345706, remain = -61, size = 3
force_push: msg_id = 1345786, remain = -61, size = 3
force_push: msg_id = 1345864, remain = -61, size = 3
force_push: msg_id = 1345944, remain = -61, size = 3
force_push: msg_id = 1346022, remain = -61, size = 3
force_push: msg_id = 1346102, remain = -61, size = 3
force_push: msg_id = 1346182, remain = -61, size = 3
force_push: msg_id = 1346262, remain = -61, size = 3
force_push: msg_id = 1346342, remain = -61, size = 3
force_push: msg_id = 1346422, remain = -61, size = 3
force_push: msg_id = 1346503, remain = -61, size = 3
force_push: msg_id = 1346582, remain = -61, size = 3
force_push: msg_id = 1346662, remain = -61, size = 3
force_push: msg_id = 1346741, remain = -61, size = 3
force_push: msg_id = 1346819, remain = -61, size = 3
force_push: msg_id = 1346899, remain = -61, size = 3
force_push: msg_id = 1346979, remain = -61, size = 3
force_push: msg_id = 1347059, remain = -61, size = 3
force_push: msg_id = 1347139, remain = -61, size = 3
force_push: msg_id = 1347219, remain = -61, size = 3
force_push: msg_id = 1347299, remain = -61, size = 3
force_push: msg_id = 1347379, remain = -61, size = 3
force_push: msg_id = 1347459, remain = -61, size = 3
force_push: msg_id = 1347539, remain = -61, size = 3
force_push: msg_id = 1347619, remain = -61, size = 3
force_push: msg_id = 1347699, remain = -61, size = 3
force_push: msg_id = 1347778, remain = -61, size = 3
force_push: msg_id = 1347855, remain = -61, size = 3
force_push: msg_id = 1347933, remain = -61, size = 3
force_push: msg_id = 1348013, remain = -61, size = 3
force_push: msg_id = 1348093, remain = -61, size = 3
force_push: msg_id = 1348173, remain = -61, size = 3
force_push: msg_id = 1348253, remain = -61, size = 3
force_push: msg_id = 1348331, remain = -61, size = 3
force_push: msg_id = 1348411, remain = -61, size = 3
force_push: msg_id = 1348489, remain = -61, size = 3
force_push: msg_id = 1348569, remain = -61, size = 3
force_push: msg_id = 1348649, remain = -61, size = 3
force_push: msg_id = 1348729, remain = -61, size = 3
force_push: msg_id = 1348809, remain = -61, size = 3
force_push: msg_id = 1348889, remain = -61, size = 3
force_push: msg_id = 1348969, remain = -61, size = 3
force_push: msg_id = 1349047, remain = -61, size = 3
force_push: msg_id = 1349127, remain = -61, size = 3
force_push: msg_id = 1349207, remain = -61, size = 3
force_push: msg_id = 1349287, remain = -61, size = 3
force_push: msg_id = 1349367, remain = -61, size = 3
force_push: msg_id = 1349447, remain = -61, size = 3
force_push: msg_id = 1349527, remain = -61, size = 3
force_push: msg_id = 1349605, remain = -61, size = 3
force_push: msg_id = 1349685, remain = -61, size = 3
force_push: msg_id = 1349765, remain = -61, size = 3
force_push: msg_id = 1349843, remain = -61, size = 3
force_push: msg_id = 1349923, remain = -61, size = 3
force_push: msg_id = 1350003, remain = -61, size = 3
force_push: msg_id = 1350083, remain = -61, size = 3
force_push: msg_id = 1350163, remain = -61, size = 3
force_push: msg_id = 1350243, remain = -61, size = 3
force_push: msg_id = 1350323, remain = -61, size = 3
force_push: msg_id = 1350403, remain = -61, size = 3
force_push: msg_id = 1350482, remain = -61, size = 3
force_push: msg_id = 1350560, remain = -61, size = 3
force_push: msg_id = 1350640, remain = -61, size = 3
force_push: msg_id = 1350715, remain = -61, size = 3
force_push: msg_id = 1350793, remain = -61, size = 3
force_push: msg_id = 1350874, remain = -61, size = 3
force_push: msg_id = 1350954, remain = -61, size = 3
force_push: msg_id = 1351034, remain = -61, size = 3
force_push: msg_id = 1351114, remain = -61, size = 3
force_push: msg_id = 1351194, remain = -61, size = 3
force_push: msg_id = 1351270, remain = -61, size = 3
force_push: msg_id = 1351349, remain = -61, size = 3
force_push: msg_id = 1351427, remain = -61, size = 3
force_push: msg_id = 1351508, remain = -61, size = 3
force_push: msg_id = 1351588, remain = -61, size = 3
force_push: msg_id = 1351668, remain = -61, size = 3
force_push: msg_id = 1351748, remain = -61, size = 3
force_push: msg_id = 1351828, remain = -61, size = 3
force_push: msg_id = 1351906, remain = -61, size = 3
force_push: msg_id = 1351986, remain = -61, size = 3
force_push: msg_id = 1352066, remain = -61, size = 3
force_push: msg_id = 1352146, remain = -61, size = 3
force_push: msg_id = 1352226, remain = -61, size = 3
force_push: msg_id = 1352306, remain = -61, size = 3
force_push: msg_id = 1352387, remain = -61, size = 3
force_push: msg_id = 1352467, remain = -61, size = 3
force_push: msg_id = 1352547, remain = -61, size = 3
force_push: msg_id = 1352625, remain = -61, size = 3
force_push: msg_id = 1352705, remain = -61, size = 3
force_push: msg_id = 1352785, remain = -61, size = 3
force_push: msg_id = 1352865, remain = -61, size = 3
force_push: msg_id = 1352945, remain = -61, size = 3
force_push: msg_id = 1353025, remain = -61, size = 3
force_push: msg_id = 1353105, remain = -61, size = 3
force_push: msg_id = 1353185, remain = -61, size = 3
force_push: msg_id = 1353266, remain = -61, size = 3
force_push: msg_id = 1353346, remain = -61, size = 3
force_push: msg_id = 1353426, remain = -61, size = 3
force_push: msg_id = 1353504, remain = -61, size = 3
force_push: msg_id = 1353582, remain = -61, size = 3
force_push: msg_id = 1353662, remain = -61, size = 3
force_push: msg_id = 1353742, remain = -61, size = 3
force_push: msg_id = 1353822, remain = -61, size = 3
force_push: msg_id = 1353903, remain = -61, size = 3
force_push: msg_id = 1353984, remain = -61, size = 3
force_push: msg_id = 1354062, remain = -61, size = 3
force_push: msg_id = 1354142, remain = -61, size = 3
force_push: msg_id = 1354222, remain = -61, size = 3
force_push: msg_id = 1354301, remain = -61, size = 3
force_push: msg_id = 1354383, remain = -61, size = 3
force_push: msg_id = 1354462, remain = -61, size = 3
force_push: msg_id = 1354538, remain = -61, size = 3
force_push: msg_id = 1354618, remain = -61, size = 3
force_push: msg_id = 1354701, remain = -61, size = 3
force_push: msg_id = 1354781, remain = -61, size = 3
force_push: msg_id = 1354861, remain = -61, size = 3
force_push: msg_id = 1354941, remain = -61, size = 3
force_push: msg_id = 1355021, remain = -61, size = 3
force_push: msg_id = 1355099, remain = -61, size = 3
force_push: msg_id = 1355180, remain = -61, size = 3
force_push: msg_id = 1355260, remain = -61, size = 3
force_push: msg_id = 1355341, remain = -61, size = 3
force_push: msg_id = 1355421, remain = -61, size = 3
force_push: msg_id = 1355500, remain = -61, size = 3
force_push: msg_id = 1355582, remain = -61, size = 3
force_push: msg_id = 1355662, remain = -61, size = 3
force_push: msg_id = 1355742, remain = -61, size = 3
force_push: msg_id = 1355823, remain = -61, size = 3
force_push: msg_id = 1355903, remain = -61, size = 3
force_push: msg_id = 1355986, remain = -61, size = 3
force_push: msg_id = 1356066, remain = -61, size = 3
force_push: msg_id = 1356146, remain = -61, size = 3
force_push: msg_id = 1356227, remain = -61, size = 3
force_push: msg_id = 1356307, remain = -61, size = 3
force_push: msg_id = 1356387, remain = -61, size = 3
force_push: msg_id = 1356467, remain = -61, size = 3
force_push: msg_id = 1356547, remain = -61, size = 3
force_push: msg_id = 1356627, remain = -61, size = 3
force_push: msg_id = 1356708, remain = -61, size = 3
force_push: msg_id = 1356788, remain = -61, size = 3
force_push: msg_id = 1356868, remain = -61, size = 3
force_push: msg_id = 1356950, remain = -61, size = 3
force_push: msg_id = 1357030, remain = -61, size = 3
force_push: msg_id = 1357111, remain = -61, size = 3
force_push: msg_id = 1357191, remain = -61, size = 3
force_push: msg_id = 1357270, remain = -61, size = 3
force_push: msg_id = 1357351, remain = -61, size = 3
force_push: msg_id = 1357433, remain = -61, size = 3
force_push: msg_id = 1357513, remain = -61, size = 3
force_push: msg_id = 1357593, remain = -61, size = 3
force_push: msg_id = 1357673, remain = -61, size = 3
force_push: msg_id = 1357757, remain = -61, size = 3
force_push: msg_id = 1357838, remain = -61, size = 3
force_push: msg_id = 1357921, remain = -61, size = 3
force_push: msg_id = 1358005, remain = -61, size = 3
force_push: msg_id = 1358087, remain = -61, size = 3
force_push: msg_id = 1358171, remain = -61, size = 3
force_push: msg_id = 1358253, remain = -61, size = 3
force_push: msg_id = 1358333, remain = -61, size = 3
force_push: msg_id = 1358415, remain = -61, size = 3
force_push: msg_id = 1358497, remain = -61, size = 3
force_push: msg_id = 1358579, remain = -61, size = 3
force_push: msg_id = 1358660, remain = -61, size = 3
force_push: msg_id = 1358742, remain = -61, size = 3
force_push: msg_id = 1358825, remain = -61, size = 3
force_push: msg_id = 1358906, remain = -61, size = 3
force_push: msg_id = 1358987, remain = -61, size = 3
force_push: msg_id = 1359067, remain = -61, size = 3
force_push: msg_id = 1359147, remain = -61, size = 3
force_push: msg_id = 1359228, remain = -61, size = 3
force_push: msg_id = 1359309, remain = -61, size = 3
force_push: msg_id = 1359391, remain = -61, size = 3
force_push: msg_id = 1359472, remain = -61, s