Read file config.yml
Running executor...
Loaded function exp00_back. lib_load_elasped: 136, func_load_elasped: 2
Loaded function exp00_front. lib_load_elasped: 119, func_load_elasped: 1
chain_length = 2, payload_size = 512, token 18019 us.
chain_length = 2, payload_size = 512, token 156113 us.
chain_length = 2, payload_size = 512, token 4918682 us.
chain_length = 2, payload_size = 512, token 18719726 us.
chain_length = 2, payload_size = 512, token 28066523 us.
chain_length = 2, payload_size = 512, token 22576115 us.
chain_length = 2, payload_size = 512, token 23879144 us.
chain_length = 2, payload_size = 512, token 30069646 us.
chain_length = 2, payload_size = 512, token 23456567 us.
chain_length = 2, payload_size = 512, token 22138186 us.
chain_length = 2, payload_size = 512, token 34855520 us.
chain_length = 2, payload_size = 512, token 30608018 us.
force_push: msg_id = 1340800, remain = -42, size = 22
Send to executer failed.force_push: msg_id = 1341000, remain = -61, size = 3
force_push: msg_id = 1341106, remain = -61, size = 3
force_push: msg_id = 1341180, remain = -61, size = 3
force_push: msg_id = 1341254, remain = -61, size = 3
force_push: msg_id = 1341330, remain = -61, size = 3
force_push: msg_id = 1341413, remain = -61, size = 3
force_push: msg_id = 1341497, remain = -61, size = 3
force_push: msg_id = 1341577, remain = -61, size = 3
force_push: msg_id = 1341660, remain = -61, size = 3
force_push: msg_id = 1341742, remain = -61, size = 3
force_push: msg_id = 1341822, remain = -61, size = 3
force_push: msg_id = 1341903, remain = -61, size = 3
force_push: msg_id = 1341984, remain = -61, size = 3
force_push: msg_id = 1342064, remain = -61, size = 3
force_push: msg_id = 1342142, remain = -61, size = 3
force_push: msg_id = 1342224, remain = -61, size = 3
force_push: msg_id = 1342309, remain = -61, size = 3
force_push: msg_id = 1342392, remain = -61, size = 3
force_push: msg_id = 1342472, remain = -61, size = 3
force_push: msg_id = 1342552, remain = -61, size = 3
force_push: msg_id = 1342632, remain = -61, size = 3
force_push: msg_id = 1342712, remain = -61, size = 3
force_push: msg_id = 1342787, remain = -61, size = 3
force_push: msg_id = 1342864, remain = -61, size = 3
force_push: msg_id = 1342942, remain = -61, size = 3
force_push: msg_id = 1343020, remain = -61, size = 3
force_push: msg_id = 1343095, remain = -61, size = 3
force_push: msg_id = 1343173, remain = -61, size = 3
force_push: msg_id = 1343251, remain = -61, size = 3
force_push: msg_id = 1343330, remain = -61, size = 3
force_push: msg_id = 1343410, remain = -61, size = 3
force_push: msg_id = 1343490, remain = -61, size = 3
force_push: msg_id = 1343570, remain = -61, size = 3
force_push: msg_id = 1343650, remain = -61, size = 3
force_push: msg_id = 1343730, remain = -61, size = 3
force_push: msg_id = 1343810, remain = -61, size = 3
force_push: msg_id = 1343890, remain = -61, size = 3
force_push: msg_id = 1343970, remain = -61, size = 3
force_push: msg_id = 1344050, remain = -61, size = 3
force_push: msg_id = 1344128, remain = -61, size = 3
force_push: msg_id = 1344208, remain = -61, size = 3
force_push: msg_id = 1344288, remain = -61, size = 3
force_push: msg_id = 1344368, remain = -61, size = 3
force_push: msg_id = 1344448, remain = -61, size = 3
force_push: msg_id = 1344528, remain = -61, size = 3
force_push: msg_id = 1344608, remain = -61, size = 3
force_push: msg_id = 1344688, remain = -61, size = 3
force_push: msg_id = 1344768, remain = -61, size = 3
force_push: msg_id = 1344847, remain = -61, size = 3
force_push: msg_id = 1344927, remain = -61, size = 3
force_push: msg_id = 1345007, remain = -61, size = 3
force_push: msg_id = 1345087, remain = -61, size = 3
force_push: msg_id = 1345165, remain = -61, size = 3
force_push: msg_id = 1345243, remain = -61, size = 3
force_push: msg_id = 1345321, remain = -61, size = 3
force_push: msg_id = 1345401, remain = -61, size = 3
force_push: msg_id = 1345479, remain = -61, size = 3
force_push: msg_id = 1345557, remain = -61, size = 3
force_push: msg_id = 1345635, remain = -61, size = 3
force_push: msg_id = 1345715, remain = -61, size = 3
force_push: msg_id = 1345795, remain = -61, size = 3
force_push: msg_id = 1345875, remain = -61, size = 3
force_push: msg_id = 1345953, remain = -61, size = 3
force_push: msg_id = 1346031, remain = -61, size = 3
force_push: msg_id = 1346111, remain = -61, size = 3
force_push: msg_id = 1346191, remain = -61, size = 3
force_push: msg_id = 1346271, remain = -61, size = 3
force_push: msg_id = 1346349, remain = -61, size = 3
force_push: msg_id = 1346429, remain = -61, size = 3
force_push: msg_id = 1346507, remain = -61, size = 3
force_push: msg_id = 1346587, remain = -61, size = 3
force_push: msg_id = 1346667, remain = -61, size = 3
force_push: msg_id = 1346747, remain = -61, size = 3
force_push: msg_id = 1346828, remain = -61, size = 3
force_push: msg_id = 1346908, remain = -61, size = 3
force_push: msg_id = 1346988, remain = -61, size = 3
force_push: msg_id = 1347068, remain = -61, size = 3
force_push: msg_id = 1347147, remain = -61, size = 3
force_push: msg_id = 1347224, remain = -61, size = 3
force_push: msg_id = 1347304, remain = -61, size = 3
force_push: msg_id = 1347384, remain = -61, size = 3
force_push: msg_id = 1347464, remain = -61, size = 3
force_push: msg_id = 1347544, remain = -61, size = 3
force_push: msg_id = 1347624, remain = -61, size = 3
force_push: msg_id = 1347704, remain = -61, size = 3
force_push: msg_id = 1347784, remain = -61, size = 3
force_push: msg_id = 1347864, remain = -61, size = 3
force_push: msg_id = 1347944, remain = -61, size = 3
force_push: msg_id = 1348024, remain = -61, size = 3
force_push: msg_id = 1348104, remain = -61, size = 3
force_push: msg_id = 1348182, remain = -61, size = 3
force_push: msg_id = 1348260, remain = -61, size = 3
force_push: msg_id = 1348340, remain = -61, size = 3
force_push: msg_id = 1348419, remain = -61, size = 3
force_push: msg_id = 1348498, remain = -61, size = 3
force_push: msg_id = 1348578, remain = -61, size = 3
force_push: msg_id = 1348658, remain = -61, size = 3
force_push: msg_id = 1348736, remain = -61, size = 3
force_push: msg_id = 1348816, remain = -61, size = 3
force_push: msg_id = 1348895, remain = -61, size = 3
force_push: msg_id = 1348975, remain = -61, size = 3
force_push: msg_id = 1349055, remain = -61, size = 3
force_push: msg_id = 1349135, remain = -61, size = 3
force_push: msg_id = 1349215, remain = -61, size = 3
force_push: msg_id = 1349295, remain = -61, size = 3
force_push: msg_id = 1349375, remain = -61, size = 3
force_push: msg_id = 1349455, remain = -61, size = 3
force_push: msg_id = 1349533, remain = -61, size = 3
force_push: msg_id = 1349614, remain = -61, size = 3
force_push: msg_id = 1349694, remain = -61, size = 3
force_push: msg_id = 1349774, remain = -61, size = 3
force_push: msg_id = 1349854, remain = -61, size = 3
force_push: msg_id = 1349934, remain = -61, size = 3
force_push: msg_id = 1350014, remain = -61, size = 3
force_push: msg_id = 1350094, remain = -61, size = 3
force_push: msg_id = 1350174, remain = -61, size = 3
force_push: msg_id = 1350253, remain = -61, size = 3
force_push: msg_id = 1350333, remain = -61, size = 3
force_push: msg_id = 1350413, remain = -61, size = 3
force_push: msg_id = 1350493, remain = -61, size = 3
force_push: msg_id = 1350573, remain = -61, size = 3
force_push: msg_id = 1350649, remain = -61, size = 3
force_push: msg_id = 1350728, remain = -61, size = 3
force_push: msg_id = 1350807, remain = -61, size = 3
force_push: msg_id = 1350887, remain = -61, size = 3
force_push: msg_id = 1350962, remain = -61, size = 3
force_push: msg_id = 1351039, remain = -61, size = 3
force_push: msg_id = 1351117, remain = -61, size = 3
force_push: msg_id = 1351197, remain = -61, size = 3
force_push: msg_id = 1351277, remain = -61, size = 3
force_push: msg_id = 1351357, remain = -61, size = 3
force_push: msg_id = 1351436, remain = -61, size = 3
force_push: msg_id = 1351513, remain = -61, size = 3
force_push: msg_id = 1351591, remain = -61, size = 3
force_push: msg_id = 1351671, remain = -61, size = 3
force_push: msg_id = 1351751, remain = -61, size = 3
force_push: msg_id = 1351831, remain = -61, size = 3
force_push: msg_id = 1351911, remain = -61, size = 3
force_push: msg_id = 1351989, remain = -61, size = 3
force_push: msg_id = 1352069, remain = -61, size = 3
force_push: msg_id = 1352149, remain = -61, size = 3
force_push: msg_id = 1352229, remain = -61, size = 3
force_push: msg_id = 1352308, remain = -61, size = 3
force_push: msg_id = 1352386, remain = -61, size = 3
force_push: msg_id = 1352466, remain = -61, size = 3
force_push: msg_id = 1352546, remain = -61, size = 3
force_push: msg_id = 1352624, remain = -61, size = 3
force_push: msg_id = 1352703, remain = -61, size = 3
force_push: msg_id = 1352781, remain = -61, size = 3
force_push: msg_id = 1352859, remain = -61, size = 3
force_push: msg_id = 1352939, remain = -61, size = 3
force_push: msg_id = 1353019, remain = -61, size = 3
force_push: msg_id = 1353098, remain = -61, size = 3
force_push: msg_id = 1353176, remain = -61, size = 3
force_push: msg_id = 1353252, remain = -61, size = 3
force_push: msg_id = 1353330, remain = -61, size = 3
force_push: msg_id = 1353410, remain = -61, size = 3
force_push: msg_id = 1353489, remain = -61, size = 3
force_push: msg_id = 1353566, remain = -61, size = 3
force_push: msg_id = 1353644, remain = -61, size = 3
force_push: msg_id = 1353719, remain = -61, size = 3
force_push: msg_id = 1353797, remain = -61, size = 3
force_push: msg_id = 1353875, remain = -61, size = 3
force_push: msg_id = 1353950, remain = -61, size = 3
force_push: msg_id = 1354030, remain = -61, size = 3
force_push: msg_id = 1354110, remain = -61, size = 3
force_push: msg_id = 1354187, remain = -61, size = 3
force_push: msg_id = 1354266, remain = -61, size = 3
force_push: msg_id = 1354346, remain = -61, size = 3
force_push: msg_id = 1354423, remain = -61, size = 3
force_push: msg_id = 1354503, remain = -61, size = 3
force_push: msg_id = 1354582, remain = -61, size = 3
force_push: msg_id = 1354662, remain = -61, size = 3
force_push: msg_id = 1354740, remain = -61, size = 3
force_push: msg_id = 1354820, remain = -61, size = 3
force_push: msg_id = 1354900, remain = -61, size = 3
force_push: msg_id = 1354981, remain = -61, size = 3
force_push: msg_id = 1355061, remain = -61, size = 3
force_push: msg_id = 1355139, remain = -61, size = 3
force_push: msg_id = 1355218, remain = -61, size = 3
force_push: msg_id = 1355297, remain = -61, size = 3
force_push: msg_id = 1355377, remain = -61, size = 3
force_push: msg_id = 1355455, remain = -61, size = 3
force_push: msg_id = 1355534, remain = -61, size = 3
force_push: msg_id = 1355612, remain = -61, size = 3
force_push: msg_id = 1355692, remain = -61, size = 3
force_push: msg_id = 1355772, remain = -61, size = 3
force_push: msg_id = 1355852, remain = -61, size = 3
force_push: msg_id = 1355932, remain = -61, size = 3
force_push: msg_id = 1356012, remain = -61, size = 3
force_push: msg_id = 1356087, remain = -61, size = 3
force_push: msg_id = 1356164, remain = -61, size = 3
force_push: msg_id = 1356241, remain = -61, size = 3
force_push: msg_id = 1356321, remain = -61, size = 3
force_push: msg_id = 1356401, remain = -61, size = 3
force_push: msg_id = 1356479, remain = -61, size = 3
force_push: msg_id = 1356558, remain = -61, size = 3
force_push: msg_id = 1356636, remain = -61, size = 3
force_push: msg_id = 1356715, remain = -61, size = 3
force_push: msg_id = 1356794, remain = -61, size = 3
force_push: msg_id = 1356872, remain = -61, size = 3
force_push: msg_id = 1356952, remain = -61, size = 3
force_push: msg_id = 1357031, remain = -61, size = 3
force_push: msg_id = 1357110, remain = -61, size = 3
force_push: msg_id = 1357188, remain = -61, size = 3
force_push: msg_id = 1357268, remain = -61, size = 3
force_push: msg_id = 1357348, remain = -61, size = 3
force_push: msg_id = 1357428, remain = -61, size = 3
force_push: msg_id = 1357508, remain = -61, size = 3
force_push: msg_id = 1357586, remain = -61, size = 3
force_push: msg_id = 1357666, remain = -61, size = 3
force_push: msg_id = 1357746, remain = -61, size = 3
force_push: msg_id = 1357826, remain = -61, size = 3
force_push: msg_id = 1357904, remain = -61, size = 3
force_push: msg_id = 1357984, remain = -61, size = 3
force_push: msg_id = 1358064, remain = -61, size = 3
force_push: msg_id = 1358142, remain = -61, size = 3
force_push: msg_id = 1358221, remain = -61, size = 3
force_push: msg_id = 1358298, remain = -61, size = 3
force_push: msg_id = 1358378, remain = -61, size = 3
force_push: msg_id = 1358456, remain = -61, size = 3
force_push: msg_id = 1358534, remain = -61, size = 3
force_push: msg_id = 1358612, remain = -61, size = 3
force_push: msg_id = 1358692, remain = -61, size = 3
force_push: msg_id = 1358770, remain = -61, size = 3
force_push: msg_id = 1358850, remain = -61, size = 3
force_push: msg_id = 1358928, remain = -61, size = 3
force_push: msg_id = 1359008, remain = -61, size = 3
force_push: msg_id = 1359087, remain = -61, size = 3
force_push: msg_id = 1359166, remain = -61, size = 3
force_push: msg_id = 1359245, remain = -61, size = 3
force_push: msg_id = 1359323, remain = -61, s