Read file config.yml
Running executor...
Loaded function exp00_front. lib_load_elasped: 164, func_load_elasped: 2
Loaded function exp00_back. lib_load_elasped: 153, func_load_elasped: 1
chain_length = 2, payload_size = 512, token 10215474 us.
chain_length = 2, payload_size = 512, token 13667376 us.
chain_length = 2, payload_size = 512, token 13855581 us.
chain_length = 2, payload_size = 512, token 18879584 us.
chain_length = 2, payload_size = 512, token 16264409 us.
chain_length = 2, payload_size = 512, token 26554255 us.
chain_length = 2, payload_size = 512, token 16105125 us.
chain_length = 2, payload_size = 512, token 23958106 us.
chain_length = 2, payload_size = 512, token 17002534 us.
chain_length = 2, payload_size = 512, token 23979322 us.
chain_length = 2, payload_size = 512, token 19444294 us.
chain_length = 2, payload_size = 512, token 21583208 us.
chain_length = 2, payload_size = 512, token 27080537 us.
chain_length = 2, payload_size = 512, token 26862420 us.
chain_length = 2, payload_size = 512, token 24179293 us.
chain_length = 2, payload_size = 512, token 27143353 us.
chain_length = 2, payload_size = 512, token 17636670 us.
chain_length = 2, payload_size = 512, token 21517902 us.
chain_length = 2, payload_size = 512, token 24008419 us.
chain_length = 2, payload_size = 512, token 23052507 us.
chain_length = 2, payload_size = 512, token 23136108 us.
force_push: msg_id = 1340637, remain = 22, size = 64
Send to executer failed.force_push: msg_id = 1340977, remain = -61, size = 3
force_push: msg_id = 1341059, remain = -61, size = 3
force_push: msg_id = 1341135, remain = -61, size = 3
force_push: msg_id = 1341219, remain = -61, size = 3
force_push: msg_id = 1341300, remain = -61, size = 3
force_push: msg_id = 1341380, remain = -61, size = 3
force_push: msg_id = 1341462, remain = -61, size = 3
force_push: msg_id = 1341542, remain = -61, size = 3
force_push: msg_id = 1341623, remain = -61, size = 3
force_push: msg_id = 1341705, remain = -61, size = 3
force_push: msg_id = 1341784, remain = -61, size = 3
force_push: msg_id = 1341867, remain = -61, size = 3
force_push: msg_id = 1341946, remain = -61, size = 3
force_push: msg_id = 1342028, remain = -61, size = 3
force_push: msg_id = 1342109, remain = -61, size = 3
force_push: msg_id = 1342190, remain = -61, size = 3
force_push: msg_id = 1342268, remain = -61, size = 3
force_push: msg_id = 1342348, remain = -61, size = 3
force_push: msg_id = 1342426, remain = -61, size = 3
force_push: msg_id = 1342506, remain = -61, size = 3
force_push: msg_id = 1342586, remain = -61, size = 3
force_push: msg_id = 1342666, remain = -61, size = 3
force_push: msg_id = 1342745, remain = -61, size = 3
force_push: msg_id = 1342825, remain = -61, size = 3
force_push: msg_id = 1342905, remain = -61, size = 3
force_push: msg_id = 1342985, remain = -61, size = 3
force_push: msg_id = 1343065, remain = -61, size = 3
force_push: msg_id = 1343145, remain = -61, size = 3
force_push: msg_id = 1343225, remain = -61, size = 3
force_push: msg_id = 1343305, remain = -61, size = 3
force_push: msg_id = 1343385, remain = -61, size = 3
force_push: msg_id = 1343465, remain = -61, size = 3
force_push: msg_id = 1343545, remain = -61, size = 3
force_push: msg_id = 1343625, remain = -61, size = 3
force_push: msg_id = 1343705, remain = -61, size = 3
force_push: msg_id = 1343784, remain = -61, size = 3
force_push: msg_id = 1343864, remain = -61, size = 3
force_push: msg_id = 1343944, remain = -61, size = 3
force_push: msg_id = 1344022, remain = -61, size = 3
force_push: msg_id = 1344099, remain = -61, size = 3
force_push: msg_id = 1344179, remain = -61, size = 3
force_push: msg_id = 1344256, remain = -61, size = 3
force_push: msg_id = 1344334, remain = -61, size = 3
force_push: msg_id = 1344414, remain = -61, size = 3
force_push: msg_id = 1344491, remain = -61, size = 3
force_push: msg_id = 1344572, remain = -61, size = 3
force_push: msg_id = 1344644, remain = -61, size = 3
force_push: msg_id = 1344721, remain = -61, size = 3
force_push: msg_id = 1344807, remain = -61, size = 3
force_push: msg_id = 1344890, remain = -61, size = 3
force_push: msg_id = 1344972, remain = -61, size = 3
force_push: msg_id = 1345053, remain = -61, size = 3
force_push: msg_id = 1345135, remain = -61, size = 3
force_push: msg_id = 1345217, remain = -61, size = 3
force_push: msg_id = 1345302, remain = -61, size = 3
force_push: msg_id = 1345383, remain = -61, size = 3
force_push: msg_id = 1345466, remain = -61, size = 3
force_push: msg_id = 1345547, remain = -61, size = 3
force_push: msg_id = 1345627, remain = -61, size = 3
force_push: msg_id = 1345708, remain = -61, size = 3
force_push: msg_id = 1345792, remain = -61, size = 3
force_push: msg_id = 1345874, remain = -61, size = 3
force_push: msg_id = 1345951, remain = -61, size = 3
force_push: msg_id = 1346034, remain = -61, size = 3
force_push: msg_id = 1346115, remain = -61, size = 3
force_push: msg_id = 1346197, remain = -61, size = 3
force_push: msg_id = 1346279, remain = -61, size = 3
force_push: msg_id = 1346357, remain = -61, size = 3
force_push: msg_id = 1346440, remain = -61, size = 3
force_push: msg_id = 1346520, remain = -61, size = 3
force_push: msg_id = 1346603, remain = -61, size = 3
force_push: msg_id = 1346685, remain = -61, size = 3
force_push: msg_id = 1346771, remain = -61, size = 3
force_push: msg_id = 1346850, remain = -61, size = 3
force_push: msg_id = 1346931, remain = -61, size = 3
force_push: msg_id = 1347012, remain = -61, size = 3
force_push: msg_id = 1347095, remain = -61, size = 3
force_push: msg_id = 1347175, remain = -61, size = 3
force_push: msg_id = 1347258, remain = -61, size = 3
force_push: msg_id = 1347337, remain = -61, size = 3
force_push: msg_id = 1347420, remain = -61, size = 3
force_push: msg_id = 1347502, remain = -61, size = 3
force_push: msg_id = 1347587, remain = -61, size = 3
force_push: msg_id = 1347676, remain = -61, size = 3
force_push: msg_id = 1347757, remain = -61, size = 3
force_push: msg_id = 1347840, remain = -61, size = 3
force_push: msg_id = 1347922, remain = -61, size = 3
force_push: msg_id = 1348006, remain = -61, size = 3
force_push: msg_id = 1348090, remain = -61, size = 3
force_push: msg_id = 1348172, remain = -61, size = 3
force_push: msg_id = 1348251, remain = -61, size = 3
force_push: msg_id = 1348332, remain = -61, size = 3
force_push: msg_id = 1348414, remain = -61, size = 3
force_push: msg_id = 1348493, remain = -61, size = 3
force_push: msg_id = 1348575, remain = -61, size = 3
force_push: msg_id = 1348657, remain = -61, size = 3
force_push: msg_id = 1348741, remain = -61, size = 3
force_push: msg_id = 1348820, remain = -61, size = 3
force_push: msg_id = 1348902, remain = -61, size = 3
force_push: msg_id = 1348983, remain = -61, size = 3
force_push: msg_id = 1349063, remain = -61, size = 3
force_push: msg_id = 1349144, remain = -61, size = 3
force_push: msg_id = 1349228, remain = -61, size = 3
force_push: msg_id = 1349308, remain = -61, size = 3
force_push: msg_id = 1349391, remain = -61, size = 3
force_push: msg_id = 1349471, remain = -61, size = 3
force_push: msg_id = 1349552, remain = -61, size = 3
force_push: msg_id = 1349633, remain = -61, size = 3
force_push: msg_id = 1349714, remain = -61, size = 3
force_push: msg_id = 1349794, remain = -61, size = 3
force_push: msg_id = 1349874, remain = -61, size = 3
force_push: msg_id = 1349955, remain = -61, size = 3
force_push: msg_id = 1350037, remain = -61, size = 3
force_push: msg_id = 1350121, remain = -61, size = 3
force_push: msg_id = 1350202, remain = -61, size = 3
force_push: msg_id = 1350284, remain = -61, size = 3
force_push: msg_id = 1350364, remain = -61, size = 3
force_push: msg_id = 1350445, remain = -61, size = 3
force_push: msg_id = 1350527, remain = -61, size = 3
force_push: msg_id = 1350613, remain = -61, size = 3
force_push: msg_id = 1350698, remain = -61, size = 3
force_push: msg_id = 1350779, remain = -61, size = 3
force_push: msg_id = 1350862, remain = -61, size = 3
force_push: msg_id = 1350942, remain = -61, size = 3
force_push: msg_id = 1351026, remain = -61, size = 3
force_push: msg_id = 1351106, remain = -61, size = 3
force_push: msg_id = 1351190, remain = -61, size = 3
force_push: msg_id = 1351272, remain = -61, size = 3
force_push: msg_id = 1351353, remain = -61, size = 3
force_push: msg_id = 1351433, remain = -61, size = 3
force_push: msg_id = 1351516, remain = -61, size = 3
force_push: msg_id = 1351598, remain = -61, size = 3
force_push: msg_id = 1351678, remain = -61, size = 3
force_push: msg_id = 1351760, remain = -61, size = 3
force_push: msg_id = 1351841, remain = -61, size = 3
force_push: msg_id = 1351921, remain = -61, size = 3
force_push: msg_id = 1352000, remain = -61, size = 3
force_push: msg_id = 1352080, remain = -61, size = 3
force_push: msg_id = 1352162, remain = -61, size = 3
force_push: msg_id = 1352243, remain = -61, size = 3
force_push: msg_id = 1352323, remain = -61, size = 3
force_push: msg_id = 1352403, remain = -61, size = 3
force_push: msg_id = 1352485, remain = -61, size = 3
force_push: msg_id = 1352566, remain = -61, size = 3
force_push: msg_id = 1352647, remain = -61, size = 3
force_push: msg_id = 1352727, remain = -61, size = 3
force_push: msg_id = 1352812, remain = -61, size = 3
force_push: msg_id = 1352892, remain = -61, size = 3
force_push: msg_id = 1352975, remain = -61, size = 3
force_push: msg_id = 1353055, remain = -61, size = 3
force_push: msg_id = 1353135, remain = -61, size = 3
force_push: msg_id = 1353218, remain = -61, size = 3
force_push: msg_id = 1353299, remain = -61, size = 3
force_push: msg_id = 1353380, remain = -61, size = 3
force_push: msg_id = 1353463, remain = -61, size = 3
force_push: msg_id = 1353543, remain = -61, size = 3
force_push: msg_id = 1353623, remain = -61, size = 3
force_push: msg_id = 1353704, remain = -61, size = 3
force_push: msg_id = 1353787, remain = -61, size = 3
force_push: msg_id = 1353868, remain = -61, size = 3
force_push: msg_id = 1353951, remain = -61, size = 3
force_push: msg_id = 1354036, remain = -61, size = 3
force_push: msg_id = 1354117, remain = -61, size = 3
force_push: msg_id = 1354200, remain = -61, size = 3
force_push: msg_id = 1354282, remain = -61, size = 3
force_push: msg_id = 1354365, remain = -61, size = 3
force_push: msg_id = 1354445, remain = -61, size = 3
force_push: msg_id = 1354530, remain = -61, size = 3
force_push: msg_id = 1354611, remain = -61, size = 3
force_push: msg_id = 1354693, remain = -61, size = 3
force_push: msg_id = 1354776, remain = -61, size = 3
force_push: msg_id = 1354857, remain = -61, size = 3
force_push: msg_id = 1354939, remain = -61, size = 3
force_push: msg_id = 1355019, remain = -61, size = 3
force_push: msg_id = 1355100, remain = -61, size = 3
force_push: msg_id = 1355181, remain = -61, size = 3
force_push: msg_id = 1355262, remain = -61, size = 3
force_push: msg_id = 1355346, remain = -61, size = 3
force_push: msg_id = 1355426, remain = -61, size = 3
force_push: msg_id = 1355509, remain = -61, size = 3
force_push: msg_id = 1355590, remain = -61, size = 3
force_push: msg_id = 1355672, remain = -61, size = 3
force_push: msg_id = 1355752, remain = -61, size = 3
force_push: msg_id = 1355833, remain = -61, size = 3
force_push: msg_id = 1355913, remain = -61, size = 3
force_push: msg_id = 1355993, remain = -61, size = 3
force_push: msg_id = 1356074, remain = -61, size = 3
force_push: msg_id = 1356155, remain = -61, size = 3
force_push: msg_id = 1356235, remain = -61, size = 3
force_push: msg_id = 1356316, remain = -61, size = 3
force_push: msg_id = 1356398, remain = -61, size = 3
force_push: msg_id = 1356481, remain = -61, size = 3
force_push: msg_id = 1356564, remain = -61, size = 3
force_push: msg_id = 1356644, remain = -61, size = 3
force_push: msg_id = 1356727, remain = -61, size = 3
force_push: msg_id = 1356811, remain = -61, size = 3
force_push: msg_id = 1356895, remain = -61, size = 3
force_push: msg_id = 1356980, remain = -61, size = 3
force_push: msg_id = 1357061, remain = -61, size = 3
force_push: msg_id = 1357145, remain = -61, size = 3
force_push: msg_id = 1357228, remain = -61, size = 3
force_push: msg_id = 1357309, remain = -61, size = 3
force_push: msg_id = 1357390, remain = -61, size = 3
force_push: msg_id = 1357472, remain = -61, size = 3
force_push: msg_id = 1357553, remain = -61, size = 3
force_push: msg_id = 1357633, remain = -61, size = 3
force_push: msg_id = 1357714, remain = -61, size = 3
force_push: msg_id = 1357798, remain = -61, size = 3
force_push: msg_id = 1357878, remain = -61, size = 3
force_push: msg_id = 1357960, remain = -61, size = 3
force_push: msg_id = 1358041, remain = -61, size = 3
force_push: msg_id = 1358122, remain = -61, size = 3
force_push: msg_id = 1358203, remain = -61, size = 3
force_push: msg_id = 1358283, remain = -61, size = 3
force_push: msg_id = 1358367, remain = -61, size = 3
force_push: msg_id = 1358449, remain = -61, size = 3
force_push: msg_id = 1358529, remain = -61, size = 3
force_push: msg_id = 1358609, remain = -61, size = 3
force_push: msg_id = 1358690, remain = -61, size = 3
force_push: msg_id = 1358771, remain = -61, size = 3
force_push: msg_id = 1358851, remain = -61, size = 3
force_push: msg_id = 1358932, remain = -61, size = 3
force_push: msg_id = 1359014, remain = -61, size = 3
force_push: msg_id = 1359095, remain = -61, size = 3
force_push: msg_id = 1359175, remain = -61, size = 3
force_push: msg_id = 1359259, remain = -61, size = 3
force_push: msg_id = 1359340, remain = -61, size = 3
force_push: msg_id = 1359425, remain = -61, size = 3
force_push: msg_id = 1359509, remain = -61, size = 3
force_push: msg_id = 1359592, remain = -61, size = 3
force_push: msg_id = 1359671, remain = -61, size = 3
force_push: msg_id = 1359753, remain = -61, s