Read file config.yml
Running executor...
Loaded function exp00_back. lib_load_elasped: 150, func_load_elasped: 3
Loaded function exp00_front. lib_load_elasped: 155, func_load_elasped: 1
chain_length = 2, payload_size = 512, token 206875 us.
chain_length = 2, payload_size = 512, token 7585363 us.
chain_length = 2, payload_size = 512, token 16084868 us.
chain_length = 2, payload_size = 512, token 16077867 us.
chain_length = 2, payload_size = 512, token 20589121 us.
chain_length = 2, payload_size = 512, token 14660749 us.
chain_length = 2, payload_size = 512, token 17266641 us.
chain_length = 2, payload_size = 512, token 14500493 us.
chain_length = 2, payload_size = 512, token 17349240 us.
chain_length = 2, payload_size = 512, token 28451202 us.
chain_length = 2, payload_size = 512, token 20014044 us.
chain_length = 2, payload_size = 512, token 18504499 us.
chain_length = 2, payload_size = 512, token 21503506 us.
chain_length = 2, payload_size = 512, token 27799160 us.
chain_length = 2, payload_size = 512, token 17580214 us.
chain_length = 2, payload_size = 512, token 24299243 us.
chain_length = 2, payload_size = 512, token 30662653 us.
chain_length = 2, payload_size = 512, token 22915696 us.
force_push: msg_id = 1340707, remain = -61, size = 3
force_push: msg_id = 1340967, remain = -61, size = 3
force_push: msg_id = 1341040, remain = -61, size = 3
force_push: msg_id = 1341119, remain = -61, size = 3
force_push: msg_id = 1341199, remain = -61, size = 3
force_push: msg_id = 1341280, remain = -61, size = 3
force_push: msg_id = 1341358, remain = -61, size = 3
force_push: msg_id = 1341438, remain = -61, size = 3
force_push: msg_id = 1341518, remain = -61, size = 3
force_push: msg_id = 1341598, remain = -61, size = 3
force_push: msg_id = 1341678, remain = -61, size = 3
force_push: msg_id = 1341758, remain = -61, size = 3
force_push: msg_id = 1341838, remain = -61, size = 3
force_push: msg_id = 1341918, remain = -61, size = 3
force_push: msg_id = 1341998, remain = -61, size = 3
force_push: msg_id = 1342078, remain = -61, size = 3
force_push: msg_id = 1342158, remain = -61, size = 3
force_push: msg_id = 1342238, remain = -61, size = 3
force_push: msg_id = 1342318, remain = -61, size = 3
force_push: msg_id = 1342398, remain = -61, size = 3
force_push: msg_id = 1342478, remain = -61, size = 3
force_push: msg_id = 1342558, remain = -61, size = 3
force_push: msg_id = 1342638, remain = -61, size = 3
force_push: msg_id = 1342718, remain = -61, size = 3
force_push: msg_id = 1342798, remain = -61, size = 3
force_push: msg_id = 1342878, remain = -61, size = 3
force_push: msg_id = 1342958, remain = -61, size = 3
force_push: msg_id = 1343038, remain = -61, size = 3
force_push: msg_id = 1343119, remain = -61, size = 3
force_push: msg_id = 1343199, remain = -61, size = 3
force_push: msg_id = 1343279, remain = -61, size = 3
force_push: msg_id = 1343357, remain = -61, size = 3
force_push: msg_id = 1343434, remain = -61, size = 3
force_push: msg_id = 1343514, remain = -61, size = 3
force_push: msg_id = 1343592, remain = -61, size = 3
force_push: msg_id = 1343670, remain = -61, size = 3
force_push: msg_id = 1343750, remain = -61, size = 3
force_push: msg_id = 1343830, remain = -61, size = 3
force_push: msg_id = 1343907, remain = -61, size = 3
force_push: msg_id = 1343985, remain = -61, size = 3
force_push: msg_id = 1344061, remain = -61, size = 3
force_push: msg_id = 1344138, remain = -61, size = 3
force_push: msg_id = 1344217, remain = -61, size = 3
force_push: msg_id = 1344296, remain = -61, size = 3
force_push: msg_id = 1344375, remain = -61, size = 3
force_push: msg_id = 1344455, remain = -61, size = 3
force_push: msg_id = 1344535, remain = -61, size = 3
force_push: msg_id = 1344615, remain = -61, size = 3
force_push: msg_id = 1344695, remain = -61, size = 3
force_push: msg_id = 1344775, remain = -61, size = 3
force_push: msg_id = 1344855, remain = -61, size = 3
force_push: msg_id = 1344935, remain = -61, size = 3
force_push: msg_id = 1345015, remain = -61, size = 3
force_push: msg_id = 1345093, remain = -61, size = 3
force_push: msg_id = 1345173, remain = -61, size = 3
force_push: msg_id = 1345253, remain = -61, size = 3
force_push: msg_id = 1345333, remain = -61, size = 3
force_push: msg_id = 1345413, remain = -61, size = 3
force_push: msg_id = 1345493, remain = -61, size = 3
force_push: msg_id = 1345572, remain = -61, size = 3
force_push: msg_id = 1345651, remain = -61, size = 3
force_push: msg_id = 1345731, remain = -61, size = 3
force_push: msg_id = 1345811, remain = -61, size = 3
force_push: msg_id = 1345891, remain = -61, size = 3
force_push: msg_id = 1345971, remain = -61, size = 3
force_push: msg_id = 1346049, remain = -61, size = 3
force_push: msg_id = 1346129, remain = -61, size = 3
force_push: msg_id = 1346205, remain = -61, size = 3
force_push: msg_id = 1346287, remain = -61, size = 3
force_push: msg_id = 1346367, remain = -61, size = 3
force_push: msg_id = 1346447, remain = -61, size = 3
force_push: msg_id = 1346527, remain = -61, size = 3
force_push: msg_id = 1346607, remain = -61, size = 3
force_push: msg_id = 1346683, remain = -61, size = 3
force_push: msg_id = 1346763, remain = -61, size = 3
force_push: msg_id = 1346843, remain = -61, size = 3
force_push: msg_id = 1346923, remain = -61, size = 3
force_push: msg_id = 1347004, remain = -61, size = 3
force_push: msg_id = 1347083, remain = -61, size = 3
force_push: msg_id = 1347163, remain = -61, size = 3
force_push: msg_id = 1347243, remain = -61, size = 3
force_push: msg_id = 1347321, remain = -61, size = 3
force_push: msg_id = 1347401, remain = -61, size = 3
force_push: msg_id = 1347482, remain = -61, size = 3
force_push: msg_id = 1347562, remain = -61, size = 3
force_push: msg_id = 1347643, remain = -61, size = 3
force_push: msg_id = 1347723, remain = -61, size = 3
force_push: msg_id = 1347803, remain = -61, size = 3
force_push: msg_id = 1347883, remain = -61, size = 3
force_push: msg_id = 1347963, remain = -61, size = 3
force_push: msg_id = 1348040, remain = -61, size = 3
force_push: msg_id = 1348119, remain = -61, size = 3
force_push: msg_id = 1348199, remain = -61, size = 3
force_push: msg_id = 1348279, remain = -61, size = 3
force_push: msg_id = 1348359, remain = -61, size = 3
force_push: msg_id = 1348439, remain = -61, size = 3
force_push: msg_id = 1348519, remain = -61, size = 3
force_push: msg_id = 1348599, remain = -61, size = 3
force_push: msg_id = 1348679, remain = -61, size = 3
force_push: msg_id = 1348760, remain = -61, size = 3
force_push: msg_id = 1348840, remain = -61, size = 3
force_push: msg_id = 1348916, remain = -61, size = 3
force_push: msg_id = 1348994, remain = -61, size = 3
force_push: msg_id = 1349074, remain = -61, size = 3
force_push: msg_id = 1349154, remain = -61, size = 3
force_push: msg_id = 1349234, remain = -61, size = 3
force_push: msg_id = 1349312, remain = -61, size = 3
force_push: msg_id = 1349390, remain = -61, size = 3
force_push: msg_id = 1349470, remain = -61, size = 3
force_push: msg_id = 1349550, remain = -61, size = 3
force_push: msg_id = 1349630, remain = -61, size = 3
force_push: msg_id = 1349708, remain = -61, size = 3
force_push: msg_id = 1349788, remain = -61, size = 3
force_push: msg_id = 1349868, remain = -61, size = 3
force_push: msg_id = 1349948, remain = -61, size = 3
force_push: msg_id = 1350028, remain = -61, size = 3
force_push: msg_id = 1350108, remain = -61, size = 3
force_push: msg_id = 1350188, remain = -61, size = 3
force_push: msg_id = 1350266, remain = -61, size = 3
force_push: msg_id = 1350346, remain = -61, size = 3
force_push: msg_id = 1350426, remain = -61, size = 3
force_push: msg_id = 1350506, remain = -61, size = 3
force_push: msg_id = 1350586, remain = -61, size = 3
force_push: msg_id = 1350666, remain = -61, size = 3
force_push: msg_id = 1350746, remain = -61, size = 3
force_push: msg_id = 1350826, remain = -61, size = 3
force_push: msg_id = 1350906, remain = -61, size = 3
force_push: msg_id = 1350987, remain = -61, size = 3
force_push: msg_id = 1351065, remain = -61, size = 3
force_push: msg_id = 1351145, remain = -61, size = 3
force_push: msg_id = 1351225, remain = -61, size = 3
force_push: msg_id = 1351305, remain = -61, size = 3
force_push: msg_id = 1351385, remain = -61, size = 3
force_push: msg_id = 1351465, remain = -61, size = 3
force_push: msg_id = 1351545, remain = -61, size = 3
force_push: msg_id = 1351625, remain = -61, size = 3
force_push: msg_id = 1351704, remain = -61, size = 3
force_push: msg_id = 1351783, remain = -61, size = 3
force_push: msg_id = 1351863, remain = -61, size = 3
force_push: msg_id = 1351939, remain = -61, size = 3
force_push: msg_id = 1352017, remain = -61, size = 3
force_push: msg_id = 1352097, remain = -61, size = 3
force_push: msg_id = 1352177, remain = -61, size = 3
force_push: msg_id = 1352255, remain = -61, size = 3
force_push: msg_id = 1352335, remain = -61, size = 3
force_push: msg_id = 1352415, remain = -61, size = 3
force_push: msg_id = 1352495, remain = -61, size = 3
force_push: msg_id = 1352573, remain = -61, size = 3
force_push: msg_id = 1352651, remain = -61, size = 3
force_push: msg_id = 1352731, remain = -61, size = 3
force_push: msg_id = 1352811, remain = -61, size = 3
force_push: msg_id = 1352891, remain = -61, size = 3
force_push: msg_id = 1352971, remain = -61, size = 3
force_push: msg_id = 1353051, remain = -61, size = 3
force_push: msg_id = 1353131, remain = -61, size = 3
force_push: msg_id = 1353210, remain = -61, size = 3
force_push: msg_id = 1353290, remain = -61, size = 3
force_push: msg_id = 1353370, remain = -61, size = 3
force_push: msg_id = 1353450, remain = -61, size = 3
force_push: msg_id = 1353530, remain = -61, size = 3
force_push: msg_id = 1353610, remain = -61, size = 3
force_push: msg_id = 1353690, remain = -61, size = 3
force_push: msg_id = 1353770, remain = -61, size = 3
force_push: msg_id = 1353850, remain = -61, size = 3
force_push: msg_id = 1353931, remain = -61, size = 3
force_push: msg_id = 1354011, remain = -61, size = 3
force_push: msg_id = 1354089, remain = -61, size = 3
force_push: msg_id = 1354169, remain = -61, size = 3
force_push: msg_id = 1354249, remain = -61, size = 3
force_push: msg_id = 1354329, remain = -61, size = 3
force_push: msg_id = 1354410, remain = -61, size = 3
force_push: msg_id = 1354490, remain = -61, size = 3
force_push: msg_id = 1354570, remain = -61, size = 3
force_push: msg_id = 1354651, remain = -61, size = 3
force_push: msg_id = 1354731, remain = -61, size = 3
force_push: msg_id = 1354812, remain = -61, size = 3
force_push: msg_id = 1354893, remain = -61, size = 3
force_push: msg_id = 1354973, remain = -61, size = 3
force_push: msg_id = 1355053, remain = -61, size = 3
force_push: msg_id = 1355135, remain = -61, size = 3
force_push: msg_id = 1355215, remain = -61, size = 3
force_push: msg_id = 1355295, remain = -61, size = 3
force_push: msg_id = 1355373, remain = -61, size = 3
force_push: msg_id = 1355454, remain = -61, size = 3
force_push: msg_id = 1355535, remain = -61, size = 3
force_push: msg_id = 1355616, remain = -61, size = 3
force_push: msg_id = 1355695, remain = -61, size = 3
force_push: msg_id = 1355776, remain = -61, size = 3
force_push: msg_id = 1355857, remain = -61, size = 3
force_push: msg_id = 1355943, remain = -61, size = 3
force_push: msg_id = 1356023, remain = -61, size = 3
force_push: msg_id = 1356103, remain = -61, size = 3
force_push: msg_id = 1356186, remain = -61, size = 3
force_push: msg_id = 1356266, remain = -61, size = 3
force_push: msg_id = 1356349, remain = -61, size = 3
force_push: msg_id = 1356430, remain = -61, size = 3
force_push: msg_id = 1356513, remain = -61, size = 3
force_push: msg_id = 1356594, remain = -61, size = 3
force_push: msg_id = 1356678, remain = -61, size = 3
force_push: msg_id = 1356758, remain = -61, size = 3
force_push: msg_id = 1356836, remain = -61, size = 3
force_push: msg_id = 1356918, remain = -61, size = 3
force_push: msg_id = 1357000, remain = -61, size = 3
force_push: msg_id = 1357081, remain = -61, size = 3
force_push: msg_id = 1357161, remain = -61, size = 3
force_push: msg_id = 1357241, remain = -61, size = 3
force_push: msg_id = 1357323, remain = -61, size = 3
force_push: msg_id = 1357403, remain = -61, size = 3
force_push: msg_id = 1357486, remain = -61, size = 3
force_push: msg_id = 1357567, remain = -61, size = 3
force_push: msg_id = 1357648, remain = -61, size = 3
force_push: msg_id = 1357729, remain = -61, size = 3
force_push: msg_id = 1357810, remain = -61, size = 3
force_push: msg_id = 1357890, remain = -61, size = 3
force_push: msg_id = 1357972, remain = -61, size = 3
force_push: msg_id = 1358056, remain = -61, size = 3
force_push: msg_id = 1358136, remain = -61, size = 3
force_push: msg_id = 1358216, remain = -61, size = 3
force_push: msg_id = 1358297, remain = -61, size = 3
force_push: msg_id = 1358377, remain = -61, size = 3
force_push: msg_id = 1358458, remain = -61, size = 3
force_push: msg_id = 1358541, remain = -61, size = 3
force_push: msg_id = 1358621, remain = -61, size = 3
force_push: msg_id = 1358703, remain = -61, size = 3
force_push: msg_id = 1358783, remain = -61, size = 3
force_push: msg_id = 1358865, remain = -61, size = 3
force_push: msg_id = 1358947, remain = -61, size = 3
force_push: msg_id = 1359031, remain = -61, size = 3
force_push: msg_id = 1359114, remain = -61, size = 3
force_push: msg_id = 1359198, remain = -61, size = 3
force_push: msg_id = 1359278, remain = -61, size = 3
force_push: msg_id = 1359361, remain = -61, s