Read file config.yml
Running executor...
Loaded function exp00_front. lib_load_elasped: 161, func_load_elasped: 3
Loaded function exp00_back. lib_load_elasped: 152, func_load_elasped: 1
chain_length = 2, payload_size = 512, token 61741 us.
chain_length = 2, payload_size = 512, token 11643061 us.
chain_length = 2, payload_size = 512, token 18389890 us.
chain_length = 2, payload_size = 512, token 16119616 us.
chain_length = 2, payload_size = 512, token 15532900 us.
chain_length = 2, payload_size = 512, token 20283762 us.
chain_length = 2, payload_size = 512, token 18389212 us.
chain_length = 2, payload_size = 512, token 17910018 us.
chain_length = 2, payload_size = 512, token 20710132 us.
chain_length = 2, payload_size = 512, token 20231965 us.
chain_length = 2, payload_size = 512, token 17353401 us.
chain_length = 2, payload_size = 512, token 13341190 us.
chain_length = 2, payload_size = 512, token 29194143 us.
chain_length = 2, payload_size = 512, token 25739683 us.
chain_length = 2, payload_size = 512, token 24638690 us.
chain_length = 2, payload_size = 512, token 19821121 us.
chain_length = 2, payload_size = 512, token 15506022 us.
chain_length = 2, payload_size = 512, token 25111550 us.
chain_length = 2, payload_size = 512, token 26656438 us.
chain_length = 2, payload_size = 512, token 25169183 us.
chain_length = 2, payload_size = 512, token 26487000 us.
chain_length = 2, payload_size = 512, token 20076654 us.
chain_length = 2, payload_size = 512, token 14799060 us.
chain_length = 2, payload_size = 512, token 25731056 us.
chain_length = 2, payload_size = 512, token 24112954 us.
chain_length = 2, payload_size = 512, token 26991136 us.
chain_length = 2, payload_size = 512, token 27062761 us.
chain_length = 2, payload_size = 512, token 30681613 us.
chain_length = 2, payload_size = 512, token 24079325 us.
chain_length = 2, payload_size = 512, token 14542303 us.
chain_length = 2, payload_size = 512, token 27121072 us.
chain_length = 2, payload_size = 512, token 20789864 us.
chain_length = 2, payload_size = 512, token 16877141 us.
chain_length = 2, payload_size = 512, token 25735296 us.
chain_length = 2, payload_size = 512, token 20066529 us.
chain_length = 2, payload_size = 512, token 35244340 us.
chain_length = 2, payload_size = 512, token 30908343 us.
chain_length = 2, payload_size = 512, token 27868237 us.
chain_length = 2, payload_size = 512, token 22417328 us.
chain_length = 2, payload_size = 512, token 32785638 us.
force_push: msg_id = 1340769, remain = 280, size = 64
Send to executer failed.force_push: msg_id = 1340968, remain = -61, size = 3
force_push: msg_id = 1341046, remain = -61, size = 3
force_push: msg_id = 1341130, remain = -61, size = 3
force_push: msg_id = 1341211, remain = -61, size = 3
force_push: msg_id = 1341290, remain = -61, size = 3
force_push: msg_id = 1341371, remain = -61, size = 3
force_push: msg_id = 1341452, remain = -61, size = 3
force_push: msg_id = 1341532, remain = -61, size = 3
force_push: msg_id = 1341613, remain = -61, size = 3
force_push: msg_id = 1341693, remain = -61, size = 3
force_push: msg_id = 1341773, remain = -61, size = 3
force_push: msg_id = 1341852, remain = -61, size = 3
force_push: msg_id = 1341932, remain = -61, size = 3
force_push: msg_id = 1342012, remain = -61, size = 3
force_push: msg_id = 1342092, remain = -61, size = 3
force_push: msg_id = 1342171, remain = -61, size = 3
force_push: msg_id = 1342250, remain = -61, size = 3
force_push: msg_id = 1342330, remain = -61, size = 3
force_push: msg_id = 1342410, remain = -61, size = 3
force_push: msg_id = 1342490, remain = -61, size = 3
force_push: msg_id = 1342570, remain = -61, size = 3
force_push: msg_id = 1342650, remain = -61, size = 3
force_push: msg_id = 1342730, remain = -61, size = 3
force_push: msg_id = 1342810, remain = -61, size = 3
force_push: msg_id = 1342890, remain = -61, size = 3
force_push: msg_id = 1342970, remain = -61, size = 3
force_push: msg_id = 1343050, remain = -61, size = 3
force_push: msg_id = 1343130, remain = -61, size = 3
force_push: msg_id = 1343209, remain = -61, size = 3
force_push: msg_id = 1343289, remain = -61, size = 3
force_push: msg_id = 1343369, remain = -61, size = 3
force_push: msg_id = 1343448, remain = -61, size = 3
force_push: msg_id = 1343528, remain = -61, size = 3
force_push: msg_id = 1343608, remain = -61, size = 3
force_push: msg_id = 1343689, remain = -61, size = 3
force_push: msg_id = 1343766, remain = -61, size = 3
force_push: msg_id = 1343845, remain = -61, size = 3
force_push: msg_id = 1343925, remain = -61, size = 3
force_push: msg_id = 1344001, remain = -61, size = 3
force_push: msg_id = 1344081, remain = -61, size = 3
force_push: msg_id = 1344161, remain = -61, size = 3
force_push: msg_id = 1344241, remain = -61, size = 3
force_push: msg_id = 1344319, remain = -61, size = 3
force_push: msg_id = 1344399, remain = -61, size = 3
force_push: msg_id = 1344478, remain = -61, size = 3
force_push: msg_id = 1344556, remain = -61, size = 3
force_push: msg_id = 1344633, remain = -61, size = 3
force_push: msg_id = 1344713, remain = -61, size = 3
force_push: msg_id = 1344792, remain = -61, size = 3
force_push: msg_id = 1344871, remain = -61, size = 3
force_push: msg_id = 1344951, remain = -61, size = 3
force_push: msg_id = 1345031, remain = -61, size = 3
force_push: msg_id = 1345110, remain = -61, size = 3
force_push: msg_id = 1345190, remain = -61, size = 3
force_push: msg_id = 1345270, remain = -61, size = 3
force_push: msg_id = 1345350, remain = -61, size = 3
force_push: msg_id = 1345431, remain = -61, size = 3
force_push: msg_id = 1345510, remain = -61, size = 3
force_push: msg_id = 1345590, remain = -61, size = 3
force_push: msg_id = 1345670, remain = -61, size = 3
force_push: msg_id = 1345751, remain = -61, size = 3
force_push: msg_id = 1345829, remain = -61, size = 3
force_push: msg_id = 1345909, remain = -61, size = 3
force_push: msg_id = 1345989, remain = -61, size = 3
force_push: msg_id = 1346069, remain = -61, size = 3
force_push: msg_id = 1346149, remain = -61, size = 3
force_push: msg_id = 1346229, remain = -61, size = 3
force_push: msg_id = 1346310, remain = -61, size = 3
force_push: msg_id = 1346390, remain = -61, size = 3
force_push: msg_id = 1346470, remain = -61, size = 3
force_push: msg_id = 1346550, remain = -61, size = 3
force_push: msg_id = 1346630, remain = -61, size = 3
force_push: msg_id = 1346710, remain = -61, size = 3
force_push: msg_id = 1346790, remain = -61, size = 3
force_push: msg_id = 1346868, remain = -61, size = 3
force_push: msg_id = 1346947, remain = -61, size = 3
force_push: msg_id = 1347026, remain = -61, size = 3
force_push: msg_id = 1347104, remain = -61, size = 3
force_push: msg_id = 1347184, remain = -61, size = 3
force_push: msg_id = 1347264, remain = -61, size = 3
force_push: msg_id = 1347344, remain = -61, size = 3
force_push: msg_id = 1347424, remain = -61, size = 3
force_push: msg_id = 1347504, remain = -61, size = 3
force_push: msg_id = 1347581, remain = -61, size = 3
force_push: msg_id = 1347660, remain = -61, size = 3
force_push: msg_id = 1347740, remain = -61, size = 3
force_push: msg_id = 1347820, remain = -61, size = 3
force_push: msg_id = 1347900, remain = -61, size = 3
force_push: msg_id = 1347980, remain = -61, size = 3
force_push: msg_id = 1348060, remain = -61, size = 3
force_push: msg_id = 1348140, remain = -61, size = 3
force_push: msg_id = 1348218, remain = -61, size = 3
force_push: msg_id = 1348299, remain = -61, size = 3
force_push: msg_id = 1348379, remain = -61, size = 3
force_push: msg_id = 1348459, remain = -61, size = 3
force_push: msg_id = 1348539, remain = -61, size = 3
force_push: msg_id = 1348618, remain = -61, size = 3
force_push: msg_id = 1348698, remain = -61, size = 3
force_push: msg_id = 1348777, remain = -61, size = 3
force_push: msg_id = 1348856, remain = -61, size = 3
force_push: msg_id = 1348935, remain = -61, size = 3
force_push: msg_id = 1349014, remain = -61, size = 3
force_push: msg_id = 1349094, remain = -61, size = 3
force_push: msg_id = 1349174, remain = -61, size = 3
force_push: msg_id = 1349254, remain = -61, size = 3
force_push: msg_id = 1349331, remain = -61, size = 3
force_push: msg_id = 1349411, remain = -61, size = 3
force_push: msg_id = 1349492, remain = -61, size = 3
force_push: msg_id = 1349573, remain = -61, size = 3
force_push: msg_id = 1349654, remain = -61, size = 3
force_push: msg_id = 1349734, remain = -61, size = 3
force_push: msg_id = 1349813, remain = -61, size = 3
force_push: msg_id = 1349894, remain = -61, size = 3
force_push: msg_id = 1349975, remain = -61, size = 3
force_push: msg_id = 1350058, remain = -61, size = 3
force_push: msg_id = 1350143, remain = -61, size = 3
force_push: msg_id = 1350224, remain = -61, size = 3
force_push: msg_id = 1350307, remain = -61, size = 3
force_push: msg_id = 1350387, remain = -61, size = 3
force_push: msg_id = 1350470, remain = -61, size = 3
force_push: msg_id = 1350553, remain = -61, size = 3
force_push: msg_id = 1350634, remain = -61, size = 3
force_push: msg_id = 1350716, remain = -61, size = 3
force_push: msg_id = 1350799, remain = -61, size = 3
force_push: msg_id = 1350879, remain = -61, size = 3
force_push: msg_id = 1350966, remain = -61, size = 3
force_push: msg_id = 1351050, remain = -61, size = 3
force_push: msg_id = 1351131, remain = -61, size = 3
force_push: msg_id = 1351212, remain = -61, size = 3
force_push: msg_id = 1351293, remain = -61, size = 3
force_push: msg_id = 1351374, remain = -61, size = 3
force_push: msg_id = 1351453, remain = -61, size = 3
force_push: msg_id = 1351536, remain = -61, size = 3
force_push: msg_id = 1351620, remain = -61, size = 3
force_push: msg_id = 1351701, remain = -61, size = 3
force_push: msg_id = 1351781, remain = -61, size = 3
force_push: msg_id = 1351861, remain = -61, size = 3
force_push: msg_id = 1351943, remain = -61, size = 3
force_push: msg_id = 1352024, remain = -61, size = 3
force_push: msg_id = 1352104, remain = -61, size = 3
force_push: msg_id = 1352188, remain = -61, size = 3
force_push: msg_id = 1352269, remain = -61, size = 3
force_push: msg_id = 1352349, remain = -61, size = 3
force_push: msg_id = 1352430, remain = -61, size = 3
force_push: msg_id = 1352514, remain = -61, size = 3
force_push: msg_id = 1352595, remain = -61, size = 3
force_push: msg_id = 1352675, remain = -61, size = 3
force_push: msg_id = 1352753, remain = -61, size = 3
force_push: msg_id = 1352839, remain = -61, size = 3
force_push: msg_id = 1352922, remain = -61, size = 3
force_push: msg_id = 1353010, remain = -61, size = 3
force_push: msg_id = 1353092, remain = -61, size = 3
force_push: msg_id = 1353175, remain = -61, size = 3
force_push: msg_id = 1353256, remain = -61, size = 3
force_push: msg_id = 1353339, remain = -61, size = 3
force_push: msg_id = 1353423, remain = -61, size = 3
force_push: msg_id = 1353505, remain = -61, size = 3
force_push: msg_id = 1353587, remain = -61, size = 3
force_push: msg_id = 1353669, remain = -61, size = 3
force_push: msg_id = 1353751, remain = -61, size = 3
force_push: msg_id = 1353834, remain = -61, size = 3
force_push: msg_id = 1353914, remain = -61, size = 3
force_push: msg_id = 1353996, remain = -61, size = 3
force_push: msg_id = 1354077, remain = -61, size = 3
force_push: msg_id = 1354158, remain = -61, size = 3
force_push: msg_id = 1354238, remain = -61, size = 3
force_push: msg_id = 1354319, remain = -61, size = 3
force_push: msg_id = 1354403, remain = -61, size = 3
force_push: msg_id = 1354485, remain = -61, size = 3
force_push: msg_id = 1354565, remain = -61, size = 3
force_push: msg_id = 1354647, remain = -61, size = 3
force_push: msg_id = 1354728, remain = -61, size = 3
force_push: msg_id = 1354807, remain = -61, size = 3
force_push: msg_id = 1354888, remain = -61, size = 3
force_push: msg_id = 1354970, remain = -61, size = 3
force_push: msg_id = 1355049, remain = -61, size = 3
force_push: msg_id = 1355132, remain = -61, size = 3
force_push: msg_id = 1355214, remain = -61, size = 3
force_push: msg_id = 1355294, remain = -61, size = 3
force_push: msg_id = 1355375, remain = -61, size = 3
force_push: msg_id = 1355459, remain = -61, size = 3
force_push: msg_id = 1355544, remain = -61, size = 3
force_push: msg_id = 1355629, remain = -61, size = 3
force_push: msg_id = 1355710, remain = -61, size = 3
force_push: msg_id = 1355793, remain = -61, size = 3
force_push: msg_id = 1355879, remain = -61, size = 3
force_push: msg_id = 1355961, remain = -61, size = 3
force_push: msg_id = 1356042, remain = -61, size = 3
force_push: msg_id = 1356127, remain = -61, size = 3
force_push: msg_id = 1356207, remain = -61, size = 3
force_push: msg_id = 1356287, remain = -61, size = 3
force_push: msg_id = 1356367, remain = -61, size = 3
force_push: msg_id = 1356448, remain = -61, size = 3
force_push: msg_id = 1356529, remain = -61, size = 3
force_push: msg_id = 1356609, remain = -61, size = 3
force_push: msg_id = 1356691, remain = -61, size = 3
force_push: msg_id = 1356773, remain = -61, size = 3
force_push: msg_id = 1356856, remain = -61, size = 3
force_push: msg_id = 1356937, remain = -61, size = 3
force_push: msg_id = 1357021, remain = -61, size = 3
force_push: msg_id = 1357102, remain = -61, size = 3
force_push: msg_id = 1357184, remain = -61, size = 3
force_push: msg_id = 1357264, remain = -61, size = 3
force_push: msg_id = 1357345, remain = -61, size = 3
force_push: msg_id = 1357424, remain = -61, size = 3
force_push: msg_id = 1357504, remain = -61, size = 3
force_push: msg_id = 1357588, remain = -61, size = 3
force_push: msg_id = 1357667, remain = -61, size = 3
force_push: msg_id = 1357748, remain = -61, size = 3
force_push: msg_id = 1357830, remain = -61, size = 3
force_push: msg_id = 1357911, remain = -61, size = 3
force_push: msg_id = 1357995, remain = -61, size = 3
force_push: msg_id = 1358076, remain = -61, size = 3
force_push: msg_id = 1358161, remain = -61, size = 3
force_push: msg_id = 1358243, remain = -61, size = 3
force_push: msg_id = 1358326, remain = -61, size = 3
force_push: msg_id = 1358410, remain = -61, size = 3
force_push: msg_id = 1358491, remain = -61, size = 3
force_push: msg_id = 1358572, remain = -61, size = 3
force_push: msg_id = 1358656, remain = -61, size = 3
force_push: msg_id = 1358735, remain = -61, size = 3
force_push: msg_id = 1358817, remain = -61, size = 3
force_push: msg_id = 1358900, remain = -61, size = 3
force_push: msg_id = 1358982, remain = -61, size = 3
force_push: msg_id = 1359065, remain = -61, size = 3
force_push: msg_id = 1359145, remain = -61, size = 3
force_push: msg_id = 1359226, remain = -61, size = 3
force_push: msg_id = 1359306, remain = -61, size = 3
force_push: msg_id = 1359387, remain = -61, size = 3
force_push: msg_id = 1359468, remain = -61, size = 3
force_push: msg_id = 1359549, remain = -61, size = 3
force_push: msg_id = 1359632, remain = -61, s