Read file config.yml
Running executor...
Loaded function exp00_back. lib_load_elasped: 178, func_load_elasped: 1
Loaded function exp00_front. lib_load_elasped: 138, func_load_elasped: 1
chain_length = 2, payload_size = 512, token 17884 us.
chain_length = 2, payload_size = 512, token 10659 us.
chain_length = 2, payload_size = 512, token 2665 us.
chain_length = 2, payload_size = 512, token 170350 us.
chain_length = 2, payload_size = 512, token 11579698 us.
chain_length = 2, payload_size = 512, token 13407264 us.
chain_length = 2, payload_size = 512, token 13548617 us.
chain_length = 2, payload_size = 512, token 15929039 us.
chain_length = 2, payload_size = 512, token 16351242 us.
chain_length = 2, payload_size = 512, token 16977305 us.
chain_length = 2, payload_size = 512, token 24416354 us.
chain_length = 2, payload_size = 512, token 19612025 us.
chain_length = 2, payload_size = 512, token 21325392 us.
chain_length = 2, payload_size = 512, token 19229636 us.
chain_length = 2, payload_size = 512, token 30523329 us.
chain_length = 2, payload_size = 512, token 19405762 us.
chain_length = 2, payload_size = 512, token 17790532 us.
chain_length = 2, payload_size = 512, token 22311545 us.
chain_length = 2, payload_size = 512, token 21584161 us.
chain_length = 2, payload_size = 512, token 29030510 us.
chain_length = 2, payload_size = 512, token 23411189 us.
chain_length = 2, payload_size = 512, token 30630508 us.
chain_length = 2, payload_size = 512, token 33637193 us.
force_push: msg_id = 1340597, remain = 22, size = 64
Send to executer failed.force_push: msg_id = 1341029, remain = -61, size = 3
force_push: msg_id = 1341093, remain = -61, size = 3
force_push: msg_id = 1341176, remain = -61, size = 3
force_push: msg_id = 1341248, remain = -61, size = 3
force_push: msg_id = 1341327, remain = -61, size = 3
force_push: msg_id = 1341397, remain = -61, size = 3
force_push: msg_id = 1341470, remain = -61, size = 3
force_push: msg_id = 1341549, remain = -61, size = 3
force_push: msg_id = 1341629, remain = -61, size = 3
force_push: msg_id = 1341707, remain = -61, size = 3
force_push: msg_id = 1341786, remain = -61, size = 3
force_push: msg_id = 1341865, remain = -61, size = 3
force_push: msg_id = 1341945, remain = -61, size = 3
force_push: msg_id = 1342025, remain = -61, size = 3
force_push: msg_id = 1342105, remain = -61, size = 3
force_push: msg_id = 1342186, remain = -61, size = 3
force_push: msg_id = 1342266, remain = -61, size = 3
force_push: msg_id = 1342346, remain = -61, size = 3
force_push: msg_id = 1342427, remain = -61, size = 3
force_push: msg_id = 1342507, remain = -61, size = 3
force_push: msg_id = 1342587, remain = -61, size = 3
force_push: msg_id = 1342668, remain = -61, size = 3
force_push: msg_id = 1342749, remain = -61, size = 3
force_push: msg_id = 1342827, remain = -61, size = 3
force_push: msg_id = 1342907, remain = -61, size = 3
force_push: msg_id = 1342987, remain = -61, size = 3
force_push: msg_id = 1343067, remain = -61, size = 3
force_push: msg_id = 1343147, remain = -61, size = 3
force_push: msg_id = 1343227, remain = -61, size = 3
force_push: msg_id = 1343307, remain = -61, size = 3
force_push: msg_id = 1343387, remain = -61, size = 3
force_push: msg_id = 1343467, remain = -61, size = 3
force_push: msg_id = 1343548, remain = -61, size = 3
force_push: msg_id = 1343628, remain = -61, size = 3
force_push: msg_id = 1343708, remain = -61, size = 3
force_push: msg_id = 1343787, remain = -61, size = 3
force_push: msg_id = 1343867, remain = -61, size = 3
force_push: msg_id = 1343946, remain = -61, size = 3
force_push: msg_id = 1344026, remain = -61, size = 3
force_push: msg_id = 1344102, remain = -61, size = 3
force_push: msg_id = 1344182, remain = -61, size = 3
force_push: msg_id = 1344262, remain = -61, size = 3
force_push: msg_id = 1344338, remain = -61, size = 3
force_push: msg_id = 1344418, remain = -61, size = 3
force_push: msg_id = 1344498, remain = -61, size = 3
force_push: msg_id = 1344576, remain = -61, size = 3
force_push: msg_id = 1344656, remain = -61, size = 3
force_push: msg_id = 1344736, remain = -61, size = 3
force_push: msg_id = 1344813, remain = -61, size = 3
force_push: msg_id = 1344893, remain = -61, size = 3
force_push: msg_id = 1344971, remain = -61, size = 3
force_push: msg_id = 1345051, remain = -61, size = 3
force_push: msg_id = 1345130, remain = -61, size = 3
force_push: msg_id = 1345209, remain = -61, size = 3
force_push: msg_id = 1345289, remain = -61, size = 3
force_push: msg_id = 1345367, remain = -61, size = 3
force_push: msg_id = 1345447, remain = -61, size = 3
force_push: msg_id = 1345527, remain = -61, size = 3
force_push: msg_id = 1345607, remain = -61, size = 3
force_push: msg_id = 1345687, remain = -61, size = 3
force_push: msg_id = 1345766, remain = -61, size = 3
force_push: msg_id = 1345845, remain = -61, size = 3
force_push: msg_id = 1345925, remain = -61, size = 3
force_push: msg_id = 1346004, remain = -61, size = 3
force_push: msg_id = 1346082, remain = -61, size = 3
force_push: msg_id = 1346162, remain = -61, size = 3
force_push: msg_id = 1346242, remain = -61, size = 3
force_push: msg_id = 1346322, remain = -61, size = 3
force_push: msg_id = 1346402, remain = -61, size = 3
force_push: msg_id = 1346482, remain = -61, size = 3
force_push: msg_id = 1346562, remain = -61, size = 3
force_push: msg_id = 1346642, remain = -61, size = 3
force_push: msg_id = 1346722, remain = -61, size = 3
force_push: msg_id = 1346802, remain = -61, size = 3
force_push: msg_id = 1346882, remain = -61, size = 3
force_push: msg_id = 1346962, remain = -61, size = 3
force_push: msg_id = 1347042, remain = -61, size = 3
force_push: msg_id = 1347120, remain = -61, size = 3
force_push: msg_id = 1347199, remain = -61, size = 3
force_push: msg_id = 1347276, remain = -61, size = 3
force_push: msg_id = 1347356, remain = -61, size = 3
force_push: msg_id = 1347435, remain = -61, size = 3
force_push: msg_id = 1347515, remain = -61, size = 3
force_push: msg_id = 1347595, remain = -61, size = 3
force_push: msg_id = 1347673, remain = -61, size = 3
force_push: msg_id = 1347752, remain = -61, size = 3
force_push: msg_id = 1347830, remain = -61, size = 3
force_push: msg_id = 1347910, remain = -61, size = 3
force_push: msg_id = 1347990, remain = -61, size = 3
force_push: msg_id = 1348070, remain = -61, size = 3
force_push: msg_id = 1348150, remain = -61, size = 3
force_push: msg_id = 1348230, remain = -61, size = 3
force_push: msg_id = 1348310, remain = -61, size = 3
force_push: msg_id = 1348388, remain = -61, size = 3
force_push: msg_id = 1348468, remain = -61, size = 3
force_push: msg_id = 1348549, remain = -61, size = 3
force_push: msg_id = 1348628, remain = -61, size = 3
force_push: msg_id = 1348707, remain = -61, size = 3
force_push: msg_id = 1348787, remain = -61, size = 3
force_push: msg_id = 1348867, remain = -61, size = 3
force_push: msg_id = 1348946, remain = -61, size = 3
force_push: msg_id = 1349025, remain = -61, size = 3
force_push: msg_id = 1349105, remain = -61, size = 3
force_push: msg_id = 1349185, remain = -61, size = 3
force_push: msg_id = 1349263, remain = -61, size = 3
force_push: msg_id = 1349343, remain = -61, size = 3
force_push: msg_id = 1349423, remain = -61, size = 3
force_push: msg_id = 1349503, remain = -61, size = 3
force_push: msg_id = 1349586, remain = -61, size = 3
force_push: msg_id = 1349668, remain = -61, size = 3
force_push: msg_id = 1349749, remain = -61, size = 3
force_push: msg_id = 1349829, remain = -61, size = 3
force_push: msg_id = 1349911, remain = -61, size = 3
force_push: msg_id = 1349993, remain = -61, size = 3
force_push: msg_id = 1350073, remain = -61, size = 3
force_push: msg_id = 1350154, remain = -61, size = 3
force_push: msg_id = 1350236, remain = -61, size = 3
force_push: msg_id = 1350318, remain = -61, size = 3
force_push: msg_id = 1350399, remain = -61, size = 3
force_push: msg_id = 1350478, remain = -61, size = 3
force_push: msg_id = 1350558, remain = -61, size = 3
force_push: msg_id = 1350639, remain = -61, size = 3
force_push: msg_id = 1350718, remain = -61, size = 3
force_push: msg_id = 1350798, remain = -61, size = 3
force_push: msg_id = 1350876, remain = -61, size = 3
force_push: msg_id = 1350956, remain = -61, size = 3
force_push: msg_id = 1351037, remain = -61, size = 3
force_push: msg_id = 1351120, remain = -61, size = 3
force_push: msg_id = 1351202, remain = -61, size = 3
force_push: msg_id = 1351283, remain = -61, size = 3
force_push: msg_id = 1351364, remain = -61, size = 3
force_push: msg_id = 1351444, remain = -61, size = 3
force_push: msg_id = 1351525, remain = -61, size = 3
force_push: msg_id = 1351605, remain = -61, size = 3
force_push: msg_id = 1351685, remain = -61, size = 3
force_push: msg_id = 1351765, remain = -61, size = 3
force_push: msg_id = 1351846, remain = -61, size = 3
force_push: msg_id = 1351928, remain = -61, size = 3
force_push: msg_id = 1352009, remain = -61, size = 3
force_push: msg_id = 1352089, remain = -61, size = 3
force_push: msg_id = 1352171, remain = -61, size = 3
force_push: msg_id = 1352252, remain = -61, size = 3
force_push: msg_id = 1352333, remain = -61, size = 3
force_push: msg_id = 1352412, remain = -61, size = 3
force_push: msg_id = 1352492, remain = -61, size = 3
force_push: msg_id = 1352575, remain = -61, size = 3
force_push: msg_id = 1352659, remain = -61, size = 3
force_push: msg_id = 1352740, remain = -61, size = 3
force_push: msg_id = 1352818, remain = -61, size = 3
force_push: msg_id = 1352900, remain = -61, size = 3
force_push: msg_id = 1352982, remain = -61, size = 3
force_push: msg_id = 1353065, remain = -61, size = 3
force_push: msg_id = 1353143, remain = -61, size = 3
force_push: msg_id = 1353227, remain = -61, size = 3
force_push: msg_id = 1353308, remain = -61, size = 3
force_push: msg_id = 1353389, remain = -61, size = 3
force_push: msg_id = 1353469, remain = -61, size = 3
force_push: msg_id = 1353552, remain = -61, size = 3
force_push: msg_id = 1353638, remain = -61, size = 3
force_push: msg_id = 1353722, remain = -61, size = 3
force_push: msg_id = 1353806, remain = -61, size = 3
force_push: msg_id = 1353889, remain = -61, size = 3
force_push: msg_id = 1353968, remain = -61, size = 3
force_push: msg_id = 1354051, remain = -61, size = 3
force_push: msg_id = 1354135, remain = -61, size = 3
force_push: msg_id = 1354215, remain = -61, size = 3
force_push: msg_id = 1354299, remain = -61, size = 3
force_push: msg_id = 1354380, remain = -61, size = 3
force_push: msg_id = 1354464, remain = -61, size = 3
force_push: msg_id = 1354547, remain = -61, size = 3
force_push: msg_id = 1354628, remain = -61, size = 3
force_push: msg_id = 1354709, remain = -61, size = 3
force_push: msg_id = 1354789, remain = -61, size = 3
force_push: msg_id = 1354870, remain = -61, size = 3
force_push: msg_id = 1354952, remain = -61, size = 3
force_push: msg_id = 1355036, remain = -61, size = 3
force_push: msg_id = 1355117, remain = -61, size = 3
force_push: msg_id = 1355197, remain = -61, size = 3
force_push: msg_id = 1355277, remain = -61, size = 3
force_push: msg_id = 1355359, remain = -61, size = 3
force_push: msg_id = 1355444, remain = -61, size = 3
force_push: msg_id = 1355519, remain = -61, size = 3
force_push: msg_id = 1355599, remain = -61, size = 3
force_push: msg_id = 1355681, remain = -61, size = 3
force_push: msg_id = 1355762, remain = -61, size = 3
force_push: msg_id = 1355841, remain = -61, size = 3
force_push: msg_id = 1355924, remain = -61, size = 3
force_push: msg_id = 1356008, remain = -61, size = 3
force_push: msg_id = 1356091, remain = -61, size = 3
force_push: msg_id = 1356171, remain = -61, size = 3
force_push: msg_id = 1356252, remain = -61, size = 3
force_push: msg_id = 1356329, remain = -61, size = 3
force_push: msg_id = 1356405, remain = -61, size = 3
force_push: msg_id = 1356484, remain = -61, size = 3
force_push: msg_id = 1356561, remain = -61, size = 3
force_push: msg_id = 1356641, remain = -61, size = 3
force_push: msg_id = 1356719, remain = -61, size = 3
force_push: msg_id = 1356798, remain = -61, size = 3
force_push: msg_id = 1356878, remain = -61, size = 3
force_push: msg_id = 1356958, remain = -61, size = 3
force_push: msg_id = 1357034, remain = -61, size = 3
force_push: msg_id = 1357113, remain = -61, size = 3
force_push: msg_id = 1357192, remain = -61, size = 3
force_push: msg_id = 1357269, remain = -61, size = 3
force_push: msg_id = 1357349, remain = -61, size = 3
force_push: msg_id = 1357429, remain = -61, size = 3
force_push: msg_id = 1357509, remain = -61, size = 3
force_push: msg_id = 1357589, remain = -61, size = 3
force_push: msg_id = 1357669, remain = -61, size = 3
force_push: msg_id = 1357747, remain = -61, size = 3
force_push: msg_id = 1357827, remain = -61, size = 3
force_push: msg_id = 1357907, remain = -61, size = 3
force_push: msg_id = 1357985, remain = -61, size = 3
force_push: msg_id = 1358065, remain = -61, size = 3
force_push: msg_id = 1358145, remain = -61, size = 3
force_push: msg_id = 1358225, remain = -61, size = 3
force_push: msg_id = 1358304, remain = -61, size = 3
force_push: msg_id = 1358382, remain = -61, size = 3
force_push: msg_id = 1358461, remain = -61, size = 3
force_push: msg_id = 1358537, remain = -61, size = 3
force_push: msg_id = 1358615, remain = -61, size = 3
force_push: msg_id = 1358693, remain = -61, size = 3
force_push: msg_id = 1358773, remain = -61, size = 3
force_push: msg_id = 1358855, remain = -61, size = 3
force_push: msg_id = 1358936, remain = -61, size = 3
force_push: msg_id = 1359015, remain = -61, size = 3
force_push: msg_id = 1359094, remain = -61, size = 3
force_push: msg_id = 1359174, remain = -61, size = 3
force_push: msg_id = 1359252, remain = -61, size = 3
force_push: msg_id = 1359332, remain = -61, size = 3
force_push: msg_id = 1359412, remain = -61, size = 3
force_push: msg_id = 1359492, remain = -61, s