Read file config.yml
Running executor...
Loaded function exp00_front. lib_load_elasped: 123, func_load_elasped: 2
Loaded function exp00_back. lib_load_elasped: 137, func_load_elasped: 3
chain_length = 2, payload_size = 512, token 14189 us.
chain_length = 2, payload_size = 512, token 19479 us.
chain_length = 2, payload_size = 512, token 4036913 us.
chain_length = 2, payload_size = 512, token 17728290 us.
chain_length = 2, payload_size = 512, token 19173793 us.
chain_length = 2, payload_size = 512, token 25113231 us.
chain_length = 2, payload_size = 512, token 24091982 us.
chain_length = 2, payload_size = 512, token 26855345 us.
chain_length = 2, payload_size = 512, token 29214832 us.
chain_length = 2, payload_size = 512, token 25408781 us.
chain_length = 2, payload_size = 512, token 31130262 us.
force_push: msg_id = 1340955, remain = -61, size = 3
force_push: msg_id = 1340984, remain = -61, size = 3
force_push: msg_id = 1341065, remain = -61, size = 3
force_push: msg_id = 1341138, remain = -61, size = 3
force_push: msg_id = 1341214, remain = -61, size = 3
force_push: msg_id = 1341293, remain = -61, size = 3
force_push: msg_id = 1341373, remain = -61, size = 3
force_push: msg_id = 1341453, remain = -61, size = 3
force_push: msg_id = 1341533, remain = -61, size = 3
force_push: msg_id = 1341615, remain = -61, size = 3
force_push: msg_id = 1341695, remain = -61, size = 3
force_push: msg_id = 1341774, remain = -61, size = 3
force_push: msg_id = 1341854, remain = -61, size = 3
force_push: msg_id = 1341934, remain = -61, size = 3
force_push: msg_id = 1342014, remain = -61, size = 3
force_push: msg_id = 1342093, remain = -61, size = 3
force_push: msg_id = 1342172, remain = -61, size = 3
force_push: msg_id = 1342252, remain = -61, size = 3
force_push: msg_id = 1342335, remain = -61, size = 3
force_push: msg_id = 1342413, remain = -61, size = 3
force_push: msg_id = 1342496, remain = -61, size = 3
force_push: msg_id = 1342581, remain = -61, size = 3
force_push: msg_id = 1342663, remain = -61, size = 3
force_push: msg_id = 1342746, remain = -61, size = 3
force_push: msg_id = 1342828, remain = -61, size = 3
force_push: msg_id = 1342911, remain = -61, size = 3
force_push: msg_id = 1342992, remain = -61, size = 3
force_push: msg_id = 1343074, remain = -61, size = 3
force_push: msg_id = 1343154, remain = -61, size = 3
force_push: msg_id = 1343237, remain = -61, size = 3
force_push: msg_id = 1343317, remain = -61, size = 3
force_push: msg_id = 1343397, remain = -61, size = 3
force_push: msg_id = 1343478, remain = -61, size = 3
force_push: msg_id = 1343559, remain = -61, size = 3
force_push: msg_id = 1343640, remain = -61, size = 3
force_push: msg_id = 1343720, remain = -61, size = 3
force_push: msg_id = 1343801, remain = -61, size = 3
force_push: msg_id = 1343883, remain = -61, size = 3
force_push: msg_id = 1343967, remain = -61, size = 3
force_push: msg_id = 1344048, remain = -61, size = 3
force_push: msg_id = 1344129, remain = -61, size = 3
force_push: msg_id = 1344209, remain = -61, size = 3
force_push: msg_id = 1344289, remain = -61, size = 3
force_push: msg_id = 1344369, remain = -61, size = 3
force_push: msg_id = 1344451, remain = -61, size = 3
force_push: msg_id = 1344531, remain = -61, size = 3
force_push: msg_id = 1344611, remain = -61, size = 3
force_push: msg_id = 1344691, remain = -61, size = 3
force_push: msg_id = 1344771, remain = -61, size = 3
force_push: msg_id = 1344851, remain = -61, size = 3
force_push: msg_id = 1344932, remain = -61, size = 3
force_push: msg_id = 1345013, remain = -61, size = 3
force_push: msg_id = 1345094, remain = -61, size = 3
force_push: msg_id = 1345174, remain = -61, size = 3
force_push: msg_id = 1345257, remain = -61, size = 3
force_push: msg_id = 1345341, remain = -61, size = 3
force_push: msg_id = 1345421, remain = -61, size = 3
force_push: msg_id = 1345501, remain = -61, size = 3
force_push: msg_id = 1345582, remain = -61, size = 3
force_push: msg_id = 1345663, remain = -61, size = 3
force_push: msg_id = 1345746, remain = -61, size = 3
force_push: msg_id = 1345831, remain = -61, size = 3
force_push: msg_id = 1345915, remain = -61, size = 3
force_push: msg_id = 1346000, remain = -61, size = 3
force_push: msg_id = 1346084, remain = -61, size = 3
force_push: msg_id = 1346165, remain = -61, size = 3
force_push: msg_id = 1346247, remain = -61, size = 3
force_push: msg_id = 1346332, remain = -61, size = 3
force_push: msg_id = 1346414, remain = -61, size = 3
force_push: msg_id = 1346496, remain = -61, size = 3
force_push: msg_id = 1346579, remain = -61, size = 3
force_push: msg_id = 1346658, remain = -61, size = 3
force_push: msg_id = 1346739, remain = -61, size = 3
force_push: msg_id = 1346821, remain = -61, size = 3
force_push: msg_id = 1346901, remain = -61, size = 3
force_push: msg_id = 1346981, remain = -61, size = 3
force_push: msg_id = 1347061, remain = -61, size = 3
force_push: msg_id = 1347143, remain = -61, size = 3
force_push: msg_id = 1347227, remain = -61, size = 3
force_push: msg_id = 1347307, remain = -61, size = 3
force_push: msg_id = 1347389, remain = -61, size = 3
force_push: msg_id = 1347469, remain = -61, size = 3
force_push: msg_id = 1347548, remain = -61, size = 3
force_push: msg_id = 1347629, remain = -61, size = 3
force_push: msg_id = 1347713, remain = -61, size = 3
force_push: msg_id = 1347796, remain = -61, size = 3
force_push: msg_id = 1347876, remain = -61, size = 3
force_push: msg_id = 1347959, remain = -61, size = 3
force_push: msg_id = 1348039, remain = -61, size = 3
force_push: msg_id = 1348122, remain = -61, size = 3
force_push: msg_id = 1348202, remain = -61, size = 3
force_push: msg_id = 1348283, remain = -61, size = 3
force_push: msg_id = 1348364, remain = -61, size = 3
force_push: msg_id = 1348444, remain = -61, size = 3
force_push: msg_id = 1348524, remain = -61, size = 3
force_push: msg_id = 1348607, remain = -61, size = 3
force_push: msg_id = 1348687, remain = -61, size = 3
force_push: msg_id = 1348769, remain = -61, size = 3
force_push: msg_id = 1348850, remain = -61, size = 3
force_push: msg_id = 1348934, remain = -61, size = 3
force_push: msg_id = 1349015, remain = -61, size = 3
force_push: msg_id = 1349096, remain = -61, size = 3
force_push: msg_id = 1349182, remain = -61, size = 3
force_push: msg_id = 1349264, remain = -61, size = 3
force_push: msg_id = 1349349, remain = -61, size = 3
force_push: msg_id = 1349432, remain = -61, size = 3
force_push: msg_id = 1349515, remain = -61, size = 3
force_push: msg_id = 1349598, remain = -61, size = 3
force_push: msg_id = 1349681, remain = -61, size = 3
force_push: msg_id = 1349763, remain = -61, size = 3
force_push: msg_id = 1349845, remain = -61, size = 3
force_push: msg_id = 1349926, remain = -61, size = 3
force_push: msg_id = 1350006, remain = -61, size = 3
force_push: msg_id = 1350088, remain = -61, size = 3
force_push: msg_id = 1350171, remain = -61, size = 3
force_push: msg_id = 1350254, remain = -61, size = 3
force_push: msg_id = 1350336, remain = -61, size = 3
force_push: msg_id = 1350416, remain = -61, size = 3
force_push: msg_id = 1350497, remain = -61, size = 3
force_push: msg_id = 1350577, remain = -61, size = 3
force_push: msg_id = 1350658, remain = -61, size = 3
force_push: msg_id = 1350741, remain = -61, size = 3
force_push: msg_id = 1350824, remain = -61, size = 3
force_push: msg_id = 1350904, remain = -61, size = 3
force_push: msg_id = 1350985, remain = -61, size = 3
force_push: msg_id = 1351067, remain = -61, size = 3
force_push: msg_id = 1351148, remain = -61, size = 3
force_push: msg_id = 1351227, remain = -61, size = 3
force_push: msg_id = 1351309, remain = -61, size = 3
force_push: msg_id = 1351389, remain = -61, size = 3
force_push: msg_id = 1351473, remain = -61, size = 3
force_push: msg_id = 1351555, remain = -61, size = 3
force_push: msg_id = 1351636, remain = -61, size = 3
force_push: msg_id = 1351720, remain = -61, size = 3
force_push: msg_id = 1351799, remain = -61, size = 3
force_push: msg_id = 1351880, remain = -61, size = 3
force_push: msg_id = 1351964, remain = -61, size = 3
force_push: msg_id = 1352045, remain = -61, size = 3
force_push: msg_id = 1352130, remain = -61, size = 3
force_push: msg_id = 1352214, remain = -61, size = 3
force_push: msg_id = 1352295, remain = -61, size = 3
force_push: msg_id = 1352379, remain = -61, size = 3
force_push: msg_id = 1352463, remain = -61, size = 3
force_push: msg_id = 1352545, remain = -61, size = 3
force_push: msg_id = 1352627, remain = -61, size = 3
force_push: msg_id = 1352710, remain = -61, size = 3
force_push: msg_id = 1352790, remain = -61, size = 3
force_push: msg_id = 1352874, remain = -61, size = 3
force_push: msg_id = 1352956, remain = -61, size = 3
force_push: msg_id = 1353036, remain = -61, size = 3
force_push: msg_id = 1353116, remain = -61, size = 3
force_push: msg_id = 1353198, remain = -61, size = 3
force_push: msg_id = 1353279, remain = -61, size = 3
force_push: msg_id = 1353359, remain = -61, size = 3
force_push: msg_id = 1353440, remain = -61, size = 3
force_push: msg_id = 1353520, remain = -61, size = 3
force_push: msg_id = 1353604, remain = -61, size = 3
force_push: msg_id = 1353683, remain = -61, size = 3
force_push: msg_id = 1353766, remain = -61, size = 3
force_push: msg_id = 1353847, remain = -61, size = 3
force_push: msg_id = 1353929, remain = -61, size = 3
force_push: msg_id = 1354009, remain = -61, size = 3
force_push: msg_id = 1354091, remain = -61, size = 3
force_push: msg_id = 1354172, remain = -61, size = 3
force_push: msg_id = 1354254, remain = -61, size = 3
force_push: msg_id = 1354335, remain = -61, size = 3
force_push: msg_id = 1354418, remain = -61, size = 3
force_push: msg_id = 1354498, remain = -61, size = 3
force_push: msg_id = 1354578, remain = -61, size = 3
force_push: msg_id = 1354661, remain = -61, size = 3
force_push: msg_id = 1354743, remain = -61, size = 3
force_push: msg_id = 1354827, remain = -61, size = 3
force_push: msg_id = 1354911, remain = -61, size = 3
force_push: msg_id = 1354992, remain = -61, size = 3
force_push: msg_id = 1355075, remain = -61, size = 3
force_push: msg_id = 1355158, remain = -61, size = 3
force_push: msg_id = 1355242, remain = -61, size = 3
force_push: msg_id = 1355324, remain = -61, size = 3
force_push: msg_id = 1355406, remain = -61, size = 3
force_push: msg_id = 1355489, remain = -61, size = 3
force_push: msg_id = 1355570, remain = -61, size = 3
force_push: msg_id = 1355650, remain = -61, size = 3
force_push: msg_id = 1355730, remain = -61, size = 3
force_push: msg_id = 1355813, remain = -61, size = 3
force_push: msg_id = 1355892, remain = -61, size = 3
force_push: msg_id = 1355976, remain = -61, size = 3
force_push: msg_id = 1356057, remain = -61, size = 3
force_push: msg_id = 1356139, remain = -61, size = 3
force_push: msg_id = 1356220, remain = -61, size = 3
force_push: msg_id = 1356301, remain = -61, size = 3
force_push: msg_id = 1356385, remain = -61, size = 3
force_push: msg_id = 1356466, remain = -61, size = 3
force_push: msg_id = 1356546, remain = -61, size = 3
force_push: msg_id = 1356626, remain = -61, size = 3
force_push: msg_id = 1356706, remain = -61, size = 3
force_push: msg_id = 1356786, remain = -61, size = 3
force_push: msg_id = 1356867, remain = -61, size = 3
force_push: msg_id = 1356946, remain = -61, size = 3
force_push: msg_id = 1357028, remain = -61, size = 3
force_push: msg_id = 1357108, remain = -61, size = 3
force_push: msg_id = 1357190, remain = -61, size = 3
force_push: msg_id = 1357272, remain = -61, size = 3
force_push: msg_id = 1357352, remain = -61, size = 3
force_push: msg_id = 1357435, remain = -61, size = 3
force_push: msg_id = 1357518, remain = -61, size = 3
force_push: msg_id = 1357600, remain = -61, size = 3
force_push: msg_id = 1357681, remain = -61, size = 3
force_push: msg_id = 1357763, remain = -61, size = 3
force_push: msg_id = 1357850, remain = -61, size = 3
force_push: msg_id = 1357933, remain = -61, size = 3
force_push: msg_id = 1358014, remain = -61, size = 3
force_push: msg_id = 1358096, remain = -61, size = 3
force_push: msg_id = 1358179, remain = -61, size = 3
force_push: msg_id = 1358261, remain = -61, size = 3
force_push: msg_id = 1358344, remain = -61, size = 3
force_push: msg_id = 1358426, remain = -61, size = 3
force_push: msg_id = 1358507, remain = -61, size = 3
force_push: msg_id = 1358588, remain = -61, size = 3
force_push: msg_id = 1358670, remain = -61, size = 3
force_push: msg_id = 1358750, remain = -61, size = 3
force_push: msg_id = 1358830, remain = -61, size = 3
force_push: msg_id = 1358911, remain = -61, size = 3
force_push: msg_id = 1358992, remain = -61, size = 3
force_push: msg_id = 1359072, remain = -61, size = 3
force_push: msg_id = 1359154, remain = -61, size = 3
force_push: msg_id = 1359234, remain = -61, size = 3
force_push: msg_id = 1359318, remain = -61, size = 3
force_push: msg_id = 1359399, remain = -61, size = 3
force_push: msg_id = 1359481, remain = -61, size = 3
force_push: msg_id = 1359562, remain = -61, size = 3
force_push: msg_id = 1359641, remain = -61, size = 3
force_push: msg_id = 1359723, remain = -61, s