Read file config.yml
Running executor...
Loaded function exp00_back. lib_load_elasped: 151, func_load_elasped: 2
Loaded function exp00_front. lib_load_elasped: 138, func_load_elasped: 1
chain_length = 2, payload_size = 512, token 224750 us.
chain_length = 2, payload_size = 512, token 11042607 us.
chain_length = 2, payload_size = 512, token 20406581 us.
chain_length = 2, payload_size = 512, token 22895947 us.
chain_length = 2, payload_size = 512, token 22189269 us.
chain_length = 2, payload_size = 512, token 22866776 us.
chain_length = 2, payload_size = 512, token 17127403 us.
chain_length = 2, payload_size = 512, token 26780515 us.
chain_length = 2, payload_size = 512, token 20264674 us.
chain_length = 2, payload_size = 512, token 31075648 us.
chain_length = 2, payload_size = 512, token 33328053 us.
chain_length = 2, payload_size = 512, token 35156389 us.
force_push: msg_id = 1340895, remain = 24, size = 64
Send to executer failed.force_push: msg_id = 1340972, remain = -61, size = 3
force_push: msg_id = 1341063, remain = -61, size = 3
force_push: msg_id = 1341157, remain = -61, size = 3
force_push: msg_id = 1341232, remain = -61, size = 3
force_push: msg_id = 1341319, remain = -61, size = 3
force_push: msg_id = 1341410, remain = -61, size = 3
force_push: msg_id = 1341493, remain = -61, size = 3
force_push: msg_id = 1341571, remain = -61, size = 3
force_push: msg_id = 1341652, remain = -61, size = 3
force_push: msg_id = 1341735, remain = -61, size = 3
force_push: msg_id = 1341817, remain = -61, size = 3
force_push: msg_id = 1341892, remain = -61, size = 3
force_push: msg_id = 1341974, remain = -61, size = 3
force_push: msg_id = 1342057, remain = -61, size = 3
force_push: msg_id = 1342137, remain = -61, size = 3
force_push: msg_id = 1342217, remain = -61, size = 3
force_push: msg_id = 1342299, remain = -61, size = 3
force_push: msg_id = 1342384, remain = -61, size = 3
force_push: msg_id = 1342464, remain = -61, size = 3
force_push: msg_id = 1342544, remain = -61, size = 3
force_push: msg_id = 1342627, remain = -61, size = 3
force_push: msg_id = 1342705, remain = -61, size = 3
force_push: msg_id = 1342785, remain = -61, size = 3
force_push: msg_id = 1342869, remain = -61, size = 3
force_push: msg_id = 1342947, remain = -61, size = 3
force_push: msg_id = 1343027, remain = -61, size = 3
force_push: msg_id = 1343110, remain = -61, size = 3
force_push: msg_id = 1343191, remain = -61, size = 3
force_push: msg_id = 1343268, remain = -61, size = 3
force_push: msg_id = 1343347, remain = -61, size = 3
force_push: msg_id = 1343426, remain = -61, size = 3
force_push: msg_id = 1343507, remain = -61, size = 3
force_push: msg_id = 1343584, remain = -61, size = 3
force_push: msg_id = 1343660, remain = -61, size = 3
force_push: msg_id = 1343740, remain = -61, size = 3
force_push: msg_id = 1343821, remain = -61, size = 3
force_push: msg_id = 1343902, remain = -61, size = 3
force_push: msg_id = 1343981, remain = -61, size = 3
force_push: msg_id = 1344064, remain = -61, size = 3
force_push: msg_id = 1344147, remain = -61, size = 3
force_push: msg_id = 1344228, remain = -61, size = 3
force_push: msg_id = 1344310, remain = -61, size = 3
force_push: msg_id = 1344393, remain = -61, size = 3
force_push: msg_id = 1344472, remain = -61, size = 3
force_push: msg_id = 1344558, remain = -61, size = 3
force_push: msg_id = 1344645, remain = -61, size = 3
force_push: msg_id = 1344729, remain = -61, size = 3
force_push: msg_id = 1344812, remain = -61, size = 3
force_push: msg_id = 1344894, remain = -61, size = 3
force_push: msg_id = 1344974, remain = -61, size = 3
force_push: msg_id = 1345058, remain = -61, size = 3
force_push: msg_id = 1345139, remain = -61, size = 3
force_push: msg_id = 1345221, remain = -61, size = 3
force_push: msg_id = 1345304, remain = -61, size = 3
force_push: msg_id = 1345387, remain = -61, size = 3
force_push: msg_id = 1345468, remain = -61, size = 3
force_push: msg_id = 1345549, remain = -61, size = 3
force_push: msg_id = 1345629, remain = -61, size = 3
force_push: msg_id = 1345710, remain = -61, size = 3
force_push: msg_id = 1345789, remain = -61, size = 3
force_push: msg_id = 1345871, remain = -61, size = 3
force_push: msg_id = 1345955, remain = -61, size = 3
force_push: msg_id = 1346036, remain = -61, size = 3
force_push: msg_id = 1346118, remain = -61, size = 3
force_push: msg_id = 1346198, remain = -61, size = 3
force_push: msg_id = 1346276, remain = -61, size = 3
force_push: msg_id = 1346359, remain = -61, size = 3
force_push: msg_id = 1346441, remain = -61, size = 3
force_push: msg_id = 1346521, remain = -61, size = 3
force_push: msg_id = 1346604, remain = -61, size = 3
force_push: msg_id = 1346687, remain = -61, size = 3
force_push: msg_id = 1346766, remain = -61, size = 3
force_push: msg_id = 1346848, remain = -61, size = 3
force_push: msg_id = 1346929, remain = -61, size = 3
force_push: msg_id = 1347009, remain = -61, size = 3
force_push: msg_id = 1347090, remain = -61, size = 3
force_push: msg_id = 1347173, remain = -61, size = 3
force_push: msg_id = 1347253, remain = -61, size = 3
force_push: msg_id = 1347335, remain = -61, size = 3
force_push: msg_id = 1347415, remain = -61, size = 3
force_push: msg_id = 1347497, remain = -61, size = 3
force_push: msg_id = 1347580, remain = -61, size = 3
force_push: msg_id = 1347666, remain = -61, size = 3
force_push: msg_id = 1347750, remain = -61, size = 3
force_push: msg_id = 1347834, remain = -61, size = 3
force_push: msg_id = 1347917, remain = -61, size = 3
force_push: msg_id = 1347998, remain = -61, size = 3
force_push: msg_id = 1348084, remain = -61, size = 3
force_push: msg_id = 1348164, remain = -61, size = 3
force_push: msg_id = 1348247, remain = -61, size = 3
force_push: msg_id = 1348329, remain = -61, size = 3
force_push: msg_id = 1348409, remain = -61, size = 3
force_push: msg_id = 1348490, remain = -61, size = 3
force_push: msg_id = 1348571, remain = -61, size = 3
force_push: msg_id = 1348651, remain = -61, size = 3
force_push: msg_id = 1348732, remain = -61, size = 3
force_push: msg_id = 1348814, remain = -61, size = 3
force_push: msg_id = 1348896, remain = -61, size = 3
force_push: msg_id = 1348978, remain = -61, size = 3
force_push: msg_id = 1349060, remain = -61, size = 3
force_push: msg_id = 1349141, remain = -61, size = 3
force_push: msg_id = 1349221, remain = -61, size = 3
force_push: msg_id = 1349301, remain = -61, size = 3
force_push: msg_id = 1349384, remain = -61, size = 3
force_push: msg_id = 1349465, remain = -61, size = 3
force_push: msg_id = 1349547, remain = -61, size = 3
force_push: msg_id = 1349628, remain = -61, size = 3
force_push: msg_id = 1349709, remain = -61, size = 3
force_push: msg_id = 1349791, remain = -61, size = 3
force_push: msg_id = 1349871, remain = -61, size = 3
force_push: msg_id = 1349952, remain = -61, size = 3
force_push: msg_id = 1350032, remain = -61, size = 3
force_push: msg_id = 1350116, remain = -61, size = 3
force_push: msg_id = 1350196, remain = -61, size = 3
force_push: msg_id = 1350279, remain = -61, size = 3
force_push: msg_id = 1350362, remain = -61, size = 3
force_push: msg_id = 1350442, remain = -61, size = 3
force_push: msg_id = 1350524, remain = -61, size = 3
force_push: msg_id = 1350603, remain = -61, size = 3
force_push: msg_id = 1350686, remain = -61, size = 3
force_push: msg_id = 1350770, remain = -61, size = 3
force_push: msg_id = 1350856, remain = -61, size = 3
force_push: msg_id = 1350937, remain = -61, size = 3
force_push: msg_id = 1351019, remain = -61, size = 3
force_push: msg_id = 1351101, remain = -61, size = 3
force_push: msg_id = 1351181, remain = -61, size = 3
force_push: msg_id = 1351264, remain = -61, size = 3
force_push: msg_id = 1351348, remain = -61, size = 3
force_push: msg_id = 1351430, remain = -61, size = 3
force_push: msg_id = 1351511, remain = -61, size = 3
force_push: msg_id = 1351594, remain = -61, size = 3
force_push: msg_id = 1351676, remain = -61, size = 3
force_push: msg_id = 1351758, remain = -61, size = 3
force_push: msg_id = 1351840, remain = -61, size = 3
force_push: msg_id = 1351919, remain = -61, size = 3
force_push: msg_id = 1352003, remain = -61, size = 3
force_push: msg_id = 1352084, remain = -61, size = 3
force_push: msg_id = 1352166, remain = -61, size = 3
force_push: msg_id = 1352245, remain = -61, size = 3
force_push: msg_id = 1352327, remain = -61, size = 3
force_push: msg_id = 1352408, remain = -61, size = 3
force_push: msg_id = 1352489, remain = -61, size = 3
force_push: msg_id = 1352570, remain = -61, size = 3
force_push: msg_id = 1352654, remain = -61, size = 3
force_push: msg_id = 1352736, remain = -61, size = 3
force_push: msg_id = 1352821, remain = -61, size = 3
force_push: msg_id = 1352898, remain = -61, size = 3
force_push: msg_id = 1352981, remain = -61, size = 3
force_push: msg_id = 1353063, remain = -61, size = 3
force_push: msg_id = 1353141, remain = -61, size = 3
force_push: msg_id = 1353225, remain = -61, size = 3
force_push: msg_id = 1353306, remain = -61, size = 3
force_push: msg_id = 1353388, remain = -61, size = 3
force_push: msg_id = 1353468, remain = -61, size = 3
force_push: msg_id = 1353551, remain = -61, size = 3
force_push: msg_id = 1353634, remain = -61, size = 3
force_push: msg_id = 1353723, remain = -61, size = 3
force_push: msg_id = 1353803, remain = -61, size = 3
force_push: msg_id = 1353887, remain = -61, size = 3
force_push: msg_id = 1353966, remain = -61, size = 3
force_push: msg_id = 1354049, remain = -61, size = 3
force_push: msg_id = 1354134, remain = -61, size = 3
force_push: msg_id = 1354213, remain = -61, size = 3
force_push: msg_id = 1354294, remain = -61, size = 3
force_push: msg_id = 1354377, remain = -61, size = 3
force_push: msg_id = 1354457, remain = -61, size = 3
force_push: msg_id = 1354539, remain = -61, size = 3
force_push: msg_id = 1354622, remain = -61, size = 3
force_push: msg_id = 1354704, remain = -61, size = 3
force_push: msg_id = 1354784, remain = -61, size = 3
force_push: msg_id = 1354864, remain = -61, size = 3
force_push: msg_id = 1354946, remain = -61, size = 3
force_push: msg_id = 1355026, remain = -61, size = 3
force_push: msg_id = 1355108, remain = -61, size = 3
force_push: msg_id = 1355192, remain = -61, size = 3
force_push: msg_id = 1355275, remain = -61, size = 3
force_push: msg_id = 1355357, remain = -61, size = 3
force_push: msg_id = 1355435, remain = -61, size = 3
force_push: msg_id = 1355517, remain = -61, size = 3
force_push: msg_id = 1355597, remain = -61, size = 3
force_push: msg_id = 1355678, remain = -61, size = 3
force_push: msg_id = 1355758, remain = -61, size = 3
force_push: msg_id = 1355839, remain = -61, size = 3
force_push: msg_id = 1355921, remain = -61, size = 3
force_push: msg_id = 1356001, remain = -61, size = 3
force_push: msg_id = 1356084, remain = -61, size = 3
force_push: msg_id = 1356166, remain = -61, size = 3
force_push: msg_id = 1356247, remain = -61, size = 3
force_push: msg_id = 1356327, remain = -61, size = 3
force_push: msg_id = 1356414, remain = -61, size = 3
force_push: msg_id = 1356497, remain = -61, size = 3
force_push: msg_id = 1356577, remain = -61, size = 3
force_push: msg_id = 1356659, remain = -61, size = 3
force_push: msg_id = 1356745, remain = -61, size = 3
force_push: msg_id = 1356823, remain = -61, size = 3
force_push: msg_id = 1356907, remain = -61, size = 3
force_push: msg_id = 1356991, remain = -61, size = 3
force_push: msg_id = 1357070, remain = -61, size = 3
force_push: msg_id = 1357155, remain = -61, size = 3
force_push: msg_id = 1357236, remain = -61, size = 3
force_push: msg_id = 1357316, remain = -61, size = 3
force_push: msg_id = 1357396, remain = -61, size = 3
force_push: msg_id = 1357479, remain = -61, size = 3
force_push: msg_id = 1357561, remain = -61, size = 3
force_push: msg_id = 1357642, remain = -61, size = 3
force_push: msg_id = 1357724, remain = -61, size = 3
force_push: msg_id = 1357805, remain = -61, size = 3
force_push: msg_id = 1357887, remain = -61, size = 3
force_push: msg_id = 1357968, remain = -61, size = 3
force_push: msg_id = 1358050, remain = -61, size = 3
force_push: msg_id = 1358132, remain = -61, size = 3
force_push: msg_id = 1358213, remain = -61, size = 3
force_push: msg_id = 1358293, remain = -61, size = 3
force_push: msg_id = 1358375, remain = -61, size = 3
force_push: msg_id = 1358455, remain = -61, size = 3
force_push: msg_id = 1358536, remain = -61, size = 3
force_push: msg_id = 1358619, remain = -61, size = 3
force_push: msg_id = 1358698, remain = -61, size = 3
force_push: msg_id = 1358776, remain = -61, size = 3
force_push: msg_id = 1358853, remain = -61, size = 3
force_push: msg_id = 1358931, remain = -61, size = 3
force_push: msg_id = 1359011, remain = -61, size = 3
force_push: msg_id = 1359089, remain = -61, size = 3
force_push: msg_id = 1359169, remain = -61, size = 3
force_push: msg_id = 1359249, remain = -61, size = 3
force_push: msg_id = 1359328, remain = -61, size = 3
force_push: msg_id = 1359407, remain = -61, size = 3
force_push: msg_id = 1359487, remain = -61, size = 3
force_push: msg_id = 1359565, remain = -61, size = 3
force_push: msg_id = 1359643, remain = -61, size = 3
force_push: msg_id = 1359721, remain = -61, size = 3
force_push: msg_id = 1359802, remain = -61, s