Read file config.yml
Running executor...
Loaded function exp06_run_audit_22. lib_load_elasped: 342, func_load_elasped: 3
Loaded function exp06_run_audit_19. lib_load_elasped: 266, func_load_elasped: 1
Loaded function exp06_run_audit_5. lib_load_elasped: 347, func_load_elasped: 2
Loaded function exp06_run_audit_1. lib_load_elasped: 286, func_load_elasped: 1
Loaded function exp06_run_audit_20. lib_load_elasped: 374, func_load_elasped: 2
Loaded function exp06_run_audit_26. lib_load_elasped: 367, func_load_elasped: 1
Loaded function exp06_run_audit_30. lib_load_elasped: 300, func_load_elasped: 2
Loaded function exp06_run_audit_24. lib_load_elasped: 263, func_load_elasped: 2
Loaded function exp06_run_audit_8. lib_load_elasped: 288, func_load_elasped: 1
Loaded function exp06_run_audit_11. lib_load_elasped: 338, func_load_elasped: 2
Loaded function exp06_run_audit_37. lib_load_elasped: 314, func_load_elasped: 1
Loaded function exp06_run_audit_33. lib_load_elasped: 340, func_load_elasped: 1
Loaded function exp06_run_audit_12. lib_load_elasped: 229, func_load_elasped: 1
Loaded function exp06_run_audit_15. lib_load_elasped: 271, func_load_elasped: 1
Loaded function exp06_run_audit_32. lib_load_elasped: 212, func_load_elasped: 1
Loaded function exp06_run_audit_10. lib_load_elasped: 207, func_load_elasped: 1
Loaded function exp06_run_audit_29. lib_load_elasped: 146, func_load_elasped: 1
Loaded function exp06_run_audit_36. lib_load_elasped: 296, func_load_elasped: 1
Loaded function exp06_run_audit_21. lib_load_elasped: 295, func_load_elasped: 1
Loaded function exp06_run_audit_2. lib_load_elasped: 303, func_load_elasped: 1
Loaded function exp06_marketdata. lib_load_elasped: 5889, func_load_elasped: 2
Loaded function exp06_run_audit_13. lib_load_elasped: 232, func_load_elasped: 1
Loaded function exp06_run_audit_40. lib_load_elasped: 226, func_load_elasped: 1
Loaded function exp06_run_audit_7. lib_load_elasped: 240, func_load_elasped: 1
Loaded function exp06_run_audit_39. lib_load_elasped: 172, func_load_elasped: 1
Loaded function exp06_run_audit_3. lib_load_elasped: 299, func_load_elasped: 1
force_push: msg_id = 3191739, remain = 74, size = 64
Send to executer failed.force_push: msg_id = 3191729, remain = 72, size = 64
Send to executer failed.force_push: msg_id = 3191742, remain = 74, size = 64
Send to executer failed.force_push: msg_id = 3191777, remain = 10, size = 64
Send to executer failed.force_push: msg_id = 3191775, remain = 74, size = 64
Send to executer failed.force_push: msg_id = 3191716, remain = 72, size = 64
Send to executer failed.force_push: msg_id = 3191774, remain = 74, size = 64
Send to executer failed.force_push: msg_id = 3191786, remain = 74, size = 64
Send to executer failed.force_push: msg_id = 3191776, remain = 74, size = 64
Send to executer failed.force_push: msg_id = 3191732, remain = 74, size = 64
Send to executer failed.force_push: msg_id = 3191728, remain = 74, size = 64
Send to executer failed.force_push: msg_id = 3191736, remain = 74, size = 64
Send to executer failed.force_push: msg_id = 3191721, remain = 72, size = 64
Send to executer failed.force_push: msg_id = 3191737, remain = 74, size = 64
Send to executer failed.force_push: msg_id = 3191722, remain = 72, size = 64
Send to executer failed.Loaded function exp06_run_audit_6. lib_load_elasped: 390, func_load_elasped: 2
Loaded function exp06_run_audit_4. lib_load_elasped: 195, func_load_elasped: 1
Loaded function exp06_run_audit_28. lib_load_elasped: 154, func_load_elasped: 0
Loaded function exp06_run_audit_34. lib_load_elasped: 211, func_load_elasped: 1
Loaded function exp06_run_audit_25. lib_load_elasped: 199, func_load_elasped: 0
Loaded function exp06_run_audit_31. lib_load_elasped: 616, func_load_elasped: 2
Loaded function exp06_run_audit_57. lib_load_elasped: 379, func_load_elasped: 1
force_push: msg_id = 3208260, remain = 8, size = 64
Send to executer failed.force_push: msg_id = 3208366, remain = -54, size = 10
Send to executer failed.force_push: msg_id = 3208470, remain = -54, size = 10
Send to executer failed.force_push: msg_id = 3208371, remain = 10, size = 64
Send to executer failed.force_push: msg_id = 3208590, remain = -54, size = 10
Send to executer failed.force_push: msg_id = 3208524, remain = -54, size = 10
Send to executer failed.force_push: msg_id = 3208599, remain = -54, size = 10
Send to executer failed.force_push: msg_id = 3208506, remain = -54, size = 10
Send to executer failed.force_push: msg_id = 3208261, remain = -56, size = 8
Send to executer failed.force_push: msg_id = 3208551, remain = -54, size = 10
Send to executer failed.force_push: msg_id = 3208554, remain = -54, size = 10
Send to executer failed.force_push: msg_id = 3208369, remain = -54, size = 10
Send to executer failed.force_push: msg_id = 3208553, remain = 10, size = 64
Send to executer failed.force_push: msg_id = 3208373, remain = -54, size = 10
Send to executer failed.Loaded function exp06_run_audit_27. lib_load_elasped: 441, func_load_elasped: 1
force_push: msg_id = 3212350, remain = 74, size = 64
Send to executer failed.force_push: msg_id = 3212392, remain = 10, size = 64
Send to executer failed.force_push: msg_id = 3212379, remain = 74, size = 64
force_push: msg_id = 3212460, remain = -54, size = 10
Send to executer failed.force_push: msg_id = 3212351, remain = 10, size = 64
Send to executer failed.force_push: msg_id = 3212469, remain = 74, size = 64
Send to executer failed.Send to executer failed.force_push: msg_id = 3212416, remain = 74, size = 64
Send to executer failed.force_push: msg_id = 3212335, remain = 74, size = 64
Send to executer failed.force_push: msg_id = 3212336, remain = 74, size = 64
Send to executer failed.force_push: msg_id = 3212334, remain = 10, size = 64
Send to executer failed.force_push: msg_id = 3212366, remain = 74, size = 64
Send to executer failed.force_push: msg_id = 3212344, remain = 10, size = 64
Send to executer failed.force_push: msg_id = 3212378, remain = 74, size = 64
Send to executer failed.force_push: msg_id = 3212324, remain = 72, size = 64
Send to executer failed.force_push: msg_id = 3212326, remain = 8, size = 64
Send to executer failed.force_push: msg_id = 3212319, remain = 8, size = 64
Send to executer failed.force_push: msg_id = 3212494, remain = 10, size = 64
Send to executer failed.force_push: msg_id = 3212328, remain = 10, size = 64
Send to executer failed.force_push: msg_id = 3212343, remain = 10, size = 64
Send to executer failed.force_push: msg_id = 3212348, remain = 74, size = 64
Send to executer failed.force_push: msg_id = 3212459, remain = 10, size = 64
Send to executer failed.force_push: msg_id = 3212340, remain = 74, size = 64
Send to executer failed.force_push: msg_id = 3212349, remain = 74, size = 64
Send to executer failed.force_push: msg_id = 3212321, remain = 72, size = 64
Send to executer failed.force_push: msg_id = 3212353, remain = -54, size = 10
Send to executer failed.force_push: msg_id = 3212330, remain = 10, size = 64
Send to executer failed.force_push: msg_id = 3212468, remain = 74, size = 64
Send to executer failed.force_push: msg_id = 3212492, remain = 74, size = 64
Send to executer failed.force_push: msg_id = 3212414, remain = 74, size = 64
Send to executer failed.force_push: msg_id = 3212446, remain = 74, size = 64
Send to executer failed.force_push: msg_id = 3212458, remain = 74, size = 64
Send to executer failed.force_push: msg_id = 3212466, remain = 74, size = 64
Send to executer failed.force_push: msg_id = 3212333, remain = 10, size = 64
Send to executer failed.force_push: msg_id = 3212428, remain = 74, size = 64
Send to executer failed.force_push: msg_id = 3212495, remain = 74, size = 64
Send to executer failed.force_push: msg_id = 3212332, remain = 10, size = 64
Send to executer failed.force_push: msg_id = 3212323, remain = 8, size = 64
Send to executer failed.force_push: msg_id = 3212467, remain = 10, size = 64
Send to executer failed.force_push: msg_id = 3212491, remain = 74, size = 64
Send to executer failed.force_push: msg_id = 3212352, remain = 10, size = 64
Send to executer failed.force_push: msg_id = 3212447, remain = 10, size = 64
Send to executer failed.force_push: msg_id = 3212325, remain = 8, size = 64
Send to executer failed.force_push: msg_id = 3212427, remain = 10, size = 64
Send to executer failed.force_push: msg_id = 3214305, remain = 75, size = 64
Send to executer failed.force_push: msg_id = 3214367, remain = 75, size = 64
Send to executer failed.force_push: msg_id = 3214303, remain = -53, size = 11
Send to executer failed.force_push: msg_id = 3214371, remain = -53, size = 11
Send to executer failed.force_push: msg_id = 3214369, remain = 11, size = 64
Send to executer failed.force_push: msg_id = 3214377, remain = 75, size = 64
Send to executer failed.force_push: msg_id = 3214311, remain = 11, size = 64
Send to executer failed.force_push: msg_id = 3214362, remain = 11, size = 64
Send to executer failed.force_push: msg_id = 3214349, remain = 11, size = 64
Send to executer failed.force_push: msg_id = 3214310, remain = 75, size = 64
Send to executer failed.force_push: msg_id = 3214352, remain = 11, size = 64
Send to executer failed.force_push: msg_id = 3214312, remain = 11, size = 64
Send to executer failed.force_push: msg_id = 3214365, remain = -53, size = 11
Send to executer failed.force_push: msg_id = 3214364, remain = 11, size = 64
Send to executer failed.force_push: msg_id = 3214370, remain = 11, size = 64
Send to executer failed.force_push: msg_id = 3214348, remain = -53, size = 11
Send to executer failed.force_push: msg_id = 3214340, remain = 11, size = 64
Send to executer failed.force_push: msg_id = 3214262, remain = 9, size = 64
Send to executer failed.force_push: msg_id = 3214296, remain = -55, size = 9
Send to executer failed.force_push: msg_id = 3214355, remain = 75, size = 64
Send to executer failed.force_push: msg_id = 3214353, remain = 11, size = 64
Send to executer failed.force_push: msg_id = 3214261, remain = 9, size = 64
Send to executer failed.