I0424 11:39:14.867929 Main        (1919800) /home/lgw/Lumine-benchmarks/Lumine/lib/base/thread.cpp:96] Register main thread: tid=1919800
I0424 11:39:14.869928 Main        (1919800) /home/lgw/Lumine-benchmarks/Lumine/lib/common/config.cpp:332] Load configuration for function exp02UploadMovieId1[20]
I0424 11:39:14.870068 Main        (1919800) /home/lgw/Lumine-benchmarks/Lumine/lib/common/config.cpp:332] Load configuration for function exp02UploadText1[21]
I0424 11:39:14.870120 Main        (1919800) /home/lgw/Lumine-benchmarks/Lumine/lib/common/config.cpp:332] Load configuration for function exp02UploadUniqueId1[22]
I0424 11:39:14.870155 Main        (1919800) /home/lgw/Lumine-benchmarks/Lumine/lib/common/config.cpp:332] Load configuration for function exp02UploadUserId1[23]
I0424 11:39:14.870186 Main        (1919800) /home/lgw/Lumine-benchmarks/Lumine/lib/common/config.cpp:332] Load configuration for function exp02UploadRating2[24]
I0424 11:39:14.870234 Main        (1919800) /home/lgw/Lumine-benchmarks/Lumine/lib/common/config.cpp:332] Load configuration for function exp02UploadMovieId3[25]
I0424 11:39:14.870281 Main        (1919800) /home/lgw/Lumine-benchmarks/Lumine/lib/common/config.cpp:332] Load configuration for function exp02UploadRating3[26]
I0424 11:39:14.870333 Main        (1919800) /home/lgw/Lumine-benchmarks/Lumine/lib/common/config.cpp:332] Load configuration for function exp02UploadText3[27]
I0424 11:39:14.870395 Main        (1919800) /home/lgw/Lumine-benchmarks/Lumine/lib/common/config.cpp:332] Load configuration for function exp02UploadUniqueId3[28]
I0424 11:39:14.870454 Main        (1919800) /home/lgw/Lumine-benchmarks/Lumine/lib/common/config.cpp:332] Load configuration for function exp02UploadUserId3[29]
I0424 11:39:14.870489 Main        (1919800) /home/lgw/Lumine-benchmarks/Lumine/lib/common/config.cpp:332] Load configuration for function exp02UploadMovieReview4[30]
I0424 11:39:14.870514 Main        (1919800) /home/lgw/Lumine-benchmarks/Lumine/lib/common/config.cpp:332] Load configuration for function exp02ReadReview4[31]
I0424 11:39:14.870539 Main        (1919800) /home/lgw/Lumine-benchmarks/Lumine/lib/common/config.cpp:332] Load configuration for function exp02StoreReview4[32]
I0424 11:39:14.870569 Main        (1919800) /home/lgw/Lumine-benchmarks/Lumine/lib/common/config.cpp:332] Load configuration for function exp02UploadUserReview4[33]
I0424 11:39:14.870606 Main        (1919800) /home/lgw/Lumine-benchmarks/Lumine/lib/common/config.cpp:332] Load configuration for function exp02RegisterMovieId[34]
I0424 11:39:14.870633 Main        (1919800) /home/lgw/Lumine-benchmarks/Lumine/lib/common/config.cpp:332] Load configuration for function exp02ComposeReview[35]
I0424 11:39:14.870800 Main        (1919800) /home/lgw/Lumine-benchmarks/Lumine/src/host/worker/cpp/func_worker.cpp:107] My client_id is 14
I0424 11:39:14.870890 Main        (1919800) /home/lgw/Lumine-benchmarks/Lumine/src/host/worker/cpp/func_worker.cpp:173] Use extra pipes for messages
I0424 11:39:14.871320 Main        (1919800) /home/lgw/Lumine-benchmarks/Lumine/src/host/worker/cpp/func_worker.cpp:195] Handshake done
