I0424 11:39:18.866115 Main        (1920137) /home/lgw/Lumine-benchmarks/Lumine/lib/base/thread.cpp:96] Register main thread: tid=1920137
I0424 11:39:18.867739 Main        (1920137) /home/lgw/Lumine-benchmarks/Lumine/lib/common/config.cpp:332] Load configuration for function exp02UploadMovieId1[20]
I0424 11:39:18.867880 Main        (1920137) /home/lgw/Lumine-benchmarks/Lumine/lib/common/config.cpp:332] Load configuration for function exp02UploadText1[21]
I0424 11:39:18.867932 Main        (1920137) /home/lgw/Lumine-benchmarks/Lumine/lib/common/config.cpp:332] Load configuration for function exp02UploadUniqueId1[22]
I0424 11:39:18.867967 Main        (1920137) /home/lgw/Lumine-benchmarks/Lumine/lib/common/config.cpp:332] Load configuration for function exp02UploadUserId1[23]
I0424 11:39:18.867994 Main        (1920137) /home/lgw/Lumine-benchmarks/Lumine/lib/common/config.cpp:332] Load configuration for function exp02UploadRating2[24]
I0424 11:39:18.868028 Main        (1920137) /home/lgw/Lumine-benchmarks/Lumine/lib/common/config.cpp:332] Load configuration for function exp02UploadMovieId3[25]
I0424 11:39:18.868054 Main        (1920137) /home/lgw/Lumine-benchmarks/Lumine/lib/common/config.cpp:332] Load configuration for function exp02UploadRating3[26]
I0424 11:39:18.868080 Main        (1920137) /home/lgw/Lumine-benchmarks/Lumine/lib/common/config.cpp:332] Load configuration for function exp02UploadText3[27]
I0424 11:39:18.868105 Main        (1920137) /home/lgw/Lumine-benchmarks/Lumine/lib/common/config.cpp:332] Load configuration for function exp02UploadUniqueId3[28]
I0424 11:39:18.868132 Main        (1920137) /home/lgw/Lumine-benchmarks/Lumine/lib/common/config.cpp:332] Load configuration for function exp02UploadUserId3[29]
I0424 11:39:18.868158 Main        (1920137) /home/lgw/Lumine-benchmarks/Lumine/lib/common/config.cpp:332] Load configuration for function exp02UploadMovieReview4[30]
I0424 11:39:18.868183 Main        (1920137) /home/lgw/Lumine-benchmarks/Lumine/lib/common/config.cpp:332] Load configuration for function exp02ReadReview4[31]
I0424 11:39:18.868207 Main        (1920137) /home/lgw/Lumine-benchmarks/Lumine/lib/common/config.cpp:332] Load configuration for function exp02StoreReview4[32]
I0424 11:39:18.868236 Main        (1920137) /home/lgw/Lumine-benchmarks/Lumine/lib/common/config.cpp:332] Load configuration for function exp02UploadUserReview4[33]
I0424 11:39:18.868272 Main        (1920137) /home/lgw/Lumine-benchmarks/Lumine/lib/common/config.cpp:332] Load configuration for function exp02RegisterMovieId[34]
I0424 11:39:18.868303 Main        (1920137) /home/lgw/Lumine-benchmarks/Lumine/lib/common/config.cpp:332] Load configuration for function exp02ComposeReview[35]
I0424 11:39:18.868465 Main        (1920137) /home/lgw/Lumine-benchmarks/Lumine/src/host/worker/cpp/func_worker.cpp:107] My client_id is 39
I0424 11:39:18.868547 Main        (1920137) /home/lgw/Lumine-benchmarks/Lumine/src/host/worker/cpp/func_worker.cpp:173] Use extra pipes for messages
I0424 11:39:18.869201 Main        (1920137) /home/lgw/Lumine-benchmarks/Lumine/src/host/worker/cpp/func_worker.cpp:195] Handshake done
