I0424 11:39:21.955787 Main        (1920397) /home/lgw/Lumine-benchmarks/Lumine/lib/base/thread.cpp:96] Register main thread: tid=1920397
I0424 11:39:21.957618 Main        (1920397) /home/lgw/Lumine-benchmarks/Lumine/lib/common/config.cpp:332] Load configuration for function exp02UploadMovieId1[20]
I0424 11:39:21.957807 Main        (1920397) /home/lgw/Lumine-benchmarks/Lumine/lib/common/config.cpp:332] Load configuration for function exp02UploadText1[21]
I0424 11:39:21.957893 Main        (1920397) /home/lgw/Lumine-benchmarks/Lumine/lib/common/config.cpp:332] Load configuration for function exp02UploadUniqueId1[22]
I0424 11:39:21.957952 Main        (1920397) /home/lgw/Lumine-benchmarks/Lumine/lib/common/config.cpp:332] Load configuration for function exp02UploadUserId1[23]
I0424 11:39:21.957988 Main        (1920397) /home/lgw/Lumine-benchmarks/Lumine/lib/common/config.cpp:332] Load configuration for function exp02UploadRating2[24]
I0424 11:39:21.958026 Main        (1920397) /home/lgw/Lumine-benchmarks/Lumine/lib/common/config.cpp:332] Load configuration for function exp02UploadMovieId3[25]
I0424 11:39:21.958054 Main        (1920397) /home/lgw/Lumine-benchmarks/Lumine/lib/common/config.cpp:332] Load configuration for function exp02UploadRating3[26]
I0424 11:39:21.958082 Main        (1920397) /home/lgw/Lumine-benchmarks/Lumine/lib/common/config.cpp:332] Load configuration for function exp02UploadText3[27]
I0424 11:39:21.958108 Main        (1920397) /home/lgw/Lumine-benchmarks/Lumine/lib/common/config.cpp:332] Load configuration for function exp02UploadUniqueId3[28]
I0424 11:39:21.958137 Main        (1920397) /home/lgw/Lumine-benchmarks/Lumine/lib/common/config.cpp:332] Load configuration for function exp02UploadUserId3[29]
I0424 11:39:21.958164 Main        (1920397) /home/lgw/Lumine-benchmarks/Lumine/lib/common/config.cpp:332] Load configuration for function exp02UploadMovieReview4[30]
I0424 11:39:21.958190 Main        (1920397) /home/lgw/Lumine-benchmarks/Lumine/lib/common/config.cpp:332] Load configuration for function exp02ReadReview4[31]
I0424 11:39:21.958216 Main        (1920397) /home/lgw/Lumine-benchmarks/Lumine/lib/common/config.cpp:332] Load configuration for function exp02StoreReview4[32]
I0424 11:39:21.958246 Main        (1920397) /home/lgw/Lumine-benchmarks/Lumine/lib/common/config.cpp:332] Load configuration for function exp02UploadUserReview4[33]
I0424 11:39:21.958284 Main        (1920397) /home/lgw/Lumine-benchmarks/Lumine/lib/common/config.cpp:332] Load configuration for function exp02RegisterMovieId[34]
I0424 11:39:21.958317 Main        (1920397) /home/lgw/Lumine-benchmarks/Lumine/lib/common/config.cpp:332] Load configuration for function exp02ComposeReview[35]
I0424 11:39:21.958484 Main        (1920397) /home/lgw/Lumine-benchmarks/Lumine/src/host/worker/cpp/func_worker.cpp:107] My client_id is 65
I0424 11:39:21.958572 Main        (1920397) /home/lgw/Lumine-benchmarks/Lumine/src/host/worker/cpp/func_worker.cpp:173] Use extra pipes for messages
I0424 11:39:22.004951 Main        (1920397) /home/lgw/Lumine-benchmarks/Lumine/src/host/worker/cpp/func_worker.cpp:195] Handshake done
