I0424 11:39:12.965980 Main        (1919634) /home/lgw/Lumine-benchmarks/Lumine/lib/base/thread.cpp:96] Register main thread: tid=1919634
I0424 11:39:12.967563 Main        (1919634) /home/lgw/Lumine-benchmarks/Lumine/lib/common/config.cpp:332] Load configuration for function exp02UploadMovieId1[20]
I0424 11:39:12.967699 Main        (1919634) /home/lgw/Lumine-benchmarks/Lumine/lib/common/config.cpp:332] Load configuration for function exp02UploadText1[21]
I0424 11:39:12.967750 Main        (1919634) /home/lgw/Lumine-benchmarks/Lumine/lib/common/config.cpp:332] Load configuration for function exp02UploadUniqueId1[22]
I0424 11:39:12.967786 Main        (1919634) /home/lgw/Lumine-benchmarks/Lumine/lib/common/config.cpp:332] Load configuration for function exp02UploadUserId1[23]
I0424 11:39:12.967814 Main        (1919634) /home/lgw/Lumine-benchmarks/Lumine/lib/common/config.cpp:332] Load configuration for function exp02UploadRating2[24]
I0424 11:39:12.967843 Main        (1919634) /home/lgw/Lumine-benchmarks/Lumine/lib/common/config.cpp:332] Load configuration for function exp02UploadMovieId3[25]
I0424 11:39:12.967869 Main        (1919634) /home/lgw/Lumine-benchmarks/Lumine/lib/common/config.cpp:332] Load configuration for function exp02UploadRating3[26]
I0424 11:39:12.967895 Main        (1919634) /home/lgw/Lumine-benchmarks/Lumine/lib/common/config.cpp:332] Load configuration for function exp02UploadText3[27]
I0424 11:39:12.967925 Main        (1919634) /home/lgw/Lumine-benchmarks/Lumine/lib/common/config.cpp:332] Load configuration for function exp02UploadUniqueId3[28]
I0424 11:39:12.967955 Main        (1919634) /home/lgw/Lumine-benchmarks/Lumine/lib/common/config.cpp:332] Load configuration for function exp02UploadUserId3[29]
I0424 11:39:12.967981 Main        (1919634) /home/lgw/Lumine-benchmarks/Lumine/lib/common/config.cpp:332] Load configuration for function exp02UploadMovieReview4[30]
I0424 11:39:12.968007 Main        (1919634) /home/lgw/Lumine-benchmarks/Lumine/lib/common/config.cpp:332] Load configuration for function exp02ReadReview4[31]
I0424 11:39:12.968032 Main        (1919634) /home/lgw/Lumine-benchmarks/Lumine/lib/common/config.cpp:332] Load configuration for function exp02StoreReview4[32]
I0424 11:39:12.968061 Main        (1919634) /home/lgw/Lumine-benchmarks/Lumine/lib/common/config.cpp:332] Load configuration for function exp02UploadUserReview4[33]
I0424 11:39:12.968097 Main        (1919634) /home/lgw/Lumine-benchmarks/Lumine/lib/common/config.cpp:332] Load configuration for function exp02RegisterMovieId[34]
I0424 11:39:12.968124 Main        (1919634) /home/lgw/Lumine-benchmarks/Lumine/lib/common/config.cpp:332] Load configuration for function exp02ComposeReview[35]
I0424 11:39:12.968289 Main        (1919634) /home/lgw/Lumine-benchmarks/Lumine/src/host/worker/cpp/func_worker.cpp:107] My client_id is 5
I0424 11:39:12.968376 Main        (1919634) /home/lgw/Lumine-benchmarks/Lumine/src/host/worker/cpp/func_worker.cpp:173] Use extra pipes for messages
I0424 11:39:12.993361 Main        (1919634) /home/lgw/Lumine-benchmarks/Lumine/src/host/worker/cpp/func_worker.cpp:195] Handshake done
I0424 11:39:22.970756 Main        (1919634) /home/lgw/Lumine-benchmarks/Experiments/02/src/0_ComposeReviewService/ComposeReview.cpp:135] req_id = 60003, t0 1682336362837893
I0424 11:39:22.970839 Main        (1919634) /home/lgw/Lumine-benchmarks/Experiments/02/src/0_ComposeReviewService/ComposeReview.cpp:138] req_id = 60003, t5 1682336362970837
I0424 11:39:23.340229 Main        (1919634) /home/lgw/Lumine-benchmarks/Experiments/02/src/0_ComposeReviewService/ComposeReview.cpp:135] req_id = 60004, t0 1682336363332526
I0424 11:39:23.340287 Main        (1919634) /home/lgw/Lumine-benchmarks/Experiments/02/src/0_ComposeReviewService/ComposeReview.cpp:138] req_id = 60004, t5 1682336363340286
I0424 11:39:23.844466 Main        (1919634) /home/lgw/Lumine-benchmarks/Experiments/02/src/0_ComposeReviewService/ComposeReview.cpp:135] req_id = 60007, t0 1682336363838210
I0424 11:39:23.844525 Main        (1919634) /home/lgw/Lumine-benchmarks/Experiments/02/src/0_ComposeReviewService/ComposeReview.cpp:138] req_id = 60007, t5 1682336363844524
I0424 11:39:24.340439 Main        (1919634) /home/lgw/Lumine-benchmarks/Experiments/02/src/0_ComposeReviewService/ComposeReview.cpp:135] req_id = 60008, t0 1682336364333152
I0424 11:39:24.340497 Main        (1919634) /home/lgw/Lumine-benchmarks/Experiments/02/src/0_ComposeReviewService/ComposeReview.cpp:138] req_id = 60008, t5 1682336364340496
I0424 11:39:24.844158 Main        (1919634) /home/lgw/Lumine-benchmarks/Experiments/02/src/0_ComposeReviewService/ComposeReview.cpp:135] req_id = 60011, t0 1682336364838159
I0424 11:39:24.844216 Main        (1919634) /home/lgw/Lumine-benchmarks/Experiments/02/src/0_ComposeReviewService/ComposeReview.cpp:138] req_id = 60011, t5 1682336364844214
I0424 11:39:25.339686 Main        (1919634) /home/lgw/Lumine-benchmarks/Experiments/02/src/0_ComposeReviewService/ComposeReview.cpp:135] req_id = 60012, t0 1682336365332823
I0424 11:39:25.339743 Main        (1919634) /home/lgw/Lumine-benchmarks/Experiments/02/src/0_ComposeReviewService/ComposeReview.cpp:138] req_id = 60012, t5 1682336365339742
I0424 11:39:25.844137 Main        (1919634) /home/lgw/Lumine-benchmarks/Experiments/02/src/0_ComposeReviewService/ComposeReview.cpp:135] req_id = 60015, t0 1682336365837962
I0424 11:39:25.844194 Main        (1919634) /home/lgw/Lumine-benchmarks/Experiments/02/src/0_ComposeReviewService/ComposeReview.cpp:138] req_id = 60015, t5 1682336365844193
I0424 11:39:26.339777 Main        (1919634) /home/lgw/Lumine-benchmarks/Experiments/02/src/0_ComposeReviewService/ComposeReview.cpp:135] req_id = 60016, t0 1682336366332820
I0424 11:39:26.339834 Main        (1919634) /home/lgw/Lumine-benchmarks/Experiments/02/src/0_ComposeReviewService/ComposeReview.cpp:138] req_id = 60016, t5 1682336366339833
I0424 11:39:26.844851 Main        (1919634) /home/lgw/Lumine-benchmarks/Experiments/02/src/0_ComposeReviewService/ComposeReview.cpp:135] req_id = 60019, t0 1682336366838398
I0424 11:39:26.844910 Main        (1919634) /home/lgw/Lumine-benchmarks/Experiments/02/src/0_ComposeReviewService/ComposeReview.cpp:138] req_id = 60019, t5 1682336366844908
I0424 11:39:27.339391 Main        (1919634) /home/lgw/Lumine-benchmarks/Experiments/02/src/0_ComposeReviewService/ComposeReview.cpp:135] req_id = 60020, t0 1682336367332495
I0424 11:39:27.339451 Main        (1919634) /home/lgw/Lumine-benchmarks/Experiments/02/src/0_ComposeReviewService/ComposeReview.cpp:138] req_id = 60020, t5 1682336367339450
I0424 11:39:27.844296 Main        (1919634) /home/lgw/Lumine-benchmarks/Experiments/02/src/0_ComposeReviewService/ComposeReview.cpp:135] req_id = 60023, t0 1682336367838095
I0424 11:39:27.844354 Main        (1919634) /home/lgw/Lumine-benchmarks/Experiments/02/src/0_ComposeReviewService/ComposeReview.cpp:138] req_id = 60023, t5 1682336367844353
I0424 11:39:28.339982 Main        (1919634) /home/lgw/Lumine-benchmarks/Experiments/02/src/0_ComposeReviewService/ComposeReview.cpp:135] req_id = 60024, t0 1682336368332942
I0424 11:39:28.340041 Main        (1919634) /home/lgw/Lumine-benchmarks/Experiments/02/src/0_ComposeReviewService/ComposeReview.cpp:138] req_id = 60024, t5 1682336368340039
I0424 11:39:29.344745 Main        (1919634) /home/lgw/Lumine-benchmarks/Experiments/02/src/0_ComposeReviewService/ComposeReview.cpp:135] req_id = 60029, t0 1682336369338417
I0424 11:39:29.344821 Main        (1919634) /home/lgw/Lumine-benchmarks/Experiments/02/src/0_ComposeReviewService/ComposeReview.cpp:138] req_id = 60029, t5 1682336369344819
I0424 11:39:29.836992 Main        (1919634) /home/lgw/Lumine-benchmarks/Experiments/02/src/0_ComposeReviewService/ComposeReview.cpp:135] req_id = 60030, t0 1682336369832419
I0424 11:39:29.837051 Main        (1919634) /home/lgw/Lumine-benchmarks/Experiments/02/src/0_ComposeReviewService/ComposeReview.cpp:138] req_id = 60030, t5 1682336369837049
I0424 11:39:29.844592 Main        (1919634) /home/lgw/Lumine-benchmarks/Experiments/02/src/0_ComposeReviewService/ComposeReview.cpp:135] req_id = 60031, t0 1682336369838060
I0424 11:39:29.844652 Main        (1919634) /home/lgw/Lumine-benchmarks/Experiments/02/src/0_ComposeReviewService/ComposeReview.cpp:138] req_id = 60031, t5 1682336369844651
I0424 11:39:30.339327 Main        (1919634) /home/lgw/Lumine-benchmarks/Experiments/02/src/0_ComposeReviewService/ComposeReview.cpp:135] req_id = 60032, t0 1682336370332294
I0424 11:39:30.339384 Main        (1919634) /home/lgw/Lumine-benchmarks/Experiments/02/src/0_ComposeReviewService/ComposeReview.cpp:138] req_id = 60032, t5 1682336370339383
I0424 11:39:30.843781 Main        (1919634) /home/lgw/Lumine-benchmarks/Experiments/02/src/0_ComposeReviewService/ComposeReview.cpp:135] req_id = 60035, t0 1682336370837379
I0424 11:39:30.843838 Main        (1919634) /home/lgw/Lumine-benchmarks/Experiments/02/src/0_ComposeReviewService/ComposeReview.cpp:138] req_id = 60035, t5 1682336370843836
I0424 11:39:31.339524 Main        (1919634) /home/lgw/Lumine-benchmarks/Experiments/02/src/0_ComposeReviewService/ComposeReview.cpp:135] req_id = 60036, t0 1682336371332364
I0424 11:39:31.339583 Main        (1919634) /home/lgw/Lumine-benchmarks/Experiments/02/src/0_ComposeReviewService/ComposeReview.cpp:138] req_id = 60036, t5 1682336371339581
I0424 11:39:31.844712 Main        (1919634) /home/lgw/Lumine-benchmarks/Experiments/02/src/0_ComposeReviewService/ComposeReview.cpp:135] req_id = 60039, t0 1682336371838571
I0424 11:39:31.844766 Main        (1919634) /home/lgw/Lumine-benchmarks/Experiments/02/src/0_ComposeReviewService/ComposeReview.cpp:138] req_id = 60039, t5 1682336371844764
I0424 11:39:32.339707 Main        (1919634) /home/lgw/Lumine-benchmarks/Experiments/02/src/0_ComposeReviewService/ComposeReview.cpp:135] req_id = 60040, t0 1682336372332596
I0424 11:39:32.339765 Main        (1919634) /home/lgw/Lumine-benchmarks/Experiments/02/src/0_ComposeReviewService/ComposeReview.cpp:138] req_id = 60040, t5 1682336372339764
I0424 11:39:32.844460 Main        (1919634) /home/lgw/Lumine-benchmarks/Experiments/02/src/0_ComposeReviewService/ComposeReview.cpp:135] req_id = 60043, t0 1682336372838147
I0424 11:39:32.844522 Main        (1919634) /home/lgw/Lumine-benchmarks/Experiments/02/src/0_ComposeReviewService/ComposeReview.cpp:138] req_id = 60043, t5 1682336372844521
I0424 11:39:33.339734 Main        (1919634) /home/lgw/Lumine-benchmarks/Experiments/02/src/0_ComposeReviewService/ComposeReview.cpp:135] req_id = 60044, t0 1682336373332798
I0424 11:39:33.339794 Main        (1919634) /home/lgw/Lumine-benchmarks/Experiments/02/src/0_ComposeReviewService/ComposeReview.cpp:138] req_id = 60044, t5 1682336373339793
I0424 11:39:33.844315 Main        (1919634) /home/lgw/Lumine-benchmarks/Experiments/02/src/0_ComposeReviewService/ComposeReview.cpp:135] req_id = 60047, t0 1682336373838273
I0424 11:39:33.844374 Main        (1919634) /home/lgw/Lumine-benchmarks/Experiments/02/src/0_ComposeReviewService/ComposeReview.cpp:138] req_id = 60047, t5 1682336373844373
I0424 11:39:34.340029 Main        (1919634) /home/lgw/Lumine-benchmarks/Experiments/02/src/0_ComposeReviewService/ComposeReview.cpp:135] req_id = 60048, t0 1682336374332715
I0424 11:39:34.340089 Main        (1919634) /home/lgw/Lumine-benchmarks/Experiments/02/src/0_ComposeReviewService/ComposeReview.cpp:138] req_id = 60048, t5 1682336374340087
I0424 11:39:34.844985 Main        (1919634) /home/lgw/Lumine-benchmarks/Experiments/02/src/0_ComposeReviewService/ComposeReview.cpp:135] req_id = 60051, t0 1682336374838685
I0424 11:39:34.845043 Main        (1919634) /home/lgw/Lumine-benchmarks/Experiments/02/src/0_ComposeReviewService/ComposeReview.cpp:138] req_id = 60051, t5 1682336374845042
I0424 11:39:35.339777 Main        (1919634) /home/lgw/Lumine-benchmarks/Experiments/02/src/0_ComposeReviewService/ComposeReview.cpp:135] req_id = 60052, t0 1682336375333172
I0424 11:39:35.339837 Main        (1919634) /home/lgw/Lumine-benchmarks/Experiments/02/src/0_ComposeReviewService/ComposeReview.cpp:138] req_id = 60052, t5 1682336375339836
I0424 11:39:35.844173 Main        (1919634) /home/lgw/Lumine-benchmarks/Experiments/02/src/0_ComposeReviewService/ComposeReview.cpp:135] req_id = 60055, t0 1682336375838086
I0424 11:39:35.844247 Main        (1919634) /home/lgw/Lumine-benchmarks/Experiments/02/src/0_ComposeReviewService/ComposeReview.cpp:138] req_id = 60055, t5 1682336375844245
I0424 11:39:36.339195 Main        (1919634) /home/lgw/Lumine-benchmarks/Experiments/02/src/0_ComposeReviewService/ComposeReview.cpp:135] req_id = 60056, t0 1682336376332326
I0424 11:39:36.339252 Main        (1919634) /home/lgw/Lumine-benchmarks/Experiments/02/src/0_ComposeReviewService/ComposeReview.cpp:138] req_id = 60056, t5 1682336376339250
I0424 11:39:36.845053 Main        (1919634) /home/lgw/Lumine-benchmarks/Experiments/02/src/0_ComposeReviewService/ComposeReview.cpp:135] req_id = 60059, t0 1682336376838427
I0424 11:39:36.845110 Main        (1919634) /home/lgw/Lumine-benchmarks/Experiments/02/src/0_ComposeReviewService/ComposeReview.cpp:138] req_id = 60059, t5 1682336376845109
I0424 11:39:37.340904 Main        (1919634) /home/lgw/Lumine-benchmarks/Experiments/02/src/0_ComposeReviewService/ComposeReview.cpp:135] req_id = 60060, t0 1682336377333415
I0424 11:39:37.340961 Main        (1919634) /home/lgw/Lumine-benchmarks/Experiments/02/src/0_ComposeReviewService/ComposeReview.cpp:138] req_id = 60060, t5 1682336377340959
I0424 11:39:37.844724 Main        (1919634) /home/lgw/Lumine-benchmarks/Experiments/02/src/0_ComposeReviewService/ComposeReview.cpp:135] req_id = 60063, t0 1682336377838416
I0424 11:39:37.844796 Main        (1919634) /home/lgw/Lumine-benchmarks/Experiments/02/src/0_ComposeReviewService/ComposeReview.cpp:138] req_id = 60063, t5 1682336377844794
I0424 11:39:38.339420 Main        (1919634) /home/lgw/Lumine-benchmarks/Experiments/02/src/0_ComposeReviewService/ComposeReview.cpp:135] req_id = 60064, t0 1682336378332086
I0424 11:39:38.339478 Main        (1919634) /home/lgw/Lumine-benchmarks/Experiments/02/src/0_ComposeReviewService/ComposeReview.cpp:138] req_id = 60064, t5 1682336378339477
I0424 11:39:38.844920 Main        (1919634) /home/lgw/Lumine-benchmarks/Experiments/02/src/0_ComposeReviewService/ComposeReview.cpp:135] req_id = 60067, t0 1682336378838605
I0424 11:39:38.844977 Main        (1919634) /home/lgw/Lumine-benchmarks/Experiments/02/src/0_ComposeReviewService/ComposeReview.cpp:138] req_id = 60067, t5 1682336378844976
I0424 11:39:39.339441 Main        (1919634) /home/lgw/Lumine-benchmarks/Experiments/02/src/0_ComposeReviewService/ComposeReview.cpp:135] req_id = 60068, t0 1682336379332296
I0424 11:39:39.339499 Main        (1919634) /home/lgw/Lumine-benchmarks/Experiments/02/src/0_ComposeReviewService/ComposeReview.cpp:138] req_id = 60068, t5 1682336379339498
I0424 11:39:39.844369 Main        (1919634) /home/lgw/Lumine-benchmarks/Experiments/02/src/0_ComposeReviewService/ComposeReview.cpp:135] req_id = 60071, t0 1682336379838060
I0424 11:39:39.844427 Main        (1919634) /home/lgw/Lumine-benchmarks/Experiments/02/src/0_ComposeReviewService/ComposeReview.cpp:138] req_id = 60071, t5 1682336379844426
I0424 11:39:40.339999 Main        (1919634) /home/lgw/Lumine-benchmarks/Experiments/02/src/0_ComposeReviewService/ComposeReview.cpp:135] req_id = 60072, t0 1682336380332696
I0424 11:39:40.340057 Main        (1919634) /home/lgw/Lumine-benchmarks/Experiments/02/src/0_ComposeReviewService/ComposeReview.cpp:138] req_id = 60072, t5 1682336380340056
I0424 11:39:41.843522 Main        (1919634) /home/lgw/Lumine-benchmarks/Experiments/02/src/0_ComposeReviewService/ComposeReview.cpp:135] req_id = 60079, t0 1682336381837355
I0424 11:39:41.843581 Main        (1919634) /home/lgw/Lumine-benchmarks/Experiments/02/src/0_ComposeReviewService/ComposeReview.cpp:138] req_id = 60079, t5 1682336381843579
I0424 11:39:42.338811 Main        (1919634) /home/lgw/Lumine-benchmarks/Experiments/02/src/0_ComposeReviewService/ComposeReview.cpp:135] req_id = 60080, t0 1682336382331992
I0424 11:39:42.338869 Main        (1919634) /home/lgw/Lumine-benchmarks/Experiments/02/src/0_ComposeReviewService/ComposeReview.cpp:138] req_id = 60080, t5 1682336382338868
I0424 11:39:42.842892 Main        (1919634) /home/lgw/Lumine-benchmarks/Experiments/02/src/0_ComposeReviewService/ComposeReview.cpp:135] req_id = 60083, t0 1682336382838834
I0424 11:39:42.842963 Main        (1919634) /home/lgw/Lumine-benchmarks/Experiments/02/src/0_ComposeReviewService/ComposeReview.cpp:138] req_id = 60083, t5 1682336382842962
I0424 11:39:43.340173 Main        (1919634) /home/lgw/Lumine-benchmarks/Experiments/02/src/0_ComposeReviewService/ComposeReview.cpp:135] req_id = 60084, t0 1682336383333268
I0424 11:39:43.340232 Main        (1919634) /home/lgw/Lumine-benchmarks/Experiments/02/src/0_ComposeReviewService/ComposeReview.cpp:138] req_id = 60084, t5 1682336383340231
I0424 11:39:43.844420 Main        (1919634) /home/lgw/Lumine-benchmarks/Experiments/02/src/0_ComposeReviewService/ComposeReview.cpp:135] req_id = 60087, t0 1682336383838206
I0424 11:39:43.844479 Main        (1919634) /home/lgw/Lumine-benchmarks/Experiments/02/src/0_ComposeReviewService/ComposeReview.cpp:138] req_id = 60087, t5 1682336383844478
I0424 11:39:44.340503 Main        (1919634) /home/lgw/Lumine-benchmarks/Experiments/02/src/0_ComposeReviewService/ComposeReview.cpp:135] req_id = 60088, t0 1682336384332930
I0424 11:39:44.340562 Main        (1919634) /home/lgw/Lumine-benchmarks/Experiments/02/src/0_ComposeReviewService/ComposeReview.cpp:138] req_id = 60088, t5 1682336384340560
I0424 11:39:44.844654 Main        (1919634) /home/lgw/Lumine-benchmarks/Experiments/02/src/0_ComposeReviewService/ComposeReview.cpp:135] req_id = 60091, t0 1682336384838248
I0424 11:39:44.844712 Main        (1919634) /home/lgw/Lumine-benchmarks/Experiments/02/src/0_ComposeReviewService/ComposeReview.cpp:138] req_id = 60091, t5 1682336384844711
I0424 11:39:45.339230 Main        (1919634) /home/lgw/Lumine-benchmarks/Experiments/02/src/0_ComposeReviewService/ComposeReview.cpp:135] req_id = 60092, t0 1682336385332187
I0424 11:39:45.339288 Main        (1919634) /home/lgw/Lumine-benchmarks/Experiments/02/src/0_ComposeReviewService/ComposeReview.cpp:138] req_id = 60092, t5 1682336385339287
I0424 11:39:45.844644 Main        (1919634) /home/lgw/Lumine-benchmarks/Experiments/02/src/0_ComposeReviewService/ComposeReview.cpp:135] req_id = 60095, t0 1682336385838190
I0424 11:39:45.844703 Main        (1919634) /home/lgw/Lumine-benchmarks/Experiments/02/src/0_ComposeReviewService/ComposeReview.cpp:138] req_id = 60095, t5 1682336385844702
I0424 11:39:46.341054 Main        (1919634) /home/lgw/Lumine-benchmarks/Experiments/02/src/0_ComposeReviewService/ComposeReview.cpp:135] req_id = 60096, t0 1682336386332101
I0424 11:39:46.341111 Main        (1919634) /home/lgw/Lumine-benchmarks/Experiments/02/src/0_ComposeReviewService/ComposeReview.cpp:138] req_id = 60096, t5 1682336386341110
I0424 11:39:46.844229 Main        (1919634) /home/lgw/Lumine-benchmarks/Experiments/02/src/0_ComposeReviewService/ComposeReview.cpp:135] req_id = 60099, t0 1682336386837952
I0424 11:39:46.844288 Main        (1919634) /home/lgw/Lumine-benchmarks/Experiments/02/src/0_ComposeReviewService/ComposeReview.cpp:138] req_id = 60099, t5 1682336386844287
I0424 11:39:47.339916 Main        (1919634) /home/lgw/Lumine-benchmarks/Experiments/02/src/0_ComposeReviewService/ComposeReview.cpp:135] req_id = 60100, t0 1682336387332603
I0424 11:39:47.339974 Main        (1919634) /home/lgw/Lumine-benchmarks/Experiments/02/src/0_ComposeReviewService/ComposeReview.cpp:138] req_id = 60100, t5 1682336387339973
I0424 11:39:47.844212 Main        (1919634) /home/lgw/Lumine-benchmarks/Experiments/02/src/0_ComposeReviewService/ComposeReview.cpp:135] req_id = 60103, t0 1682336387838126
I0424 11:39:47.844270 Main        (1919634) /home/lgw/Lumine-benchmarks/Experiments/02/src/0_ComposeReviewService/ComposeReview.cpp:138] req_id = 60103, t5 1682336387844269
I0424 11:39:48.339694 Main        (1919634) /home/lgw/Lumine-benchmarks/Experiments/02/src/0_ComposeReviewService/ComposeReview.cpp:135] req_id = 60104, t0 1682336388332561
I0424 11:39:48.339757 Main        (1919634) /home/lgw/Lumine-benchmarks/Experiments/02/src/0_ComposeReviewService/ComposeReview.cpp:138] req_id = 60104, t5 1682336388339756
I0424 11:39:48.844674 Main        (1919634) /home/lgw/Lumine-benchmarks/Experiments/02/src/0_ComposeReviewService/ComposeReview.cpp:135] req_id = 60107, t0 1682336388838289
I0424 11:39:48.844748 Main        (1919634) /home/lgw/Lumine-benchmarks/Experiments/02/src/0_ComposeReviewService/ComposeReview.cpp:138] req_id = 60107, t5 1682336388844746
I0424 11:39:49.339033 Main        (1919634) /home/lgw/Lumine-benchmarks/Experiments/02/src/0_ComposeReviewService/ComposeReview.cpp:135] req_id = 60108, t0 1682336389332162
I0424 11:39:49.339090 Main        (1919634) /home/lgw/Lumine-benchmarks/Experiments/02/src/0_ComposeReviewService/ComposeReview.cpp:138] req_id = 60108, t5 1682336389339089
I0424 11:39:49.844453 Main        (1919634) /home/lgw/Lumine-benchmarks/Experiments/02/src/0_ComposeReviewService/ComposeReview.cpp:135] req_id = 60111, t0 1682336389838236
I0424 11:39:49.844512 Main        (1919634) /home/lgw/Lumine-benchmarks/Experiments/02/src/0_ComposeReviewService/ComposeReview.cpp:138] req_id = 60111, t5 1682336389844510
I0424 11:39:50.338405 Main        (1919634) /home/lgw/Lumine-benchmarks/Experiments/02/src/0_ComposeReviewService/ComposeReview.cpp:135] req_id = 60112, t0 1682336390333871
I0424 11:39:50.338462 Main        (1919634) /home/lgw/Lumine-benchmarks/Experiments/02/src/0_ComposeReviewService/ComposeReview.cpp:138] req_id = 60112, t5 1682336390338460
I0424 11:39:50.844528 Main        (1919634) /home/lgw/Lumine-benchmarks/Experiments/02/src/0_ComposeReviewService/ComposeReview.cpp:135] req_id = 60115, t0 1682336390838188
I0424 11:39:50.844586 Main        (1919634) /home/lgw/Lumine-benchmarks/Experiments/02/src/0_ComposeReviewService/ComposeReview.cpp:138] req_id = 60115, t5 1682336390844585
I0424 11:39:51.340058 Main        (1919634) /home/lgw/Lumine-benchmarks/Experiments/02/src/0_ComposeReviewService/ComposeReview.cpp:135] req_id = 60116, t0 1682336391332970
I0424 11:39:51.340116 Main        (1919634) /home/lgw/Lumine-benchmarks/Experiments/02/src/0_ComposeReviewService/ComposeReview.cpp:138] req_id = 60116, t5 1682336391340115
I0424 11:39:51.844629 Main        (1919634) /home/lgw/Lumine-benchmarks/Experiments/02/src/0_ComposeReviewService/ComposeReview.cpp:135] req_id = 60119, t0 1682336391838273
I0424 11:39:51.844687 Main        (1919634) /home/lgw/Lumine-benchmarks/Experiments/02/src/0_ComposeReviewService/ComposeReview.cpp:138] req_id = 60119, t5 1682336391844686
I0424 11:39:52.340125 Main        (1919634) /home/lgw/Lumine-benchmarks/Experiments/02/src/0_ComposeReviewService/ComposeReview.cpp:135] req_id = 60120, t0 1682336392332949
I0424 11:39:52.340183 Main        (1919634) /home/lgw/Lumine-benchmarks/Experiments/02/src/0_ComposeReviewService/ComposeReview.cpp:138] req_id = 60120, t5 1682336392340182
I0424 11:39:53.343741 Main        (1919634) /home/lgw/Lumine-benchmarks/Experiments/02/src/0_ComposeReviewService/ComposeReview.cpp:135] req_id = 60125, t0 1682336393337635
I0424 11:39:53.343800 Main        (1919634) /home/lgw/Lumine-benchmarks/Experiments/02/src/0_ComposeReviewService/ComposeReview.cpp:138] req_id = 60125, t5 1682336393343798
I0424 11:39:53.840668 Main        (1919634) /home/lgw/Lumine-benchmarks/Experiments/02/src/0_ComposeReviewService/ComposeReview.cpp:135] req_id = 60126, t0 1682336393833733
I0424 11:39:53.840728 Main        (1919634) /home/lgw/Lumine-benchmarks/Experiments/02/src/0_ComposeReviewService/ComposeReview.cpp:138] req_id = 60126, t5 1682336393840727
I0424 11:39:54.345004 Main        (1919634) /home/lgw/Lumine-benchmarks/Experiments/02/src/0_ComposeReviewService/ComposeReview.cpp:135] req_id = 60129, t0 1682336394338719
I0424 11:39:54.345062 Main        (1919634) /home/lgw/Lumine-benchmarks/Experiments/02/src/0_ComposeReviewService/ComposeReview.cpp:138] req_id = 60129, t5 1682336394345060
I0424 11:39:54.840719 Main        (1919634) /home/lgw/Lumine-benchmarks/Experiments/02/src/0_ComposeReviewService/ComposeReview.cpp:135] req_id = 60130, t0 1682336394833577
I0424 11:39:54.840792 Main        (1919634) /home/lgw/Lumine-benchmarks/Experiments/02/src/0_ComposeReviewService/ComposeReview.cpp:138] req_id = 60130, t5 1682336394840791
I0424 11:39:55.344505 Main        (1919634) /home/lgw/Lumine-benchmarks/Experiments/02/src/0_ComposeReviewService/ComposeReview.cpp:135] req_id = 60133, t0 1682336395338448
I0424 11:39:55.344563 Main        (1919634) /home/lgw/Lumine-benchmarks/Experiments/02/src/0_ComposeReviewService/ComposeReview.cpp:138] req_id = 60133, t5 1682336395344562
I0424 11:39:55.838824 Main        (1919634) /home/lgw/Lumine-benchmarks/Experiments/02/src/0_ComposeReviewService/ComposeReview.cpp:135] req_id = 60134, t0 1682336395831932
I0424 11:39:55.838881 Main        (1919634) /home/lgw/Lumine-benchmarks/Experiments/02/src/0_ComposeReviewService/ComposeReview.cpp:138] req_id = 60134, t5 1682336395838880
I0424 11:39:56.344879 Main        (1919634) /home/lgw/Lumine-benchmarks/Experiments/02/src/0_ComposeReviewService/ComposeReview.cpp:135] req_id = 60137, t0 1682336396338742
I0424 11:39:56.344937 Main        (1919634) /home/lgw/Lumine-benchmarks/Experiments/02/src/0_ComposeReviewService/ComposeReview.cpp:138] req_id = 60137, t5 1682336396344936
I0424 11:39:56.839553 Main        (1919634) /home/lgw/Lumine-benchmarks/Experiments/02/src/0_ComposeReviewService/ComposeReview.cpp:135] req_id = 60138, t0 1682336396832327
I0424 11:39:56.839611 Main        (1919634) /home/lgw/Lumine-benchmarks/Experiments/02/src/0_ComposeReviewService/ComposeReview.cpp:138] req_id = 60138, t5 1682336396839610
I0424 11:39:57.345169 Main        (1919634) /home/lgw/Lumine-benchmarks/Experiments/02/src/0_ComposeReviewService/ComposeReview.cpp:135] req_id = 60141, t0 1682336397338777
I0424 11:39:57.345227 Main        (1919634) /home/lgw/Lumine-benchmarks/Experiments/02/src/0_ComposeReviewService/ComposeReview.cpp:138] req_id = 60141, t5 1682336397345226
I0424 11:39:57.839354 Main        (1919634) /home/lgw/Lumine-benchmarks/Experiments/02/src/0_ComposeReviewService/ComposeReview.cpp:135] req_id = 60142, t0 1682336397832488
I0424 11:39:57.839412 Main        (1919634) /home/lgw/Lumine-benchmarks/Experiments/02/src/0_ComposeReviewService/ComposeReview.cpp:138] req_id = 60142, t5 1682336397839410
I0424 11:39:58.342889 Main        (1919634) /home/lgw/Lumine-benchmarks/Experiments/02/src/0_ComposeReviewService/ComposeReview.cpp:135] req_id = 60145, t0 1682336398338522
I0424 11:39:58.342947 Main        (1919634) /home/lgw/Lumine-benchmarks/Experiments/02/src/0_ComposeReviewService/ComposeReview.cpp:138] req_id = 60145, t5 1682336398342946
I0424 11:39:58.839508 Main        (1919634) /home/lgw/Lumine-benchmarks/Experiments/02/src/0_ComposeReviewService/ComposeReview.cpp:135] req_id = 60146, t0 1682336398832318
I0424 11:39:58.839569 Main        (1919634) /home/lgw/Lumine-benchmarks/Experiments/02/src/0_ComposeReviewService/ComposeReview.cpp:138] req_id = 60146, t5 1682336398839567
I0424 11:39:59.344265 Main        (1919634) /home/lgw/Lumine-benchmarks/Experiments/02/src/0_ComposeReviewService/ComposeReview.cpp:135] req_id = 60149, t0 1682336399338159
I0424 11:39:59.344324 Main        (1919634) /home/lgw/Lumine-benchmarks/Experiments/02/src/0_ComposeReviewService/ComposeReview.cpp:138] req_id = 60149, t5 1682336399344322
I0424 11:39:59.839966 Main        (1919634) /home/lgw/Lumine-benchmarks/Experiments/02/src/0_ComposeReviewService/ComposeReview.cpp:135] req_id = 60150, t0 1682336399832916
I0424 11:39:59.840025 Main        (1919634) /home/lgw/Lumine-benchmarks/Experiments/02/src/0_ComposeReviewService/ComposeReview.cpp:138] req_id = 60150, t5 1682336399840024
I0424 11:40:00.844462 Main        (1919634) /home/lgw/Lumine-benchmarks/Experiments/02/src/0_ComposeReviewService/ComposeReview.cpp:135] req_id = 60155, t0 1682336400838086
I0424 11:40:00.844520 Main        (1919634) /home/lgw/Lumine-benchmarks/Experiments/02/src/0_ComposeReviewService/ComposeReview.cpp:138] req_id = 60155, t5 1682336400844519
I0424 11:40:01.340110 Main        (1919634) /home/lgw/Lumine-benchmarks/Experiments/02/src/0_ComposeReviewService/ComposeReview.cpp:135] req_id = 60156, t0 1682336401332886
I0424 11:40:01.340169 Main        (1919634) /home/lgw/Lumine-benchmarks/Experiments/02/src/0_ComposeReviewService/ComposeReview.cpp:138] req_id = 60156, t5 1682336401340168
I0424 11:40:01.845052 Main        (1919634) /home/lgw/Lumine-benchmarks/Experiments/02/src/0_ComposeReviewService/ComposeReview.cpp:135] req_id = 60159, t0 1682336401838766
I0424 11:40:01.845110 Main        (1919634) /home/lgw/Lumine-benchmarks/Experiments/02/src/0_ComposeReviewService/ComposeReview.cpp:138] req_id = 60159, t5 1682336401845108
I0424 11:40:02.339750 Main        (1919634) /home/lgw/Lumine-benchmarks/Experiments/02/src/0_ComposeReviewService/ComposeReview.cpp:135] req_id = 60160, t0 1682336402332457
I0424 11:40:02.339809 Main        (1919634) /home/lgw/Lumine-benchmarks/Experiments/02/src/0_ComposeReviewService/ComposeReview.cpp:138] req_id = 60160, t5 1682336402339807
I0424 11:40:02.843745 Main        (1919634) /home/lgw/Lumine-benchmarks/Experiments/02/src/0_ComposeReviewService/ComposeReview.cpp:135] req_id = 60163, t0 1682336402837658
I0424 11:40:02.843804 Main        (1919634) /home/lgw/Lumine-benchmarks/Experiments/02/src/0_ComposeReviewService/ComposeReview.cpp:138] req_id = 60163, t5 1682336402843802
I0424 11:40:03.339975 Main        (1919634) /home/lgw/Lumine-benchmarks/Experiments/02/src/0_ComposeReviewService/ComposeReview.cpp:135] req_id = 60164, t0 1682336403332903
I0424 11:40:03.340033 Main        (1919634) /home/lgw/Lumine-benchmarks/Experiments/02/src/0_ComposeReviewService/ComposeReview.cpp:138] req_id = 60164, t5 1682336403340032
I0424 11:40:03.842269 Main        (1919634) /home/lgw/Lumine-benchmarks/Experiments/02/src/0_ComposeReviewService/ComposeReview.cpp:135] req_id = 60167, t0 1682336403838264
I0424 11:40:03.842327 Main        (1919634) /home/lgw/Lumine-benchmarks/Experiments/02/src/0_ComposeReviewService/ComposeReview.cpp:138] req_id = 60167, t5 1682336403842326
I0424 11:40:04.338884 Main        (1919634) /home/lgw/Lumine-benchmarks/Experiments/02/src/0_ComposeReviewService/ComposeReview.cpp:135] req_id = 60168, t0 1682336404332805
I0424 11:40:04.338942 Main        (1919634) /home/lgw/Lumine-benchmarks/Experiments/02/src/0_ComposeReviewService/ComposeReview.cpp:138] req_id = 60168, t5 1682336404338941
I0424 11:40:04.844287 Main        (1919634) /home/lgw/Lumine-benchmarks/Experiments/02/src/0_ComposeReviewService/ComposeReview.cpp:135] req_id = 60171, t0 1682336404838048
I0424 11:40:04.844346 Main        (1919634) /home/lgw/Lumine-benchmarks/Experiments/02/src/0_ComposeReviewService/ComposeReview.cpp:138] req_id = 60171, t5 1682336404844344
I0424 11:40:05.340720 Main        (1919634) /home/lgw/Lumine-benchmarks/Experiments/02/src/0_ComposeReviewService/ComposeReview.cpp:135] req_id = 60172, t0 1682336405333651
I0424 11:40:05.340797 Main        (1919634) /home/lgw/Lumine-benchmarks/Experiments/02/src/0_ComposeReviewService/ComposeReview.cpp:138] req_id = 60172, t5 1682336405340796
I0424 11:40:06.344661 Main        (1919634) /home/lgw/Lumine-benchmarks/Experiments/02/src/0_ComposeReviewService/ComposeReview.cpp:135] req_id = 60177, t0 1682336406338515
I0424 11:40:06.344720 Main        (1919634) /home/lgw/Lumine-benchmarks/Experiments/02/src/0_ComposeReviewService/ComposeReview.cpp:138] req_id = 60177, t5 1682336406344718
I0424 11:40:06.839668 Main        (1919634) /home/lgw/Lumine-benchmarks/Experiments/02/src/0_ComposeReviewService/ComposeReview.cpp:135] req_id = 60178, t0 1682336406832168
I0424 11:40:06.839726 Main        (1919634) /home/lgw/Lumine-benchmarks/Experiments/02/src/0_ComposeReviewService/ComposeReview.cpp:138] req_id = 60178, t5 1682336406839725
I0424 11:40:07.344630 Main        (1919634) /home/lgw/Lumine-benchmarks/Experiments/02/src/0_ComposeReviewService/ComposeReview.cpp:135] req_id = 60181, t0 1682336407338665
I0424 11:40:07.344689 Main        (1919634) /home/lgw/Lumine-benchmarks/Experiments/02/src/0_ComposeReviewService/ComposeReview.cpp:138] req_id = 60181, t5 1682336407344687
I0424 11:40:07.839211 Main        (1919634) /home/lgw/Lumine-benchmarks/Experiments/02/src/0_ComposeReviewService/ComposeReview.cpp:135] req_id = 60182, t0 1682336407832159
I0424 11:40:07.839269 Main        (1919634) /home/lgw/Lumine-benchmarks/Experiments/02/src/0_ComposeReviewService/ComposeReview.cpp:138] req_id = 60182, t5 1682336407839268
I0424 11:40:08.344444 Main        (1919634) /home/lgw/Lumine-benchmarks/Experiments/02/src/0_ComposeReviewService/ComposeReview.cpp:135] req_id = 60185, t0 1682336408338387
I0424 11:40:08.344503 Main        (1919634) /home/lgw/Lumine-benchmarks/Experiments/02/src/0_ComposeReviewService/ComposeReview.cpp:138] req_id = 60185, t5 1682336408344501
I0424 11:40:08.840005 Main        (1919634) /home/lgw/Lumine-benchmarks/Experiments/02/src/0_ComposeReviewService/ComposeReview.cpp:135] req_id = 60186, t0 1682336408832800
I0424 11:40:08.840066 Main        (1919634) /home/lgw/Lumine-benchmarks/Experiments/02/src/0_ComposeReviewService/ComposeReview.cpp:138] req_id = 60186, t5 1682336408840064
I0424 11:40:09.844124 Main        (1919634) /home/lgw/Lumine-benchmarks/Experiments/02/src/0_ComposeReviewService/ComposeReview.cpp:135] req_id = 60191, t0 1682336409837887
I0424 11:40:09.844183 Main        (1919634) /home/lgw/Lumine-benchmarks/Experiments/02/src/0_ComposeReviewService/ComposeReview.cpp:138] req_id = 60191, t5 1682336409844181
I0424 11:40:10.337284 Main        (1919634) /home/lgw/Lumine-benchmarks/Experiments/02/src/0_ComposeReviewService/ComposeReview.cpp:135] req_id = 60192, t0 1682336410332441
I0424 11:40:10.337343 Main        (1919634) /home/lgw/Lumine-benchmarks/Experiments/02/src/0_ComposeReviewService/ComposeReview.cpp:138] req_id = 60192, t5 1682336410337342
I0424 11:40:10.345386 Main        (1919634) /home/lgw/Lumine-benchmarks/Experiments/02/src/0_ComposeReviewService/ComposeReview.cpp:135] req_id = 60193, t0 1682336410338343
I0424 11:40:10.345445 Main        (1919634) /home/lgw/Lumine-benchmarks/Experiments/02/src/0_ComposeReviewService/ComposeReview.cpp:138] req_id = 60193, t5 1682336410345443
I0424 11:40:10.839686 Main        (1919634) /home/lgw/Lumine-benchmarks/Experiments/02/src/0_ComposeReviewService/ComposeReview.cpp:135] req_id = 60194, t0 1682336410832694
I0424 11:40:10.839746 Main        (1919634) /home/lgw/Lumine-benchmarks/Experiments/02/src/0_ComposeReviewService/ComposeReview.cpp:138] req_id = 60194, t5 1682336410839744
I0424 11:40:11.345081 Main        (1919634) /home/lgw/Lumine-benchmarks/Experiments/02/src/0_ComposeReviewService/ComposeReview.cpp:135] req_id = 60197, t0 1682336411338805
I0424 11:40:11.345138 Main        (1919634) /home/lgw/Lumine-benchmarks/Experiments/02/src/0_ComposeReviewService/ComposeReview.cpp:138] req_id = 60197, t5 1682336411345137
I0424 11:40:11.837112 Main        (1919634) /home/lgw/Lumine-benchmarks/Experiments/02/src/0_ComposeReviewService/ComposeReview.cpp:135] req_id = 60198, t0 1682336411832422
I0424 11:40:11.837169 Main        (1919634) /home/lgw/Lumine-benchmarks/Experiments/02/src/0_ComposeReviewService/ComposeReview.cpp:138] req_id = 60198, t5 1682336411837167
I0424 11:40:11.842329 Main        (1919634) /home/lgw/Lumine-benchmarks/Experiments/02/src/0_ComposeReviewService/ComposeReview.cpp:135] req_id = 60199, t0 1682336411838262
I0424 11:40:11.842388 Main        (1919634) /home/lgw/Lumine-benchmarks/Experiments/02/src/0_ComposeReviewService/ComposeReview.cpp:138] req_id = 60199, t5 1682336411842387
I0424 11:40:12.339940 Main        (1919634) /home/lgw/Lumine-benchmarks/Experiments/02/src/0_ComposeReviewService/ComposeReview.cpp:135] req_id = 60200, t0 1682336412332624
I0424 11:40:12.339998 Main        (1919634) /home/lgw/Lumine-benchmarks/Experiments/02/src/0_ComposeReviewService/ComposeReview.cpp:138] req_id = 60200, t5 1682336412339997
I0424 11:40:12.844655 Main        (1919634) /home/lgw/Lumine-benchmarks/Experiments/02/src/0_ComposeReviewService/ComposeReview.cpp:135] req_id = 60203, t0 1682336412838266
I0424 11:40:12.844714 Main        (1919634) /home/lgw/Lumine-benchmarks/Experiments/02/src/0_ComposeReviewService/ComposeReview.cpp:138] req_id = 60203, t5 1682336412844713
I0424 11:40:13.339420 Main        (1919634) /home/lgw/Lumine-benchmarks/Experiments/02/src/0_ComposeReviewService/ComposeReview.cpp:135] req_id = 60204, t0 1682336413332087
I0424 11:40:13.339492 Main        (1919634) /home/lgw/Lumine-benchmarks/Experiments/02/src/0_ComposeReviewService/ComposeReview.cpp:138] req_id = 60204, t5 1682336413339490
I0424 11:40:13.845711 Main        (1919634) /home/lgw/Lumine-benchmarks/Experiments/02/src/0_ComposeReviewService/ComposeReview.cpp:135] req_id = 60207, t0 1682336413838225
I0424 11:40:13.845769 Main        (1919634) /home/lgw/Lumine-benchmarks/Experiments/02/src/0_ComposeReviewService/ComposeReview.cpp:138] req_id = 60207, t5 1682336413845768
I0424 11:40:14.341136 Main        (1919634) /home/lgw/Lumine-benchmarks/Experiments/02/src/0_ComposeReviewService/ComposeReview.cpp:135] req_id = 60208, t0 1682336414333608
I0424 11:40:14.341194 Main        (1919634) /home/lgw/Lumine-benchmarks/Experiments/02/src/0_ComposeReviewService/ComposeReview.cpp:138] req_id = 60208, t5 1682336414341193
I0424 11:40:14.841925 Main        (1919634) /home/lgw/Lumine-benchmarks/Experiments/02/src/0_ComposeReviewService/ComposeReview.cpp:135] req_id = 60211, t0 1682336414837879
I0424 11:40:14.841983 Main        (1919634) /home/lgw/Lumine-benchmarks/Experiments/02/src/0_ComposeReviewService/ComposeReview.cpp:138] req_id = 60211, t5 1682336414841982
I0424 11:40:15.340671 Main        (1919634) /home/lgw/Lumine-benchmarks/Experiments/02/src/0_ComposeReviewService/ComposeReview.cpp:135] req_id = 60212, t0 1682336415333479
I0424 11:40:15.340729 Main        (1919634) /home/lgw/Lumine-benchmarks/Experiments/02/src/0_ComposeReviewService/ComposeReview.cpp:138] req_id = 60212, t5 1682336415340728
I0424 11:40:15.842647 Main        (1919634) /home/lgw/Lumine-benchmarks/Experiments/02/src/0_ComposeReviewService/ComposeReview.cpp:135] req_id = 60215, t0 1682336415838429
I0424 11:40:15.842706 Main        (1919634) /home/lgw/Lumine-benchmarks/Experiments/02/src/0_ComposeReviewService/ComposeReview.cpp:138] req_id = 60215, t5 1682336415842704
I0424 11:40:16.339718 Main        (1919634) /home/lgw/Lumine-benchmarks/Experiments/02/src/0_ComposeReviewService/ComposeReview.cpp:135] req_id = 60216, t0 1682336416332889
I0424 11:40:16.339777 Main        (1919634) /home/lgw/Lumine-benchmarks/Experiments/02/src/0_ComposeReviewService/ComposeReview.cpp:138] req_id = 60216, t5 1682336416339776
I0424 11:40:16.844259 Main        (1919634) /home/lgw/Lumine-benchmarks/Experiments/02/src/0_ComposeReviewService/ComposeReview.cpp:135] req_id = 60219, t0 1682336416838181
I0424 11:40:16.844317 Main        (1919634) /home/lgw/Lumine-benchmarks/Experiments/02/src/0_ComposeReviewService/ComposeReview.cpp:138] req_id = 60219, t5 1682336416844316
I0424 11:40:17.339380 Main        (1919634) /home/lgw/Lumine-benchmarks/Experiments/02/src/0_ComposeReviewService/ComposeReview.cpp:135] req_id = 60220, t0 1682336417332344
I0424 11:40:17.339439 Main        (1919634) /home/lgw/Lumine-benchmarks/Experiments/02/src/0_ComposeReviewService/ComposeReview.cpp:138] req_id = 60220, t5 1682336417339437
I0424 11:40:18.843621 Main        (1919634) /home/lgw/Lumine-benchmarks/Experiments/02/src/0_ComposeReviewService/ComposeReview.cpp:135] req_id = 60227, t0 1682336418837543
I0424 11:40:18.843680 Main        (1919634) /home/lgw/Lumine-benchmarks/Experiments/02/src/0_ComposeReviewService/ComposeReview.cpp:138] req_id = 60227, t5 1682336418843678
I0424 11:40:19.340105 Main        (1919634) /home/lgw/Lumine-benchmarks/Experiments/02/src/0_ComposeReviewService/ComposeReview.cpp:135] req_id = 60228, t0 1682336419332741
I0424 11:40:19.340168 Main        (1919634) /home/lgw/Lumine-benchmarks/Experiments/02/src/0_ComposeReviewService/ComposeReview.cpp:138] req_id = 60228, t5 1682336419340167
I0424 11:40:20.342454 Main        (1919634) /home/lgw/Lumine-benchmarks/Experiments/02/src/0_ComposeReviewService/ComposeReview.cpp:135] req_id = 60233, t0 1682336420338270
I0424 11:40:20.342513 Main        (1919634) /home/lgw/Lumine-benchmarks/Experiments/02/src/0_ComposeReviewService/ComposeReview.cpp:138] req_id = 60233, t5 1682336420342512
I0424 11:40:20.839784 Main        (1919634) /home/lgw/Lumine-benchmarks/Experiments/02/src/0_ComposeReviewService/ComposeReview.cpp:135] req_id = 60234, t0 1682336420832759
I0424 11:40:20.839858 Main        (1919634) /home/lgw/Lumine-benchmarks/Experiments/02/src/0_ComposeReviewService/ComposeReview.cpp:138] req_id = 60234, t5 1682336420839857
I0424 11:40:21.844103 Main        (1919634) /home/lgw/Lumine-benchmarks/Experiments/02/src/0_ComposeReviewService/ComposeReview.cpp:135] req_id = 60239, t0 1682336421838008
I0424 11:40:21.844162 Main        (1919634) /home/lgw/Lumine-benchmarks/Experiments/02/src/0_ComposeReviewService/ComposeReview.cpp:138] req_id = 60239, t5 1682336421844161
I0424 11:40:22.340517 Main        (1919634) /home/lgw/Lumine-benchmarks/Experiments/02/src/0_ComposeReviewService/ComposeReview.cpp:135] req_id = 60240, t0 1682336422333206
I0424 11:40:22.340576 Main        (1919634) /home/lgw/Lumine-benchmarks/Experiments/02/src/0_ComposeReviewService/ComposeReview.cpp:138] req_id = 60240, t5 1682336422340574
I0424 11:40:22.842178 Main        (1919634) /home/lgw/Lumine-benchmarks/Experiments/02/src/0_ComposeReviewService/ComposeReview.cpp:135] req_id = 60243, t0 1682336422837967
I0424 11:40:22.842241 Main        (1919634) /home/lgw/Lumine-benchmarks/Experiments/02/src/0_ComposeReviewService/ComposeReview.cpp:138] req_id = 60243, t5 1682336422842240
