I0424 11:39:13.978095 Main        (1919719) /home/lgw/Lumine-benchmarks/Lumine/lib/base/thread.cpp:96] Register main thread: tid=1919719
I0424 11:39:13.979902 Main        (1919719) /home/lgw/Lumine-benchmarks/Lumine/lib/common/config.cpp:332] Load configuration for function exp02UploadMovieId1[20]
I0424 11:39:13.980039 Main        (1919719) /home/lgw/Lumine-benchmarks/Lumine/lib/common/config.cpp:332] Load configuration for function exp02UploadText1[21]
I0424 11:39:13.980092 Main        (1919719) /home/lgw/Lumine-benchmarks/Lumine/lib/common/config.cpp:332] Load configuration for function exp02UploadUniqueId1[22]
I0424 11:39:13.980128 Main        (1919719) /home/lgw/Lumine-benchmarks/Lumine/lib/common/config.cpp:332] Load configuration for function exp02UploadUserId1[23]
I0424 11:39:13.980157 Main        (1919719) /home/lgw/Lumine-benchmarks/Lumine/lib/common/config.cpp:332] Load configuration for function exp02UploadRating2[24]
I0424 11:39:13.980192 Main        (1919719) /home/lgw/Lumine-benchmarks/Lumine/lib/common/config.cpp:332] Load configuration for function exp02UploadMovieId3[25]
I0424 11:39:13.980220 Main        (1919719) /home/lgw/Lumine-benchmarks/Lumine/lib/common/config.cpp:332] Load configuration for function exp02UploadRating3[26]
I0424 11:39:13.980246 Main        (1919719) /home/lgw/Lumine-benchmarks/Lumine/lib/common/config.cpp:332] Load configuration for function exp02UploadText3[27]
I0424 11:39:13.980272 Main        (1919719) /home/lgw/Lumine-benchmarks/Lumine/lib/common/config.cpp:332] Load configuration for function exp02UploadUniqueId3[28]
I0424 11:39:13.980301 Main        (1919719) /home/lgw/Lumine-benchmarks/Lumine/lib/common/config.cpp:332] Load configuration for function exp02UploadUserId3[29]
I0424 11:39:13.980327 Main        (1919719) /home/lgw/Lumine-benchmarks/Lumine/lib/common/config.cpp:332] Load configuration for function exp02UploadMovieReview4[30]
I0424 11:39:13.980353 Main        (1919719) /home/lgw/Lumine-benchmarks/Lumine/lib/common/config.cpp:332] Load configuration for function exp02ReadReview4[31]
I0424 11:39:13.980378 Main        (1919719) /home/lgw/Lumine-benchmarks/Lumine/lib/common/config.cpp:332] Load configuration for function exp02StoreReview4[32]
I0424 11:39:13.980408 Main        (1919719) /home/lgw/Lumine-benchmarks/Lumine/lib/common/config.cpp:332] Load configuration for function exp02UploadUserReview4[33]
I0424 11:39:13.980449 Main        (1919719) /home/lgw/Lumine-benchmarks/Lumine/lib/common/config.cpp:332] Load configuration for function exp02RegisterMovieId[34]
I0424 11:39:13.980483 Main        (1919719) /home/lgw/Lumine-benchmarks/Lumine/lib/common/config.cpp:332] Load configuration for function exp02ComposeReview[35]
I0424 11:39:13.980646 Main        (1919719) /home/lgw/Lumine-benchmarks/Lumine/src/host/worker/cpp/func_worker.cpp:107] My client_id is 11
I0424 11:39:13.980715 Main        (1919719) /home/lgw/Lumine-benchmarks/Lumine/src/host/worker/cpp/func_worker.cpp:173] Use extra pipes for messages
I0424 11:39:13.981064 Main        (1919719) /home/lgw/Lumine-benchmarks/Lumine/src/host/worker/cpp/func_worker.cpp:195] Handshake done
I0424 11:39:22.970409 Main        (1919719) /home/lgw/Lumine-benchmarks/Experiments/02/src/1_MovieIdService/UploadMovieId1.cpp:64] req_id = 60003, t1 1682336362859323
I0424 11:39:23.339960 Main        (1919719) /home/lgw/Lumine-benchmarks/Experiments/02/src/1_MovieIdService/UploadMovieId1.cpp:64] req_id = 60004, t1 1682336363333014
I0424 11:39:23.844223 Main        (1919719) /home/lgw/Lumine-benchmarks/Experiments/02/src/1_MovieIdService/UploadMovieId1.cpp:64] req_id = 60007, t1 1682336363838581
I0424 11:39:24.340197 Main        (1919719) /home/lgw/Lumine-benchmarks/Experiments/02/src/1_MovieIdService/UploadMovieId1.cpp:64] req_id = 60008, t1 1682336364333560
I0424 11:39:24.843924 Main        (1919719) /home/lgw/Lumine-benchmarks/Experiments/02/src/1_MovieIdService/UploadMovieId1.cpp:64] req_id = 60011, t1 1682336364838495
I0424 11:39:25.339435 Main        (1919719) /home/lgw/Lumine-benchmarks/Experiments/02/src/1_MovieIdService/UploadMovieId1.cpp:64] req_id = 60012, t1 1682336365333234
I0424 11:39:25.843897 Main        (1919719) /home/lgw/Lumine-benchmarks/Experiments/02/src/1_MovieIdService/UploadMovieId1.cpp:64] req_id = 60015, t1 1682336365838299
I0424 11:39:26.339574 Main        (1919719) /home/lgw/Lumine-benchmarks/Experiments/02/src/1_MovieIdService/UploadMovieId1.cpp:64] req_id = 60016, t1 1682336366333235
I0424 11:39:26.844625 Main        (1919719) /home/lgw/Lumine-benchmarks/Experiments/02/src/1_MovieIdService/UploadMovieId1.cpp:64] req_id = 60019, t1 1682336366838803
I0424 11:39:27.339179 Main        (1919719) /home/lgw/Lumine-benchmarks/Experiments/02/src/1_MovieIdService/UploadMovieId1.cpp:64] req_id = 60020, t1 1682336367332947
I0424 11:39:27.844086 Main        (1919719) /home/lgw/Lumine-benchmarks/Experiments/02/src/1_MovieIdService/UploadMovieId1.cpp:64] req_id = 60023, t1 1682336367838437
I0424 11:39:28.339775 Main        (1919719) /home/lgw/Lumine-benchmarks/Experiments/02/src/1_MovieIdService/UploadMovieId1.cpp:64] req_id = 60024, t1 1682336368333354
I0424 11:39:29.344503 Main        (1919719) /home/lgw/Lumine-benchmarks/Experiments/02/src/1_MovieIdService/UploadMovieId1.cpp:64] req_id = 60029, t1 1682336369338798
I0424 11:39:29.836727 Main        (1919719) /home/lgw/Lumine-benchmarks/Experiments/02/src/1_MovieIdService/UploadMovieId1.cpp:64] req_id = 60030, t1 1682336369832833
I0424 11:39:29.844344 Main        (1919719) /home/lgw/Lumine-benchmarks/Experiments/02/src/1_MovieIdService/UploadMovieId1.cpp:64] req_id = 60031, t1 1682336369838464
I0424 11:39:30.339121 Main        (1919719) /home/lgw/Lumine-benchmarks/Experiments/02/src/1_MovieIdService/UploadMovieId1.cpp:64] req_id = 60032, t1 1682336370332702
I0424 11:39:30.843573 Main        (1919719) /home/lgw/Lumine-benchmarks/Experiments/02/src/1_MovieIdService/UploadMovieId1.cpp:64] req_id = 60035, t1 1682336370837745
I0424 11:39:31.339317 Main        (1919719) /home/lgw/Lumine-benchmarks/Experiments/02/src/1_MovieIdService/UploadMovieId1.cpp:64] req_id = 60036, t1 1682336371332773
I0424 11:39:31.844504 Main        (1919719) /home/lgw/Lumine-benchmarks/Experiments/02/src/1_MovieIdService/UploadMovieId1.cpp:64] req_id = 60039, t1 1682336371838907
I0424 11:39:32.339461 Main        (1919719) /home/lgw/Lumine-benchmarks/Experiments/02/src/1_MovieIdService/UploadMovieId1.cpp:64] req_id = 60040, t1 1682336372333011
I0424 11:39:32.844211 Main        (1919719) /home/lgw/Lumine-benchmarks/Experiments/02/src/1_MovieIdService/UploadMovieId1.cpp:64] req_id = 60043, t1 1682336372838488
I0424 11:39:33.339530 Main        (1919719) /home/lgw/Lumine-benchmarks/Experiments/02/src/1_MovieIdService/UploadMovieId1.cpp:64] req_id = 60044, t1 1682336373333204
I0424 11:39:33.844108 Main        (1919719) /home/lgw/Lumine-benchmarks/Experiments/02/src/1_MovieIdService/UploadMovieId1.cpp:64] req_id = 60047, t1 1682336373838609
I0424 11:39:34.339792 Main        (1919719) /home/lgw/Lumine-benchmarks/Experiments/02/src/1_MovieIdService/UploadMovieId1.cpp:64] req_id = 60048, t1 1682336374333132
I0424 11:39:34.844718 Main        (1919719) /home/lgw/Lumine-benchmarks/Experiments/02/src/1_MovieIdService/UploadMovieId1.cpp:64] req_id = 60051, t1 1682336374839055
I0424 11:39:35.339535 Main        (1919719) /home/lgw/Lumine-benchmarks/Experiments/02/src/1_MovieIdService/UploadMovieId1.cpp:64] req_id = 60052, t1 1682336375333583
I0424 11:39:35.843925 Main        (1919719) /home/lgw/Lumine-benchmarks/Experiments/02/src/1_MovieIdService/UploadMovieId1.cpp:64] req_id = 60055, t1 1682336375838423
I0424 11:39:36.338952 Main        (1919719) /home/lgw/Lumine-benchmarks/Experiments/02/src/1_MovieIdService/UploadMovieId1.cpp:64] req_id = 60056, t1 1682336376332739
I0424 11:39:36.844811 Main        (1919719) /home/lgw/Lumine-benchmarks/Experiments/02/src/1_MovieIdService/UploadMovieId1.cpp:64] req_id = 60059, t1 1682336376838814
I0424 11:39:37.340639 Main        (1919719) /home/lgw/Lumine-benchmarks/Experiments/02/src/1_MovieIdService/UploadMovieId1.cpp:64] req_id = 60060, t1 1682336377333835
I0424 11:39:37.844461 Main        (1919719) /home/lgw/Lumine-benchmarks/Experiments/02/src/1_MovieIdService/UploadMovieId1.cpp:64] req_id = 60063, t1 1682336377838794
I0424 11:39:38.339176 Main        (1919719) /home/lgw/Lumine-benchmarks/Experiments/02/src/1_MovieIdService/UploadMovieId1.cpp:64] req_id = 60064, t1 1682336378332502
I0424 11:39:38.844672 Main        (1919719) /home/lgw/Lumine-benchmarks/Experiments/02/src/1_MovieIdService/UploadMovieId1.cpp:64] req_id = 60067, t1 1682336378838962
I0424 11:39:39.339200 Main        (1919719) /home/lgw/Lumine-benchmarks/Experiments/02/src/1_MovieIdService/UploadMovieId1.cpp:64] req_id = 60068, t1 1682336379332708
I0424 11:39:39.844124 Main        (1919719) /home/lgw/Lumine-benchmarks/Experiments/02/src/1_MovieIdService/UploadMovieId1.cpp:64] req_id = 60071, t1 1682336379838400
I0424 11:39:40.339758 Main        (1919719) /home/lgw/Lumine-benchmarks/Experiments/02/src/1_MovieIdService/UploadMovieId1.cpp:64] req_id = 60072, t1 1682336380333123
I0424 11:39:41.843280 Main        (1919719) /home/lgw/Lumine-benchmarks/Experiments/02/src/1_MovieIdService/UploadMovieId1.cpp:64] req_id = 60079, t1 1682336381837700
I0424 11:39:42.338574 Main        (1919719) /home/lgw/Lumine-benchmarks/Experiments/02/src/1_MovieIdService/UploadMovieId1.cpp:64] req_id = 60080, t1 1682336382332410
I0424 11:39:42.842648 Main        (1919719) /home/lgw/Lumine-benchmarks/Experiments/02/src/1_MovieIdService/UploadMovieId1.cpp:64] req_id = 60083, t1 1682336382839189
I0424 11:39:43.339932 Main        (1919719) /home/lgw/Lumine-benchmarks/Experiments/02/src/1_MovieIdService/UploadMovieId1.cpp:64] req_id = 60084, t1 1682336383333675
I0424 11:39:43.844177 Main        (1919719) /home/lgw/Lumine-benchmarks/Experiments/02/src/1_MovieIdService/UploadMovieId1.cpp:64] req_id = 60087, t1 1682336383838544
I0424 11:39:44.340257 Main        (1919719) /home/lgw/Lumine-benchmarks/Experiments/02/src/1_MovieIdService/UploadMovieId1.cpp:64] req_id = 60088, t1 1682336384333337
I0424 11:39:44.844410 Main        (1919719) /home/lgw/Lumine-benchmarks/Experiments/02/src/1_MovieIdService/UploadMovieId1.cpp:64] req_id = 60091, t1 1682336384838586
I0424 11:39:45.338985 Main        (1919719) /home/lgw/Lumine-benchmarks/Experiments/02/src/1_MovieIdService/UploadMovieId1.cpp:64] req_id = 60092, t1 1682336385332595
I0424 11:39:45.844403 Main        (1919719) /home/lgw/Lumine-benchmarks/Experiments/02/src/1_MovieIdService/UploadMovieId1.cpp:64] req_id = 60095, t1 1682336385838526
I0424 11:39:46.340815 Main        (1919719) /home/lgw/Lumine-benchmarks/Experiments/02/src/1_MovieIdService/UploadMovieId1.cpp:64] req_id = 60096, t1 1682336386332507
I0424 11:39:46.843987 Main        (1919719) /home/lgw/Lumine-benchmarks/Experiments/02/src/1_MovieIdService/UploadMovieId1.cpp:64] req_id = 60099, t1 1682336386838308
I0424 11:39:47.339676 Main        (1919719) /home/lgw/Lumine-benchmarks/Experiments/02/src/1_MovieIdService/UploadMovieId1.cpp:64] req_id = 60100, t1 1682336387333011
I0424 11:39:47.843968 Main        (1919719) /home/lgw/Lumine-benchmarks/Experiments/02/src/1_MovieIdService/UploadMovieId1.cpp:64] req_id = 60103, t1 1682336387838501
I0424 11:39:48.339453 Main        (1919719) /home/lgw/Lumine-benchmarks/Experiments/02/src/1_MovieIdService/UploadMovieId1.cpp:64] req_id = 60104, t1 1682336388332979
I0424 11:39:48.844429 Main        (1919719) /home/lgw/Lumine-benchmarks/Experiments/02/src/1_MovieIdService/UploadMovieId1.cpp:64] req_id = 60107, t1 1682336388838628
I0424 11:39:49.338787 Main        (1919719) /home/lgw/Lumine-benchmarks/Experiments/02/src/1_MovieIdService/UploadMovieId1.cpp:64] req_id = 60108, t1 1682336389332569
I0424 11:39:49.844208 Main        (1919719) /home/lgw/Lumine-benchmarks/Experiments/02/src/1_MovieIdService/UploadMovieId1.cpp:64] req_id = 60111, t1 1682336389838572
I0424 11:39:50.338165 Main        (1919719) /home/lgw/Lumine-benchmarks/Experiments/02/src/1_MovieIdService/UploadMovieId1.cpp:64] req_id = 60112, t1 1682336390334278
I0424 11:39:50.844269 Main        (1919719) /home/lgw/Lumine-benchmarks/Experiments/02/src/1_MovieIdService/UploadMovieId1.cpp:64] req_id = 60115, t1 1682336390838560
I0424 11:39:51.339820 Main        (1919719) /home/lgw/Lumine-benchmarks/Experiments/02/src/1_MovieIdService/UploadMovieId1.cpp:64] req_id = 60116, t1 1682336391333381
I0424 11:39:51.844383 Main        (1919719) /home/lgw/Lumine-benchmarks/Experiments/02/src/1_MovieIdService/UploadMovieId1.cpp:64] req_id = 60119, t1 1682336391838615
I0424 11:39:52.339883 Main        (1919719) /home/lgw/Lumine-benchmarks/Experiments/02/src/1_MovieIdService/UploadMovieId1.cpp:64] req_id = 60120, t1 1682336392333363
I0424 11:39:53.343495 Main        (1919719) /home/lgw/Lumine-benchmarks/Experiments/02/src/1_MovieIdService/UploadMovieId1.cpp:64] req_id = 60125, t1 1682336393337974
I0424 11:39:53.840425 Main        (1919719) /home/lgw/Lumine-benchmarks/Experiments/02/src/1_MovieIdService/UploadMovieId1.cpp:64] req_id = 60126, t1 1682336393834142
I0424 11:39:54.344742 Main        (1919719) /home/lgw/Lumine-benchmarks/Experiments/02/src/1_MovieIdService/UploadMovieId1.cpp:64] req_id = 60129, t1 1682336394339057
I0424 11:39:54.840480 Main        (1919719) /home/lgw/Lumine-benchmarks/Experiments/02/src/1_MovieIdService/UploadMovieId1.cpp:64] req_id = 60130, t1 1682336394833986
I0424 11:39:55.344264 Main        (1919719) /home/lgw/Lumine-benchmarks/Experiments/02/src/1_MovieIdService/UploadMovieId1.cpp:64] req_id = 60133, t1 1682336395338795
I0424 11:39:55.838576 Main        (1919719) /home/lgw/Lumine-benchmarks/Experiments/02/src/1_MovieIdService/UploadMovieId1.cpp:64] req_id = 60134, t1 1682336395832339
I0424 11:39:56.344594 Main        (1919719) /home/lgw/Lumine-benchmarks/Experiments/02/src/1_MovieIdService/UploadMovieId1.cpp:64] req_id = 60137, t1 1682336396339088
I0424 11:39:56.839305 Main        (1919719) /home/lgw/Lumine-benchmarks/Experiments/02/src/1_MovieIdService/UploadMovieId1.cpp:64] req_id = 60138, t1 1682336396832739
I0424 11:39:57.344927 Main        (1919719) /home/lgw/Lumine-benchmarks/Experiments/02/src/1_MovieIdService/UploadMovieId1.cpp:64] req_id = 60141, t1 1682336397339156
I0424 11:39:57.839116 Main        (1919719) /home/lgw/Lumine-benchmarks/Experiments/02/src/1_MovieIdService/UploadMovieId1.cpp:64] req_id = 60142, t1 1682336397832920
I0424 11:39:58.342645 Main        (1919719) /home/lgw/Lumine-benchmarks/Experiments/02/src/1_MovieIdService/UploadMovieId1.cpp:64] req_id = 60145, t1 1682336398338929
I0424 11:39:58.839266 Main        (1919719) /home/lgw/Lumine-benchmarks/Experiments/02/src/1_MovieIdService/UploadMovieId1.cpp:64] req_id = 60146, t1 1682336398832724
I0424 11:39:59.344025 Main        (1919719) /home/lgw/Lumine-benchmarks/Experiments/02/src/1_MovieIdService/UploadMovieId1.cpp:64] req_id = 60149, t1 1682336399338501
I0424 11:39:59.839727 Main        (1919719) /home/lgw/Lumine-benchmarks/Experiments/02/src/1_MovieIdService/UploadMovieId1.cpp:64] req_id = 60150, t1 1682336399833324
I0424 11:40:00.844217 Main        (1919719) /home/lgw/Lumine-benchmarks/Experiments/02/src/1_MovieIdService/UploadMovieId1.cpp:64] req_id = 60155, t1 1682336400838425
I0424 11:40:01.339870 Main        (1919719) /home/lgw/Lumine-benchmarks/Experiments/02/src/1_MovieIdService/UploadMovieId1.cpp:64] req_id = 60156, t1 1682336401333301
I0424 11:40:01.844809 Main        (1919719) /home/lgw/Lumine-benchmarks/Experiments/02/src/1_MovieIdService/UploadMovieId1.cpp:64] req_id = 60159, t1 1682336401839165
I0424 11:40:02.339504 Main        (1919719) /home/lgw/Lumine-benchmarks/Experiments/02/src/1_MovieIdService/UploadMovieId1.cpp:64] req_id = 60160, t1 1682336402332866
I0424 11:40:02.843502 Main        (1919719) /home/lgw/Lumine-benchmarks/Experiments/02/src/1_MovieIdService/UploadMovieId1.cpp:64] req_id = 60163, t1 1682336402838058
I0424 11:40:03.339734 Main        (1919719) /home/lgw/Lumine-benchmarks/Experiments/02/src/1_MovieIdService/UploadMovieId1.cpp:64] req_id = 60164, t1 1682336403333307
I0424 11:40:03.842024 Main        (1919719) /home/lgw/Lumine-benchmarks/Experiments/02/src/1_MovieIdService/UploadMovieId1.cpp:64] req_id = 60167, t1 1682336403838636
I0424 11:40:04.338629 Main        (1919719) /home/lgw/Lumine-benchmarks/Experiments/02/src/1_MovieIdService/UploadMovieId1.cpp:64] req_id = 60168, t1 1682336404333208
I0424 11:40:04.844043 Main        (1919719) /home/lgw/Lumine-benchmarks/Experiments/02/src/1_MovieIdService/UploadMovieId1.cpp:64] req_id = 60171, t1 1682336404838387
I0424 11:40:05.340476 Main        (1919719) /home/lgw/Lumine-benchmarks/Experiments/02/src/1_MovieIdService/UploadMovieId1.cpp:64] req_id = 60172, t1 1682336405334056
I0424 11:40:06.344417 Main        (1919719) /home/lgw/Lumine-benchmarks/Experiments/02/src/1_MovieIdService/UploadMovieId1.cpp:64] req_id = 60177, t1 1682336406338858
I0424 11:40:06.839425 Main        (1919719) /home/lgw/Lumine-benchmarks/Experiments/02/src/1_MovieIdService/UploadMovieId1.cpp:64] req_id = 60178, t1 1682336406832574
I0424 11:40:07.344385 Main        (1919719) /home/lgw/Lumine-benchmarks/Experiments/02/src/1_MovieIdService/UploadMovieId1.cpp:64] req_id = 60181, t1 1682336407339004
I0424 11:40:07.838966 Main        (1919719) /home/lgw/Lumine-benchmarks/Experiments/02/src/1_MovieIdService/UploadMovieId1.cpp:64] req_id = 60182, t1 1682336407832565
I0424 11:40:08.344199 Main        (1919719) /home/lgw/Lumine-benchmarks/Experiments/02/src/1_MovieIdService/UploadMovieId1.cpp:64] req_id = 60185, t1 1682336408338760
I0424 11:40:08.839736 Main        (1919719) /home/lgw/Lumine-benchmarks/Experiments/02/src/1_MovieIdService/UploadMovieId1.cpp:64] req_id = 60186, t1 1682336408833214
I0424 11:40:09.843880 Main        (1919719) /home/lgw/Lumine-benchmarks/Experiments/02/src/1_MovieIdService/UploadMovieId1.cpp:64] req_id = 60191, t1 1682336409838286
I0424 11:40:10.337037 Main        (1919719) /home/lgw/Lumine-benchmarks/Experiments/02/src/1_MovieIdService/UploadMovieId1.cpp:64] req_id = 60192, t1 1682336410332847
I0424 11:40:10.345138 Main        (1919719) /home/lgw/Lumine-benchmarks/Experiments/02/src/1_MovieIdService/UploadMovieId1.cpp:64] req_id = 60193, t1 1682336410338746
I0424 11:40:10.839446 Main        (1919719) /home/lgw/Lumine-benchmarks/Experiments/02/src/1_MovieIdService/UploadMovieId1.cpp:64] req_id = 60194, t1 1682336410833121
I0424 11:40:11.344839 Main        (1919719) /home/lgw/Lumine-benchmarks/Experiments/02/src/1_MovieIdService/UploadMovieId1.cpp:64] req_id = 60197, t1 1682336411339143
I0424 11:40:11.836870 Main        (1919719) /home/lgw/Lumine-benchmarks/Experiments/02/src/1_MovieIdService/UploadMovieId1.cpp:64] req_id = 60198, t1 1682336411832832
I0424 11:40:11.842082 Main        (1919719) /home/lgw/Lumine-benchmarks/Experiments/02/src/1_MovieIdService/UploadMovieId1.cpp:64] req_id = 60199, t1 1682336411838665
I0424 11:40:12.339702 Main        (1919719) /home/lgw/Lumine-benchmarks/Experiments/02/src/1_MovieIdService/UploadMovieId1.cpp:64] req_id = 60200, t1 1682336412333029
I0424 11:40:12.844412 Main        (1919719) /home/lgw/Lumine-benchmarks/Experiments/02/src/1_MovieIdService/UploadMovieId1.cpp:64] req_id = 60203, t1 1682336412838644
I0424 11:40:13.339178 Main        (1919719) /home/lgw/Lumine-benchmarks/Experiments/02/src/1_MovieIdService/UploadMovieId1.cpp:64] req_id = 60204, t1 1682336413332497
I0424 11:40:13.845468 Main        (1919719) /home/lgw/Lumine-benchmarks/Experiments/02/src/1_MovieIdService/UploadMovieId1.cpp:64] req_id = 60207, t1 1682336413838631
I0424 11:40:14.340894 Main        (1919719) /home/lgw/Lumine-benchmarks/Experiments/02/src/1_MovieIdService/UploadMovieId1.cpp:64] req_id = 60208, t1 1682336414334014
I0424 11:40:14.841679 Main        (1919719) /home/lgw/Lumine-benchmarks/Experiments/02/src/1_MovieIdService/UploadMovieId1.cpp:64] req_id = 60211, t1 1682336414838215
I0424 11:40:15.340430 Main        (1919719) /home/lgw/Lumine-benchmarks/Experiments/02/src/1_MovieIdService/UploadMovieId1.cpp:64] req_id = 60212, t1 1682336415333887
I0424 11:40:15.842400 Main        (1919719) /home/lgw/Lumine-benchmarks/Experiments/02/src/1_MovieIdService/UploadMovieId1.cpp:64] req_id = 60215, t1 1682336415838762
I0424 11:40:16.339463 Main        (1919719) /home/lgw/Lumine-benchmarks/Experiments/02/src/1_MovieIdService/UploadMovieId1.cpp:64] req_id = 60216, t1 1682336416333296
I0424 11:40:16.844013 Main        (1919719) /home/lgw/Lumine-benchmarks/Experiments/02/src/1_MovieIdService/UploadMovieId1.cpp:64] req_id = 60219, t1 1682336416838516
I0424 11:40:17.339140 Main        (1919719) /home/lgw/Lumine-benchmarks/Experiments/02/src/1_MovieIdService/UploadMovieId1.cpp:64] req_id = 60220, t1 1682336417332747
I0424 11:40:18.843373 Main        (1919719) /home/lgw/Lumine-benchmarks/Experiments/02/src/1_MovieIdService/UploadMovieId1.cpp:64] req_id = 60227, t1 1682336418837878
I0424 11:40:19.339835 Main        (1919719) /home/lgw/Lumine-benchmarks/Experiments/02/src/1_MovieIdService/UploadMovieId1.cpp:64] req_id = 60228, t1 1682336419333166
I0424 11:40:20.342206 Main        (1919719) /home/lgw/Lumine-benchmarks/Experiments/02/src/1_MovieIdService/UploadMovieId1.cpp:64] req_id = 60233, t1 1682336420338638
I0424 11:40:20.839540 Main        (1919719) /home/lgw/Lumine-benchmarks/Experiments/02/src/1_MovieIdService/UploadMovieId1.cpp:64] req_id = 60234, t1 1682336420833180
I0424 11:40:21.843855 Main        (1919719) /home/lgw/Lumine-benchmarks/Experiments/02/src/1_MovieIdService/UploadMovieId1.cpp:64] req_id = 60239, t1 1682336421838343
I0424 11:40:22.340276 Main        (1919719) /home/lgw/Lumine-benchmarks/Experiments/02/src/1_MovieIdService/UploadMovieId1.cpp:64] req_id = 60240, t1 1682336422333615
I0424 11:40:22.841915 Main        (1919719) /home/lgw/Lumine-benchmarks/Experiments/02/src/1_MovieIdService/UploadMovieId1.cpp:64] req_id = 60243, t1 1682336422838347
