I0424 11:39:21.947738 Main        (1920388) /home/lgw/Lumine-benchmarks/Lumine/lib/base/thread.cpp:96] Register main thread: tid=1920388
I0424 11:39:21.950676 Main        (1920388) /home/lgw/Lumine-benchmarks/Lumine/lib/common/config.cpp:332] Load configuration for function exp02UploadMovieId1[20]
I0424 11:39:21.950892 Main        (1920388) /home/lgw/Lumine-benchmarks/Lumine/lib/common/config.cpp:332] Load configuration for function exp02UploadText1[21]
I0424 11:39:21.950967 Main        (1920388) /home/lgw/Lumine-benchmarks/Lumine/lib/common/config.cpp:332] Load configuration for function exp02UploadUniqueId1[22]
I0424 11:39:21.951022 Main        (1920388) /home/lgw/Lumine-benchmarks/Lumine/lib/common/config.cpp:332] Load configuration for function exp02UploadUserId1[23]
I0424 11:39:21.951074 Main        (1920388) /home/lgw/Lumine-benchmarks/Lumine/lib/common/config.cpp:332] Load configuration for function exp02UploadRating2[24]
I0424 11:39:21.951130 Main        (1920388) /home/lgw/Lumine-benchmarks/Lumine/lib/common/config.cpp:332] Load configuration for function exp02UploadMovieId3[25]
I0424 11:39:21.951175 Main        (1920388) /home/lgw/Lumine-benchmarks/Lumine/lib/common/config.cpp:332] Load configuration for function exp02UploadRating3[26]
I0424 11:39:21.951219 Main        (1920388) /home/lgw/Lumine-benchmarks/Lumine/lib/common/config.cpp:332] Load configuration for function exp02UploadText3[27]
I0424 11:39:21.951262 Main        (1920388) /home/lgw/Lumine-benchmarks/Lumine/lib/common/config.cpp:332] Load configuration for function exp02UploadUniqueId3[28]
I0424 11:39:21.951310 Main        (1920388) /home/lgw/Lumine-benchmarks/Lumine/lib/common/config.cpp:332] Load configuration for function exp02UploadUserId3[29]
I0424 11:39:21.951356 Main        (1920388) /home/lgw/Lumine-benchmarks/Lumine/lib/common/config.cpp:332] Load configuration for function exp02UploadMovieReview4[30]
I0424 11:39:21.951399 Main        (1920388) /home/lgw/Lumine-benchmarks/Lumine/lib/common/config.cpp:332] Load configuration for function exp02ReadReview4[31]
I0424 11:39:21.951443 Main        (1920388) /home/lgw/Lumine-benchmarks/Lumine/lib/common/config.cpp:332] Load configuration for function exp02StoreReview4[32]
I0424 11:39:21.951491 Main        (1920388) /home/lgw/Lumine-benchmarks/Lumine/lib/common/config.cpp:332] Load configuration for function exp02UploadUserReview4[33]
I0424 11:39:21.951549 Main        (1920388) /home/lgw/Lumine-benchmarks/Lumine/lib/common/config.cpp:332] Load configuration for function exp02RegisterMovieId[34]
I0424 11:39:21.951598 Main        (1920388) /home/lgw/Lumine-benchmarks/Lumine/lib/common/config.cpp:332] Load configuration for function exp02ComposeReview[35]
I0424 11:39:21.951861 Main        (1920388) /home/lgw/Lumine-benchmarks/Lumine/src/host/worker/cpp/func_worker.cpp:107] My client_id is 56
I0424 11:39:21.951991 Main        (1920388) /home/lgw/Lumine-benchmarks/Lumine/src/host/worker/cpp/func_worker.cpp:173] Use extra pipes for messages
I0424 11:39:21.952644 Main        (1920388) /home/lgw/Lumine-benchmarks/Lumine/src/host/worker/cpp/func_worker.cpp:195] Handshake done
