I0424 11:39:13.947611 Main        (1919712) /home/lgw/Lumine-benchmarks/Lumine/lib/base/thread.cpp:96] Register main thread: tid=1919712
E0424 11:39:13.948316 Main        (1919712) /home/lgw/Lumine-benchmarks/Lumine/lib/utils/docker.cpp:57] Cannot find docker's cgroup in /proc/self/cgroup
I0424 11:39:13.948649 Launcher EL (1919713) /home/lgw/Lumine-benchmarks/Lumine/lib/base/thread.cpp:60] Does not find cpuset setting for IO threads (can be set by FAAS_IO_THREAD_CPUSET)
I0424 11:39:13.948696 Launcher EL (1919713) /home/lgw/Lumine-benchmarks/Lumine/lib/base/thread.cpp:78] Does not find nice setting for IO threads (can be set by FAAS_IO_THREAD_NICE)
I0424 11:39:13.948713 Launcher EL (1919713) /home/lgw/Lumine-benchmarks/Lumine/src/host/launcher/launcher.cpp:93] Launcher: Event loop starts
I0424 11:39:13.948820 Launcher EL (1919713) /home/lgw/Lumine-benchmarks/Lumine/src/host/launcher/engine_connection.cpp:91] EngineConnection: Connected to engine, start writing handshake message
I0424 11:39:13.950937 Launcher EL (1919713) /home/lgw/Lumine-benchmarks/Lumine/lib/common/config.cpp:332] Load configuration for function exp02UploadMovieId1[20]
I0424 11:39:13.951012 Launcher EL (1919713) /home/lgw/Lumine-benchmarks/Lumine/lib/common/config.cpp:332] Load configuration for function exp02UploadText1[21]
I0424 11:39:13.951057 Launcher EL (1919713) /home/lgw/Lumine-benchmarks/Lumine/lib/common/config.cpp:332] Load configuration for function exp02UploadUniqueId1[22]
I0424 11:39:13.951090 Launcher EL (1919713) /home/lgw/Lumine-benchmarks/Lumine/lib/common/config.cpp:332] Load configuration for function exp02UploadUserId1[23]
I0424 11:39:13.951119 Launcher EL (1919713) /home/lgw/Lumine-benchmarks/Lumine/lib/common/config.cpp:332] Load configuration for function exp02UploadRating2[24]
I0424 11:39:13.951150 Launcher EL (1919713) /home/lgw/Lumine-benchmarks/Lumine/lib/common/config.cpp:332] Load configuration for function exp02UploadMovieId3[25]
I0424 11:39:13.951179 Launcher EL (1919713) /home/lgw/Lumine-benchmarks/Lumine/lib/common/config.cpp:332] Load configuration for function exp02UploadRating3[26]
I0424 11:39:13.951208 Launcher EL (1919713) /home/lgw/Lumine-benchmarks/Lumine/lib/common/config.cpp:332] Load configuration for function exp02UploadText3[27]
I0424 11:39:13.951237 Launcher EL (1919713) /home/lgw/Lumine-benchmarks/Lumine/lib/common/config.cpp:332] Load configuration for function exp02UploadUniqueId3[28]
I0424 11:39:13.951269 Launcher EL (1919713) /home/lgw/Lumine-benchmarks/Lumine/lib/common/config.cpp:332] Load configuration for function exp02UploadUserId3[29]
I0424 11:39:13.951299 Launcher EL (1919713) /home/lgw/Lumine-benchmarks/Lumine/lib/common/config.cpp:332] Load configuration for function exp02UploadMovieReview4[30]
I0424 11:39:13.951327 Launcher EL (1919713) /home/lgw/Lumine-benchmarks/Lumine/lib/common/config.cpp:332] Load configuration for function exp02ReadReview4[31]
I0424 11:39:13.951356 Launcher EL (1919713) /home/lgw/Lumine-benchmarks/Lumine/lib/common/config.cpp:332] Load configuration for function exp02StoreReview4[32]
I0424 11:39:13.951386 Launcher EL (1919713) /home/lgw/Lumine-benchmarks/Lumine/lib/common/config.cpp:332] Load configuration for function exp02UploadUserReview4[33]
I0424 11:39:13.951428 Launcher EL (1919713) /home/lgw/Lumine-benchmarks/Lumine/lib/common/config.cpp:332] Load configuration for function exp02RegisterMovieId[34]
I0424 11:39:13.951458 Launcher EL (1919713) /home/lgw/Lumine-benchmarks/Lumine/lib/common/config.cpp:332] Load configuration for function exp02ComposeReview[35]
I0424 11:39:13.951726 Launcher EL (1919713) /home/lgw/Lumine-benchmarks/Lumine/src/host/launcher/engine_connection.cpp:63] EngineConnection: Handshake done
