Read file config.yml
Running executor...
Load lib exp06_run_audit_10.so failed
Fail to execute function  due to load errorexp06_run_audit_10
Load lib exp06_run_audit_7.so failed
Fail to execute function  due to load errorexp06_run_audit_7
Load lib exp06_run_audit_8.so failed
Fail to execute function  due to load errorexp06_run_audit_8
Load lib exp06_run_audit_7.so failed
Fail to execute function  due to load errorexp06_run_audit_7
Load lib exp06_run_audit_3.so failed
Fail to execute function  due to load errorexp06_run_audit_3
Load lib exp06_run_audit_9.so failed
Fail to execute function  due to load errorexp06_run_audit_9
Load lib exp06_run_audit_9.so failed
Fail to execute function  due to load errorexp06_run_audit_9
Load lib exp06_run_audit_8.so failed
Fail to execute function  due to load errorexp06_run_audit_8
Load lib exp06_run_audit_9.so failed
Fail to execute function  due to load errorexp06_run_audit_9
Load lib exp06_run_audit_2.so failed
Fail to execute function  due to load errorexp06_run_audit_2
Load lib exp06_run_audit_3.so failed
Fail to execute function  due to load errorexp06_run_audit_3
Load lib exp06_run_audit_7.so failed
Fail to execute function  due to load errorexp06_run_audit_7
Load lib exp06_run_audit_7.so failed
Fail to execute function  due to load errorexp06_run_audit_7
Load lib exp06_run_audit_8.so failed
Fail to execute function  due to load errorexp06_run_audit_8
Load lib exp06_run_audit_1.so failed
Fail to execute function  due to load errorexp06_run_audit_1
Load lib exp06_run_audit_6.so failed
Fail to execute function  due to load errorexp06_run_audit_6
Load lib exp06_run_audit_5.so failed
Fail to execute function  due to load errorexp06_run_audit_5
Load lib exp06_run_audit_6.so failed
Fail to execute function  due to load errorexp06_run_audit_6
Load lib exp06_run_audit_10.so failed
Fail to execute function  due to load errorexp06_run_audit_10
Load lib exp06_run_audit_1.so failed
Fail to execute function  due to load errorexp06_run_audit_1
Loaded function exp06_marketdata. lib_load_elasped: 4829, func_load_elasped: 3
Load lib exp06_run_audit_10.so failed
Fail to execute function  due to load errorexp06_run_audit_10
Load lib exp06_run_audit_7.so failed
Fail to execute function  due to load errorexp06_run_audit_7
Load lib exp06_run_audit_9.so failed
Fail to execute function  due to load errorexp06_run_audit_9
Load lib exp06_run_audit_5.so failed
Fail to execute function  due to load errorexp06_run_audit_5
Load lib exp06_run_audit_10.so failed
Fail to execute function  due to load errorexp06_run_audit_10
Load lib exp06_run_audit_4.so failed
Fail to execute function  due to load errorexp06_run_audit_4
Loaded function exp06_run_audit_3. lib_load_elasped: 290, func_load_elasped: 1
Loaded function exp06_run_audit_5. lib_load_elasped: 339, func_load_elasped: 2
Loaded function exp06_run_audit_4. lib_load_elasped: 219, func_load_elasped: 1
Loaded function exp06_run_audit_6. lib_load_elasped: 264, func_load_elasped: 1
Load lib exp06_run_audit_7.so failed
Fail to execute function  due to load errorexp06_run_audit_7
Loaded function exp06_run_audit_2. lib_load_elasped: 253, func_load_elasped: 1
Loaded function exp06_run_audit_7. lib_load_elasped: 355, func_load_elasped: 2
Loaded function exp06_run_audit_1. lib_load_elasped: 295, func_load_elasped: 1
Loaded function exp06_run_audit_8. lib_load_elasped: 231, func_load_elasped: 1
Loaded function exp06_run_audit_10. lib_load_elasped: 288, func_load_elasped: 1
Loaded function exp06_run_audit_9. lib_load_elasped: 181, func_load_elasped: 0
Loaded function exp06_marginbalance. lib_load_elasped: 446, func_load_elasped: 1
req_id = 420003, token 1456007 us.
req_id = 540004, token 2116216 us.
req_id = 120005, token 4162633 us.
req_id = 660007, token 3471467 us.
req_id = 420006, token 3309211 us.
force_push: msg_id = 1277276, remain = 73, size = 64
Send to executer failed.force_push: msg_id = 1277222, remain = 9, size = 64
Send to executer failed.force_push: msg_id = 1278348, remain = 9, size = 64
Send to executer failed.force_push: msg_id = 1278295, remain = -55, size = 9
Send to executer failed.req_id = 840012, token 8978398 us.
force_push: msg_id = 1280691, remain = -56, size = 8
Send to executer failed.force_push: msg_id = 1286847, remain = 9, size = 64
force_push: msg_id = 1286893, remain = 73, size = 64
force_push: msg_id = 1286892, remain = 73, size = 64
Send to executer failed.Send to executer failed.Send to executer failed.force_push: msg_id = 1286895, remain = 75, size = 64
Send to executer failed.force_push: msg_id = 1286859, remain = 73, size = 64
Send to executer failed.