Read file config.yml
Running executor...
Loaded function exp06_marketdata. lib_load_elasped: 7200, func_load_elasped: 6
fail release: invalid id (mem = (nil), size = 48)
force_push: msg_id = 1235450, remain = 10, size = 64
Send to executer failed.force_push: msg_id = 1235415, remain = 72, size = 64
Send to executer failed.Load lib exp06_run_audit_2.so failed
Fail to execute function  due to load errorexp06_run_audit_2
Load lib exp06_run_audit_4.so failed
Fail to execute function  due to load errorexp06_run_audit_4
Load lib exp06_run_audit_9.so failed
Fail to execute function  due to load errorexp06_run_audit_9
Load lib exp06_run_audit_10.so failed
Fail to execute function  due to load errorexp06_run_audit_10
Load lib exp06_run_audit_7.so failed
Fail to execute function  due to load errorexp06_run_audit_7
Load lib exp06_run_audit_10.so failed
Fail to execute function  due to load errorexp06_run_audit_10
Load lib exp06_run_audit_9.so failed
Fail to execute function  due to load errorexp06_run_audit_9
Load lib exp06_run_audit_8.so failed
Fail to execute function  due to load errorexp06_run_audit_8
Load lib exp06_run_audit_1.so failed
Fail to execute function  due to load errorexp06_run_audit_1
Load lib exp06_run_audit_8.so failed
Fail to execute function  due to load errorexp06_run_audit_8
Load lib exp06_run_audit_3.so failed
Fail to execute function  due to load errorexp06_run_audit_3
Load lib exp06_run_audit_1.so failed
Fail to execute function  due to load errorexp06_run_audit_1
Load lib exp06_run_audit_6.so failed
Fail to execute function  due to load errorexp06_run_audit_6
Load lib exp06_run_audit_4.so failed
Fail to execute function  due to load errorexp06_run_audit_4
Load lib exp06_run_audit_3.so failed
Fail to execute function  due to load errorexp06_run_audit_3
Load lib exp06_run_audit_2.so failed
Fail to execute function  due to load errorexp06_run_audit_2
Load lib exp06_run_audit_1.so failed
Fail to execute function  due to load errorexp06_run_audit_1
Load lib exp06_run_audit_5.so failed
Fail to execute function  due to load errorexp06_run_audit_5
Load lib exp06_run_audit_10.so failed
Fail to execute function  due to load errorexp06_run_audit_10
Load lib exp06_run_audit_6.so failed
Fail to execute function  due to load errorexp06_run_audit_6
Load lib exp06_run_audit_5.so failed
Fail to execute function  due to load errorexp06_run_audit_5
Load lib exp06_run_audit_8.so failed
Fail to execute function  due to load errorexp06_run_audit_8
Load lib exp06_run_audit_7.so failed
Fail to execute function  due to load errorexp06_run_audit_7
Load lib exp06_run_audit_10.so failed
Fail to execute function  due to load errorexp06_run_audit_10
Loaded function exp06_run_audit_3. lib_load_elasped: 315, func_load_elasped: 2
Loaded function exp06_run_audit_1. lib_load_elasped: 275, func_load_elasped: 2
Loaded function exp06_run_audit_6. lib_load_elasped: 279, func_load_elasped: 1
Loaded function exp06_run_audit_2. lib_load_elasped: 235, func_load_elasped: 1
Loaded function exp06_run_audit_5. lib_load_elasped: 326, func_load_elasped: 2
Loaded function exp06_run_audit_10. lib_load_elasped: 276, func_load_elasped: 2
Loaded function exp06_run_audit_7. lib_load_elasped: 331, func_load_elasped: 2
Loaded function exp06_run_audit_4. lib_load_elasped: 308, func_load_elasped: 2
Loaded function exp06_run_audit_9. lib_load_elasped: 284, func_load_elasped: 1
Loaded function exp06_run_audit_8. lib_load_elasped: 233, func_load_elasped: 1
Loaded function exp06_marginbalance. lib_load_elasped: 502, func_load_elasped: 1
req_id = 240010, token 4970771 us.
force_push: msg_id = 1277042, remain = -54, size = 10
Send to executer failed.force_push: msg_id = 1276998, remain = 8, size = 64
Send to executer failed.force_push: msg_id = 1276999, remain = 72, size = 64
Send to executer failed.force_push: msg_id = 1276883, remain = 8, size = 64
Send to executer failed.force_push: msg_id = 1276918, remain = 72, size = 64
Send to executer failed.force_push: msg_id = 1282335, remain = 8, size = 64
Send to executer failed.force_push: msg_id = 1282283, remain = -56, size = 8
Send to executer failed.force_push: msg_id = 1282189, remain = 8, size = 64
Send to executer failed.force_push: msg_id = 1282337, remain = 72, size = 64
Send to executer failed.force_push: msg_id = 1282334, remain = 72, size = 64
Send to executer failed.force_push: msg_id = 1282204, remain = 8, size = 64
Send to executer failed.force_push: msg_id = 1282252, remain = 72, size = 64
Send to executer failed.req_id = 1200016, token 9132739 us.
