Read file config.yml
Running executor...
Load lib exp06_run_audit_4.so failed
Fail to execute function  due to load errorexp06_run_audit_4
Load lib exp06_run_audit_4.so failed
Fail to execute function  due to load errorexp06_run_audit_4
Loaded function exp06_marketdata. lib_load_elasped: 5703, func_load_elasped: 3
force_push: msg_id = 1235240, remain = 72, size = 64
Send to executer failed.force_push: msg_id = 1235251, remain = 72, size = 64
Send to executer failed.force_push: msg_id = 1235271, remain = 72, size = 64
Send to executer failed.force_push: msg_id = 1235272, remain = 74, size = 64
Send to executer failed.force_push: msg_id = 1235047, remain = 8, size = 64
Send to executer failed.Load lib exp06_run_audit_1.so failed
Fail to execute function  due to load errorexp06_run_audit_1
Load lib exp06_run_audit_9.so failed
Fail to execute function  due to load errorexp06_run_audit_9
Load lib exp06_run_audit_2.so failed
Fail to execute function  due to load errorexp06_run_audit_2
Load lib exp06_run_audit_6.so failed
Fail to execute function  due to load errorexp06_run_audit_6
Load lib exp06_run_audit_4.so failed
Fail to execute function  due to load errorexp06_run_audit_4
Load lib exp06_run_audit_6.so failed
Fail to execute function  due to load errorexp06_run_audit_6
Load lib exp06_run_audit_4.so failed
Fail to execute function  due to load errorexp06_run_audit_4
Load lib exp06_run_audit_9.so failed
Fail to execute function  due to load errorexp06_run_audit_9
Load lib exp06_run_audit_4.so failed
Fail to execute function  due to load errorexp06_run_audit_4
Load lib exp06_run_audit_4.so failed
Fail to execute function  due to load errorexp06_run_audit_4
Load lib exp06_run_audit_4.so failed
Fail to execute function  due to load errorexp06_run_audit_4
Load lib exp06_run_audit_1.so failed
Fail to execute function  due to load errorexp06_run_audit_1
Load lib exp06_run_audit_6.so failed
Fail to execute function  due to load errorexp06_run_audit_6
Load lib exp06_run_audit_4.so failed
Fail to execute function  due to load errorexp06_run_audit_4
Load lib exp06_run_audit_3.so failed
Fail to execute function  due to load errorexp06_run_audit_3
Load lib exp06_run_audit_10.so failed
Fail to execute function  due to load errorexp06_run_audit_10
Load lib exp06_run_audit_6.so failed
Fail to execute function  due to load errorexp06_run_audit_6
Load lib exp06_run_audit_9.so failed
Fail to execute function  due to load errorexp06_run_audit_9
Loaded function exp06_run_audit_3. lib_load_elasped: 289, func_load_elasped: 1
Load lib exp06_run_audit_10.so failed
Fail to execute function  due to load errorexp06_run_audit_10
Load lib exp06_run_audit_8.so failed
Fail to execute function  due to load errorexp06_run_audit_8
Loaded function exp06_run_audit_7. lib_load_elasped: 297, func_load_elasped: 2
Loaded function exp06_run_audit_4. lib_load_elasped: 284, func_load_elasped: 1
Loaded function exp06_run_audit_6. lib_load_elasped: 273, func_load_elasped: 1
Loaded function exp06_run_audit_1. lib_load_elasped: 233, func_load_elasped: 1
Loaded function exp06_run_audit_8. lib_load_elasped: 309, func_load_elasped: 1
Loaded function exp06_run_audit_9. lib_load_elasped: 234, func_load_elasped: 1
Loaded function exp06_run_audit_5. lib_load_elasped: 298, func_load_elasped: 2
Loaded function exp06_run_audit_2. lib_load_elasped: 309, func_load_elasped: 1
Loaded function exp06_run_audit_10. lib_load_elasped: 321, func_load_elasped: 1
Loaded function exp06_marginbalance. lib_load_elasped: 403, func_load_elasped: 1
req_id = 300002, token 4294534 us.
force_push: msg_id = 1279203, remain = 7, size = 64
Send to executer failed.