Read file config.yml
Running executor...
Load lib exp06_run_audit_3.so failed
Fail to execute function  due to load errorexp06_run_audit_3
Load lib exp06_run_audit_2.so failed
Fail to execute function  due to load errorexp06_run_audit_2
Load lib exp06_run_audit_10.so failed
Fail to execute function  due to load errorexp06_run_audit_10
Load lib exp06_run_audit_6.so failed
Fail to execute function  due to load errorexp06_run_audit_6
Load lib exp06_run_audit_8.so failed
Fail to execute function  due to load errorexp06_run_audit_8
Load lib exp06_run_audit_4.so failed
Fail to execute function  due to load errorexp06_run_audit_4
Load lib exp06_run_audit_7.so failed
Fail to execute function  due to load errorexp06_run_audit_7
Load lib exp06_run_audit_7.so failed
Fail to execute function  due to load errorexp06_run_audit_7
Load lib exp06_run_audit_3.so failed
Fail to execute function  due to load errorexp06_run_audit_3
Load lib exp06_run_audit_5.so failed
Fail to execute function  due to load errorexp06_run_audit_5
Load lib exp06_run_audit_8.so failed
Fail to execute function  due to load errorexp06_run_audit_8
Load lib exp06_run_audit_2.so failed
Fail to execute function  due to load errorexp06_run_audit_2
Load lib exp06_run_audit_9.so failed
Fail to execute function  due to load errorexp06_run_audit_9
Load lib exp06_run_audit_1.so failed
Fail to execute function  due to load errorexp06_run_audit_1
Load lib exp06_run_audit_7.so failed
Fail to execute function  due to load errorexp06_run_audit_7
Load lib exp06_run_audit_5.so failed
Fail to execute function  due to load errorexp06_run_audit_5
Load lib exp06_run_audit_5.so failed
Fail to execute function  due to load errorexp06_run_audit_5
Load lib exp06_run_audit_8.so failed
Fail to execute function  due to load errorexp06_run_audit_8
Load lib exp06_run_audit_2.so failed
Fail to execute function  due to load errorexp06_run_audit_2
Load lib exp06_run_audit_1.so failed
Fail to execute function  due to load errorexp06_run_audit_1
Load lib exp06_run_audit_10.so failed
Fail to execute function  due to load errorexp06_run_audit_10
Load lib exp06_run_audit_9.so failed
Fail to execute function  due to load errorexp06_run_audit_9
Load lib exp06_run_audit_6.so failed
Fail to execute function  due to load errorexp06_run_audit_6
Load lib exp06_run_audit_2.so failed
Fail to execute function  due to load errorexp06_run_audit_2
Load lib exp06_run_audit_8.so failed
Fail to execute function  due to load errorexp06_run_audit_8
Load lib exp06_run_audit_6.so failed
Fail to execute function  due to load errorexp06_run_audit_6
Load lib exp06_run_audit_1.so failed
Fail to execute function  due to load errorexp06_run_audit_1
Load lib exp06_run_audit_7.so failed
Fail to execute function  due to load errorexp06_run_audit_7
Load lib exp06_run_audit_6.so failed
Fail to execute function  due to load errorexp06_run_audit_6
Load lib exp06_run_audit_6.so failed
Fail to execute function  due to load errorexp06_run_audit_6
Load lib exp06_run_audit_10.so failed
Fail to execute function  due to load errorexp06_run_audit_10
Load lib exp06_run_audit_3.so failed
Fail to execute function  due to load errorexp06_run_audit_3
Load lib exp06_run_audit_8.so failed
Fail to execute function  due to load errorexp06_run_audit_8
Load lib exp06_run_audit_7.so failed
Fail to execute function  due to load errorexp06_run_audit_7
Load lib exp06_run_audit_4.so failed
Fail to execute function  due to load errorexp06_run_audit_4
Load lib exp06_run_audit_3.so failed
Fail to execute function  due to load errorexp06_run_audit_3
Load lib exp06_run_audit_7.so failed
Fail to execute function  due to load errorexp06_run_audit_7
Load lib exp06_run_audit_6.so failed
Fail to execute function  due to load errorexp06_run_audit_6
Load lib exp06_run_audit_4.so failed
Fail to execute function  due to load errorexp06_run_audit_4
Load lib exp06_run_audit_6.so failed
Fail to execute function  due to load errorexp06_run_audit_6
Load lib exp06_run_audit_5.so failed
Fail to execute function  due to load errorexp06_run_audit_5
Load lib exp06_run_audit_5.so failed
Fail to execute function  due to load errorexp06_run_audit_5
Loaded function exp06_marketdata. lib_load_elasped: 6188, func_load_elasped: 4
Load lib exp06_run_audit_8.so failed
Fail to execute function  due to load errorexp06_run_audit_8
Load lib exp06_run_audit_6.so failed
Fail to execute function  due to load errorexp06_run_audit_6
Load lib exp06_run_audit_8.so failed
Fail to execute function  due to load errorexp06_run_audit_8
Load lib exp06_run_audit_10.so failed
Fail to execute function  due to load errorexp06_run_audit_10
Load lib exp06_run_audit_3.so failed
Fail to execute function  due to load errorexp06_run_audit_3
Load lib exp06_run_audit_1.so failed
Fail to execute function  due to load errorexp06_run_audit_1
Load lib exp06_run_audit_1.so failed
Fail to execute function  due to load errorexp06_run_audit_1
Load lib exp06_run_audit_4.so failed
Fail to execute function  due to load errorexp06_run_audit_4
Load lib exp06_run_audit_3.so failed
Fail to execute function  due to load errorexp06_run_audit_3
Load lib exp06_run_audit_6.so failed
Fail to execute function  due to load errorexp06_run_audit_6
Load lib exp06_run_audit_6.so failed
Fail to execute function  due to load errorexp06_run_audit_6
Load lib exp06_run_audit_2.so failed
Fail to execute function  due to load errorexp06_run_audit_2
Load lib exp06_run_audit_2.so failed
Fail to execute function  due to load errorexp06_run_audit_2
Load lib exp06_run_audit_8.so failed
Fail to execute function  due to load errorexp06_run_audit_8
Load lib exp06_run_audit_10.so failed
Fail to execute function  due to load errorexp06_run_audit_10
Load lib exp06_run_audit_4.so failed
Fail to execute function  due to load errorexp06_run_audit_4
Load lib exp06_run_audit_7.so failed
Fail to execute function  due to load errorexp06_run_audit_7
Load lib exp06_run_audit_3.so failed
Fail to execute function  due to load errorexp06_run_audit_3
Load lib exp06_run_audit_2.so failed
Fail to execute function  due to load errorexp06_run_audit_2
Load lib exp06_run_audit_7.so failed
Fail to execute function  due to load errorexp06_run_audit_7
Load lib exp06_run_audit_10.so failed
Fail to execute function  due to load errorexp06_run_audit_10
Load lib exp06_run_audit_5.so failed
Fail to execute function  due to load errorexp06_run_audit_5
Load lib exp06_run_audit_3.so failed
Fail to execute function  due to load errorexp06_run_audit_3
Load lib exp06_run_audit_9.so failed
Fail to execute function  due to load errorexp06_run_audit_9
Load lib exp06_run_audit_1.so failed
Fail to execute function  due to load errorexp06_run_audit_1
Load lib exp06_run_audit_9.so failed
Fail to execute function  due to load errorexp06_run_audit_9
Load lib exp06_run_audit_5.so failed
Fail to execute function  due to load errorexp06_run_audit_5
Load lib exp06_run_audit_10.so failed
Fail to execute function  due to load errorexp06_run_audit_10
Load lib exp06_run_audit_10.so failed
Fail to execute function  due to load errorexp06_run_audit_10
Load lib exp06_run_audit_9.so failed
Fail to execute function  due to load errorexp06_run_audit_9
Loaded function exp06_run_audit_5. lib_load_elasped: 249, func_load_elasped: 2
Loaded function exp06_run_audit_1. lib_load_elasped: 189, func_load_elasped: 1
Load lib exp06_run_audit_7.so failed
Fail to execute function  due to load errorexp06_run_audit_7
Load lib exp06_run_audit_8.so failed
Fail to execute function  due to load errorexp06_run_audit_8
Loaded function exp06_run_audit_6. lib_load_elasped: 363, func_load_elasped: 1
Loaded function exp06_run_audit_4. lib_load_elasped: 358, func_load_elasped: 2
Loaded function exp06_run_audit_3. lib_load_elasped: 358, func_load_elasped: 1
Loaded function exp06_run_audit_9. lib_load_elasped: 397, func_load_elasped: 1
Loaded function exp06_run_audit_2. lib_load_elasped: 401, func_load_elasped: 2
Loaded function exp06_run_audit_10. lib_load_elasped: 266, func_load_elasped: 1
Loaded function exp06_run_audit_8. lib_load_elasped: 319, func_load_elasped: 1
Loaded function exp06_run_audit_7. lib_load_elasped: 352, func_load_elasped: 2
Loaded function exp06_marginbalance. lib_load_elasped: 392, func_load_elasped: 1
req_id = 1140008, token 2558642 us.
force_push: msg_id = 1276994, remain = -56, size = 8
Send to executer failed.force_push: msg_id = 1277140, remain = -54, size = 10
Send to executer failed.force_push: msg_id = 1277033, remain = 8, size = 64
Send to executer failed.force_push: msg_id = 1278863, remain = 72, size = 64
Send to executer failed.force_push: msg_id = 1278864, remain = 72, size = 64
Send to executer failed.req_id = 780015, token 6880108 us.
req_id = 1200015, token 10600185 us.
req_id = 780007, token 12674391 us.
req_id = 780020, token 14914313 us.
