Read file config.yml
Running executor...
Load lib exp06_run_audit_5.so failed
Fail to execute function  due to load errorexp06_run_audit_5
Load lib exp06_run_audit_7.so failed
Fail to execute function  due to load errorexp06_run_audit_7
Load lib exp06_run_audit_8.so failed
Fail to execute function  due to load errorexp06_run_audit_8
Load lib exp06_run_audit_3.so failed
Fail to execute function  due to load errorexp06_run_audit_3
Load lib exp06_run_audit_10.so failed
Fail to execute function  due to load errorexp06_run_audit_10
Load lib exp06_run_audit_7.so failed
Fail to execute function  due to load errorexp06_run_audit_7
Load lib exp06_run_audit_10.so failed
Fail to execute function  due to load errorexp06_run_audit_10
Load lib exp06_run_audit_2.so failed
Fail to execute function  due to load errorexp06_run_audit_2
Load lib exp06_run_audit_1.so failed
Fail to execute function  due to load errorexp06_run_audit_1
Load lib exp06_run_audit_2.so failed
Fail to execute function  due to load errorexp06_run_audit_2
Load lib exp06_run_audit_4.so failed
Fail to execute function  due to load errorexp06_run_audit_4
Load lib exp06_run_audit_1.so failed
Fail to execute function  due to load errorexp06_run_audit_1
Loaded function exp06_marketdata. lib_load_elasped: 5677, func_load_elasped: 4
Load lib exp06_run_audit_9.so failed
Fail to execute function  due to load errorexp06_run_audit_9
Load lib exp06_run_audit_5.so failed
Fail to execute function  due to load errorexp06_run_audit_5
Load lib exp06_run_audit_4.so failed
Fail to execute function  due to load errorexp06_run_audit_4
Load lib exp06_run_audit_2.so failed
Fail to execute function  due to load errorexp06_run_audit_2
Load lib exp06_run_audit_3.so failed
Fail to execute function  due to load errorexp06_run_audit_3
Load lib exp06_run_audit_10.so failed
Fail to execute function  due to load errorexp06_run_audit_10
Loaded function exp06_run_audit_3. lib_load_elasped: 282, func_load_elasped: 2
Loaded function exp06_run_audit_4. lib_load_elasped: 288, func_load_elasped: 2
Loaded function exp06_run_audit_9. lib_load_elasped: 265, func_load_elasped: 1
Loaded function exp06_run_audit_6. lib_load_elasped: 269, func_load_elasped: 1
Loaded function exp06_run_audit_7. lib_load_elasped: 271, func_load_elasped: 2
Loaded function exp06_run_audit_8. lib_load_elasped: 262, func_load_elasped: 1
Loaded function exp06_run_audit_1. lib_load_elasped: 244, func_load_elasped: 1
Loaded function exp06_run_audit_10. lib_load_elasped: 270, func_load_elasped: 1
Loaded function exp06_run_audit_5. lib_load_elasped: 270, func_load_elasped: 2
Loaded function exp06_run_audit_2. lib_load_elasped: 443, func_load_elasped: 3
Loaded function exp06_marginbalance. lib_load_elasped: 611, func_load_elasped: 3
req_id = 960008, token 2589844 us.
req_id = 60007, token 3009523 us.
force_push: msg_id = 1275523, remain = 72, size = 64
Send to executer failed.req_id = 480008, token 6360868 us.
req_id = 1020013, token 9705844 us.
req_id = 60019, token 12557096 us.
req_id = 420011, token 15295926 us.
