I0419 11:49:00.777517 Main        (593408) /home/lgw/Lumine-benchmarks/Lumine/lib/base/thread.cpp:96] Register main thread: tid=593408
I0419 11:49:00.780709 Main        (593408) /home/lgw/Lumine-benchmarks/Lumine/lib/common/config.cpp:332] Load configuration for function exp09Start[1]
I0419 11:49:00.780963 Main        (593408) /home/lgw/Lumine-benchmarks/Lumine/lib/common/config.cpp:332] Load configuration for function exp09End[2]
I0419 11:49:00.781074 Main        (593408) /home/lgw/Lumine-benchmarks/Lumine/lib/common/config.cpp:332] Load configuration for function exp09Register[3]
I0419 11:49:00.781406 Main        (593408) /home/lgw/Lumine-benchmarks/Lumine/src/host/worker/cpp/func_worker.cpp:107] My client_id is 11
I0419 11:49:00.781517 Main        (593408) /home/lgw/Lumine-benchmarks/Lumine/src/host/worker/cpp/func_worker.cpp:173] Use extra pipes for messages
I0419 11:49:00.781840 Main        (593408) /home/lgw/Lumine-benchmarks/Lumine/src/host/worker/cpp/func_worker.cpp:195] Handshake done
I0419 11:49:50.357776 Main        (593408) /home/lgw/Lumine-benchmarks/Experiments/09/src/1_end/end.cpp:48] req_id = 60053, end_time = 1681904990357760
I0419 11:49:51.879232 Main        (593408) /home/lgw/Lumine-benchmarks/Experiments/09/src/1_end/end.cpp:48] req_id = 240055, end_time = 1681904991879229
I0419 11:49:51.879503 Main        (593408) /home/lgw/Lumine-benchmarks/Experiments/09/src/1_end/end.cpp:48] req_id = 60057, end_time = 1681904991879498
I0419 11:49:51.880904 Main        (593408) /home/lgw/Lumine-benchmarks/Experiments/09/src/1_end/end.cpp:48] req_id = 120056, end_time = 1681904991880898
I0419 11:49:51.881458 Main        (593408) /home/lgw/Lumine-benchmarks/Experiments/09/src/1_end/end.cpp:48] req_id = 180056, end_time = 1681904991881455
I0419 11:49:52.675206 Main        (593408) /home/lgw/Lumine-benchmarks/Experiments/09/src/1_end/end.cpp:48] req_id = 120057, end_time = 1681904992675201
I0419 11:49:52.677076 Main        (593408) /home/lgw/Lumine-benchmarks/Experiments/09/src/1_end/end.cpp:48] req_id = 60058, end_time = 1681904992677073
I0419 11:49:52.678893 Main        (593408) /home/lgw/Lumine-benchmarks/Experiments/09/src/1_end/end.cpp:48] req_id = 240057, end_time = 1681904992678891
I0419 11:49:52.681243 Main        (593408) /home/lgw/Lumine-benchmarks/Experiments/09/src/1_end/end.cpp:48] req_id = 180057, end_time = 1681904992681240
I0419 11:49:52.683201 Main        (593408) /home/lgw/Lumine-benchmarks/Experiments/09/src/1_end/end.cpp:48] req_id = 60059, end_time = 1681904992683199
I0419 11:49:52.684102 Main        (593408) /home/lgw/Lumine-benchmarks/Experiments/09/src/1_end/end.cpp:48] req_id = 120058, end_time = 1681904992684100
I0419 11:49:52.684375 Main        (593408) /home/lgw/Lumine-benchmarks/Experiments/09/src/1_end/end.cpp:48] req_id = 180058, end_time = 1681904992684372
I0419 11:49:52.684701 Main        (593408) /home/lgw/Lumine-benchmarks/Experiments/09/src/1_end/end.cpp:48] req_id = 240058, end_time = 1681904992684698
I0419 11:49:53.476109 Main        (593408) /home/lgw/Lumine-benchmarks/Experiments/09/src/1_end/end.cpp:48] req_id = 60060, end_time = 1681904993476103
I0419 11:49:53.477725 Main        (593408) /home/lgw/Lumine-benchmarks/Experiments/09/src/1_end/end.cpp:48] req_id = 240059, end_time = 1681904993477719
I0419 11:49:53.482229 Main        (593408) /home/lgw/Lumine-benchmarks/Experiments/09/src/1_end/end.cpp:48] req_id = 240060, end_time = 1681904993482223
I0419 11:49:54.278355 Main        (593408) /home/lgw/Lumine-benchmarks/Experiments/09/src/1_end/end.cpp:48] req_id = 60062, end_time = 1681904994278350
I0419 11:49:54.279442 Main        (593408) /home/lgw/Lumine-benchmarks/Experiments/09/src/1_end/end.cpp:48] req_id = 180061, end_time = 1681904994279439
I0419 11:49:54.281545 Main        (593408) /home/lgw/Lumine-benchmarks/Experiments/09/src/1_end/end.cpp:48] req_id = 120061, end_time = 1681904994281542
I0419 11:49:54.282585 Main        (593408) /home/lgw/Lumine-benchmarks/Experiments/09/src/1_end/end.cpp:48] req_id = 240061, end_time = 1681904994282581
I0419 11:49:54.284268 Main        (593408) /home/lgw/Lumine-benchmarks/Experiments/09/src/1_end/end.cpp:48] req_id = 60063, end_time = 1681904994284265
I0419 11:49:54.284571 Main        (593408) /home/lgw/Lumine-benchmarks/Experiments/09/src/1_end/end.cpp:48] req_id = 120062, end_time = 1681904994284568
I0419 11:49:54.285145 Main        (593408) /home/lgw/Lumine-benchmarks/Experiments/09/src/1_end/end.cpp:48] req_id = 240062, end_time = 1681904994285143
I0419 11:49:54.285562 Main        (593408) /home/lgw/Lumine-benchmarks/Experiments/09/src/1_end/end.cpp:48] req_id = 180062, end_time = 1681904994285560
I0419 11:49:55.074563 Main        (593408) /home/lgw/Lumine-benchmarks/Experiments/09/src/1_end/end.cpp:48] req_id = 60064, end_time = 1681904995074559
I0419 11:49:55.077250 Main        (593408) /home/lgw/Lumine-benchmarks/Experiments/09/src/1_end/end.cpp:48] req_id = 120063, end_time = 1681904995077246
I0419 11:49:55.881490 Main        (593408) /home/lgw/Lumine-benchmarks/Experiments/09/src/1_end/end.cpp:48] req_id = 240066, end_time = 1681904995881480
I0419 11:49:57.477183 Main        (593408) /home/lgw/Lumine-benchmarks/Experiments/09/src/1_end/end.cpp:48] req_id = 60070, end_time = 1681904997477178
I0419 11:49:57.477764 Main        (593408) /home/lgw/Lumine-benchmarks/Experiments/09/src/1_end/end.cpp:48] req_id = 120069, end_time = 1681904997477760
I0419 11:49:57.477962 Main        (593408) /home/lgw/Lumine-benchmarks/Experiments/09/src/1_end/end.cpp:48] req_id = 180069, end_time = 1681904997477959
I0419 11:49:57.479948 Main        (593408) /home/lgw/Lumine-benchmarks/Experiments/09/src/1_end/end.cpp:48] req_id = 60071, end_time = 1681904997479943
I0419 11:49:57.480318 Main        (593408) /home/lgw/Lumine-benchmarks/Experiments/09/src/1_end/end.cpp:48] req_id = 120070, end_time = 1681904997480314
I0419 11:49:57.481222 Main        (593408) /home/lgw/Lumine-benchmarks/Experiments/09/src/1_end/end.cpp:48] req_id = 180070, end_time = 1681904997481217
I0419 11:49:57.481631 Main        (593408) /home/lgw/Lumine-benchmarks/Experiments/09/src/1_end/end.cpp:48] req_id = 240070, end_time = 1681904997481627
I0419 11:49:58.277026 Main        (593408) /home/lgw/Lumine-benchmarks/Experiments/09/src/1_end/end.cpp:48] req_id = 120071, end_time = 1681904998277021
I0419 11:49:58.277570 Main        (593408) /home/lgw/Lumine-benchmarks/Experiments/09/src/1_end/end.cpp:48] req_id = 180071, end_time = 1681904998277566
I0419 11:49:58.278498 Main        (593408) /home/lgw/Lumine-benchmarks/Experiments/09/src/1_end/end.cpp:48] req_id = 60072, end_time = 1681904998278495
I0419 11:49:58.280113 Main        (593408) /home/lgw/Lumine-benchmarks/Experiments/09/src/1_end/end.cpp:48] req_id = 240071, end_time = 1681904998280110
I0419 11:49:58.282072 Main        (593408) /home/lgw/Lumine-benchmarks/Experiments/09/src/1_end/end.cpp:48] req_id = 60073, end_time = 1681904998282068
I0419 11:49:58.284064 Main        (593408) /home/lgw/Lumine-benchmarks/Experiments/09/src/1_end/end.cpp:48] req_id = 180072, end_time = 1681904998284060
I0419 11:49:58.284521 Main        (593408) /home/lgw/Lumine-benchmarks/Experiments/09/src/1_end/end.cpp:48] req_id = 240072, end_time = 1681904998284518
I0419 11:49:58.284759 Main        (593408) /home/lgw/Lumine-benchmarks/Experiments/09/src/1_end/end.cpp:48] req_id = 120072, end_time = 1681904998284756
I0419 11:49:59.075931 Main        (593408) /home/lgw/Lumine-benchmarks/Experiments/09/src/1_end/end.cpp:48] req_id = 60074, end_time = 1681904999075927
I0419 11:49:59.078364 Main        (593408) /home/lgw/Lumine-benchmarks/Experiments/09/src/1_end/end.cpp:48] req_id = 240073, end_time = 1681904999078345
I0419 11:49:59.079147 Main        (593408) /home/lgw/Lumine-benchmarks/Experiments/09/src/1_end/end.cpp:48] req_id = 120073, end_time = 1681904999079145
I0419 11:49:59.083029 Main        (593408) /home/lgw/Lumine-benchmarks/Experiments/09/src/1_end/end.cpp:48] req_id = 180073, end_time = 1681904999083026
I0419 11:50:02.278395 Main        (593408) /home/lgw/Lumine-benchmarks/Experiments/09/src/1_end/end.cpp:48] req_id = 60082, end_time = 1681905002278391
I0419 11:50:02.280602 Main        (593408) /home/lgw/Lumine-benchmarks/Experiments/09/src/1_end/end.cpp:48] req_id = 240082, end_time = 1681905002280599
I0419 11:50:02.280834 Main        (593408) /home/lgw/Lumine-benchmarks/Experiments/09/src/1_end/end.cpp:48] req_id = 120082, end_time = 1681905002280831
I0419 11:50:02.281431 Main        (593408) /home/lgw/Lumine-benchmarks/Experiments/09/src/1_end/end.cpp:48] req_id = 180082, end_time = 1681905002281429
I0419 11:50:03.077112 Main        (593408) /home/lgw/Lumine-benchmarks/Experiments/09/src/1_end/end.cpp:48] req_id = 60084, end_time = 1681905003077107
I0419 11:50:03.077534 Main        (593408) /home/lgw/Lumine-benchmarks/Experiments/09/src/1_end/end.cpp:48] req_id = 240083, end_time = 1681905003077529
I0419 11:50:03.079499 Main        (593408) /home/lgw/Lumine-benchmarks/Experiments/09/src/1_end/end.cpp:48] req_id = 180083, end_time = 1681905003079493
I0419 11:50:03.080182 Main        (593408) /home/lgw/Lumine-benchmarks/Experiments/09/src/1_end/end.cpp:48] req_id = 120083, end_time = 1681905003080179
I0419 11:50:03.082927 Main        (593408) /home/lgw/Lumine-benchmarks/Experiments/09/src/1_end/end.cpp:48] req_id = 60085, end_time = 1681905003082921
I0419 11:50:03.083609 Main        (593408) /home/lgw/Lumine-benchmarks/Experiments/09/src/1_end/end.cpp:48] req_id = 240084, end_time = 1681905003083604
I0419 11:50:03.882861 Main        (593408) /home/lgw/Lumine-benchmarks/Experiments/09/src/1_end/end.cpp:48] req_id = 180086, end_time = 1681905003882854
I0419 11:50:03.883128 Main        (593408) /home/lgw/Lumine-benchmarks/Experiments/09/src/1_end/end.cpp:48] req_id = 60087, end_time = 1681905003883125
I0419 11:50:03.883492 Main        (593408) /home/lgw/Lumine-benchmarks/Experiments/09/src/1_end/end.cpp:48] req_id = 240086, end_time = 1681905003883490
I0419 11:50:04.675962 Main        (593408) /home/lgw/Lumine-benchmarks/Experiments/09/src/1_end/end.cpp:48] req_id = 120087, end_time = 1681905004675956
I0419 11:50:04.676951 Main        (593408) /home/lgw/Lumine-benchmarks/Experiments/09/src/1_end/end.cpp:48] req_id = 60088, end_time = 1681905004676947
I0419 11:50:04.679433 Main        (593408) /home/lgw/Lumine-benchmarks/Experiments/09/src/1_end/end.cpp:48] req_id = 240087, end_time = 1681905004679427
I0419 11:50:04.680159 Main        (593408) /home/lgw/Lumine-benchmarks/Experiments/09/src/1_end/end.cpp:48] req_id = 180088, end_time = 1681905004680155
I0419 11:50:04.681141 Main        (593408) /home/lgw/Lumine-benchmarks/Experiments/09/src/1_end/end.cpp:48] req_id = 60089, end_time = 1681905004681135
I0419 11:50:04.683403 Main        (593408) /home/lgw/Lumine-benchmarks/Experiments/09/src/1_end/end.cpp:48] req_id = 240088, end_time = 1681905004683397
I0419 11:50:04.684617 Main        (593408) /home/lgw/Lumine-benchmarks/Experiments/09/src/1_end/end.cpp:48] req_id = 120088, end_time = 1681905004684611
I0419 11:50:05.474301 Main        (593408) /home/lgw/Lumine-benchmarks/Experiments/09/src/1_end/end.cpp:48] req_id = 60090, end_time = 1681905005474292
I0419 11:50:05.475563 Main        (593408) /home/lgw/Lumine-benchmarks/Experiments/09/src/1_end/end.cpp:48] req_id = 120089, end_time = 1681905005475558
I0419 11:50:05.478357 Main        (593408) /home/lgw/Lumine-benchmarks/Experiments/09/src/1_end/end.cpp:48] req_id = 180089, end_time = 1681905005478352
I0419 11:50:05.480260 Main        (593408) /home/lgw/Lumine-benchmarks/Experiments/09/src/1_end/end.cpp:48] req_id = 240089, end_time = 1681905005480254
I0419 11:50:05.482433 Main        (593408) /home/lgw/Lumine-benchmarks/Experiments/09/src/1_end/end.cpp:48] req_id = 240090, end_time = 1681905005482429
I0419 11:50:05.482851 Main        (593408) /home/lgw/Lumine-benchmarks/Experiments/09/src/1_end/end.cpp:48] req_id = 60091, end_time = 1681905005482848
I0419 11:50:05.483756 Main        (593408) /home/lgw/Lumine-benchmarks/Experiments/09/src/1_end/end.cpp:48] req_id = 120090, end_time = 1681905005483751
I0419 11:50:06.278750 Main        (593408) /home/lgw/Lumine-benchmarks/Experiments/09/src/1_end/end.cpp:48] req_id = 240091, end_time = 1681905006278744
I0419 11:50:06.279281 Main        (593408) /home/lgw/Lumine-benchmarks/Experiments/09/src/1_end/end.cpp:48] req_id = 60093, end_time = 1681905006279278
I0419 11:50:06.280708 Main        (593408) /home/lgw/Lumine-benchmarks/Experiments/09/src/1_end/end.cpp:48] req_id = 180092, end_time = 1681905006280704
I0419 11:50:07.084349 Main        (593408) /home/lgw/Lumine-benchmarks/Experiments/09/src/1_end/end.cpp:48] req_id = 60095, end_time = 1681905007084343
I0419 11:50:13.476998 Main        (593408) /home/lgw/Lumine-benchmarks/Experiments/09/src/1_end/end.cpp:48] req_id = 60110, end_time = 1681905013476987
I0419 11:50:13.477245 Main        (593408) /home/lgw/Lumine-benchmarks/Experiments/09/src/1_end/end.cpp:48] req_id = 240109, end_time = 1681905013477243
I0419 11:50:14.283101 Main        (593408) /home/lgw/Lumine-benchmarks/Experiments/09/src/1_end/end.cpp:48] req_id = 60113, end_time = 1681905014283096
I0419 11:50:14.283459 Main        (593408) /home/lgw/Lumine-benchmarks/Experiments/09/src/1_end/end.cpp:48] req_id = 120112, end_time = 1681905014283456
I0419 11:50:15.076647 Main        (593408) /home/lgw/Lumine-benchmarks/Experiments/09/src/1_end/end.cpp:48] req_id = 240113, end_time = 1681905015076643
I0419 11:50:15.076993 Main        (593408) /home/lgw/Lumine-benchmarks/Experiments/09/src/1_end/end.cpp:48] req_id = 60114, end_time = 1681905015076989
I0419 11:50:16.675716 Main        (593408) /home/lgw/Lumine-benchmarks/Experiments/09/src/1_end/end.cpp:48] req_id = 180117, end_time = 1681905016675710
I0419 11:50:16.677244 Main        (593408) /home/lgw/Lumine-benchmarks/Experiments/09/src/1_end/end.cpp:48] req_id = 240117, end_time = 1681905016677240
I0419 11:50:16.682502 Main        (593408) /home/lgw/Lumine-benchmarks/Experiments/09/src/1_end/end.cpp:48] req_id = 60119, end_time = 1681905016682497
I0419 11:50:17.481659 Main        (593408) /home/lgw/Lumine-benchmarks/Experiments/09/src/1_end/end.cpp:48] req_id = 180120, end_time = 1681905017481653
I0419 11:50:18.276197 Main        (593408) /home/lgw/Lumine-benchmarks/Experiments/09/src/1_end/end.cpp:48] req_id = 180121, end_time = 1681905018276190
I0419 11:50:18.278607 Main        (593408) /home/lgw/Lumine-benchmarks/Experiments/09/src/1_end/end.cpp:48] req_id = 240121, end_time = 1681905018278603
I0419 11:50:18.280276 Main        (593408) /home/lgw/Lumine-benchmarks/Experiments/09/src/1_end/end.cpp:48] req_id = 60123, end_time = 1681905018280272
I0419 11:50:18.281498 Main        (593408) /home/lgw/Lumine-benchmarks/Experiments/09/src/1_end/end.cpp:48] req_id = 240122, end_time = 1681905018281494
I0419 11:50:18.281731 Main        (593408) /home/lgw/Lumine-benchmarks/Experiments/09/src/1_end/end.cpp:48] req_id = 180122, end_time = 1681905018281728
I0419 11:50:18.282287 Main        (593408) /home/lgw/Lumine-benchmarks/Experiments/09/src/1_end/end.cpp:48] req_id = 120122, end_time = 1681905018282285
I0419 11:50:19.079058 Main        (593408) /home/lgw/Lumine-benchmarks/Experiments/09/src/1_end/end.cpp:48] req_id = 60124, end_time = 1681905019079052
I0419 11:50:19.079346 Main        (593408) /home/lgw/Lumine-benchmarks/Experiments/09/src/1_end/end.cpp:48] req_id = 180123, end_time = 1681905019079342
I0419 11:50:19.080029 Main        (593408) /home/lgw/Lumine-benchmarks/Experiments/09/src/1_end/end.cpp:48] req_id = 240123, end_time = 1681905019080025
I0419 11:50:23.877723 Main        (593408) /home/lgw/Lumine-benchmarks/Experiments/09/src/1_end/end.cpp:48] req_id = 180135, end_time = 1681905023877717
I0419 11:50:23.881472 Main        (593408) /home/lgw/Lumine-benchmarks/Experiments/09/src/1_end/end.cpp:48] req_id = 60137, end_time = 1681905023881466
I0419 11:50:23.881884 Main        (593408) /home/lgw/Lumine-benchmarks/Experiments/09/src/1_end/end.cpp:48] req_id = 120136, end_time = 1681905023881877
I0419 11:50:23.882522 Main        (593408) /home/lgw/Lumine-benchmarks/Experiments/09/src/1_end/end.cpp:48] req_id = 240136, end_time = 1681905023882516
I0419 11:50:23.882785 Main        (593408) /home/lgw/Lumine-benchmarks/Experiments/09/src/1_end/end.cpp:48] req_id = 180136, end_time = 1681905023882781
I0419 11:50:24.676864 Main        (593408) /home/lgw/Lumine-benchmarks/Experiments/09/src/1_end/end.cpp:48] req_id = 60138, end_time = 1681905024676858
I0419 11:50:24.677646 Main        (593408) /home/lgw/Lumine-benchmarks/Experiments/09/src/1_end/end.cpp:48] req_id = 120137, end_time = 1681905024677639
I0419 11:50:24.680058 Main        (593408) /home/lgw/Lumine-benchmarks/Experiments/09/src/1_end/end.cpp:48] req_id = 240137, end_time = 1681905024680052
I0419 11:50:24.682295 Main        (593408) /home/lgw/Lumine-benchmarks/Experiments/09/src/1_end/end.cpp:48] req_id = 180137, end_time = 1681905024682289
I0419 11:50:24.684663 Main        (593408) /home/lgw/Lumine-benchmarks/Experiments/09/src/1_end/end.cpp:48] req_id = 120138, end_time = 1681905024684657
