8298
190
205
149
151
143
128
144
171
139
129
127
109
106
116
129
129
160
127
174
133
139
126
96
96
114
108
100
122
121
123
117
122
234
101
116
130
98
96
96
118
112
111
110
131
111
140
116
118
110
140
111
113
115
112
150
110
121
96
123
110
144
129
118
111
111
111
103
97
124
95
116
96
110
109
98
99
105
117
119
135
110
130
110
111
111
120
110
118
126
118
110
110
110
121
97
97
117
117
117
139
130
123
99
98
108
118
108
119
122
119
128
97
136
116
108
97
116
95
108
119
121
123
122
130
94
120
115
126
106
116
96
125
103
96
109
118
110
137
111
119
120
118
112
120
110
109
119
110
111
111
126
111
111
110
111
137
122
136
137
111
110
133
119
108
98
97
101
95
121
103
105
110
109
104
96
94
115
123
110
112
115
131
111
111
136
118
110
110
117
111
112
111
126
125
99
112
123
120
155
216
184
98
98
102
123
111
128
117
115
165
98
114
118
96
98
105
97
96
134
131
130
122
115
129
123
98
115
126
95
95
95
109
109
110
138
112
111
98
117
111
110
111
124
120
140
113
125
119
129
109
133
109
110
110
115
154
130
117
136
137
126
117
108
96
97
105
107
96
113
116
108
108
99
104
113
135
114
112
110
109
111
123
133
112
117
110
109
110
143
111
120
108
105
112
117
114
129
122
130
122
100
103
105
120
96
119
123
124
120
96
124
125
97
96
96
103
116
125
130
175
117
164
117
115
119
97
105
94
96
109
116
121
141
111
118
111
112
110
131
109
111
138
121
121
140
110
123
99
140
111
113
146
157
131
111
111
113
108
96
97
96
109
118
108
98
104
107
112
122
141
112
111
110
111
112
110
118
111
111
115
127
122
130
137
106
98
118
119
128
121
120
118
98
107
96
120
97
123
111
130
161
103
133
111
96
100
108
111
118
122
168
130
116
118
118
96
121
114
108
97
97
97
116
111
111
111
107
110
112
111
117
121
115
111
128
111
112
111
133
110
97
112
112
152
140
149
148
171
109
107
100
97
95
104
95
110
120
109
96
100
109
114
112
112
129
110
111
113
149
111
109
109
117
109
122
110
121
97
101
112
123
127
120
122
171
112
102
109
94
117
111
132
112
128
118
138
117
98
100
107
101
97
120
181
132
119
108
122
115
117
128
137
98
101
104
111
118
111
146
100
110
112
122
110
110
110
125
110
119
127
112
123
126
116
124
112
112
119
116
114
121
116
101
114
97
104
96
137
109
117
95
96
109
110
136
111
129
111
132
111
118
110
129
111
137
112
110
117
129
99
97
113
114
118
122
160
124
118
96
104
97
125
98
135
127
118
120
105
119
95
98
107
102
108
135
121
120
122
98
121
114
115
125
98
96
96
117
110
110
145
130
99
181
111
145
111
109
137
137
121
112
112
111
111
117
142
111
112
112
153
113
152
110
122
99
98
98
105
102
133
111
111
99
111
117
110
120
128
117
110
110
111
119
114
110
109
136
109
110
111
117
109
105
96
118
120
117
121
128
121
97
109
95
123
95
131
114
116
129
106
115
124
105
108
95
95
115
123
122
162
105
159
118
123
156
98
99
96
113
109
119
111
121
155
114
122
129
111
121
122
114
111
143
140
137
110
110
105
134
112
140
155
113
114
137
158
108
96
96
103
97
112
110
111
96
96
97
117
118
110
123
110
111
123
142
130
110
109
124
110
114
110
126
109
97
97
128
127
121
120
119
119
98
105
95
125
100
172
132
119
122
107
115
116
98
111
96
99
94
125
152
176
124
118
97
122
125
114
148
97
107
97
97
110
119
110
110
121
119
110
211
127
127
122
425
122
140
123
122
133
161
125
122
129
121
171
124
157
128
152
123
179
120
117
97
100
99
95
102
102
157
133
106
102
107
121
132
159
130
122
183
120
121
126
133
122
122
120
119
120
122
128
100
96
110
128
123
110
118
119
112
98
96
107
122
108
111
117
119
110
97
112
97
98
103
100
95
111
119
112
111
110
119
110
108
117
105
97
97
96
131
121
124
128
153
122
124
129
135
121
124
141
125
124
124
132
130
122
101
148
146
167
130
135
136
121
123
100
106
101
119
95
100
121
126
97
95
145
170
123
141
129
131
122
159
122
164
120
120
127
122
141
173
146
120
97
96
117
114
110
138
118
111
99
99
104
117
106
139
117
108
110
109
109
111
97
111
97
105
97
120
110
111
111
116
110
109
109
119
100
96
107
109
135
125
125
123
110
120
134
121
125
122
135
151
121
122
135
134
125
123
108
125
124
126
221
137
132
123
116
99
96
113
96
97
96
132
116
116
98
122
121
187
129
132
124
124
125
121
123
119
125
136
121
136
131
125
121
97
106
108
108
111
129
112
122
110
110
111
106
113
112
109
108
110
108
117
109
104
96
97
95
104
112
110
110
120
109
119
109
119
107
109
95
99
96
124
119
167
123
98
135
126
121
130
180
148
170
123
134
123
122
122
145
99
125
124
152
127
129
121
121
118
96
105
96
108
97
105
119
118
98
106
101
122
129
146
123
128
120
164
137
122
119
161
121
121
126
121
120
128
119
96
96
110
117
109
111
110
119
97
97
95
118
96
110
107
114
113
99
154
111
99
99
104
96
118
111
118
110
106
109
118
108
97
108
102
96
107
120
122
121
123
131
116
120
125
133
127
124
118
138
121
124
171
133
124
120
119
173
123
125
138
129
122
123
125
100
97
99
103
98
97
122
127
104
108
112
132
122
123
124
129
123
149
136
131
159
158
130
122
119
122
132
119
97
97
122
111
110
114
129
111
97
97
100
108
97
121
108
123
111
105
107
107
98
110
97
97
97
156
110
110
110
117
141
110
117
110
96
97
102
97
121
121
131
122
97
125
132
122
116
124
128
123
122
123
130
153
173
122
116
182
126
140
123
122
122
134
116
96
100
104
110
97
95
129
117
98
99
121
147
121
125
140
120
128
164
120
160
158
137
121
120
129
132
134
118
108
109
108
107
112
109
111
137
100
96
97
111
104
118
123
108
133
108
100
108
116
100
95
95
132
127
141
111
112
97
117
107
109
108
94
107
96
97
125
133
124
125
115
166
123
156
121
133
121
120
128
121
122
164
125
123
100
122
132
169
125
166
134
128
121
116
116
96
98
96
106
95
127
118
100
108
112
122
165
147
123
127
163
121
129
131
121
150
180
137
120
122
119
129
97
97
109
115
111
117
119
111
98
95
104
107
97
109
115
108
110
97
107
118
110
97
106
100
98
111
113
111
111
107
112
117
117
117
98
98
104
106
120
120
129
133
98
160
124
168
164
123
120
121
121
124
165
122
124
124
120
173
161
141
134
124
169
123
131
117
99
96
106
105
104
119
101
97
97
97
97
116
97
104
120
125
123
157
126
163
123
132
144
121
130
112
102
102
109
105
98
100
100
101
128
114
152
114
114
114
120
113
101
114
109
122
114
111
123
102
100
113
117
108
130
100
137
156
116
125
116
100
115
123
113
118
115
110
132
100
140
108
144
100
141
101
139
100
107
100
104
101
115
101
101
100
107
100
100
102
128
100
100
101
110
101
101
105
101
103
100
111
102
104
100
108
100
100
100
104
99
96
100
110
100
106
101
108
102
100
137
108
102
145
110
100
107
101
120
100
100
99
108
100
113
114
122
114
143
114
117
101
101
111
102
116
111
121
115
104
100
123
101
107
102
109
101
115
145
129
114
113
116
111
113
117
102
101
142
101
107
101
102
100
109
100
104
101
131
101
116
99
114
101
140
107
121
100
99
101
117
102
107
109
100
100
101
110
112
101
103
109
100
111
140
118
101
95
101
98
100
99
100
100
101
109
109
101
100
101
110
99
101
103
140
100
104
100
121
99
120
100
137
101
114
111
124
117
116
121
116
103
102
122
107
113
121
120
149
120
102
120
100
108
100
102
113
146
116
127
143
103
149
112
115
109
123
101
106
99
109
100
101
101
133
101
103
99
112
101
132
99
102
100
108
107
100
100
101
109
117
100
99
109
100
100
112
110
100
105
100
98
96
109
139
103
100
100
107
99
97
104
144
102
101
107
109
100
101
101
109
100
102
101
113
100
103
109
102
100
100
107
133
99
114
120
117
112
145
124
111
101
100
120
101
114
115
113
115
112
101
113
101
109
107
102
128
115
124
115
116
102
154
117
113
122
123
100
102
100
102
101
100
99
102
100
136
113
110
100
102
107
131
100
101
109
108
100
101
124
120
99
109
101
101
102
100
100
103
101
119
101
99
108
120
100
100
102
108
101
116
96
107
101
100
107
101
104
101
101
101
101
99
107
120
97
98
110
109
98
98
111
97
95
110
114
112
109
111
111
153
102
101
106
106
112
115
108
124
108
104
108
481
97
104
96
98
110
119
110
112
98
130
109
108
123
100
98
108
109
96
103
101
109
97
99
97
103
107
96
97
109
98
95
96
98
98
97
106
99
118
96
106
97
99
98
108
96
108
96
111
101
105
107
138
102
97
97
98
96
96
102
95
97
96
116
97
99
97
109
108
98
