7470
162
148
128
101
102
99
101
96
102
94
102
92
99
94
95
94
101
92
92
92
99
92
92
100
98
92
91
93
91
91
90
91
90
92
90
102
91
90
96
98
91
89
90
97
90
89
90
99
259
104
104
102
103
101
101
100
102
100
111
100
532
102
110
100
100
102
108
101
101
101
109
101
101
108
102
103
102
108
101
102
100
107
100
101
99
110
103
108
100
109
100
101
100
107
104
100
100
107
109
107
107
99
101
100
111
101
101
100
108
100
110
100
113
100
108
102
120
102
99
101
100
100
100
115
100
101
101
108
100
101
101
118
101
101
100
118
100
102
100
110
105
110
101
103
109
100
107
101
109
101
108
101
101
100
108
101
122
100
110
101
110
102
113
102
101
99
104
100
109
109
101
100
110
118
101
101
102
109
100
101
101
110
101
102
99
118
101
102
100
103
100
102
106
108
100
100
107
99
109
100
108
100
101
100
109
100
101
101
102
100
100
107
101
100
102
107
110
101
102
112
107
101
101
118
101
100
105
110
100
101
100
101
101
100
100
102
107
101
107
101
101
101
108
101
104
104
108
107
109
101
108
99
100
100
102
100
100
100
101
100
527
107
102
101
101
108
102
100
101
108
102
99
103
116
109
101
102
102
100
101
99
101
99
100
106
110
100
100
108
102
100
101
107
101
100
100
108
101
144
132
103
108
101
101
101
101
99
109
100
101
101
117
100
100
101
107
109
100
130
110
102
102
102
109
103
99
109
100
100
100
106
100
100
100
107
100
107
100
109
101
100
101
108
102
100
102
108
103
109
102
100
103
101
122
100
101
102
117
100
100
112
109
100
100
100
108
101
100
102
101
101
101
101
110
102
101
109
101
103
100
115
102
125
102
109
102
110
101
108
101
100
101
101
100
99
102
100
103
112
112
117
104
100
109
100
103
101
118
102
101
529
111
101
100
101
100
107
105
102
100
101
100
106
109
102
99
110
112
103
100
110
101
105
101
114
109
101
100
102
100
100
99
100
100
99
108
129
104
109
109
103
102
102
108
101
101
100
110
101
110
110
102
100
99
106
99
100
100
107
100
100
101
112
110
102
101
111
100
101
99
108
100
100
100
103
100
110
108
101
100
99
108
100
100
102
119
101
105
108
114
115
104
101
109
103
102
101
103
99
103
140
105
102
111
109
100
110
101
108
100
103
100
108
109
101
99
107
100
101
99
102
100
101
106
102
109
102
109
103
100
108
108
101
100
99
108
101
105
111
109
100
101
101
101
100
103
107
101
100
100
118
102
99
101
107
103
101
107
107
101
101
101
103
110
137
103
102
100
102
106
102
100
101
108
101
99
102
109
101
100
102
117
109
100
101
101
100
100
110
101
103
102
107
100
100
101
106
102
100
101
118
101
100
101
107
102
103
109
102
108
100
99
100
109
101
109
100
100
100
108
100
100
100
110
102
109
102
108
135
102
103
102
102
100
104
101
109
105
116
100
100
100
107
100
99
100
128
106
102
101
118
102
101
102
102
101
99
107
101
101
99
110
100
120
102
109
101
106
102
114
102
100
100
108
100
109
101
101
107
100
102
100
101
101
107
101
101
100
121
104
107
100
142
102
101
100
107
100
105
100
111
102
99
102
104
103
100
115
102
107
101
110
101
111
101
119
106
102
101
107
100
100
101
101
100
109
102
99
101
100
109
100
101
103
110
101
103
100
118
105
103
100
115
100
100
100
101
100
101
100
110
101
99
107
101
100
138
110
102
101
101
112
107
111
101
111
100
103
101
109
100
100
100
102
100
100
114
101
101
100
108
100
100
100
109
99
102
99
121
100
101
99
102
99
103
100
106
100
100
107
99
109
101
108
99
100
100
118
100
101
99
108
100
109
101
102
99
101
109
103
144
106
108
109
101
100
115
100
100
100
107
99
101
101
107
100
101
102
110
107
101
106
103
99
101
107
103
99
107
108
101
109
101
108
99
101
99
107
100
99
100
105
100
111
111
101
102
102
108
102
100
101
107
103
101
116
109
101
100
99
108
99
100
100
139
102
101
111
110
100
109
119
102
100
103
106
102
100
101
108
113
102
109
109
101
100
103
108
101
101
112
100
100
112
110
99
99
102
109
102
100
102
107
102
99
111
108
103
101
110
101
101
101
106
101
101
101
106
110
101
105
113
101
100
101
108
102
100
208
116
103
105
100
98
100
97
111
97
97
97
105
99
97
104
109
99
98
97
112
100
98
98
99
105
98
106
97
104
98
107
97
103
98
104
97
97
98
103
104
98
102
105
98
97
99
97
99
101
99
97
106
97
107
98
98
97
110
102
108
98
105
97
106
107
109
99
98
99
99
98
97
99
98
100
98
545
100
99
99
106
99
98
98
108
97
103
98
104
105
97
100
99
98
97
98
98
97
97
104
97
99
104
107
97
98
97
106
96
98
96
108
97
104
105
99
96
97
98
99
98
97
107
96
97
98
113
103
100
97
105
97
99
99
108
97
97
96
100
105
109
97
97
98
96
105
97
97
97
104
97
515
99
107
97
98
100
106
101
102
98
99
98
100
104
105
97
98
104
98
98
98
104
97
98
97
112
98
100
97
109
98
98
98
104
97
98
97
98
105
100
110
104
100
103
106
98
114
99
107
98
106
97
105
97
97
96
101
99
99
96
98
97
100
118
100
98
103
109
105
98
99
106
97
97
97
113
99
98
99
98
97
98
103
99
98
99
107
98
111
100
106
99
98
102
105
105
99
98
107
98
105
98
99
97
106
105
98
105
100
107
100
98
99
115
99
98
101
105
99
97
105
105
99
98
98
106
98
98
108
99
99
101
105
98
97
100
112
99
104
99
105
99
102
100
108
100
97
104
100
99
105
104
98
98
98
105
99
98
98
104
100
98
99
114
100
98
101
106
108
99
101
101
102
98
110
105
98
98
105
98
98
102
105
98
102
98
106
100
104
100
109
178
100
98
99
99
97
105
98
101
104
117
98
100
99
105
101
101
99
105
98
98
98
107
98
97
99
97
99
100
105
98
99
98
106
105
100
97
111
98
98
98
114
141
99
99
100
98
104
98
98
99
98
105
103
99
97
106
98
98
106
106
98
100
97
104
98
98
98
99
97
98
99
104
99
97
110
99
100
97
107
97
99
97
105
105
98
97
108
98
107
98
100
99
98
97
97
97
105
104
100
127
98
109
97
99
106
146
100
99
106
108
98
99
98
105
97
109
97
98
98
96
104
106
99
101
108
98
99
99
106
97
100
97
105
105
98
98
100
98
98
97
101
98
106
104
98
98
104
107
101
98
98
105
100
98
98
106
97
99
106
101
97
102
98
99
97
98
104
100
105
148
106
106
99
98
108
99
99
99
105
99
98
98
100
105
100
98
100
98
98
104
99
98
99
105
101
97
104
108
101
99
98
104
97
98
97
99
98
98
106
100
98
98
103
102
98
103
108
105
98
101
105
115
98
98
111
98
98
98
98
97
97
97
105
146
101
104
99
98
99
105
99
98
99
104
102
98
107
106
104
98
99
100
97
99
102
99
99
99
113
99
98
99
104
99
99
98
104
98
98
100
107
106
102
102
99
104
98
104
99
98
98
105
98
105
99
104
98
97
98
107
99
96
98
104
100
97
114
140
101
99
107
98
105
97
104
98
97
98
114
99
97
98
104
99
97
100
109
100
97
99
98
105
99
106
98
100
99
114
98
99
99
105
98
98
99
105
98
98
98
105
98
98
99
98
98
97
115
98
98
97
109
98
100
99
129
103
99
99
114
99
105
140
107
99
98
100
98
98
98
105
102
106
99
113
100
101
98
106
99
102
98
110
98
105
98
98
101
97
98
99
98
98
109
98
99
100
114
97
102
99
150
100
101
98
109
101
103
98
113
98
99
98
99
99
101
104
102
100
101
112
97
106
97
107
110
140
100
106
98
99
98
100
98
520
98
107
98
98
105
99
98
97
106
98
98
98
112
99
99
97
106
99
99
98
99
99
99
98
108
98
102
106
98
100
98
109
97
99
97
105
99
112
99
106
98
104
100
100
98
99
98
98
98
107
104
101
98
103
112
141
100
98
106
98
99
98
112
97
102
98
100
97
100
97
99
97
99
104
107
99
100
105
101
100
107
106
102
98
98
107
98
105
97
99
96
98
98
99
98
100
103
97
97
106
106
99
97
99
106
101
97
107
109
98
98
98
107
98
98
99
98
98
103
147
99
101
100
104
108
98
99
107
99
99
99
103
102
98
105
99
99
109
99
99
99
99
107
99
99
99
105
98
97
105
106
99
97
99
104
99
100
100
99
101
98
98
106
101
100
104
98
98
97
106
99
98
99
104
508
99
102
107
98
98
99
99
113
140
103
98
104
105
109
98
98
99
106
98
98
99
106
98
98
105
107
101
98
99
99
98
97
107
98
98
99
108
104
104
98
107
99
98
98
105
97
98
99
109
106
97
97
99
100
98
104
98
99
98
106
99
99
106
114
99
109
99
107
98
98
97
114
140
99
106
99
98
97
105
97
99
99
109
98
99
97
106
108
101
