Read file config.yml
Running executor...
Loaded function exp00_front. lib_load_elasped: 401, func_load_elasped: 2
Loaded function exp00_back. lib_load_elasped: 112, func_load_elasped: 1
chain_length = 2, payload_size = 512, token 31374 us.
chain_length = 2, payload_size = 512, token 219238 us.
chain_length = 2, payload_size = 512, token 84103 us.
chain_length = 2, payload_size = 512, token 35559 us.
chain_length = 2, payload_size = 512, token 435632 us.
chain_length = 2, payload_size = 512, token 894919 us.
chain_length = 2, payload_size = 512, token 895580 us.
chain_length = 2, payload_size = 512, token 292854 us.
chain_length = 2, payload_size = 512, token 772319 us.
chain_length = 2, payload_size = 512, token 1526758 us.
chain_length = 2, payload_size = 512, token 45250 us.
chain_length = 2, payload_size = 512, token 379855 us.
chain_length = 2, payload_size = 512, token 782150 us.
chain_length = 2, payload_size = 512, token 524675 us.
chain_length = 2, payload_size = 512, token 2107914 us.
chain_length = 2, payload_size = 512, token 2321456 us.
chain_length = 2, payload_size = 512, token 1582524 us.
chain_length = 2, payload_size = 512, token 105959 us.
chain_length = 2, payload_size = 512, token 1850116 us.
chain_length = 2, payload_size = 512, token 1759148 us.
chain_length = 2, payload_size = 512, token 34489 us.
chain_length = 2, payload_size = 512, token 40187 us.
chain_length = 2, payload_size = 512, token 2441847 us.
chain_length = 2, payload_size = 512, token 3892690 us.
chain_length = 2, payload_size = 512, token 1345405 us.
chain_length = 2, payload_size = 512, token 47230 us.
chain_length = 2, payload_size = 512, token 1215095 us.
chain_length = 2, payload_size = 512, token 2997233 us.
chain_length = 2, payload_size = 512, token 1257348 us.
chain_length = 2, payload_size = 512, token 4023336 us.
chain_length = 2, payload_size = 512, token 4353833 us.
chain_length = 2, payload_size = 512, token 35362 us.
chain_length = 2, payload_size = 512, token 3460285 us.
chain_length = 2, payload_size = 512, token 4021392 us.
chain_length = 2, payload_size = 512, token 3471306 us.
chain_length = 2, payload_size = 512, token 21011 us.
chain_length = 2, payload_size = 512, token 5308951 us.
chain_length = 2, payload_size = 512, token 24310 us.
chain_length = 2, payload_size = 512, token 79759 us.
chain_length = 2, payload_size = 512, token 81453 us.
chain_length = 2, payload_size = 512, token 2438324 us.
chain_length = 2, payload_size = 512, token 4799975 us.
chain_length = 2, payload_size = 512, token 4849022 us.
chain_length = 2, payload_size = 512, token 1915127 us.
chain_length = 2, payload_size = 512, token 1959314 us.
chain_length = 2, payload_size = 512, token 4122249 us.
chain_length = 2, payload_size = 512, token 5675902 us.
chain_length = 2, payload_size = 512, token 5257586 us.
chain_length = 2, payload_size = 512, token 1484833 us.
chain_length = 2, payload_size = 512, token 3557194 us.
chain_length = 2, payload_size = 512, token 1484357 us.
chain_length = 2, payload_size = 512, token 3286809 us.
chain_length = 2, payload_size = 512, token 5479669 us.
chain_length = 2, payload_size = 512, token 158839 us.
chain_length = 2, payload_size = 512, token 7193602 us.
chain_length = 2, payload_size = 512, token 23238 us.
chain_length = 2, payload_size = 512, token 52152 us.
chain_length = 2, payload_size = 512, token 43333 us.
chain_length = 2, payload_size = 512, token 1568236 us.
chain_length = 2, payload_size = 512, token 4375878 us.
chain_length = 2, payload_size = 512, token 117996 us.
chain_length = 2, payload_size = 512, token 5965216 us.
chain_length = 2, payload_size = 512, token 160787 us.
chain_length = 2, payload_size = 512, token 7316358 us.
chain_length = 2, payload_size = 512, token 6943791 us.
chain_length = 2, payload_size = 512, token 4392973 us.
chain_length = 2, payload_size = 512, token 1837763 us.
chain_length = 2, payload_size = 512, token 3884197 us.
chain_length = 2, payload_size = 512, token 1871980 us.
chain_length = 2, payload_size = 512, token 883399 us.
chain_length = 2, payload_size = 512, token 72588 us.
chain_length = 2, payload_size = 512, token 3031113 us.
chain_length = 2, payload_size = 512, token 2087348 us.
chain_length = 2, payload_size = 512, token 5747893 us.
chain_length = 2, payload_size = 512, token 7284370 us.
chain_length = 2, payload_size = 512, token 8972158 us.
chain_length = 2, payload_size = 512, token 3601190 us.
chain_length = 2, payload_size = 512, token 5579949 us.
chain_length = 2, payload_size = 512, token 37804 us.
chain_length = 2, payload_size = 512, token 8079109 us.
chain_length = 2, payload_size = 512, token 5510598 us.
chain_length = 2, payload_size = 512, token 25746 us.
chain_length = 2, payload_size = 512, token 3179349 us.
chain_length = 2, payload_size = 512, token 4704505 us.
chain_length = 2, payload_size = 512, token 2861820 us.
chain_length = 2, payload_size = 512, token 23587 us.
chain_length = 2, payload_size = 512, token 61283 us.
chain_length = 2, payload_size = 512, token 5688089 us.
chain_length = 2, payload_size = 512, token 3853742 us.
chain_length = 2, payload_size = 512, token 734328 us.
chain_length = 2, payload_size = 512, token 140375 us.
chain_length = 2, payload_size = 512, token 9451786 us.
chain_length = 2, payload_size = 512, token 2060093 us.
chain_length = 2, payload_size = 512, token 7036369 us.
chain_length = 2, payload_size = 512, token 4413626 us.
chain_length = 2, payload_size = 512, token 4404868 us.
chain_length = 2, payload_size = 512, token 8369975 us.
chain_length = 2, payload_size = 512, token 45475 us.
chain_length = 2, payload_size = 512, token 589779 us.
chain_length = 2, payload_size = 512, token 8437779 us.
chain_length = 2, payload_size = 512, token 3892408 us.
chain_length = 2, payload_size = 512, token 4237980 us.
chain_length = 2, payload_size = 512, token 9225918 us.
chain_length = 2, payload_size = 512, token 9887306 us.
chain_length = 2, payload_size = 512, token 60614 us.
chain_length = 2, payload_size = 512, token 7220603 us.
chain_length = 2, payload_size = 512, token 4944482 us.
chain_length = 2, payload_size = 512, token 100042 us.
chain_length = 2, payload_size = 512, token 7927517 us.
chain_length = 2, payload_size = 512, token 8665828 us.
chain_length = 2, payload_size = 512, token 2815805 us.
chain_length = 2, payload_size = 512, token 8999397 us.
chain_length = 2, payload_size = 512, token 11903960 us.
chain_length = 2, payload_size = 512, token 3640802 us.
chain_length = 2, payload_size = 512, token 7772016 us.
chain_length = 2, payload_size = 512, token 4350630 us.
chain_length = 2, payload_size = 512, token 2138123 us.
chain_length = 2, payload_size = 512, token 77617 us.
chain_length = 2, payload_size = 512, token 7030824 us.
chain_length = 2, payload_size = 512, token 11831361 us.
chain_length = 2, payload_size = 512, token 5319404 us.
chain_length = 2, payload_size = 512, token 2369994 us.
chain_length = 2, payload_size = 512, token 8769287 us.
chain_length = 2, payload_size = 512, token 5063914 us.
chain_length = 2, payload_size = 512, token 52411 us.
chain_length = 2, payload_size = 512, token 2114113 us.
chain_length = 2, payload_size = 512, token 4873638 us.
chain_length = 2, payload_size = 512, token 40618 us.
chain_length = 2, payload_size = 512, token 529465 us.
chain_length = 2, payload_size = 512, token 2122403 us.
chain_length = 2, payload_size = 512, token 11210450 us.
chain_length = 2, payload_size = 512, token 39028 us.
chain_length = 2, payload_size = 512, token 6748347 us.
chain_length = 2, payload_size = 512, token 7420160 us.
chain_length = 2, payload_size = 512, token 5197499 us.
chain_length = 2, payload_size = 512, token 8390667 us.
chain_length = 2, payload_size = 512, token 8218056 us.
chain_length = 2, payload_size = 512, token 32386 us.
chain_length = 2, payload_size = 512, token 4659956 us.
chain_length = 2, payload_size = 512, token 9627829 us.
chain_length = 2, payload_size = 512, token 5115837 us.
chain_length = 2, payload_size = 512, token 5173797 us.
chain_length = 2, payload_size = 512, token 4532963 us.
chain_length = 2, payload_size = 512, token 5489614 us.
chain_length = 2, payload_size = 512, token 2012238 us.
chain_length = 2, payload_size = 512, token 9527682 us.
chain_length = 2, payload_size = 512, token 4976274 us.
chain_length = 2, payload_size = 512, token 4945862 us.
chain_length = 2, payload_size = 512, token 47519 us.
chain_length = 2, payload_size = 512, token 6019133 us.
chain_length = 2, payload_size = 512, token 29666 us.
chain_length = 2, payload_size = 512, token 7618373 us.
chain_length = 2, payload_size = 512, token 9700251 us.
chain_length = 2, payload_size = 512, token 1980223 us.
chain_length = 2, payload_size = 512, token 18739 us.
chain_length = 2, payload_size = 512, token 5506146 us.
chain_length = 2, payload_size = 512, token 1964311 us.
chain_length = 2, payload_size = 512, token 1977713 us.
chain_length = 2, payload_size = 512, token 6002345 us.
chain_length = 2, payload_size = 512, token 6993324 us.
chain_length = 2, payload_size = 512, token 9358793 us.
chain_length = 2, payload_size = 512, token 1904840 us.
chain_length = 2, payload_size = 512, token 1892006 us.
chain_length = 2, payload_size = 512, token 18038 us.
chain_length = 2, payload_size = 512, token 4202084 us.
chain_length = 2, payload_size = 512, token 1894343 us.
chain_length = 2, payload_size = 512, token 3983408 us.
chain_length = 2, payload_size = 512, token 10262856 us.
chain_length = 2, payload_size = 512, token 1874106 us.
chain_length = 2, payload_size = 512, token 7995733 us.
chain_length = 2, payload_size = 512, token 1953299 us.
chain_length = 2, payload_size = 512, token 4002519 us.
chain_length = 2, payload_size = 512, token 8181196 us.
chain_length = 2, payload_size = 512, token 114135 us.
chain_length = 2, payload_size = 512, token 119674 us.
chain_length = 2, payload_size = 512, token 7244883 us.
chain_length = 2, payload_size = 512, token 4521457 us.
chain_length = 2, payload_size = 512, token 1923237 us.
chain_length = 2, payload_size = 512, token 2200822 us.
chain_length = 2, payload_size = 512, token 24364 us.
chain_length = 2, payload_size = 512, token 9487182 us.
chain_length = 2, payload_size = 512, token 3999624 us.
chain_length = 2, payload_size = 512, token 4228241 us.
chain_length = 2, payload_size = 512, token 7151259 us.
chain_length = 2, payload_size = 512, token 3970140 us.
chain_length = 2, payload_size = 512, token 8142619 us.
chain_length = 2, payload_size = 512, token 6291429 us.
chain_length = 2, payload_size = 512, token 1871336 us.
chain_length = 2, payload_size = 512, token 6021400 us.
chain_length = 2, payload_size = 512, token 8300223 us.
chain_length = 2, payload_size = 512, token 4466207 us.
chain_length = 2, payload_size = 512, token 5308884 us.
chain_length = 2, payload_size = 512, token 1834457 us.
chain_length = 2, payload_size = 512, token 3869689 us.
chain_length = 2, payload_size = 512, token 13626538 us.
chain_length = 2, payload_size = 512, token 4133223 us.
chain_length = 2, payload_size = 512, token 3857739 us.
chain_length = 2, payload_size = 512, token 1761932 us.
chain_length = 2, payload_size = 512, token 7266989 us.
chain_length = 2, payload_size = 512, token 6348946 us.
chain_length = 2, payload_size = 512, token 10259774 us.
chain_length = 2, payload_size = 512, token 8136784 us.
chain_length = 2, payload_size = 512, token 13780373 us.
chain_length = 2, payload_size = 512, token 1747269 us.
chain_length = 2, payload_size = 512, token 6291211 us.
chain_length = 2, payload_size = 512, token 3759655 us.
chain_length = 2, payload_size = 512, token 7893044 us.
chain_length = 2, payload_size = 512, token 2685755 us.
chain_length = 2, payload_size = 512, token 6617853 us.
chain_length = 2, payload_size = 512, token 14012476 us.
chain_length = 2, payload_size = 512, token 5829433 us.
chain_length = 2, payload_size = 512, token 22953 us.
chain_length = 2, payload_size = 512, token 11855447 us.
chain_length = 2, payload_size = 512, token 1680213 us.
chain_length = 2, payload_size = 512, token 3630710 us.
chain_length = 2, payload_size = 512, token 26649 us.
chain_length = 2, payload_size = 512, token 13710951 us.
chain_length = 2, payload_size = 512, token 8968543 us.
chain_length = 2, payload_size = 512, token 7114953 us.
chain_length = 2, payload_size = 512, token 3957977 us.
chain_length = 2, payload_size = 512, token 8014723 us.
chain_length = 2, payload_size = 512, token 1497395 us.
chain_length = 2, payload_size = 512, token 6070618 us.
chain_length = 2, payload_size = 512, token 5412919 us.
chain_length = 2, payload_size = 512, token 3322179 us.
chain_length = 2, payload_size = 512, token 7992391 us.
chain_length = 2, payload_size = 512, token 3305795 us.
chain_length = 2, payload_size = 512, token 1413674 us.
chain_length = 2, payload_size = 512, token 8516779 us.
chain_length = 2, payload_size = 512, token 8666341 us.
chain_length = 2, payload_size = 512, token 39037 us.
chain_length = 2, payload_size = 512, token 5196419 us.
chain_length = 2, payload_size = 512, token 7283818 us.
chain_length = 2, payload_size = 512, token 4993934 us.
chain_length = 2, payload_size = 512, token 1275331 us.
chain_length = 2, payload_size = 512, token 4998459 us.
chain_length = 2, payload_size = 512, token 1129106 us.
chain_length = 2, payload_size = 512, token 4926431 us.
chain_length = 2, payload_size = 512, token 2843273 us.
chain_length = 2, payload_size = 512, token 6953423 us.
chain_length = 2, payload_size = 512, token 2846655 us.
chain_length = 2, payload_size = 512, token 14145440 us.
chain_length = 2, payload_size = 512, token 9337225 us.
chain_length = 2, payload_size = 512, token 6820494 us.
chain_length = 2, payload_size = 512, token 8719730 us.
chain_length = 2, payload_size = 512, token 15894035 us.
chain_length = 2, payload_size = 512, token 8971813 us.
chain_length = 2, payload_size = 512, token 15324579 us.
chain_length = 2, payload_size = 512, token 11586796 us.
chain_length = 2, payload_size = 512, token 2654477 us.
chain_length = 2, payload_size = 512, token 4955254 us.
chain_length = 2, payload_size = 512, token 1005132 us.
chain_length = 2, payload_size = 512, token 7718889 us.
chain_length = 2, payload_size = 512, token 4407136 us.
chain_length = 2, payload_size = 512, token 2524548 us.
chain_length = 2, payload_size = 512, token 9009411 us.
chain_length = 2, payload_size = 512, token 2648898 us.
chain_length = 2, payload_size = 512, token 7609138 us.
chain_length = 2, payload_size = 512, token 4190052 us.
chain_length = 2, payload_size = 512, token 11467868 us.
chain_length = 2, payload_size = 512, token 1282216 us.
chain_length = 2, payload_size = 512, token 11142181 us.
chain_length = 2, payload_size = 512, token 16335080 us.
chain_length = 2, payload_size = 512, token 7859738 us.
chain_length = 2, payload_size = 512, token 11956560 us.
chain_length = 2, payload_size = 512, token 9711383 us.
chain_length = 2, payload_size = 512, token 6352631 us.
chain_length = 2, payload_size = 512, token 6339810 us.
chain_length = 2, payload_size = 512, token 1944810 us.
chain_length = 2, payload_size = 512, token 812357 us.
chain_length = 2, payload_size = 512, token 5690449 us.
chain_length = 2, payload_size = 512, token 1810357 us.
chain_length = 2, payload_size = 512, token 5823421 us.
chain_length = 2, payload_size = 512, token 782208 us.
chain_length = 2, payload_size = 512, token 11440233 us.
chain_length = 2, payload_size = 512, token 9720855 us.
chain_length = 2, payload_size = 512, token 9099079 us.
chain_length = 2, payload_size = 512, token 3351025 us.
chain_length = 2, payload_size = 512, token 7036951 us.
chain_length = 2, payload_size = 512, token 10587541 us.
chain_length = 2, payload_size = 512, token 3071225 us.
chain_length = 2, payload_size = 512, token 7097493 us.
chain_length = 2, payload_size = 512, token 677677 us.
chain_length = 2, payload_size = 512, token 1535089 us.
chain_length = 2, payload_size = 512, token 11320821 us.
chain_length = 2, payload_size = 512, token 13141448 us.
chain_length = 2, payload_size = 512, token 6676588 us.
chain_length = 2, payload_size = 512, token 4651056 us.
chain_length = 2, payload_size = 512, token 5741991 us.
chain_length = 2, payload_size = 512, token 6610621 us.
chain_length = 2, payload_size = 512, token 8758788 us.
chain_length = 2, payload_size = 512, token 9845781 us.
chain_length = 2, payload_size = 512, token 2988112 us.
chain_length = 2, payload_size = 512, token 10021964 us.
chain_length = 2, payload_size = 512, token 2518990 us.
chain_length = 2, payload_size = 512, token 14642778 us.
chain_length = 2, payload_size = 512, token 9617494 us.
chain_length = 2, payload_size = 512, token 2457616 us.
chain_length = 2, payload_size = 512, token 7136126 us.
chain_length = 2, payload_size = 512, token 25698 us.
chain_length = 2, payload_size = 512, token 8837220 us.
chain_length = 2, payload_size = 512, token 6176179 us.
chain_length = 2, payload_size = 512, token 4037418 us.
chain_length = 2, payload_size = 512, token 2347550 us.
chain_length = 2, payload_size = 512, token 10973429 us.
chain_length = 2, payload_size = 512, token 13573231 us.
chain_length = 2, payload_size = 512, token 16959429 us.
chain_length = 2, payload_size = 512, token 15379348 us.
chain_length = 2, payload_size = 512, token 13609231 us.
chain_length = 2, payload_size = 512, token 7773327 us.
chain_length = 2, payload_size = 512, token 39224 us.
chain_length = 2, payload_size = 512, token 1000002 us.
chain_length = 2, payload_size = 512, token 1797936 us.
chain_length = 2, payload_size = 512, token 16322216 us.
chain_length = 2, payload_size = 512, token 9243517 us.
chain_length = 2, payload_size = 512, token 419861 us.
chain_length = 2, payload_size = 512, token 11207385 us.
chain_length = 2, payload_size = 512, token 17112911 us.
chain_length = 2, payload_size = 512, token 13997772 us.
chain_length = 2, payload_size = 512, token 12258543 us.
chain_length = 2, payload_size = 512, token 37066 us.
chain_length = 2, payload_size = 512, token 4121127 us.
chain_length = 2, payload_size = 512, token 1465105 us.
chain_length = 2, payload_size = 512, token 3931082 us.
chain_length = 2, payload_size = 512, token 340962 us.
chain_length = 2, payload_size = 512, token 2326903 us.
chain_length = 2, payload_size = 512, token 1341474 us.
chain_length = 2, payload_size = 512, token 48139 us.
chain_length = 2, payload_size = 512, token 8059715 us.
chain_length = 2, payload_size = 512, token 13154578 us.
chain_length = 2, payload_size = 512, token 710816 us.
chain_length = 2, payload_size = 512, token 20552 us.
chain_length = 2, payload_size = 512, token 1910683 us.
chain_length = 2, payload_size = 512, token 14684034 us.
chain_length = 2, payload_size = 512, token 5273651 us.
chain_length = 2, payload_size = 512, token 2219524 us.
chain_length = 2, payload_size = 512, token 7606612 us.
