Read file config.yml
Running executor...
Loaded function exp00_back. lib_load_elasped: 125, func_load_elasped: 1
chain_length = 2, payload_size = 512, token 12072 us.
chain_length = 2, payload_size = 512, token 2233 us.
chain_length = 2, payload_size = 512, token 6809 us.
Loaded function exp00_front. lib_load_elasped: 106, func_load_elasped: 1
chain_length = 2, payload_size = 512, token 19932 us.
chain_length = 2, payload_size = 512, token 23403 us.
chain_length = 2, payload_size = 512, token 26114 us.
chain_length = 2, payload_size = 512, token 30167 us.
chain_length = 2, payload_size = 512, token 3535 us.
chain_length = 2, payload_size = 512, token 46695 us.
chain_length = 2, payload_size = 512, token 178130 us.
chain_length = 2, payload_size = 512, token 38526 us.
chain_length = 2, payload_size = 512, token 60350 us.
chain_length = 2, payload_size = 512, token 12384 us.
chain_length = 2, payload_size = 512, token 34201 us.
chain_length = 2, payload_size = 512, token 48739 us.
chain_length = 2, payload_size = 512, token 42710 us.
chain_length = 2, payload_size = 512, token 29151 us.
chain_length = 2, payload_size = 512, token 280484 us.
chain_length = 2, payload_size = 512, token 428552 us.
chain_length = 2, payload_size = 512, token 398796 us.
chain_length = 2, payload_size = 512, token 1235686 us.
chain_length = 2, payload_size = 512, token 1265985 us.
chain_length = 2, payload_size = 512, token 1641960 us.
chain_length = 2, payload_size = 512, token 1169346 us.
chain_length = 2, payload_size = 512, token 370224 us.
chain_length = 2, payload_size = 512, token 265766 us.
chain_length = 2, payload_size = 512, token 1308965 us.
chain_length = 2, payload_size = 512, token 1763831 us.
chain_length = 2, payload_size = 512, token 1334234 us.
chain_length = 2, payload_size = 512, token 1090194 us.
chain_length = 2, payload_size = 512, token 1594031 us.
chain_length = 2, payload_size = 512, token 1676096 us.
chain_length = 2, payload_size = 512, token 557832 us.
chain_length = 2, payload_size = 512, token 40238 us.
chain_length = 2, payload_size = 512, token 1464442 us.
chain_length = 2, payload_size = 512, token 3211624 us.
chain_length = 2, payload_size = 512, token 73907 us.
chain_length = 2, payload_size = 512, token 2866985 us.
chain_length = 2, payload_size = 512, token 2175426 us.
chain_length = 2, payload_size = 512, token 1037056 us.
chain_length = 2, payload_size = 512, token 2509928 us.
chain_length = 2, payload_size = 512, token 2734462 us.
chain_length = 2, payload_size = 512, token 1495582 us.
chain_length = 2, payload_size = 512, token 3598932 us.
chain_length = 2, payload_size = 512, token 3343457 us.
chain_length = 2, payload_size = 512, token 3353828 us.
chain_length = 2, payload_size = 512, token 1427817 us.
chain_length = 2, payload_size = 512, token 3460423 us.
chain_length = 2, payload_size = 512, token 83282 us.
chain_length = 2, payload_size = 512, token 1719169 us.
chain_length = 2, payload_size = 512, token 3761479 us.
chain_length = 2, payload_size = 512, token 2783160 us.
chain_length = 2, payload_size = 512, token 53018 us.
chain_length = 2, payload_size = 512, token 71603 us.
chain_length = 2, payload_size = 512, token 19166 us.
chain_length = 2, payload_size = 512, token 1010075 us.
chain_length = 2, payload_size = 512, token 2461224 us.
chain_length = 2, payload_size = 512, token 30096 us.
chain_length = 2, payload_size = 512, token 3712599 us.
chain_length = 2, payload_size = 512, token 2531261 us.
chain_length = 2, payload_size = 512, token 61885 us.
chain_length = 2, payload_size = 512, token 1528369 us.
chain_length = 2, payload_size = 512, token 60618 us.
chain_length = 2, payload_size = 512, token 32800 us.
chain_length = 2, payload_size = 512, token 2764844 us.
chain_length = 2, payload_size = 512, token 20639 us.
chain_length = 2, payload_size = 512, token 37995 us.
chain_length = 2, payload_size = 512, token 10405 us.
chain_length = 2, payload_size = 512, token 779948 us.
chain_length = 2, payload_size = 512, token 24963 us.
chain_length = 2, payload_size = 512, token 23960 us.
chain_length = 2, payload_size = 512, token 21212 us.
chain_length = 2, payload_size = 512, token 9598 us.
chain_length = 2, payload_size = 512, token 2649393 us.
chain_length = 2, payload_size = 512, token 4885298 us.
chain_length = 2, payload_size = 512, token 4334582 us.
chain_length = 2, payload_size = 512, token 45996 us.
chain_length = 2, payload_size = 512, token 24076 us.
chain_length = 2, payload_size = 512, token 46723 us.
chain_length = 2, payload_size = 512, token 1255556 us.
chain_length = 2, payload_size = 512, token 1307958 us.
chain_length = 2, payload_size = 512, token 5238555 us.
chain_length = 2, payload_size = 512, token 5729107 us.
chain_length = 2, payload_size = 512, token 1343126 us.
chain_length = 2, payload_size = 512, token 3512803 us.
chain_length = 2, payload_size = 512, token 1811038 us.
chain_length = 2, payload_size = 512, token 2870164 us.
chain_length = 2, payload_size = 512, token 49170 us.
chain_length = 2, payload_size = 512, token 74691 us.
chain_length = 2, payload_size = 512, token 720299 us.
chain_length = 2, payload_size = 512, token 1423449 us.
chain_length = 2, payload_size = 512, token 20294 us.
chain_length = 2, payload_size = 512, token 5580016 us.
chain_length = 2, payload_size = 512, token 27466 us.
chain_length = 2, payload_size = 512, token 5191746 us.
chain_length = 2, payload_size = 512, token 4204665 us.
chain_length = 2, payload_size = 512, token 5425117 us.
chain_length = 2, payload_size = 512, token 4414118 us.
chain_length = 2, payload_size = 512, token 2521711 us.
chain_length = 2, payload_size = 512, token 5942852 us.
chain_length = 2, payload_size = 512, token 27418 us.
chain_length = 2, payload_size = 512, token 19436 us.
chain_length = 2, payload_size = 512, token 31362 us.
chain_length = 2, payload_size = 512, token 1517565 us.
chain_length = 2, payload_size = 512, token 2693650 us.
chain_length = 2, payload_size = 512, token 4192406 us.
chain_length = 2, payload_size = 512, token 750697 us.
chain_length = 2, payload_size = 512, token 1529190 us.
chain_length = 2, payload_size = 512, token 3541593 us.
chain_length = 2, payload_size = 512, token 1556882 us.
chain_length = 2, payload_size = 512, token 4403047 us.
chain_length = 2, payload_size = 512, token 18337 us.
chain_length = 2, payload_size = 512, token 1548311 us.
chain_length = 2, payload_size = 512, token 98461 us.
chain_length = 2, payload_size = 512, token 39783 us.
chain_length = 2, payload_size = 512, token 42448 us.
chain_length = 2, payload_size = 512, token 4899347 us.
chain_length = 2, payload_size = 512, token 91965 us.
chain_length = 2, payload_size = 512, token 6336275 us.
chain_length = 2, payload_size = 512, token 32709 us.
chain_length = 2, payload_size = 512, token 4877319 us.
chain_length = 2, payload_size = 512, token 7626696 us.
chain_length = 2, payload_size = 512, token 86455 us.
chain_length = 2, payload_size = 512, token 7453932 us.
chain_length = 2, payload_size = 512, token 2989095 us.
chain_length = 2, payload_size = 512, token 5464135 us.
chain_length = 2, payload_size = 512, token 91191 us.
chain_length = 2, payload_size = 512, token 5550526 us.
chain_length = 2, payload_size = 512, token 153154 us.
chain_length = 2, payload_size = 512, token 3681349 us.
chain_length = 2, payload_size = 512, token 3478853 us.
chain_length = 2, payload_size = 512, token 872399 us.
chain_length = 2, payload_size = 512, token 5107253 us.
chain_length = 2, payload_size = 512, token 46286 us.
chain_length = 2, payload_size = 512, token 44941 us.
chain_length = 2, payload_size = 512, token 7046352 us.
chain_length = 2, payload_size = 512, token 29260 us.
chain_length = 2, payload_size = 512, token 33530 us.
chain_length = 2, payload_size = 512, token 100422 us.
chain_length = 2, payload_size = 512, token 37274 us.
chain_length = 2, payload_size = 512, token 1534494 us.
chain_length = 2, payload_size = 512, token 2384051 us.
chain_length = 2, payload_size = 512, token 89502 us.
chain_length = 2, payload_size = 512, token 1847521 us.
chain_length = 2, payload_size = 512, token 4443418 us.
chain_length = 2, payload_size = 512, token 30220 us.
chain_length = 2, payload_size = 512, token 1883986 us.
chain_length = 2, payload_size = 512, token 2474206 us.
chain_length = 2, payload_size = 512, token 28479 us.
chain_length = 2, payload_size = 512, token 2634764 us.
chain_length = 2, payload_size = 512, token 4693782 us.
chain_length = 2, payload_size = 512, token 1871170 us.
chain_length = 2, payload_size = 512, token 5990237 us.
chain_length = 2, payload_size = 512, token 34829 us.
chain_length = 2, payload_size = 512, token 2022900 us.
chain_length = 2, payload_size = 512, token 5324005 us.
chain_length = 2, payload_size = 512, token 8876508 us.
chain_length = 2, payload_size = 512, token 24482 us.
chain_length = 2, payload_size = 512, token 3545367 us.
chain_length = 2, payload_size = 512, token 3277745 us.
chain_length = 2, payload_size = 512, token 38660 us.
chain_length = 2, payload_size = 512, token 25803 us.
chain_length = 2, payload_size = 512, token 5069493 us.
chain_length = 2, payload_size = 512, token 8401834 us.
chain_length = 2, payload_size = 512, token 24759 us.
chain_length = 2, payload_size = 512, token 3075786 us.
chain_length = 2, payload_size = 512, token 8026215 us.
chain_length = 2, payload_size = 512, token 4301915 us.
chain_length = 2, payload_size = 512, token 3750817 us.
chain_length = 2, payload_size = 512, token 24157 us.
chain_length = 2, payload_size = 512, token 4220171 us.
chain_length = 2, payload_size = 512, token 2879923 us.
chain_length = 2, payload_size = 512, token 4574001 us.
chain_length = 2, payload_size = 512, token 2025043 us.
chain_length = 2, payload_size = 512, token 8228598 us.
chain_length = 2, payload_size = 512, token 2235082 us.
chain_length = 2, payload_size = 512, token 3998177 us.
chain_length = 2, payload_size = 512, token 9994280 us.
chain_length = 2, payload_size = 512, token 8019521 us.
chain_length = 2, payload_size = 512, token 9870496 us.
chain_length = 2, payload_size = 512, token 966407 us.
chain_length = 2, payload_size = 512, token 3060461 us.
chain_length = 2, payload_size = 512, token 7533983 us.
chain_length = 2, payload_size = 512, token 2060402 us.
chain_length = 2, payload_size = 512, token 2576725 us.
chain_length = 2, payload_size = 512, token 3851011 us.
chain_length = 2, payload_size = 512, token 9784696 us.
chain_length = 2, payload_size = 512, token 101577 us.
chain_length = 2, payload_size = 512, token 83815 us.
chain_length = 2, payload_size = 512, token 7557287 us.
chain_length = 2, payload_size = 512, token 19396 us.
chain_length = 2, payload_size = 512, token 191383 us.
chain_length = 2, payload_size = 512, token 5637168 us.
chain_length = 2, payload_size = 512, token 596850 us.
chain_length = 2, payload_size = 512, token 6991332 us.
chain_length = 2, payload_size = 512, token 10290617 us.
chain_length = 2, payload_size = 512, token 595698 us.
chain_length = 2, payload_size = 512, token 2610926 us.
chain_length = 2, payload_size = 512, token 4349197 us.
chain_length = 2, payload_size = 512, token 6603598 us.
chain_length = 2, payload_size = 512, token 4661740 us.
chain_length = 2, payload_size = 512, token 4342183 us.
chain_length = 2, payload_size = 512, token 6919311 us.
chain_length = 2, payload_size = 512, token 5919223 us.
chain_length = 2, payload_size = 512, token 22472 us.
chain_length = 2, payload_size = 512, token 3562682 us.
chain_length = 2, payload_size = 512, token 2093743 us.
chain_length = 2, payload_size = 512, token 7698558 us.
chain_length = 2, payload_size = 512, token 4336520 us.
chain_length = 2, payload_size = 512, token 31721 us.
chain_length = 2, payload_size = 512, token 21841 us.
chain_length = 2, payload_size = 512, token 2130489 us.
chain_length = 2, payload_size = 512, token 43905 us.
chain_length = 2, payload_size = 512, token 5997360 us.
chain_length = 2, payload_size = 512, token 2138985 us.
chain_length = 2, payload_size = 512, token 9718093 us.
chain_length = 2, payload_size = 512, token 467673 us.
chain_length = 2, payload_size = 512, token 5684574 us.
chain_length = 2, payload_size = 512, token 2091317 us.
chain_length = 2, payload_size = 512, token 10602122 us.
chain_length = 2, payload_size = 512, token 41345 us.
chain_length = 2, payload_size = 512, token 2187924 us.
chain_length = 2, payload_size = 512, token 7468589 us.
chain_length = 2, payload_size = 512, token 377479 us.
chain_length = 2, payload_size = 512, token 10006289 us.
chain_length = 2, payload_size = 512, token 2390639 us.
chain_length = 2, payload_size = 512, token 2152581 us.
chain_length = 2, payload_size = 512, token 11049816 us.
chain_length = 2, payload_size = 512, token 12265012 us.
chain_length = 2, payload_size = 512, token 2130359 us.
chain_length = 2, payload_size = 512, token 12586481 us.
chain_length = 2, payload_size = 512, token 7634987 us.
chain_length = 2, payload_size = 512, token 18058 us.
chain_length = 2, payload_size = 512, token 2106563 us.
chain_length = 2, payload_size = 512, token 5993612 us.
chain_length = 2, payload_size = 512, token 12723541 us.
chain_length = 2, payload_size = 512, token 259972 us.
chain_length = 2, payload_size = 512, token 2347023 us.
chain_length = 2, payload_size = 512, token 4484925 us.
chain_length = 2, payload_size = 512, token 4159847 us.
chain_length = 2, payload_size = 512, token 280955 us.
chain_length = 2, payload_size = 512, token 11144061 us.
chain_length = 2, payload_size = 512, token 8050640 us.
chain_length = 2, payload_size = 512, token 4147185 us.
chain_length = 2, payload_size = 512, token 5968127 us.
chain_length = 2, payload_size = 512, token 6621234 us.
chain_length = 2, payload_size = 512, token 4364179 us.
chain_length = 2, payload_size = 512, token 10538221 us.
chain_length = 2, payload_size = 512, token 4207019 us.
chain_length = 2, payload_size = 512, token 34825 us.
chain_length = 2, payload_size = 512, token 4165867 us.
chain_length = 2, payload_size = 512, token 11012715 us.
chain_length = 2, payload_size = 512, token 30605 us.
chain_length = 2, payload_size = 512, token 2686272 us.
chain_length = 2, payload_size = 512, token 11139357 us.
chain_length = 2, payload_size = 512, token 3666656 us.
chain_length = 2, payload_size = 512, token 6521158 us.
chain_length = 2, payload_size = 512, token 7038338 us.
chain_length = 2, payload_size = 512, token 4662123 us.
chain_length = 2, payload_size = 512, token 6233095 us.
chain_length = 2, payload_size = 512, token 10585906 us.
chain_length = 2, payload_size = 512, token 6581951 us.
chain_length = 2, payload_size = 512, token 2135118 us.
chain_length = 2, payload_size = 512, token 10189693 us.
chain_length = 2, payload_size = 512, token 48350 us.
chain_length = 2, payload_size = 512, token 2669685 us.
chain_length = 2, payload_size = 512, token 11632411 us.
chain_length = 2, payload_size = 512, token 8402582 us.
chain_length = 2, payload_size = 512, token 12025073 us.
chain_length = 2, payload_size = 512, token 26452 us.
chain_length = 2, payload_size = 512, token 2112780 us.
chain_length = 2, payload_size = 512, token 10553517 us.
chain_length = 2, payload_size = 512, token 48754 us.
chain_length = 2, payload_size = 512, token 4642993 us.
chain_length = 2, payload_size = 512, token 6080321 us.
chain_length = 2, payload_size = 512, token 10646521 us.
chain_length = 2, payload_size = 512, token 147261 us.
chain_length = 2, payload_size = 512, token 20641 us.
chain_length = 2, payload_size = 512, token 2097292 us.
chain_length = 2, payload_size = 512, token 5605651 us.
chain_length = 2, payload_size = 512, token 6536511 us.
chain_length = 2, payload_size = 512, token 3102501 us.
chain_length = 2, payload_size = 512, token 2572220 us.
chain_length = 2, payload_size = 512, token 11686514 us.
chain_length = 2, payload_size = 512, token 9860110 us.
chain_length = 2, payload_size = 512, token 11411164 us.
chain_length = 2, payload_size = 512, token 5685665 us.
chain_length = 2, payload_size = 512, token 6336590 us.
chain_length = 2, payload_size = 512, token 4127866 us.
chain_length = 2, payload_size = 512, token 4048585 us.
chain_length = 2, payload_size = 512, token 6306710 us.
chain_length = 2, payload_size = 512, token 4067148 us.
chain_length = 2, payload_size = 512, token 19527 us.
chain_length = 2, payload_size = 512, token 7860079 us.
chain_length = 2, payload_size = 512, token 11538165 us.
chain_length = 2, payload_size = 512, token 12109515 us.
chain_length = 2, payload_size = 512, token 12223889 us.
chain_length = 2, payload_size = 512, token 9748519 us.
chain_length = 2, payload_size = 512, token 9756246 us.
chain_length = 2, payload_size = 512, token 12906153 us.
chain_length = 2, payload_size = 512, token 8096733 us.
chain_length = 2, payload_size = 512, token 4271601 us.
chain_length = 2, payload_size = 512, token 7873795 us.
chain_length = 2, payload_size = 512, token 5589987 us.
chain_length = 2, payload_size = 512, token 6804655 us.
chain_length = 2, payload_size = 512, token 8975523 us.
chain_length = 2, payload_size = 512, token 12993179 us.
chain_length = 2, payload_size = 512, token 3964909 us.
chain_length = 2, payload_size = 512, token 22599 us.
chain_length = 2, payload_size = 512, token 8726793 us.
chain_length = 2, payload_size = 512, token 5187258 us.
chain_length = 2, payload_size = 512, token 7046592 us.
chain_length = 2, payload_size = 512, token 25153 us.
chain_length = 2, payload_size = 512, token 14511 us.
chain_length = 2, payload_size = 512, token 7082059 us.
chain_length = 2, payload_size = 512, token 4190625 us.
chain_length = 2, payload_size = 512, token 46321 us.
chain_length = 2, payload_size = 512, token 2208389 us.
chain_length = 2, payload_size = 512, token 117922 us.
chain_length = 2, payload_size = 512, token 1907352 us.
chain_length = 2, payload_size = 512, token 12344426 us.
chain_length = 2, payload_size = 512, token 1914299 us.
chain_length = 2, payload_size = 512, token 8606166 us.
chain_length = 2, payload_size = 512, token 7159040 us.
chain_length = 2, payload_size = 512, token 9809590 us.
chain_length = 2, payload_size = 512, token 7753595 us.
chain_length = 2, payload_size = 512, token 13228807 us.
chain_length = 2, payload_size = 512, token 10775629 us.
chain_length = 2, payload_size = 512, token 7808233 us.
chain_length = 2, payload_size = 512, token 1813358 us.
chain_length = 2, payload_size = 512, token 46125 us.
chain_length = 2, payload_size = 512, token 3909558 us.
chain_length = 2, payload_size = 512, token 1853891 us.
chain_length = 2, payload_size = 512, token 297407 us.
chain_length = 2, payload_size = 512, token 12892236 us.
chain_length = 2, payload_size = 512, token 7737940 us.
chain_length = 2, payload_size = 512, token 11636167 us.
chain_length = 2, payload_size = 512, token 3877466 us.
chain_length = 2, payload_size = 512, token 3897992 us.
chain_length = 2, payload_size = 512, token 14621 us.
chain_length = 2, payload_size = 512, token 5895832 us.
chain_length = 2, payload_size = 512, token 3859255 us.
chain_length = 2, payload_size = 512, token 12836953 us.
chain_length = 2, payload_size = 512, token 10564379 us.
chain_length = 2, payload_size = 512, token 11480284 us.
chain_length = 2, payload_size = 512, token 7420314 us.
chain_length = 2, payload_size = 512, token 11020210 us.
chain_length = 2, payload_size = 512, token 1723470 us.
chain_length = 2, payload_size = 512, token 24670 us.
chain_length = 2, payload_size = 512, token 5467166 us.
chain_length = 2, payload_size = 512, token 14916 us.
chain_length = 2, payload_size = 512, token 3917806 us.
chain_length = 2, payload_size = 512, token 22279 us.
chain_length = 2, payload_size = 512, token 11715962 us.
chain_length = 2, payload_size = 512, token 5957179 us.
chain_length = 2, payload_size = 512, token 1792068 us.
chain_length = 2, payload_size = 512, token 10380554 us.
chain_length = 2, payload_size = 512, token 8844229 us.
chain_length = 2, payload_size = 512, token 8085460 us.
chain_length = 2, payload_size = 512, token 3696173 us.
chain_length = 2, payload_size = 512, token 1897880 us.
chain_length = 2, payload_size = 512, token 3713329 us.
chain_length = 2, payload_size = 512, token 5761633 us.
chain_length = 2, payload_size = 512, token 3686467 us.
chain_length = 2, payload_size = 512, token 5818475 us.
chain_length = 2, payload_size = 512, token 19935 us.
chain_length = 2, payload_size = 512, token 13055451 us.
chain_length = 2, payload_size = 512, token 8013976 us.
chain_length = 2, payload_size = 512, token 7101113 us.
chain_length = 2, payload_size = 512, token 11444285 us.
chain_length = 2, payload_size = 512, token 1653994 us.
chain_length = 2, payload_size = 512, token 6474867 us.
chain_length = 2, payload_size = 512, token 6807268 us.
chain_length = 2, payload_size = 512, token 156066 us.
chain_length = 2, payload_size = 512, token 3567648 us.
chain_length = 2, payload_size = 512, token 14271432 us.
chain_length = 2, payload_size = 512, token 3597966 us.
chain_length = 2, payload_size = 512, token 64722 us.
chain_length = 2, payload_size = 512, token 9557983 us.
chain_length = 2, payload_size = 512, token 5615200 us.
chain_length = 2, payload_size = 512, token 7564718 us.
chain_length = 2, payload_size = 512, token 1602306 us.
chain_length = 2, payload_size = 512, token 7562953 us.
chain_length = 2, payload_size = 512, token 1588174 us.
chain_length = 2, payload_size = 512, token 5796093 us.
chain_length = 2, payload_size = 512, token 5579089 us.
chain_length = 2, payload_size = 512, token 14319479 us.
chain_length = 2, payload_size = 512, token 7125116 us.
chain_length = 2, payload_size = 512, token 8474428 us.
chain_length = 2, payload_size = 512, token 1515550 us.
chain_length = 2, payload_size = 512, token 9354978 us.
chain_length = 2, payload_size = 512, token 1491782 us.
chain_length = 2, payload_size = 512, token 1611383 us.
chain_length = 2, payload_size = 512, token 1490593 us.
chain_length = 2, payload_size = 512, token 1584008 us.
chain_length = 2, payload_size = 512, token 1499425 us.
chain_length = 2, payload_size = 512, token 3446048 us.
chain_length = 2, payload_size = 512, token 1441281 us.
chain_length = 2, payload_size = 512, token 14608286 us.
chain_length = 2, payload_size = 512, token 11272555 us.
chain_length = 2, payload_size = 512, token 3263841 us.
chain_length = 2, payload_size = 512, token 13298598 us.
chain_length = 2, payload_size = 512, token 1390622 us.
chain_length = 2, payload_size = 512, token 13531608 us.
chain_length = 2, payload_size = 512, token 1364050 us.
chain_length = 2, payload_size = 512, token 134142 us.
chain_length = 2, payload_size = 512, token 13404821 us.
chain_length = 2, payload_size = 512, token 1341802 us.
chain_length = 2, payload_size = 512, token 3259329 us.
chain_length = 2, payload_size = 512, token 8321621 us.
chain_length = 2, payload_size = 512, token 483688 us.
chain_length = 2, payload_size = 512, token 23437 us.
chain_length = 2, payload_size = 512, token 5051289 us.
chain_length = 2, payload_size = 512, token 20168 us.
chain_length = 2, payload_size = 512, token 4949520 us.
chain_length = 2, payload_size = 512, token 1214121 us.
chain_length = 2, payload_size = 512, token 6988253 us.
chain_length = 2, payload_size = 512, token 10965770 us.
chain_length = 2, payload_size = 512, token 4918196 us.
chain_length = 2, payload_size = 512, token 5915216 us.
chain_length = 2, payload_size = 512, token 10186112 us.
chain_length = 2, payload_size = 512, token 4824511 us.
chain_length = 2, payload_size = 512, token 11222020 us.
chain_length = 2, payload_size = 512, token 8138894 us.
chain_length = 2, payload_size = 512, token 6903089 us.
chain_length = 2, payload_size = 512, token 6977327 us.
chain_length = 2, payload_size = 512, token 35297 us.
chain_length = 2, payload_size = 512, token 9696374 us.
chain_length = 2, payload_size = 512, token 9695726 us.
chain_length = 2, payload_size = 512, token 2734545 us.
chain_length = 2, payload_size = 512, token 191573 us.
chain_length = 2, payload_size = 512, token 10944316 us.
chain_length = 2, payload_size = 512, token 1051453 us.
chain_length = 2, payload_size = 512, token 4603660 us.
chain_length = 2, payload_size = 512, token 2674304 us.
chain_length = 2, payload_size = 512, token 1030367 us.
chain_length = 2, payload_size = 512, token 1022346 us.
chain_length = 2, payload_size = 512, token 8402055 us.
chain_length = 2, payload_size = 512, token 28736 us.
chain_length = 2, payload_size = 512, token 6869943 us.
chain_length = 2, payload_size = 512, token 1228834 us.
chain_length = 2, payload_size = 512, token 6631652 us.
chain_length = 2, payload_size = 512, token 10684821 us.
chain_length = 2, payload_size = 512, token 27854 us.
chain_length = 2, payload_size = 512, token 2362791 us.
chain_length = 2, payload_size = 512, token 4125428 us.
chain_length = 2, payload_size = 512, token 50546 us.
chain_length = 2, payload_size = 512, token 6157226 us.
chain_length = 2, payload_size = 512, token 6413970 us.
chain_length = 2, payload_size = 512, token 11494999 us.
chain_length = 2, payload_size = 512, token 8222216 us.
chain_length = 2, payload_size = 512, token 12571378 us.
chain_length = 2, payload_size = 512, token 2149744 us.
chain_length = 2, payload_size = 512, token 108237 us.
chain_length = 2, payload_size = 512, token 9003095 us.
chain_length = 2, payload_size = 512, token 2073569 us.
chain_length = 2, payload_size = 512, token 22277 us.
chain_length = 2, payload_size = 512, token 835481 us.
chain_length = 2, payload_size = 512, token 1120375 us.
chain_length = 2, payload_size = 512, token 7849838 us.
chain_length = 2, payload_size = 512, token 33036 us.
chain_length = 2, payload_size = 512, token 1908342 us.
chain_length = 2, payload_size = 512, token 1873594 us.
chain_length = 2, payload_size = 512, token 6106186 us.
chain_length = 2, payload_size = 512, token 886239 us.
chain_length = 2, payload_size = 512, token 7183244 us.
chain_length = 2, payload_size = 512, token 36667 us.
chain_length = 2, payload_size = 512, token 5465584 us.
chain_length = 2, payload_size = 512, token 5729679 us.
chain_length = 2, payload_size = 512, token 10533007 us.
chain_length = 2, payload_size = 512, token 737381 us.
chain_length = 2, payload_size = 512, token 15745177 us.
chain_length = 2, payload_size = 512, token 41618 us.
chain_length = 2, payload_size = 512, token 8072162 us.
chain_length = 2, payload_size = 512, token 7938730 us.
chain_length = 2, payload_size = 512, token 12614396 us.
chain_length = 2, payload_size = 512, token 721281 us.
chain_length = 2, payload_size = 512, token 15708618 us.
chain_length = 2, payload_size = 512, token 8116047 us.
chain_length = 2, payload_size = 512, token 12041101 us.
chain_length = 2, payload_size = 512, token 10609899 us.
chain_length = 2, payload_size = 512, token 11111002 us.
chain_length = 2, payload_size = 512, token 8566952 us.
chain_length = 2, payload_size = 512, token 10830820 us.
chain_length = 2, payload_size = 512, token 7006942 us.
chain_length = 2, payload_size = 512, token 12360516 us.
chain_length = 2, payload_size = 512, token 14211108 us.
chain_length = 2, payload_size = 512, token 1420482 us.
chain_length = 2, payload_size = 512, token 9219804 us.
chain_length = 2, payload_size = 512, token 4129357 us.
chain_length = 2, payload_size = 512, token 10082382 us.
chain_length = 2, payload_size = 512, token 12320906 us.
chain_length = 2, payload_size = 512, token 2281476 us.
chain_length = 2, payload_size = 512, token 3907744 us.
chain_length = 2, payload_size = 512, token 19217 us.
chain_length = 2, payload_size = 512, token 1246845 us.
chain_length = 2, payload_size = 512, token 3927313 us.
chain_length = 2, payload_size = 512, token 5719261 us.
chain_length = 2, payload_size = 512, token 1217376 us.
chain_length = 2, payload_size = 512, token 5721078 us.
chain_length = 2, payload_size = 512, token 12448992 us.
chain_length = 2, payload_size = 512, token 16323641 us.
chain_length = 2, payload_size = 512, token 10540106 us.
chain_length = 2, payload_size = 512, token 7888243 us.
chain_length = 2, payload_size = 512, token 15739568 us.
chain_length = 2, payload_size = 512, token 2066111 us.
chain_length = 2, payload_size = 512, token 12490672 us.
chain_length = 2, payload_size = 512, token 14741787 us.
chain_length = 2, payload_size = 512, token 3444135 us.
chain_length = 2, payload_size = 512, token 1066713 us.
chain_length = 2, payload_size = 512, token 1939834 us.
chain_length = 2, payload_size = 512, token 10951333 us.
chain_length = 2, payload_size = 512, token 478301 us.
chain_length = 2, payload_size = 512, token 14355838 us.
chain_length = 2, payload_size = 512, token 1006635 us.
chain_length = 2, payload_size = 512, token 6841701 us.
chain_length = 2, payload_size = 512, token 1793242 us.
chain_length = 2, payload_size = 512, token 2915367 us.
chain_length = 2, payload_size = 512, token 15553718 us.
chain_length = 2, payload_size = 512, token 14918412 us.
chain_length = 2, payload_size = 512, token 33454 us.
chain_length = 2, payload_size = 512, token 835825 us.
chain_length = 2, payload_size = 512, token 2362975 us.
chain_length = 2, payload_size = 512, token 14513861 us.
chain_length = 2, payload_size = 512, token 3627128 us.
chain_length = 2, payload_size = 512, token 9495477 us.
chain_length = 2, payload_size = 512, token 5422174 us.
chain_length = 2, payload_size = 512, token 13898213 us.
chain_length = 2, payload_size = 512, token 636253 us.
chain_length = 2, payload_size = 512, token 26317 us.
chain_length = 2, payload_size = 512, token 14944443 us.
chain_length = 2, payload_size = 512, token 11808 us.
chain_length = 2, payload_size = 512, token 12269360 us.
chain_length = 2, payload_size = 512, token 553868 us.
chain_length = 2, payload_size = 512, token 4196959 us.
chain_length = 2, payload_size = 512, token 6274557 us.
chain_length = 2, payload_size = 512, token 139717 us.
chain_length = 2, payload_size = 512, token 5739336 us.
chain_length = 2, payload_size = 512, token 831758 us.
chain_length = 2, payload_size = 512, token 6562469 us.
chain_length = 2, payload_size = 512, token 8734739 us.
chain_length = 2, payload_size = 512, token 2984256 us.
chain_length = 2, payload_size = 512, token 5549 us.
chain_length = 2, payload_size = 512, token 10000718 us.
chain_length = 2, payload_size = 512, token 3957588 us.
chain_length = 2, payload_size = 512, token 13122160 us.
chain_length = 2, payload_size = 512, token 7926924 us.
chain_length = 2, payload_size = 512, token 11545387 us.
chain_length = 2, payload_size = 512, token 15161005 us.
chain_length = 2, payload_size = 512, token 386043 us.
chain_length = 2, payload_size = 512, token 7859208 us.
chain_length = 2, payload_size = 512, token 977656 us.
chain_length = 2, payload_size = 512, token 7229906 us.
chain_length = 2, payload_size = 512, token 5629925 us.
chain_length = 2, payload_size = 512, token 4138167 us.
chain_length = 2, payload_size = 512, token 6367 us.
chain_length = 2, payload_size = 512, token 3806675 us.
chain_length = 2, payload_size = 512, token 7877368 us.
chain_length = 2, payload_size = 512, token 6847026 us.
chain_length = 2, payload_size = 512, token 5592789 us.
chain_length = 2, payload_size = 512, token 11100467 us.
chain_length = 2, payload_size = 512, token 9717081 us.
chain_length = 2, payload_size = 512, token 271861 us.
chain_length = 2, payload_size = 512, token 229619 us.
chain_length = 2, payload_size = 512, token 15711697 us.
chain_length = 2, payload_size = 512, token 104910 us.
chain_length = 2, payload_size = 512, token 10399607 us.
chain_length = 2, payload_size = 512, token 5445536 us.
chain_length = 2, payload_size = 512, token 72079 us.
chain_length = 2, payload_size = 512, token 5899217 us.
chain_length = 2, payload_size = 512, token 7549857 us.
chain_length = 2, payload_size = 512, token 4391514 us.
chain_length = 2, payload_size = 512, token 73043 us.
chain_length = 2, payload_size = 512, token 299781 us.
