Read file config.yml
Running executor...
Loaded function exp00_front. lib_load_elasped: 169, func_load_elasped: 2
Loaded function exp00_back. lib_load_elasped: 109, func_load_elasped: 1
chain_length = 2, payload_size = 512, token 9185 us.
chain_length = 2, payload_size = 512, token 46794 us.
chain_length = 2, payload_size = 512, token 348020 us.
chain_length = 2, payload_size = 512, token 391131 us.
chain_length = 2, payload_size = 512, token 49613 us.
chain_length = 2, payload_size = 512, token 990638 us.
chain_length = 2, payload_size = 512, token 1694617 us.
chain_length = 2, payload_size = 512, token 40881 us.
chain_length = 2, payload_size = 512, token 219139 us.
chain_length = 2, payload_size = 512, token 1615839 us.
chain_length = 2, payload_size = 512, token 2457306 us.
chain_length = 2, payload_size = 512, token 47217 us.
chain_length = 2, payload_size = 512, token 2135936 us.
chain_length = 2, payload_size = 512, token 62996 us.
chain_length = 2, payload_size = 512, token 2121503 us.
chain_length = 2, payload_size = 512, token 24406 us.
chain_length = 2, payload_size = 512, token 29714 us.
chain_length = 2, payload_size = 512, token 1255471 us.
chain_length = 2, payload_size = 512, token 3309792 us.
chain_length = 2, payload_size = 512, token 60067 us.
chain_length = 2, payload_size = 512, token 23667 us.
chain_length = 2, payload_size = 512, token 49781 us.
chain_length = 2, payload_size = 512, token 1253497 us.
chain_length = 2, payload_size = 512, token 1583642 us.
chain_length = 2, payload_size = 512, token 98645 us.
chain_length = 2, payload_size = 512, token 5272737 us.
chain_length = 2, payload_size = 512, token 4373797 us.
chain_length = 2, payload_size = 512, token 78008 us.
chain_length = 2, payload_size = 512, token 110720 us.
chain_length = 2, payload_size = 512, token 6216663 us.
chain_length = 2, payload_size = 512, token 2839876 us.
chain_length = 2, payload_size = 512, token 4225176 us.
chain_length = 2, payload_size = 512, token 75432 us.
chain_length = 2, payload_size = 512, token 50943 us.
chain_length = 2, payload_size = 512, token 7230457 us.
chain_length = 2, payload_size = 512, token 2167146 us.
chain_length = 2, payload_size = 512, token 146350 us.
chain_length = 2, payload_size = 512, token 3019529 us.
chain_length = 2, payload_size = 512, token 6702944 us.
chain_length = 2, payload_size = 512, token 3187712 us.
chain_length = 2, payload_size = 512, token 5450062 us.
chain_length = 2, payload_size = 512, token 1883151 us.
chain_length = 2, payload_size = 512, token 8279947 us.
chain_length = 2, payload_size = 512, token 4647732 us.
chain_length = 2, payload_size = 512, token 4690643 us.
chain_length = 2, payload_size = 512, token 129061 us.
chain_length = 2, payload_size = 512, token 8018109 us.
chain_length = 2, payload_size = 512, token 3425360 us.
chain_length = 2, payload_size = 512, token 2607558 us.
chain_length = 2, payload_size = 512, token 7103579 us.
chain_length = 2, payload_size = 512, token 8174163 us.
chain_length = 2, payload_size = 512, token 9190638 us.
chain_length = 2, payload_size = 512, token 109161 us.
chain_length = 2, payload_size = 512, token 2012056 us.
chain_length = 2, payload_size = 512, token 3723246 us.
chain_length = 2, payload_size = 512, token 2015017 us.
chain_length = 2, payload_size = 512, token 30359 us.
chain_length = 2, payload_size = 512, token 730103 us.
chain_length = 2, payload_size = 512, token 2081686 us.
chain_length = 2, payload_size = 512, token 2031690 us.
chain_length = 2, payload_size = 512, token 3802582 us.
chain_length = 2, payload_size = 512, token 340964 us.
chain_length = 2, payload_size = 512, token 2047071 us.
chain_length = 2, payload_size = 512, token 5739792 us.
chain_length = 2, payload_size = 512, token 3087362 us.
chain_length = 2, payload_size = 512, token 28064 us.
chain_length = 2, payload_size = 512, token 4369561 us.
chain_length = 2, payload_size = 512, token 10871010 us.
chain_length = 2, payload_size = 512, token 551385 us.
chain_length = 2, payload_size = 512, token 47366 us.
chain_length = 2, payload_size = 512, token 4009414 us.
chain_length = 2, payload_size = 512, token 2108984 us.
chain_length = 2, payload_size = 512, token 7649888 us.
chain_length = 2, payload_size = 512, token 9113873 us.
chain_length = 2, payload_size = 512, token 68863 us.
chain_length = 2, payload_size = 512, token 60805 us.
chain_length = 2, payload_size = 512, token 10498997 us.
chain_length = 2, payload_size = 512, token 3004908 us.
chain_length = 2, payload_size = 512, token 2407536 us.
chain_length = 2, payload_size = 512, token 45420 us.
chain_length = 2, payload_size = 512, token 6857877 us.
chain_length = 2, payload_size = 512, token 7076367 us.
chain_length = 2, payload_size = 512, token 2585777 us.
chain_length = 2, payload_size = 512, token 9083579 us.
chain_length = 2, payload_size = 512, token 8362833 us.
chain_length = 2, payload_size = 512, token 4752059 us.
chain_length = 2, payload_size = 512, token 2306150 us.
chain_length = 2, payload_size = 512, token 6474923 us.
chain_length = 2, payload_size = 512, token 282643 us.
chain_length = 2, payload_size = 512, token 12723878 us.
chain_length = 2, payload_size = 512, token 46746 us.
chain_length = 2, payload_size = 512, token 11335943 us.
chain_length = 2, payload_size = 512, token 81066 us.
chain_length = 2, payload_size = 512, token 10595190 us.
chain_length = 2, payload_size = 512, token 47937 us.
chain_length = 2, payload_size = 512, token 4225247 us.
chain_length = 2, payload_size = 512, token 2237625 us.
chain_length = 2, payload_size = 512, token 10644610 us.
chain_length = 2, payload_size = 512, token 78538 us.
chain_length = 2, payload_size = 512, token 9423157 us.
chain_length = 2, payload_size = 512, token 72552 us.
chain_length = 2, payload_size = 512, token 35297 us.
chain_length = 2, payload_size = 512, token 188109 us.
chain_length = 2, payload_size = 512, token 153050 us.
chain_length = 2, payload_size = 512, token 10266726 us.
chain_length = 2, payload_size = 512, token 20755 us.
chain_length = 2, payload_size = 512, token 7263544 us.
chain_length = 2, payload_size = 512, token 7653855 us.
chain_length = 2, payload_size = 512, token 40790 us.
chain_length = 2, payload_size = 512, token 168966 us.
chain_length = 2, payload_size = 512, token 2323729 us.
chain_length = 2, payload_size = 512, token 4945337 us.
chain_length = 2, payload_size = 512, token 1860932 us.
chain_length = 2, payload_size = 512, token 2449225 us.
chain_length = 2, payload_size = 512, token 1907026 us.
chain_length = 2, payload_size = 512, token 6442792 us.
chain_length = 2, payload_size = 512, token 1971132 us.
chain_length = 2, payload_size = 512, token 47213 us.
chain_length = 2, payload_size = 512, token 25819 us.
chain_length = 2, payload_size = 512, token 66652 us.
chain_length = 2, payload_size = 512, token 4181511 us.
chain_length = 2, payload_size = 512, token 9863834 us.
chain_length = 2, payload_size = 512, token 3987165 us.
chain_length = 2, payload_size = 512, token 1872948 us.
chain_length = 2, payload_size = 512, token 3932701 us.
chain_length = 2, payload_size = 512, token 1812383 us.
chain_length = 2, payload_size = 512, token 5156117 us.
chain_length = 2, payload_size = 512, token 12965195 us.
chain_length = 2, payload_size = 512, token 31849 us.
chain_length = 2, payload_size = 512, token 1744717 us.
chain_length = 2, payload_size = 512, token 7910442 us.
chain_length = 2, payload_size = 512, token 6437497 us.
chain_length = 2, payload_size = 512, token 6364276 us.
chain_length = 2, payload_size = 512, token 3860941 us.
chain_length = 2, payload_size = 512, token 14242614 us.
chain_length = 2, payload_size = 512, token 30562 us.
chain_length = 2, payload_size = 512, token 5467682 us.
chain_length = 2, payload_size = 512, token 3858926 us.
chain_length = 2, payload_size = 512, token 4612531 us.
chain_length = 2, payload_size = 512, token 3876545 us.
chain_length = 2, payload_size = 512, token 7368094 us.
chain_length = 2, payload_size = 512, token 12103881 us.
chain_length = 2, payload_size = 512, token 10808088 us.
chain_length = 2, payload_size = 512, token 129958 us.
chain_length = 2, payload_size = 512, token 6559099 us.
chain_length = 2, payload_size = 512, token 5840501 us.
chain_length = 2, payload_size = 512, token 3726734 us.
chain_length = 2, payload_size = 512, token 1694248 us.
chain_length = 2, payload_size = 512, token 10251090 us.
chain_length = 2, payload_size = 512, token 64686 us.
chain_length = 2, payload_size = 512, token 15513743 us.
chain_length = 2, payload_size = 512, token 29366 us.
chain_length = 2, payload_size = 512, token 12260475 us.
chain_length = 2, payload_size = 512, token 1558424 us.
chain_length = 2, payload_size = 512, token 1551222 us.
chain_length = 2, payload_size = 512, token 6274285 us.
chain_length = 2, payload_size = 512, token 3429826 us.
chain_length = 2, payload_size = 512, token 1682821 us.
chain_length = 2, payload_size = 512, token 18408 us.
chain_length = 2, payload_size = 512, token 73356 us.
chain_length = 2, payload_size = 512, token 9199646 us.
chain_length = 2, payload_size = 512, token 3303961 us.
chain_length = 2, payload_size = 512, token 7446411 us.
chain_length = 2, payload_size = 512, token 5299000 us.
chain_length = 2, payload_size = 512, token 7714074 us.
chain_length = 2, payload_size = 512, token 12175335 us.
chain_length = 2, payload_size = 512, token 7448307 us.
chain_length = 2, payload_size = 512, token 3095606 us.
chain_length = 2, payload_size = 512, token 4867586 us.
chain_length = 2, payload_size = 512, token 1164438 us.
chain_length = 2, payload_size = 512, token 6437496 us.
chain_length = 2, payload_size = 512, token 2945434 us.
chain_length = 2, payload_size = 512, token 9860600 us.
chain_length = 2, payload_size = 512, token 1219129 us.
chain_length = 2, payload_size = 512, token 4487643 us.
chain_length = 2, payload_size = 512, token 2555687 us.
chain_length = 2, payload_size = 512, token 2509950 us.
chain_length = 2, payload_size = 512, token 2469529 us.
chain_length = 2, payload_size = 512, token 14804919 us.
chain_length = 2, payload_size = 512, token 12071479 us.
chain_length = 2, payload_size = 512, token 6813165 us.
chain_length = 2, payload_size = 512, token 910998 us.
chain_length = 2, payload_size = 512, token 3956381 us.
chain_length = 2, payload_size = 512, token 10275201 us.
chain_length = 2, payload_size = 512, token 1901288 us.
chain_length = 2, payload_size = 512, token 5687586 us.
chain_length = 2, payload_size = 512, token 10739462 us.
chain_length = 2, payload_size = 512, token 13880673 us.
chain_length = 2, payload_size = 512, token 5450596 us.
chain_length = 2, payload_size = 512, token 1732789 us.
chain_length = 2, payload_size = 512, token 7906010 us.
chain_length = 2, payload_size = 512, token 9569930 us.
chain_length = 2, payload_size = 512, token 82757 us.
chain_length = 2, payload_size = 512, token 16302749 us.
chain_length = 2, payload_size = 512, token 15057291 us.
chain_length = 2, payload_size = 512, token 171018 us.
chain_length = 2, payload_size = 512, token 23834 us.
chain_length = 2, payload_size = 512, token 2947479 us.
chain_length = 2, payload_size = 512, token 6754097 us.
chain_length = 2, payload_size = 512, token 1544842 us.
chain_length = 2, payload_size = 512, token 3008839 us.
chain_length = 2, payload_size = 512, token 2732381 us.
chain_length = 2, payload_size = 512, token 9331761 us.
chain_length = 2, payload_size = 512, token 594070 us.
chain_length = 2, payload_size = 512, token 594540 us.
chain_length = 2, payload_size = 512, token 12188946 us.
chain_length = 2, payload_size = 512, token 6079887 us.
chain_length = 2, payload_size = 512, token 538141 us.
chain_length = 2, payload_size = 512, token 16439045 us.
chain_length = 2, payload_size = 512, token 1177474 us.
chain_length = 2, payload_size = 512, token 538472 us.
chain_length = 2, payload_size = 512, token 10100394 us.
chain_length = 2, payload_size = 512, token 10004878 us.
chain_length = 2, payload_size = 512, token 3415318 us.
chain_length = 2, payload_size = 512, token 3374263 us.
chain_length = 2, payload_size = 512, token 13477047 us.
chain_length = 2, payload_size = 512, token 960904 us.
chain_length = 2, payload_size = 512, token 17585576 us.
chain_length = 2, payload_size = 512, token 10527572 us.
chain_length = 2, payload_size = 512, token 1461160 us.
chain_length = 2, payload_size = 512, token 2356304 us.
chain_length = 2, payload_size = 512, token 11774917 us.
chain_length = 2, payload_size = 512, token 4974741 us.
chain_length = 2, payload_size = 512, token 6399011 us.
chain_length = 2, payload_size = 512, token 7755627 us.
chain_length = 2, payload_size = 512, token 617642 us.
chain_length = 2, payload_size = 512, token 17689 us.
chain_length = 2, payload_size = 512, token 6644697 us.
chain_length = 2, payload_size = 512, token 6420856 us.
chain_length = 2, payload_size = 512, token 1813477 us.
chain_length = 2, payload_size = 512, token 6824660 us.
chain_length = 2, payload_size = 512, token 10270244 us.
chain_length = 2, payload_size = 512, token 5989950 us.
chain_length = 2, payload_size = 512, token 2958 us.
chain_length = 2, payload_size = 512, token 10013426 us.
chain_length = 2, payload_size = 512, token 4228318 us.
chain_length = 2, payload_size = 512, token 7813752 us.
chain_length = 2, payload_size = 512, token 2627938 us.
chain_length = 2, payload_size = 512, token 10552520 us.
chain_length = 2, payload_size = 512, token 12282911 us.
chain_length = 2, payload_size = 512, token 10264740 us.
chain_length = 2, payload_size = 512, token 246104 us.
chain_length = 2, payload_size = 512, token 11381561 us.
chain_length = 2, payload_size = 512, token 7932 us.
chain_length = 2, payload_size = 512, token 120518 us.
chain_length = 2, payload_size = 512, token 3983918 us.
chain_length = 2, payload_size = 512, token 7005209 us.
chain_length = 2, payload_size = 512, token 961125 us.
chain_length = 2, payload_size = 512, token 9612 us.
chain_length = 2, payload_size = 512, token 11294521 us.
chain_length = 2, payload_size = 512, token 9811734 us.
chain_length = 2, payload_size = 512, token 5389 us.
chain_length = 2, payload_size = 512, token 929649 us.
chain_length = 2, payload_size = 512, token 7540155 us.
chain_length = 2, payload_size = 512, token 963459 us.
chain_length = 2, payload_size = 512, token 8320114 us.
chain_length = 2, payload_size = 512, token 7070648 us.
chain_length = 2, payload_size = 512, token 15107559 us.
chain_length = 2, payload_size = 512, token 7359949 us.
chain_length = 2, payload_size = 512, token 16473184 us.
chain_length = 2, payload_size = 512, token 12568680 us.
chain_length = 2, payload_size = 512, token 5601041 us.
chain_length = 2, payload_size = 512, token 692387 us.
chain_length = 2, payload_size = 512, token 496627 us.
chain_length = 2, payload_size = 512, token 9204780 us.
chain_length = 2, payload_size = 512, token 12572728 us.
chain_length = 2, payload_size = 512, token 26963 us.
chain_length = 2, payload_size = 512, token 3147621 us.
chain_length = 2, payload_size = 512, token 13433454 us.
chain_length = 2, payload_size = 512, token 81190 us.
chain_length = 2, payload_size = 512, token 12090 us.
chain_length = 2, payload_size = 512, token 59657 us.
chain_length = 2, payload_size = 512, token 5399253 us.
chain_length = 2, payload_size = 512, token 15701104 us.
chain_length = 2, payload_size = 512, token 5350608 us.
chain_length = 2, payload_size = 512, token 8248720 us.
chain_length = 2, payload_size = 512, token 13165053 us.
chain_length = 2, payload_size = 512, token 10696969 us.
