Read file config.yml
Running executor...
Loaded function exp00_front. lib_load_elasped: 123, func_load_elasped: 2
Loaded function exp00_back. lib_load_elasped: 144, func_load_elasped: 1
chain_length = 2, payload_size = 512, token 46844 us.
chain_length = 2, payload_size = 512, token 497246 us.
chain_length = 2, payload_size = 512, token 432408 us.
chain_length = 2, payload_size = 512, token 58206 us.
chain_length = 2, payload_size = 512, token 2010186 us.
chain_length = 2, payload_size = 512, token 131074 us.
chain_length = 2, payload_size = 512, token 16006 us.
chain_length = 2, payload_size = 512, token 31777 us.
chain_length = 2, payload_size = 512, token 2740947 us.
chain_length = 2, payload_size = 512, token 52728 us.
chain_length = 2, payload_size = 512, token 1505084 us.
chain_length = 2, payload_size = 512, token 4771515 us.
chain_length = 2, payload_size = 512, token 5045353 us.
chain_length = 2, payload_size = 512, token 21655 us.
chain_length = 2, payload_size = 512, token 2800604 us.
chain_length = 2, payload_size = 512, token 86996 us.
chain_length = 2, payload_size = 512, token 1617587 us.
chain_length = 2, payload_size = 512, token 3694419 us.
chain_length = 2, payload_size = 512, token 31227 us.
chain_length = 2, payload_size = 512, token 23506 us.
chain_length = 2, payload_size = 512, token 8381107 us.
chain_length = 2, payload_size = 512, token 4674727 us.
chain_length = 2, payload_size = 512, token 32744 us.
chain_length = 2, payload_size = 512, token 19704 us.
chain_length = 2, payload_size = 512, token 4715723 us.
chain_length = 2, payload_size = 512, token 7708720 us.
chain_length = 2, payload_size = 512, token 791254 us.
chain_length = 2, payload_size = 512, token 2590753 us.
chain_length = 2, payload_size = 512, token 20522 us.
chain_length = 2, payload_size = 512, token 3627066 us.
chain_length = 2, payload_size = 512, token 2141956 us.
chain_length = 2, payload_size = 512, token 5132973 us.
chain_length = 2, payload_size = 512, token 29035 us.
chain_length = 2, payload_size = 512, token 2039333 us.
chain_length = 2, payload_size = 512, token 70199 us.
chain_length = 2, payload_size = 512, token 7999896 us.
chain_length = 2, payload_size = 512, token 2076591 us.
chain_length = 2, payload_size = 512, token 8584642 us.
chain_length = 2, payload_size = 512, token 8338451 us.
chain_length = 2, payload_size = 512, token 10452381 us.
chain_length = 2, payload_size = 512, token 23192 us.
chain_length = 2, payload_size = 512, token 4733733 us.
chain_length = 2, payload_size = 512, token 25777 us.
chain_length = 2, payload_size = 512, token 6835603 us.
chain_length = 2, payload_size = 512, token 11611269 us.
chain_length = 2, payload_size = 512, token 3952339 us.
chain_length = 2, payload_size = 512, token 7980355 us.
chain_length = 2, payload_size = 512, token 5127644 us.
chain_length = 2, payload_size = 512, token 61764 us.
chain_length = 2, payload_size = 512, token 7307714 us.
chain_length = 2, payload_size = 512, token 9066594 us.
chain_length = 2, payload_size = 512, token 27508 us.
chain_length = 2, payload_size = 512, token 66185 us.
chain_length = 2, payload_size = 512, token 17233 us.
chain_length = 2, payload_size = 512, token 7758857 us.
chain_length = 2, payload_size = 512, token 8428640 us.
chain_length = 2, payload_size = 512, token 9881649 us.
chain_length = 2, payload_size = 512, token 2131153 us.
chain_length = 2, payload_size = 512, token 6533269 us.
chain_length = 2, payload_size = 512, token 11829344 us.
chain_length = 2, payload_size = 512, token 29002 us.
chain_length = 2, payload_size = 512, token 47132 us.
chain_length = 2, payload_size = 512, token 11350001 us.
chain_length = 2, payload_size = 512, token 2100619 us.
chain_length = 2, payload_size = 512, token 73490 us.
chain_length = 2, payload_size = 512, token 60672 us.
chain_length = 2, payload_size = 512, token 3171292 us.
chain_length = 2, payload_size = 512, token 4156366 us.
chain_length = 2, payload_size = 512, token 9707884 us.
chain_length = 2, payload_size = 512, token 4189436 us.
chain_length = 2, payload_size = 512, token 11197951 us.
chain_length = 2, payload_size = 512, token 6687097 us.
chain_length = 2, payload_size = 512, token 5661507 us.
chain_length = 2, payload_size = 512, token 39094 us.
chain_length = 2, payload_size = 512, token 74343 us.
chain_length = 2, payload_size = 512, token 6114373 us.
chain_length = 2, payload_size = 512, token 20122 us.
chain_length = 2, payload_size = 512, token 8967724 us.
chain_length = 2, payload_size = 512, token 6218285 us.
chain_length = 2, payload_size = 512, token 4057105 us.
chain_length = 2, payload_size = 512, token 12644797 us.
chain_length = 2, payload_size = 512, token 11315924 us.
chain_length = 2, payload_size = 512, token 13389773 us.
chain_length = 2, payload_size = 512, token 6202765 us.
chain_length = 2, payload_size = 512, token 5636041 us.
chain_length = 2, payload_size = 512, token 4070466 us.
chain_length = 2, payload_size = 512, token 7780385 us.
chain_length = 2, payload_size = 512, token 3988329 us.
chain_length = 2, payload_size = 512, token 41279 us.
chain_length = 2, payload_size = 512, token 13391442 us.
chain_length = 2, payload_size = 512, token 11673818 us.
chain_length = 2, payload_size = 512, token 1835456 us.
chain_length = 2, payload_size = 512, token 9258483 us.
chain_length = 2, payload_size = 512, token 6644077 us.
chain_length = 2, payload_size = 512, token 3821974 us.
chain_length = 2, payload_size = 512, token 3890998 us.
chain_length = 2, payload_size = 512, token 14543 us.
chain_length = 2, payload_size = 512, token 16977 us.
chain_length = 2, payload_size = 512, token 5918990 us.
chain_length = 2, payload_size = 512, token 5351686 us.
chain_length = 2, payload_size = 512, token 11555776 us.
chain_length = 2, payload_size = 512, token 7912021 us.
chain_length = 2, payload_size = 512, token 1766254 us.
chain_length = 2, payload_size = 512, token 6564374 us.
chain_length = 2, payload_size = 512, token 8272403 us.
chain_length = 2, payload_size = 512, token 1752676 us.
chain_length = 2, payload_size = 512, token 5564998 us.
chain_length = 2, payload_size = 512, token 82398 us.
chain_length = 2, payload_size = 512, token 9048375 us.
chain_length = 2, payload_size = 512, token 1409237 us.
chain_length = 2, payload_size = 512, token 3119085 us.
chain_length = 2, payload_size = 512, token 1321112 us.
chain_length = 2, payload_size = 512, token 1331459 us.
chain_length = 2, payload_size = 512, token 13438347 us.
chain_length = 2, payload_size = 512, token 3005157 us.
chain_length = 2, payload_size = 512, token 53033 us.
chain_length = 2, payload_size = 512, token 7578100 us.
chain_length = 2, payload_size = 512, token 11671802 us.
chain_length = 2, payload_size = 512, token 4954893 us.
chain_length = 2, payload_size = 512, token 7510693 us.
chain_length = 2, payload_size = 512, token 10932320 us.
chain_length = 2, payload_size = 512, token 49706 us.
chain_length = 2, payload_size = 512, token 2937345 us.
chain_length = 2, payload_size = 512, token 1352355 us.
chain_length = 2, payload_size = 512, token 11052053 us.
chain_length = 2, payload_size = 512, token 8450660 us.
chain_length = 2, payload_size = 512, token 5328833 us.
chain_length = 2, payload_size = 512, token 1035957 us.
chain_length = 2, payload_size = 512, token 65293 us.
chain_length = 2, payload_size = 512, token 6619196 us.
chain_length = 2, payload_size = 512, token 7866350 us.
chain_length = 2, payload_size = 512, token 8032004 us.
chain_length = 2, payload_size = 512, token 4169476 us.
chain_length = 2, payload_size = 512, token 11814821 us.
chain_length = 2, payload_size = 512, token 8301218 us.
chain_length = 2, payload_size = 512, token 11021885 us.
chain_length = 2, payload_size = 512, token 12300838 us.
chain_length = 2, payload_size = 512, token 12585737 us.
chain_length = 2, payload_size = 512, token 5665801 us.
chain_length = 2, payload_size = 512, token 1943651 us.
chain_length = 2, payload_size = 512, token 5481436 us.
chain_length = 2, payload_size = 512, token 6374110 us.
chain_length = 2, payload_size = 512, token 12602926 us.
chain_length = 2, payload_size = 512, token 10832535 us.
chain_length = 2, payload_size = 512, token 14585213 us.
chain_length = 2, payload_size = 512, token 7347858 us.
chain_length = 2, payload_size = 512, token 12196571 us.
chain_length = 2, payload_size = 512, token 10832212 us.
chain_length = 2, payload_size = 512, token 6224202 us.
chain_length = 2, payload_size = 512, token 8302637 us.
chain_length = 2, payload_size = 512, token 1390110 us.
chain_length = 2, payload_size = 512, token 22331 us.
chain_length = 2, payload_size = 512, token 1302368 us.
chain_length = 2, payload_size = 512, token 3449770 us.
chain_length = 2, payload_size = 512, token 16756203 us.
chain_length = 2, payload_size = 512, token 21928 us.
chain_length = 2, payload_size = 512, token 4581610 us.
chain_length = 2, payload_size = 512, token 12443282 us.
chain_length = 2, payload_size = 512, token 3095069 us.
chain_length = 2, payload_size = 512, token 492617 us.
chain_length = 2, payload_size = 512, token 2773433 us.
chain_length = 2, payload_size = 512, token 6198076 us.
chain_length = 2, payload_size = 512, token 2187256 us.
chain_length = 2, payload_size = 512, token 4053344 us.
chain_length = 2, payload_size = 512, token 10204295 us.
chain_length = 2, payload_size = 512, token 16609163 us.
chain_length = 2, payload_size = 512, token 5813751 us.
chain_length = 2, payload_size = 512, token 259887 us.
chain_length = 2, payload_size = 512, token 13104495 us.
chain_length = 2, payload_size = 512, token 7634111 us.
chain_length = 2, payload_size = 512, token 9576023 us.
chain_length = 2, payload_size = 512, token 997342 us.
chain_length = 2, payload_size = 512, token 12138590 us.
chain_length = 2, payload_size = 512, token 3194708 us.
chain_length = 2, payload_size = 512, token 10144885 us.
chain_length = 2, payload_size = 512, token 17192958 us.
