Read file config.yml
Running executor...
Loaded function exp00_front. lib_load_elasped: 144, func_load_elasped: 2
Loaded function exp00_back. lib_load_elasped: 138, func_load_elasped: 1
chain_length = 2, payload_size = 512, token 44447 us.
chain_length = 2, payload_size = 512, token 112286 us.
chain_length = 2, payload_size = 512, token 57427 us.
chain_length = 2, payload_size = 512, token 46013 us.
chain_length = 2, payload_size = 512, token 45257 us.
chain_length = 2, payload_size = 512, token 877236 us.
chain_length = 2, payload_size = 512, token 2583445 us.
chain_length = 2, payload_size = 512, token 186349 us.
chain_length = 2, payload_size = 512, token 979557 us.
chain_length = 2, payload_size = 512, token 1949508 us.
chain_length = 2, payload_size = 512, token 1830712 us.
chain_length = 2, payload_size = 512, token 3928966 us.
chain_length = 2, payload_size = 512, token 3223251 us.
chain_length = 2, payload_size = 512, token 4133131 us.
chain_length = 2, payload_size = 512, token 2163457 us.
chain_length = 2, payload_size = 512, token 3590256 us.
chain_length = 2, payload_size = 512, token 3240995 us.
chain_length = 2, payload_size = 512, token 20043 us.
chain_length = 2, payload_size = 512, token 26906 us.
chain_length = 2, payload_size = 512, token 20788 us.
chain_length = 2, payload_size = 512, token 31281 us.
chain_length = 2, payload_size = 512, token 47245 us.
chain_length = 2, payload_size = 512, token 69959 us.
chain_length = 2, payload_size = 512, token 88230 us.
chain_length = 2, payload_size = 512, token 4770355 us.
chain_length = 2, payload_size = 512, token 1503946 us.
chain_length = 2, payload_size = 512, token 24320 us.
chain_length = 2, payload_size = 512, token 33035 us.
chain_length = 2, payload_size = 512, token 730633 us.
chain_length = 2, payload_size = 512, token 138373 us.
chain_length = 2, payload_size = 512, token 27695 us.
chain_length = 2, payload_size = 512, token 7708024 us.
chain_length = 2, payload_size = 512, token 74312 us.
chain_length = 2, payload_size = 512, token 72127 us.
chain_length = 2, payload_size = 512, token 32503 us.
chain_length = 2, payload_size = 512, token 1815648 us.
chain_length = 2, payload_size = 512, token 8415081 us.
chain_length = 2, payload_size = 512, token 96847 us.
chain_length = 2, payload_size = 512, token 7436043 us.
chain_length = 2, payload_size = 512, token 162250 us.
chain_length = 2, payload_size = 512, token 7305876 us.
chain_length = 2, payload_size = 512, token 2040383 us.
chain_length = 2, payload_size = 512, token 2591860 us.
chain_length = 2, payload_size = 512, token 3209757 us.
chain_length = 2, payload_size = 512, token 7777786 us.
chain_length = 2, payload_size = 512, token 2687705 us.
chain_length = 2, payload_size = 512, token 85055 us.
chain_length = 2, payload_size = 512, token 6376139 us.
chain_length = 2, payload_size = 512, token 2018810 us.
chain_length = 2, payload_size = 512, token 7336489 us.
chain_length = 2, payload_size = 512, token 2677481 us.
chain_length = 2, payload_size = 512, token 145999 us.
chain_length = 2, payload_size = 512, token 4427255 us.
chain_length = 2, payload_size = 512, token 49242 us.
chain_length = 2, payload_size = 512, token 8029461 us.
chain_length = 2, payload_size = 512, token 2591037 us.
chain_length = 2, payload_size = 512, token 2201625 us.
chain_length = 2, payload_size = 512, token 47607 us.
chain_length = 2, payload_size = 512, token 2148952 us.
chain_length = 2, payload_size = 512, token 85611 us.
chain_length = 2, payload_size = 512, token 77850 us.
chain_length = 2, payload_size = 512, token 9900753 us.
chain_length = 2, payload_size = 512, token 9568503 us.
chain_length = 2, payload_size = 512, token 4086505 us.
chain_length = 2, payload_size = 512, token 7063916 us.
chain_length = 2, payload_size = 512, token 3592708 us.
chain_length = 2, payload_size = 512, token 2142347 us.
chain_length = 2, payload_size = 512, token 5893422 us.
chain_length = 2, payload_size = 512, token 2546939 us.
chain_length = 2, payload_size = 512, token 125086 us.
chain_length = 2, payload_size = 512, token 60484 us.
chain_length = 2, payload_size = 512, token 2157468 us.
chain_length = 2, payload_size = 512, token 6134857 us.
chain_length = 2, payload_size = 512, token 7015634 us.
chain_length = 2, payload_size = 512, token 8524751 us.
chain_length = 2, payload_size = 512, token 5310591 us.
chain_length = 2, payload_size = 512, token 5129262 us.
chain_length = 2, payload_size = 512, token 33985 us.
chain_length = 2, payload_size = 512, token 9929917 us.
chain_length = 2, payload_size = 512, token 4079055 us.
chain_length = 2, payload_size = 512, token 9978648 us.
chain_length = 2, payload_size = 512, token 4399275 us.
chain_length = 2, payload_size = 512, token 4688892 us.
chain_length = 2, payload_size = 512, token 1140764 us.
chain_length = 2, payload_size = 512, token 50766 us.
chain_length = 2, payload_size = 512, token 5018063 us.
chain_length = 2, payload_size = 512, token 35787 us.
chain_length = 2, payload_size = 512, token 2400456 us.
chain_length = 2, payload_size = 512, token 6841155 us.
chain_length = 2, payload_size = 512, token 50506 us.
chain_length = 2, payload_size = 512, token 2194499 us.
chain_length = 2, payload_size = 512, token 3468875 us.
chain_length = 2, payload_size = 512, token 4581789 us.
chain_length = 2, payload_size = 512, token 2287814 us.
chain_length = 2, payload_size = 512, token 4954131 us.
chain_length = 2, payload_size = 512, token 5982780 us.
chain_length = 2, payload_size = 512, token 5598596 us.
chain_length = 2, payload_size = 512, token 7503283 us.
chain_length = 2, payload_size = 512, token 2115560 us.
chain_length = 2, payload_size = 512, token 8279313 us.
chain_length = 2, payload_size = 512, token 2350053 us.
chain_length = 2, payload_size = 512, token 2209717 us.
chain_length = 2, payload_size = 512, token 10751244 us.
chain_length = 2, payload_size = 512, token 6536784 us.
chain_length = 2, payload_size = 512, token 7178732 us.
chain_length = 2, payload_size = 512, token 8256838 us.
chain_length = 2, payload_size = 512, token 2107099 us.
chain_length = 2, payload_size = 512, token 36590 us.
chain_length = 2, payload_size = 512, token 2667791 us.
chain_length = 2, payload_size = 512, token 11629098 us.
chain_length = 2, payload_size = 512, token 11799394 us.
chain_length = 2, payload_size = 512, token 11552991 us.
chain_length = 2, payload_size = 512, token 7619807 us.
chain_length = 2, payload_size = 512, token 1979751 us.
chain_length = 2, payload_size = 512, token 11631760 us.
chain_length = 2, payload_size = 512, token 11728314 us.
chain_length = 2, payload_size = 512, token 7886298 us.
chain_length = 2, payload_size = 512, token 7753867 us.
chain_length = 2, payload_size = 512, token 10114291 us.
chain_length = 2, payload_size = 512, token 11311350 us.
chain_length = 2, payload_size = 512, token 9158224 us.
chain_length = 2, payload_size = 512, token 1909971 us.
chain_length = 2, payload_size = 512, token 4222607 us.
chain_length = 2, payload_size = 512, token 1875688 us.
chain_length = 2, payload_size = 512, token 17198 us.
chain_length = 2, payload_size = 512, token 13649381 us.
chain_length = 2, payload_size = 512, token 3948141 us.
chain_length = 2, payload_size = 512, token 4483849 us.
chain_length = 2, payload_size = 512, token 37521 us.
chain_length = 2, payload_size = 512, token 4456750 us.
chain_length = 2, payload_size = 512, token 21606 us.
chain_length = 2, payload_size = 512, token 2597537 us.
chain_length = 2, payload_size = 512, token 49270 us.
chain_length = 2, payload_size = 512, token 1847393 us.
chain_length = 2, payload_size = 512, token 3915347 us.
chain_length = 2, payload_size = 512, token 2027070 us.
chain_length = 2, payload_size = 512, token 11362304 us.
chain_length = 2, payload_size = 512, token 1777538 us.
chain_length = 2, payload_size = 512, token 28374 us.
chain_length = 2, payload_size = 512, token 3806274 us.
chain_length = 2, payload_size = 512, token 10522725 us.
chain_length = 2, payload_size = 512, token 3822734 us.
chain_length = 2, payload_size = 512, token 6853416 us.
chain_length = 2, payload_size = 512, token 9830043 us.
chain_length = 2, payload_size = 512, token 99604 us.
chain_length = 2, payload_size = 512, token 3783921 us.
chain_length = 2, payload_size = 512, token 11955082 us.
chain_length = 2, payload_size = 512, token 3727364 us.
chain_length = 2, payload_size = 512, token 3753213 us.
chain_length = 2, payload_size = 512, token 3745985 us.
chain_length = 2, payload_size = 512, token 3665835 us.
chain_length = 2, payload_size = 512, token 4175518 us.
chain_length = 2, payload_size = 512, token 6473226 us.
chain_length = 2, payload_size = 512, token 11123889 us.
chain_length = 2, payload_size = 512, token 1624067 us.
chain_length = 2, payload_size = 512, token 8309137 us.
chain_length = 2, payload_size = 512, token 5555089 us.
chain_length = 2, payload_size = 512, token 27337 us.
chain_length = 2, payload_size = 512, token 1447075 us.
chain_length = 2, payload_size = 512, token 7395622 us.
chain_length = 2, payload_size = 512, token 3262728 us.
chain_length = 2, payload_size = 512, token 5381445 us.
chain_length = 2, payload_size = 512, token 9918476 us.
chain_length = 2, payload_size = 512, token 5240794 us.
chain_length = 2, payload_size = 512, token 5120039 us.
chain_length = 2, payload_size = 512, token 51890 us.
chain_length = 2, payload_size = 512, token 10114429 us.
chain_length = 2, payload_size = 512, token 111396 us.
chain_length = 2, payload_size = 512, token 4915918 us.
chain_length = 2, payload_size = 512, token 9202447 us.
chain_length = 2, payload_size = 512, token 2822919 us.
chain_length = 2, payload_size = 512, token 2774282 us.
chain_length = 2, payload_size = 512, token 9777702 us.
chain_length = 2, payload_size = 512, token 14847002 us.
chain_length = 2, payload_size = 512, token 14557912 us.
chain_length = 2, payload_size = 512, token 7367918 us.
chain_length = 2, payload_size = 512, token 1010639 us.
chain_length = 2, payload_size = 512, token 6721431 us.
chain_length = 2, payload_size = 512, token 15350211 us.
chain_length = 2, payload_size = 512, token 4342250 us.
chain_length = 2, payload_size = 512, token 907574 us.
chain_length = 2, payload_size = 512, token 3826766 us.
chain_length = 2, payload_size = 512, token 1987597 us.
chain_length = 2, payload_size = 512, token 10786896 us.
chain_length = 2, payload_size = 512, token 1230593 us.
chain_length = 2, payload_size = 512, token 11325766 us.
chain_length = 2, payload_size = 512, token 1867704 us.
chain_length = 2, payload_size = 512, token 8387650 us.
chain_length = 2, payload_size = 512, token 10779989 us.
chain_length = 2, payload_size = 512, token 7804734 us.
chain_length = 2, payload_size = 512, token 12966614 us.
chain_length = 2, payload_size = 512, token 1658264 us.
chain_length = 2, payload_size = 512, token 16851520 us.
chain_length = 2, payload_size = 512, token 2818897 us.
chain_length = 2, payload_size = 512, token 2781531 us.
chain_length = 2, payload_size = 512, token 608412 us.
chain_length = 2, payload_size = 512, token 565731 us.
chain_length = 2, payload_size = 512, token 4182581 us.
chain_length = 2, payload_size = 512, token 2318283 us.
chain_length = 2, payload_size = 512, token 5735921 us.
chain_length = 2, payload_size = 512, token 5704930 us.
chain_length = 2, payload_size = 512, token 12481997 us.
chain_length = 2, payload_size = 512, token 6070674 us.
chain_length = 2, payload_size = 512, token 2998026 us.
chain_length = 2, payload_size = 512, token 17184946 us.
chain_length = 2, payload_size = 512, token 9460747 us.
chain_length = 2, payload_size = 512, token 16051262 us.
chain_length = 2, payload_size = 512, token 5756998 us.
chain_length = 2, payload_size = 512, token 7867400 us.
chain_length = 2, payload_size = 512, token 13356851 us.
chain_length = 2, payload_size = 512, token 1321867 us.
chain_length = 2, payload_size = 512, token 6874242 us.
chain_length = 2, payload_size = 512, token 1246864 us.
chain_length = 2, payload_size = 512, token 16206 us.
chain_length = 2, payload_size = 512, token 678564 us.
chain_length = 2, payload_size = 512, token 14780 us.
chain_length = 2, payload_size = 512, token 8058243 us.
chain_length = 2, payload_size = 512, token 1424323 us.
chain_length = 2, payload_size = 512, token 14746230 us.
chain_length = 2, payload_size = 512, token 4246240 us.
chain_length = 2, payload_size = 512, token 237779 us.
chain_length = 2, payload_size = 512, token 16079659 us.
chain_length = 2, payload_size = 512, token 7503 us.
chain_length = 2, payload_size = 512, token 5705677 us.
chain_length = 2, payload_size = 512, token 9895936 us.
chain_length = 2, payload_size = 512, token 5974505 us.
chain_length = 2, payload_size = 512, token 223186 us.
chain_length = 2, payload_size = 512, token 4902 us.
chain_length = 2, payload_size = 512, token 1039398 us.
chain_length = 2, payload_size = 512, token 12152074 us.
chain_length = 2, payload_size = 512, token 13327166 us.
chain_length = 2, payload_size = 512, token 8128663 us.
chain_length = 2, payload_size = 512, token 12887123 us.
chain_length = 2, payload_size = 512, token 9425185 us.
chain_length = 2, payload_size = 512, token 988099 us.
chain_length = 2, payload_size = 512, token 10809127 us.
chain_length = 2, payload_size = 512, token 9821727 us.
chain_length = 2, payload_size = 512, token 10017940 us.
chain_length = 2, payload_size = 512, token 2493107 us.
chain_length = 2, payload_size = 512, token 10584251 us.
chain_length = 2, payload_size = 512, token 2441648 us.
chain_length = 2, payload_size = 512, token 12009106 us.
chain_length = 2, payload_size = 512, token 12082216 us.
chain_length = 2, payload_size = 512, token 10678904 us.
chain_length = 2, payload_size = 512, token 2426035 us.
chain_length = 2, payload_size = 512, token 13609048 us.
chain_length = 2, payload_size = 512, token 998360 us.
chain_length = 2, payload_size = 512, token 261333 us.
chain_length = 2, payload_size = 512, token 15386625 us.
chain_length = 2, payload_size = 512, token 131095 us.
chain_length = 2, payload_size = 512, token 7610661 us.
chain_length = 2, payload_size = 512, token 121378 us.
chain_length = 2, payload_size = 512, token 5389421 us.
chain_length = 2, payload_size = 512, token 15824423 us.
chain_length = 2, payload_size = 512, token 10610541 us.
chain_length = 2, payload_size = 512, token 17486877 us.
