Read file config.yml
Running executor...
Loaded function exp00_back. lib_load_elasped: 121, func_load_elasped: 2
chain_length = 2, payload_size = 512, token 3667 us.
chain_length = 2, payload_size = 512, token 3267 us.
chain_length = 2, payload_size = 512, token 12545 us.
chain_length = 2, payload_size = 512, token 13953 us.
chain_length = 2, payload_size = 512, token 6925 us.
chain_length = 2, payload_size = 512, token 28701 us.
chain_length = 2, payload_size = 512, token 1053 us.
chain_length = 2, payload_size = 512, token 5766 us.
Loaded function exp00_front. lib_load_elasped: 111, func_load_elasped: 1
chain_length = 2, payload_size = 512, token 159515 us.
chain_length = 2, payload_size = 512, token 39761 us.
chain_length = 2, payload_size = 512, token 76446 us.
chain_length = 2, payload_size = 512, token 460185 us.
chain_length = 2, payload_size = 512, token 43962 us.
chain_length = 2, payload_size = 512, token 507255 us.
chain_length = 2, payload_size = 512, token 166236 us.
chain_length = 2, payload_size = 512, token 1641440 us.
chain_length = 2, payload_size = 512, token 1772494 us.
chain_length = 2, payload_size = 512, token 750649 us.
chain_length = 2, payload_size = 512, token 1865627 us.
chain_length = 2, payload_size = 512, token 1183057 us.
chain_length = 2, payload_size = 512, token 853689 us.
chain_length = 2, payload_size = 512, token 31657 us.
chain_length = 2, payload_size = 512, token 40777 us.
chain_length = 2, payload_size = 512, token 565961 us.
chain_length = 2, payload_size = 512, token 99022 us.
chain_length = 2, payload_size = 512, token 1660609 us.
chain_length = 2, payload_size = 512, token 2428791 us.
chain_length = 2, payload_size = 512, token 35366 us.
chain_length = 2, payload_size = 512, token 186917 us.
chain_length = 2, payload_size = 512, token 3234194 us.
chain_length = 2, payload_size = 512, token 1229999 us.
chain_length = 2, payload_size = 512, token 1458962 us.
chain_length = 2, payload_size = 512, token 1596400 us.
chain_length = 2, payload_size = 512, token 3411890 us.
chain_length = 2, payload_size = 512, token 3920943 us.
chain_length = 2, payload_size = 512, token 54794 us.
chain_length = 2, payload_size = 512, token 352968 us.
chain_length = 2, payload_size = 512, token 4146543 us.
chain_length = 2, payload_size = 512, token 52389 us.
chain_length = 2, payload_size = 512, token 3349125 us.
chain_length = 2, payload_size = 512, token 675560 us.
chain_length = 2, payload_size = 512, token 1838655 us.
chain_length = 2, payload_size = 512, token 4341356 us.
chain_length = 2, payload_size = 512, token 23021 us.
chain_length = 2, payload_size = 512, token 23062 us.
chain_length = 2, payload_size = 512, token 36625 us.
chain_length = 2, payload_size = 512, token 34415 us.
chain_length = 2, payload_size = 512, token 32115 us.
chain_length = 2, payload_size = 512, token 17045 us.
chain_length = 2, payload_size = 512, token 2564723 us.
chain_length = 2, payload_size = 512, token 12344 us.
chain_length = 2, payload_size = 512, token 56746 us.
chain_length = 2, payload_size = 512, token 705039 us.
chain_length = 2, payload_size = 512, token 19645 us.
chain_length = 2, payload_size = 512, token 3822875 us.
chain_length = 2, payload_size = 512, token 25968 us.
chain_length = 2, payload_size = 512, token 30293 us.
chain_length = 2, payload_size = 512, token 93363 us.
chain_length = 2, payload_size = 512, token 44198 us.
chain_length = 2, payload_size = 512, token 6133958 us.
chain_length = 2, payload_size = 512, token 27687 us.
chain_length = 2, payload_size = 512, token 3289984 us.
chain_length = 2, payload_size = 512, token 3740486 us.
chain_length = 2, payload_size = 512, token 1521632 us.
chain_length = 2, payload_size = 512, token 5470250 us.
chain_length = 2, payload_size = 512, token 41113 us.
chain_length = 2, payload_size = 512, token 2949501 us.
chain_length = 2, payload_size = 512, token 3270100 us.
chain_length = 2, payload_size = 512, token 3293512 us.
chain_length = 2, payload_size = 512, token 37182 us.
chain_length = 2, payload_size = 512, token 24081 us.
chain_length = 2, payload_size = 512, token 7512011 us.
chain_length = 2, payload_size = 512, token 5161017 us.
chain_length = 2, payload_size = 512, token 2845728 us.
chain_length = 2, payload_size = 512, token 35396 us.
chain_length = 2, payload_size = 512, token 3698510 us.
chain_length = 2, payload_size = 512, token 6514532 us.
chain_length = 2, payload_size = 512, token 42859 us.
chain_length = 2, payload_size = 512, token 1709765 us.
chain_length = 2, payload_size = 512, token 1735972 us.
chain_length = 2, payload_size = 512, token 820198 us.
chain_length = 2, payload_size = 512, token 6421190 us.
chain_length = 2, payload_size = 512, token 4085520 us.
chain_length = 2, payload_size = 512, token 18225 us.
chain_length = 2, payload_size = 512, token 25483 us.
chain_length = 2, payload_size = 512, token 1792619 us.
chain_length = 2, payload_size = 512, token 4659558 us.
chain_length = 2, payload_size = 512, token 34763 us.
chain_length = 2, payload_size = 512, token 2520878 us.
chain_length = 2, payload_size = 512, token 56947 us.
chain_length = 2, payload_size = 512, token 40372 us.
chain_length = 2, payload_size = 512, token 3024920 us.
chain_length = 2, payload_size = 512, token 1889354 us.
chain_length = 2, payload_size = 512, token 3093094 us.
chain_length = 2, payload_size = 512, token 3566069 us.
chain_length = 2, payload_size = 512, token 2466873 us.
chain_length = 2, payload_size = 512, token 8038115 us.
chain_length = 2, payload_size = 512, token 1990381 us.
chain_length = 2, payload_size = 512, token 25452 us.
chain_length = 2, payload_size = 512, token 4312766 us.
chain_length = 2, payload_size = 512, token 2716005 us.
chain_length = 2, payload_size = 512, token 4181926 us.
chain_length = 2, payload_size = 512, token 4972846 us.
chain_length = 2, payload_size = 512, token 1977542 us.
chain_length = 2, payload_size = 512, token 8355574 us.
chain_length = 2, payload_size = 512, token 1994657 us.
chain_length = 2, payload_size = 512, token 51359 us.
chain_length = 2, payload_size = 512, token 1258464 us.
chain_length = 2, payload_size = 512, token 2011261 us.
chain_length = 2, payload_size = 512, token 8206566 us.
chain_length = 2, payload_size = 512, token 31074 us.
chain_length = 2, payload_size = 512, token 2135657 us.
chain_length = 2, payload_size = 512, token 6671906 us.
chain_length = 2, payload_size = 512, token 5537902 us.
chain_length = 2, payload_size = 512, token 100760 us.
chain_length = 2, payload_size = 512, token 6984255 us.
chain_length = 2, payload_size = 512, token 2053585 us.
chain_length = 2, payload_size = 512, token 2022359 us.
chain_length = 2, payload_size = 512, token 8186441 us.
chain_length = 2, payload_size = 512, token 10148923 us.
chain_length = 2, payload_size = 512, token 21788 us.
chain_length = 2, payload_size = 512, token 34163 us.
chain_length = 2, payload_size = 512, token 76872 us.
chain_length = 2, payload_size = 512, token 2555409 us.
chain_length = 2, payload_size = 512, token 7906351 us.
chain_length = 2, payload_size = 512, token 5907617 us.
chain_length = 2, payload_size = 512, token 7477350 us.
chain_length = 2, payload_size = 512, token 1625564 us.
chain_length = 2, payload_size = 512, token 752039 us.
chain_length = 2, payload_size = 512, token 6583168 us.
chain_length = 2, payload_size = 512, token 66829 us.
chain_length = 2, payload_size = 512, token 11047127 us.
chain_length = 2, payload_size = 512, token 3903856 us.
chain_length = 2, payload_size = 512, token 2083268 us.
chain_length = 2, payload_size = 512, token 5517907 us.
chain_length = 2, payload_size = 512, token 2063753 us.
chain_length = 2, payload_size = 512, token 7680794 us.
chain_length = 2, payload_size = 512, token 45038 us.
chain_length = 2, payload_size = 512, token 2109961 us.
chain_length = 2, payload_size = 512, token 37850 us.
chain_length = 2, payload_size = 512, token 43761 us.
chain_length = 2, payload_size = 512, token 4609276 us.
chain_length = 2, payload_size = 512, token 19774 us.
chain_length = 2, payload_size = 512, token 6330136 us.
chain_length = 2, payload_size = 512, token 23813 us.
chain_length = 2, payload_size = 512, token 2460797 us.
chain_length = 2, payload_size = 512, token 7003352 us.
chain_length = 2, payload_size = 512, token 5120946 us.
chain_length = 2, payload_size = 512, token 2114043 us.
chain_length = 2, payload_size = 512, token 2104767 us.
chain_length = 2, payload_size = 512, token 2117276 us.
chain_length = 2, payload_size = 512, token 7535597 us.
chain_length = 2, payload_size = 512, token 2085204 us.
chain_length = 2, payload_size = 512, token 2450768 us.
chain_length = 2, payload_size = 512, token 4336878 us.
chain_length = 2, payload_size = 512, token 6581608 us.
chain_length = 2, payload_size = 512, token 2877585 us.
chain_length = 2, payload_size = 512, token 24940 us.
chain_length = 2, payload_size = 512, token 8997827 us.
chain_length = 2, payload_size = 512, token 17761 us.
chain_length = 2, payload_size = 512, token 63470 us.
chain_length = 2, payload_size = 512, token 6353930 us.
chain_length = 2, payload_size = 512, token 48001 us.
chain_length = 2, payload_size = 512, token 2133721 us.
chain_length = 2, payload_size = 512, token 429751 us.
chain_length = 2, payload_size = 512, token 11453404 us.
chain_length = 2, payload_size = 512, token 11071952 us.
chain_length = 2, payload_size = 512, token 8376921 us.
chain_length = 2, payload_size = 512, token 27370 us.
chain_length = 2, payload_size = 512, token 10281991 us.
chain_length = 2, payload_size = 512, token 2326723 us.
chain_length = 2, payload_size = 512, token 2347401 us.
chain_length = 2, payload_size = 512, token 19779 us.
chain_length = 2, payload_size = 512, token 5482581 us.
chain_length = 2, payload_size = 512, token 6460648 us.
chain_length = 2, payload_size = 512, token 3409983 us.
chain_length = 2, payload_size = 512, token 7608690 us.
chain_length = 2, payload_size = 512, token 11124246 us.
chain_length = 2, payload_size = 512, token 2255609 us.
chain_length = 2, payload_size = 512, token 8151893 us.
chain_length = 2, payload_size = 512, token 26764 us.
chain_length = 2, payload_size = 512, token 58222 us.
chain_length = 2, payload_size = 512, token 2110453 us.
chain_length = 2, payload_size = 512, token 4139187 us.
chain_length = 2, payload_size = 512, token 81584 us.
chain_length = 2, payload_size = 512, token 6040506 us.
chain_length = 2, payload_size = 512, token 30118 us.
chain_length = 2, payload_size = 512, token 6976480 us.
chain_length = 2, payload_size = 512, token 4711747 us.
chain_length = 2, payload_size = 512, token 2144674 us.
chain_length = 2, payload_size = 512, token 715568 us.
chain_length = 2, payload_size = 512, token 6551805 us.
chain_length = 2, payload_size = 512, token 10671637 us.
chain_length = 2, payload_size = 512, token 2109704 us.
chain_length = 2, payload_size = 512, token 63734 us.
chain_length = 2, payload_size = 512, token 10654054 us.
chain_length = 2, payload_size = 512, token 9724288 us.
chain_length = 2, payload_size = 512, token 4541650 us.
chain_length = 2, payload_size = 512, token 21145 us.
chain_length = 2, payload_size = 512, token 43349 us.
chain_length = 2, payload_size = 512, token 6926759 us.
chain_length = 2, payload_size = 512, token 2007419 us.
chain_length = 2, payload_size = 512, token 24990 us.
chain_length = 2, payload_size = 512, token 12363132 us.
chain_length = 2, payload_size = 512, token 4440273 us.
chain_length = 2, payload_size = 512, token 2003409 us.
chain_length = 2, payload_size = 512, token 4133593 us.
chain_length = 2, payload_size = 512, token 8100092 us.
chain_length = 2, payload_size = 512, token 6386439 us.
chain_length = 2, payload_size = 512, token 3986703 us.
chain_length = 2, payload_size = 512, token 4004718 us.
chain_length = 2, payload_size = 512, token 1961061 us.
chain_length = 2, payload_size = 512, token 7217512 us.
chain_length = 2, payload_size = 512, token 12536850 us.
chain_length = 2, payload_size = 512, token 4657685 us.
chain_length = 2, payload_size = 512, token 6363360 us.
chain_length = 2, payload_size = 512, token 22384 us.
chain_length = 2, payload_size = 512, token 1881721 us.
chain_length = 2, payload_size = 512, token 3992427 us.
chain_length = 2, payload_size = 512, token 4167850 us.
chain_length = 2, payload_size = 512, token 2397597 us.
chain_length = 2, payload_size = 512, token 12300 us.
chain_length = 2, payload_size = 512, token 5639619 us.
chain_length = 2, payload_size = 512, token 12474260 us.
chain_length = 2, payload_size = 512, token 15123 us.
chain_length = 2, payload_size = 512, token 29966 us.
chain_length = 2, payload_size = 512, token 8756575 us.
chain_length = 2, payload_size = 512, token 16420 us.
chain_length = 2, payload_size = 512, token 18306 us.
chain_length = 2, payload_size = 512, token 4788826 us.
chain_length = 2, payload_size = 512, token 6254789 us.
chain_length = 2, payload_size = 512, token 7757709 us.
chain_length = 2, payload_size = 512, token 3995122 us.
chain_length = 2, payload_size = 512, token 1899371 us.
chain_length = 2, payload_size = 512, token 2123542 us.
chain_length = 2, payload_size = 512, token 2323661 us.
chain_length = 2, payload_size = 512, token 6638987 us.
chain_length = 2, payload_size = 512, token 10845903 us.
chain_length = 2, payload_size = 512, token 11141492 us.
chain_length = 2, payload_size = 512, token 2727617 us.
chain_length = 2, payload_size = 512, token 12201675 us.
chain_length = 2, payload_size = 512, token 12077380 us.
chain_length = 2, payload_size = 512, token 1751085 us.
chain_length = 2, payload_size = 512, token 1735459 us.
chain_length = 2, payload_size = 512, token 28733 us.
chain_length = 2, payload_size = 512, token 27716 us.
chain_length = 2, payload_size = 512, token 16059 us.
chain_length = 2, payload_size = 512, token 3797083 us.
chain_length = 2, payload_size = 512, token 7509461 us.
chain_length = 2, payload_size = 512, token 21990 us.
chain_length = 2, payload_size = 512, token 1785213 us.
chain_length = 2, payload_size = 512, token 13123 us.
chain_length = 2, payload_size = 512, token 12018689 us.
chain_length = 2, payload_size = 512, token 3879244 us.
chain_length = 2, payload_size = 512, token 10077904 us.
chain_length = 2, payload_size = 512, token 5717356 us.
chain_length = 2, payload_size = 512, token 1878240 us.
chain_length = 2, payload_size = 512, token 85926 us.
chain_length = 2, payload_size = 512, token 1709846 us.
chain_length = 2, payload_size = 512, token 5775825 us.
chain_length = 2, payload_size = 512, token 10628237 us.
chain_length = 2, payload_size = 512, token 3729971 us.
chain_length = 2, payload_size = 512, token 1669658 us.
chain_length = 2, payload_size = 512, token 3616475 us.
chain_length = 2, payload_size = 512, token 47799 us.
chain_length = 2, payload_size = 512, token 5640101 us.
chain_length = 2, payload_size = 512, token 1600103 us.
chain_length = 2, payload_size = 512, token 12896118 us.
chain_length = 2, payload_size = 512, token 1589817 us.
chain_length = 2, payload_size = 512, token 5552072 us.
chain_length = 2, payload_size = 512, token 11496281 us.
chain_length = 2, payload_size = 512, token 1632659 us.
chain_length = 2, payload_size = 512, token 4998497 us.
chain_length = 2, payload_size = 512, token 1426742 us.
chain_length = 2, payload_size = 512, token 9153481 us.
chain_length = 2, payload_size = 512, token 11790016 us.
chain_length = 2, payload_size = 512, token 3193230 us.
chain_length = 2, payload_size = 512, token 3205050 us.
chain_length = 2, payload_size = 512, token 7414363 us.
chain_length = 2, payload_size = 512, token 5479305 us.
chain_length = 2, payload_size = 512, token 5786531 us.
chain_length = 2, payload_size = 512, token 3200431 us.
chain_length = 2, payload_size = 512, token 43997 us.
chain_length = 2, payload_size = 512, token 5192552 us.
chain_length = 2, payload_size = 512, token 5739668 us.
chain_length = 2, payload_size = 512, token 5106892 us.
chain_length = 2, payload_size = 512, token 1350670 us.
chain_length = 2, payload_size = 512, token 10580176 us.
chain_length = 2, payload_size = 512, token 14115012 us.
chain_length = 2, payload_size = 512, token 94931 us.
chain_length = 2, payload_size = 512, token 14154159 us.
chain_length = 2, payload_size = 512, token 1252958 us.
chain_length = 2, payload_size = 512, token 8833276 us.
chain_length = 2, payload_size = 512, token 7629666 us.
chain_length = 2, payload_size = 512, token 12658572 us.
chain_length = 2, payload_size = 512, token 1085366 us.
chain_length = 2, payload_size = 512, token 2796691 us.
chain_length = 2, payload_size = 512, token 4662347 us.
chain_length = 2, payload_size = 512, token 1043227 us.
chain_length = 2, payload_size = 512, token 8626870 us.
chain_length = 2, payload_size = 512, token 20498 us.
chain_length = 2, payload_size = 512, token 11334810 us.
chain_length = 2, payload_size = 512, token 8211988 us.
chain_length = 2, payload_size = 512, token 13060560 us.
chain_length = 2, payload_size = 512, token 15201068 us.
chain_length = 2, payload_size = 512, token 9813342 us.
chain_length = 2, payload_size = 512, token 15494561 us.
chain_length = 2, payload_size = 512, token 2303915 us.
chain_length = 2, payload_size = 512, token 7997347 us.
chain_length = 2, payload_size = 512, token 4049473 us.
chain_length = 2, payload_size = 512, token 12764671 us.
chain_length = 2, payload_size = 512, token 1011619 us.
chain_length = 2, payload_size = 512, token 881519 us.
chain_length = 2, payload_size = 512, token 10255384 us.
chain_length = 2, payload_size = 512, token 851519 us.
chain_length = 2, payload_size = 512, token 9301966 us.
chain_length = 2, payload_size = 512, token 832362 us.
chain_length = 2, payload_size = 512, token 3668805 us.
chain_length = 2, payload_size = 512, token 8981677 us.
chain_length = 2, payload_size = 512, token 19364 us.
chain_length = 2, payload_size = 512, token 7968825 us.
chain_length = 2, payload_size = 512, token 45836 us.
chain_length = 2, payload_size = 512, token 3523143 us.
chain_length = 2, payload_size = 512, token 22612 us.
chain_length = 2, payload_size = 512, token 12662886 us.
chain_length = 2, payload_size = 512, token 3490438 us.
chain_length = 2, payload_size = 512, token 1737718 us.
chain_length = 2, payload_size = 512, token 6882010 us.
chain_length = 2, payload_size = 512, token 14415938 us.
chain_length = 2, payload_size = 512, token 2965345 us.
chain_length = 2, payload_size = 512, token 10908388 us.
chain_length = 2, payload_size = 512, token 15358515 us.
chain_length = 2, payload_size = 512, token 11236526 us.
chain_length = 2, payload_size = 512, token 11391793 us.
chain_length = 2, payload_size = 512, token 3148173 us.
chain_length = 2, payload_size = 512, token 12493198 us.
chain_length = 2, payload_size = 512, token 11249099 us.
chain_length = 2, payload_size = 512, token 9455547 us.
chain_length = 2, payload_size = 512, token 1430532 us.
chain_length = 2, payload_size = 512, token 1529401 us.
chain_length = 2, payload_size = 512, token 590228 us.
chain_length = 2, payload_size = 512, token 10191035 us.
chain_length = 2, payload_size = 512, token 1414110 us.
chain_length = 2, payload_size = 512, token 10544734 us.
chain_length = 2, payload_size = 512, token 4328498 us.
chain_length = 2, payload_size = 512, token 12080990 us.
chain_length = 2, payload_size = 512, token 8135120 us.
chain_length = 2, payload_size = 512, token 1279481 us.
chain_length = 2, payload_size = 512, token 10655531 us.
chain_length = 2, payload_size = 512, token 2339049 us.
chain_length = 2, payload_size = 512, token 5681453 us.
chain_length = 2, payload_size = 512, token 2225103 us.
chain_length = 2, payload_size = 512, token 481574 us.
chain_length = 2, payload_size = 512, token 5465025 us.
chain_length = 2, payload_size = 512, token 14139950 us.
chain_length = 2, payload_size = 512, token 7013009 us.
chain_length = 2, payload_size = 512, token 142810 us.
chain_length = 2, payload_size = 512, token 9150751 us.
chain_length = 2, payload_size = 512, token 13384756 us.
chain_length = 2, payload_size = 512, token 6697234 us.
chain_length = 2, payload_size = 512, token 2970109 us.
chain_length = 2, payload_size = 512, token 1868802 us.
chain_length = 2, payload_size = 512, token 6661617 us.
chain_length = 2, payload_size = 512, token 2781020 us.
chain_length = 2, payload_size = 512, token 5416071 us.
chain_length = 2, payload_size = 512, token 492734 us.
chain_length = 2, payload_size = 512, token 24613 us.
chain_length = 2, payload_size = 512, token 17436057 us.
chain_length = 2, payload_size = 512, token 11323418 us.
chain_length = 2, payload_size = 512, token 3933140 us.
chain_length = 2, payload_size = 512, token 2300743 us.
chain_length = 2, payload_size = 512, token 1893681 us.
chain_length = 2, payload_size = 512, token 742349 us.
chain_length = 2, payload_size = 512, token 1457306 us.
chain_length = 2, payload_size = 512, token 7216015 us.
chain_length = 2, payload_size = 512, token 7260775 us.
chain_length = 2, payload_size = 512, token 1867174 us.
chain_length = 2, payload_size = 512, token 1251783 us.
chain_length = 2, payload_size = 512, token 1945565 us.
chain_length = 2, payload_size = 512, token 11247712 us.
chain_length = 2, payload_size = 512, token 8313459 us.
chain_length = 2, payload_size = 512, token 605392 us.
chain_length = 2, payload_size = 512, token 398279 us.
chain_length = 2, payload_size = 512, token 4189765 us.
chain_length = 2, payload_size = 512, token 16388 us.
chain_length = 2, payload_size = 512, token 225241 us.
chain_length = 2, payload_size = 512, token 1777702 us.
chain_length = 2, payload_size = 512, token 6661662 us.
chain_length = 2, payload_size = 512, token 7306543 us.
chain_length = 2, payload_size = 512, token 11914014 us.
chain_length = 2, payload_size = 512, token 1042779 us.
chain_length = 2, payload_size = 512, token 8723311 us.
chain_length = 2, payload_size = 512, token 1388 us.
chain_length = 2, payload_size = 512, token 16363989 us.
chain_length = 2, payload_size = 512, token 517834 us.
chain_length = 2, payload_size = 512, token 9147818 us.
chain_length = 2, payload_size = 512, token 16208767 us.
chain_length = 2, payload_size = 512, token 10762491 us.
chain_length = 2, payload_size = 512, token 2419 us.
chain_length = 2, payload_size = 512, token 8053368 us.
chain_length = 2, payload_size = 512, token 557601 us.
chain_length = 2, payload_size = 512, token 6519730 us.
chain_length = 2, payload_size = 512, token 1606820 us.
chain_length = 2, payload_size = 512, token 11726108 us.
chain_length = 2, payload_size = 512, token 535051 us.
chain_length = 2, payload_size = 512, token 10385616 us.
chain_length = 2, payload_size = 512, token 11610635 us.
chain_length = 2, payload_size = 512, token 5523 us.
chain_length = 2, payload_size = 512, token 11246106 us.
chain_length = 2, payload_size = 512, token 9015 us.
chain_length = 2, payload_size = 512, token 109465 us.
chain_length = 2, payload_size = 512, token 226612 us.
chain_length = 2, payload_size = 512, token 8110442 us.
chain_length = 2, payload_size = 512, token 6092612 us.
chain_length = 2, payload_size = 512, token 3877721 us.
chain_length = 2, payload_size = 512, token 8831002 us.
chain_length = 2, payload_size = 512, token 101385 us.
chain_length = 2, payload_size = 512, token 7771074 us.
chain_length = 2, payload_size = 512, token 1566816 us.
chain_length = 2, payload_size = 512, token 6316 us.
chain_length = 2, payload_size = 512, token 9302665 us.
chain_length = 2, payload_size = 512, token 7188 us.
chain_length = 2, payload_size = 512, token 637936 us.
chain_length = 2, payload_size = 512, token 11560198 us.
chain_length = 2, payload_size = 512, token 10474698 us.
chain_length = 2, payload_size = 512, token 8769095 us.
chain_length = 2, payload_size = 512, token 11377855 us.
chain_length = 2, payload_size = 512, token 11448 us.
chain_length = 2, payload_size = 512, token 7666791 us.
chain_length = 2, payload_size = 512, token 9693838 us.
chain_length = 2, payload_size = 512, token 6028159 us.
chain_length = 2, payload_size = 512, token 1903108 us.
chain_length = 2, payload_size = 512, token 9455411 us.
chain_length = 2, payload_size = 512, token 9738682 us.
chain_length = 2, payload_size = 512, token 5445803 us.
chain_length = 2, payload_size = 512, token 108441 us.
chain_length = 2, payload_size = 512, token 7515517 us.
chain_length = 2, payload_size = 512, token 63270 us.
chain_length = 2, payload_size = 512, token 3985 us.
chain_length = 2, payload_size = 512, token 110483 us.
chain_length = 2, payload_size = 512, token 11764959 us.
chain_length = 2, payload_size = 512, token 14850597 us.
chain_length = 2, payload_size = 512, token 7452473 us.
chain_length = 2, payload_size = 512, token 9573827 us.
chain_length = 2, payload_size = 512, token 11404744 us.
chain_length = 2, payload_size = 512, token 5347835 us.
chain_length = 2, payload_size = 512, token 8261354 us.
chain_length = 2, payload_size = 512, token 12165078 us.
chain_length = 2, payload_size = 512, token 17235112 us.
chain_length = 2, payload_size = 512, token 9510556 us.
chain_length = 2, payload_size = 512, token 5226973 us.
chain_length = 2, payload_size = 512, token 11274466 us.
chain_length = 2, payload_size = 512, token 14906431 us.
chain_length = 2, payload_size = 512, token 430 us.
chain_length = 2, payload_size = 512, token 5210577 us.
chain_length = 2, payload_size = 512, token 7248070 us.
chain_length = 2, payload_size = 512, token 639 us.
chain_length = 2, payload_size = 512, token 5222965 us.
chain_length = 2, payload_size = 512, token 5185600 us.
chain_length = 2, payload_size = 512, token 7668453 us.
chain_length = 2, payload_size = 512, token 43151 us.
chain_length = 2, payload_size = 512, token 5153695 us.
chain_length = 2, payload_size = 512, token 436 us.
chain_length = 2, payload_size = 512, token 15790894 us.
chain_length = 2, payload_size = 512, token 5869288 us.
chain_length = 2, payload_size = 512, token 14613651 us.
chain_length = 2, payload_size = 512, token 671 us.
chain_length = 2, payload_size = 512, token 12119050 us.
chain_length = 2, payload_size = 512, token 9188677 us.
chain_length = 2, payload_size = 512, token 5823661 us.
chain_length = 2, payload_size = 512, token 40376 us.
chain_length = 2, payload_size = 512, token 5224675 us.
chain_length = 2, payload_size = 512, token 7268406 us.
chain_length = 2, payload_size = 512, token 390 us.
chain_length = 2, payload_size = 512, token 6106416 us.
chain_length = 2, payload_size = 512, token 443 us.
chain_length = 2, payload_size = 512, token 725 us.
chain_length = 2, payload_size = 512, token 12272363 us.
chain_length = 2, payload_size = 512, token 12636131 us.
chain_length = 2, payload_size = 512, token 6173761 us.
chain_length = 2, payload_size = 512, token 963 us.
chain_length = 2, payload_size = 512, token 8410807 us.
chain_length = 2, payload_size = 512, token 10364551 us.
chain_length = 2, payload_size = 512, token 16704873 us.
chain_length = 2, payload_size = 512, token 17343164 us.
chain_length = 2, payload_size = 512, token 422 us.
chain_length = 2, payload_size = 512, token 5008266 us.
chain_length = 2, payload_size = 512, token 521 us.
chain_length = 2, payload_size = 512, token 54577 us.
chain_length = 2, payload_size = 512, token 12122763 us.
chain_length = 2, payload_size = 512, token 10019105 us.
chain_length = 2, payload_size = 512, token 4967348 us.
chain_length = 2, payload_size = 512, token 14794574 us.
chain_length = 2, payload_size = 512, token 6812330 us.
chain_length = 2, payload_size = 512, token 9610872 us.
chain_length = 2, payload_size = 512, token 710 us.
chain_length = 2, payload_size = 512, token 11681872 us.
chain_length = 2, payload_size = 512, token 11431556 us.
chain_length = 2, payload_size = 512, token 13175462 us.
chain_length = 2, payload_size = 512, token 10830164 us.
chain_length = 2, payload_size = 512, token 18487638 us.
chain_length = 2, payload_size = 512, token 15685991 us.
chain_length = 2, payload_size = 512, token 9055588 us.
chain_length = 2, payload_size = 512, token 727 us.
chain_length = 2, payload_size = 512, token 49571 us.
chain_length = 2, payload_size = 512, token 10582494 us.
chain_length = 2, payload_size = 512, token 10984562 us.
chain_length = 2, payload_size = 512, token 11150511 us.
chain_length = 2, payload_size = 512, token 458 us.
chain_length = 2, payload_size = 512, token 10010583 us.
chain_length = 2, payload_size = 512, token 6912052 us.
chain_length = 2, payload_size = 512, token 9079482 us.
chain_length = 2, payload_size = 512, token 37692 us.
chain_length = 2, payload_size = 512, token 451 us.
chain_length = 2, payload_size = 512, token 44749 us.
chain_length = 2, payload_size = 512, token 4618116 us.
chain_length = 2, payload_size = 512, token 6499806 us.
chain_length = 2, payload_size = 512, token 38614 us.
chain_length = 2, payload_size = 512, token 54661 us.
chain_length = 2, payload_size = 512, token 977 us.
chain_length = 2, payload_size = 512, token 10612862 us.
chain_length = 2, payload_size = 512, token 114136 us.
chain_length = 2, payload_size = 512, token 765 us.
chain_length = 2, payload_size = 512, token 673 us.
chain_length = 2, payload_size = 512, token 454 us.
chain_length = 2, payload_size = 512, token 13390126 us.
chain_length = 2, payload_size = 512, token 7909506 us.
chain_length = 2, payload_size = 512, token 13379970 us.
chain_length = 2, payload_size = 512, token 436 us.
chain_length = 2, payload_size = 512, token 11006320 us.
chain_length = 2, payload_size = 512, token 398 us.
chain_length = 2, payload_size = 512, token 12120310 us.
chain_length = 2, payload_size = 512, token 8959262 us.
chain_length = 2, payload_size = 512, token 8609847 us.
chain_length = 2, payload_size = 512, token 9902383 us.
chain_length = 2, payload_size = 512, token 42399 us.
chain_length = 2, payload_size = 512, token 5673307 us.
chain_length = 2, payload_size = 512, token 503 us.
chain_length = 2, payload_size = 512, token 7164650 us.
chain_length = 2, payload_size = 512, token 12457270 us.
chain_length = 2, payload_size = 512, token 9222029 us.
chain_length = 2, payload_size = 512, token 18804633 us.
chain_length = 2, payload_size = 512, token 502 us.
chain_length = 2, payload_size = 512, token 804 us.
chain_length = 2, payload_size = 512, token 4366319 us.
chain_length = 2, payload_size = 512, token 4339177 us.
chain_length = 2, payload_size = 512, token 8156548 us.
chain_length = 2, payload_size = 512, token 480 us.
chain_length = 2, payload_size = 512, token 10678597 us.
chain_length = 2, payload_size = 512, token 4261356 us.
chain_length = 2, payload_size = 512, token 9220897 us.
chain_length = 2, payload_size = 512, token 4364548 us.
chain_length = 2, payload_size = 512, token 5969279 us.
chain_length = 2, payload_size = 512, token 5915888 us.
chain_length = 2, payload_size = 512, token 5530140 us.
chain_length = 2, payload_size = 512, token 621 us.
chain_length = 2, payload_size = 512, token 5876456 us.
chain_length = 2, payload_size = 512, token 33614 us.
chain_length = 2, payload_size = 512, token 10422055 us.
chain_length = 2, payload_size = 512, token 4115158 us.
chain_length = 2, payload_size = 512, token 776 us.
chain_length = 2, payload_size = 512, token 62871 us.
chain_length = 2, payload_size = 512, token 517 us.
chain_length = 2, payload_size = 512, token 8350086 us.
chain_length = 2, payload_size = 512, token 430 us.
chain_length = 2, payload_size = 512, token 493 us.
chain_length = 2, payload_size = 512, token 46530 us.
chain_length = 2, payload_size = 512, token 7602885 us.
chain_length = 2, payload_size = 512, token 383 us.
chain_length = 2, payload_size = 512, token 3906053 us.
chain_length = 2, payload_size = 512, token 5597694 us.
chain_length = 2, payload_size = 512, token 7448049 us.
chain_length = 2, payload_size = 512, token 15909867 us.
chain_length = 2, payload_size = 512, token 9771814 us.
chain_length = 2, payload_size = 512, token 428 us.
chain_length = 2, payload_size = 512, token 3912431 us.
chain_length = 2, payload_size = 512, token 10462884 us.
chain_length = 2, payload_size = 512, token 437 us.
chain_length = 2, payload_size = 512, token 5408723 us.
chain_length = 2, payload_size = 512, token 4630350 us.
chain_length = 2, payload_size = 512, token 5427618 us.
chain_length = 2, payload_size = 512, token 380 us.
chain_length = 2, payload_size = 512, token 5411997 us.
chain_length = 2, payload_size = 512, token 5541823 us.
chain_length = 2, payload_size = 512, token 3778597 us.
chain_length = 2, payload_size = 512, token 44303 us.
chain_length = 2, payload_size = 512, token 414 us.
chain_length = 2, payload_size = 512, token 11171238 us.
chain_length = 2, payload_size = 512, token 4999570 us.
chain_length = 2, payload_size = 512, token 441 us.
chain_length = 2, payload_size = 512, token 9222931 us.
chain_length = 2, payload_size = 512, token 509 us.
chain_length = 2, payload_size = 512, token 465 us.
chain_length = 2, payload_size = 512, token 5118001 us.
chain_length = 2, payload_size = 512, token 12801363 us.
chain_length = 2, payload_size = 512, token 17872414 us.
chain_length = 2, payload_size = 512, token 7630537 us.
chain_length = 2, payload_size = 512, token 9119703 us.
chain_length = 2, payload_size = 512, token 9121091 us.
chain_length = 2, payload_size = 512, token 11842033 us.
chain_length = 2, payload_size = 512, token 674 us.
chain_length = 2, payload_size = 512, token 59880 us.
chain_length = 2, payload_size = 512, token 5188302 us.
chain_length = 2, payload_size = 512, token 395 us.
chain_length = 2, payload_size = 512, token 34114 us.
chain_length = 2, payload_size = 512, token 453 us.
chain_length = 2, payload_size = 512, token 18081114 us.
chain_length = 2, payload_size = 512, token 9700126 us.
chain_length = 2, payload_size = 512, token 398 us.
chain_length = 2, payload_size = 512, token 39413 us.
chain_length = 2, payload_size = 512, token 13100807 us.
chain_length = 2, payload_size = 512, token 175909 us.
chain_length = 2, payload_size = 512, token 11056790 us.
chain_length = 2, payload_size = 512, token 14401650 us.
chain_length = 2, payload_size = 512, token 558 us.
chain_length = 2, payload_size = 512, token 14798713 us.
chain_length = 2, payload_size = 512, token 13957040 us.
chain_length = 2, payload_size = 512, token 6246908 us.
chain_length = 2, payload_size = 512, token 401 us.
chain_length = 2, payload_size = 512, token 54679 us.
chain_length = 2, payload_size = 512, token 4555344 us.
chain_length = 2, payload_size = 512, token 47483 us.
chain_length = 2, payload_size = 512, token 8361562 us.
chain_length = 2, payload_size = 512, token 4535567 us.
chain_length = 2, payload_size = 512, token 3416583 us.
chain_length = 2, payload_size = 512, token 4482503 us.
chain_length = 2, payload_size = 512, token 416 us.
chain_length = 2, payload_size = 512, token 398 us.
chain_length = 2, payload_size = 512, token 41230 us.
chain_length = 2, payload_size = 512, token 2666070 us.
chain_length = 2, payload_size = 512, token 481 us.
chain_length = 2, payload_size = 512, token 4110703 us.
chain_length = 2, payload_size = 512, token 18578063 us.
chain_length = 2, payload_size = 512, token 5912803 us.
chain_length = 2, payload_size = 512, token 14978596 us.
chain_length = 2, payload_size = 512, token 5259960 us.
chain_length = 2, payload_size = 512, token 11223333 us.
chain_length = 2, payload_size = 512, token 11747962 us.
chain_length = 2, payload_size = 512, token 663 us.
chain_length = 2, payload_size = 512, token 14327796 us.
chain_length = 2, payload_size = 512, token 12156472 us.
chain_length = 2, payload_size = 512, token 15757721 us.
chain_length = 2, payload_size = 512, token 3083878 us.
chain_length = 2, payload_size = 512, token 3121836 us.
chain_length = 2, payload_size = 512, token 44915 us.
chain_length = 2, payload_size = 512, token 16466421 us.
chain_length = 2, payload_size = 512, token 8941375 us.
chain_length = 2, payload_size = 512, token 10676785 us.
chain_length = 2, payload_size = 512, token 5050799 us.
chain_length = 2, payload_size = 512, token 16333384 us.
chain_length = 2, payload_size = 512, token 4550446 us.
chain_length = 2, payload_size = 512, token 12578931 us.
chain_length = 2, payload_size = 512, token 6279032 us.
chain_length = 2, payload_size = 512, token 15648052 us.
chain_length = 2, payload_size = 512, token 10433666 us.
chain_length = 2, payload_size = 512, token 9955471 us.
chain_length = 2, payload_size = 512, token 15260941 us.
chain_length = 2, payload_size = 512, token 523 us.
chain_length = 2, payload_size = 512, token 13742351 us.
chain_length = 2, payload_size = 512, token 271413 us.
chain_length = 2, payload_size = 512, token 11674783 us.
chain_length = 2, payload_size = 512, token 11098921 us.
chain_length = 2, payload_size = 512, token 6660450 us.
chain_length = 2, payload_size = 512, token 12703726 us.
chain_length = 2, payload_size = 512, token 12483767 us.
chain_length = 2, payload_size = 512, token 6504197 us.
chain_length = 2, payload_size = 512, token 5817683 us.
chain_length = 2, payload_size = 512, token 8426841 us.
chain_length = 2, payload_size = 512, token 2846408 us.
chain_length = 2, payload_size = 512, token 3683328 us.
chain_length = 2, payload_size = 512, token 360016 us.
chain_length = 2, payload_size = 512, token 37820 us.
chain_length = 2, payload_size = 512, token 4292787 us.
chain_length = 2, payload_size = 512, token 8602044 us.
chain_length = 2, payload_size = 512, token 2799125 us.
chain_length = 2, payload_size = 512, token 12723256 us.
chain_length = 2, payload_size = 512, token 4091784 us.
chain_length = 2, payload_size = 512, token 9626916 us.
chain_length = 2, payload_size = 512, token 2625902 us.
chain_length = 2, payload_size = 512, token 10957586 us.
chain_length = 2, payload_size = 512, token 2191203 us.
chain_length = 2, payload_size = 512, token 3152945 us.
chain_length = 2, payload_size = 512, token 10591724 us.
chain_length = 2, payload_size = 512, token 12699445 us.
chain_length = 2, payload_size = 512, token 518 us.
chain_length = 2, payload_size = 512, token 27775 us.
chain_length = 2, payload_size = 512, token 249081 us.
chain_length = 2, payload_size = 512, token 3584720 us.
chain_length = 2, payload_size = 512, token 9803254 us.
chain_length = 2, payload_size = 512, token 2060 us.
chain_length = 2, payload_size = 512, token 2389768 us.
chain_length = 2, payload_size = 512, token 30590 us.
chain_length = 2, payload_size = 512, token 4285049 us.
chain_length = 2, payload_size = 512, token 12063969 us.
chain_length = 2, payload_size = 512, token 14161423 us.
chain_length = 2, payload_size = 512, token 2304271 us.
chain_length = 2, payload_size = 512, token 9281946 us.
chain_length = 2, payload_size = 512, token 5858901 us.
chain_length = 2, payload_size = 512, token 1977514 us.
chain_length = 2, payload_size = 512, token 9206094 us.
chain_length = 2, payload_size = 512, token 5525427 us.
chain_length = 2, payload_size = 512, token 8896973 us.
chain_length = 2, payload_size = 512, token 3029477 us.
chain_length = 2, payload_size = 512, token 11436506 us.
chain_length = 2, payload_size = 512, token 2860470 us.
chain_length = 2, payload_size = 512, token 11609265 us.
chain_length = 2, payload_size = 512, token 2235743 us.
chain_length = 2, payload_size = 512, token 16870877 us.
chain_length = 2, payload_size = 512, token 8206500 us.
chain_length = 2, payload_size = 512, token 4684212 us.
chain_length = 2, payload_size = 512, token 6112443 us.
chain_length = 2, payload_size = 512, token 1699928 us.
chain_length = 2, payload_size = 512, token 1505 us.
chain_length = 2, payload_size = 512, token 1860687 us.
chain_length = 2, payload_size = 512, token 589 us.
chain_length = 2, payload_size = 512, token 9184260 us.
