Read file config.yml
Running executor...
Loaded function exp00_front. lib_load_elasped: 183, func_load_elasped: 4
Loaded function exp00_back. lib_load_elasped: 144, func_load_elasped: 1
chain_length = 2, payload_size = 512, token 31474 us.
chain_length = 2, payload_size = 512, token 60256 us.
chain_length = 2, payload_size = 512, token 504630 us.
chain_length = 2, payload_size = 512, token 65335 us.
chain_length = 2, payload_size = 512, token 776516 us.
chain_length = 2, payload_size = 512, token 131984 us.
chain_length = 2, payload_size = 512, token 22487 us.
chain_length = 2, payload_size = 512, token 1047465 us.
chain_length = 2, payload_size = 512, token 1958510 us.
chain_length = 2, payload_size = 512, token 326217 us.
chain_length = 2, payload_size = 512, token 52356 us.
chain_length = 2, payload_size = 512, token 88945 us.
chain_length = 2, payload_size = 512, token 1629139 us.
chain_length = 2, payload_size = 512, token 1375662 us.
chain_length = 2, payload_size = 512, token 2200276 us.
chain_length = 2, payload_size = 512, token 1254459 us.
chain_length = 2, payload_size = 512, token 1046830 us.
chain_length = 2, payload_size = 512, token 4471644 us.
chain_length = 2, payload_size = 512, token 3200478 us.
chain_length = 2, payload_size = 512, token 1957298 us.
chain_length = 2, payload_size = 512, token 13055 us.
chain_length = 2, payload_size = 512, token 31464 us.
chain_length = 2, payload_size = 512, token 1641573 us.
chain_length = 2, payload_size = 512, token 1242504 us.
chain_length = 2, payload_size = 512, token 2053589 us.
chain_length = 2, payload_size = 512, token 14295 us.
chain_length = 2, payload_size = 512, token 1264193 us.
chain_length = 2, payload_size = 512, token 4709483 us.
chain_length = 2, payload_size = 512, token 58177 us.
chain_length = 2, payload_size = 512, token 3190388 us.
chain_length = 2, payload_size = 512, token 3721765 us.
chain_length = 2, payload_size = 512, token 3817220 us.
chain_length = 2, payload_size = 512, token 44197 us.
chain_length = 2, payload_size = 512, token 6370005 us.
chain_length = 2, payload_size = 512, token 85191 us.
chain_length = 2, payload_size = 512, token 3544244 us.
chain_length = 2, payload_size = 512, token 4618491 us.
chain_length = 2, payload_size = 512, token 112725 us.
chain_length = 2, payload_size = 512, token 2084599 us.
chain_length = 2, payload_size = 512, token 3298621 us.
chain_length = 2, payload_size = 512, token 34819 us.
chain_length = 2, payload_size = 512, token 1583262 us.
chain_length = 2, payload_size = 512, token 1625697 us.
chain_length = 2, payload_size = 512, token 45552 us.
chain_length = 2, payload_size = 512, token 1056263 us.
chain_length = 2, payload_size = 512, token 7737140 us.
chain_length = 2, payload_size = 512, token 4629183 us.
chain_length = 2, payload_size = 512, token 6624751 us.
chain_length = 2, payload_size = 512, token 1602325 us.
chain_length = 2, payload_size = 512, token 3587989 us.
chain_length = 2, payload_size = 512, token 5817108 us.
chain_length = 2, payload_size = 512, token 26960 us.
chain_length = 2, payload_size = 512, token 3761988 us.
chain_length = 2, payload_size = 512, token 26543 us.
chain_length = 2, payload_size = 512, token 8789286 us.
chain_length = 2, payload_size = 512, token 9366964 us.
chain_length = 2, payload_size = 512, token 16770 us.
chain_length = 2, payload_size = 512, token 24409 us.
chain_length = 2, payload_size = 512, token 24969 us.
chain_length = 2, payload_size = 512, token 2018499 us.
chain_length = 2, payload_size = 512, token 6181347 us.
chain_length = 2, payload_size = 512, token 7866706 us.
chain_length = 2, payload_size = 512, token 6100245 us.
chain_length = 2, payload_size = 512, token 8228847 us.
chain_length = 2, payload_size = 512, token 786017 us.
chain_length = 2, payload_size = 512, token 32703 us.
chain_length = 2, payload_size = 512, token 62931 us.
chain_length = 2, payload_size = 512, token 44914 us.
chain_length = 2, payload_size = 512, token 1975708 us.
chain_length = 2, payload_size = 512, token 1615808 us.
chain_length = 2, payload_size = 512, token 37616 us.
chain_length = 2, payload_size = 512, token 19606 us.
chain_length = 2, payload_size = 512, token 25424 us.
chain_length = 2, payload_size = 512, token 10379300 us.
chain_length = 2, payload_size = 512, token 6952970 us.
chain_length = 2, payload_size = 512, token 69917 us.
chain_length = 2, payload_size = 512, token 6175119 us.
chain_length = 2, payload_size = 512, token 6021353 us.
chain_length = 2, payload_size = 512, token 3240400 us.
chain_length = 2, payload_size = 512, token 2590538 us.
chain_length = 2, payload_size = 512, token 6379586 us.
chain_length = 2, payload_size = 512, token 6594374 us.
chain_length = 2, payload_size = 512, token 5268519 us.
chain_length = 2, payload_size = 512, token 2049211 us.
chain_length = 2, payload_size = 512, token 3843315 us.
chain_length = 2, payload_size = 512, token 3844355 us.
chain_length = 2, payload_size = 512, token 20706 us.
chain_length = 2, payload_size = 512, token 1978619 us.
chain_length = 2, payload_size = 512, token 61652 us.
chain_length = 2, payload_size = 512, token 2066045 us.
chain_length = 2, payload_size = 512, token 9747602 us.
chain_length = 2, payload_size = 512, token 3912304 us.
chain_length = 2, payload_size = 512, token 25302 us.
chain_length = 2, payload_size = 512, token 2065859 us.
chain_length = 2, payload_size = 512, token 2094082 us.
chain_length = 2, payload_size = 512, token 4314618 us.
chain_length = 2, payload_size = 512, token 4451545 us.
chain_length = 2, payload_size = 512, token 26559 us.
chain_length = 2, payload_size = 512, token 2053586 us.
chain_length = 2, payload_size = 512, token 9428115 us.
chain_length = 2, payload_size = 512, token 10983052 us.
chain_length = 2, payload_size = 512, token 4557069 us.
chain_length = 2, payload_size = 512, token 5848010 us.
chain_length = 2, payload_size = 512, token 1052127 us.
chain_length = 2, payload_size = 512, token 6164701 us.
chain_length = 2, payload_size = 512, token 1298071 us.
chain_length = 2, payload_size = 512, token 4039862 us.
chain_length = 2, payload_size = 512, token 9026676 us.
chain_length = 2, payload_size = 512, token 8487939 us.
chain_length = 2, payload_size = 512, token 11730928 us.
chain_length = 2, payload_size = 512, token 26385 us.
chain_length = 2, payload_size = 512, token 2942895 us.
chain_length = 2, payload_size = 512, token 2467963 us.
chain_length = 2, payload_size = 512, token 11703615 us.
chain_length = 2, payload_size = 512, token 2094295 us.
chain_length = 2, payload_size = 512, token 6350971 us.
chain_length = 2, payload_size = 512, token 46101 us.
chain_length = 2, payload_size = 512, token 19846 us.
chain_length = 2, payload_size = 512, token 5736431 us.
chain_length = 2, payload_size = 512, token 2375675 us.
chain_length = 2, payload_size = 512, token 4341031 us.
chain_length = 2, payload_size = 512, token 4328945 us.
chain_length = 2, payload_size = 512, token 2141506 us.
chain_length = 2, payload_size = 512, token 4415134 us.
chain_length = 2, payload_size = 512, token 41248 us.
chain_length = 2, payload_size = 512, token 2106647 us.
chain_length = 2, payload_size = 512, token 2108310 us.
chain_length = 2, payload_size = 512, token 5891227 us.
chain_length = 2, payload_size = 512, token 32873 us.
chain_length = 2, payload_size = 512, token 5096836 us.
chain_length = 2, payload_size = 512, token 5263482 us.
chain_length = 2, payload_size = 512, token 27994 us.
chain_length = 2, payload_size = 512, token 7244396 us.
chain_length = 2, payload_size = 512, token 3103313 us.
chain_length = 2, payload_size = 512, token 66762 us.
chain_length = 2, payload_size = 512, token 6062221 us.
chain_length = 2, payload_size = 512, token 5224605 us.
chain_length = 2, payload_size = 512, token 27545 us.
chain_length = 2, payload_size = 512, token 2126767 us.
chain_length = 2, payload_size = 512, token 4249927 us.
chain_length = 2, payload_size = 512, token 2107488 us.
chain_length = 2, payload_size = 512, token 2856399 us.
chain_length = 2, payload_size = 512, token 2242013 us.
chain_length = 2, payload_size = 512, token 6542802 us.
chain_length = 2, payload_size = 512, token 8784057 us.
chain_length = 2, payload_size = 512, token 10642569 us.
chain_length = 2, payload_size = 512, token 4209439 us.
chain_length = 2, payload_size = 512, token 23637 us.
chain_length = 2, payload_size = 512, token 23617 us.
chain_length = 2, payload_size = 512, token 4315487 us.
chain_length = 2, payload_size = 512, token 8577101 us.
chain_length = 2, payload_size = 512, token 8440469 us.
chain_length = 2, payload_size = 512, token 7869797 us.
chain_length = 2, payload_size = 512, token 2101961 us.
chain_length = 2, payload_size = 512, token 7000878 us.
chain_length = 2, payload_size = 512, token 12256804 us.
chain_length = 2, payload_size = 512, token 6592937 us.
chain_length = 2, payload_size = 512, token 34168 us.
chain_length = 2, payload_size = 512, token 10221666 us.
chain_length = 2, payload_size = 512, token 2047999 us.
chain_length = 2, payload_size = 512, token 4507388 us.
chain_length = 2, payload_size = 512, token 8196912 us.
chain_length = 2, payload_size = 512, token 7100062 us.
chain_length = 2, payload_size = 512, token 9651426 us.
chain_length = 2, payload_size = 512, token 27919 us.
chain_length = 2, payload_size = 512, token 9463602 us.
chain_length = 2, payload_size = 512, token 12975764 us.
chain_length = 2, payload_size = 512, token 2732649 us.
chain_length = 2, payload_size = 512, token 25601 us.
chain_length = 2, payload_size = 512, token 8137705 us.
chain_length = 2, payload_size = 512, token 2419536 us.
chain_length = 2, payload_size = 512, token 1868934 us.
chain_length = 2, payload_size = 512, token 15936 us.
chain_length = 2, payload_size = 512, token 4488297 us.
chain_length = 2, payload_size = 512, token 13093313 us.
chain_length = 2, payload_size = 512, token 2244671 us.
chain_length = 2, payload_size = 512, token 11451670 us.
chain_length = 2, payload_size = 512, token 1912389 us.
chain_length = 2, payload_size = 512, token 6028470 us.
chain_length = 2, payload_size = 512, token 10119079 us.
chain_length = 2, payload_size = 512, token 8705945 us.
chain_length = 2, payload_size = 512, token 4112836 us.
chain_length = 2, payload_size = 512, token 6149697 us.
chain_length = 2, payload_size = 512, token 14372913 us.
chain_length = 2, payload_size = 512, token 6059170 us.
chain_length = 2, payload_size = 512, token 1823340 us.
chain_length = 2, payload_size = 512, token 1841192 us.
chain_length = 2, payload_size = 512, token 3894794 us.
chain_length = 2, payload_size = 512, token 6402478 us.
chain_length = 2, payload_size = 512, token 13245851 us.
chain_length = 2, payload_size = 512, token 3888432 us.
chain_length = 2, payload_size = 512, token 5885830 us.
chain_length = 2, payload_size = 512, token 11963306 us.
chain_length = 2, payload_size = 512, token 3853715 us.
chain_length = 2, payload_size = 512, token 6381017 us.
chain_length = 2, payload_size = 512, token 145934 us.
chain_length = 2, payload_size = 512, token 5907093 us.
chain_length = 2, payload_size = 512, token 3814299 us.
chain_length = 2, payload_size = 512, token 13557133 us.
chain_length = 2, payload_size = 512, token 365190 us.
chain_length = 2, payload_size = 512, token 4781207 us.
chain_length = 2, payload_size = 512, token 24416 us.
chain_length = 2, payload_size = 512, token 45902 us.
chain_length = 2, payload_size = 512, token 7598512 us.
chain_length = 2, payload_size = 512, token 13448901 us.
chain_length = 2, payload_size = 512, token 288145 us.
chain_length = 2, payload_size = 512, token 8604301 us.
chain_length = 2, payload_size = 512, token 3584571 us.
chain_length = 2, payload_size = 512, token 56481 us.
chain_length = 2, payload_size = 512, token 11736605 us.
chain_length = 2, payload_size = 512, token 1592309 us.
chain_length = 2, payload_size = 512, token 5594563 us.
chain_length = 2, payload_size = 512, token 3508556 us.
chain_length = 2, payload_size = 512, token 11790357 us.
chain_length = 2, payload_size = 512, token 9975529 us.
chain_length = 2, payload_size = 512, token 5548750 us.
chain_length = 2, payload_size = 512, token 5502131 us.
chain_length = 2, payload_size = 512, token 474963 us.
chain_length = 2, payload_size = 512, token 9584736 us.
chain_length = 2, payload_size = 512, token 8143247 us.
chain_length = 2, payload_size = 512, token 3320872 us.
chain_length = 2, payload_size = 512, token 1458791 us.
chain_length = 2, payload_size = 512, token 13998446 us.
chain_length = 2, payload_size = 512, token 3226844 us.
chain_length = 2, payload_size = 512, token 8411994 us.
chain_length = 2, payload_size = 512, token 8983824 us.
chain_length = 2, payload_size = 512, token 1384932 us.
chain_length = 2, payload_size = 512, token 14562102 us.
chain_length = 2, payload_size = 512, token 9719521 us.
chain_length = 2, payload_size = 512, token 1312674 us.
chain_length = 2, payload_size = 512, token 8102774 us.
chain_length = 2, payload_size = 512, token 10660001 us.
chain_length = 2, payload_size = 512, token 20526 us.
chain_length = 2, payload_size = 512, token 8898052 us.
chain_length = 2, payload_size = 512, token 14158609 us.
chain_length = 2, payload_size = 512, token 1139389 us.
chain_length = 2, payload_size = 512, token 1221593 us.
chain_length = 2, payload_size = 512, token 7691239 us.
chain_length = 2, payload_size = 512, token 22090 us.
chain_length = 2, payload_size = 512, token 9915563 us.
chain_length = 2, payload_size = 512, token 8475256 us.
chain_length = 2, payload_size = 512, token 2800502 us.
chain_length = 2, payload_size = 512, token 1160183 us.
chain_length = 2, payload_size = 512, token 8816404 us.
chain_length = 2, payload_size = 512, token 10011935 us.
chain_length = 2, payload_size = 512, token 8747452 us.
chain_length = 2, payload_size = 512, token 14456770 us.
chain_length = 2, payload_size = 512, token 1058680 us.
chain_length = 2, payload_size = 512, token 4534226 us.
chain_length = 2, payload_size = 512, token 1050109 us.
chain_length = 2, payload_size = 512, token 2613402 us.
chain_length = 2, payload_size = 512, token 1036626 us.
chain_length = 2, payload_size = 512, token 10279783 us.
chain_length = 2, payload_size = 512, token 4411412 us.
chain_length = 2, payload_size = 512, token 995988 us.
chain_length = 2, payload_size = 512, token 6111317 us.
chain_length = 2, payload_size = 512, token 6991616 us.
chain_length = 2, payload_size = 512, token 11322160 us.
chain_length = 2, payload_size = 512, token 7746423 us.
chain_length = 2, payload_size = 512, token 11794337 us.
chain_length = 2, payload_size = 512, token 14366336 us.
chain_length = 2, payload_size = 512, token 13040471 us.
chain_length = 2, payload_size = 512, token 4538453 us.
chain_length = 2, payload_size = 512, token 6158243 us.
chain_length = 2, payload_size = 512, token 14791980 us.
chain_length = 2, payload_size = 512, token 7763091 us.
chain_length = 2, payload_size = 512, token 8366002 us.
chain_length = 2, payload_size = 512, token 2151341 us.
chain_length = 2, payload_size = 512, token 135906 us.
chain_length = 2, payload_size = 512, token 151257 us.
chain_length = 2, payload_size = 512, token 861414 us.
chain_length = 2, payload_size = 512, token 20039 us.
chain_length = 2, payload_size = 512, token 8276558 us.
chain_length = 2, payload_size = 512, token 12594846 us.
chain_length = 2, payload_size = 512, token 3622732 us.
chain_length = 2, payload_size = 512, token 11687883 us.
chain_length = 2, payload_size = 512, token 790950 us.
chain_length = 2, payload_size = 512, token 12551183 us.
chain_length = 2, payload_size = 512, token 7946698 us.
chain_length = 2, payload_size = 512, token 789997 us.
chain_length = 2, payload_size = 512, token 749861 us.
chain_length = 2, payload_size = 512, token 58312 us.
chain_length = 2, payload_size = 512, token 11188934 us.
chain_length = 2, payload_size = 512, token 7150641 us.
chain_length = 2, payload_size = 512, token 5742504 us.
chain_length = 2, payload_size = 512, token 43102 us.
chain_length = 2, payload_size = 512, token 3095065 us.
chain_length = 2, payload_size = 512, token 11027949 us.
chain_length = 2, payload_size = 512, token 7753364 us.
chain_length = 2, payload_size = 512, token 17045704 us.
chain_length = 2, payload_size = 512, token 747140 us.
chain_length = 2, payload_size = 512, token 627632 us.
chain_length = 2, payload_size = 512, token 11022382 us.
chain_length = 2, payload_size = 512, token 4598041 us.
chain_length = 2, payload_size = 512, token 7777005 us.
chain_length = 2, payload_size = 512, token 8325405 us.
chain_length = 2, payload_size = 512, token 5391545 us.
chain_length = 2, payload_size = 512, token 4329023 us.
chain_length = 2, payload_size = 512, token 9316946 us.
chain_length = 2, payload_size = 512, token 4207170 us.
chain_length = 2, payload_size = 512, token 52463 us.
chain_length = 2, payload_size = 512, token 6167389 us.
chain_length = 2, payload_size = 512, token 9950490 us.
chain_length = 2, payload_size = 512, token 12624368 us.
chain_length = 2, payload_size = 512, token 4083571 us.
chain_length = 2, payload_size = 512, token 6250981 us.
chain_length = 2, payload_size = 512, token 3872900 us.
chain_length = 2, payload_size = 512, token 3843405 us.
chain_length = 2, payload_size = 512, token 5670693 us.
chain_length = 2, payload_size = 512, token 551217 us.
chain_length = 2, payload_size = 512, token 495787 us.
chain_length = 2, payload_size = 512, token 9745899 us.
chain_length = 2, payload_size = 512, token 2270803 us.
chain_length = 2, payload_size = 512, token 56361 us.
chain_length = 2, payload_size = 512, token 7323529 us.
chain_length = 2, payload_size = 512, token 9484717 us.
chain_length = 2, payload_size = 512, token 1977498 us.
chain_length = 2, payload_size = 512, token 5177164 us.
chain_length = 2, payload_size = 512, token 1948847 us.
chain_length = 2, payload_size = 512, token 1220333 us.
chain_length = 2, payload_size = 512, token 5580861 us.
chain_length = 2, payload_size = 512, token 3317720 us.
chain_length = 2, payload_size = 512, token 7823271 us.
chain_length = 2, payload_size = 512, token 3179708 us.
chain_length = 2, payload_size = 512, token 16541285 us.
chain_length = 2, payload_size = 512, token 6681558 us.
chain_length = 2, payload_size = 512, token 428336 us.
chain_length = 2, payload_size = 512, token 411423 us.
chain_length = 2, payload_size = 512, token 8070432 us.
chain_length = 2, payload_size = 512, token 12186088 us.
chain_length = 2, payload_size = 512, token 6354509 us.
chain_length = 2, payload_size = 512, token 373550 us.
chain_length = 2, payload_size = 512, token 6645474 us.
chain_length = 2, payload_size = 512, token 1573496 us.
chain_length = 2, payload_size = 512, token 14718905 us.
chain_length = 2, payload_size = 512, token 8291911 us.
chain_length = 2, payload_size = 512, token 11970140 us.
chain_length = 2, payload_size = 512, token 9654138 us.
chain_length = 2, payload_size = 512, token 9387574 us.
chain_length = 2, payload_size = 512, token 8150275 us.
chain_length = 2, payload_size = 512, token 21672 us.
chain_length = 2, payload_size = 512, token 7846698 us.
chain_length = 2, payload_size = 512, token 9669622 us.
chain_length = 2, payload_size = 512, token 1317842 us.
chain_length = 2, payload_size = 512, token 7485486 us.
chain_length = 2, payload_size = 512, token 803818 us.
chain_length = 2, payload_size = 512, token 4897306 us.
chain_length = 2, payload_size = 512, token 11539172 us.
chain_length = 2, payload_size = 512, token 4343849 us.
chain_length = 2, payload_size = 512, token 3887400 us.
chain_length = 2, payload_size = 512, token 1591783 us.
chain_length = 2, payload_size = 512, token 16968472 us.
chain_length = 2, payload_size = 512, token 5673645 us.
chain_length = 2, payload_size = 512, token 11892628 us.
chain_length = 2, payload_size = 512, token 1592304 us.
chain_length = 2, payload_size = 512, token 584441 us.
chain_length = 2, payload_size = 512, token 2511878 us.
chain_length = 2, payload_size = 512, token 513071 us.
chain_length = 2, payload_size = 512, token 10846855 us.
chain_length = 2, payload_size = 512, token 5355747 us.
chain_length = 2, payload_size = 512, token 12703279 us.
chain_length = 2, payload_size = 512, token 5499293 us.
chain_length = 2, payload_size = 512, token 6596774 us.
chain_length = 2, payload_size = 512, token 62081 us.
chain_length = 2, payload_size = 512, token 25950 us.
