Read file config.yml
Running executor...
Loaded function exp00_front. lib_load_elasped: 285, func_load_elasped: 3
Loaded function exp00_back. lib_load_elasped: 131, func_load_elasped: 1
chain_length = 2, payload_size = 512, token 32236 us.
chain_length = 2, payload_size = 512, token 37537 us.
chain_length = 2, payload_size = 512, token 442252 us.
chain_length = 2, payload_size = 512, token 54111 us.
chain_length = 2, payload_size = 512, token 987125 us.
chain_length = 2, payload_size = 512, token 1017993 us.
chain_length = 2, payload_size = 512, token 660803 us.
chain_length = 2, payload_size = 512, token 2404393 us.
chain_length = 2, payload_size = 512, token 42566 us.
chain_length = 2, payload_size = 512, token 1729444 us.
chain_length = 2, payload_size = 512, token 1424535 us.
chain_length = 2, payload_size = 512, token 2063113 us.
chain_length = 2, payload_size = 512, token 46959 us.
chain_length = 2, payload_size = 512, token 1070132 us.
chain_length = 2, payload_size = 512, token 2492735 us.
chain_length = 2, payload_size = 512, token 3871395 us.
chain_length = 2, payload_size = 512, token 4466734 us.
chain_length = 2, payload_size = 512, token 2697812 us.
chain_length = 2, payload_size = 512, token 3336143 us.
chain_length = 2, payload_size = 512, token 2220925 us.
chain_length = 2, payload_size = 512, token 69297 us.
chain_length = 2, payload_size = 512, token 3639010 us.
chain_length = 2, payload_size = 512, token 3719237 us.
chain_length = 2, payload_size = 512, token 4977877 us.
chain_length = 2, payload_size = 512, token 51587 us.
chain_length = 2, payload_size = 512, token 1792826 us.
chain_length = 2, payload_size = 512, token 26176 us.
chain_length = 2, payload_size = 512, token 37773 us.
chain_length = 2, payload_size = 512, token 17803 us.
chain_length = 2, payload_size = 512, token 10800 us.
chain_length = 2, payload_size = 512, token 14239 us.
chain_length = 2, payload_size = 512, token 12159 us.
chain_length = 2, payload_size = 512, token 24575 us.
chain_length = 2, payload_size = 512, token 32063 us.
chain_length = 2, payload_size = 512, token 19172 us.
chain_length = 2, payload_size = 512, token 37985 us.
chain_length = 2, payload_size = 512, token 1260334 us.
chain_length = 2, payload_size = 512, token 3537239 us.
chain_length = 2, payload_size = 512, token 366580 us.
chain_length = 2, payload_size = 512, token 5366423 us.
chain_length = 2, payload_size = 512, token 1969058 us.
chain_length = 2, payload_size = 512, token 59378 us.
chain_length = 2, payload_size = 512, token 4612290 us.
chain_length = 2, payload_size = 512, token 1122272 us.
chain_length = 2, payload_size = 512, token 2045241 us.
chain_length = 2, payload_size = 512, token 114325 us.
chain_length = 2, payload_size = 512, token 19189 us.
chain_length = 2, payload_size = 512, token 45433 us.
chain_length = 2, payload_size = 512, token 3642628 us.
chain_length = 2, payload_size = 512, token 4187831 us.
chain_length = 2, payload_size = 512, token 3766671 us.
chain_length = 2, payload_size = 512, token 1518199 us.
chain_length = 2, payload_size = 512, token 54308 us.
chain_length = 2, payload_size = 512, token 3960047 us.
chain_length = 2, payload_size = 512, token 60930 us.
chain_length = 2, payload_size = 512, token 3802499 us.
chain_length = 2, payload_size = 512, token 699976 us.
chain_length = 2, payload_size = 512, token 5661433 us.
chain_length = 2, payload_size = 512, token 6651161 us.
chain_length = 2, payload_size = 512, token 20717 us.
chain_length = 2, payload_size = 512, token 1574410 us.
chain_length = 2, payload_size = 512, token 202141 us.
chain_length = 2, payload_size = 512, token 5055054 us.
chain_length = 2, payload_size = 512, token 2852189 us.
chain_length = 2, payload_size = 512, token 4280648 us.
chain_length = 2, payload_size = 512, token 7009367 us.
chain_length = 2, payload_size = 512, token 2325746 us.
chain_length = 2, payload_size = 512, token 1735731 us.
chain_length = 2, payload_size = 512, token 4336374 us.
chain_length = 2, payload_size = 512, token 23153 us.
chain_length = 2, payload_size = 512, token 27351 us.
chain_length = 2, payload_size = 512, token 6186454 us.
chain_length = 2, payload_size = 512, token 7444803 us.
chain_length = 2, payload_size = 512, token 6842374 us.
chain_length = 2, payload_size = 512, token 7280362 us.
chain_length = 2, payload_size = 512, token 3352049 us.
chain_length = 2, payload_size = 512, token 8418210 us.
chain_length = 2, payload_size = 512, token 26230 us.
chain_length = 2, payload_size = 512, token 17312 us.
chain_length = 2, payload_size = 512, token 2445398 us.
chain_length = 2, payload_size = 512, token 6566620 us.
chain_length = 2, payload_size = 512, token 1893360 us.
chain_length = 2, payload_size = 512, token 5104953 us.
chain_length = 2, payload_size = 512, token 153972 us.
chain_length = 2, payload_size = 512, token 44355 us.
chain_length = 2, payload_size = 512, token 8998466 us.
chain_length = 2, payload_size = 512, token 4429474 us.
chain_length = 2, payload_size = 512, token 3472573 us.
chain_length = 2, payload_size = 512, token 6142304 us.
chain_length = 2, payload_size = 512, token 2510658 us.
chain_length = 2, payload_size = 512, token 5174025 us.
chain_length = 2, payload_size = 512, token 21027 us.
chain_length = 2, payload_size = 512, token 7714377 us.
chain_length = 2, payload_size = 512, token 2760182 us.
chain_length = 2, payload_size = 512, token 7490077 us.
chain_length = 2, payload_size = 512, token 2046836 us.
chain_length = 2, payload_size = 512, token 885542 us.
chain_length = 2, payload_size = 512, token 18767 us.
chain_length = 2, payload_size = 512, token 45876 us.
chain_length = 2, payload_size = 512, token 6074947 us.
chain_length = 2, payload_size = 512, token 2009653 us.
chain_length = 2, payload_size = 512, token 5329428 us.
chain_length = 2, payload_size = 512, token 2054448 us.
chain_length = 2, payload_size = 512, token 3204546 us.
chain_length = 2, payload_size = 512, token 8085000 us.
chain_length = 2, payload_size = 512, token 28433 us.
chain_length = 2, payload_size = 512, token 7694873 us.
chain_length = 2, payload_size = 512, token 5233367 us.
chain_length = 2, payload_size = 512, token 6553148 us.
chain_length = 2, payload_size = 512, token 4148416 us.
chain_length = 2, payload_size = 512, token 2157252 us.
chain_length = 2, payload_size = 512, token 48577 us.
chain_length = 2, payload_size = 512, token 2048725 us.
chain_length = 2, payload_size = 512, token 7971021 us.
chain_length = 2, payload_size = 512, token 1314116 us.
chain_length = 2, payload_size = 512, token 7476687 us.
chain_length = 2, payload_size = 512, token 2055138 us.
chain_length = 2, payload_size = 512, token 5580002 us.
chain_length = 2, payload_size = 512, token 81788 us.
chain_length = 2, payload_size = 512, token 2038541 us.
chain_length = 2, payload_size = 512, token 18199 us.
chain_length = 2, payload_size = 512, token 5746570 us.
chain_length = 2, payload_size = 512, token 29740 us.
chain_length = 2, payload_size = 512, token 5630793 us.
chain_length = 2, payload_size = 512, token 2066079 us.
chain_length = 2, payload_size = 512, token 2658269 us.
chain_length = 2, payload_size = 512, token 19095 us.
chain_length = 2, payload_size = 512, token 2057554 us.
chain_length = 2, payload_size = 512, token 2101940 us.
chain_length = 2, payload_size = 512, token 6757584 us.
chain_length = 2, payload_size = 512, token 4426847 us.
chain_length = 2, payload_size = 512, token 4271750 us.
chain_length = 2, payload_size = 512, token 41255 us.
chain_length = 2, payload_size = 512, token 5614646 us.
chain_length = 2, payload_size = 512, token 8017423 us.
chain_length = 2, payload_size = 512, token 6305490 us.
chain_length = 2, payload_size = 512, token 8751100 us.
chain_length = 2, payload_size = 512, token 60934 us.
chain_length = 2, payload_size = 512, token 6046684 us.
chain_length = 2, payload_size = 512, token 2063228 us.
chain_length = 2, payload_size = 512, token 10806256 us.
chain_length = 2, payload_size = 512, token 16838 us.
chain_length = 2, payload_size = 512, token 2100465 us.
chain_length = 2, payload_size = 512, token 722496 us.
chain_length = 2, payload_size = 512, token 1037008 us.
chain_length = 2, payload_size = 512, token 5795029 us.
chain_length = 2, payload_size = 512, token 1190914 us.
chain_length = 2, payload_size = 512, token 4741421 us.
chain_length = 2, payload_size = 512, token 67312 us.
chain_length = 2, payload_size = 512, token 7139902 us.
chain_length = 2, payload_size = 512, token 17715 us.
chain_length = 2, payload_size = 512, token 8666224 us.
chain_length = 2, payload_size = 512, token 43564 us.
chain_length = 2, payload_size = 512, token 537216 us.
chain_length = 2, payload_size = 512, token 2139898 us.
chain_length = 2, payload_size = 512, token 9504303 us.
chain_length = 2, payload_size = 512, token 5055134 us.
chain_length = 2, payload_size = 512, token 10253610 us.
chain_length = 2, payload_size = 512, token 2131758 us.
chain_length = 2, payload_size = 512, token 6200887 us.
chain_length = 2, payload_size = 512, token 6042983 us.
chain_length = 2, payload_size = 512, token 2094162 us.
chain_length = 2, payload_size = 512, token 6209188 us.
chain_length = 2, payload_size = 512, token 2091300 us.
chain_length = 2, payload_size = 512, token 9111034 us.
chain_length = 2, payload_size = 512, token 2087753 us.
chain_length = 2, payload_size = 512, token 2767436 us.
chain_length = 2, payload_size = 512, token 6002252 us.
chain_length = 2, payload_size = 512, token 30212 us.
chain_length = 2, payload_size = 512, token 25691 us.
chain_length = 2, payload_size = 512, token 74777 us.
chain_length = 2, payload_size = 512, token 11588100 us.
chain_length = 2, payload_size = 512, token 70846 us.
chain_length = 2, payload_size = 512, token 6410464 us.
chain_length = 2, payload_size = 512, token 5800675 us.
chain_length = 2, payload_size = 512, token 2115889 us.
chain_length = 2, payload_size = 512, token 10242921 us.
chain_length = 2, payload_size = 512, token 26824 us.
chain_length = 2, payload_size = 512, token 2825095 us.
chain_length = 2, payload_size = 512, token 8001749 us.
chain_length = 2, payload_size = 512, token 2151232 us.
chain_length = 2, payload_size = 512, token 17563 us.
chain_length = 2, payload_size = 512, token 4976454 us.
chain_length = 2, payload_size = 512, token 12819469 us.
chain_length = 2, payload_size = 512, token 9474122 us.
chain_length = 2, payload_size = 512, token 7409697 us.
chain_length = 2, payload_size = 512, token 11940193 us.
chain_length = 2, payload_size = 512, token 44070 us.
chain_length = 2, payload_size = 512, token 8342638 us.
chain_length = 2, payload_size = 512, token 2726168 us.
chain_length = 2, payload_size = 512, token 10947914 us.
chain_length = 2, payload_size = 512, token 4313492 us.
chain_length = 2, payload_size = 512, token 10382249 us.
chain_length = 2, payload_size = 512, token 2949845 us.
chain_length = 2, payload_size = 512, token 2399268 us.
chain_length = 2, payload_size = 512, token 4765824 us.
chain_length = 2, payload_size = 512, token 2245064 us.
chain_length = 2, payload_size = 512, token 10990795 us.
chain_length = 2, payload_size = 512, token 51956 us.
chain_length = 2, payload_size = 512, token 173148 us.
chain_length = 2, payload_size = 512, token 10533130 us.
chain_length = 2, payload_size = 512, token 7473985 us.
chain_length = 2, payload_size = 512, token 27288 us.
chain_length = 2, payload_size = 512, token 6270807 us.
chain_length = 2, payload_size = 512, token 266228 us.
chain_length = 2, payload_size = 512, token 286892 us.
chain_length = 2, payload_size = 512, token 12011433 us.
chain_length = 2, payload_size = 512, token 2110909 us.
chain_length = 2, payload_size = 512, token 18409 us.
chain_length = 2, payload_size = 512, token 12087176 us.
chain_length = 2, payload_size = 512, token 4172013 us.
chain_length = 2, payload_size = 512, token 35068 us.
chain_length = 2, payload_size = 512, token 40743 us.
chain_length = 2, payload_size = 512, token 2094317 us.
chain_length = 2, payload_size = 512, token 6588056 us.
chain_length = 2, payload_size = 512, token 4168746 us.
chain_length = 2, payload_size = 512, token 2055934 us.
chain_length = 2, payload_size = 512, token 8131056 us.
chain_length = 2, payload_size = 512, token 4172505 us.
chain_length = 2, payload_size = 512, token 6778717 us.
chain_length = 2, payload_size = 512, token 11074964 us.
chain_length = 2, payload_size = 512, token 20859 us.
chain_length = 2, payload_size = 512, token 12254183 us.
chain_length = 2, payload_size = 512, token 5510336 us.
chain_length = 2, payload_size = 512, token 1981848 us.
chain_length = 2, payload_size = 512, token 24553 us.
chain_length = 2, payload_size = 512, token 1950485 us.
chain_length = 2, payload_size = 512, token 10664791 us.
chain_length = 2, payload_size = 512, token 36065 us.
chain_length = 2, payload_size = 512, token 4048002 us.
chain_length = 2, payload_size = 512, token 6544318 us.
chain_length = 2, payload_size = 512, token 4271309 us.
chain_length = 2, payload_size = 512, token 53285 us.
chain_length = 2, payload_size = 512, token 11738737 us.
chain_length = 2, payload_size = 512, token 8973142 us.
chain_length = 2, payload_size = 512, token 4240736 us.
chain_length = 2, payload_size = 512, token 7594206 us.
chain_length = 2, payload_size = 512, token 3982972 us.
chain_length = 2, payload_size = 512, token 36120 us.
chain_length = 2, payload_size = 512, token 4015571 us.
chain_length = 2, payload_size = 512, token 52030 us.
chain_length = 2, payload_size = 512, token 13488347 us.
chain_length = 2, payload_size = 512, token 1857558 us.
chain_length = 2, payload_size = 512, token 8089163 us.
chain_length = 2, payload_size = 512, token 4201829 us.
chain_length = 2, payload_size = 512, token 5133730 us.
chain_length = 2, payload_size = 512, token 59902 us.
chain_length = 2, payload_size = 512, token 9644649 us.
chain_length = 2, payload_size = 512, token 20460 us.
chain_length = 2, payload_size = 512, token 6206027 us.
chain_length = 2, payload_size = 512, token 12832233 us.
chain_length = 2, payload_size = 512, token 7767645 us.
chain_length = 2, payload_size = 512, token 8168284 us.
chain_length = 2, payload_size = 512, token 7842540 us.
chain_length = 2, payload_size = 512, token 13401470 us.
chain_length = 2, payload_size = 512, token 11780957 us.
chain_length = 2, payload_size = 512, token 10332967 us.
chain_length = 2, payload_size = 512, token 1852643 us.
chain_length = 2, payload_size = 512, token 8377907 us.
chain_length = 2, payload_size = 512, token 12819135 us.
chain_length = 2, payload_size = 512, token 3984106 us.
chain_length = 2, payload_size = 512, token 1856792 us.
chain_length = 2, payload_size = 512, token 4553551 us.
chain_length = 2, payload_size = 512, token 7840963 us.
chain_length = 2, payload_size = 512, token 3979165 us.
chain_length = 2, payload_size = 512, token 3856402 us.
chain_length = 2, payload_size = 512, token 1782017 us.
chain_length = 2, payload_size = 512, token 3895615 us.
chain_length = 2, payload_size = 512, token 1750095 us.
chain_length = 2, payload_size = 512, token 31614 us.
chain_length = 2, payload_size = 512, token 7497394 us.
chain_length = 2, payload_size = 512, token 12151877 us.
chain_length = 2, payload_size = 512, token 1764582 us.
chain_length = 2, payload_size = 512, token 1692235 us.
chain_length = 2, payload_size = 512, token 5033145 us.
chain_length = 2, payload_size = 512, token 3873658 us.
chain_length = 2, payload_size = 512, token 996859 us.
chain_length = 2, payload_size = 512, token 6986938 us.
chain_length = 2, payload_size = 512, token 8048985 us.
chain_length = 2, payload_size = 512, token 7938570 us.
chain_length = 2, payload_size = 512, token 11306181 us.
chain_length = 2, payload_size = 512, token 12262011 us.
chain_length = 2, payload_size = 512, token 25823 us.
chain_length = 2, payload_size = 512, token 3918185 us.
chain_length = 2, payload_size = 512, token 6517372 us.
chain_length = 2, payload_size = 512, token 13158148 us.
chain_length = 2, payload_size = 512, token 28373 us.
chain_length = 2, payload_size = 512, token 14637242 us.
chain_length = 2, payload_size = 512, token 3820259 us.
chain_length = 2, payload_size = 512, token 254519 us.
chain_length = 2, payload_size = 512, token 6077684 us.
chain_length = 2, payload_size = 512, token 8499380 us.
chain_length = 2, payload_size = 512, token 6755773 us.
chain_length = 2, payload_size = 512, token 3709364 us.
chain_length = 2, payload_size = 512, token 52142 us.
chain_length = 2, payload_size = 512, token 11543612 us.
chain_length = 2, payload_size = 512, token 3675208 us.
chain_length = 2, payload_size = 512, token 6074328 us.
chain_length = 2, payload_size = 512, token 5698894 us.
chain_length = 2, payload_size = 512, token 9231319 us.
chain_length = 2, payload_size = 512, token 164068 us.
chain_length = 2, payload_size = 512, token 20817 us.
chain_length = 2, payload_size = 512, token 13282748 us.
chain_length = 2, payload_size = 512, token 8403478 us.
chain_length = 2, payload_size = 512, token 3540412 us.
chain_length = 2, payload_size = 512, token 47136 us.
chain_length = 2, payload_size = 512, token 9857074 us.
chain_length = 2, payload_size = 512, token 9114228 us.
chain_length = 2, payload_size = 512, token 1586368 us.
chain_length = 2, payload_size = 512, token 496807 us.
chain_length = 2, payload_size = 512, token 3553754 us.
chain_length = 2, payload_size = 512, token 9508079 us.
chain_length = 2, payload_size = 512, token 8065397 us.
chain_length = 2, payload_size = 512, token 5722139 us.
chain_length = 2, payload_size = 512, token 3471379 us.
chain_length = 2, payload_size = 512, token 613776 us.
chain_length = 2, payload_size = 512, token 7463646 us.
chain_length = 2, payload_size = 512, token 11763036 us.
chain_length = 2, payload_size = 512, token 5902514 us.
chain_length = 2, payload_size = 512, token 9364003 us.
chain_length = 2, payload_size = 512, token 11870203 us.
chain_length = 2, payload_size = 512, token 8360167 us.
chain_length = 2, payload_size = 512, token 15677601 us.
chain_length = 2, payload_size = 512, token 3241279 us.
chain_length = 2, payload_size = 512, token 5962067 us.
chain_length = 2, payload_size = 512, token 10701205 us.
chain_length = 2, payload_size = 512, token 12046255 us.
chain_length = 2, payload_size = 512, token 1352513 us.
chain_length = 2, payload_size = 512, token 9094845 us.
chain_length = 2, payload_size = 512, token 34253 us.
chain_length = 2, payload_size = 512, token 11068838 us.
chain_length = 2, payload_size = 512, token 9749482 us.
chain_length = 2, payload_size = 512, token 12099559 us.
chain_length = 2, payload_size = 512, token 1305304 us.
chain_length = 2, payload_size = 512, token 1312897 us.
chain_length = 2, payload_size = 512, token 3273925 us.
chain_length = 2, payload_size = 512, token 4914427 us.
chain_length = 2, payload_size = 512, token 1164037 us.
chain_length = 2, payload_size = 512, token 82878 us.
chain_length = 2, payload_size = 512, token 20895 us.
chain_length = 2, payload_size = 512, token 4832911 us.
chain_length = 2, payload_size = 512, token 8410204 us.
chain_length = 2, payload_size = 512, token 1080915 us.
chain_length = 2, payload_size = 512, token 3734137 us.
chain_length = 2, payload_size = 512, token 4808111 us.
chain_length = 2, payload_size = 512, token 7094877 us.
chain_length = 2, payload_size = 512, token 8927074 us.
chain_length = 2, payload_size = 512, token 6589909 us.
chain_length = 2, payload_size = 512, token 2590081 us.
chain_length = 2, payload_size = 512, token 1146114 us.
chain_length = 2, payload_size = 512, token 6496789 us.
chain_length = 2, payload_size = 512, token 9004808 us.
chain_length = 2, payload_size = 512, token 1048333 us.
chain_length = 2, payload_size = 512, token 11206051 us.
chain_length = 2, payload_size = 512, token 14552825 us.
chain_length = 2, payload_size = 512, token 10571732 us.
chain_length = 2, payload_size = 512, token 5669741 us.
chain_length = 2, payload_size = 512, token 11786353 us.
chain_length = 2, payload_size = 512, token 11916942 us.
chain_length = 2, payload_size = 512, token 8256455 us.
chain_length = 2, payload_size = 512, token 4483009 us.
chain_length = 2, payload_size = 512, token 8324598 us.
chain_length = 2, payload_size = 512, token 8023791 us.
chain_length = 2, payload_size = 512, token 4121394 us.
chain_length = 2, payload_size = 512, token 11139285 us.
chain_length = 2, payload_size = 512, token 8488749 us.
chain_length = 2, payload_size = 512, token 2215942 us.
chain_length = 2, payload_size = 512, token 7880096 us.
chain_length = 2, payload_size = 512, token 9983331 us.
chain_length = 2, payload_size = 512, token 7732222 us.
chain_length = 2, payload_size = 512, token 8217298 us.
chain_length = 2, payload_size = 512, token 12425963 us.
chain_length = 2, payload_size = 512, token 14649330 us.
chain_length = 2, payload_size = 512, token 10105914 us.
chain_length = 2, payload_size = 512, token 9991440 us.
chain_length = 2, payload_size = 512, token 8653157 us.
chain_length = 2, payload_size = 512, token 827750 us.
chain_length = 2, payload_size = 512, token 7499313 us.
chain_length = 2, payload_size = 512, token 13171690 us.
chain_length = 2, payload_size = 512, token 746625 us.
chain_length = 2, payload_size = 512, token 9379295 us.
chain_length = 2, payload_size = 512, token 65894 us.
chain_length = 2, payload_size = 512, token 5042433 us.
chain_length = 2, payload_size = 512, token 617371 us.
chain_length = 2, payload_size = 512, token 700322 us.
chain_length = 2, payload_size = 512, token 14569910 us.
chain_length = 2, payload_size = 512, token 6745930 us.
chain_length = 2, payload_size = 512, token 15562853 us.
chain_length = 2, payload_size = 512, token 6832844 us.
chain_length = 2, payload_size = 512, token 2752427 us.
chain_length = 2, payload_size = 512, token 14637972 us.
chain_length = 2, payload_size = 512, token 12417132 us.
chain_length = 2, payload_size = 512, token 8051390 us.
chain_length = 2, payload_size = 512, token 6815122 us.
chain_length = 2, payload_size = 512, token 5979212 us.
chain_length = 2, payload_size = 512, token 12304198 us.
chain_length = 2, payload_size = 512, token 2729215 us.
chain_length = 2, payload_size = 512, token 3844989 us.
chain_length = 2, payload_size = 512, token 14405354 us.
chain_length = 2, payload_size = 512, token 1216220 us.
chain_length = 2, payload_size = 512, token 1358857 us.
chain_length = 2, payload_size = 512, token 1205813 us.
chain_length = 2, payload_size = 512, token 5477384 us.
chain_length = 2, payload_size = 512, token 17105380 us.
chain_length = 2, payload_size = 512, token 9953848 us.
chain_length = 2, payload_size = 512, token 3546166 us.
chain_length = 2, payload_size = 512, token 1155212 us.
chain_length = 2, payload_size = 512, token 7796704 us.
chain_length = 2, payload_size = 512, token 2069122 us.
chain_length = 2, payload_size = 512, token 3407628 us.
chain_length = 2, payload_size = 512, token 11015173 us.
chain_length = 2, payload_size = 512, token 1128074 us.
chain_length = 2, payload_size = 512, token 5364747 us.
chain_length = 2, payload_size = 512, token 5389353 us.
chain_length = 2, payload_size = 512, token 38974 us.
chain_length = 2, payload_size = 512, token 457703 us.
chain_length = 2, payload_size = 512, token 1917471 us.
chain_length = 2, payload_size = 512, token 39070 us.
chain_length = 2, payload_size = 512, token 4976228 us.
chain_length = 2, payload_size = 512, token 4827576 us.
chain_length = 2, payload_size = 512, token 1846418 us.
chain_length = 2, payload_size = 512, token 7378992 us.
chain_length = 2, payload_size = 512, token 6824716 us.
chain_length = 2, payload_size = 512, token 1002936 us.
chain_length = 2, payload_size = 512, token 6714370 us.
chain_length = 2, payload_size = 512, token 5809531 us.
chain_length = 2, payload_size = 512, token 4477592 us.
chain_length = 2, payload_size = 512, token 17136087 us.
chain_length = 2, payload_size = 512, token 4455460 us.
chain_length = 2, payload_size = 512, token 8652132 us.
chain_length = 2, payload_size = 512, token 6235318 us.
chain_length = 2, payload_size = 512, token 1678142 us.
chain_length = 2, payload_size = 512, token 13069541 us.
chain_length = 2, payload_size = 512, token 339435 us.
chain_length = 2, payload_size = 512, token 7847686 us.
chain_length = 2, payload_size = 512, token 6569586 us.
chain_length = 2, payload_size = 512, token 3866178 us.
chain_length = 2, payload_size = 512, token 10010355 us.
chain_length = 2, payload_size = 512, token 6495087 us.
chain_length = 2, payload_size = 512, token 14890531 us.
chain_length = 2, payload_size = 512, token 6959089 us.
chain_length = 2, payload_size = 512, token 7774272 us.
chain_length = 2, payload_size = 512, token 7439881 us.
chain_length = 2, payload_size = 512, token 1984081 us.
chain_length = 2, payload_size = 512, token 1226925 us.
chain_length = 2, payload_size = 512, token 6050623 us.
chain_length = 2, payload_size = 512, token 581434 us.
chain_length = 2, payload_size = 512, token 1804544 us.
chain_length = 2, payload_size = 512, token 519721 us.
chain_length = 2, payload_size = 512, token 616673 us.
chain_length = 2, payload_size = 512, token 9688769 us.
chain_length = 2, payload_size = 512, token 6552185 us.
chain_length = 2, payload_size = 512, token 6364 us.
chain_length = 2, payload_size = 512, token 17046045 us.
chain_length = 2, payload_size = 512, token 2689644 us.
chain_length = 2, payload_size = 512, token 5634119 us.
chain_length = 2, payload_size = 512, token 8296 us.
chain_length = 2, payload_size = 512, token 10298 us.
chain_length = 2, payload_size = 512, token 15254853 us.
chain_length = 2, payload_size = 512, token 8033239 us.
chain_length = 2, payload_size = 512, token 855453 us.
chain_length = 2, payload_size = 512, token 8056627 us.
chain_length = 2, payload_size = 512, token 2393613 us.
chain_length = 2, payload_size = 512, token 13180743 us.
chain_length = 2, payload_size = 512, token 13349368 us.
chain_length = 2, payload_size = 512, token 15772835 us.
chain_length = 2, payload_size = 512, token 38134 us.
chain_length = 2, payload_size = 512, token 7763690 us.
chain_length = 2, payload_size = 512, token 1508089 us.
chain_length = 2, payload_size = 512, token 8200353 us.
chain_length = 2, payload_size = 512, token 5478589 us.
chain_length = 2, payload_size = 512, token 52882 us.
