Read file config.yml
Running executor...
Loaded function exp00_back. lib_load_elasped: 154, func_load_elasped: 2
chain_length = 2, payload_size = 512, token 12421 us.
chain_length = 2, payload_size = 512, token 4749 us.
chain_length = 2, payload_size = 512, token 6871 us.
Loaded function exp00_front. lib_load_elasped: 140, func_load_elasped: 1
chain_length = 2, payload_size = 512, token 41527 us.
chain_length = 2, payload_size = 512, token 11517 us.
chain_length = 2, payload_size = 512, token 46873 us.
chain_length = 2, payload_size = 512, token 47836 us.
chain_length = 2, payload_size = 512, token 34665 us.
chain_length = 2, payload_size = 512, token 75639 us.
chain_length = 2, payload_size = 512, token 18428 us.
chain_length = 2, payload_size = 512, token 86788 us.
chain_length = 2, payload_size = 512, token 837271 us.
chain_length = 2, payload_size = 512, token 349780 us.
chain_length = 2, payload_size = 512, token 28819 us.
chain_length = 2, payload_size = 512, token 25205 us.
chain_length = 2, payload_size = 512, token 39526 us.
chain_length = 2, payload_size = 512, token 536785 us.
chain_length = 2, payload_size = 512, token 1453011 us.
chain_length = 2, payload_size = 512, token 1518124 us.
chain_length = 2, payload_size = 512, token 91842 us.
chain_length = 2, payload_size = 512, token 1825755 us.
chain_length = 2, payload_size = 512, token 931909 us.
chain_length = 2, payload_size = 512, token 2046395 us.
chain_length = 2, payload_size = 512, token 23889 us.
chain_length = 2, payload_size = 512, token 30021 us.
chain_length = 2, payload_size = 512, token 1501526 us.
chain_length = 2, payload_size = 512, token 137718 us.
chain_length = 2, payload_size = 512, token 186267 us.
chain_length = 2, payload_size = 512, token 3230696 us.
chain_length = 2, payload_size = 512, token 27675 us.
chain_length = 2, payload_size = 512, token 86168 us.
chain_length = 2, payload_size = 512, token 2230067 us.
chain_length = 2, payload_size = 512, token 1068781 us.
chain_length = 2, payload_size = 512, token 2783528 us.
chain_length = 2, payload_size = 512, token 1014689 us.
chain_length = 2, payload_size = 512, token 1686685 us.
chain_length = 2, payload_size = 512, token 55131 us.
chain_length = 2, payload_size = 512, token 4565298 us.
chain_length = 2, payload_size = 512, token 1540902 us.
chain_length = 2, payload_size = 512, token 3687890 us.
chain_length = 2, payload_size = 512, token 73240 us.
chain_length = 2, payload_size = 512, token 52876 us.
chain_length = 2, payload_size = 512, token 2437812 us.
chain_length = 2, payload_size = 512, token 3516281 us.
chain_length = 2, payload_size = 512, token 3498857 us.
chain_length = 2, payload_size = 512, token 2756990 us.
chain_length = 2, payload_size = 512, token 46636 us.
chain_length = 2, payload_size = 512, token 3264149 us.
chain_length = 2, payload_size = 512, token 51425 us.
chain_length = 2, payload_size = 512, token 123936 us.
chain_length = 2, payload_size = 512, token 4766757 us.
chain_length = 2, payload_size = 512, token 2182504 us.
chain_length = 2, payload_size = 512, token 1635776 us.
chain_length = 2, payload_size = 512, token 3053171 us.
chain_length = 2, payload_size = 512, token 2234119 us.
chain_length = 2, payload_size = 512, token 2477113 us.
chain_length = 2, payload_size = 512, token 3677506 us.
chain_length = 2, payload_size = 512, token 1494023 us.
chain_length = 2, payload_size = 512, token 4883248 us.
chain_length = 2, payload_size = 512, token 839236 us.
chain_length = 2, payload_size = 512, token 76376 us.
chain_length = 2, payload_size = 512, token 26049 us.
chain_length = 2, payload_size = 512, token 4041969 us.
chain_length = 2, payload_size = 512, token 60346 us.
chain_length = 2, payload_size = 512, token 1488249 us.
chain_length = 2, payload_size = 512, token 2014768 us.
chain_length = 2, payload_size = 512, token 89521 us.
chain_length = 2, payload_size = 512, token 1499901 us.
chain_length = 2, payload_size = 512, token 4106720 us.
chain_length = 2, payload_size = 512, token 1514223 us.
chain_length = 2, payload_size = 512, token 3994097 us.
chain_length = 2, payload_size = 512, token 1563457 us.
chain_length = 2, payload_size = 512, token 19745 us.
chain_length = 2, payload_size = 512, token 103881 us.
chain_length = 2, payload_size = 512, token 58284 us.
chain_length = 2, payload_size = 512, token 6048044 us.
chain_length = 2, payload_size = 512, token 75111 us.
chain_length = 2, payload_size = 512, token 121743 us.
chain_length = 2, payload_size = 512, token 5701294 us.
chain_length = 2, payload_size = 512, token 2928904 us.
chain_length = 2, payload_size = 512, token 21721 us.
chain_length = 2, payload_size = 512, token 759997 us.
chain_length = 2, payload_size = 512, token 6557941 us.
chain_length = 2, payload_size = 512, token 4784366 us.
chain_length = 2, payload_size = 512, token 3629014 us.
chain_length = 2, payload_size = 512, token 23410 us.
chain_length = 2, payload_size = 512, token 33710 us.
chain_length = 2, payload_size = 512, token 21376 us.
chain_length = 2, payload_size = 512, token 4297067 us.
chain_length = 2, payload_size = 512, token 44715 us.
chain_length = 2, payload_size = 512, token 3952999 us.
chain_length = 2, payload_size = 512, token 5240403 us.
chain_length = 2, payload_size = 512, token 3279633 us.
chain_length = 2, payload_size = 512, token 24438 us.
chain_length = 2, payload_size = 512, token 68805 us.
chain_length = 2, payload_size = 512, token 3838532 us.
chain_length = 2, payload_size = 512, token 22129 us.
chain_length = 2, payload_size = 512, token 21555 us.
chain_length = 2, payload_size = 512, token 8455013 us.
chain_length = 2, payload_size = 512, token 23872 us.
chain_length = 2, payload_size = 512, token 36440 us.
chain_length = 2, payload_size = 512, token 4472681 us.
chain_length = 2, payload_size = 512, token 52650 us.
chain_length = 2, payload_size = 512, token 99495 us.
chain_length = 2, payload_size = 512, token 3882739 us.
chain_length = 2, payload_size = 512, token 6117779 us.
chain_length = 2, payload_size = 512, token 1991939 us.
chain_length = 2, payload_size = 512, token 2005736 us.
chain_length = 2, payload_size = 512, token 6848047 us.
chain_length = 2, payload_size = 512, token 50103 us.
chain_length = 2, payload_size = 512, token 28638 us.
chain_length = 2, payload_size = 512, token 990880 us.
chain_length = 2, payload_size = 512, token 32275 us.
chain_length = 2, payload_size = 512, token 2031212 us.
chain_length = 2, payload_size = 512, token 2609705 us.
chain_length = 2, payload_size = 512, token 6095964 us.
chain_length = 2, payload_size = 512, token 26483 us.
chain_length = 2, payload_size = 512, token 5501154 us.
chain_length = 2, payload_size = 512, token 834628 us.
chain_length = 2, payload_size = 512, token 21446 us.
chain_length = 2, payload_size = 512, token 7907993 us.
chain_length = 2, payload_size = 512, token 273989 us.
chain_length = 2, payload_size = 512, token 8158736 us.
chain_length = 2, payload_size = 512, token 5933836 us.
chain_length = 2, payload_size = 512, token 3732178 us.
chain_length = 2, payload_size = 512, token 17072 us.
chain_length = 2, payload_size = 512, token 3821123 us.
chain_length = 2, payload_size = 512, token 9179307 us.
chain_length = 2, payload_size = 512, token 5017840 us.
chain_length = 2, payload_size = 512, token 10317338 us.
chain_length = 2, payload_size = 512, token 55584 us.
chain_length = 2, payload_size = 512, token 2060255 us.
chain_length = 2, payload_size = 512, token 5439300 us.
chain_length = 2, payload_size = 512, token 4164967 us.
chain_length = 2, payload_size = 512, token 2079283 us.
chain_length = 2, payload_size = 512, token 4356831 us.
chain_length = 2, payload_size = 512, token 24109 us.
chain_length = 2, payload_size = 512, token 2551404 us.
chain_length = 2, payload_size = 512, token 2090061 us.
chain_length = 2, payload_size = 512, token 76068 us.
chain_length = 2, payload_size = 512, token 1323490 us.
chain_length = 2, payload_size = 512, token 602767 us.
chain_length = 2, payload_size = 512, token 22572 us.
chain_length = 2, payload_size = 512, token 4042789 us.
chain_length = 2, payload_size = 512, token 25783 us.
chain_length = 2, payload_size = 512, token 17886 us.
chain_length = 2, payload_size = 512, token 570684 us.
chain_length = 2, payload_size = 512, token 2173843 us.
chain_length = 2, payload_size = 512, token 24288 us.
chain_length = 2, payload_size = 512, token 92184 us.
chain_length = 2, payload_size = 512, token 3331516 us.
chain_length = 2, payload_size = 512, token 2471144 us.
chain_length = 2, payload_size = 512, token 5677422 us.
chain_length = 2, payload_size = 512, token 7598552 us.
chain_length = 2, payload_size = 512, token 70519 us.
chain_length = 2, payload_size = 512, token 32198 us.
chain_length = 2, payload_size = 512, token 48781 us.
chain_length = 2, payload_size = 512, token 5724366 us.
chain_length = 2, payload_size = 512, token 4080400 us.
chain_length = 2, payload_size = 512, token 6358108 us.
chain_length = 2, payload_size = 512, token 2127517 us.
chain_length = 2, payload_size = 512, token 5487807 us.
chain_length = 2, payload_size = 512, token 11073240 us.
chain_length = 2, payload_size = 512, token 108585 us.
chain_length = 2, payload_size = 512, token 30692 us.
chain_length = 2, payload_size = 512, token 4181923 us.
chain_length = 2, payload_size = 512, token 75277 us.
chain_length = 2, payload_size = 512, token 2120350 us.
chain_length = 2, payload_size = 512, token 22277 us.
chain_length = 2, payload_size = 512, token 22098 us.
chain_length = 2, payload_size = 512, token 4971359 us.
chain_length = 2, payload_size = 512, token 2780367 us.
chain_length = 2, payload_size = 512, token 30626 us.
chain_length = 2, payload_size = 512, token 8219600 us.
chain_length = 2, payload_size = 512, token 12703781 us.
chain_length = 2, payload_size = 512, token 10189040 us.
chain_length = 2, payload_size = 512, token 5245441 us.
chain_length = 2, payload_size = 512, token 7513478 us.
chain_length = 2, payload_size = 512, token 11288924 us.
chain_length = 2, payload_size = 512, token 19383 us.
chain_length = 2, payload_size = 512, token 2103428 us.
chain_length = 2, payload_size = 512, token 4165915 us.
chain_length = 2, payload_size = 512, token 2165432 us.
chain_length = 2, payload_size = 512, token 16430 us.
chain_length = 2, payload_size = 512, token 18870 us.
chain_length = 2, payload_size = 512, token 4182596 us.
chain_length = 2, payload_size = 512, token 3406639 us.
chain_length = 2, payload_size = 512, token 9667673 us.
chain_length = 2, payload_size = 512, token 4197073 us.
chain_length = 2, payload_size = 512, token 12974039 us.
chain_length = 2, payload_size = 512, token 2075398 us.
chain_length = 2, payload_size = 512, token 11648621 us.
chain_length = 2, payload_size = 512, token 10735866 us.
chain_length = 2, payload_size = 512, token 9835282 us.
chain_length = 2, payload_size = 512, token 61583 us.
chain_length = 2, payload_size = 512, token 75675 us.
chain_length = 2, payload_size = 512, token 9590564 us.
chain_length = 2, payload_size = 512, token 44630 us.
chain_length = 2, payload_size = 512, token 4511570 us.
chain_length = 2, payload_size = 512, token 28032 us.
chain_length = 2, payload_size = 512, token 13470103 us.
chain_length = 2, payload_size = 512, token 6908891 us.
chain_length = 2, payload_size = 512, token 38102 us.
chain_length = 2, payload_size = 512, token 46377 us.
chain_length = 2, payload_size = 512, token 25862 us.
chain_length = 2, payload_size = 512, token 4303087 us.
chain_length = 2, payload_size = 512, token 1911710 us.
chain_length = 2, payload_size = 512, token 12261305 us.
chain_length = 2, payload_size = 512, token 27302 us.
chain_length = 2, payload_size = 512, token 7341968 us.
chain_length = 2, payload_size = 512, token 1891474 us.
chain_length = 2, payload_size = 512, token 3981154 us.
chain_length = 2, payload_size = 512, token 5978276 us.
chain_length = 2, payload_size = 512, token 22488 us.
chain_length = 2, payload_size = 512, token 1869145 us.
chain_length = 2, payload_size = 512, token 15646 us.
chain_length = 2, payload_size = 512, token 13029847 us.
chain_length = 2, payload_size = 512, token 30941 us.
chain_length = 2, payload_size = 512, token 4195981 us.
chain_length = 2, payload_size = 512, token 7773026 us.
chain_length = 2, payload_size = 512, token 27452 us.
chain_length = 2, payload_size = 512, token 1966788 us.
chain_length = 2, payload_size = 512, token 1917588 us.
chain_length = 2, payload_size = 512, token 4217539 us.
chain_length = 2, payload_size = 512, token 6041465 us.
chain_length = 2, payload_size = 512, token 13444221 us.
chain_length = 2, payload_size = 512, token 1904772 us.
chain_length = 2, payload_size = 512, token 8061025 us.
chain_length = 2, payload_size = 512, token 27136 us.
chain_length = 2, payload_size = 512, token 7531058 us.
chain_length = 2, payload_size = 512, token 12333226 us.
chain_length = 2, payload_size = 512, token 7799603 us.
chain_length = 2, payload_size = 512, token 3976594 us.
chain_length = 2, payload_size = 512, token 13140383 us.
chain_length = 2, payload_size = 512, token 2885073 us.
chain_length = 2, payload_size = 512, token 10369109 us.
chain_length = 2, payload_size = 512, token 3925881 us.
chain_length = 2, payload_size = 512, token 12121114 us.
chain_length = 2, payload_size = 512, token 11952954 us.
chain_length = 2, payload_size = 512, token 41103 us.
chain_length = 2, payload_size = 512, token 10006654 us.
chain_length = 2, payload_size = 512, token 7001128 us.
chain_length = 2, payload_size = 512, token 3905841 us.
chain_length = 2, payload_size = 512, token 70112 us.
chain_length = 2, payload_size = 512, token 1776752 us.
chain_length = 2, payload_size = 512, token 1792927 us.
chain_length = 2, payload_size = 512, token 46485 us.
chain_length = 2, payload_size = 512, token 63480 us.
chain_length = 2, payload_size = 512, token 7785700 us.
chain_length = 2, payload_size = 512, token 1772584 us.
chain_length = 2, payload_size = 512, token 6429799 us.
chain_length = 2, payload_size = 512, token 12266513 us.
chain_length = 2, payload_size = 512, token 1781357 us.
chain_length = 2, payload_size = 512, token 18165 us.
chain_length = 2, payload_size = 512, token 24950 us.
chain_length = 2, payload_size = 512, token 8606264 us.
chain_length = 2, payload_size = 512, token 13917290 us.
chain_length = 2, payload_size = 512, token 3853666 us.
chain_length = 2, payload_size = 512, token 1763994 us.
chain_length = 2, payload_size = 512, token 7103925 us.
chain_length = 2, payload_size = 512, token 9711366 us.
chain_length = 2, payload_size = 512, token 1723538 us.
chain_length = 2, payload_size = 512, token 5898544 us.
chain_length = 2, payload_size = 512, token 5862571 us.
chain_length = 2, payload_size = 512, token 11452503 us.
chain_length = 2, payload_size = 512, token 146645 us.
chain_length = 2, payload_size = 512, token 3678043 us.
chain_length = 2, payload_size = 512, token 5819881 us.
chain_length = 2, payload_size = 512, token 30028 us.
chain_length = 2, payload_size = 512, token 5651338 us.
chain_length = 2, payload_size = 512, token 5666766 us.
chain_length = 2, payload_size = 512, token 4017531 us.
chain_length = 2, payload_size = 512, token 1633402 us.
chain_length = 2, payload_size = 512, token 13161653 us.
chain_length = 2, payload_size = 512, token 2586883 us.
chain_length = 2, payload_size = 512, token 1608459 us.
chain_length = 2, payload_size = 512, token 9771268 us.
chain_length = 2, payload_size = 512, token 3521094 us.
chain_length = 2, payload_size = 512, token 3446107 us.
chain_length = 2, payload_size = 512, token 4204027 us.
chain_length = 2, payload_size = 512, token 35055 us.
chain_length = 2, payload_size = 512, token 49250 us.
chain_length = 2, payload_size = 512, token 1689987 us.
chain_length = 2, payload_size = 512, token 3713278 us.
chain_length = 2, payload_size = 512, token 24463 us.
chain_length = 2, payload_size = 512, token 7827241 us.
chain_length = 2, payload_size = 512, token 1430318 us.
chain_length = 2, payload_size = 512, token 13938560 us.
chain_length = 2, payload_size = 512, token 9113876 us.
chain_length = 2, payload_size = 512, token 8464984 us.
chain_length = 2, payload_size = 512, token 7305917 us.
chain_length = 2, payload_size = 512, token 3201002 us.
chain_length = 2, payload_size = 512, token 13740624 us.
chain_length = 2, payload_size = 512, token 1306579 us.
chain_length = 2, payload_size = 512, token 5819365 us.
chain_length = 2, payload_size = 512, token 3212389 us.
chain_length = 2, payload_size = 512, token 5130866 us.
chain_length = 2, payload_size = 512, token 26667 us.
chain_length = 2, payload_size = 512, token 123547 us.
chain_length = 2, payload_size = 512, token 3024587 us.
chain_length = 2, payload_size = 512, token 1137563 us.
chain_length = 2, payload_size = 512, token 11156728 us.
chain_length = 2, payload_size = 512, token 4890766 us.
chain_length = 2, payload_size = 512, token 10890455 us.
chain_length = 2, payload_size = 512, token 23028 us.
chain_length = 2, payload_size = 512, token 39447 us.
chain_length = 2, payload_size = 512, token 10276350 us.
chain_length = 2, payload_size = 512, token 6421541 us.
chain_length = 2, payload_size = 512, token 1127783 us.
chain_length = 2, payload_size = 512, token 11325522 us.
chain_length = 2, payload_size = 512, token 10909977 us.
chain_length = 2, payload_size = 512, token 9156002 us.
chain_length = 2, payload_size = 512, token 33472 us.
chain_length = 2, payload_size = 512, token 9937291 us.
chain_length = 2, payload_size = 512, token 4427314 us.
chain_length = 2, payload_size = 512, token 15687190 us.
chain_length = 2, payload_size = 512, token 40212 us.
chain_length = 2, payload_size = 512, token 987265 us.
chain_length = 2, payload_size = 512, token 25818 us.
chain_length = 2, payload_size = 512, token 7750466 us.
chain_length = 2, payload_size = 512, token 8472633 us.
chain_length = 2, payload_size = 512, token 14133853 us.
chain_length = 2, payload_size = 512, token 2430200 us.
chain_length = 2, payload_size = 512, token 15760867 us.
chain_length = 2, payload_size = 512, token 6253455 us.
chain_length = 2, payload_size = 512, token 2130854 us.
chain_length = 2, payload_size = 512, token 13103057 us.
chain_length = 2, payload_size = 512, token 1980488 us.
chain_length = 2, payload_size = 512, token 58376 us.
chain_length = 2, payload_size = 512, token 5867642 us.
chain_length = 2, payload_size = 512, token 5690147 us.
chain_length = 2, payload_size = 512, token 1880378 us.
chain_length = 2, payload_size = 512, token 3558150 us.
chain_length = 2, payload_size = 512, token 815277 us.
chain_length = 2, payload_size = 512, token 8375585 us.
chain_length = 2, payload_size = 512, token 16860032 us.
chain_length = 2, payload_size = 512, token 789659 us.
chain_length = 2, payload_size = 512, token 7353055 us.
chain_length = 2, payload_size = 512, token 6942489 us.
chain_length = 2, payload_size = 512, token 4929775 us.
chain_length = 2, payload_size = 512, token 5415804 us.
chain_length = 2, payload_size = 512, token 643566 us.
chain_length = 2, payload_size = 512, token 10362659 us.
chain_length = 2, payload_size = 512, token 12158570 us.
chain_length = 2, payload_size = 512, token 4605480 us.
chain_length = 2, payload_size = 512, token 6823115 us.
chain_length = 2, payload_size = 512, token 10442241 us.
chain_length = 2, payload_size = 512, token 8831107 us.
chain_length = 2, payload_size = 512, token 10638144 us.
chain_length = 2, payload_size = 512, token 10417089 us.
chain_length = 2, payload_size = 512, token 11550648 us.
chain_length = 2, payload_size = 512, token 8149062 us.
chain_length = 2, payload_size = 512, token 4211416 us.
chain_length = 2, payload_size = 512, token 6079584 us.
chain_length = 2, payload_size = 512, token 14429198 us.
chain_length = 2, payload_size = 512, token 570269 us.
chain_length = 2, payload_size = 512, token 1257749 us.
chain_length = 2, payload_size = 512, token 23484 us.
chain_length = 2, payload_size = 512, token 5702153 us.
chain_length = 2, payload_size = 512, token 9194742 us.
chain_length = 2, payload_size = 512, token 3678370 us.
chain_length = 2, payload_size = 512, token 8477762 us.
chain_length = 2, payload_size = 512, token 15880085 us.
chain_length = 2, payload_size = 512, token 9997372 us.
chain_length = 2, payload_size = 512, token 12649437 us.
chain_length = 2, payload_size = 512, token 8064713 us.
chain_length = 2, payload_size = 512, token 493095 us.
chain_length = 2, payload_size = 512, token 3428341 us.
chain_length = 2, payload_size = 512, token 1944198 us.
chain_length = 2, payload_size = 512, token 5480108 us.
chain_length = 2, payload_size = 512, token 5134212 us.
chain_length = 2, payload_size = 512, token 18409 us.
chain_length = 2, payload_size = 512, token 3688449 us.
chain_length = 2, payload_size = 512, token 4007036 us.
chain_length = 2, payload_size = 512, token 5095085 us.
chain_length = 2, payload_size = 512, token 7559290 us.
chain_length = 2, payload_size = 512, token 434371 us.
chain_length = 2, payload_size = 512, token 9299447 us.
chain_length = 2, payload_size = 512, token 18901 us.
chain_length = 2, payload_size = 512, token 10053941 us.
chain_length = 2, payload_size = 512, token 4475100 us.
chain_length = 2, payload_size = 512, token 6506840 us.
chain_length = 2, payload_size = 512, token 6542626 us.
chain_length = 2, payload_size = 512, token 47500 us.
chain_length = 2, payload_size = 512, token 4370314 us.
chain_length = 2, payload_size = 512, token 10888247 us.
chain_length = 2, payload_size = 512, token 851029 us.
chain_length = 2, payload_size = 512, token 16035050 us.
chain_length = 2, payload_size = 512, token 378306 us.
chain_length = 2, payload_size = 512, token 325238 us.
chain_length = 2, payload_size = 512, token 10150450 us.
chain_length = 2, payload_size = 512, token 6368795 us.
chain_length = 2, payload_size = 512, token 10243886 us.
chain_length = 2, payload_size = 512, token 9740247 us.
chain_length = 2, payload_size = 512, token 11615198 us.
chain_length = 2, payload_size = 512, token 10818098 us.
chain_length = 2, payload_size = 512, token 14649162 us.
chain_length = 2, payload_size = 512, token 8487891 us.
chain_length = 2, payload_size = 512, token 111717 us.
chain_length = 2, payload_size = 512, token 10276504 us.
chain_length = 2, payload_size = 512, token 2123678 us.
chain_length = 2, payload_size = 512, token 369555 us.
chain_length = 2, payload_size = 512, token 1806821 us.
chain_length = 2, payload_size = 512, token 12134934 us.
chain_length = 2, payload_size = 512, token 3883143 us.
chain_length = 2, payload_size = 512, token 10362882 us.
chain_length = 2, payload_size = 512, token 7955925 us.
chain_length = 2, payload_size = 512, token 8448672 us.
chain_length = 2, payload_size = 512, token 5689013 us.
chain_length = 2, payload_size = 512, token 575804 us.
chain_length = 2, payload_size = 512, token 15447506 us.
chain_length = 2, payload_size = 512, token 11363158 us.
chain_length = 2, payload_size = 512, token 5597087 us.
chain_length = 2, payload_size = 512, token 11600287 us.
chain_length = 2, payload_size = 512, token 13673303 us.
chain_length = 2, payload_size = 512, token 6782526 us.
chain_length = 2, payload_size = 512, token 11855974 us.
chain_length = 2, payload_size = 512, token 6963 us.
chain_length = 2, payload_size = 512, token 5422 us.
chain_length = 2, payload_size = 512, token 1582517 us.
chain_length = 2, payload_size = 512, token 12280804 us.
chain_length = 2, payload_size = 512, token 5604706 us.
chain_length = 2, payload_size = 512, token 8736 us.
chain_length = 2, payload_size = 512, token 7690078 us.
chain_length = 2, payload_size = 512, token 10459 us.
chain_length = 2, payload_size = 512, token 11135942 us.
chain_length = 2, payload_size = 512, token 11249219 us.
chain_length = 2, payload_size = 512, token 143386 us.
chain_length = 2, payload_size = 512, token 299607 us.
chain_length = 2, payload_size = 512, token 10375035 us.
chain_length = 2, payload_size = 512, token 6535551 us.
chain_length = 2, payload_size = 512, token 6299774 us.
chain_length = 2, payload_size = 512, token 109481 us.
chain_length = 2, payload_size = 512, token 11417244 us.
chain_length = 2, payload_size = 512, token 7468440 us.
