Read file config.yml
Running executor...
Loaded function exp00_back. lib_load_elasped: 169, func_load_elasped: 3
chain_length = 2, payload_size = 512, token 7759 us.
chain_length = 2, payload_size = 512, token 13408 us.
chain_length = 2, payload_size = 512, token 6700 us.
Loaded function exp00_front. lib_load_elasped: 337, func_load_elasped: 1
chain_length = 2, payload_size = 512, token 29015 us.
chain_length = 2, payload_size = 512, token 31072 us.
chain_length = 2, payload_size = 512, token 16994 us.
chain_length = 2, payload_size = 512, token 106220 us.
chain_length = 2, payload_size = 512, token 130482 us.
chain_length = 2, payload_size = 512, token 408673 us.
chain_length = 2, payload_size = 512, token 25630 us.
chain_length = 2, payload_size = 512, token 251188 us.
chain_length = 2, payload_size = 512, token 521698 us.
chain_length = 2, payload_size = 512, token 208341 us.
chain_length = 2, payload_size = 512, token 562066 us.
chain_length = 2, payload_size = 512, token 511070 us.
chain_length = 2, payload_size = 512, token 1146346 us.
chain_length = 2, payload_size = 512, token 31953 us.
chain_length = 2, payload_size = 512, token 1511832 us.
chain_length = 2, payload_size = 512, token 597197 us.
chain_length = 2, payload_size = 512, token 68492 us.
chain_length = 2, payload_size = 512, token 1802797 us.
chain_length = 2, payload_size = 512, token 1984033 us.
chain_length = 2, payload_size = 512, token 860394 us.
chain_length = 2, payload_size = 512, token 34499 us.
chain_length = 2, payload_size = 512, token 2375897 us.
chain_length = 2, payload_size = 512, token 1936802 us.
chain_length = 2, payload_size = 512, token 772484 us.
chain_length = 2, payload_size = 512, token 3976744 us.
chain_length = 2, payload_size = 512, token 3595976 us.
chain_length = 2, payload_size = 512, token 2079730 us.
chain_length = 2, payload_size = 512, token 176047 us.
chain_length = 2, payload_size = 512, token 3489616 us.
chain_length = 2, payload_size = 512, token 45473 us.
chain_length = 2, payload_size = 512, token 54454 us.
chain_length = 2, payload_size = 512, token 4027655 us.
chain_length = 2, payload_size = 512, token 981251 us.
chain_length = 2, payload_size = 512, token 60923 us.
chain_length = 2, payload_size = 512, token 30473 us.
chain_length = 2, payload_size = 512, token 21258 us.
chain_length = 2, payload_size = 512, token 24193 us.
chain_length = 2, payload_size = 512, token 20149 us.
chain_length = 2, payload_size = 512, token 28011 us.
chain_length = 2, payload_size = 512, token 2495393 us.
chain_length = 2, payload_size = 512, token 72884 us.
chain_length = 2, payload_size = 512, token 140430 us.
chain_length = 2, payload_size = 512, token 39086 us.
chain_length = 2, payload_size = 512, token 17258 us.
chain_length = 2, payload_size = 512, token 25971 us.
chain_length = 2, payload_size = 512, token 11729 us.
chain_length = 2, payload_size = 512, token 2014739 us.
chain_length = 2, payload_size = 512, token 3430361 us.
chain_length = 2, payload_size = 512, token 164998 us.
chain_length = 2, payload_size = 512, token 17732 us.
chain_length = 2, payload_size = 512, token 16482 us.
chain_length = 2, payload_size = 512, token 20179 us.
chain_length = 2, payload_size = 512, token 40456 us.
chain_length = 2, payload_size = 512, token 23032 us.
chain_length = 2, payload_size = 512, token 1273430 us.
chain_length = 2, payload_size = 512, token 4075552 us.
chain_length = 2, payload_size = 512, token 2918854 us.
chain_length = 2, payload_size = 512, token 1815237 us.
chain_length = 2, payload_size = 512, token 2780820 us.
chain_length = 2, payload_size = 512, token 3161007 us.
chain_length = 2, payload_size = 512, token 4986007 us.
chain_length = 2, payload_size = 512, token 2751956 us.
chain_length = 2, payload_size = 512, token 113332 us.
chain_length = 2, payload_size = 512, token 1353843 us.
chain_length = 2, payload_size = 512, token 6173770 us.
chain_length = 2, payload_size = 512, token 132380 us.
chain_length = 2, payload_size = 512, token 2013410 us.
chain_length = 2, payload_size = 512, token 5706710 us.
chain_length = 2, payload_size = 512, token 5425711 us.
chain_length = 2, payload_size = 512, token 3882581 us.
chain_length = 2, payload_size = 512, token 68179 us.
chain_length = 2, payload_size = 512, token 43029 us.
chain_length = 2, payload_size = 512, token 57975 us.
chain_length = 2, payload_size = 512, token 5783688 us.
chain_length = 2, payload_size = 512, token 4152759 us.
chain_length = 2, payload_size = 512, token 5026908 us.
chain_length = 2, payload_size = 512, token 35121 us.
chain_length = 2, payload_size = 512, token 112297 us.
chain_length = 2, payload_size = 512, token 1625882 us.
chain_length = 2, payload_size = 512, token 1636718 us.
chain_length = 2, payload_size = 512, token 4309246 us.
chain_length = 2, payload_size = 512, token 26271 us.
chain_length = 2, payload_size = 512, token 52374 us.
chain_length = 2, payload_size = 512, token 1443751 us.
chain_length = 2, payload_size = 512, token 1724815 us.
chain_length = 2, payload_size = 512, token 49808 us.
chain_length = 2, payload_size = 512, token 7774239 us.
chain_length = 2, payload_size = 512, token 4355027 us.
chain_length = 2, payload_size = 512, token 6020724 us.
chain_length = 2, payload_size = 512, token 17258 us.
chain_length = 2, payload_size = 512, token 4552029 us.
chain_length = 2, payload_size = 512, token 6553586 us.
chain_length = 2, payload_size = 512, token 50694 us.
chain_length = 2, payload_size = 512, token 1524884 us.
chain_length = 2, payload_size = 512, token 48949 us.
chain_length = 2, payload_size = 512, token 1907525 us.
chain_length = 2, payload_size = 512, token 8127024 us.
chain_length = 2, payload_size = 512, token 69871 us.
chain_length = 2, payload_size = 512, token 1886052 us.
chain_length = 2, payload_size = 512, token 114984 us.
chain_length = 2, payload_size = 512, token 807035 us.
chain_length = 2, payload_size = 512, token 2628328 us.
chain_length = 2, payload_size = 512, token 38497 us.
chain_length = 2, payload_size = 512, token 17884 us.
chain_length = 2, payload_size = 512, token 5941354 us.
chain_length = 2, payload_size = 512, token 68352 us.
chain_length = 2, payload_size = 512, token 4726327 us.
chain_length = 2, payload_size = 512, token 192154 us.
chain_length = 2, payload_size = 512, token 91067 us.
chain_length = 2, payload_size = 512, token 37196 us.
chain_length = 2, payload_size = 512, token 4248948 us.
chain_length = 2, payload_size = 512, token 2638327 us.
chain_length = 2, payload_size = 512, token 5525196 us.
chain_length = 2, payload_size = 512, token 5843669 us.
chain_length = 2, payload_size = 512, token 9962148 us.
chain_length = 2, payload_size = 512, token 2598755 us.
chain_length = 2, payload_size = 512, token 4706094 us.
chain_length = 2, payload_size = 512, token 75665 us.
chain_length = 2, payload_size = 512, token 9439157 us.
chain_length = 2, payload_size = 512, token 2020445 us.
chain_length = 2, payload_size = 512, token 9085854 us.
chain_length = 2, payload_size = 512, token 27379 us.
chain_length = 2, payload_size = 512, token 19227 us.
chain_length = 2, payload_size = 512, token 3819306 us.
chain_length = 2, payload_size = 512, token 36472 us.
chain_length = 2, payload_size = 512, token 6477766 us.
chain_length = 2, payload_size = 512, token 6253230 us.
chain_length = 2, payload_size = 512, token 7886767 us.
chain_length = 2, payload_size = 512, token 270011 us.
chain_length = 2, payload_size = 512, token 7711927 us.
chain_length = 2, payload_size = 512, token 9421426 us.
chain_length = 2, payload_size = 512, token 8215780 us.
chain_length = 2, payload_size = 512, token 1281818 us.
chain_length = 2, payload_size = 512, token 4581243 us.
chain_length = 2, payload_size = 512, token 6152759 us.
chain_length = 2, payload_size = 512, token 869036 us.
chain_length = 2, payload_size = 512, token 586498 us.
chain_length = 2, payload_size = 512, token 2918323 us.
chain_length = 2, payload_size = 512, token 2063522 us.
chain_length = 2, payload_size = 512, token 9874434 us.
chain_length = 2, payload_size = 512, token 45428 us.
chain_length = 2, payload_size = 512, token 64779 us.
chain_length = 2, payload_size = 512, token 3138818 us.
chain_length = 2, payload_size = 512, token 18841 us.
chain_length = 2, payload_size = 512, token 42672 us.
chain_length = 2, payload_size = 512, token 10802050 us.
chain_length = 2, payload_size = 512, token 2132140 us.
chain_length = 2, payload_size = 512, token 15802 us.
chain_length = 2, payload_size = 512, token 6479179 us.
chain_length = 2, payload_size = 512, token 2083523 us.
chain_length = 2, payload_size = 512, token 3995715 us.
chain_length = 2, payload_size = 512, token 39654 us.
chain_length = 2, payload_size = 512, token 17559 us.
chain_length = 2, payload_size = 512, token 7545396 us.
chain_length = 2, payload_size = 512, token 4730199 us.
chain_length = 2, payload_size = 512, token 26097 us.
chain_length = 2, payload_size = 512, token 18924 us.
chain_length = 2, payload_size = 512, token 17537 us.
chain_length = 2, payload_size = 512, token 2157752 us.
chain_length = 2, payload_size = 512, token 5597703 us.
chain_length = 2, payload_size = 512, token 42764 us.
chain_length = 2, payload_size = 512, token 4047063 us.
chain_length = 2, payload_size = 512, token 2121190 us.
chain_length = 2, payload_size = 512, token 2127500 us.
chain_length = 2, payload_size = 512, token 11217198 us.
chain_length = 2, payload_size = 512, token 4704917 us.
chain_length = 2, payload_size = 512, token 6180545 us.
chain_length = 2, payload_size = 512, token 6475184 us.
chain_length = 2, payload_size = 512, token 9342791 us.
chain_length = 2, payload_size = 512, token 8023710 us.
chain_length = 2, payload_size = 512, token 4072101 us.
chain_length = 2, payload_size = 512, token 5847492 us.
chain_length = 2, payload_size = 512, token 2147169 us.
chain_length = 2, payload_size = 512, token 6051623 us.
chain_length = 2, payload_size = 512, token 10668096 us.
chain_length = 2, payload_size = 512, token 9587490 us.
chain_length = 2, payload_size = 512, token 5304421 us.
chain_length = 2, payload_size = 512, token 5210533 us.
chain_length = 2, payload_size = 512, token 5469446 us.
chain_length = 2, payload_size = 512, token 3368974 us.
chain_length = 2, payload_size = 512, token 8762098 us.
chain_length = 2, payload_size = 512, token 3406050 us.
chain_length = 2, payload_size = 512, token 9092771 us.
chain_length = 2, payload_size = 512, token 2300845 us.
chain_length = 2, payload_size = 512, token 7848777 us.
chain_length = 2, payload_size = 512, token 22948 us.
chain_length = 2, payload_size = 512, token 7431442 us.
chain_length = 2, payload_size = 512, token 6305447 us.
chain_length = 2, payload_size = 512, token 34473 us.
chain_length = 2, payload_size = 512, token 19542 us.
chain_length = 2, payload_size = 512, token 6292562 us.
chain_length = 2, payload_size = 512, token 7019064 us.
chain_length = 2, payload_size = 512, token 2360769 us.
chain_length = 2, payload_size = 512, token 8808493 us.
chain_length = 2, payload_size = 512, token 2115586 us.
chain_length = 2, payload_size = 512, token 3639782 us.
chain_length = 2, payload_size = 512, token 7813947 us.
chain_length = 2, payload_size = 512, token 5835077 us.
chain_length = 2, payload_size = 512, token 4953839 us.
chain_length = 2, payload_size = 512, token 4132426 us.
chain_length = 2, payload_size = 512, token 2699612 us.
chain_length = 2, payload_size = 512, token 4162604 us.
chain_length = 2, payload_size = 512, token 4209602 us.
chain_length = 2, payload_size = 512, token 4348697 us.
chain_length = 2, payload_size = 512, token 2119047 us.
chain_length = 2, payload_size = 512, token 6136966 us.
chain_length = 2, payload_size = 512, token 11798821 us.
chain_length = 2, payload_size = 512, token 2133674 us.
chain_length = 2, payload_size = 512, token 11820084 us.
chain_length = 2, payload_size = 512, token 66666 us.
chain_length = 2, payload_size = 512, token 6067563 us.
chain_length = 2, payload_size = 512, token 4169960 us.
chain_length = 2, payload_size = 512, token 2764949 us.
chain_length = 2, payload_size = 512, token 9758090 us.
chain_length = 2, payload_size = 512, token 10315576 us.
chain_length = 2, payload_size = 512, token 6109206 us.
chain_length = 2, payload_size = 512, token 4568558 us.
chain_length = 2, payload_size = 512, token 6706645 us.
chain_length = 2, payload_size = 512, token 49458 us.
chain_length = 2, payload_size = 512, token 17787 us.
chain_length = 2, payload_size = 512, token 33707 us.
chain_length = 2, payload_size = 512, token 4520762 us.
chain_length = 2, payload_size = 512, token 10497003 us.
chain_length = 2, payload_size = 512, token 2030494 us.
chain_length = 2, payload_size = 512, token 6568991 us.
chain_length = 2, payload_size = 512, token 4121694 us.
chain_length = 2, payload_size = 512, token 6053075 us.
chain_length = 2, payload_size = 512, token 4124788 us.
chain_length = 2, payload_size = 512, token 8684416 us.
chain_length = 2, payload_size = 512, token 8274358 us.
chain_length = 2, payload_size = 512, token 8486446 us.
chain_length = 2, payload_size = 512, token 13641541 us.
chain_length = 2, payload_size = 512, token 5608461 us.
chain_length = 2, payload_size = 512, token 13031801 us.
chain_length = 2, payload_size = 512, token 7032549 us.
chain_length = 2, payload_size = 512, token 20054 us.
chain_length = 2, payload_size = 512, token 6095297 us.
chain_length = 2, payload_size = 512, token 1991839 us.
chain_length = 2, payload_size = 512, token 6587618 us.
chain_length = 2, payload_size = 512, token 1976748 us.
chain_length = 2, payload_size = 512, token 6014129 us.
chain_length = 2, payload_size = 512, token 4009115 us.
chain_length = 2, payload_size = 512, token 5228505 us.
chain_length = 2, payload_size = 512, token 1946429 us.
chain_length = 2, payload_size = 512, token 4197525 us.
chain_length = 2, payload_size = 512, token 236650 us.
chain_length = 2, payload_size = 512, token 1902536 us.
chain_length = 2, payload_size = 512, token 71381 us.
chain_length = 2, payload_size = 512, token 8125902 us.
chain_length = 2, payload_size = 512, token 7183129 us.
chain_length = 2, payload_size = 512, token 11534509 us.
chain_length = 2, payload_size = 512, token 11041173 us.
chain_length = 2, payload_size = 512, token 13337891 us.
chain_length = 2, payload_size = 512, token 1893771 us.
chain_length = 2, payload_size = 512, token 1901872 us.
chain_length = 2, payload_size = 512, token 4003329 us.
chain_length = 2, payload_size = 512, token 10377717 us.
chain_length = 2, payload_size = 512, token 9067227 us.
chain_length = 2, payload_size = 512, token 1887101 us.
chain_length = 2, payload_size = 512, token 3994418 us.
chain_length = 2, payload_size = 512, token 8626248 us.
chain_length = 2, payload_size = 512, token 9134470 us.
chain_length = 2, payload_size = 512, token 4560161 us.
chain_length = 2, payload_size = 512, token 11931629 us.
chain_length = 2, payload_size = 512, token 11978753 us.
chain_length = 2, payload_size = 512, token 7037726 us.
chain_length = 2, payload_size = 512, token 13552 us.
chain_length = 2, payload_size = 512, token 7976574 us.
chain_length = 2, payload_size = 512, token 4210530 us.
chain_length = 2, payload_size = 512, token 39363 us.
chain_length = 2, payload_size = 512, token 3972451 us.
chain_length = 2, payload_size = 512, token 108892 us.
chain_length = 2, payload_size = 512, token 23186 us.
chain_length = 2, payload_size = 512, token 6425165 us.
chain_length = 2, payload_size = 512, token 6943285 us.
chain_length = 2, payload_size = 512, token 30169 us.
chain_length = 2, payload_size = 512, token 1916469 us.
chain_length = 2, payload_size = 512, token 4399467 us.
chain_length = 2, payload_size = 512, token 6005148 us.
chain_length = 2, payload_size = 512, token 10859115 us.
chain_length = 2, payload_size = 512, token 3987072 us.
chain_length = 2, payload_size = 512, token 6434894 us.
chain_length = 2, payload_size = 512, token 4116974 us.
chain_length = 2, payload_size = 512, token 6024953 us.
chain_length = 2, payload_size = 512, token 3951062 us.
chain_length = 2, payload_size = 512, token 12964543 us.
chain_length = 2, payload_size = 512, token 29744 us.
chain_length = 2, payload_size = 512, token 5990139 us.
chain_length = 2, payload_size = 512, token 23511 us.
chain_length = 2, payload_size = 512, token 5908393 us.
chain_length = 2, payload_size = 512, token 5894392 us.
chain_length = 2, payload_size = 512, token 3875936 us.
chain_length = 2, payload_size = 512, token 13854953 us.
chain_length = 2, payload_size = 512, token 26829 us.
chain_length = 2, payload_size = 512, token 11188196 us.
chain_length = 2, payload_size = 512, token 7329310 us.
chain_length = 2, payload_size = 512, token 6914700 us.
chain_length = 2, payload_size = 512, token 1758696 us.
chain_length = 2, payload_size = 512, token 1755637 us.
chain_length = 2, payload_size = 512, token 10140200 us.
chain_length = 2, payload_size = 512, token 14486 us.
chain_length = 2, payload_size = 512, token 12986232 us.
chain_length = 2, payload_size = 512, token 326245 us.
chain_length = 2, payload_size = 512, token 45244 us.
chain_length = 2, payload_size = 512, token 3824799 us.
chain_length = 2, payload_size = 512, token 14536 us.
chain_length = 2, payload_size = 512, token 12412 us.
chain_length = 2, payload_size = 512, token 4657506 us.
chain_length = 2, payload_size = 512, token 7543205 us.
chain_length = 2, payload_size = 512, token 1753432 us.
chain_length = 2, payload_size = 512, token 13845829 us.
chain_length = 2, payload_size = 512, token 68369 us.
chain_length = 2, payload_size = 512, token 8670334 us.
chain_length = 2, payload_size = 512, token 1798640 us.
chain_length = 2, payload_size = 512, token 5388555 us.
chain_length = 2, payload_size = 512, token 7593233 us.
chain_length = 2, payload_size = 512, token 6684625 us.
chain_length = 2, payload_size = 512, token 10484674 us.
chain_length = 2, payload_size = 512, token 1736507 us.
chain_length = 2, payload_size = 512, token 3674809 us.
chain_length = 2, payload_size = 512, token 6689483 us.
chain_length = 2, payload_size = 512, token 11157326 us.
chain_length = 2, payload_size = 512, token 5718384 us.
chain_length = 2, payload_size = 512, token 9178329 us.
chain_length = 2, payload_size = 512, token 1672457 us.
chain_length = 2, payload_size = 512, token 1672231 us.
chain_length = 2, payload_size = 512, token 13312094 us.
chain_length = 2, payload_size = 512, token 7600510 us.
chain_length = 2, payload_size = 512, token 3560382 us.
chain_length = 2, payload_size = 512, token 5691434 us.
chain_length = 2, payload_size = 512, token 10934308 us.
chain_length = 2, payload_size = 512, token 9441220 us.
chain_length = 2, payload_size = 512, token 3988796 us.
chain_length = 2, payload_size = 512, token 1585056 us.
chain_length = 2, payload_size = 512, token 5823952 us.
chain_length = 2, payload_size = 512, token 30433 us.
chain_length = 2, payload_size = 512, token 13847988 us.
chain_length = 2, payload_size = 512, token 6955289 us.
chain_length = 2, payload_size = 512, token 6705580 us.
chain_length = 2, payload_size = 512, token 3311799 us.
chain_length = 2, payload_size = 512, token 11095891 us.
chain_length = 2, payload_size = 512, token 9945304 us.
chain_length = 2, payload_size = 512, token 13673222 us.
chain_length = 2, payload_size = 512, token 9865530 us.
chain_length = 2, payload_size = 512, token 1412443 us.
chain_length = 2, payload_size = 512, token 5409502 us.
chain_length = 2, payload_size = 512, token 13634394 us.
chain_length = 2, payload_size = 512, token 7272214 us.
chain_length = 2, payload_size = 512, token 1330868 us.
chain_length = 2, payload_size = 512, token 9772512 us.
chain_length = 2, payload_size = 512, token 3743130 us.
chain_length = 2, payload_size = 512, token 9976780 us.
chain_length = 2, payload_size = 512, token 45788 us.
chain_length = 2, payload_size = 512, token 4963796 us.
chain_length = 2, payload_size = 512, token 8957866 us.
chain_length = 2, payload_size = 512, token 1174511 us.
chain_length = 2, payload_size = 512, token 14528194 us.
chain_length = 2, payload_size = 512, token 9110326 us.
chain_length = 2, payload_size = 512, token 1112812 us.
chain_length = 2, payload_size = 512, token 59924 us.
chain_length = 2, payload_size = 512, token 2792651 us.
chain_length = 2, payload_size = 512, token 4824426 us.
chain_length = 2, payload_size = 512, token 6407955 us.
chain_length = 2, payload_size = 512, token 1143994 us.
chain_length = 2, payload_size = 512, token 6821598 us.
chain_length = 2, payload_size = 512, token 4736410 us.
chain_length = 2, payload_size = 512, token 6166936 us.
chain_length = 2, payload_size = 512, token 9717572 us.
chain_length = 2, payload_size = 512, token 1108925 us.
chain_length = 2, payload_size = 512, token 4535617 us.
chain_length = 2, payload_size = 512, token 1037504 us.
chain_length = 2, payload_size = 512, token 2664548 us.
chain_length = 2, payload_size = 512, token 2605591 us.
chain_length = 2, payload_size = 512, token 10535376 us.
chain_length = 2, payload_size = 512, token 8454610 us.
chain_length = 2, payload_size = 512, token 9142220 us.
chain_length = 2, payload_size = 512, token 6503138 us.
chain_length = 2, payload_size = 512, token 4473139 us.
chain_length = 2, payload_size = 512, token 9074403 us.
chain_length = 2, payload_size = 512, token 8827132 us.
chain_length = 2, payload_size = 512, token 12134638 us.
chain_length = 2, payload_size = 512, token 53391 us.
chain_length = 2, payload_size = 512, token 13018100 us.
chain_length = 2, payload_size = 512, token 14640762 us.
chain_length = 2, payload_size = 512, token 6463919 us.
chain_length = 2, payload_size = 512, token 4206509 us.
chain_length = 2, payload_size = 512, token 10617825 us.
chain_length = 2, payload_size = 512, token 6455319 us.
chain_length = 2, payload_size = 512, token 9023950 us.
chain_length = 2, payload_size = 512, token 6475924 us.
chain_length = 2, payload_size = 512, token 10178748 us.
chain_length = 2, payload_size = 512, token 16256958 us.
chain_length = 2, payload_size = 512, token 9763134 us.
chain_length = 2, payload_size = 512, token 9970808 us.
chain_length = 2, payload_size = 512, token 4110291 us.
chain_length = 2, payload_size = 512, token 4085039 us.
chain_length = 2, payload_size = 512, token 9853520 us.
chain_length = 2, payload_size = 512, token 910471 us.
chain_length = 2, payload_size = 512, token 4009615 us.
chain_length = 2, payload_size = 512, token 2227841 us.
chain_length = 2, payload_size = 512, token 1006859 us.
chain_length = 2, payload_size = 512, token 10352164 us.
chain_length = 2, payload_size = 512, token 1972375 us.
chain_length = 2, payload_size = 512, token 2019545 us.
chain_length = 2, payload_size = 512, token 856069 us.
chain_length = 2, payload_size = 512, token 117508 us.
chain_length = 2, payload_size = 512, token 32638 us.
chain_length = 2, payload_size = 512, token 7582949 us.
chain_length = 2, payload_size = 512, token 36047 us.
chain_length = 2, payload_size = 512, token 9808950 us.
chain_length = 2, payload_size = 512, token 10843208 us.
chain_length = 2, payload_size = 512, token 10142719 us.
chain_length = 2, payload_size = 512, token 1668297 us.
chain_length = 2, payload_size = 512, token 7136136 us.
chain_length = 2, payload_size = 512, token 9396695 us.
chain_length = 2, payload_size = 512, token 15008396 us.
chain_length = 2, payload_size = 512, token 1589320 us.
chain_length = 2, payload_size = 512, token 8920682 us.
chain_length = 2, payload_size = 512, token 4849006 us.
chain_length = 2, payload_size = 512, token 684183 us.
chain_length = 2, payload_size = 512, token 7677035 us.
chain_length = 2, payload_size = 512, token 6917735 us.
chain_length = 2, payload_size = 512, token 611210 us.
chain_length = 2, payload_size = 512, token 10406801 us.
chain_length = 2, payload_size = 512, token 4440826 us.
chain_length = 2, payload_size = 512, token 11031359 us.
chain_length = 2, payload_size = 512, token 4327039 us.
chain_length = 2, payload_size = 512, token 2579161 us.
chain_length = 2, payload_size = 512, token 6213185 us.
chain_length = 2, payload_size = 512, token 1366395 us.
chain_length = 2, payload_size = 512, token 2427715 us.
chain_length = 2, payload_size = 512, token 13443295 us.
chain_length = 2, payload_size = 512, token 11301815 us.
chain_length = 2, payload_size = 512, token 6698897 us.
chain_length = 2, payload_size = 512, token 8027600 us.
chain_length = 2, payload_size = 512, token 11625640 us.
chain_length = 2, payload_size = 512, token 8186457 us.
chain_length = 2, payload_size = 512, token 5893349 us.
chain_length = 2, payload_size = 512, token 2381707 us.
chain_length = 2, payload_size = 512, token 1222858 us.
chain_length = 2, payload_size = 512, token 16325743 us.
chain_length = 2, payload_size = 512, token 10113072 us.
chain_length = 2, payload_size = 512, token 2330855 us.
chain_length = 2, payload_size = 512, token 18801 us.
chain_length = 2, payload_size = 512, token 9465395 us.
chain_length = 2, payload_size = 512, token 1203573 us.
chain_length = 2, payload_size = 512, token 13886890 us.
chain_length = 2, payload_size = 512, token 5316066 us.
chain_length = 2, payload_size = 512, token 5505472 us.
chain_length = 2, payload_size = 512, token 3323526 us.
chain_length = 2, payload_size = 512, token 1028833 us.
chain_length = 2, payload_size = 512, token 3134219 us.
chain_length = 2, payload_size = 512, token 12434066 us.
chain_length = 2, payload_size = 512, token 430476 us.
chain_length = 2, payload_size = 512, token 9474456 us.
chain_length = 2, payload_size = 512, token 6830343 us.
chain_length = 2, payload_size = 512, token 2866602 us.
chain_length = 2, payload_size = 512, token 8230314 us.
chain_length = 2, payload_size = 512, token 14992836 us.
chain_length = 2, payload_size = 512, token 6412533 us.
chain_length = 2, payload_size = 512, token 29610 us.
chain_length = 2, payload_size = 512, token 6905613 us.
chain_length = 2, payload_size = 512, token 7198816 us.
chain_length = 2, payload_size = 512, token 64210 us.
chain_length = 2, payload_size = 512, token 4130983 us.
chain_length = 2, payload_size = 512, token 9120773 us.
chain_length = 2, payload_size = 512, token 6494240 us.
chain_length = 2, payload_size = 512, token 9379551 us.
chain_length = 2, payload_size = 512, token 1565390 us.
chain_length = 2, payload_size = 512, token 2478239 us.
chain_length = 2, payload_size = 512, token 2269675 us.
chain_length = 2, payload_size = 512, token 29662 us.
chain_length = 2, payload_size = 512, token 397043 us.
chain_length = 2, payload_size = 512, token 5112387 us.
chain_length = 2, payload_size = 512, token 15722754 us.
chain_length = 2, payload_size = 512, token 1164802 us.
chain_length = 2, payload_size = 512, token 1954899 us.
chain_length = 2, payload_size = 512, token 26706 us.
chain_length = 2, payload_size = 512, token 8503997 us.
chain_length = 2, payload_size = 512, token 7986032 us.
chain_length = 2, payload_size = 512, token 11181371 us.
chain_length = 2, payload_size = 512, token 8801950 us.
chain_length = 2, payload_size = 512, token 540995 us.
chain_length = 2, payload_size = 512, token 8002515 us.
chain_length = 2, payload_size = 512, token 2597551 us.
chain_length = 2, payload_size = 512, token 6429 us.
chain_length = 2, payload_size = 512, token 442353 us.
chain_length = 2, payload_size = 512, token 15518626 us.
chain_length = 2, payload_size = 512, token 7102 us.
chain_length = 2, payload_size = 512, token 15263438 us.
chain_length = 2, payload_size = 512, token 3816807 us.
chain_length = 2, payload_size = 512, token 7371 us.
chain_length = 2, payload_size = 512, token 87872 us.
chain_length = 2, payload_size = 512, token 90629 us.
chain_length = 2, payload_size = 512, token 14552020 us.
chain_length = 2, payload_size = 512, token 12240 us.
chain_length = 2, payload_size = 512, token 13720398 us.
chain_length = 2, payload_size = 512, token 5560 us.
chain_length = 2, payload_size = 512, token 1523500 us.
chain_length = 2, payload_size = 512, token 102198 us.
chain_length = 2, payload_size = 512, token 7664800 us.
chain_length = 2, payload_size = 512, token 262710 us.
chain_length = 2, payload_size = 512, token 7132122 us.
chain_length = 2, payload_size = 512, token 1582425 us.
chain_length = 2, payload_size = 512, token 3854041 us.
chain_length = 2, payload_size = 512, token 1252852 us.
chain_length = 2, payload_size = 512, token 13468602 us.
chain_length = 2, payload_size = 512, token 14187621 us.
chain_length = 2, payload_size = 512, token 101137 us.
chain_length = 2, payload_size = 512, token 467899 us.
chain_length = 2, payload_size = 512, token 5517136 us.
chain_length = 2, payload_size = 512, token 10186908 us.
chain_length = 2, payload_size = 512, token 4451501 us.
chain_length = 2, payload_size = 512, token 484242 us.
chain_length = 2, payload_size = 512, token 43535 us.
chain_length = 2, payload_size = 512, token 5682252 us.
chain_length = 2, payload_size = 512, token 3223581 us.
chain_length = 2, payload_size = 512, token 11165090 us.
chain_length = 2, payload_size = 512, token 7544181 us.
chain_length = 2, payload_size = 512, token 11913489 us.
chain_length = 2, payload_size = 512, token 482254 us.
chain_length = 2, payload_size = 512, token 8233269 us.
