Read file config.yml
Running executor...
Loaded function exp06_run_audit_24. lib_load_elasped: 216, func_load_elasped: 1
Loaded function exp06_run_audit_45. lib_load_elasped: 203, func_load_elasped: 1
Loaded function exp06_run_audit_28. lib_load_elasped: 178, func_load_elasped: 0
Loaded function exp06_run_audit_10. lib_load_elasped: 159, func_load_elasped: 0
Loaded function exp06_run_audit_43. lib_load_elasped: 169, func_load_elasped: 1
Loaded function exp06_run_audit_8. lib_load_elasped: 257, func_load_elasped: 1
Loaded function exp06_run_audit_11. lib_load_elasped: 323, func_load_elasped: 1
Loaded function exp06_run_audit_32. lib_load_elasped: 229, func_load_elasped: 1
Loaded function exp06_run_audit_47. lib_load_elasped: 203, func_load_elasped: 1
Loaded function exp06_run_audit_31. lib_load_elasped: 219, func_load_elasped: 1
Loaded function exp06_run_audit_76. lib_load_elasped: 152, func_load_elasped: 0
Loaded function exp06_run_audit_55. lib_load_elasped: 194, func_load_elasped: 1
Loaded function exp06_run_audit_63. lib_load_elasped: 231, func_load_elasped: 1
Loaded function exp06_run_audit_67. lib_load_elasped: 216, func_load_elasped: 1
Loaded function exp06_run_audit_33. lib_load_elasped: 264, func_load_elasped: 1
Loaded function exp06_run_audit_62. lib_load_elasped: 268, func_load_elasped: 1
Loaded function exp06_run_audit_23. lib_load_elasped: 267, func_load_elasped: 1
Loaded function exp06_run_audit_40. lib_load_elasped: 270, func_load_elasped: 1
Loaded function exp06_run_audit_77. lib_load_elasped: 281, func_load_elasped: 1
Loaded function exp06_run_audit_1. lib_load_elasped: 282, func_load_elasped: 1
Loaded function exp06_run_audit_5. lib_load_elasped: 669, func_load_elasped: 2
Loaded function exp06_run_audit_68. lib_load_elasped: 250, func_load_elasped: 1
Loaded function exp06_run_audit_73. lib_load_elasped: 210, func_load_elasped: 1
Loaded function exp06_marketdata. lib_load_elasped: 12964, func_load_elasped: 2
force_push: msg_id = 909412, remain = 11, size = 64
Send to executer failed.force_push: msg_id = 909146, remain = -53, size = 11
Send to executer failed.force_push: msg_id = 909681, remain = -53, size = 11
Send to executer failed.force_push: msg_id = 909678, remain = 11, size = 64
Send to executer failed.force_push: msg_id = 909619, remain = 75, size = 64
Send to executer failed.force_push: msg_id = 909413, remain = -53, size = 11
Send to executer failed.force_push: msg_id = 909680, remain = -53, size = 11
Send to executer failed.force_push: msg_id = 909439, remain = -53, size = 11
Send to executer failed.force_push: msg_id = 911206, remain = 72, size = 64
Send to executer failed.Loaded function exp06_run_audit_16. lib_load_elasped: 405, func_load_elasped: 1
Loaded function exp06_run_audit_59. lib_load_elasped: 297, func_load_elasped: 1
Loaded function exp06_run_audit_2. lib_load_elasped: 297, func_load_elasped: 1
Loaded function exp06_run_audit_64. lib_load_elasped: 293, func_load_elasped: 2
Loaded function exp06_run_audit_35. lib_load_elasped: 213, func_load_elasped: 1
Loaded function exp06_run_audit_48. lib_load_elasped: 255, func_load_elasped: 1
Loaded function exp06_run_audit_53. lib_load_elasped: 261, func_load_elasped: 1
Loaded function exp06_run_audit_44. lib_load_elasped: 268, func_load_elasped: 1
Loaded function exp06_run_audit_74. lib_load_elasped: 336, func_load_elasped: 1
Loaded function exp06_run_audit_9. lib_load_elasped: 347, func_load_elasped: 1
Loaded function exp06_run_audit_46. lib_load_elasped: 361, func_load_elasped: 1
Loaded function exp06_run_audit_78. lib_load_elasped: 266, func_load_elasped: 1
Loaded function exp06_run_audit_15. lib_load_elasped: 279, func_load_elasped: 1
Loaded function exp06_run_audit_25. lib_load_elasped: 373, func_load_elasped: 2
Loaded function exp06_run_audit_20. lib_load_elasped: 238, func_load_elasped: 1
Loaded function exp06_run_audit_30. lib_load_elasped: 238, func_load_elasped: 1
Loaded function exp06_run_audit_12. lib_load_elasped: 344, func_load_elasped: 2
