Read file config.yml
Running executor...
Loaded function exp06_run_audit_17. lib_load_elasped: 348, func_load_elasped: 3
Loaded function exp06_run_audit_47. lib_load_elasped: 347, func_load_elasped: 1
Loaded function exp06_run_audit_19. lib_load_elasped: 324, func_load_elasped: 2
Loaded function exp06_run_audit_54. lib_load_elasped: 327, func_load_elasped: 1
Loaded function exp06_run_audit_53. lib_load_elasped: 301, func_load_elasped: 2
Loaded function exp06_run_audit_21. lib_load_elasped: 330, func_load_elasped: 2
Loaded function exp06_run_audit_9. lib_load_elasped: 315, func_load_elasped: 1
Loaded function exp06_run_audit_74. lib_load_elasped: 164, func_load_elasped: 1
Loaded function exp06_run_audit_70. lib_load_elasped: 194, func_load_elasped: 1
Loaded function exp06_run_audit_10. lib_load_elasped: 338, func_load_elasped: 1
Loaded function exp06_run_audit_5. lib_load_elasped: 351, func_load_elasped: 2
Loaded function exp06_run_audit_31. lib_load_elasped: 199, func_load_elasped: 1
Loaded function exp06_marketdata. lib_load_elasped: 4892, func_load_elasped: 2
force_push: msg_id = 908874, remain = 11, size = 64
Send to executer failed.force_push: msg_id = 908436, remain = 11, size = 64
Send to executer failed.force_push: msg_id = 908649, remain = 11, size = 64
Send to executer failed.force_push: msg_id = 908885, remain = 11, size = 64
Send to executer failed.force_push: msg_id = 908538, remain = 11, size = 64
Send to executer failed.force_push: msg_id = 908714, remain = 11, size = 64
Send to executer failed.force_push: msg_id = 908462, remain = 75, size = 64
Send to executer failed.force_push: msg_id = 908464, remain = 11, size = 64
Send to executer failed.force_push: msg_id = 908875, remain = 75, size = 64
Send to executer failed.force_push: msg_id = 908903, remain = 75, size = 64
Send to executer failed.force_push: msg_id = 908873, remain = 75, size = 64
Send to executer failed.force_push: msg_id = 908715, remain = -53, size = 11
Send to executer failed.force_push: msg_id = 908312, remain = -55, size = 9
Send to executer failed.force_push: msg_id = 908843, remain = -53, size = 11
Send to executer failed.force_push: msg_id = 908310, remain = 9, size = 64
Send to executer failed.force_push: msg_id = 908913, remain = 75, size = 64
Send to executer failed.force_push: msg_id = 908711, remain = 11, size = 64
Send to executer failed.force_push: msg_id = 908737, remain = 11, size = 64
Send to executer failed.force_push: msg_id = 908485, remain = 11, size = 64
Send to executer failed.force_push: msg_id = 908445, remain = -53, size = 11
Send to executer failed.force_push: msg_id = 908484, remain = 75, size = 64
Send to executer failed.force_push: msg_id = 908876, remain = 75, size = 64
Send to executer failed.force_push: msg_id = 908503, remain = 11, size = 64
Send to executer failed.force_push: msg_id = 908461, remain = 11, size = 64
Send to executer failed.force_push: msg_id = 908712, remain = 11, size = 64
Send to executer failed.force_push: msg_id = 908595, remain = 11, size = 64
Send to executer failed.force_push: msg_id = 908309, remain = 9, size = 64
Send to executer failed.force_push: msg_id = 908434, remain = -53, size = 11
Send to executer failed.force_push: msg_id = 908730, remain = -53, size = 11
Send to executer failed.Loaded function exp06_run_audit_57. lib_load_elasped: 365, func_load_elasped: 1
Loaded function exp06_run_audit_33. lib_load_elasped: 341, func_load_elasped: 2
Loaded function exp06_run_audit_32. lib_load_elasped: 214, func_load_elasped: 1
Loaded function exp06_run_audit_29. lib_load_elasped: 334, func_load_elasped: 1
Loaded function exp06_run_audit_7. lib_load_elasped: 238, func_load_elasped: 1
Loaded function exp06_run_audit_6. lib_load_elasped: 347, func_load_elasped: 2
Loaded function exp06_run_audit_68. lib_load_elasped: 213, func_load_elasped: 1
Loaded function exp06_run_audit_80. lib_load_elasped: 295, func_load_elasped: 2
Loaded function exp06_run_audit_64. lib_load_elasped: 261, func_load_elasped: 1
Loaded function exp06_run_audit_65. lib_load_elasped: 164, func_load_elasped: 1
Loaded function exp06_run_audit_52. lib_load_elasped: 378, func_load_elasped: 2
Loaded function exp06_run_audit_46. lib_load_elasped: 355, func_load_elasped: 1
Loaded function exp06_run_audit_60. lib_load_elasped: 389, func_load_elasped: 1
Loaded function exp06_run_audit_30. lib_load_elasped: 340, func_load_elasped: 2
Loaded function exp06_run_audit_11. lib_load_elasped: 293, func_load_elasped: 1
Loaded function exp06_run_audit_22. lib_load_elasped: 340, func_load_elasped: 1
force_push: msg_id = 921118, remain = 75, size = 64
Send to executer failed.force_push: msg_id = 921125, remain = -53, size = 11
Send to executer failed.force_push: msg_id = 921137, remain = -53, size = 11
Send to executer failed.