Read file config.yml
Running executor...
Loaded function exp06_run_audit_35. lib_load_elasped: 213, func_load_elasped: 1
Loaded function exp06_run_audit_33. lib_load_elasped: 175, func_load_elasped: 0
Loaded function exp06_run_audit_4. lib_load_elasped: 180, func_load_elasped: 1
Loaded function exp06_run_audit_8. lib_load_elasped: 218, func_load_elasped: 1
Loaded function exp06_run_audit_11. lib_load_elasped: 411, func_load_elasped: 2
Loaded function exp06_run_audit_69. lib_load_elasped: 230, func_load_elasped: 1
Loaded function exp06_run_audit_59. lib_load_elasped: 206, func_load_elasped: 1
Loaded function exp06_run_audit_68. lib_load_elasped: 166, func_load_elasped: 1
Loaded function exp06_run_audit_24. lib_load_elasped: 204, func_load_elasped: 1
Loaded function exp06_run_audit_57. lib_load_elasped: 208, func_load_elasped: 1
Loaded function exp06_run_audit_64. lib_load_elasped: 204, func_load_elasped: 1
Loaded function exp06_run_audit_56. lib_load_elasped: 201, func_load_elasped: 1
Loaded function exp06_run_audit_45. lib_load_elasped: 328, func_load_elasped: 2
Loaded function exp06_run_audit_27. lib_load_elasped: 284, func_load_elasped: 1
Loaded function exp06_run_audit_74. lib_load_elasped: 199, func_load_elasped: 1
Loaded function exp06_run_audit_78. lib_load_elasped: 258, func_load_elasped: 1
Loaded function exp06_run_audit_10. lib_load_elasped: 317, func_load_elasped: 1
Loaded function exp06_marketdata. lib_load_elasped: 5505, func_load_elasped: 2
force_push: msg_id = 909397, remain = -54, size = 10
Send to executer failed.force_push: msg_id = 909189, remain = -54, size = 10
Send to executer failed.force_push: msg_id = 909486, remain = 10, size = 64
Send to executer failed.force_push: msg_id = 909264, remain = 74, size = 64
Send to executer failed.force_push: msg_id = 909219, remain = -54, size = 10
Send to executer failed.force_push: msg_id = 909265, remain = 74, size = 64
Send to executer failed.force_push: msg_id = 909508, remain = 10, size = 64
Send to executer failed.force_push: msg_id = 909483, remain = 10, size = 64
Send to executer failed.force_push: msg_id = 909268, remain = 10, size = 64
Send to executer failed.force_push: msg_id = 909490, remain = -54, size = 10
Send to executer failed.force_push: msg_id = 909654, remain = -54, size = 10
Send to executer failed.force_push: msg_id = 909222, remain = 74, size = 64
Send to executer failed.force_push: msg_id = 909629, remain = 74, size = 64
Send to executer failed.force_push: msg_id = 909635, remain = 10, size = 64
Send to executer failed.force_push: msg_id = 909606, remain = 10, size = 64
Send to executer failed.force_push: msg_id = 909432, remain = 10, size = 64
Send to executer failed.force_push: msg_id = 909103, remain = -56, size = 8
Send to executer failed.force_push: msg_id = 909489, remain = 10, size = 64
Send to executer failed.force_push: msg_id = 909214, remain = -54, size = 10
Send to executer failed.force_push: msg_id = 909390, remain = -54, size = 10
Send to executer failed.force_push: msg_id = 909224, remain = 10, size = 64
Send to executer failed.force_push: msg_id = 909101, remain = -56, size = 8
Send to executer failed.Loaded function exp06_run_audit_32. lib_load_elasped: 267, func_load_elasped: 1
Loaded function exp06_run_audit_21. lib_load_elasped: 384, func_load_elasped: 1
Loaded function exp06_run_audit_2. lib_load_elasped: 313, func_load_elasped: 2
Loaded function exp06_run_audit_34. lib_load_elasped: 361, func_load_elasped: 2
Loaded function exp06_run_audit_31. lib_load_elasped: 252, func_load_elasped: 1
Loaded function exp06_run_audit_53. lib_load_elasped: 169, func_load_elasped: 1
Loaded function exp06_run_audit_39. lib_load_elasped: 372, func_load_elasped: 2
Loaded function exp06_run_audit_30. lib_load_elasped: 321, func_load_elasped: 2
Loaded function exp06_run_audit_16. lib_load_elasped: 422, func_load_elasped: 1
Loaded function exp06_run_audit_23. lib_load_elasped: 285, func_load_elasped: 1
Loaded function exp06_run_audit_70. lib_load_elasped: 337, func_load_elasped: 1
Loaded function exp06_run_audit_1. lib_load_elasped: 448, func_load_elasped: 1
force_push: msg_id = 922298, remain = 9, size = 64
Send to executer failed.