Read file config.yml
Running executor...
Loaded function exp06_run_audit_37. lib_load_elasped: 256, func_load_elasped: 2
Loaded function exp06_run_audit_48. lib_load_elasped: 202, func_load_elasped: 1
Loaded function exp06_run_audit_38. lib_load_elasped: 206, func_load_elasped: 1
Loaded function exp06_marketdata. lib_load_elasped: 7728, func_load_elasped: 2
force_push: msg_id = 904706, remain = 74, size = 64
Send to executer failed.force_push: msg_id = 905319, remain = 10, size = 64
Send to executer failed.force_push: msg_id = 905381, remain = -54, size = 10
Send to executer failed.force_push: msg_id = 904925, remain = 74, size = 64
Send to executer failed.force_push: msg_id = 904580, remain = 10, size = 64
Send to executer failed.force_push: msg_id = 904990, remain = 74, size = 64
Send to executer failed.force_push: msg_id = 904954, remain = 74, size = 64
Send to executer failed.force_push: msg_id = 904715, remain = 74, size = 64
Send to executer failed.force_push: msg_id = 905307, remain = 74, size = 64
Send to executer failed.force_push: msg_id = 904849, remain = 10, size = 64
Send to executer failed.force_push: msg_id = 904586, remain = 10, size = 64
Send to executer failed.force_push: msg_id = 904951, remain = 74, size = 64
Send to executer failed.force_push: msg_id = 904953, remain = 74, size = 64
Send to executer failed.force_push: msg_id = 904876, remain = 10, size = 64
Send to executer failed.force_push: msg_id = 904754, remain = 74, size = 64
Send to executer failed.force_push: msg_id = 905284, remain = -54, size = 10
Send to executer failed.force_push: msg_id = 904993, remain = 10, size = 64
Send to executer failed.force_push: msg_id = 904927, remain = -54, size = 10
Send to executer failed.force_push: msg_id = 904952, remain = 74, size = 64
Send to executer failed.Loaded function exp06_run_audit_35. lib_load_elasped: 225, func_load_elasped: 1
Loaded function exp06_run_audit_46. lib_load_elasped: 197, func_load_elasped: 1
Loaded function exp06_run_audit_16. lib_load_elasped: 328, func_load_elasped: 2
force_push: msg_id = 912369, remain = 11, size = 64
Send to executer failed.force_push: msg_id = 912451, remain = 75, size = 64
Send to executer failed.force_push: msg_id = 912470, remain = 75, size = 64
Send to executer failed.force_push: msg_id = 915949, remain = 75, size = 64
Send to executer failed.force_push: msg_id = 915988, remain = 75, size = 64
Send to executer failed.force_push: msg_id = 915946, remain = 11, size = 64
Send to executer failed.force_push: msg_id = 915996, remain = 75, size = 64
Send to executer failed.force_push: msg_id = 915952, remain = 11, size = 64
Send to executer failed.force_push: msg_id = 916008, remain = 75, size = 64
Send to executer failed.force_push: msg_id = 915925, remain = 75, size = 64
Send to executer failed.force_push: msg_id = 915917, remain = 73, size = 64
Send to executer failed.force_push: msg_id = 916003, remain = 11, size = 64
Send to executer failed.force_push: msg_id = 915921, remain = 75, size = 64
Send to executer failed.force_push: msg_id = 915901, remain = 75, size = 64
Send to executer failed.force_push: msg_id = 915989, remain = -53, size = 11
Send to executer failed.force_push: msg_id = 916006, remain = 11, size = 64
Send to executer failed.Loaded function exp06_run_audit_34. lib_load_elasped: 334, func_load_elasped: 2
force_push: msg_id = 919059, remain = -54, size = 10
Send to executer failed.force_push: msg_id = 919244, remain = 10, size = 64
Send to executer failed.force_push: msg_id = 919106, remain = -54, size = 10
Send to executer failed.force_push: msg_id = 919168, remain = -54, size = 10
Send to executer failed.force_push: msg_id = 919043, remain = -54, size = 10
Send to executer failed.force_push: msg_id = 919251, remain = -54, size = 10
Send to executer failed.force_push: msg_id = 919052, remain = 74, size = 64
Send to executer failed.force_push: msg_id = 919033, remain = -54, size = 10
Send to executer failed.Loaded function exp06_run_audit_26. lib_load_elasped: 371, func_load_elasped: 1
