Read file config.yml
Running executor...
Loaded function exp06_run_audit_35. lib_load_elasped: 288, func_load_elasped: 2
Loaded function exp06_run_audit_13. lib_load_elasped: 196, func_load_elasped: 1
Loaded function exp06_run_audit_34. lib_load_elasped: 266, func_load_elasped: 1
Loaded function exp06_run_audit_58. lib_load_elasped: 274, func_load_elasped: 2
Loaded function exp06_run_audit_6. lib_load_elasped: 249, func_load_elasped: 1
Loaded function exp06_run_audit_26. lib_load_elasped: 257, func_load_elasped: 1
Loaded function exp06_marketdata. lib_load_elasped: 7987, func_load_elasped: 3
force_push: msg_id = 905336, remain = 10, size = 64
Send to executer failed.force_push: msg_id = 904843, remain = 74, size = 64
Send to executer failed.force_push: msg_id = 905371, remain = 74, size = 64
Send to executer failed.force_push: msg_id = 905397, remain = 74, size = 64
Send to executer failed.force_push: msg_id = 905409, remain = 74, size = 64
Send to executer failed.force_push: msg_id = 904870, remain = 10, size = 64
Send to executer failed.force_push: msg_id = 905425, remain = 74, size = 64
Send to executer failed.force_push: msg_id = 904873, remain = 74, size = 64
Send to executer failed.force_push: msg_id = 905426, remain = 74, size = 64
Send to executer failed.force_push: msg_id = 905172, remain = 74, size = 64
Send to executer failed.force_push: msg_id = 905059, remain = 74, size = 64
Send to executer failed.force_push: msg_id = 905458, remain = 74, size = 64
Send to executer failed.force_push: msg_id = 904473, remain = 8, size = 64
Send to executer failed.force_push: msg_id = 905265, remain = -54, size = 10
Send to executer failed.force_push: msg_id = 904871, remain = 10, size = 64
Send to executer failed.force_push: msg_id = 905236, remain = 10, size = 64
Send to executer failed.force_push: msg_id = 904949, remain = 10, size = 64
Send to executer failed.force_push: msg_id = 904807, remain = 10, size = 64
Send to executer failed.force_push: msg_id = 904845, remain = -54, size = 10
Send to executer failed.force_push: msg_id = 905427, remain = 74, size = 64
Send to executer failed.Loaded function exp06_run_audit_57. lib_load_elasped: 266, func_load_elasped: 1
Loaded function exp06_run_audit_60. lib_load_elasped: 267, func_load_elasped: 1
Loaded function exp06_run_audit_32. lib_load_elasped: 288, func_load_elasped: 1
Loaded function exp06_run_audit_66. lib_load_elasped: 247, func_load_elasped: 1
Loaded function exp06_run_audit_55. lib_load_elasped: 256, func_load_elasped: 1
Loaded function exp06_run_audit_20. lib_load_elasped: 276, func_load_elasped: 1
Loaded function exp06_run_audit_51. lib_load_elasped: 266, func_load_elasped: 1
force_push: msg_id = 908239, remain = -55, size = 9
Send to executer failed.force_push: msg_id = 907839, remain = -55, size = 9
Send to executer failed.force_push: msg_id = 907760, remain = 73, size = 64
Send to executer failed.force_push: msg_id = 907955, remain = 73, size = 64
Send to executer failed.force_push: msg_id = 907936, remain = 9, size = 64
Send to executer failed.force_push: msg_id = 907956, remain = -55, size = 9
Send to executer failed.force_push: msg_id = 907507, remain = -57, size = 7
Send to executer failed.force_push: msg_id = 907834, remain = 73, size = 64
Send to executer failed.force_push: msg_id = 908077, remain = 73, size = 64
Send to executer failed.force_push: msg_id = 907681, remain = -55, size = 9
Send to executer failed.force_push: msg_id = 907749, remain = -55, size = 9
Send to executer failed.force_push: msg_id = 907574, remain = -55, size = 9
Send to executer failed.force_push: msg_id = 908213, remain = 9, size = 64
Send to executer failed.force_push: msg_id = 908223, remain = 73, size = 64
Send to executer failed.force_push: msg_id = 907502, remain = 71, size = 64
Send to executer failed.force_push: msg_id = 907809, remain = 9, size = 64
Send to executer failed.force_push: msg_id = 907450, remain = 71, size = 64
Send to executer failed.force_push: msg_id = 907838, remain = -55, size = 9
Send to executer failed.Loaded function exp06_run_audit_54. lib_load_elasped: 460, func_load_elasped: 2
Loaded function exp06_run_audit_39. lib_load_elasped: 504, func_load_elasped: 3
Loaded function exp06_run_audit_18. lib_load_elasped: 221, func_load_elasped: 1
Loaded function exp06_run_audit_74. lib_load_elasped: 217, func_load_elasped: 1
Loaded function exp06_run_audit_63. lib_load_elasped: 208, func_load_elasped: 1
Loaded function exp06_run_audit_10. lib_load_elasped: 342, func_load_elasped: 2
Loaded function exp06_run_audit_36. lib_load_elasped: 311, func_load_elasped: 2
Loaded function exp06_run_audit_49. lib_load_elasped: 287, func_load_elasped: 1
Loaded function exp06_run_audit_59. lib_load_elasped: 348, func_load_elasped: 1
Loaded function exp06_run_audit_3. lib_load_elasped: 398, func_load_elasped: 1
Loaded function exp06_run_audit_80. lib_load_elasped: 343, func_load_elasped: 2
Loaded function exp06_run_audit_15. lib_load_elasped: 397, func_load_elasped: 2
Loaded function exp06_run_audit_29. lib_load_elasped: 428, func_load_elasped: 2
force_push: msg_id = 916496, remain = 74, size = 64
Send to executer failed.force_push: msg_id = 916498, remain = 74, size = 64
Send to executer failed.force_push: msg_id = 916379, remain = 74, size = 64
Send to executer failed.force_push: msg_id = 916507, remain = 74, size = 64
Send to executer failed.force_push: msg_id = 916530, remain = 74, size = 64
Send to executer failed.force_push: msg_id = 916534, remain = 74, size = 64
Send to executer failed.force_push: msg_id = 916519, remain = 74, size = 64
Send to executer failed.Loaded function exp06_run_audit_33. lib_load_elasped: 424, func_load_elasped: 2
Loaded function exp06_run_audit_31. lib_load_elasped: 346, func_load_elasped: 2
Loaded function exp06_run_audit_53. lib_load_elasped: 374, func_load_elasped: 2
Loaded function exp06_run_audit_61. lib_load_elasped: 337, func_load_elasped: 1
Loaded function exp06_run_audit_27. lib_load_elasped: 364, func_load_elasped: 2
Loaded function exp06_run_audit_44. lib_load_elasped: 323, func_load_elasped: 2
Loaded function exp06_run_audit_22. lib_load_elasped: 202, func_load_elasped: 1
Loaded function exp06_run_audit_46. lib_load_elasped: 300, func_load_elasped: 3
Loaded function exp06_run_audit_8. lib_load_elasped: 533, func_load_elasped: 2
Loaded function exp06_run_audit_23. lib_load_elasped: 355, func_load_elasped: 1
