Read file config.yml
Running executor...
Loaded function exp06_run_audit_33. lib_load_elasped: 270, func_load_elasped: 2
Loaded function exp06_run_audit_7. lib_load_elasped: 194, func_load_elasped: 1
Loaded function exp06_run_audit_27. lib_load_elasped: 268, func_load_elasped: 2
Loaded function exp06_marketdata. lib_load_elasped: 8353, func_load_elasped: 3
force_push: msg_id = 904920, remain = 74, size = 64
Send to executer failed.force_push: msg_id = 904637, remain = 10, size = 64
Send to executer failed.force_push: msg_id = 904829, remain = 74, size = 64
Send to executer failed.force_push: msg_id = 905439, remain = 74, size = 64
Send to executer failed.force_push: msg_id = 904830, remain = 10, size = 64
Send to executer failed.force_push: msg_id = 905398, remain = 74, size = 64
Send to executer failed.force_push: msg_id = 905013, remain = 74, size = 64
Send to executer failed.force_push: msg_id = 905015, remain = 74, size = 64
Send to executer failed.force_push: msg_id = 905299, remain = 74, size = 64
Send to executer failed.force_push: msg_id = 904635, remain = -54, size = 10
Send to executer failed.force_push: msg_id = 904866, remain = 10, size = 64
Send to executer failed.force_push: msg_id = 905454, remain = 74, size = 64
Send to executer failed.force_push: msg_id = 904923, remain = 10, size = 64
Send to executer failed.force_push: msg_id = 904924, remain = 10, size = 64
Send to executer failed.force_push: msg_id = 905538, remain = 74, size = 64
Send to executer failed.force_push: msg_id = 905419, remain = 74, size = 64
Send to executer failed.force_push: msg_id = 904889, remain = -54, size = 10
Send to executer failed.force_push: msg_id = 904848, remain = 10, size = 64
Send to executer failed.force_push: msg_id = 904965, remain = 74, size = 64
Send to executer failed.force_push: msg_id = 905548, remain = 74, size = 64
Send to executer failed.force_push: msg_id = 904987, remain = 74, size = 64
Send to executer failed.force_push: msg_id = 904942, remain = 10, size = 64
Send to executer failed.Loaded function exp06_run_audit_49. lib_load_elasped: 356, func_load_elasped: 2
Loaded function exp06_run_audit_22. lib_load_elasped: 200, func_load_elasped: 1
Loaded function exp06_run_audit_21. lib_load_elasped: 242, func_load_elasped: 1
Loaded function exp06_run_audit_32. lib_load_elasped: 222, func_load_elasped: 1
Loaded function exp06_run_audit_60. lib_load_elasped: 235, func_load_elasped: 1
Loaded function exp06_run_audit_25. lib_load_elasped: 277, func_load_elasped: 1
force_push: msg_id = 908386, remain = 10, size = 64
Send to executer failed.force_push: msg_id = 908039, remain = 10, size = 64
Send to executer failed.force_push: msg_id = 908383, remain = 74, size = 64
Send to executer failed.force_push: msg_id = 908410, remain = 74, size = 64
Send to executer failed.force_push: msg_id = 908573, remain = 10, size = 64
Send to executer failed.force_push: msg_id = 908600, remain = 74, size = 64
Send to executer failed.force_push: msg_id = 908603, remain = 74, size = 64
Send to executer failed.force_push: msg_id = 908385, remain = -54, size = 10
Send to executer failed.force_push: msg_id = 908379, remain = 10, size = 64
Send to executer failed.force_push: msg_id = 908441, remain = -54, size = 10
Send to executer failed.force_push: msg_id = 908507, remain = 10, size = 64
Send to executer failed.force_push: msg_id = 908073, remain = -54, size = 10
Send to executer failed.force_push: msg_id = 907994, remain = -54, size = 10
Send to executer failed.force_push: msg_id = 908520, remain = -54, size = 10
Send to executer failed.force_push: msg_id = 908166, remain = 74, size = 64
Send to executer failed.force_push: msg_id = 908440, remain = 10, size = 64
Send to executer failed.force_push: msg_id = 908292, remain = 10, size = 64
Send to executer failed.force_push: msg_id = 908481, remain = -54, size = 10
Send to executer failed.force_push: msg_id = 908291, remain = 10, size = 64
Send to executer failed.force_push: msg_id = 908200, remain = 10, size = 64
Send to executer failed.force_push: msg_id = 908354, remain = 10, size = 64
Send to executer failed.Loaded function exp06_run_audit_47. lib_load_elasped: 454, func_load_elasped: 2
Loaded function exp06_run_audit_13. lib_load_elasped: 370, func_load_elasped: 1
force_push: msg_id = 911383, remain = 10, size = 64
Send to executer failed.Loaded function exp06_run_audit_14. lib_load_elasped: 286, func_load_elasped: 1
force_push: msg_id = 913895, remain = 10, size = 64
Send to executer failed.Loaded function exp06_run_audit_2. lib_load_elasped: 338, func_load_elasped: 2
Loaded function exp06_run_audit_4. lib_load_elasped: 296, func_load_elasped: 1
Loaded function exp06_run_audit_34. lib_load_elasped: 334, func_load_elasped: 2
Loaded function exp06_run_audit_78. lib_load_elasped: 309, func_load_elasped: 2
Loaded function exp06_run_audit_12. lib_load_elasped: 367, func_load_elasped: 2
Loaded function exp06_run_audit_79. lib_load_elasped: 169, func_load_elasped: 1
Loaded function exp06_run_audit_77. lib_load_elasped: 313, func_load_elasped: 2
Loaded function exp06_run_audit_63. lib_load_elasped: 250, func_load_elasped: 1
Loaded function exp06_run_audit_58. lib_load_elasped: 249, func_load_elasped: 1
Loaded function exp06_run_audit_51. lib_load_elasped: 354, func_load_elasped: 2
Loaded function exp06_run_audit_50. lib_load_elasped: 266, func_load_elasped: 1
Loaded function exp06_run_audit_57. lib_load_elasped: 389, func_load_elasped: 1
force_push: msg_id = 916826, remain = 74, size = 64
Send to executer failed.force_push: msg_id = 919552, remain = 11, size = 64
Send to executer failed.force_push: msg_id = 919536, remain = 75, size = 64
Send to executer failed.force_push: msg_id = 919577, remain = 75, size = 64
Send to executer failed.force_push: msg_id = 923110, remain = 73, size = 64
Send to executer failed.