Read file config.yml
Running executor...
Loaded function exp06_run_audit_34. lib_load_elasped: 273, func_load_elasped: 2
Loaded function exp06_run_audit_15. lib_load_elasped: 273, func_load_elasped: 2
Loaded function exp06_run_audit_17. lib_load_elasped: 266, func_load_elasped: 1
Loaded function exp06_run_audit_54. lib_load_elasped: 200, func_load_elasped: 1
Loaded function exp06_run_audit_53. lib_load_elasped: 280, func_load_elasped: 1
Loaded function exp06_run_audit_13. lib_load_elasped: 373, func_load_elasped: 1
Loaded function exp06_run_audit_8. lib_load_elasped: 264, func_load_elasped: 1
Loaded function exp06_run_audit_12. lib_load_elasped: 258, func_load_elasped: 1
Loaded function exp06_run_audit_41. lib_load_elasped: 255, func_load_elasped: 1
Loaded function exp06_run_audit_47. lib_load_elasped: 294, func_load_elasped: 1
Loaded function exp06_run_audit_11. lib_load_elasped: 279, func_load_elasped: 2
Loaded function exp06_run_audit_74. lib_load_elasped: 322, func_load_elasped: 2
Loaded function exp06_run_audit_35. lib_load_elasped: 338, func_load_elasped: 2
Loaded function exp06_run_audit_51. lib_load_elasped: 306, func_load_elasped: 1
Loaded function exp06_run_audit_7. lib_load_elasped: 351, func_load_elasped: 2
Loaded function exp06_run_audit_21. lib_load_elasped: 334, func_load_elasped: 2
Loaded function exp06_run_audit_65. lib_load_elasped: 241, func_load_elasped: 1
Loaded function exp06_run_audit_14. lib_load_elasped: 257, func_load_elasped: 1
Loaded function exp06_run_audit_27. lib_load_elasped: 323, func_load_elasped: 2
Loaded function exp06_run_audit_70. lib_load_elasped: 304, func_load_elasped: 2
Loaded function exp06_run_audit_56. lib_load_elasped: 304, func_load_elasped: 1
Loaded function exp06_run_audit_71. lib_load_elasped: 265, func_load_elasped: 1
Loaded function exp06_run_audit_42. lib_load_elasped: 338, func_load_elasped: 1
Loaded function exp06_run_audit_66. lib_load_elasped: 314, func_load_elasped: 1
Loaded function exp06_run_audit_37. lib_load_elasped: 273, func_load_elasped: 1
Loaded function exp06_run_audit_69. lib_load_elasped: 369, func_load_elasped: 2
Loaded function exp06_run_audit_22. lib_load_elasped: 283, func_load_elasped: 1
Loaded function exp06_marketdata. lib_load_elasped: 39743, func_load_elasped: 2
Loaded function exp06_run_audit_10. lib_load_elasped: 347, func_load_elasped: 1
force_push: msg_id = 913460, remain = 75, size = 64
Send to executer failed.Loaded function exp06_run_audit_77. lib_load_elasped: 300, func_load_elasped: 1
Loaded function exp06_run_audit_28. lib_load_elasped: 319, func_load_elasped: 1
Loaded function exp06_run_audit_4. lib_load_elasped: 299, func_load_elasped: 1
Loaded function exp06_run_audit_32. lib_load_elasped: 460, func_load_elasped: 2
Loaded function exp06_run_audit_68. lib_load_elasped: 346, func_load_elasped: 2
Loaded function exp06_run_audit_52. lib_load_elasped: 280, func_load_elasped: 1
Loaded function exp06_run_audit_75. lib_load_elasped: 297, func_load_elasped: 1
Loaded function exp06_run_audit_30. lib_load_elasped: 345, func_load_elasped: 2
Loaded function exp06_run_audit_3. lib_load_elasped: 358, func_load_elasped: 2
force_push: msg_id = 919286, remain = 10, size = 64
Send to executer failed.force_push: msg_id = 919295, remain = 10, size = 64
Send to executer failed.force_push: msg_id = 919392, remain = -54, size = 10
Send to executer failed.force_push: msg_id = 919312, remain = 10, size = 64
Send to executer failed.force_push: msg_id = 919404, remain = -54, size = 10
Send to executer failed.Loaded function exp06_run_audit_29. lib_load_elasped: 464, func_load_elasped: 2
Loaded function exp06_run_audit_78. lib_load_elasped: 358, func_load_elasped: 2
Loaded function exp06_run_audit_49. lib_load_elasped: 305, func_load_elasped: 2
Loaded function exp06_run_audit_24. lib_load_elasped: 286, func_load_elasped: 1
Loaded function exp06_run_audit_2. lib_load_elasped: 393, func_load_elasped: 2
Loaded function exp06_run_audit_19. lib_load_elasped: 329, func_load_elasped: 1
