Read file config.yml
Running executor...
Loaded function exp06_marketdata. lib_load_elasped: 15700, func_load_elasped: 8
Loaded function exp06_run_audit_10. lib_load_elasped: 235, func_load_elasped: 1
Loaded function exp06_run_audit_9. lib_load_elasped: 269, func_load_elasped: 1
force_push: msg_id = 1092810, remain = 72, size = 64
Send to executer failed.Loaded function exp06_run_audit_4. lib_load_elasped: 321, func_load_elasped: 1
Loaded function exp06_run_audit_5. lib_load_elasped: 290, func_load_elasped: 2
Loaded function exp06_run_audit_8. lib_load_elasped: 262, func_load_elasped: 2
Loaded function exp06_run_audit_1. lib_load_elasped: 287, func_load_elasped: 2
Loaded function exp06_run_audit_6. lib_load_elasped: 301, func_load_elasped: 2
Loaded function exp06_run_audit_7. lib_load_elasped: 301, func_load_elasped: 1
Loaded function exp06_run_audit_2. lib_load_elasped: 276, func_load_elasped: 2
Loaded function exp06_run_audit_3. lib_load_elasped: 306, func_load_elasped: 2
Loaded function exp06_marginbalance. lib_load_elasped: 338, func_load_elasped: 1
req_id = 900002, token 4072182 us.
req_id = 780002, token 4080585 us.
req_id = 660003, token 3960257 us.
req_id = 1140003, token 3820681 us.
req_id = 120002, token 4122498 us.
req_id = 180001, token 4128976 us.
req_id = 420004, token 3676181 us.
req_id = 360005, token 2882434 us.
req_id = 900006, token 915535 us.
force_push: msg_id = 1113309, remain = -53, size = 11
Send to executer failed.force_push: msg_id = 1113307, remain = -55, size = 9
Send to executer failed.force_push: msg_id = 1115620, remain = 72, size = 64
Send to executer failed.force_push: msg_id = 1115632, remain = 72, size = 64
Send to executer failed.