Read file config.yml
Running executor...
Loaded function exp06_marketdata. lib_load_elasped: 11978, func_load_elasped: 6
Loaded function exp06_run_audit_4. lib_load_elasped: 336, func_load_elasped: 2
Loaded function exp06_run_audit_7. lib_load_elasped: 325, func_load_elasped: 2
Loaded function exp06_run_audit_3. lib_load_elasped: 294, func_load_elasped: 1
Loaded function exp06_run_audit_6. lib_load_elasped: 217, func_load_elasped: 1
Loaded function exp06_run_audit_9. lib_load_elasped: 282, func_load_elasped: 2
Loaded function exp06_run_audit_10. lib_load_elasped: 278, func_load_elasped: 2
Loaded function exp06_run_audit_5. lib_load_elasped: 363, func_load_elasped: 2
Loaded function exp06_run_audit_8. lib_load_elasped: 286, func_load_elasped: 1
Loaded function exp06_run_audit_1. lib_load_elasped: 491, func_load_elasped: 2
force_push: msg_id = 1111106, remain = 72, size = 64
Send to executer failed.force_push: msg_id = 1111118, remain = 8, size = 64
Send to executer failed.force_push: msg_id = 1112100, remain = -55, size = 9
Send to executer failed.force_push: msg_id = 1114001, remain = 8, size = 64
Send to executer failed.force_push: msg_id = 1113997, remain = 72, size = 64
Send to executer failed.force_push: msg_id = 1114879, remain = 73, size = 64
Send to executer failed.force_push: msg_id = 1114875, remain = 73, size = 64
Send to executer failed.force_push: msg_id = 1114877, remain = 73, size = 64
Send to executer failed.force_push: msg_id = 1114880, remain = -55, size = 9
Send to executer failed.force_push: msg_id = 1114876, remain = -55, size = 9
Send to executer failed.force_push: msg_id = 1115355, remain = 73, size = 64
Send to executer failed.