Read file config.yml
Running executor...
Loaded function exp06_marketdata. lib_load_elasped: 5147, func_load_elasped: 3
Loaded function exp06_run_audit_1. lib_load_elasped: 262, func_load_elasped: 1
Loaded function exp06_run_audit_3. lib_load_elasped: 185, func_load_elasped: 1
Loaded function exp06_run_audit_9. lib_load_elasped: 163, func_load_elasped: 1
Loaded function exp06_run_audit_10. lib_load_elasped: 151, func_load_elasped: 0
Loaded function exp06_run_audit_8. lib_load_elasped: 256, func_load_elasped: 1
Loaded function exp06_run_audit_7. lib_load_elasped: 175, func_load_elasped: 1
Loaded function exp06_run_audit_6. lib_load_elasped: 164, func_load_elasped: 1
Loaded function exp06_run_audit_5. lib_load_elasped: 232, func_load_elasped: 1
force_push: msg_id = 1111672, remain = 72, size = 64
Send to executer failed.force_push: msg_id = 1111681, remain = 8, size = 64
Send to executer failed.force_push: msg_id = 1111697, remain = 72, size = 64
Send to executer failed.force_push: msg_id = 1111673, remain = -56, size = 8
Send to executer failed.force_push: msg_id = 1112230, remain = 73, size = 64
Send to executer failed.force_push: msg_id = 1112235, remain = 75, size = 64
Send to executer failed.Loaded function exp06_run_audit_2. lib_load_elasped: 410, func_load_elasped: 2
force_push: msg_id = 1114591, remain = -56, size = 8
Send to executer failed.