Read file config.yml
Running executor...
Loaded function exp06_marketdata. lib_load_elasped: 13349, func_load_elasped: 5
force_push: msg_id = 1091801, remain = -55, size = 9
Send to executer failed.Loaded function exp06_run_audit_8. lib_load_elasped: 300, func_load_elasped: 1
Loaded function exp06_run_audit_2. lib_load_elasped: 324, func_load_elasped: 2
Loaded function exp06_run_audit_1. lib_load_elasped: 302, func_load_elasped: 2
Loaded function exp06_run_audit_6. lib_load_elasped: 306, func_load_elasped: 1
Loaded function exp06_run_audit_3. lib_load_elasped: 225, func_load_elasped: 1
Loaded function exp06_run_audit_10. lib_load_elasped: 298, func_load_elasped: 1
Loaded function exp06_run_audit_5. lib_load_elasped: 321, func_load_elasped: 1
force_push: msg_id = 1110723, remain = -56, size = 8
Send to executer failed.force_push: msg_id = 1110751, remain = -56, size = 8
Send to executer failed.force_push: msg_id = 1110722, remain = 8, size = 64
Send to executer failed.force_push: msg_id = 1111269, remain = -56, size = 8
Send to executer failed.force_push: msg_id = 1111252, remain = 8, size = 64
Send to executer failed.force_push: msg_id = 1111265, remain = -56, size = 8
Send to executer failed.force_push: msg_id = 1111803, remain = 9, size = 64
Send to executer failed.force_push: msg_id = 1112525, remain = 72, size = 64
Send to executer failed.force_push: msg_id = 1112522, remain = 72, size = 64
Send to executer failed.force_push: msg_id = 1112521, remain = 8, size = 64
Send to executer failed.force_push: msg_id = 1112523, remain = 8, size = 64
Send to executer failed.Loaded function exp06_run_audit_4. lib_load_elasped: 464, func_load_elasped: 3
force_push: msg_id = 1113383, remain = 9, size = 64
Send to executer failed.force_push: msg_id = 1113524, remain = -56, size = 8
Send to executer failed.Loaded function exp06_run_audit_7. lib_load_elasped: 295, func_load_elasped: 1
force_push: msg_id = 1113971, remain = -56, size = 8
Send to executer failed.force_push: msg_id = 1113974, remain = 8, size = 64
Send to executer failed.force_push: msg_id = 1113973, remain = 8, size = 64
Send to executer failed.force_push: msg_id = 1114181, remain = -56, size = 8
Send to executer failed.force_push: msg_id = 1115543, remain = 8, size = 64
Send to executer failed.force_push: msg_id = 1115646, remain = 8, size = 64
Send to executer failed.force_push: msg_id = 1116718, remain = 72, size = 64
Send to executer failed.Loaded function exp06_run_audit_9. lib_load_elasped: 359, func_load_elasped: 3
