I0419 02:19:43.374678 Main        (1770033) /home/lgw/Lumine-benchmarks/Lumine/lib/base/thread.cpp:96] Register main thread: tid=1770033
I0419 02:19:43.377007 Main        (1770033) /home/lgw/Lumine-benchmarks/Lumine/lib/common/config.cpp:332] Load configuration for function exp09Start[1]
I0419 02:19:43.377254 Main        (1770033) /home/lgw/Lumine-benchmarks/Lumine/lib/common/config.cpp:332] Load configuration for function exp09End[2]
I0419 02:19:43.377364 Main        (1770033) /home/lgw/Lumine-benchmarks/Lumine/lib/common/config.cpp:332] Load configuration for function exp09Register[3]
I0419 02:19:43.377573 Main        (1770033) /home/lgw/Lumine-benchmarks/Lumine/src/host/worker/cpp/func_worker.cpp:107] My client_id is 3
I0419 02:19:43.377732 Main        (1770033) /home/lgw/Lumine-benchmarks/Lumine/src/host/worker/cpp/func_worker.cpp:173] Use extra pipes for messages
I0419 02:19:43.430279 Main        (1770033) /home/lgw/Lumine-benchmarks/Lumine/src/host/worker/cpp/func_worker.cpp:195] Handshake done
I0419 02:23:11.592799 Main        (1770033) /home/lgw/Lumine-benchmarks/Experiments/09/src/0_start/start.cpp:88] req_id = 60003, start_time = 1681870991591024
I0419 02:23:12.391294 Main        (1770033) /home/lgw/Lumine-benchmarks/Experiments/09/src/0_start/start.cpp:88] req_id = 60005, start_time = 1681870992390357
I0419 02:23:12.394621 Main        (1770033) /home/lgw/Lumine-benchmarks/Experiments/09/src/0_start/start.cpp:88] req_id = 240004, start_time = 1681870992393731
I0419 02:23:13.185569 Main        (1770033) /home/lgw/Lumine-benchmarks/Experiments/09/src/0_start/start.cpp:88] req_id = 60006, start_time = 1681870993184668
I0419 02:23:13.188229 Main        (1770033) /home/lgw/Lumine-benchmarks/Experiments/09/src/0_start/start.cpp:88] req_id = 180005, start_time = 1681870993187460
I0419 02:23:13.191030 Main        (1770033) /home/lgw/Lumine-benchmarks/Experiments/09/src/0_start/start.cpp:88] req_id = 60007, start_time = 1681870993190167
I0419 02:23:13.193381 Main        (1770033) /home/lgw/Lumine-benchmarks/Experiments/09/src/0_start/start.cpp:88] req_id = 180006, start_time = 1681870993192644
I0419 02:23:13.986518 Main        (1770033) /home/lgw/Lumine-benchmarks/Experiments/09/src/0_start/start.cpp:88] req_id = 120007, start_time = 1681870993985761
I0419 02:23:13.990379 Main        (1770033) /home/lgw/Lumine-benchmarks/Experiments/09/src/0_start/start.cpp:88] req_id = 240007, start_time = 1681870993989480
I0419 02:23:13.993564 Main        (1770033) /home/lgw/Lumine-benchmarks/Experiments/09/src/0_start/start.cpp:88] req_id = 180008, start_time = 1681870993992655
I0419 02:23:14.787040 Main        (1770033) /home/lgw/Lumine-benchmarks/Experiments/09/src/0_start/start.cpp:88] req_id = 120009, start_time = 1681870994786238
I0419 02:23:14.791513 Main        (1770033) /home/lgw/Lumine-benchmarks/Experiments/09/src/0_start/start.cpp:88] req_id = 120010, start_time = 1681870994790709
I0419 02:23:14.794392 Main        (1770033) /home/lgw/Lumine-benchmarks/Experiments/09/src/0_start/start.cpp:88] req_id = 240010, start_time = 1681870994793749
I0419 02:23:15.584978 Main        (1770033) /home/lgw/Lumine-benchmarks/Experiments/09/src/0_start/start.cpp:88] req_id = 60012, start_time = 1681870995584207
I0419 02:23:15.587607 Main        (1770033) /home/lgw/Lumine-benchmarks/Experiments/09/src/0_start/start.cpp:88] req_id = 120011, start_time = 1681870995586919
I0419 02:23:15.590226 Main        (1770033) /home/lgw/Lumine-benchmarks/Experiments/09/src/0_start/start.cpp:88] req_id = 60013, start_time = 1681870995589358
I0419 02:23:15.593974 Main        (1770033) /home/lgw/Lumine-benchmarks/Experiments/09/src/0_start/start.cpp:88] req_id = 180012, start_time = 1681870995593142
I0419 02:23:16.387923 Main        (1770033) /home/lgw/Lumine-benchmarks/Experiments/09/src/0_start/start.cpp:88] req_id = 120013, start_time = 1681870996387060
I0419 02:23:17.188055 Main        (1770033) /home/lgw/Lumine-benchmarks/Experiments/09/src/0_start/start.cpp:88] req_id = 180015, start_time = 1681870997187453
I0419 02:23:17.190316 Main        (1770033) /home/lgw/Lumine-benchmarks/Experiments/09/src/0_start/start.cpp:88] req_id = 60017, start_time = 1681870997189681
I0419 02:23:17.193262 Main        (1770033) /home/lgw/Lumine-benchmarks/Experiments/09/src/0_start/start.cpp:88] req_id = 180016, start_time = 1681870997192522
I0419 02:23:17.986356 Main        (1770033) /home/lgw/Lumine-benchmarks/Experiments/09/src/0_start/start.cpp:88] req_id = 60018, start_time = 1681870997985514
I0419 02:23:17.989778 Main        (1770033) /home/lgw/Lumine-benchmarks/Experiments/09/src/0_start/start.cpp:88] req_id = 240017, start_time = 1681870997989135
I0419 02:23:18.789073 Main        (1770033) /home/lgw/Lumine-benchmarks/Experiments/09/src/0_start/start.cpp:88] req_id = 240019, start_time = 1681870998788332
I0419 02:23:18.791864 Main        (1770033) /home/lgw/Lumine-benchmarks/Experiments/09/src/0_start/start.cpp:88] req_id = 120020, start_time = 1681870998791034
I0419 02:23:18.794774 Main        (1770033) /home/lgw/Lumine-benchmarks/Experiments/09/src/0_start/start.cpp:88] req_id = 240020, start_time = 1681870998793817
I0419 02:23:19.585293 Main        (1770033) /home/lgw/Lumine-benchmarks/Experiments/09/src/0_start/start.cpp:88] req_id = 60022, start_time = 1681870999584390
I0419 02:23:19.588359 Main        (1770033) /home/lgw/Lumine-benchmarks/Experiments/09/src/0_start/start.cpp:88] req_id = 180021, start_time = 1681870999587580
I0419 02:23:19.591909 Main        (1770033) /home/lgw/Lumine-benchmarks/Experiments/09/src/0_start/start.cpp:88] req_id = 120022, start_time = 1681870999591076
I0419 02:23:20.389923 Main        (1770033) /home/lgw/Lumine-benchmarks/Experiments/09/src/0_start/start.cpp:88] req_id = 240023, start_time = 1681871000389102
I0419 02:23:20.392703 Main        (1770033) /home/lgw/Lumine-benchmarks/Experiments/09/src/0_start/start.cpp:88] req_id = 120024, start_time = 1681871000391906
I0419 02:23:21.186844 Main        (1770033) /home/lgw/Lumine-benchmarks/Experiments/09/src/0_start/start.cpp:88] req_id = 120025, start_time = 1681871001186016
I0419 02:23:21.189144 Main        (1770033) /home/lgw/Lumine-benchmarks/Experiments/09/src/0_start/start.cpp:88] req_id = 240025, start_time = 1681871001188284
I0419 02:23:21.192792 Main        (1770033) /home/lgw/Lumine-benchmarks/Experiments/09/src/0_start/start.cpp:88] req_id = 120026, start_time = 1681871001192022
I0419 02:23:21.987412 Main        (1770033) /home/lgw/Lumine-benchmarks/Experiments/09/src/0_start/start.cpp:88] req_id = 180027, start_time = 1681871001986608
I0419 02:23:21.990898 Main        (1770033) /home/lgw/Lumine-benchmarks/Experiments/09/src/0_start/start.cpp:88] req_id = 60029, start_time = 1681871001990190
I0419 02:23:21.993596 Main        (1770033) /home/lgw/Lumine-benchmarks/Experiments/09/src/0_start/start.cpp:88] req_id = 180028, start_time = 1681871001992932
I0419 02:23:22.786559 Main        (1770033) /home/lgw/Lumine-benchmarks/Experiments/09/src/0_start/start.cpp:88] req_id = 120029, start_time = 1681871002785759
I0419 02:23:22.789601 Main        (1770033) /home/lgw/Lumine-benchmarks/Experiments/09/src/0_start/start.cpp:88] req_id = 240029, start_time = 1681871002788809
I0419 02:23:24.391696 Main        (1770033) /home/lgw/Lumine-benchmarks/Experiments/09/src/0_start/start.cpp:88] req_id = 120034, start_time = 1681871004390958
I0419 02:23:24.394463 Main        (1770033) /home/lgw/Lumine-benchmarks/Experiments/09/src/0_start/start.cpp:88] req_id = 240034, start_time = 1681871004393829
I0419 02:23:25.185076 Main        (1770033) /home/lgw/Lumine-benchmarks/Experiments/09/src/0_start/start.cpp:88] req_id = 60036, start_time = 1681871005184251
I0419 02:23:25.992092 Main        (1770033) /home/lgw/Lumine-benchmarks/Experiments/09/src/0_start/start.cpp:88] req_id = 120038, start_time = 1681871005991057
I0419 02:23:26.789112 Main        (1770033) /home/lgw/Lumine-benchmarks/Experiments/09/src/0_start/start.cpp:88] req_id = 240039, start_time = 1681871006788268
I0419 02:23:29.187496 Main        (1770033) /home/lgw/Lumine-benchmarks/Experiments/09/src/0_start/start.cpp:88] req_id = 180045, start_time = 1681871009186799
I0419 02:23:29.190468 Main        (1770033) /home/lgw/Lumine-benchmarks/Experiments/09/src/0_start/start.cpp:88] req_id = 60047, start_time = 1681871009189687
I0419 02:23:29.988284 Main        (1770033) /home/lgw/Lumine-benchmarks/Experiments/09/src/0_start/start.cpp:88] req_id = 240047, start_time = 1681871009987629
I0419 02:23:29.990501 Main        (1770033) /home/lgw/Lumine-benchmarks/Experiments/09/src/0_start/start.cpp:88] req_id = 60049, start_time = 1681871009989874
I0419 02:23:29.992632 Main        (1770033) /home/lgw/Lumine-benchmarks/Experiments/09/src/0_start/start.cpp:88] req_id = 120048, start_time = 1681871009992039
I0419 02:23:31.587644 Main        (1770033) /home/lgw/Lumine-benchmarks/Experiments/09/src/0_start/start.cpp:88] req_id = 180051, start_time = 1681871011586769
I0419 02:23:31.590678 Main        (1770033) /home/lgw/Lumine-benchmarks/Experiments/09/src/0_start/start.cpp:88] req_id = 60053, start_time = 1681871011589881
I0419 02:23:32.387294 Main        (1770033) /home/lgw/Lumine-benchmarks/Experiments/09/src/0_start/start.cpp:88] req_id = 180053, start_time = 1681871012386567
I0419 02:23:32.389840 Main        (1770033) /home/lgw/Lumine-benchmarks/Experiments/09/src/0_start/start.cpp:88] req_id = 240053, start_time = 1681871012388881
I0419 02:23:32.393219 Main        (1770033) /home/lgw/Lumine-benchmarks/Experiments/09/src/0_start/start.cpp:88] req_id = 180054, start_time = 1681871012392511
I0419 02:23:33.186805 Main        (1770033) /home/lgw/Lumine-benchmarks/Experiments/09/src/0_start/start.cpp:88] req_id = 120055, start_time = 1681871013185958
I0419 02:23:33.191086 Main        (1770033) /home/lgw/Lumine-benchmarks/Experiments/09/src/0_start/start.cpp:88] req_id = 120056, start_time = 1681871013190366
I0419 02:23:33.194496 Main        (1770033) /home/lgw/Lumine-benchmarks/Experiments/09/src/0_start/start.cpp:88] req_id = 240056, start_time = 1681871013193774
I0419 02:23:33.985333 Main        (1770033) /home/lgw/Lumine-benchmarks/Experiments/09/src/0_start/start.cpp:88] req_id = 60058, start_time = 1681871013984642
I0419 02:23:33.988185 Main        (1770033) /home/lgw/Lumine-benchmarks/Experiments/09/src/0_start/start.cpp:88] req_id = 180057, start_time = 1681871013987528
I0419 02:23:34.788906 Main        (1770033) /home/lgw/Lumine-benchmarks/Experiments/09/src/0_start/start.cpp:88] req_id = 240059, start_time = 1681871014788091
I0419 02:23:34.791569 Main        (1770033) /home/lgw/Lumine-benchmarks/Experiments/09/src/0_start/start.cpp:88] req_id = 120060, start_time = 1681871014790922
I0419 02:23:34.794981 Main        (1770033) /home/lgw/Lumine-benchmarks/Experiments/09/src/0_start/start.cpp:88] req_id = 240060, start_time = 1681871014794157
I0419 02:23:35.585067 Main        (1770033) /home/lgw/Lumine-benchmarks/Experiments/09/src/0_start/start.cpp:88] req_id = 60062, start_time = 1681871015584403
I0419 02:23:35.587524 Main        (1770033) /home/lgw/Lumine-benchmarks/Experiments/09/src/0_start/start.cpp:88] req_id = 180061, start_time = 1681871015586780
I0419 02:23:35.589967 Main        (1770033) /home/lgw/Lumine-benchmarks/Experiments/09/src/0_start/start.cpp:88] req_id = 60063, start_time = 1681871015589313
I0419 02:23:35.592760 Main        (1770033) /home/lgw/Lumine-benchmarks/Experiments/09/src/0_start/start.cpp:88] req_id = 120062, start_time = 1681871015592092
I0419 02:23:36.387664 Main        (1770033) /home/lgw/Lumine-benchmarks/Experiments/09/src/0_start/start.cpp:88] req_id = 180063, start_time = 1681871016386978
I0419 02:23:36.390710 Main        (1770033) /home/lgw/Lumine-benchmarks/Experiments/09/src/0_start/start.cpp:88] req_id = 60065, start_time = 1681871016390080
I0419 02:23:37.188444 Main        (1770033) /home/lgw/Lumine-benchmarks/Experiments/09/src/0_start/start.cpp:88] req_id = 240065, start_time = 1681871017187629
I0419 02:23:37.192097 Main        (1770033) /home/lgw/Lumine-benchmarks/Experiments/09/src/0_start/start.cpp:88] req_id = 120066, start_time = 1681871017191360
I0419 02:23:37.194462 Main        (1770033) /home/lgw/Lumine-benchmarks/Experiments/09/src/0_start/start.cpp:88] req_id = 240066, start_time = 1681871017193720
I0419 02:23:37.986055 Main        (1770033) /home/lgw/Lumine-benchmarks/Experiments/09/src/0_start/start.cpp:88] req_id = 60068, start_time = 1681871017985068
I0419 02:23:37.991731 Main        (1770033) /home/lgw/Lumine-benchmarks/Experiments/09/src/0_start/start.cpp:88] req_id = 120068, start_time = 1681871017990989
I0419 02:23:37.994961 Main        (1770033) /home/lgw/Lumine-benchmarks/Experiments/09/src/0_start/start.cpp:88] req_id = 240068, start_time = 1681871017994184
I0419 02:23:38.784830 Main        (1770033) /home/lgw/Lumine-benchmarks/Experiments/09/src/0_start/start.cpp:88] req_id = 60070, start_time = 1681871018783773
I0419 02:23:38.789017 Main        (1770033) /home/lgw/Lumine-benchmarks/Experiments/09/src/0_start/start.cpp:88] req_id = 180069, start_time = 1681871018788033
I0419 02:23:39.588524 Main        (1770033) /home/lgw/Lumine-benchmarks/Experiments/09/src/0_start/start.cpp:88] req_id = 240071, start_time = 1681871019587702
I0419 02:23:39.591710 Main        (1770033) /home/lgw/Lumine-benchmarks/Experiments/09/src/0_start/start.cpp:88] req_id = 120072, start_time = 1681871019590818
I0419 02:23:39.594432 Main        (1770033) /home/lgw/Lumine-benchmarks/Experiments/09/src/0_start/start.cpp:88] req_id = 240072, start_time = 1681871019593668
I0419 02:23:40.384607 Main        (1770033) /home/lgw/Lumine-benchmarks/Experiments/09/src/0_start/start.cpp:88] req_id = 60074, start_time = 1681871020383910
I0419 02:23:40.387407 Main        (1770033) /home/lgw/Lumine-benchmarks/Experiments/09/src/0_start/start.cpp:88] req_id = 180073, start_time = 1681871020386449
I0419 02:23:40.391545 Main        (1770033) /home/lgw/Lumine-benchmarks/Experiments/09/src/0_start/start.cpp:88] req_id = 120074, start_time = 1681871020390794
I0419 02:23:40.394296 Main        (1770033) /home/lgw/Lumine-benchmarks/Experiments/09/src/0_start/start.cpp:88] req_id = 240074, start_time = 1681871020393501
I0419 02:23:41.185820 Main        (1770033) /home/lgw/Lumine-benchmarks/Experiments/09/src/0_start/start.cpp:88] req_id = 60076, start_time = 1681871021185109
I0419 02:23:41.189868 Main        (1770033) /home/lgw/Lumine-benchmarks/Experiments/09/src/0_start/start.cpp:88] req_id = 60077, start_time = 1681871021189144
I0419 02:23:41.192915 Main        (1770033) /home/lgw/Lumine-benchmarks/Experiments/09/src/0_start/start.cpp:88] req_id = 180076, start_time = 1681871021192150
I0419 02:23:41.986698 Main        (1770033) /home/lgw/Lumine-benchmarks/Experiments/09/src/0_start/start.cpp:88] req_id = 120077, start_time = 1681871021985838
I0419 02:23:43.588408 Main        (1770033) /home/lgw/Lumine-benchmarks/Experiments/09/src/0_start/start.cpp:88] req_id = 180081, start_time = 1681871023587613
I0419 02:23:43.591105 Main        (1770033) /home/lgw/Lumine-benchmarks/Experiments/09/src/0_start/start.cpp:88] req_id = 120082, start_time = 1681871023590266
I0419 02:23:43.594319 Main        (1770033) /home/lgw/Lumine-benchmarks/Experiments/09/src/0_start/start.cpp:88] req_id = 240082, start_time = 1681871023593491
I0419 02:23:44.386370 Main        (1770033) /home/lgw/Lumine-benchmarks/Experiments/09/src/0_start/start.cpp:88] req_id = 60084, start_time = 1681871024385170
I0419 02:23:45.190198 Main        (1770033) /home/lgw/Lumine-benchmarks/Experiments/09/src/0_start/start.cpp:88] req_id = 60087, start_time = 1681871025189270
I0419 02:23:45.192976 Main        (1770033) /home/lgw/Lumine-benchmarks/Experiments/09/src/0_start/start.cpp:88] req_id = 180086, start_time = 1681871025192375
I0419 02:23:45.987071 Main        (1770033) /home/lgw/Lumine-benchmarks/Experiments/09/src/0_start/start.cpp:88] req_id = 120087, start_time = 1681871025986101
I0419 02:23:45.991062 Main        (1770033) /home/lgw/Lumine-benchmarks/Experiments/09/src/0_start/start.cpp:88] req_id = 60089, start_time = 1681871025990146
I0419 02:23:47.591315 Main        (1770033) /home/lgw/Lumine-benchmarks/Experiments/09/src/0_start/start.cpp:88] req_id = 120092, start_time = 1681871027590443
I0419 02:23:47.594386 Main        (1770033) /home/lgw/Lumine-benchmarks/Experiments/09/src/0_start/start.cpp:88] req_id = 240092, start_time = 1681871027593452
I0419 02:23:48.384634 Main        (1770033) /home/lgw/Lumine-benchmarks/Experiments/09/src/0_start/start.cpp:88] req_id = 60094, start_time = 1681871028383914
I0419 02:23:48.387529 Main        (1770033) /home/lgw/Lumine-benchmarks/Experiments/09/src/0_start/start.cpp:88] req_id = 180093, start_time = 1681871028386704
I0419 02:23:48.390720 Main        (1770033) /home/lgw/Lumine-benchmarks/Experiments/09/src/0_start/start.cpp:88] req_id = 60095, start_time = 1681871028389966
I0419 02:23:48.393713 Main        (1770033) /home/lgw/Lumine-benchmarks/Experiments/09/src/0_start/start.cpp:88] req_id = 180094, start_time = 1681871028393010
I0419 02:23:49.186635 Main        (1770033) /home/lgw/Lumine-benchmarks/Experiments/09/src/0_start/start.cpp:88] req_id = 120095, start_time = 1681871029185778
I0419 02:23:49.189362 Main        (1770033) /home/lgw/Lumine-benchmarks/Experiments/09/src/0_start/start.cpp:88] req_id = 240095, start_time = 1681871029188646
I0419 02:23:49.192070 Main        (1770033) /home/lgw/Lumine-benchmarks/Experiments/09/src/0_start/start.cpp:88] req_id = 120096, start_time = 1681871029191342
I0419 02:23:49.194631 Main        (1770033) /home/lgw/Lumine-benchmarks/Experiments/09/src/0_start/start.cpp:88] req_id = 240096, start_time = 1681871029193880
I0419 02:23:49.985010 Main        (1770033) /home/lgw/Lumine-benchmarks/Experiments/09/src/0_start/start.cpp:88] req_id = 60098, start_time = 1681871029984130
I0419 02:23:49.987562 Main        (1770033) /home/lgw/Lumine-benchmarks/Experiments/09/src/0_start/start.cpp:88] req_id = 180097, start_time = 1681871029986784
I0419 02:23:49.990201 Main        (1770033) /home/lgw/Lumine-benchmarks/Experiments/09/src/0_start/start.cpp:88] req_id = 60099, start_time = 1681871029989563
I0419 02:23:49.995065 Main        (1770033) /home/lgw/Lumine-benchmarks/Experiments/09/src/0_start/start.cpp:88] req_id = 240098, start_time = 1681871029994058
I0419 02:23:50.785636 Main        (1770033) /home/lgw/Lumine-benchmarks/Experiments/09/src/0_start/start.cpp:88] req_id = 60100, start_time = 1681871030784923
I0419 02:23:50.787991 Main        (1770033) /home/lgw/Lumine-benchmarks/Experiments/09/src/0_start/start.cpp:88] req_id = 180099, start_time = 1681871030787042
I0419 02:23:50.790984 Main        (1770033) /home/lgw/Lumine-benchmarks/Experiments/09/src/0_start/start.cpp:88] req_id = 120100, start_time = 1681871030790284
I0419 02:23:50.793306 Main        (1770033) /home/lgw/Lumine-benchmarks/Experiments/09/src/0_start/start.cpp:88] req_id = 180100, start_time = 1681871030792524
I0419 02:23:51.586312 Main        (1770033) /home/lgw/Lumine-benchmarks/Experiments/09/src/0_start/start.cpp:88] req_id = 120101, start_time = 1681871031585430
I0419 02:23:51.589247 Main        (1770033) /home/lgw/Lumine-benchmarks/Experiments/09/src/0_start/start.cpp:88] req_id = 240101, start_time = 1681871031588563
I0419 02:23:52.387277 Main        (1770033) /home/lgw/Lumine-benchmarks/Experiments/09/src/0_start/start.cpp:88] req_id = 180103, start_time = 1681871032386572
I0419 02:23:52.390337 Main        (1770033) /home/lgw/Lumine-benchmarks/Experiments/09/src/0_start/start.cpp:88] req_id = 60105, start_time = 1681871032389574
I0419 02:23:52.393460 Main        (1770033) /home/lgw/Lumine-benchmarks/Experiments/09/src/0_start/start.cpp:88] req_id = 180104, start_time = 1681871032392799
I0419 02:23:53.186899 Main        (1770033) /home/lgw/Lumine-benchmarks/Experiments/09/src/0_start/start.cpp:88] req_id = 120105, start_time = 1681871033185998
I0419 02:23:53.189126 Main        (1770033) /home/lgw/Lumine-benchmarks/Experiments/09/src/0_start/start.cpp:88] req_id = 240105, start_time = 1681871033188447
I0419 02:23:53.191776 Main        (1770033) /home/lgw/Lumine-benchmarks/Experiments/09/src/0_start/start.cpp:88] req_id = 120106, start_time = 1681871033191158
I0419 02:23:53.193937 Main        (1770033) /home/lgw/Lumine-benchmarks/Experiments/09/src/0_start/start.cpp:88] req_id = 240106, start_time = 1681871033193361
I0419 02:23:53.984528 Main        (1770033) /home/lgw/Lumine-benchmarks/Experiments/09/src/0_start/start.cpp:88] req_id = 60108, start_time = 1681871033983685
I0419 02:23:53.987501 Main        (1770033) /home/lgw/Lumine-benchmarks/Experiments/09/src/0_start/start.cpp:88] req_id = 180107, start_time = 1681871033986832
I0419 02:23:53.989974 Main        (1770033) /home/lgw/Lumine-benchmarks/Experiments/09/src/0_start/start.cpp:88] req_id = 240107, start_time = 1681871033989169
I0419 02:23:56.392755 Main        (1770033) /home/lgw/Lumine-benchmarks/Experiments/09/src/0_start/start.cpp:88] req_id = 180114, start_time = 1681871036391960
I0419 02:23:57.186526 Main        (1770033) /home/lgw/Lumine-benchmarks/Experiments/09/src/0_start/start.cpp:88] req_id = 120115, start_time = 1681871037185811
I0419 02:23:57.189051 Main        (1770033) /home/lgw/Lumine-benchmarks/Experiments/09/src/0_start/start.cpp:88] req_id = 240115, start_time = 1681871037188381
I0419 02:23:57.191420 Main        (1770033) /home/lgw/Lumine-benchmarks/Experiments/09/src/0_start/start.cpp:88] req_id = 120116, start_time = 1681871037190814
I0419 02:23:57.193823 Main        (1770033) /home/lgw/Lumine-benchmarks/Experiments/09/src/0_start/start.cpp:88] req_id = 240116, start_time = 1681871037193162
I0419 02:23:57.984529 Main        (1770033) /home/lgw/Lumine-benchmarks/Experiments/09/src/0_start/start.cpp:88] req_id = 60118, start_time = 1681871037983772
I0419 02:23:57.987415 Main        (1770033) /home/lgw/Lumine-benchmarks/Experiments/09/src/0_start/start.cpp:88] req_id = 180117, start_time = 1681871037986724
I0419 02:23:57.990782 Main        (1770033) /home/lgw/Lumine-benchmarks/Experiments/09/src/0_start/start.cpp:88] req_id = 60119, start_time = 1681871037989929
I0419 02:23:57.994110 Main        (1770033) /home/lgw/Lumine-benchmarks/Experiments/09/src/0_start/start.cpp:88] req_id = 240118, start_time = 1681871037993433
I0419 02:23:58.784288 Main        (1770033) /home/lgw/Lumine-benchmarks/Experiments/09/src/0_start/start.cpp:88] req_id = 60120, start_time = 1681871038783613
I0419 02:23:58.787240 Main        (1770033) /home/lgw/Lumine-benchmarks/Experiments/09/src/0_start/start.cpp:88] req_id = 180119, start_time = 1681871038786268
I0419 02:23:58.790393 Main        (1770033) /home/lgw/Lumine-benchmarks/Experiments/09/src/0_start/start.cpp:88] req_id = 60121, start_time = 1681871038789688
I0419 02:23:58.792480 Main        (1770033) /home/lgw/Lumine-benchmarks/Experiments/09/src/0_start/start.cpp:88] req_id = 180120, start_time = 1681871038791765
I0419 02:23:59.586453 Main        (1770033) /home/lgw/Lumine-benchmarks/Experiments/09/src/0_start/start.cpp:88] req_id = 120121, start_time = 1681871039585692
I0419 02:23:59.589470 Main        (1770033) /home/lgw/Lumine-benchmarks/Experiments/09/src/0_start/start.cpp:88] req_id = 240121, start_time = 1681871039588728
I0419 02:24:00.391589 Main        (1770033) /home/lgw/Lumine-benchmarks/Experiments/09/src/0_start/start.cpp:88] req_id = 120124, start_time = 1681871040390733
I0419 02:24:00.394978 Main        (1770033) /home/lgw/Lumine-benchmarks/Experiments/09/src/0_start/start.cpp:88] req_id = 240124, start_time = 1681871040394112
I0419 02:24:01.185361 Main        (1770033) /home/lgw/Lumine-benchmarks/Experiments/09/src/0_start/start.cpp:88] req_id = 60126, start_time = 1681871041184668
I0419 02:24:01.187806 Main        (1770033) /home/lgw/Lumine-benchmarks/Experiments/09/src/0_start/start.cpp:88] req_id = 180125, start_time = 1681871041187013
I0419 02:24:01.190628 Main        (1770033) /home/lgw/Lumine-benchmarks/Experiments/09/src/0_start/start.cpp:88] req_id = 60127, start_time = 1681871041189639
I0419 02:24:01.991650 Main        (1770033) /home/lgw/Lumine-benchmarks/Experiments/09/src/0_start/start.cpp:88] req_id = 120128, start_time = 1681871041990866
I0419 02:24:01.994004 Main        (1770033) /home/lgw/Lumine-benchmarks/Experiments/09/src/0_start/start.cpp:88] req_id = 240128, start_time = 1681871041993317
I0419 02:24:02.784874 Main        (1770033) /home/lgw/Lumine-benchmarks/Experiments/09/src/0_start/start.cpp:88] req_id = 60130, start_time = 1681871042784175
I0419 02:24:02.787453 Main        (1770033) /home/lgw/Lumine-benchmarks/Experiments/09/src/0_start/start.cpp:88] req_id = 180129, start_time = 1681871042786735
I0419 02:24:02.789967 Main        (1770033) /home/lgw/Lumine-benchmarks/Experiments/09/src/0_start/start.cpp:88] req_id = 240129, start_time = 1681871042789197
I0419 02:24:03.591436 Main        (1770033) /home/lgw/Lumine-benchmarks/Experiments/09/src/0_start/start.cpp:88] req_id = 120132, start_time = 1681871043590562
I0419 02:24:03.594835 Main        (1770033) /home/lgw/Lumine-benchmarks/Experiments/09/src/0_start/start.cpp:88] req_id = 240132, start_time = 1681871043593604
I0419 02:24:04.385381 Main        (1770033) /home/lgw/Lumine-benchmarks/Experiments/09/src/0_start/start.cpp:88] req_id = 60134, start_time = 1681871044384505
I0419 02:24:04.389215 Main        (1770033) /home/lgw/Lumine-benchmarks/Experiments/09/src/0_start/start.cpp:88] req_id = 240133, start_time = 1681871044388473
I0419 02:24:05.187365 Main        (1770033) /home/lgw/Lumine-benchmarks/Experiments/09/src/0_start/start.cpp:88] req_id = 180135, start_time = 1681871045186439
I0419 02:24:05.189952 Main        (1770033) /home/lgw/Lumine-benchmarks/Experiments/09/src/0_start/start.cpp:88] req_id = 240135, start_time = 1681871045189102
I0419 02:24:05.988064 Main        (1770033) /home/lgw/Lumine-benchmarks/Experiments/09/src/0_start/start.cpp:88] req_id = 180137, start_time = 1681871045987156
I0419 02:24:05.990815 Main        (1770033) /home/lgw/Lumine-benchmarks/Experiments/09/src/0_start/start.cpp:88] req_id = 60139, start_time = 1681871045989924
I0419 02:24:05.993359 Main        (1770033) /home/lgw/Lumine-benchmarks/Experiments/09/src/0_start/start.cpp:88] req_id = 180138, start_time = 1681871045992637
I0419 02:24:06.787277 Main        (1770033) /home/lgw/Lumine-benchmarks/Experiments/09/src/0_start/start.cpp:88] req_id = 180139, start_time = 1681871046786433
I0419 02:24:06.790310 Main        (1770033) /home/lgw/Lumine-benchmarks/Experiments/09/src/0_start/start.cpp:88] req_id = 60141, start_time = 1681871046789570
I0419 02:24:06.793096 Main        (1770033) /home/lgw/Lumine-benchmarks/Experiments/09/src/0_start/start.cpp:88] req_id = 180140, start_time = 1681871046792511
I0419 02:24:07.586720 Main        (1770033) /home/lgw/Lumine-benchmarks/Experiments/09/src/0_start/start.cpp:88] req_id = 120141, start_time = 1681871047585581
I0419 02:24:08.391690 Main        (1770033) /home/lgw/Lumine-benchmarks/Experiments/09/src/0_start/start.cpp:88] req_id = 120144, start_time = 1681871048390664
I0419 02:24:08.394159 Main        (1770033) /home/lgw/Lumine-benchmarks/Experiments/09/src/0_start/start.cpp:88] req_id = 240144, start_time = 1681871048393369
I0419 02:24:09.184995 Main        (1770033) /home/lgw/Lumine-benchmarks/Experiments/09/src/0_start/start.cpp:88] req_id = 60146, start_time = 1681871049184126
I0419 02:24:09.187459 Main        (1770033) /home/lgw/Lumine-benchmarks/Experiments/09/src/0_start/start.cpp:88] req_id = 180145, start_time = 1681871049186579
I0419 02:24:09.189840 Main        (1770033) /home/lgw/Lumine-benchmarks/Experiments/09/src/0_start/start.cpp:88] req_id = 240145, start_time = 1681871049188947
I0419 02:24:09.192504 Main        (1770033) /home/lgw/Lumine-benchmarks/Experiments/09/src/0_start/start.cpp:88] req_id = 180146, start_time = 1681871049191799
I0419 02:24:09.986257 Main        (1770033) /home/lgw/Lumine-benchmarks/Experiments/09/src/0_start/start.cpp:88] req_id = 120147, start_time = 1681871049985325
I0419 02:24:09.989167 Main        (1770033) /home/lgw/Lumine-benchmarks/Experiments/09/src/0_start/start.cpp:88] req_id = 240147, start_time = 1681871049988341
I0419 02:24:09.993377 Main        (1770033) /home/lgw/Lumine-benchmarks/Experiments/09/src/0_start/start.cpp:88] req_id = 180148, start_time = 1681871049992541
I0419 02:24:10.788502 Main        (1770033) /home/lgw/Lumine-benchmarks/Experiments/09/src/0_start/start.cpp:88] req_id = 180149, start_time = 1681871050787737
I0419 02:24:10.791554 Main        (1770033) /home/lgw/Lumine-benchmarks/Experiments/09/src/0_start/start.cpp:88] req_id = 120150, start_time = 1681871050790624
I0419 02:24:11.586387 Main        (1770033) /home/lgw/Lumine-benchmarks/Experiments/09/src/0_start/start.cpp:88] req_id = 120151, start_time = 1681871051585553
I0419 02:24:11.589226 Main        (1770033) /home/lgw/Lumine-benchmarks/Experiments/09/src/0_start/start.cpp:88] req_id = 240151, start_time = 1681871051588453
