Read file config.yml
Running executor...
Loaded function exp00_back. lib_load_elasped: 163, func_load_elasped: 3
Loaded function exp00_front. lib_load_elasped: 139, func_load_elasped: 1
chain_length = 2, payload_size = 512, token 17329 us.
chain_length = 2, payload_size = 512, token 30038 us.
chain_length = 2, payload_size = 512, token 368877 us.
chain_length = 2, payload_size = 512, token 1237630 us.
chain_length = 2, payload_size = 512, token 1443089 us.
chain_length = 2, payload_size = 512, token 2926016 us.
chain_length = 2, payload_size = 512, token 2511700 us.
chain_length = 2, payload_size = 512, token 3044486 us.
chain_length = 2, payload_size = 512, token 2286746 us.
chain_length = 2, payload_size = 512, token 1733198 us.
chain_length = 2, payload_size = 512, token 3767037 us.
chain_length = 2, payload_size = 512, token 1791595 us.
chain_length = 2, payload_size = 512, token 2304339 us.
chain_length = 2, payload_size = 512, token 4151651 us.
chain_length = 2, payload_size = 512, token 2496538 us.
chain_length = 2, payload_size = 512, token 5833129 us.
chain_length = 2, payload_size = 512, token 5351273 us.
chain_length = 2, payload_size = 512, token 3694404 us.
chain_length = 2, payload_size = 512, token 4546701 us.
chain_length = 2, payload_size = 512, token 7001626 us.
chain_length = 2, payload_size = 512, token 7310500 us.
chain_length = 2, payload_size = 512, token 9419469 us.
chain_length = 2, payload_size = 512, token 8612228 us.
chain_length = 2, payload_size = 512, token 8697698 us.
chain_length = 2, payload_size = 512, token 9045606 us.
chain_length = 2, payload_size = 512, token 3759663 us.
chain_length = 2, payload_size = 512, token 6732619 us.
chain_length = 2, payload_size = 512, token 4544726 us.
chain_length = 2, payload_size = 512, token 4513368 us.
chain_length = 2, payload_size = 512, token 7801881 us.
chain_length = 2, payload_size = 512, token 11120310 us.
chain_length = 2, payload_size = 512, token 7981007 us.
chain_length = 2, payload_size = 512, token 8340802 us.
chain_length = 2, payload_size = 512, token 7956939 us.
chain_length = 2, payload_size = 512, token 7359540 us.
chain_length = 2, payload_size = 512, token 13783672 us.
