Read file config.yml
Running executor...
Loaded function exp00_back. lib_load_elasped: 152, func_load_elasped: 2
Loaded function exp00_front. lib_load_elasped: 152, func_load_elasped: 1
chain_length = 2, payload_size = 512, token 19358 us.
chain_length = 2, payload_size = 512, token 29853 us.
chain_length = 2, payload_size = 512, token 37833 us.
chain_length = 2, payload_size = 512, token 2599852 us.
chain_length = 2, payload_size = 512, token 2962206 us.
chain_length = 2, payload_size = 512, token 1731757 us.
chain_length = 2, payload_size = 512, token 3901084 us.
chain_length = 2, payload_size = 512, token 3677260 us.
chain_length = 2, payload_size = 512, token 4026049 us.
chain_length = 2, payload_size = 512, token 5484219 us.
chain_length = 2, payload_size = 512, token 4777958 us.
chain_length = 2, payload_size = 512, token 5701898 us.
chain_length = 2, payload_size = 512, token 6203328 us.
chain_length = 2, payload_size = 512, token 8981978 us.
chain_length = 2, payload_size = 512, token 4948861 us.
chain_length = 2, payload_size = 512, token 7741256 us.
chain_length = 2, payload_size = 512, token 9021042 us.
chain_length = 2, payload_size = 512, token 4762886 us.
chain_length = 2, payload_size = 512, token 10390446 us.
chain_length = 2, payload_size = 512, token 8381004 us.
chain_length = 2, payload_size = 512, token 11701754 us.
chain_length = 2, payload_size = 512, token 6855523 us.
chain_length = 2, payload_size = 512, token 9633111 us.
chain_length = 2, payload_size = 512, token 6287052 us.
chain_length = 2, payload_size = 512, token 5690834 us.
chain_length = 2, payload_size = 512, token 5843083 us.
chain_length = 2, payload_size = 512, token 12751334 us.
chain_length = 2, payload_size = 512, token 13190411 us.
chain_length = 2, payload_size = 512, token 8754941 us.
chain_length = 2, payload_size = 512, token 11881434 us.
chain_length = 2, payload_size = 512, token 13206204 us.
chain_length = 2, payload_size = 512, token 8436276 us.
chain_length = 2, payload_size = 512, token 6165466 us.
chain_length = 2, payload_size = 512, token 8895821 us.
chain_length = 2, payload_size = 512, token 9980375 us.
chain_length = 2, payload_size = 512, token 14887257 us.
chain_length = 2, payload_size = 512, token 6659985 us.
