Read file config.yml
Running executor...
Loaded function exp00_back. lib_load_elasped: 194, func_load_elasped: 4
Loaded function exp00_front. lib_load_elasped: 145, func_load_elasped: 1
chain_length = 2, payload_size = 512, token 2034 us.
chain_length = 2, payload_size = 512, token 8973 us.
chain_length = 2, payload_size = 512, token 20483 us.
chain_length = 2, payload_size = 512, token 27123 us.
chain_length = 2, payload_size = 512, token 8467 us.
chain_length = 2, payload_size = 512, token 215598 us.
chain_length = 2, payload_size = 512, token 494432 us.
chain_length = 2, payload_size = 512, token 507704 us.
chain_length = 2, payload_size = 512, token 1375192 us.
chain_length = 2, payload_size = 512, token 830112 us.
chain_length = 2, payload_size = 512, token 2276966 us.
chain_length = 2, payload_size = 512, token 1746787 us.
chain_length = 2, payload_size = 512, token 1685461 us.
chain_length = 2, payload_size = 512, token 2186461 us.
chain_length = 2, payload_size = 512, token 1482969 us.
chain_length = 2, payload_size = 512, token 1451946 us.
chain_length = 2, payload_size = 512, token 6349699 us.
chain_length = 2, payload_size = 512, token 6312707 us.
chain_length = 2, payload_size = 512, token 7819418 us.
chain_length = 2, payload_size = 512, token 8116044 us.
chain_length = 2, payload_size = 512, token 6837986 us.
chain_length = 2, payload_size = 512, token 9575189 us.
chain_length = 2, payload_size = 512, token 7465545 us.
chain_length = 2, payload_size = 512, token 8885439 us.
chain_length = 2, payload_size = 512, token 10243408 us.
chain_length = 2, payload_size = 512, token 8963448 us.
chain_length = 2, payload_size = 512, token 5646135 us.
chain_length = 2, payload_size = 512, token 6589689 us.
chain_length = 2, payload_size = 512, token 4103050 us.
chain_length = 2, payload_size = 512, token 4706066 us.
chain_length = 2, payload_size = 512, token 5651930 us.
chain_length = 2, payload_size = 512, token 4311867 us.
chain_length = 2, payload_size = 512, token 4420987 us.
chain_length = 2, payload_size = 512, token 7753773 us.
chain_length = 2, payload_size = 512, token 5293114 us.
chain_length = 2, payload_size = 512, token 9126729 us.
chain_length = 2, payload_size = 512, token 4746805 us.
chain_length = 2, payload_size = 512, token 6051820 us.
chain_length = 2, payload_size = 512, token 10130517 us.
chain_length = 2, payload_size = 512, token 4895242 us.
chain_length = 2, payload_size = 512, token 10760904 us.
chain_length = 2, payload_size = 512, token 10225459 us.
chain_length = 2, payload_size = 512, token 12322637 us.
chain_length = 2, payload_size = 512, token 5710913 us.
chain_length = 2, payload_size = 512, token 5383129 us.
chain_length = 2, payload_size = 512, token 5539922 us.
chain_length = 2, payload_size = 512, token 11676820 us.
chain_length = 2, payload_size = 512, token 14581540 us.
chain_length = 2, payload_size = 512, token 6713369 us.
chain_length = 2, payload_size = 512, token 10403908 us.
chain_length = 2, payload_size = 512, token 8517075 us.
chain_length = 2, payload_size = 512, token 7149268 us.
chain_length = 2, payload_size = 512, token 9998488 us.
chain_length = 2, payload_size = 512, token 14603364 us.
chain_length = 2, payload_size = 512, token 6913038 us.
chain_length = 2, payload_size = 512, token 10624289 us.
