Read file config.yml
Running executor...
Loaded function exp00_back. lib_load_elasped: 177, func_load_elasped: 3
Loaded function exp00_front. lib_load_elasped: 140, func_load_elasped: 1
chain_length = 2, payload_size = 512, token 1761346 us.
chain_length = 2, payload_size = 512, token 1617153 us.
chain_length = 2, payload_size = 512, token 893617 us.
chain_length = 2, payload_size = 512, token 2374125 us.
chain_length = 2, payload_size = 512, token 2922193 us.
chain_length = 2, payload_size = 512, token 5851619 us.
chain_length = 2, payload_size = 512, token 4984113 us.
chain_length = 2, payload_size = 512, token 5138029 us.
chain_length = 2, payload_size = 512, token 4948356 us.
chain_length = 2, payload_size = 512, token 3169994 us.
chain_length = 2, payload_size = 512, token 4789331 us.
chain_length = 2, payload_size = 512, token 12799403 us.
chain_length = 2, payload_size = 512, token 8127046 us.
chain_length = 2, payload_size = 512, token 11315529 us.
chain_length = 2, payload_size = 512, token 10667083 us.
chain_length = 2, payload_size = 512, token 14180790 us.
chain_length = 2, payload_size = 512, token 15347141 us.
chain_length = 2, payload_size = 512, token 8237723 us.
chain_length = 2, payload_size = 512, token 6621930 us.
chain_length = 2, payload_size = 512, token 6757647 us.
chain_length = 2, payload_size = 512, token 8956778 us.
chain_length = 2, payload_size = 512, token 11621580 us.
chain_length = 2, payload_size = 512, token 8694031 us.
