Read file config.yml
Running executor...
Loaded function exp00_back. lib_load_elasped: 178, func_load_elasped: 3
Loaded function exp00_front. lib_load_elasped: 144, func_load_elasped: 1
chain_length = 2, payload_size = 512, token 19329 us.
chain_length = 2, payload_size = 512, token 30251 us.
chain_length = 2, payload_size = 512, token 31501 us.
chain_length = 2, payload_size = 512, token 425101 us.
chain_length = 2, payload_size = 512, token 777292 us.
chain_length = 2, payload_size = 512, token 927048 us.
chain_length = 2, payload_size = 512, token 1361613 us.
chain_length = 2, payload_size = 512, token 1874538 us.
chain_length = 2, payload_size = 512, token 2614579 us.
chain_length = 2, payload_size = 512, token 1493200 us.
chain_length = 2, payload_size = 512, token 3024255 us.
chain_length = 2, payload_size = 512, token 1574346 us.
chain_length = 2, payload_size = 512, token 2770504 us.
chain_length = 2, payload_size = 512, token 4628498 us.
chain_length = 2, payload_size = 512, token 2818604 us.
chain_length = 2, payload_size = 512, token 4425267 us.
chain_length = 2, payload_size = 512, token 5497667 us.
chain_length = 2, payload_size = 512, token 2969191 us.
chain_length = 2, payload_size = 512, token 2882762 us.
chain_length = 2, payload_size = 512, token 6121803 us.
chain_length = 2, payload_size = 512, token 5669486 us.
chain_length = 2, payload_size = 512, token 5613966 us.
chain_length = 2, payload_size = 512, token 6651814 us.
chain_length = 2, payload_size = 512, token 5427865 us.
chain_length = 2, payload_size = 512, token 5153164 us.
chain_length = 2, payload_size = 512, token 8103598 us.
chain_length = 2, payload_size = 512, token 6484621 us.
chain_length = 2, payload_size = 512, token 9934427 us.
chain_length = 2, payload_size = 512, token 4421619 us.
chain_length = 2, payload_size = 512, token 9907951 us.
chain_length = 2, payload_size = 512, token 4903854 us.
chain_length = 2, payload_size = 512, token 4707740 us.
chain_length = 2, payload_size = 512, token 10360892 us.
chain_length = 2, payload_size = 512, token 8924871 us.
chain_length = 2, payload_size = 512, token 7168157 us.
chain_length = 2, payload_size = 512, token 6438270 us.
chain_length = 2, payload_size = 512, token 12195508 us.
chain_length = 2, payload_size = 512, token 12156094 us.
chain_length = 2, payload_size = 512, token 6327223 us.
chain_length = 2, payload_size = 512, token 10571230 us.
chain_length = 2, payload_size = 512, token 6671316 us.
chain_length = 2, payload_size = 512, token 12230471 us.
