Read file config.yml
Running executor...
Loaded function exp00_back. lib_load_elasped: 211, func_load_elasped: 4
Loaded function exp00_front. lib_load_elasped: 133, func_load_elasped: 1
chain_length = 2, payload_size = 512, token 22044 us.
chain_length = 2, payload_size = 512, token 27862 us.
chain_length = 2, payload_size = 512, token 35767 us.
chain_length = 2, payload_size = 512, token 32523 us.
chain_length = 2, payload_size = 512, token 9501 us.
chain_length = 2, payload_size = 512, token 1021 us.
chain_length = 2, payload_size = 512, token 430054 us.
chain_length = 2, payload_size = 512, token 1339216 us.
chain_length = 2, payload_size = 512, token 1022317 us.
chain_length = 2, payload_size = 512, token 1337556 us.
chain_length = 2, payload_size = 512, token 2349003 us.
chain_length = 2, payload_size = 512, token 1346048 us.
chain_length = 2, payload_size = 512, token 2102643 us.
chain_length = 2, payload_size = 512, token 2460887 us.
chain_length = 2, payload_size = 512, token 2619486 us.
chain_length = 2, payload_size = 512, token 1772114 us.
chain_length = 2, payload_size = 512, token 5186807 us.
chain_length = 2, payload_size = 512, token 5372930 us.
chain_length = 2, payload_size = 512, token 7007095 us.
chain_length = 2, payload_size = 512, token 6937836 us.
chain_length = 2, payload_size = 512, token 4713267 us.
chain_length = 2, payload_size = 512, token 5946481 us.
chain_length = 2, payload_size = 512, token 7272142 us.
chain_length = 2, payload_size = 512, token 3324450 us.
chain_length = 2, payload_size = 512, token 5816114 us.
chain_length = 2, payload_size = 512, token 4708868 us.
chain_length = 2, payload_size = 512, token 5320734 us.
chain_length = 2, payload_size = 512, token 7482167 us.
chain_length = 2, payload_size = 512, token 7279619 us.
chain_length = 2, payload_size = 512, token 9315755 us.
chain_length = 2, payload_size = 512, token 9793371 us.
chain_length = 2, payload_size = 512, token 9027365 us.
chain_length = 2, payload_size = 512, token 9284926 us.
chain_length = 2, payload_size = 512, token 7751324 us.
chain_length = 2, payload_size = 512, token 11362708 us.
chain_length = 2, payload_size = 512, token 6276395 us.
chain_length = 2, payload_size = 512, token 8168998 us.
chain_length = 2, payload_size = 512, token 7832076 us.
chain_length = 2, payload_size = 512, token 8184383 us.
