Read file config.yml
Running executor...
Loaded function exp00_back. lib_load_elasped: 132, func_load_elasped: 2
Loaded function exp00_front. lib_load_elasped: 143, func_load_elasped: 1
chain_length = 2, payload_size = 512, token 35025 us.
chain_length = 2, payload_size = 512, token 8166 us.
chain_length = 2, payload_size = 512, token 1271104 us.
chain_length = 2, payload_size = 512, token 2059689 us.
chain_length = 2, payload_size = 512, token 5078845 us.
chain_length = 2, payload_size = 512, token 6873571 us.
chain_length = 2, payload_size = 512, token 5719995 us.
chain_length = 2, payload_size = 512, token 4930108 us.
chain_length = 2, payload_size = 512, token 6699565 us.
chain_length = 2, payload_size = 512, token 4487687 us.
chain_length = 2, payload_size = 512, token 7968709 us.
chain_length = 2, payload_size = 512, token 9691500 us.
chain_length = 2, payload_size = 512, token 9179107 us.
chain_length = 2, payload_size = 512, token 9138331 us.
chain_length = 2, payload_size = 512, token 8021135 us.
chain_length = 2, payload_size = 512, token 10953428 us.
chain_length = 2, payload_size = 512, token 12287232 us.
chain_length = 2, payload_size = 512, token 12456074 us.
chain_length = 2, payload_size = 512, token 12354988 us.
chain_length = 2, payload_size = 512, token 12947858 us.
chain_length = 2, payload_size = 512, token 7255105 us.
chain_length = 2, payload_size = 512, token 16727479 us.
