Read file config.yml
Running executor...
Loaded function exp00_back. lib_load_elasped: 148, func_load_elasped: 2
Loaded function exp00_front. lib_load_elasped: 157, func_load_elasped: 1
chain_length = 2, payload_size = 512, token 8016 us.
chain_length = 2, payload_size = 512, token 1394783 us.
chain_length = 2, payload_size = 512, token 857395 us.
chain_length = 2, payload_size = 512, token 1963936 us.
chain_length = 2, payload_size = 512, token 2874523 us.
chain_length = 2, payload_size = 512, token 1223803 us.
chain_length = 2, payload_size = 512, token 2815971 us.
chain_length = 2, payload_size = 512, token 2440682 us.
chain_length = 2, payload_size = 512, token 4185174 us.
chain_length = 2, payload_size = 512, token 5173195 us.
chain_length = 2, payload_size = 512, token 5582515 us.
chain_length = 2, payload_size = 512, token 4610629 us.
chain_length = 2, payload_size = 512, token 7492746 us.
chain_length = 2, payload_size = 512, token 4980885 us.
chain_length = 2, payload_size = 512, token 7361707 us.
chain_length = 2, payload_size = 512, token 8474911 us.
chain_length = 2, payload_size = 512, token 5864988 us.
chain_length = 2, payload_size = 512, token 5392524 us.
chain_length = 2, payload_size = 512, token 6249622 us.
chain_length = 2, payload_size = 512, token 8001288 us.
chain_length = 2, payload_size = 512, token 6304903 us.
chain_length = 2, payload_size = 512, token 10547686 us.
chain_length = 2, payload_size = 512, token 11563665 us.
chain_length = 2, payload_size = 512, token 5420360 us.
chain_length = 2, payload_size = 512, token 10525953 us.
chain_length = 2, payload_size = 512, token 7818640 us.
chain_length = 2, payload_size = 512, token 4934504 us.
chain_length = 2, payload_size = 512, token 9689370 us.
chain_length = 2, payload_size = 512, token 8428423 us.
chain_length = 2, payload_size = 512, token 11960914 us.
chain_length = 2, payload_size = 512, token 6043434 us.
chain_length = 2, payload_size = 512, token 13363975 us.
chain_length = 2, payload_size = 512, token 9195966 us.
chain_length = 2, payload_size = 512, token 11975021 us.
chain_length = 2, payload_size = 512, token 5683232 us.
chain_length = 2, payload_size = 512, token 7390662 us.
chain_length = 2, payload_size = 512, token 6725953 us.
chain_length = 2, payload_size = 512, token 7933797 us.
chain_length = 2, payload_size = 512, token 6453270 us.
chain_length = 2, payload_size = 512, token 14227626 us.
chain_length = 2, payload_size = 512, token 10011187 us.
