Read file config.yml
Running executor...
Loaded function exp00_back. lib_load_elasped: 153, func_load_elasped: 2
Loaded function exp00_front. lib_load_elasped: 126, func_load_elasped: 1
chain_length = 2, payload_size = 512, token 17849 us.
chain_length = 2, payload_size = 512, token 27448 us.
chain_length = 2, payload_size = 512, token 6456 us.
chain_length = 2, payload_size = 512, token 53956 us.
chain_length = 2, payload_size = 512, token 1023743 us.
chain_length = 2, payload_size = 512, token 1451003 us.
chain_length = 2, payload_size = 512, token 1017346 us.
chain_length = 2, payload_size = 512, token 1037293 us.
chain_length = 2, payload_size = 512, token 1767329 us.
chain_length = 2, payload_size = 512, token 1844401 us.
chain_length = 2, payload_size = 512, token 1893924 us.
chain_length = 2, payload_size = 512, token 1429130 us.
chain_length = 2, payload_size = 512, token 2352769 us.
chain_length = 2, payload_size = 512, token 1651276 us.
chain_length = 2, payload_size = 512, token 3395422 us.
chain_length = 2, payload_size = 512, token 890533 us.
chain_length = 2, payload_size = 512, token 4276124 us.
chain_length = 2, payload_size = 512, token 4332110 us.
chain_length = 2, payload_size = 512, token 5669902 us.
chain_length = 2, payload_size = 512, token 6526648 us.
chain_length = 2, payload_size = 512, token 6429105 us.
chain_length = 2, payload_size = 512, token 7349600 us.
chain_length = 2, payload_size = 512, token 8171708 us.
chain_length = 2, payload_size = 512, token 4999921 us.
chain_length = 2, payload_size = 512, token 5394178 us.
chain_length = 2, payload_size = 512, token 13999511 us.
chain_length = 2, payload_size = 512, token 10909977 us.
chain_length = 2, payload_size = 512, token 8885725 us.
chain_length = 2, payload_size = 512, token 13273361 us.
chain_length = 2, payload_size = 512, token 9652581 us.
