Read file config.yml
Running executor...
Loaded function exp00_back. lib_load_elasped: 143, func_load_elasped: 2
Loaded function exp00_front. lib_load_elasped: 139, func_load_elasped: 1
chain_length = 2, payload_size = 512, token 18378 us.
chain_length = 2, payload_size = 512, token 41383 us.
chain_length = 2, payload_size = 512, token 10261 us.
chain_length = 2, payload_size = 512, token 637317 us.
chain_length = 2, payload_size = 512, token 782127 us.
chain_length = 2, payload_size = 512, token 799865 us.
chain_length = 2, payload_size = 512, token 1365590 us.
chain_length = 2, payload_size = 512, token 1668438 us.
chain_length = 2, payload_size = 512, token 1200863 us.
chain_length = 2, payload_size = 512, token 2128100 us.
chain_length = 2, payload_size = 512, token 1931035 us.
chain_length = 2, payload_size = 512, token 1897130 us.
chain_length = 2, payload_size = 512, token 1147774 us.
chain_length = 2, payload_size = 512, token 2407335 us.
chain_length = 2, payload_size = 512, token 1287781 us.
chain_length = 2, payload_size = 512, token 2747044 us.
chain_length = 2, payload_size = 512, token 1690859 us.
chain_length = 2, payload_size = 512, token 3787358 us.
chain_length = 2, payload_size = 512, token 6106162 us.
chain_length = 2, payload_size = 512, token 2538762 us.
chain_length = 2, payload_size = 512, token 6889144 us.
chain_length = 2, payload_size = 512, token 5224958 us.
chain_length = 2, payload_size = 512, token 3563310 us.
chain_length = 2, payload_size = 512, token 9063530 us.
chain_length = 2, payload_size = 512, token 8304796 us.
chain_length = 2, payload_size = 512, token 8983718 us.
chain_length = 2, payload_size = 512, token 10234669 us.
chain_length = 2, payload_size = 512, token 6003779 us.
chain_length = 2, payload_size = 512, token 9314250 us.
chain_length = 2, payload_size = 512, token 4550621 us.
chain_length = 2, payload_size = 512, token 9719475 us.
chain_length = 2, payload_size = 512, token 8880678 us.
chain_length = 2, payload_size = 512, token 12466440 us.
chain_length = 2, payload_size = 512, token 8137033 us.
chain_length = 2, payload_size = 512, token 11094566 us.
chain_length = 2, payload_size = 512, token 10439591 us.
chain_length = 2, payload_size = 512, token 7002009 us.
chain_length = 2, payload_size = 512, token 12906461 us.
chain_length = 2, payload_size = 512, token 10938981 us.
chain_length = 2, payload_size = 512, token 11368720 us.
chain_length = 2, payload_size = 512, token 13283538 us.
chain_length = 2, payload_size = 512, token 13604053 us.
