Read file config.yml
Running executor...
Loaded function exp06_marketdata. lib_load_elasped: 15554, func_load_elasped: 7
Loaded function exp06_run_audit_5. lib_load_elasped: 309, func_load_elasped: 1
Loaded function exp06_run_audit_10. lib_load_elasped: 317, func_load_elasped: 2
Loaded function exp06_run_audit_4. lib_load_elasped: 289, func_load_elasped: 1
Loaded function exp06_run_audit_8. lib_load_elasped: 286, func_load_elasped: 1
Loaded function exp06_run_audit_2. lib_load_elasped: 273, func_load_elasped: 1
Loaded function exp06_run_audit_6. lib_load_elasped: 288, func_load_elasped: 2
Loaded function exp06_run_audit_7. lib_load_elasped: 278, func_load_elasped: 1
Loaded function exp06_run_audit_3. lib_load_elasped: 260, func_load_elasped: 1
Loaded function exp06_run_audit_1. lib_load_elasped: 268, func_load_elasped: 1
Loaded function exp06_run_audit_9. lib_load_elasped: 261, func_load_elasped: 1
Loaded function exp06_marginbalance. lib_load_elasped: 280, func_load_elasped: 1
req_id = 240001, token 4112973 us.
req_id = 960002, token 4130872 us.
req_id = 360003, token 3993141 us.
req_id = 360002, token 4142622 us.
req_id = 720002, token 4180727 us.
req_id = 900001, token 4177159 us.
req_id = 540003, token 120904 us.
req_id = 960005, token 321237 us.
req_id = 1020007, token 927088 us.
