Thread count 4
Successfully set max socket number to 10000
Successfully set max socket number to 10000
Successfully set max socket number to 10000
Successfully set max socket number to 10000
Notifying handler binded
Notifying handler binded
Querying handler binded
Notifying handler binded
Bucket operation handler binded
Querying handler binded
Notifying handler binded
Querying handler binded
Trigger operation handler binded
Bucket operation handler binded
Bucket operation handler binded
Querying handler binded
Trigger operation handler binded
Bucket operation handler binded
Update status handler binded
Update status handler binded
Trigger operation handler binded
Trigger operation handler binded
func create socket binded
func create socket binded
Update status handler binded
Update status handler binded
app regist socket binded
app regist socket binded
func create socket binded
func create socket binded
func call socket binded
func call socket binded
app regist socket binded
app regist socket bindedforward func socket binded
forward func socket binded

func call socket binded
func call socket binded
forward func socket binded
forward func socket binded
Application registered. name: exp00
Coordinator report. notify_count: 0, query_count: 0, call_count: 0
Coordinator report. notify_count: 0, query_count: 0, call_count: 0
Coordinator report. notify_count: 0, query_count: 0, call_count: 0
Coordinator report. notify_count: 0, query_count: 0, call_count: 114
Coordinator report. notify_count: 0, query_count: 0, call_count: 0Coordinator report. notify_count: 0, query_count: 0, call_count: 0

Coordinator report. notify_count: 0, query_count: 0, call_count: 0
Coordinator report. notify_count: 0, query_count: 0, call_count: 200
Coordinator report. notify_count: 0, query_count: 0, call_count: 0Coordinator report. notify_count: 0, query_count: 0, call_count: 0

Coordinator report. notify_count: 0, query_count: 0, call_count: 0
Coordinator report. notify_count: 0, query_count: 0, call_count: 200
