Read file config.yml
Running executor...
Loaded function exp00_front. lib_load_elasped: 141, func_load_elasped: 3
Loaded function exp00_back. lib_load_elasped: 73, func_load_elasped: 0
chain_length = 2, payload_size = 512, token 962 us.
chain_length = 2, payload_size = 512, token 339 us.
chain_length = 2, payload_size = 512, token 350 us.
chain_length = 2, payload_size = 512, token 404 us.
chain_length = 2, payload_size = 512, token 310 us.
chain_length = 2, payload_size = 512, token 329 us.
chain_length = 2, payload_size = 512, token 323 us.
chain_length = 2, payload_size = 512, token 332 us.
chain_length = 2, payload_size = 512, token 333 us.
chain_length = 2, payload_size = 512, token 416 us.
chain_length = 2, payload_size = 512, token 476 us.
chain_length = 2, payload_size = 512, token 328 us.
chain_length = 2, payload_size = 512, token 349 us.
chain_length = 2, payload_size = 512, token 316 us.
chain_length = 2, payload_size = 512, token 568 us.
chain_length = 2, payload_size = 512, token 322 us.
chain_length = 2, payload_size = 512, token 303 us.
chain_length = 2, payload_size = 512, token 301 us.
chain_length = 2, payload_size = 512, token 308 us.
chain_length = 2, payload_size = 512, token 355 us.
chain_length = 16, payload_size = 512, token 2509 us.
chain_length = 16, payload_size = 512, token 2300 us.
chain_length = 16, payload_size = 512, token 2319 us.
chain_length = 16, payload_size = 512, token 2274 us.
chain_length = 16, payload_size = 512, token 2445 us.
chain_length = 16, payload_size = 512, token 2291 us.
chain_length = 16, payload_size = 512, token 2359 us.
chain_length = 16, payload_size = 512, token 2336 us.
chain_length = 16, payload_size = 512, token 2339 us.
chain_length = 16, payload_size = 512, token 2403 us.
chain_length = 16, payload_size = 512, token 2280 us.
chain_length = 16, payload_size = 512, token 2295 us.
chain_length = 16, payload_size = 512, token 2302 us.
chain_length = 16, payload_size = 512, token 2285 us.
chain_length = 16, payload_size = 512, token 2305 us.
chain_length = 16, payload_size = 512, token 2526 us.
chain_length = 16, payload_size = 512, token 2323 us.
chain_length = 16, payload_size = 512, token 2322 us.
chain_length = 16, payload_size = 512, token 2389 us.
chain_length = 16, payload_size = 512, token 2302 us.
chain_length = 32, payload_size = 512, token 4558 us.
chain_length = 32, payload_size = 512, token 4968 us.
chain_length = 32, payload_size = 512, token 4557 us.
chain_length = 32, payload_size = 512, token 4605 us.
chain_length = 32, payload_size = 512, token 4563 us.
chain_length = 32, payload_size = 512, token 4551 us.
chain_length = 32, payload_size = 512, token 4496 us.
chain_length = 32, payload_size = 512, token 4571 us.
chain_length = 32, payload_size = 512, token 4592 us.
chain_length = 32, payload_size = 512, token 4582 us.
chain_length = 32, payload_size = 512, token 4545 us.
chain_length = 32, payload_size = 512, token 4608 us.
chain_length = 32, payload_size = 512, token 4595 us.
chain_length = 32, payload_size = 512, token 4573 us.
chain_length = 32, payload_size = 512, token 4601 us.
chain_length = 32, payload_size = 512, token 4587 us.
chain_length = 32, payload_size = 512, token 4627 us.
chain_length = 32, payload_size = 512, token 4550 us.
chain_length = 32, payload_size = 512, token 4597 us.
chain_length = 32, payload_size = 512, token 4824 us.
chain_length = 64, payload_size = 512, token 9084 us.
chain_length = 64, payload_size = 512, token 9253 us.
chain_length = 64, payload_size = 512, token 9471 us.
chain_length = 64, payload_size = 512, token 9244 us.
chain_length = 64, payload_size = 512, token 9229 us.
chain_length = 64, payload_size = 512, token 9061 us.
chain_length = 64, payload_size = 512, token 9091 us.
chain_length = 64, payload_size = 512, token 9116 us.
chain_length = 64, payload_size = 512, token 9072 us.
chain_length = 64, payload_size = 512, token 9120 us.
chain_length = 64, payload_size = 512, token 9265 us.
chain_length = 64, payload_size = 512, token 9117 us.
chain_length = 64, payload_size = 512, token 9043 us.
chain_length = 64, payload_size = 512, token 9639 us.
chain_length = 64, payload_size = 512, token 9204 us.
chain_length = 64, payload_size = 512, token 9219 us.
chain_length = 64, payload_size = 512, token 9308 us.
chain_length = 64, payload_size = 512, token 9151 us.
chain_length = 64, payload_size = 512, token 9203 us.
chain_length = 64, payload_size = 512, token 9395 us.
chain_length = 128, payload_size = 512, token 18338 us.
chain_length = 128, payload_size = 512, token 18298 us.
chain_length = 128, payload_size = 512, token 18219 us.
chain_length = 128, payload_size = 512, token 18675 us.
chain_length = 128, payload_size = 512, token 18421 us.
chain_length = 128, payload_size = 512, token 18276 us.
chain_length = 128, payload_size = 512, token 18181 us.
chain_length = 128, payload_size = 512, token 18246 us.
chain_length = 128, payload_size = 512, token 18257 us.
chain_length = 128, payload_size = 512, token 18286 us.
chain_length = 128, payload_size = 512, token 18318 us.
chain_length = 128, payload_size = 512, token 18470 us.
chain_length = 128, payload_size = 512, token 18294 us.
chain_length = 128, payload_size = 512, token 18325 us.
chain_length = 128, payload_size = 512, token 18726 us.
chain_length = 128, payload_size = 512, token 18405 us.
chain_length = 128, payload_size = 512, token 18612 us.
chain_length = 128, payload_size = 512, token 18223 us.
chain_length = 128, payload_size = 512, token 18618 us.
chain_length = 128, payload_size = 512, token 18369 us.
chain_length = 2, payload_size = 524288, token 1774 us.
chain_length = 2, payload_size = 524288, token 1120 us.
chain_length = 2, payload_size = 524288, token 1112 us.
chain_length = 2, payload_size = 524288, token 1095 us.
chain_length = 2, payload_size = 524288, token 1055 us.
chain_length = 2, payload_size = 524288, token 1097 us.
chain_length = 2, payload_size = 524288, token 1122 us.
chain_length = 2, payload_size = 524288, token 1099 us.
chain_length = 2, payload_size = 524288, token 1030 us.
chain_length = 2, payload_size = 524288, token 933 us.
chain_length = 2, payload_size = 524288, token 922 us.
chain_length = 2, payload_size = 524288, token 916 us.
chain_length = 2, payload_size = 524288, token 911 us.
chain_length = 2, payload_size = 524288, token 901 us.
chain_length = 2, payload_size = 524288, token 930 us.
chain_length = 2, payload_size = 524288, token 893 us.
chain_length = 2, payload_size = 524288, token 914 us.
chain_length = 2, payload_size = 524288, token 918 us.
chain_length = 2, payload_size = 524288, token 952 us.
chain_length = 2, payload_size = 524288, token 911 us.
chain_length = 16, payload_size = 524288, token 8218 us.
chain_length = 16, payload_size = 524288, token 8180 us.
chain_length = 16, payload_size = 524288, token 8123 us.
chain_length = 16, payload_size = 524288, token 8235 us.
chain_length = 16, payload_size = 524288, token 8148 us.
chain_length = 16, payload_size = 524288, token 8166 us.
chain_length = 16, payload_size = 524288, token 8117 us.
chain_length = 16, payload_size = 524288, token 8597 us.
chain_length = 16, payload_size = 524288, token 8218 us.
chain_length = 16, payload_size = 524288, token 8189 us.
chain_length = 16, payload_size = 524288, token 8148 us.
chain_length = 16, payload_size = 524288, token 8147 us.
chain_length = 16, payload_size = 524288, token 8117 us.
chain_length = 16, payload_size = 524288, token 8135 us.
chain_length = 16, payload_size = 524288, token 8155 us.
chain_length = 16, payload_size = 524288, token 8170 us.
chain_length = 16, payload_size = 524288, token 8144 us.
chain_length = 16, payload_size = 524288, token 8558 us.
chain_length = 16, payload_size = 524288, token 8133 us.
chain_length = 16, payload_size = 524288, token 8194 us.
chain_length = 32, payload_size = 524288, token 16173 us.
chain_length = 32, payload_size = 524288, token 16171 us.
chain_length = 32, payload_size = 524288, token 16097 us.
chain_length = 32, payload_size = 524288, token 16132 us.
chain_length = 32, payload_size = 524288, token 16333 us.
chain_length = 32, payload_size = 524288, token 16367 us.
chain_length = 32, payload_size = 524288, token 16362 us.
chain_length = 32, payload_size = 524288, token 16736 us.
chain_length = 32, payload_size = 524288, token 16791 us.
chain_length = 32, payload_size = 524288, token 16305 us.
chain_length = 32, payload_size = 524288, token 16133 us.
chain_length = 32, payload_size = 524288, token 16109 us.
chain_length = 32, payload_size = 524288, token 16221 us.
chain_length = 32, payload_size = 524288, token 16482 us.
chain_length = 32, payload_size = 524288, token 16384 us.
chain_length = 32, payload_size = 524288, token 16471 us.
chain_length = 32, payload_size = 524288, token 16387 us.
chain_length = 32, payload_size = 524288, token 16452 us.
chain_length = 32, payload_size = 524288, token 16747 us.
chain_length = 32, payload_size = 524288, token 16346 us.
chain_length = 64, payload_size = 524288, token 32818 us.
chain_length = 64, payload_size = 524288, token 32820 us.
chain_length = 64, payload_size = 524288, token 32936 us.
chain_length = 64, payload_size = 524288, token 32827 us.
chain_length = 64, payload_size = 524288, token 32788 us.
chain_length = 64, payload_size = 524288, token 32737 us.
chain_length = 64, payload_size = 524288, token 33378 us.
chain_length = 64, payload_size = 524288, token 32801 us.
chain_length = 64, payload_size = 524288, token 33201 us.
chain_length = 64, payload_size = 524288, token 33236 us.
chain_length = 64, payload_size = 524288, token 33258 us.
chain_length = 64, payload_size = 524288, token 32899 us.
chain_length = 64, payload_size = 524288, token 32808 us.
chain_length = 64, payload_size = 524288, token 32783 us.
chain_length = 64, payload_size = 524288, token 33061 us.
chain_length = 64, payload_size = 524288, token 33034 us.
chain_length = 64, payload_size = 524288, token 33147 us.
chain_length = 64, payload_size = 524288, token 33360 us.
chain_length = 64, payload_size = 524288, token 32891 us.
chain_length = 64, payload_size = 524288, token 33193 us.
chain_length = 128, payload_size = 524288, token 66249 us.
chain_length = 128, payload_size = 524288, token 66864 us.
chain_length = 128, payload_size = 524288, token 65796 us.
chain_length = 128, payload_size = 524288, token 66297 us.
chain_length = 128, payload_size = 524288, token 65695 us.
chain_length = 128, payload_size = 524288, token 65812 us.
chain_length = 128, payload_size = 524288, token 66145 us.
chain_length = 128, payload_size = 524288, token 66562 us.
chain_length = 128, payload_size = 524288, token 65249 us.
chain_length = 128, payload_size = 524288, token 65191 us.
chain_length = 128, payload_size = 524288, token 65819 us.
chain_length = 128, payload_size = 524288, token 65594 us.
chain_length = 128, payload_size = 524288, token 65541 us.
chain_length = 128, payload_size = 524288, token 64859 us.
chain_length = 128, payload_size = 524288, token 64760 us.
chain_length = 128, payload_size = 524288, token 64812 us.
chain_length = 128, payload_size = 524288, token 64942 us.
chain_length = 128, payload_size = 524288, token 65387 us.
chain_length = 128, payload_size = 524288, token 65313 us.
chain_length = 128, payload_size = 524288, token 65052 us.
