I0419 11:29:03.404534 Main        (470231) /home/lgw/Lumine-benchmarks/Lumine/lib/base/thread.cpp:96] Register main thread: tid=470231
I0419 11:29:03.407704 Main        (470231) /home/lgw/Lumine-benchmarks/Lumine/lib/common/config.cpp:332] Load configuration for function exp09Start[1]
I0419 11:29:03.407942 Main        (470231) /home/lgw/Lumine-benchmarks/Lumine/lib/common/config.cpp:332] Load configuration for function exp09End[2]
I0419 11:29:03.408047 Main        (470231) /home/lgw/Lumine-benchmarks/Lumine/lib/common/config.cpp:332] Load configuration for function exp09Register[3]
I0419 11:29:03.408367 Main        (470231) /home/lgw/Lumine-benchmarks/Lumine/src/host/worker/cpp/func_worker.cpp:107] My client_id is 14
I0419 11:29:03.408509 Main        (470231) /home/lgw/Lumine-benchmarks/Lumine/src/host/worker/cpp/func_worker.cpp:173] Use extra pipes for messages
I0419 11:29:03.408814 Main        (470231) /home/lgw/Lumine-benchmarks/Lumine/src/host/worker/cpp/func_worker.cpp:195] Handshake done
I0419 11:29:29.694274 Main        (470231) /home/lgw/Lumine-benchmarks/Experiments/09/src/1_end/end.cpp:48] req_id = 660001, end_time = 1681903769694260
I0419 11:29:29.694810 Main        (470231) /home/lgw/Lumine-benchmarks/Experiments/09/src/1_end/end.cpp:48] req_id = 2340002, end_time = 1681903769694805
I0419 11:29:29.696469 Main        (470231) /home/lgw/Lumine-benchmarks/Experiments/09/src/1_end/end.cpp:48] req_id = 120002, end_time = 1681903769696450
I0419 11:29:29.697000 Main        (470231) /home/lgw/Lumine-benchmarks/Experiments/09/src/1_end/end.cpp:48] req_id = 480001, end_time = 1681903769696994
I0419 11:29:29.705159 Main        (470231) /home/lgw/Lumine-benchmarks/Experiments/09/src/1_end/end.cpp:48] req_id = 360002, end_time = 1681903769705153
I0419 11:29:29.705713 Main        (470231) /home/lgw/Lumine-benchmarks/Experiments/09/src/1_end/end.cpp:48] req_id = 420002, end_time = 1681903769705705
I0419 11:29:29.746096 Main        (470231) /home/lgw/Lumine-benchmarks/Experiments/09/src/1_end/end.cpp:48] req_id = 1560002, end_time = 1681903769746086
I0419 11:29:29.767030 Main        (470231) /home/lgw/Lumine-benchmarks/Experiments/09/src/1_end/end.cpp:48] req_id = 780006, end_time = 1681903769767024
I0419 11:29:29.778407 Main        (470231) /home/lgw/Lumine-benchmarks/Experiments/09/src/1_end/end.cpp:48] req_id = 1440006, end_time = 1681903769778398
I0419 11:29:29.801047 Main        (470231) /home/lgw/Lumine-benchmarks/Experiments/09/src/1_end/end.cpp:48] req_id = 1380003, end_time = 1681903769801042
I0419 11:29:29.805129 Main        (470231) /home/lgw/Lumine-benchmarks/Experiments/09/src/1_end/end.cpp:48] req_id = 2220006, end_time = 1681903769805123
I0419 11:29:29.807102 Main        (470231) /home/lgw/Lumine-benchmarks/Experiments/09/src/1_end/end.cpp:48] req_id = 1620004, end_time = 1681903769807096
I0419 11:29:29.811230 Main        (470231) /home/lgw/Lumine-benchmarks/Experiments/09/src/1_end/end.cpp:48] req_id = 1560003, end_time = 1681903769811225
I0419 11:29:29.880531 Main        (470231) /home/lgw/Lumine-benchmarks/Experiments/09/src/1_end/end.cpp:48] req_id = 960004, end_time = 1681903769880524
I0419 11:29:29.884442 Main        (470231) /home/lgw/Lumine-benchmarks/Experiments/09/src/1_end/end.cpp:48] req_id = 2280002, end_time = 1681903769884439
I0419 11:29:29.911231 Main        (470231) /home/lgw/Lumine-benchmarks/Experiments/09/src/1_end/end.cpp:48] req_id = 1680003, end_time = 1681903769911225
I0419 11:29:29.912458 Main        (470231) /home/lgw/Lumine-benchmarks/Experiments/09/src/1_end/end.cpp:48] req_id = 360005, end_time = 1681903769912448
I0419 11:29:29.978802 Main        (470231) /home/lgw/Lumine-benchmarks/Experiments/09/src/1_end/end.cpp:48] req_id = 1860004, end_time = 1681903769978796
I0419 11:29:30.013239 Main        (470231) /home/lgw/Lumine-benchmarks/Experiments/09/src/1_end/end.cpp:48] req_id = 720004, end_time = 1681903770013235
I0419 11:29:30.060791 Main        (470231) /home/lgw/Lumine-benchmarks/Experiments/09/src/1_end/end.cpp:48] req_id = 1620003, end_time = 1681903770060784
I0419 11:29:30.090983 Main        (470231) /home/lgw/Lumine-benchmarks/Experiments/09/src/1_end/end.cpp:48] req_id = 1740003, end_time = 1681903770090975
I0419 11:29:30.100893 Main        (470231) /home/lgw/Lumine-benchmarks/Experiments/09/src/1_end/end.cpp:48] req_id = 780003, end_time = 1681903770100886
I0419 11:29:30.366788 Main        (470231) /home/lgw/Lumine-benchmarks/Experiments/09/src/1_end/end.cpp:48] req_id = 720005, end_time = 1681903770366782
I0419 11:29:30.418880 Main        (470231) /home/lgw/Lumine-benchmarks/Experiments/09/src/1_end/end.cpp:48] req_id = 2100003, end_time = 1681903770418876
I0419 11:29:30.518029 Main        (470231) /home/lgw/Lumine-benchmarks/Experiments/09/src/1_end/end.cpp:48] req_id = 480007, end_time = 1681903770518025
I0419 11:29:30.547997 Main        (470231) /home/lgw/Lumine-benchmarks/Experiments/09/src/1_end/end.cpp:48] req_id = 2220007, end_time = 1681903770547987
I0419 11:29:30.686324 Main        (470231) /home/lgw/Lumine-benchmarks/Experiments/09/src/1_end/end.cpp:48] req_id = 3360005, end_time = 1681903770686315
I0419 11:29:30.697310 Main        (470231) /home/lgw/Lumine-benchmarks/Experiments/09/src/1_end/end.cpp:48] req_id = 2340004, end_time = 1681903770697304
I0419 11:29:30.725601 Main        (470231) /home/lgw/Lumine-benchmarks/Experiments/09/src/1_end/end.cpp:48] req_id = 1680005, end_time = 1681903770725595
I0419 11:29:30.796496 Main        (470231) /home/lgw/Lumine-benchmarks/Experiments/09/src/1_end/end.cpp:48] req_id = 2820008, end_time = 1681903770796490
I0419 11:29:30.823604 Main        (470231) /home/lgw/Lumine-benchmarks/Experiments/09/src/1_end/end.cpp:48] req_id = 540011, end_time = 1681903770823601
I0419 11:29:30.823847 Main        (470231) /home/lgw/Lumine-benchmarks/Experiments/09/src/1_end/end.cpp:48] req_id = 4740005, end_time = 1681903770823845
I0419 11:29:30.828712 Main        (470231) /home/lgw/Lumine-benchmarks/Experiments/09/src/1_end/end.cpp:48] req_id = 2280008, end_time = 1681903770828708
I0419 11:29:30.856859 Main        (470231) /home/lgw/Lumine-benchmarks/Experiments/09/src/1_end/end.cpp:48] req_id = 3660005, end_time = 1681903770856853
I0419 11:29:30.867854 Main        (470231) /home/lgw/Lumine-benchmarks/Experiments/09/src/1_end/end.cpp:48] req_id = 1320004, end_time = 1681903770867850
I0419 11:29:30.875058 Main        (470231) /home/lgw/Lumine-benchmarks/Experiments/09/src/1_end/end.cpp:48] req_id = 4740003, end_time = 1681903770875054
I0419 11:29:30.902815 Main        (470231) /home/lgw/Lumine-benchmarks/Experiments/09/src/1_end/end.cpp:48] req_id = 1620010, end_time = 1681903770902806
I0419 11:29:30.909036 Main        (470231) /home/lgw/Lumine-benchmarks/Experiments/09/src/1_end/end.cpp:48] req_id = 2520004, end_time = 1681903770909030
I0419 11:29:30.923277 Main        (470231) /home/lgw/Lumine-benchmarks/Experiments/09/src/1_end/end.cpp:48] req_id = 2580002, end_time = 1681903770923271
I0419 11:29:30.956099 Main        (470231) /home/lgw/Lumine-benchmarks/Experiments/09/src/1_end/end.cpp:48] req_id = 3600005, end_time = 1681903770956093
I0419 11:29:31.030559 Main        (470231) /home/lgw/Lumine-benchmarks/Experiments/09/src/1_end/end.cpp:48] req_id = 3300006, end_time = 1681903771030553
I0419 11:29:31.038187 Main        (470231) /home/lgw/Lumine-benchmarks/Experiments/09/src/1_end/end.cpp:48] req_id = 4200007, end_time = 1681903771038181
I0419 11:29:31.059783 Main        (470231) /home/lgw/Lumine-benchmarks/Experiments/09/src/1_end/end.cpp:48] req_id = 2100004, end_time = 1681903771059778
I0419 11:29:31.103186 Main        (470231) /home/lgw/Lumine-benchmarks/Experiments/09/src/1_end/end.cpp:48] req_id = 840006, end_time = 1681903771103181
I0419 11:29:31.118462 Main        (470231) /home/lgw/Lumine-benchmarks/Experiments/09/src/1_end/end.cpp:48] req_id = 4620005, end_time = 1681903771118456
I0419 11:29:31.135692 Main        (470231) /home/lgw/Lumine-benchmarks/Experiments/09/src/1_end/end.cpp:48] req_id = 1920008, end_time = 1681903771135685
I0419 11:29:31.138926 Main        (470231) /home/lgw/Lumine-benchmarks/Experiments/09/src/1_end/end.cpp:48] req_id = 1860005, end_time = 1681903771138919
I0419 11:29:31.164580 Main        (470231) /home/lgw/Lumine-benchmarks/Experiments/09/src/1_end/end.cpp:48] req_id = 1260004, end_time = 1681903771164574
I0419 11:29:31.167704 Main        (470231) /home/lgw/Lumine-benchmarks/Experiments/09/src/1_end/end.cpp:48] req_id = 3180004, end_time = 1681903771167698
I0419 11:29:31.167990 Main        (470231) /home/lgw/Lumine-benchmarks/Experiments/09/src/1_end/end.cpp:48] req_id = 3060005, end_time = 1681903771167985
I0419 11:29:31.171812 Main        (470231) /home/lgw/Lumine-benchmarks/Experiments/09/src/1_end/end.cpp:48] req_id = 2940005, end_time = 1681903771171806
I0419 11:29:31.176265 Main        (470231) /home/lgw/Lumine-benchmarks/Experiments/09/src/1_end/end.cpp:48] req_id = 300007, end_time = 1681903771176259
I0419 11:29:31.200457 Main        (470231) /home/lgw/Lumine-benchmarks/Experiments/09/src/1_end/end.cpp:48] req_id = 1500012, end_time = 1681903771200451
I0419 11:29:31.205800 Main        (470231) /home/lgw/Lumine-benchmarks/Experiments/09/src/1_end/end.cpp:48] req_id = 1140007, end_time = 1681903771205793
I0419 11:29:31.220401 Main        (470231) /home/lgw/Lumine-benchmarks/Experiments/09/src/1_end/end.cpp:48] req_id = 3420008, end_time = 1681903771220387
I0419 11:29:31.254563 Main        (470231) /home/lgw/Lumine-benchmarks/Experiments/09/src/1_end/end.cpp:48] req_id = 4560002, end_time = 1681903771254558
I0419 11:29:31.332400 Main        (470231) /home/lgw/Lumine-benchmarks/Experiments/09/src/1_end/end.cpp:48] req_id = 180010, end_time = 1681903771332395
I0419 11:29:31.350873 Main        (470231) /home/lgw/Lumine-benchmarks/Experiments/09/src/1_end/end.cpp:48] req_id = 1200008, end_time = 1681903771350867
I0419 11:29:31.386296 Main        (470231) /home/lgw/Lumine-benchmarks/Experiments/09/src/1_end/end.cpp:48] req_id = 1980008, end_time = 1681903771386289
I0419 11:29:31.460637 Main        (470231) /home/lgw/Lumine-benchmarks/Experiments/09/src/1_end/end.cpp:48] req_id = 1020006, end_time = 1681903771460630
I0419 11:29:31.464051 Main        (470231) /home/lgw/Lumine-benchmarks/Experiments/09/src/1_end/end.cpp:48] req_id = 2700004, end_time = 1681903771464045
I0419 11:29:31.536708 Main        (470231) /home/lgw/Lumine-benchmarks/Experiments/09/src/1_end/end.cpp:48] req_id = 3780003, end_time = 1681903771536700
I0419 11:29:31.548107 Main        (470231) /home/lgw/Lumine-benchmarks/Experiments/09/src/1_end/end.cpp:48] req_id = 1440005, end_time = 1681903771548102
I0419 11:29:31.613705 Main        (470231) /home/lgw/Lumine-benchmarks/Experiments/09/src/1_end/end.cpp:48] req_id = 3300007, end_time = 1681903771613699
I0419 11:29:31.638268 Main        (470231) /home/lgw/Lumine-benchmarks/Experiments/09/src/1_end/end.cpp:48] req_id = 4800007, end_time = 1681903771638262
I0419 11:29:31.648268 Main        (470231) /home/lgw/Lumine-benchmarks/Experiments/09/src/1_end/end.cpp:48] req_id = 720009, end_time = 1681903771648261
I0419 11:29:31.711363 Main        (470231) /home/lgw/Lumine-benchmarks/Experiments/09/src/1_end/end.cpp:48] req_id = 3300009, end_time = 1681903771711357
I0419 11:29:31.733259 Main        (470231) /home/lgw/Lumine-benchmarks/Experiments/09/src/1_end/end.cpp:48] req_id = 2520005, end_time = 1681903771733251
I0419 11:29:31.734984 Main        (470231) /home/lgw/Lumine-benchmarks/Experiments/09/src/1_end/end.cpp:48] req_id = 3960003, end_time = 1681903771734978
I0419 11:29:31.754947 Main        (470231) /home/lgw/Lumine-benchmarks/Experiments/09/src/1_end/end.cpp:48] req_id = 2160006, end_time = 1681903771754939
I0419 11:29:31.767590 Main        (470231) /home/lgw/Lumine-benchmarks/Experiments/09/src/1_end/end.cpp:48] req_id = 2340006, end_time = 1681903771767584
I0419 11:29:31.809676 Main        (470231) /home/lgw/Lumine-benchmarks/Experiments/09/src/1_end/end.cpp:48] req_id = 780005, end_time = 1681903771809670
I0419 11:29:31.819006 Main        (470231) /home/lgw/Lumine-benchmarks/Experiments/09/src/1_end/end.cpp:48] req_id = 1860007, end_time = 1681903771819001
I0419 11:29:31.822206 Main        (470231) /home/lgw/Lumine-benchmarks/Experiments/09/src/1_end/end.cpp:48] req_id = 540009, end_time = 1681903771822199
I0419 11:29:31.822660 Main        (470231) /home/lgw/Lumine-benchmarks/Experiments/09/src/1_end/end.cpp:48] req_id = 2220008, end_time = 1681903771822654
I0419 11:29:31.877642 Main        (470231) /home/lgw/Lumine-benchmarks/Experiments/09/src/1_end/end.cpp:48] req_id = 3960009, end_time = 1681903771877636
I0419 11:29:31.895925 Main        (470231) /home/lgw/Lumine-benchmarks/Experiments/09/src/1_end/end.cpp:48] req_id = 3660001, end_time = 1681903771895919
I0419 11:29:31.954133 Main        (470231) /home/lgw/Lumine-benchmarks/Experiments/09/src/1_end/end.cpp:48] req_id = 4380016, end_time = 1681903771954127
I0419 11:29:31.989298 Main        (470231) /home/lgw/Lumine-benchmarks/Experiments/09/src/1_end/end.cpp:48] req_id = 4260001, end_time = 1681903771989292
I0419 11:29:31.995502 Main        (470231) /home/lgw/Lumine-benchmarks/Experiments/09/src/1_end/end.cpp:48] req_id = 4800011, end_time = 1681903771995496
I0419 11:29:32.037264 Main        (470231) /home/lgw/Lumine-benchmarks/Experiments/09/src/1_end/end.cpp:48] req_id = 3660006, end_time = 1681903772037258
I0419 11:29:32.079633 Main        (470231) /home/lgw/Lumine-benchmarks/Experiments/09/src/1_end/end.cpp:48] req_id = 3000007, end_time = 1681903772079627
I0419 11:29:32.081272 Main        (470231) /home/lgw/Lumine-benchmarks/Experiments/09/src/1_end/end.cpp:48] req_id = 3420006, end_time = 1681903772081266
I0419 11:29:32.088424 Main        (470231) /home/lgw/Lumine-benchmarks/Experiments/09/src/1_end/end.cpp:48] req_id = 1800015, end_time = 1681903772088418
I0419 11:29:32.100479 Main        (470231) /home/lgw/Lumine-benchmarks/Experiments/09/src/1_end/end.cpp:48] req_id = 4680014, end_time = 1681903772100473
I0419 11:29:32.130072 Main        (470231) /home/lgw/Lumine-benchmarks/Experiments/09/src/1_end/end.cpp:48] req_id = 4200001, end_time = 1681903772130066
I0419 11:29:32.178645 Main        (470231) /home/lgw/Lumine-benchmarks/Experiments/09/src/1_end/end.cpp:48] req_id = 3420003, end_time = 1681903772178633
I0419 11:29:32.187062 Main        (470231) /home/lgw/Lumine-benchmarks/Experiments/09/src/1_end/end.cpp:48] req_id = 780016, end_time = 1681903772187058
I0419 11:29:32.237077 Main        (470231) /home/lgw/Lumine-benchmarks/Experiments/09/src/1_end/end.cpp:48] req_id = 300015, end_time = 1681903772237070
I0419 11:29:32.240501 Main        (470231) /home/lgw/Lumine-benchmarks/Experiments/09/src/1_end/end.cpp:48] req_id = 2400017, end_time = 1681903772240494
I0419 11:29:32.242341 Main        (470231) /home/lgw/Lumine-benchmarks/Experiments/09/src/1_end/end.cpp:48] req_id = 1560015, end_time = 1681903772242334
I0419 11:29:32.263083 Main        (470231) /home/lgw/Lumine-benchmarks/Experiments/09/src/1_end/end.cpp:48] req_id = 1140015, end_time = 1681903772263077
I0419 11:29:32.278972 Main        (470231) /home/lgw/Lumine-benchmarks/Experiments/09/src/1_end/end.cpp:48] req_id = 1740005, end_time = 1681903772278966
I0419 11:29:32.292995 Main        (470231) /home/lgw/Lumine-benchmarks/Experiments/09/src/1_end/end.cpp:48] req_id = 2580005, end_time = 1681903772292989
I0419 11:29:32.298499 Main        (470231) /home/lgw/Lumine-benchmarks/Experiments/09/src/1_end/end.cpp:48] req_id = 540008, end_time = 1681903772298493
I0419 11:29:32.330153 Main        (470231) /home/lgw/Lumine-benchmarks/Experiments/09/src/1_end/end.cpp:48] req_id = 1440012, end_time = 1681903772330148
I0419 11:29:32.395000 Main        (470231) /home/lgw/Lumine-benchmarks/Experiments/09/src/1_end/end.cpp:48] req_id = 4440009, end_time = 1681903772394994
I0419 11:29:32.422974 Main        (470231) /home/lgw/Lumine-benchmarks/Experiments/09/src/1_end/end.cpp:48] req_id = 4440008, end_time = 1681903772422968
I0419 11:29:32.450061 Main        (470231) /home/lgw/Lumine-benchmarks/Experiments/09/src/1_end/end.cpp:48] req_id = 2700014, end_time = 1681903772450056
I0419 11:29:32.515107 Main        (470231) /home/lgw/Lumine-benchmarks/Experiments/09/src/1_end/end.cpp:48] req_id = 1680014, end_time = 1681903772515101
I0419 11:29:32.524888 Main        (470231) /home/lgw/Lumine-benchmarks/Experiments/09/src/1_end/end.cpp:48] req_id = 2520014, end_time = 1681903772524884
I0419 11:29:32.534790 Main        (470231) /home/lgw/Lumine-benchmarks/Experiments/09/src/1_end/end.cpp:48] req_id = 300011, end_time = 1681903772534783
I0419 11:29:32.540727 Main        (470231) /home/lgw/Lumine-benchmarks/Experiments/09/src/1_end/end.cpp:48] req_id = 420003, end_time = 1681903772540722
I0419 11:29:32.608883 Main        (470231) /home/lgw/Lumine-benchmarks/Experiments/09/src/1_end/end.cpp:48] req_id = 3120002, end_time = 1681903772608878
I0419 11:29:32.609808 Main        (470231) /home/lgw/Lumine-benchmarks/Experiments/09/src/1_end/end.cpp:48] req_id = 4080013, end_time = 1681903772609804
I0419 11:29:32.618299 Main        (470231) /home/lgw/Lumine-benchmarks/Experiments/09/src/1_end/end.cpp:48] req_id = 2220009, end_time = 1681903772618295
I0419 11:29:32.661206 Main        (470231) /home/lgw/Lumine-benchmarks/Experiments/09/src/1_end/end.cpp:48] req_id = 4440006, end_time = 1681903772661201
I0419 11:29:32.667852 Main        (470231) /home/lgw/Lumine-benchmarks/Experiments/09/src/1_end/end.cpp:48] req_id = 3240010, end_time = 1681903772667847
I0419 11:29:32.682496 Main        (470231) /home/lgw/Lumine-benchmarks/Experiments/09/src/1_end/end.cpp:48] req_id = 240011, end_time = 1681903772682491
I0419 11:29:33.003565 Main        (470231) /home/lgw/Lumine-benchmarks/Experiments/09/src/1_end/end.cpp:48] req_id = 1440009, end_time = 1681903773003559
I0419 11:29:33.019241 Main        (470231) /home/lgw/Lumine-benchmarks/Experiments/09/src/1_end/end.cpp:48] req_id = 4320006, end_time = 1681903773019235
I0419 11:29:33.028699 Main        (470231) /home/lgw/Lumine-benchmarks/Experiments/09/src/1_end/end.cpp:48] req_id = 3960006, end_time = 1681903773028693
I0419 11:29:33.036129 Main        (470231) /home/lgw/Lumine-benchmarks/Experiments/09/src/1_end/end.cpp:48] req_id = 2160012, end_time = 1681903773036123
I0419 11:29:33.039691 Main        (470231) /home/lgw/Lumine-benchmarks/Experiments/09/src/1_end/end.cpp:48] req_id = 1740010, end_time = 1681903773039685
I0419 11:29:33.040522 Main        (470231) /home/lgw/Lumine-benchmarks/Experiments/09/src/1_end/end.cpp:48] req_id = 4620007, end_time = 1681903773040517
I0419 11:29:33.041305 Main        (470231) /home/lgw/Lumine-benchmarks/Experiments/09/src/1_end/end.cpp:48] req_id = 300005, end_time = 1681903773041299
I0419 11:29:33.052370 Main        (470231) /home/lgw/Lumine-benchmarks/Experiments/09/src/1_end/end.cpp:48] req_id = 3600011, end_time = 1681903773052364
I0419 11:29:33.053486 Main        (470231) /home/lgw/Lumine-benchmarks/Experiments/09/src/1_end/end.cpp:48] req_id = 2400015, end_time = 1681903773053479
I0419 11:29:33.063829 Main        (470231) /home/lgw/Lumine-benchmarks/Experiments/09/src/1_end/end.cpp:48] req_id = 4080003, end_time = 1681903773063823
I0419 11:29:33.065834 Main        (470231) /home/lgw/Lumine-benchmarks/Experiments/09/src/1_end/end.cpp:48] req_id = 600009, end_time = 1681903773065828
I0419 11:29:33.083466 Main        (470231) /home/lgw/Lumine-benchmarks/Experiments/09/src/1_end/end.cpp:48] req_id = 1620009, end_time = 1681903773083460
I0419 11:29:33.089629 Main        (470231) /home/lgw/Lumine-benchmarks/Experiments/09/src/1_end/end.cpp:48] req_id = 840023, end_time = 1681903773089622
I0419 11:29:33.090059 Main        (470231) /home/lgw/Lumine-benchmarks/Experiments/09/src/1_end/end.cpp:48] req_id = 2820002, end_time = 1681903773090054
I0419 11:29:33.133467 Main        (470231) /home/lgw/Lumine-benchmarks/Experiments/09/src/1_end/end.cpp:48] req_id = 1020024, end_time = 1681903773133459
I0419 11:29:33.146810 Main        (470231) /home/lgw/Lumine-benchmarks/Experiments/09/src/1_end/end.cpp:48] req_id = 4620017, end_time = 1681903773146805
I0419 11:29:33.232434 Main        (470231) /home/lgw/Lumine-benchmarks/Experiments/09/src/1_end/end.cpp:48] req_id = 900012, end_time = 1681903773232428
I0419 11:29:33.234901 Main        (470231) /home/lgw/Lumine-benchmarks/Experiments/09/src/1_end/end.cpp:48] req_id = 1500015, end_time = 1681903773234895
I0419 11:29:33.269623 Main        (470231) /home/lgw/Lumine-benchmarks/Experiments/09/src/1_end/end.cpp:48] req_id = 720011, end_time = 1681903773269609
I0419 11:29:33.278723 Main        (470231) /home/lgw/Lumine-benchmarks/Experiments/09/src/1_end/end.cpp:48] req_id = 960010, end_time = 1681903773278719
I0419 11:29:33.284656 Main        (470231) /home/lgw/Lumine-benchmarks/Experiments/09/src/1_end/end.cpp:48] req_id = 2640011, end_time = 1681903773284653
I0419 11:29:33.959612 Main        (470231) /home/lgw/Lumine-benchmarks/Experiments/09/src/1_end/end.cpp:48] req_id = 1200007, end_time = 1681903773959602
I0419 11:29:33.961502 Main        (470231) /home/lgw/Lumine-benchmarks/Experiments/09/src/1_end/end.cpp:48] req_id = 4320013, end_time = 1681903773961496
I0419 11:29:33.962127 Main        (470231) /home/lgw/Lumine-benchmarks/Experiments/09/src/1_end/end.cpp:48] req_id = 1560009, end_time = 1681903773962122
I0419 11:29:33.983968 Main        (470231) /home/lgw/Lumine-benchmarks/Experiments/09/src/1_end/end.cpp:48] req_id = 4560009, end_time = 1681903773983962
I0419 11:29:33.994438 Main        (470231) /home/lgw/Lumine-benchmarks/Experiments/09/src/1_end/end.cpp:48] req_id = 1260008, end_time = 1681903773994432
I0419 11:29:33.995563 Main        (470231) /home/lgw/Lumine-benchmarks/Experiments/09/src/1_end/end.cpp:48] req_id = 4140010, end_time = 1681903773995556
I0419 11:29:33.999815 Main        (470231) /home/lgw/Lumine-benchmarks/Experiments/09/src/1_end/end.cpp:48] req_id = 480016, end_time = 1681903773999810
I0419 11:29:34.011918 Main        (470231) /home/lgw/Lumine-benchmarks/Experiments/09/src/1_end/end.cpp:48] req_id = 2580010, end_time = 1681903774011912
I0419 11:29:34.029560 Main        (470231) /home/lgw/Lumine-benchmarks/Experiments/09/src/1_end/end.cpp:48] req_id = 3840002, end_time = 1681903774029553
I0419 11:29:34.038803 Main        (470231) /home/lgw/Lumine-benchmarks/Experiments/09/src/1_end/end.cpp:48] req_id = 2340013, end_time = 1681903774038797
I0419 11:29:34.049464 Main        (470231) /home/lgw/Lumine-benchmarks/Experiments/09/src/1_end/end.cpp:48] req_id = 2520018, end_time = 1681903774049458
I0419 11:29:34.053713 Main        (470231) /home/lgw/Lumine-benchmarks/Experiments/09/src/1_end/end.cpp:48] req_id = 4740013, end_time = 1681903774053706
I0419 11:29:34.063788 Main        (470231) /home/lgw/Lumine-benchmarks/Experiments/09/src/1_end/end.cpp:48] req_id = 3720005, end_time = 1681903774063781
I0419 11:29:34.090568 Main        (470231) /home/lgw/Lumine-benchmarks/Experiments/09/src/1_end/end.cpp:48] req_id = 4140013, end_time = 1681903774090562
I0419 11:29:34.132392 Main        (470231) /home/lgw/Lumine-benchmarks/Experiments/09/src/1_end/end.cpp:48] req_id = 2460013, end_time = 1681903774132386
I0419 11:29:34.220761 Main        (470231) /home/lgw/Lumine-benchmarks/Experiments/09/src/1_end/end.cpp:48] req_id = 1080009, end_time = 1681903774220754
I0419 11:29:34.231044 Main        (470231) /home/lgw/Lumine-benchmarks/Experiments/09/src/1_end/end.cpp:48] req_id = 60012, end_time = 1681903774231037
I0419 11:29:34.259128 Main        (470231) /home/lgw/Lumine-benchmarks/Experiments/09/src/1_end/end.cpp:48] req_id = 3600012, end_time = 1681903774259122
I0419 11:29:34.280247 Main        (470231) /home/lgw/Lumine-benchmarks/Experiments/09/src/1_end/end.cpp:48] req_id = 3780023, end_time = 1681903774280241
I0419 11:29:34.288981 Main        (470231) /home/lgw/Lumine-benchmarks/Experiments/09/src/1_end/end.cpp:48] req_id = 2100014, end_time = 1681903774288973
I0419 11:29:34.292647 Main        (470231) /home/lgw/Lumine-benchmarks/Experiments/09/src/1_end/end.cpp:48] req_id = 4680004, end_time = 1681903774292640
I0419 11:29:34.310401 Main        (470231) /home/lgw/Lumine-benchmarks/Experiments/09/src/1_end/end.cpp:48] req_id = 2700003, end_time = 1681903774310395
I0419 11:29:34.330963 Main        (470231) /home/lgw/Lumine-benchmarks/Experiments/09/src/1_end/end.cpp:48] req_id = 3240013, end_time = 1681903774330957
I0419 11:29:34.334199 Main        (470231) /home/lgw/Lumine-benchmarks/Experiments/09/src/1_end/end.cpp:48] req_id = 3720013, end_time = 1681903774334193
I0419 11:29:34.342551 Main        (470231) /home/lgw/Lumine-benchmarks/Experiments/09/src/1_end/end.cpp:48] req_id = 1560008, end_time = 1681903774342545
I0419 11:29:34.348662 Main        (470231) /home/lgw/Lumine-benchmarks/Experiments/09/src/1_end/end.cpp:48] req_id = 2880017, end_time = 1681903774348655
I0419 11:29:34.352624 Main        (470231) /home/lgw/Lumine-benchmarks/Experiments/09/src/1_end/end.cpp:48] req_id = 300012, end_time = 1681903774352620
I0419 11:29:34.359829 Main        (470231) /home/lgw/Lumine-benchmarks/Experiments/09/src/1_end/end.cpp:48] req_id = 1080018, end_time = 1681903774359821
I0419 11:29:34.365020 Main        (470231) /home/lgw/Lumine-benchmarks/Experiments/09/src/1_end/end.cpp:48] req_id = 720013, end_time = 1681903774365016
I0419 11:29:34.377185 Main        (470231) /home/lgw/Lumine-benchmarks/Experiments/09/src/1_end/end.cpp:48] req_id = 3900019, end_time = 1681903774377178
I0419 11:29:34.401722 Main        (470231) /home/lgw/Lumine-benchmarks/Experiments/09/src/1_end/end.cpp:48] req_id = 900021, end_time = 1681903774401710
I0419 11:29:34.404191 Main        (470231) /home/lgw/Lumine-benchmarks/Experiments/09/src/1_end/end.cpp:48] req_id = 3240004, end_time = 1681903774404185
I0419 11:29:34.449989 Main        (470231) /home/lgw/Lumine-benchmarks/Experiments/09/src/1_end/end.cpp:48] req_id = 4320007, end_time = 1681903774449983
I0419 11:29:34.463010 Main        (470231) /home/lgw/Lumine-benchmarks/Experiments/09/src/1_end/end.cpp:48] req_id = 1200015, end_time = 1681903774463004
I0419 11:29:34.470335 Main        (470231) /home/lgw/Lumine-benchmarks/Experiments/09/src/1_end/end.cpp:48] req_id = 4500009, end_time = 1681903774470328
I0419 11:29:34.545685 Main        (470231) /home/lgw/Lumine-benchmarks/Experiments/09/src/1_end/end.cpp:48] req_id = 480028, end_time = 1681903774545679
I0419 11:29:34.550535 Main        (470231) /home/lgw/Lumine-benchmarks/Experiments/09/src/1_end/end.cpp:48] req_id = 4800031, end_time = 1681903774550528
I0419 11:29:34.606365 Main        (470231) /home/lgw/Lumine-benchmarks/Experiments/09/src/1_end/end.cpp:48] req_id = 4380009, end_time = 1681903774606359
I0419 11:29:34.615373 Main        (470231) /home/lgw/Lumine-benchmarks/Experiments/09/src/1_end/end.cpp:48] req_id = 4260005, end_time = 1681903774615367
I0419 11:29:34.628403 Main        (470231) /home/lgw/Lumine-benchmarks/Experiments/09/src/1_end/end.cpp:48] req_id = 1920014, end_time = 1681903774628396
I0419 11:29:34.638153 Main        (470231) /home/lgw/Lumine-benchmarks/Experiments/09/src/1_end/end.cpp:48] req_id = 1020017, end_time = 1681903774638147
I0419 11:29:34.645089 Main        (470231) /home/lgw/Lumine-benchmarks/Experiments/09/src/1_end/end.cpp:48] req_id = 1500028, end_time = 1681903774645083
I0419 11:29:34.678306 Main        (470231) /home/lgw/Lumine-benchmarks/Experiments/09/src/1_end/end.cpp:48] req_id = 3180032, end_time = 1681903774678300
I0419 11:29:34.679040 Main        (470231) /home/lgw/Lumine-benchmarks/Experiments/09/src/1_end/end.cpp:48] req_id = 1020021, end_time = 1681903774679034
I0419 11:29:34.681569 Main        (470231) /home/lgw/Lumine-benchmarks/Experiments/09/src/1_end/end.cpp:48] req_id = 120009, end_time = 1681903774681563
I0419 11:29:34.921629 Main        (470231) /home/lgw/Lumine-benchmarks/Experiments/09/src/1_end/end.cpp:48] req_id = 720014, end_time = 1681903774921624
I0419 11:29:34.922664 Main        (470231) /home/lgw/Lumine-benchmarks/Experiments/09/src/1_end/end.cpp:48] req_id = 1260030, end_time = 1681903774922658
I0419 11:30:38.762078 Main        (470231) /home/lgw/Lumine-benchmarks/Experiments/09/src/1_end/end.cpp:48] req_id = 960315, end_time = 1681903838762066
I0419 11:30:38.802333 Main        (470231) /home/lgw/Lumine-benchmarks/Experiments/09/src/1_end/end.cpp:48] req_id = 120290, end_time = 1681903838802327
I0419 11:30:38.802780 Main        (470231) /home/lgw/Lumine-benchmarks/Experiments/09/src/1_end/end.cpp:48] req_id = 4800307, end_time = 1681903838802778
I0419 11:30:38.814289 Main        (470231) /home/lgw/Lumine-benchmarks/Experiments/09/src/1_end/end.cpp:48] req_id = 3000326, end_time = 1681903838814284
I0419 11:30:38.816098 Main        (470231) /home/lgw/Lumine-benchmarks/Experiments/09/src/1_end/end.cpp:48] req_id = 1740266, end_time = 1681903838816092
I0419 11:30:38.820445 Main        (470231) /home/lgw/Lumine-benchmarks/Experiments/09/src/1_end/end.cpp:48] req_id = 1020352, end_time = 1681903838820439
I0419 11:30:38.822055 Main        (470231) /home/lgw/Lumine-benchmarks/Experiments/09/src/1_end/end.cpp:48] req_id = 4560218, end_time = 1681903838822048
I0419 11:30:38.831536 Main        (470231) /home/lgw/Lumine-benchmarks/Experiments/09/src/1_end/end.cpp:48] req_id = 2040349, end_time = 1681903838831530
