I0420 15:54:48.954372 Main        (1901054) /home/lgw/Lumine-benchmarks/Lumine/lib/base/thread.cpp:96] Register main thread: tid=1901054
I0420 15:54:48.956946 Main        (1901054) /home/lgw/Lumine-benchmarks/Lumine/lib/common/config.cpp:332] Load configuration for function exp09Start[1]
I0420 15:54:48.957139 Main        (1901054) /home/lgw/Lumine-benchmarks/Lumine/lib/common/config.cpp:332] Load configuration for function exp09End[2]
I0420 15:54:48.957219 Main        (1901054) /home/lgw/Lumine-benchmarks/Lumine/lib/common/config.cpp:332] Load configuration for function exp09Register[3]
I0420 15:54:48.957269 Main        (1901054) /home/lgw/Lumine-benchmarks/Lumine/lib/common/config.cpp:332] Load configuration for function exp09StartFinra[4]
I0420 15:54:48.957522 Main        (1901054) /home/lgw/Lumine-benchmarks/Lumine/src/host/worker/cpp/func_worker.cpp:107] My client_id is 14
I0420 15:54:48.957636 Main        (1901054) /home/lgw/Lumine-benchmarks/Lumine/src/host/worker/cpp/func_worker.cpp:173] Use extra pipes for messages
I0420 15:54:48.957943 Main        (1901054) /home/lgw/Lumine-benchmarks/Lumine/src/host/worker/cpp/func_worker.cpp:195] Handshake done
I0420 15:55:15.760814 Main        (1901054) /home/lgw/Lumine-benchmarks/Experiments/09/src/1_end/end.cpp:48] req_id = 1980002, end_time = 1682006115760806
I0420 15:55:15.771438 Main        (1901054) /home/lgw/Lumine-benchmarks/Experiments/09/src/1_end/end.cpp:48] req_id = 1080002, end_time = 1682006115771435
I0420 15:55:15.772348 Main        (1901054) /home/lgw/Lumine-benchmarks/Experiments/09/src/1_end/end.cpp:48] req_id = 1920002, end_time = 1682006115772346
I0420 15:55:15.773015 Main        (1901054) /home/lgw/Lumine-benchmarks/Experiments/09/src/1_end/end.cpp:48] req_id = 1740001, end_time = 1682006115773013
I0420 15:55:15.774286 Main        (1901054) /home/lgw/Lumine-benchmarks/Experiments/09/src/1_end/end.cpp:48] req_id = 1740002, end_time = 1682006115774284
I0420 15:55:15.774985 Main        (1901054) /home/lgw/Lumine-benchmarks/Experiments/09/src/1_end/end.cpp:48] req_id = 2220001, end_time = 1682006115774983
I0420 15:55:15.775302 Main        (1901054) /home/lgw/Lumine-benchmarks/Experiments/09/src/1_end/end.cpp:48] req_id = 1200002, end_time = 1682006115775300
I0420 15:55:15.775782 Main        (1901054) /home/lgw/Lumine-benchmarks/Experiments/09/src/1_end/end.cpp:48] req_id = 2640001, end_time = 1682006115775780
I0420 15:55:15.776459 Main        (1901054) /home/lgw/Lumine-benchmarks/Experiments/09/src/1_end/end.cpp:48] req_id = 1680002, end_time = 1682006115776457
I0420 15:55:15.776875 Main        (1901054) /home/lgw/Lumine-benchmarks/Experiments/09/src/1_end/end.cpp:48] req_id = 2040001, end_time = 1682006115776873
I0420 15:55:15.777480 Main        (1901054) /home/lgw/Lumine-benchmarks/Experiments/09/src/1_end/end.cpp:48] req_id = 1080001, end_time = 1682006115777478
I0420 15:55:15.777854 Main        (1901054) /home/lgw/Lumine-benchmarks/Experiments/09/src/1_end/end.cpp:48] req_id = 840001, end_time = 1682006115777852
I0420 15:55:15.778636 Main        (1901054) /home/lgw/Lumine-benchmarks/Experiments/09/src/1_end/end.cpp:48] req_id = 1140001, end_time = 1682006115778634
I0420 15:55:15.779402 Main        (1901054) /home/lgw/Lumine-benchmarks/Experiments/09/src/1_end/end.cpp:48] req_id = 1500001, end_time = 1682006115779400
I0420 15:55:16.573128 Main        (1901054) /home/lgw/Lumine-benchmarks/Experiments/09/src/1_end/end.cpp:48] req_id = 60004, end_time = 1682006116573122
I0420 15:55:16.573838 Main        (1901054) /home/lgw/Lumine-benchmarks/Experiments/09/src/1_end/end.cpp:48] req_id = 180003, end_time = 1682006116573830
I0420 15:55:16.575651 Main        (1901054) /home/lgw/Lumine-benchmarks/Experiments/09/src/1_end/end.cpp:48] req_id = 240003, end_time = 1682006116575646
I0420 15:55:16.671038 Main        (1901054) /home/lgw/Lumine-benchmarks/Experiments/09/src/1_end/end.cpp:48] req_id = 600004, end_time = 1682006116671032
I0420 15:55:16.672225 Main        (1901054) /home/lgw/Lumine-benchmarks/Experiments/09/src/1_end/end.cpp:48] req_id = 660004, end_time = 1682006116672218
I0420 15:55:16.685428 Main        (1901054) /home/lgw/Lumine-benchmarks/Experiments/09/src/1_end/end.cpp:48] req_id = 2460003, end_time = 1682006116685422
I0420 15:55:16.690485 Main        (1901054) /home/lgw/Lumine-benchmarks/Experiments/09/src/1_end/end.cpp:48] req_id = 1020004, end_time = 1682006116690478
I0420 15:55:16.699846 Main        (1901054) /home/lgw/Lumine-benchmarks/Experiments/09/src/1_end/end.cpp:48] req_id = 1260004, end_time = 1682006116699839
I0420 15:55:16.702570 Main        (1901054) /home/lgw/Lumine-benchmarks/Experiments/09/src/1_end/end.cpp:48] req_id = 1440004, end_time = 1682006116702563
I0420 15:55:16.705108 Main        (1901054) /home/lgw/Lumine-benchmarks/Experiments/09/src/1_end/end.cpp:48] req_id = 1740003, end_time = 1682006116705102
I0420 15:55:16.710494 Main        (1901054) /home/lgw/Lumine-benchmarks/Experiments/09/src/1_end/end.cpp:48] req_id = 2160003, end_time = 1682006116710488
I0420 15:55:16.715938 Main        (1901054) /home/lgw/Lumine-benchmarks/Experiments/09/src/1_end/end.cpp:48] req_id = 2520002, end_time = 1682006116715931
I0420 15:55:16.717608 Main        (1901054) /home/lgw/Lumine-benchmarks/Experiments/09/src/1_end/end.cpp:48] req_id = 1200003, end_time = 1682006116717602
I0420 15:55:16.722173 Main        (1901054) /home/lgw/Lumine-benchmarks/Experiments/09/src/1_end/end.cpp:48] req_id = 840004, end_time = 1682006116722167
I0420 15:55:16.724453 Main        (1901054) /home/lgw/Lumine-benchmarks/Experiments/09/src/1_end/end.cpp:48] req_id = 1860003, end_time = 1682006116724447
I0420 15:55:16.724996 Main        (1901054) /home/lgw/Lumine-benchmarks/Experiments/09/src/1_end/end.cpp:48] req_id = 1320004, end_time = 1682006116724990
I0420 15:55:16.726832 Main        (1901054) /home/lgw/Lumine-benchmarks/Experiments/09/src/1_end/end.cpp:48] req_id = 2820002, end_time = 1682006116726826
I0420 15:55:16.728060 Main        (1901054) /home/lgw/Lumine-benchmarks/Experiments/09/src/1_end/end.cpp:48] req_id = 1500004, end_time = 1682006116728054
I0420 15:55:16.729118 Main        (1901054) /home/lgw/Lumine-benchmarks/Experiments/09/src/1_end/end.cpp:48] req_id = 1620003, end_time = 1682006116729112
I0420 15:55:16.737990 Main        (1901054) /home/lgw/Lumine-benchmarks/Experiments/09/src/1_end/end.cpp:48] req_id = 2640003, end_time = 1682006116737984
I0420 15:55:16.738530 Main        (1901054) /home/lgw/Lumine-benchmarks/Experiments/09/src/1_end/end.cpp:48] req_id = 1920004, end_time = 1682006116738524
I0420 15:55:16.739351 Main        (1901054) /home/lgw/Lumine-benchmarks/Experiments/09/src/1_end/end.cpp:48] req_id = 3000002, end_time = 1682006116739345
I0420 15:55:16.742174 Main        (1901054) /home/lgw/Lumine-benchmarks/Experiments/09/src/1_end/end.cpp:48] req_id = 2100004, end_time = 1682006116742167
I0420 15:55:16.742670 Main        (1901054) /home/lgw/Lumine-benchmarks/Experiments/09/src/1_end/end.cpp:48] req_id = 2820001, end_time = 1682006116742664
I0420 15:55:16.743542 Main        (1901054) /home/lgw/Lumine-benchmarks/Experiments/09/src/1_end/end.cpp:48] req_id = 2760001, end_time = 1682006116743536
I0420 15:55:16.743887 Main        (1901054) /home/lgw/Lumine-benchmarks/Experiments/09/src/1_end/end.cpp:48] req_id = 1920003, end_time = 1682006116743882
I0420 15:55:16.744550 Main        (1901054) /home/lgw/Lumine-benchmarks/Experiments/09/src/1_end/end.cpp:48] req_id = 2580002, end_time = 1682006116744543
I0420 15:55:16.745150 Main        (1901054) /home/lgw/Lumine-benchmarks/Experiments/09/src/1_end/end.cpp:48] req_id = 1260003, end_time = 1682006116745143
I0420 15:55:17.112200 Main        (1901054) /home/lgw/Lumine-benchmarks/Experiments/09/src/1_end/end.cpp:48] req_id = 2760003, end_time = 1682006117112194
I0420 15:55:17.112748 Main        (1901054) /home/lgw/Lumine-benchmarks/Experiments/09/src/1_end/end.cpp:48] req_id = 2400004, end_time = 1682006117112744
I0420 15:55:17.113980 Main        (1901054) /home/lgw/Lumine-benchmarks/Experiments/09/src/1_end/end.cpp:48] req_id = 2340004, end_time = 1682006117113974
I0420 15:55:17.121840 Main        (1901054) /home/lgw/Lumine-benchmarks/Experiments/09/src/1_end/end.cpp:48] req_id = 2940003, end_time = 1682006117121834
I0420 15:55:17.122198 Main        (1901054) /home/lgw/Lumine-benchmarks/Experiments/09/src/1_end/end.cpp:48] req_id = 2220004, end_time = 1682006117122195
I0420 15:55:17.125053 Main        (1901054) /home/lgw/Lumine-benchmarks/Experiments/09/src/1_end/end.cpp:48] req_id = 2280004, end_time = 1682006117125045
I0420 15:55:17.125569 Main        (1901054) /home/lgw/Lumine-benchmarks/Experiments/09/src/1_end/end.cpp:48] req_id = 2640004, end_time = 1682006117125563
I0420 15:55:17.126838 Main        (1901054) /home/lgw/Lumine-benchmarks/Experiments/09/src/1_end/end.cpp:48] req_id = 3000003, end_time = 1682006117126832
I0420 15:55:17.127101 Main        (1901054) /home/lgw/Lumine-benchmarks/Experiments/09/src/1_end/end.cpp:48] req_id = 2820003, end_time = 1682006117127098
I0420 15:55:17.127492 Main        (1901054) /home/lgw/Lumine-benchmarks/Experiments/09/src/1_end/end.cpp:48] req_id = 2880003, end_time = 1682006117127486
I0420 15:55:17.127930 Main        (1901054) /home/lgw/Lumine-benchmarks/Experiments/09/src/1_end/end.cpp:48] req_id = 2700003, end_time = 1682006117127926
I0420 15:55:17.140890 Main        (1901054) /home/lgw/Lumine-benchmarks/Experiments/09/src/1_end/end.cpp:48] req_id = 2820004, end_time = 1682006117140885
I0420 15:55:17.141252 Main        (1901054) /home/lgw/Lumine-benchmarks/Experiments/09/src/1_end/end.cpp:48] req_id = 2880004, end_time = 1682006117141250
I0420 15:55:17.201553 Main        (1901054) /home/lgw/Lumine-benchmarks/Experiments/09/src/1_end/end.cpp:48] req_id = 2700004, end_time = 1682006117201548
I0420 15:55:17.201852 Main        (1901054) /home/lgw/Lumine-benchmarks/Experiments/09/src/1_end/end.cpp:48] req_id = 2760004, end_time = 1682006117201847
I0420 15:55:17.581214 Main        (1901054) /home/lgw/Lumine-benchmarks/Experiments/09/src/1_end/end.cpp:48] req_id = 60006, end_time = 1682006117581210
I0420 15:55:17.585322 Main        (1901054) /home/lgw/Lumine-benchmarks/Experiments/09/src/1_end/end.cpp:48] req_id = 420005, end_time = 1682006117585318
I0420 15:55:17.589793 Main        (1901054) /home/lgw/Lumine-benchmarks/Experiments/09/src/1_end/end.cpp:48] req_id = 180006, end_time = 1682006117589789
I0420 15:55:17.591942 Main        (1901054) /home/lgw/Lumine-benchmarks/Experiments/09/src/1_end/end.cpp:48] req_id = 540005, end_time = 1682006117591938
I0420 15:55:17.656443 Main        (1901054) /home/lgw/Lumine-benchmarks/Experiments/09/src/1_end/end.cpp:48] req_id = 1020006, end_time = 1682006117656438
I0420 15:55:17.658947 Main        (1901054) /home/lgw/Lumine-benchmarks/Experiments/09/src/1_end/end.cpp:48] req_id = 1140006, end_time = 1682006117658944
I0420 15:55:17.668141 Main        (1901054) /home/lgw/Lumine-benchmarks/Experiments/09/src/1_end/end.cpp:48] req_id = 2940006, end_time = 1682006117668135
I0420 15:55:17.679161 Main        (1901054) /home/lgw/Lumine-benchmarks/Experiments/09/src/1_end/end.cpp:48] req_id = 1560005, end_time = 1682006117679155
I0420 15:55:17.687222 Main        (1901054) /home/lgw/Lumine-benchmarks/Experiments/09/src/1_end/end.cpp:48] req_id = 2580005, end_time = 1682006117687218
I0420 15:55:17.698834 Main        (1901054) /home/lgw/Lumine-benchmarks/Experiments/09/src/1_end/end.cpp:48] req_id = 1080005, end_time = 1682006117698829
I0420 15:55:17.719861 Main        (1901054) /home/lgw/Lumine-benchmarks/Experiments/09/src/1_end/end.cpp:48] req_id = 2460005, end_time = 1682006117719855
I0420 15:55:17.723315 Main        (1901054) /home/lgw/Lumine-benchmarks/Experiments/09/src/1_end/end.cpp:48] req_id = 1980005, end_time = 1682006117723310
I0420 15:55:17.731072 Main        (1901054) /home/lgw/Lumine-benchmarks/Experiments/09/src/1_end/end.cpp:48] req_id = 900005, end_time = 1682006117731067
I0420 15:55:17.743122 Main        (1901054) /home/lgw/Lumine-benchmarks/Experiments/09/src/1_end/end.cpp:48] req_id = 960005, end_time = 1682006117743116
I0420 15:55:18.781698 Main        (1901054) /home/lgw/Lumine-benchmarks/Experiments/09/src/1_end/end.cpp:48] req_id = 1320007, end_time = 1682006118781695
I0420 15:55:18.783296 Main        (1901054) /home/lgw/Lumine-benchmarks/Experiments/09/src/1_end/end.cpp:48] req_id = 2100008, end_time = 1682006118783291
I0420 15:55:18.784897 Main        (1901054) /home/lgw/Lumine-benchmarks/Experiments/09/src/1_end/end.cpp:48] req_id = 2040007, end_time = 1682006118784892
I0420 15:55:18.785177 Main        (1901054) /home/lgw/Lumine-benchmarks/Experiments/09/src/1_end/end.cpp:48] req_id = 3000007, end_time = 1682006118785174
I0420 15:55:18.786080 Main        (1901054) /home/lgw/Lumine-benchmarks/Experiments/09/src/1_end/end.cpp:48] req_id = 1260008, end_time = 1682006118786075
I0420 15:55:18.786664 Main        (1901054) /home/lgw/Lumine-benchmarks/Experiments/09/src/1_end/end.cpp:48] req_id = 2760008, end_time = 1682006118786659
I0420 15:55:18.787019 Main        (1901054) /home/lgw/Lumine-benchmarks/Experiments/09/src/1_end/end.cpp:48] req_id = 1920008, end_time = 1682006118787016
I0420 15:55:18.788300 Main        (1901054) /home/lgw/Lumine-benchmarks/Experiments/09/src/1_end/end.cpp:48] req_id = 1440007, end_time = 1682006118788295
I0420 15:55:18.789057 Main        (1901054) /home/lgw/Lumine-benchmarks/Experiments/09/src/1_end/end.cpp:48] req_id = 2580008, end_time = 1682006118789052
I0420 15:55:18.789364 Main        (1901054) /home/lgw/Lumine-benchmarks/Experiments/09/src/1_end/end.cpp:48] req_id = 1800008, end_time = 1682006118789361
I0420 15:55:18.789801 Main        (1901054) /home/lgw/Lumine-benchmarks/Experiments/09/src/1_end/end.cpp:48] req_id = 2820008, end_time = 1682006118789796
I0420 15:55:18.790334 Main        (1901054) /home/lgw/Lumine-benchmarks/Experiments/09/src/1_end/end.cpp:48] req_id = 2880008, end_time = 1682006118790329
I0420 15:55:18.790958 Main        (1901054) /home/lgw/Lumine-benchmarks/Experiments/09/src/1_end/end.cpp:48] req_id = 2700007, end_time = 1682006118790951
I0420 15:55:18.791355 Main        (1901054) /home/lgw/Lumine-benchmarks/Experiments/09/src/1_end/end.cpp:48] req_id = 2160008, end_time = 1682006118791350
I0420 15:55:18.791949 Main        (1901054) /home/lgw/Lumine-benchmarks/Experiments/09/src/1_end/end.cpp:48] req_id = 3000008, end_time = 1682006118791944
I0420 15:55:19.579477 Main        (1901054) /home/lgw/Lumine-benchmarks/Experiments/09/src/1_end/end.cpp:48] req_id = 360009, end_time = 1682006119579471
I0420 15:55:19.579916 Main        (1901054) /home/lgw/Lumine-benchmarks/Experiments/09/src/1_end/end.cpp:48] req_id = 300009, end_time = 1682006119579912
I0420 15:55:19.580854 Main        (1901054) /home/lgw/Lumine-benchmarks/Experiments/09/src/1_end/end.cpp:48] req_id = 60011, end_time = 1682006119580848
I0420 15:55:19.599785 Main        (1901054) /home/lgw/Lumine-benchmarks/Experiments/09/src/1_end/end.cpp:48] req_id = 840010, end_time = 1682006119599779
I0420 15:55:19.656945 Main        (1901054) /home/lgw/Lumine-benchmarks/Experiments/09/src/1_end/end.cpp:48] req_id = 360010, end_time = 1682006119656939
I0420 15:55:19.684173 Main        (1901054) /home/lgw/Lumine-benchmarks/Experiments/09/src/1_end/end.cpp:48] req_id = 1140010, end_time = 1682006119684167
I0420 15:55:19.702477 Main        (1901054) /home/lgw/Lumine-benchmarks/Experiments/09/src/1_end/end.cpp:48] req_id = 840009, end_time = 1682006119702471
I0420 15:55:19.704561 Main        (1901054) /home/lgw/Lumine-benchmarks/Experiments/09/src/1_end/end.cpp:48] req_id = 2220009, end_time = 1682006119704555
I0420 15:55:19.705548 Main        (1901054) /home/lgw/Lumine-benchmarks/Experiments/09/src/1_end/end.cpp:48] req_id = 2400010, end_time = 1682006119705542
I0420 15:55:19.710451 Main        (1901054) /home/lgw/Lumine-benchmarks/Experiments/09/src/1_end/end.cpp:48] req_id = 2460010, end_time = 1682006119710445
I0420 15:55:19.716042 Main        (1901054) /home/lgw/Lumine-benchmarks/Experiments/09/src/1_end/end.cpp:48] req_id = 2820010, end_time = 1682006119716036
I0420 15:55:19.716838 Main        (1901054) /home/lgw/Lumine-benchmarks/Experiments/09/src/1_end/end.cpp:48] req_id = 2940010, end_time = 1682006119716831
I0420 15:55:19.717968 Main        (1901054) /home/lgw/Lumine-benchmarks/Experiments/09/src/1_end/end.cpp:48] req_id = 2520010, end_time = 1682006119717962
I0420 15:55:19.718727 Main        (1901054) /home/lgw/Lumine-benchmarks/Experiments/09/src/1_end/end.cpp:48] req_id = 2100009, end_time = 1682006119718721
I0420 15:55:19.719753 Main        (1901054) /home/lgw/Lumine-benchmarks/Experiments/09/src/1_end/end.cpp:48] req_id = 1380010, end_time = 1682006119719747
I0420 15:55:19.720886 Main        (1901054) /home/lgw/Lumine-benchmarks/Experiments/09/src/1_end/end.cpp:48] req_id = 2760010, end_time = 1682006119720880
I0420 15:55:19.722082 Main        (1901054) /home/lgw/Lumine-benchmarks/Experiments/09/src/1_end/end.cpp:48] req_id = 1620010, end_time = 1682006119722076
I0420 15:55:19.722737 Main        (1901054) /home/lgw/Lumine-benchmarks/Experiments/09/src/1_end/end.cpp:48] req_id = 2760009, end_time = 1682006119722731
I0420 15:55:19.723184 Main        (1901054) /home/lgw/Lumine-benchmarks/Experiments/09/src/1_end/end.cpp:48] req_id = 2280009, end_time = 1682006119723178
I0420 15:55:19.724328 Main        (1901054) /home/lgw/Lumine-benchmarks/Experiments/09/src/1_end/end.cpp:48] req_id = 1920010, end_time = 1682006119724322
I0420 15:55:19.726658 Main        (1901054) /home/lgw/Lumine-benchmarks/Experiments/09/src/1_end/end.cpp:48] req_id = 2880010, end_time = 1682006119726652
I0420 15:55:19.727945 Main        (1901054) /home/lgw/Lumine-benchmarks/Experiments/09/src/1_end/end.cpp:48] req_id = 1920009, end_time = 1682006119727939
I0420 15:55:19.728406 Main        (1901054) /home/lgw/Lumine-benchmarks/Experiments/09/src/1_end/end.cpp:48] req_id = 1320010, end_time = 1682006119728400
I0420 15:55:19.731205 Main        (1901054) /home/lgw/Lumine-benchmarks/Experiments/09/src/1_end/end.cpp:48] req_id = 2280010, end_time = 1682006119731199
I0420 15:55:19.732047 Main        (1901054) /home/lgw/Lumine-benchmarks/Experiments/09/src/1_end/end.cpp:48] req_id = 2820009, end_time = 1682006119732041
I0420 15:55:19.733972 Main        (1901054) /home/lgw/Lumine-benchmarks/Experiments/09/src/1_end/end.cpp:48] req_id = 2640009, end_time = 1682006119733965
I0420 15:55:19.734443 Main        (1901054) /home/lgw/Lumine-benchmarks/Experiments/09/src/1_end/end.cpp:48] req_id = 2340009, end_time = 1682006119734438
I0420 15:55:19.735800 Main        (1901054) /home/lgw/Lumine-benchmarks/Experiments/09/src/1_end/end.cpp:48] req_id = 2100010, end_time = 1682006119735794
I0420 15:55:19.738339 Main        (1901054) /home/lgw/Lumine-benchmarks/Experiments/09/src/1_end/end.cpp:48] req_id = 2580010, end_time = 1682006119738333
I0420 15:55:19.742220 Main        (1901054) /home/lgw/Lumine-benchmarks/Experiments/09/src/1_end/end.cpp:48] req_id = 2460009, end_time = 1682006119742213
I0420 15:55:20.793179 Main        (1901054) /home/lgw/Lumine-benchmarks/Experiments/09/src/1_end/end.cpp:48] req_id = 1380012, end_time = 1682006120793170
I0420 15:55:20.793909 Main        (1901054) /home/lgw/Lumine-benchmarks/Experiments/09/src/1_end/end.cpp:48] req_id = 1980011, end_time = 1682006120793901
I0420 15:55:20.794501 Main        (1901054) /home/lgw/Lumine-benchmarks/Experiments/09/src/1_end/end.cpp:48] req_id = 2400011, end_time = 1682006120794498
I0420 15:55:20.795912 Main        (1901054) /home/lgw/Lumine-benchmarks/Experiments/09/src/1_end/end.cpp:48] req_id = 2460011, end_time = 1682006120795910
I0420 15:55:20.802512 Main        (1901054) /home/lgw/Lumine-benchmarks/Experiments/09/src/1_end/end.cpp:48] req_id = 2100011, end_time = 1682006120802507
I0420 15:55:20.802766 Main        (1901054) /home/lgw/Lumine-benchmarks/Experiments/09/src/1_end/end.cpp:48] req_id = 2820011, end_time = 1682006120802763
I0420 15:55:20.804208 Main        (1901054) /home/lgw/Lumine-benchmarks/Experiments/09/src/1_end/end.cpp:48] req_id = 2460012, end_time = 1682006120804205
I0420 15:55:20.805373 Main        (1901054) /home/lgw/Lumine-benchmarks/Experiments/09/src/1_end/end.cpp:48] req_id = 2040011, end_time = 1682006120805371
I0420 15:55:20.806644 Main        (1901054) /home/lgw/Lumine-benchmarks/Experiments/09/src/1_end/end.cpp:48] req_id = 2160011, end_time = 1682006120806641
I0420 15:55:20.807742 Main        (1901054) /home/lgw/Lumine-benchmarks/Experiments/09/src/1_end/end.cpp:48] req_id = 2700011, end_time = 1682006120807737
I0420 15:55:20.808298 Main        (1901054) /home/lgw/Lumine-benchmarks/Experiments/09/src/1_end/end.cpp:48] req_id = 1500012, end_time = 1682006120808295
I0420 15:55:20.808834 Main        (1901054) /home/lgw/Lumine-benchmarks/Experiments/09/src/1_end/end.cpp:48] req_id = 1860012, end_time = 1682006120808831
I0420 15:55:20.809363 Main        (1901054) /home/lgw/Lumine-benchmarks/Experiments/09/src/1_end/end.cpp:48] req_id = 2400012, end_time = 1682006120809361
I0420 15:55:20.811536 Main        (1901054) /home/lgw/Lumine-benchmarks/Experiments/09/src/1_end/end.cpp:48] req_id = 1800011, end_time = 1682006120811533
I0420 15:55:20.812338 Main        (1901054) /home/lgw/Lumine-benchmarks/Experiments/09/src/1_end/end.cpp:48] req_id = 1860011, end_time = 1682006120812335
I0420 15:55:20.812905 Main        (1901054) /home/lgw/Lumine-benchmarks/Experiments/09/src/1_end/end.cpp:48] req_id = 2760011, end_time = 1682006120812902
I0420 15:55:20.813659 Main        (1901054) /home/lgw/Lumine-benchmarks/Experiments/09/src/1_end/end.cpp:48] req_id = 2340011, end_time = 1682006120813656
I0420 15:55:20.813976 Main        (1901054) /home/lgw/Lumine-benchmarks/Experiments/09/src/1_end/end.cpp:48] req_id = 3000011, end_time = 1682006120813973
I0420 15:55:20.814910 Main        (1901054) /home/lgw/Lumine-benchmarks/Experiments/09/src/1_end/end.cpp:48] req_id = 2580012, end_time = 1682006120814908
I0420 15:55:20.815455 Main        (1901054) /home/lgw/Lumine-benchmarks/Experiments/09/src/1_end/end.cpp:48] req_id = 2640011, end_time = 1682006120815452
I0420 15:55:20.831510 Main        (1901054) /home/lgw/Lumine-benchmarks/Experiments/09/src/1_end/end.cpp:48] req_id = 1320012, end_time = 1682006120831501
I0420 15:55:20.832266 Main        (1901054) /home/lgw/Lumine-benchmarks/Experiments/09/src/1_end/end.cpp:48] req_id = 1080012, end_time = 1682006120832259
I0420 15:55:20.835619 Main        (1901054) /home/lgw/Lumine-benchmarks/Experiments/09/src/1_end/end.cpp:48] req_id = 2640012, end_time = 1682006120835614
I0420 15:55:20.836062 Main        (1901054) /home/lgw/Lumine-benchmarks/Experiments/09/src/1_end/end.cpp:48] req_id = 2700012, end_time = 1682006120836055
I0420 15:55:20.836454 Main        (1901054) /home/lgw/Lumine-benchmarks/Experiments/09/src/1_end/end.cpp:48] req_id = 2280012, end_time = 1682006120836449
I0420 15:55:24.747499 Main        (1901054) /home/lgw/Lumine-benchmarks/Experiments/09/src/1_end/end.cpp:48] req_id = 900020, end_time = 1682006124747492
I0420 15:55:24.747969 Main        (1901054) /home/lgw/Lumine-benchmarks/Experiments/09/src/1_end/end.cpp:48] req_id = 1860020, end_time = 1682006124747963
I0420 15:55:24.748354 Main        (1901054) /home/lgw/Lumine-benchmarks/Experiments/09/src/1_end/end.cpp:48] req_id = 2940020, end_time = 1682006124748350
I0420 15:55:24.749037 Main        (1901054) /home/lgw/Lumine-benchmarks/Experiments/09/src/1_end/end.cpp:48] req_id = 1260020, end_time = 1682006124749030
I0420 15:55:24.749516 Main        (1901054) /home/lgw/Lumine-benchmarks/Experiments/09/src/1_end/end.cpp:48] req_id = 2760020, end_time = 1682006124749511
I0420 15:55:24.749972 Main        (1901054) /home/lgw/Lumine-benchmarks/Experiments/09/src/1_end/end.cpp:48] req_id = 1740020, end_time = 1682006124749965
I0420 15:55:24.754499 Main        (1901054) /home/lgw/Lumine-benchmarks/Experiments/09/src/1_end/end.cpp:48] req_id = 2100020, end_time = 1682006124754493
I0420 15:55:25.574137 Main        (1901054) /home/lgw/Lumine-benchmarks/Experiments/09/src/1_end/end.cpp:48] req_id = 120021, end_time = 1682006125574132
I0420 15:55:25.575249 Main        (1901054) /home/lgw/Lumine-benchmarks/Experiments/09/src/1_end/end.cpp:48] req_id = 180021, end_time = 1682006125575243
I0420 15:55:25.577270 Main        (1901054) /home/lgw/Lumine-benchmarks/Experiments/09/src/1_end/end.cpp:48] req_id = 60022, end_time = 1682006125577267
I0420 15:55:25.577641 Main        (1901054) /home/lgw/Lumine-benchmarks/Experiments/09/src/1_end/end.cpp:48] req_id = 300021, end_time = 1682006125577637
I0420 15:55:25.577957 Main        (1901054) /home/lgw/Lumine-benchmarks/Experiments/09/src/1_end/end.cpp:48] req_id = 240021, end_time = 1682006125577953
I0420 15:55:25.596076 Main        (1901054) /home/lgw/Lumine-benchmarks/Experiments/09/src/1_end/end.cpp:48] req_id = 420021, end_time = 1682006125596070
I0420 15:55:25.655722 Main        (1901054) /home/lgw/Lumine-benchmarks/Experiments/09/src/1_end/end.cpp:48] req_id = 480021, end_time = 1682006125655716
I0420 15:55:25.707929 Main        (1901054) /home/lgw/Lumine-benchmarks/Experiments/09/src/1_end/end.cpp:48] req_id = 1320021, end_time = 1682006125707923
I0420 15:55:25.710355 Main        (1901054) /home/lgw/Lumine-benchmarks/Experiments/09/src/1_end/end.cpp:48] req_id = 540021, end_time = 1682006125710349
I0420 15:55:25.714072 Main        (1901054) /home/lgw/Lumine-benchmarks/Experiments/09/src/1_end/end.cpp:48] req_id = 900022, end_time = 1682006125714066
I0420 15:55:25.717785 Main        (1901054) /home/lgw/Lumine-benchmarks/Experiments/09/src/1_end/end.cpp:48] req_id = 660022, end_time = 1682006125717778
I0420 15:55:25.728681 Main        (1901054) /home/lgw/Lumine-benchmarks/Experiments/09/src/1_end/end.cpp:48] req_id = 1260022, end_time = 1682006125728675
I0420 15:55:25.730377 Main        (1901054) /home/lgw/Lumine-benchmarks/Experiments/09/src/1_end/end.cpp:48] req_id = 2820021, end_time = 1682006125730371
I0420 15:55:25.734748 Main        (1901054) /home/lgw/Lumine-benchmarks/Experiments/09/src/1_end/end.cpp:48] req_id = 1020022, end_time = 1682006125734742
I0420 15:55:25.739013 Main        (1901054) /home/lgw/Lumine-benchmarks/Experiments/09/src/1_end/end.cpp:48] req_id = 1500022, end_time = 1682006125739007
I0420 15:55:25.741699 Main        (1901054) /home/lgw/Lumine-benchmarks/Experiments/09/src/1_end/end.cpp:48] req_id = 2580021, end_time = 1682006125741693
I0420 15:55:25.743046 Main        (1901054) /home/lgw/Lumine-benchmarks/Experiments/09/src/1_end/end.cpp:48] req_id = 1860021, end_time = 1682006125743040
I0420 15:55:25.746358 Main        (1901054) /home/lgw/Lumine-benchmarks/Experiments/09/src/1_end/end.cpp:48] req_id = 2760021, end_time = 1682006125746352
I0420 15:55:25.749323 Main        (1901054) /home/lgw/Lumine-benchmarks/Experiments/09/src/1_end/end.cpp:48] req_id = 1680022, end_time = 1682006125749316
I0420 15:55:25.750489 Main        (1901054) /home/lgw/Lumine-benchmarks/Experiments/09/src/1_end/end.cpp:48] req_id = 1320022, end_time = 1682006125750483
I0420 15:55:25.752625 Main        (1901054) /home/lgw/Lumine-benchmarks/Experiments/09/src/1_end/end.cpp:48] req_id = 1200022, end_time = 1682006125752619
I0420 15:55:25.757815 Main        (1901054) /home/lgw/Lumine-benchmarks/Experiments/09/src/1_end/end.cpp:48] req_id = 2640021, end_time = 1682006125757809
I0420 15:55:25.758159 Main        (1901054) /home/lgw/Lumine-benchmarks/Experiments/09/src/1_end/end.cpp:48] req_id = 780022, end_time = 1682006125758156
I0420 15:55:25.765358 Main        (1901054) /home/lgw/Lumine-benchmarks/Experiments/09/src/1_end/end.cpp:48] req_id = 2520021, end_time = 1682006125765352
I0420 15:55:25.766415 Main        (1901054) /home/lgw/Lumine-benchmarks/Experiments/09/src/1_end/end.cpp:48] req_id = 2040022, end_time = 1682006125766407
I0420 15:55:33.736220 Main        (1901054) /home/lgw/Lumine-benchmarks/Experiments/09/src/1_end/end.cpp:48] req_id = 780038, end_time = 1682006133736210
I0420 15:55:34.769909 Main        (1901054) /home/lgw/Lumine-benchmarks/Experiments/09/src/1_end/end.cpp:48] req_id = 2880039, end_time = 1682006134769902
I0420 15:55:34.771267 Main        (1901054) /home/lgw/Lumine-benchmarks/Experiments/09/src/1_end/end.cpp:48] req_id = 2340040, end_time = 1682006134771261
I0420 15:55:34.771985 Main        (1901054) /home/lgw/Lumine-benchmarks/Experiments/09/src/1_end/end.cpp:48] req_id = 3000040, end_time = 1682006134771978
I0420 15:56:15.692136 Main        (1901054) /home/lgw/Lumine-benchmarks/Experiments/09/src/1_end/end.cpp:48] req_id = 2040122, end_time = 1682006175692122
I0420 15:56:15.692547 Main        (1901054) /home/lgw/Lumine-benchmarks/Experiments/09/src/1_end/end.cpp:48] req_id = 2940122, end_time = 1682006175692541
I0420 15:56:15.692833 Main        (1901054) /home/lgw/Lumine-benchmarks/Experiments/09/src/1_end/end.cpp:48] req_id = 2400122, end_time = 1682006175692829
I0420 15:56:15.694122 Main        (1901054) /home/lgw/Lumine-benchmarks/Experiments/09/src/1_end/end.cpp:48] req_id = 2460121, end_time = 1682006175694116
I0420 15:56:15.694628 Main        (1901054) /home/lgw/Lumine-benchmarks/Experiments/09/src/1_end/end.cpp:48] req_id = 2820122, end_time = 1682006175694622
