I0420 14:06:51.681478 Main        (1518780) /home/lgw/Lumine-benchmarks/Lumine/lib/base/thread.cpp:96] Register main thread: tid=1518780
I0420 14:06:51.684255 Main        (1518780) /home/lgw/Lumine-benchmarks/Lumine/lib/common/config.cpp:332] Load configuration for function exp09Start[1]
I0420 14:06:51.684538 Main        (1518780) /home/lgw/Lumine-benchmarks/Lumine/lib/common/config.cpp:332] Load configuration for function exp09End[2]
I0420 14:06:51.684645 Main        (1518780) /home/lgw/Lumine-benchmarks/Lumine/lib/common/config.cpp:332] Load configuration for function exp09Register[3]
I0420 14:06:51.684710 Main        (1518780) /home/lgw/Lumine-benchmarks/Lumine/lib/common/config.cpp:332] Load configuration for function exp09StartFinra[4]
I0420 14:06:51.684937 Main        (1518780) /home/lgw/Lumine-benchmarks/Lumine/src/host/worker/cpp/func_worker.cpp:107] My client_id is 4
I0420 14:06:51.685100 Main        (1518780) /home/lgw/Lumine-benchmarks/Lumine/src/host/worker/cpp/func_worker.cpp:173] Use extra pipes for messages
I0420 14:06:51.732982 Main        (1518780) /home/lgw/Lumine-benchmarks/Lumine/src/host/worker/cpp/func_worker.cpp:195] Handshake done
I0420 14:07:15.370040 Main        (1518780) /home/lgw/Lumine-benchmarks/Experiments/09/src/0_start/start_for_finra.cpp:84] req_id = 60002, start_time = 1681999635365505
I0420 14:07:15.867313 Main        (1518780) /home/lgw/Lumine-benchmarks/Experiments/09/src/0_start/start_for_finra.cpp:84] req_id = 60003, start_time = 1681999635865722
I0420 14:07:16.367304 Main        (1518780) /home/lgw/Lumine-benchmarks/Experiments/09/src/0_start/start_for_finra.cpp:84] req_id = 60004, start_time = 1681999636365807
I0420 14:07:16.867402 Main        (1518780) /home/lgw/Lumine-benchmarks/Experiments/09/src/0_start/start_for_finra.cpp:84] req_id = 60005, start_time = 1681999636865703
I0420 14:07:17.367328 Main        (1518780) /home/lgw/Lumine-benchmarks/Experiments/09/src/0_start/start_for_finra.cpp:84] req_id = 60006, start_time = 1681999637365814
I0420 14:07:17.867300 Main        (1518780) /home/lgw/Lumine-benchmarks/Experiments/09/src/0_start/start_for_finra.cpp:84] req_id = 60007, start_time = 1681999637865794
I0420 14:07:18.367078 Main        (1518780) /home/lgw/Lumine-benchmarks/Experiments/09/src/0_start/start_for_finra.cpp:84] req_id = 60008, start_time = 1681999638365555
I0420 14:07:18.867077 Main        (1518780) /home/lgw/Lumine-benchmarks/Experiments/09/src/0_start/start_for_finra.cpp:84] req_id = 60009, start_time = 1681999638865526
I0420 14:07:19.366802 Main        (1518780) /home/lgw/Lumine-benchmarks/Experiments/09/src/0_start/start_for_finra.cpp:84] req_id = 60010, start_time = 1681999639365348
I0420 14:07:19.866801 Main        (1518780) /home/lgw/Lumine-benchmarks/Experiments/09/src/0_start/start_for_finra.cpp:84] req_id = 60011, start_time = 1681999639865315
I0420 14:07:20.366719 Main        (1518780) /home/lgw/Lumine-benchmarks/Experiments/09/src/0_start/start_for_finra.cpp:84] req_id = 60012, start_time = 1681999640365248
I0420 14:07:20.866529 Main        (1518780) /home/lgw/Lumine-benchmarks/Experiments/09/src/0_start/start_for_finra.cpp:84] req_id = 60013, start_time = 1681999640865045
I0420 14:07:21.367341 Main        (1518780) /home/lgw/Lumine-benchmarks/Experiments/09/src/0_start/start_for_finra.cpp:84] req_id = 60014, start_time = 1681999641365898
I0420 14:07:21.866997 Main        (1518780) /home/lgw/Lumine-benchmarks/Experiments/09/src/0_start/start_for_finra.cpp:84] req_id = 60015, start_time = 1681999641865569
I0420 14:07:22.366673 Main        (1518780) /home/lgw/Lumine-benchmarks/Experiments/09/src/0_start/start_for_finra.cpp:84] req_id = 60016, start_time = 1681999642365295
I0420 14:07:22.866515 Main        (1518780) /home/lgw/Lumine-benchmarks/Experiments/09/src/0_start/start_for_finra.cpp:84] req_id = 60017, start_time = 1681999642865079
I0420 14:07:23.367390 Main        (1518780) /home/lgw/Lumine-benchmarks/Experiments/09/src/0_start/start_for_finra.cpp:84] req_id = 60018, start_time = 1681999643365948
I0420 14:07:23.867269 Main        (1518780) /home/lgw/Lumine-benchmarks/Experiments/09/src/0_start/start_for_finra.cpp:84] req_id = 60019, start_time = 1681999643865805
I0420 14:07:24.367215 Main        (1518780) /home/lgw/Lumine-benchmarks/Experiments/09/src/0_start/start_for_finra.cpp:84] req_id = 60020, start_time = 1681999644365526
I0420 14:07:24.867340 Main        (1518780) /home/lgw/Lumine-benchmarks/Experiments/09/src/0_start/start_for_finra.cpp:84] req_id = 60021, start_time = 1681999644865844
I0420 14:07:25.367405 Main        (1518780) /home/lgw/Lumine-benchmarks/Experiments/09/src/0_start/start_for_finra.cpp:84] req_id = 60022, start_time = 1681999645365916
I0420 14:07:25.866958 Main        (1518780) /home/lgw/Lumine-benchmarks/Experiments/09/src/0_start/start_for_finra.cpp:84] req_id = 60023, start_time = 1681999645865418
I0420 14:07:26.366059 Main        (1518780) /home/lgw/Lumine-benchmarks/Experiments/09/src/0_start/start_for_finra.cpp:84] req_id = 60024, start_time = 1681999646364598
I0420 14:07:26.866091 Main        (1518780) /home/lgw/Lumine-benchmarks/Experiments/09/src/0_start/start_for_finra.cpp:84] req_id = 60025, start_time = 1681999646864966
I0420 14:07:27.367248 Main        (1518780) /home/lgw/Lumine-benchmarks/Experiments/09/src/0_start/start_for_finra.cpp:84] req_id = 60026, start_time = 1681999647365758
I0420 14:07:27.866926 Main        (1518780) /home/lgw/Lumine-benchmarks/Experiments/09/src/0_start/start_for_finra.cpp:84] req_id = 60027, start_time = 1681999647865471
I0420 14:07:28.366769 Main        (1518780) /home/lgw/Lumine-benchmarks/Experiments/09/src/0_start/start_for_finra.cpp:84] req_id = 60028, start_time = 1681999648365374
I0420 14:07:28.866362 Main        (1518780) /home/lgw/Lumine-benchmarks/Experiments/09/src/0_start/start_for_finra.cpp:84] req_id = 60029, start_time = 1681999648865055
I0420 14:07:29.367012 Main        (1518780) /home/lgw/Lumine-benchmarks/Experiments/09/src/0_start/start_for_finra.cpp:84] req_id = 60030, start_time = 1681999649365555
I0420 14:07:29.867273 Main        (1518780) /home/lgw/Lumine-benchmarks/Experiments/09/src/0_start/start_for_finra.cpp:84] req_id = 60031, start_time = 1681999649865889
I0420 14:07:30.367119 Main        (1518780) /home/lgw/Lumine-benchmarks/Experiments/09/src/0_start/start_for_finra.cpp:84] req_id = 60032, start_time = 1681999650365745
I0420 14:07:30.866971 Main        (1518780) /home/lgw/Lumine-benchmarks/Experiments/09/src/0_start/start_for_finra.cpp:84] req_id = 60033, start_time = 1681999650865563
I0420 14:07:31.366172 Main        (1518780) /home/lgw/Lumine-benchmarks/Experiments/09/src/0_start/start_for_finra.cpp:84] req_id = 60034, start_time = 1681999651364749
I0420 14:07:31.867003 Main        (1518780) /home/lgw/Lumine-benchmarks/Experiments/09/src/0_start/start_for_finra.cpp:84] req_id = 60035, start_time = 1681999651865622
I0420 14:07:32.366312 Main        (1518780) /home/lgw/Lumine-benchmarks/Experiments/09/src/0_start/start_for_finra.cpp:84] req_id = 60036, start_time = 1681999652364944
I0420 14:07:32.866491 Main        (1518780) /home/lgw/Lumine-benchmarks/Experiments/09/src/0_start/start_for_finra.cpp:84] req_id = 60037, start_time = 1681999652865095
I0420 14:07:33.366938 Main        (1518780) /home/lgw/Lumine-benchmarks/Experiments/09/src/0_start/start_for_finra.cpp:84] req_id = 60038, start_time = 1681999653365530
I0420 14:07:33.866998 Main        (1518780) /home/lgw/Lumine-benchmarks/Experiments/09/src/0_start/start_for_finra.cpp:84] req_id = 60039, start_time = 1681999653865226
I0420 14:07:34.366471 Main        (1518780) /home/lgw/Lumine-benchmarks/Experiments/09/src/0_start/start_for_finra.cpp:84] req_id = 60040, start_time = 1681999654365128
I0420 14:07:34.866167 Main        (1518780) /home/lgw/Lumine-benchmarks/Experiments/09/src/0_start/start_for_finra.cpp:84] req_id = 60041, start_time = 1681999654864765
I0420 14:07:35.366875 Main        (1518780) /home/lgw/Lumine-benchmarks/Experiments/09/src/0_start/start_for_finra.cpp:84] req_id = 60042, start_time = 1681999655365469
I0420 14:07:35.866849 Main        (1518780) /home/lgw/Lumine-benchmarks/Experiments/09/src/0_start/start_for_finra.cpp:84] req_id = 60043, start_time = 1681999655865461
I0420 14:07:36.366497 Main        (1518780) /home/lgw/Lumine-benchmarks/Experiments/09/src/0_start/start_for_finra.cpp:84] req_id = 60044, start_time = 1681999656365126
I0420 14:07:36.867214 Main        (1518780) /home/lgw/Lumine-benchmarks/Experiments/09/src/0_start/start_for_finra.cpp:84] req_id = 60045, start_time = 1681999656865851
I0420 14:07:37.366587 Main        (1518780) /home/lgw/Lumine-benchmarks/Experiments/09/src/0_start/start_for_finra.cpp:84] req_id = 60046, start_time = 1681999657365220
I0420 14:07:37.866748 Main        (1518780) /home/lgw/Lumine-benchmarks/Experiments/09/src/0_start/start_for_finra.cpp:84] req_id = 60047, start_time = 1681999657865407
I0420 14:07:38.366754 Main        (1518780) /home/lgw/Lumine-benchmarks/Experiments/09/src/0_start/start_for_finra.cpp:84] req_id = 60048, start_time = 1681999658365383
I0420 14:07:38.866814 Main        (1518780) /home/lgw/Lumine-benchmarks/Experiments/09/src/0_start/start_for_finra.cpp:84] req_id = 60049, start_time = 1681999658865430
I0420 14:07:39.366807 Main        (1518780) /home/lgw/Lumine-benchmarks/Experiments/09/src/0_start/start_for_finra.cpp:84] req_id = 60050, start_time = 1681999659365404
I0420 14:07:39.866098 Main        (1518780) /home/lgw/Lumine-benchmarks/Experiments/09/src/0_start/start_for_finra.cpp:84] req_id = 60051, start_time = 1681999659864685
I0420 14:07:40.367277 Main        (1518780) /home/lgw/Lumine-benchmarks/Experiments/09/src/0_start/start_for_finra.cpp:84] req_id = 60052, start_time = 1681999660365501
I0420 14:07:40.866963 Main        (1518780) /home/lgw/Lumine-benchmarks/Experiments/09/src/0_start/start_for_finra.cpp:84] req_id = 60053, start_time = 1681999660865567
I0420 14:07:41.367084 Main        (1518780) /home/lgw/Lumine-benchmarks/Experiments/09/src/0_start/start_for_finra.cpp:84] req_id = 60054, start_time = 1681999661365775
I0420 14:07:41.867123 Main        (1518780) /home/lgw/Lumine-benchmarks/Experiments/09/src/0_start/start_for_finra.cpp:84] req_id = 60055, start_time = 1681999661865752
I0420 14:07:42.366767 Main        (1518780) /home/lgw/Lumine-benchmarks/Experiments/09/src/0_start/start_for_finra.cpp:84] req_id = 60056, start_time = 1681999662365385
I0420 14:07:42.866758 Main        (1518780) /home/lgw/Lumine-benchmarks/Experiments/09/src/0_start/start_for_finra.cpp:84] req_id = 60057, start_time = 1681999662865368
I0420 14:07:43.366859 Main        (1518780) /home/lgw/Lumine-benchmarks/Experiments/09/src/0_start/start_for_finra.cpp:84] req_id = 60058, start_time = 1681999663365488
I0420 14:07:43.866934 Main        (1518780) /home/lgw/Lumine-benchmarks/Experiments/09/src/0_start/start_for_finra.cpp:84] req_id = 60059, start_time = 1681999663865557
I0420 14:07:44.366706 Main        (1518780) /home/lgw/Lumine-benchmarks/Experiments/09/src/0_start/start_for_finra.cpp:84] req_id = 60060, start_time = 1681999664365370
I0420 14:07:44.866412 Main        (1518780) /home/lgw/Lumine-benchmarks/Experiments/09/src/0_start/start_for_finra.cpp:84] req_id = 60061, start_time = 1681999664865138
I0420 14:07:45.366145 Main        (1518780) /home/lgw/Lumine-benchmarks/Experiments/09/src/0_start/start_for_finra.cpp:84] req_id = 60062, start_time = 1681999665364752
I0420 14:07:45.866837 Main        (1518780) /home/lgw/Lumine-benchmarks/Experiments/09/src/0_start/start_for_finra.cpp:84] req_id = 60063, start_time = 1681999665865438
I0420 14:07:46.366701 Main        (1518780) /home/lgw/Lumine-benchmarks/Experiments/09/src/0_start/start_for_finra.cpp:84] req_id = 60064, start_time = 1681999666365326
I0420 14:07:46.867131 Main        (1518780) /home/lgw/Lumine-benchmarks/Experiments/09/src/0_start/start_for_finra.cpp:84] req_id = 60065, start_time = 1681999666865271
I0420 14:07:47.366655 Main        (1518780) /home/lgw/Lumine-benchmarks/Experiments/09/src/0_start/start_for_finra.cpp:84] req_id = 60066, start_time = 1681999667365316
I0420 14:07:47.866558 Main        (1518780) /home/lgw/Lumine-benchmarks/Experiments/09/src/0_start/start_for_finra.cpp:84] req_id = 60067, start_time = 1681999667865181
I0420 14:07:48.366714 Main        (1518780) /home/lgw/Lumine-benchmarks/Experiments/09/src/0_start/start_for_finra.cpp:84] req_id = 60068, start_time = 1681999668365493
I0420 14:07:48.866445 Main        (1518780) /home/lgw/Lumine-benchmarks/Experiments/09/src/0_start/start_for_finra.cpp:84] req_id = 60069, start_time = 1681999668865131
I0420 14:07:49.366396 Main        (1518780) /home/lgw/Lumine-benchmarks/Experiments/09/src/0_start/start_for_finra.cpp:84] req_id = 60070, start_time = 1681999669365012
I0420 14:07:49.866792 Main        (1518780) /home/lgw/Lumine-benchmarks/Experiments/09/src/0_start/start_for_finra.cpp:84] req_id = 60071, start_time = 1681999669865396
I0420 14:07:50.366386 Main        (1518780) /home/lgw/Lumine-benchmarks/Experiments/09/src/0_start/start_for_finra.cpp:84] req_id = 60072, start_time = 1681999670365005
I0420 14:07:50.866711 Main        (1518780) /home/lgw/Lumine-benchmarks/Experiments/09/src/0_start/start_for_finra.cpp:84] req_id = 60073, start_time = 1681999670865316
I0420 14:07:51.367123 Main        (1518780) /home/lgw/Lumine-benchmarks/Experiments/09/src/0_start/start_for_finra.cpp:84] req_id = 60074, start_time = 1681999671365744
I0420 14:07:51.866573 Main        (1518780) /home/lgw/Lumine-benchmarks/Experiments/09/src/0_start/start_for_finra.cpp:84] req_id = 60075, start_time = 1681999671865161
I0420 14:07:52.366365 Main        (1518780) /home/lgw/Lumine-benchmarks/Experiments/09/src/0_start/start_for_finra.cpp:84] req_id = 60076, start_time = 1681999672364947
I0420 14:07:52.867064 Main        (1518780) /home/lgw/Lumine-benchmarks/Experiments/09/src/0_start/start_for_finra.cpp:84] req_id = 60077, start_time = 1681999672865649
I0420 14:07:53.366701 Main        (1518780) /home/lgw/Lumine-benchmarks/Experiments/09/src/0_start/start_for_finra.cpp:84] req_id = 60078, start_time = 1681999673365301
I0420 14:07:53.866033 Main        (1518780) /home/lgw/Lumine-benchmarks/Experiments/09/src/0_start/start_for_finra.cpp:84] req_id = 60079, start_time = 1681999673864628
I0420 14:07:54.367217 Main        (1518780) /home/lgw/Lumine-benchmarks/Experiments/09/src/0_start/start_for_finra.cpp:84] req_id = 60080, start_time = 1681999674365831
I0420 14:07:54.866734 Main        (1518780) /home/lgw/Lumine-benchmarks/Experiments/09/src/0_start/start_for_finra.cpp:84] req_id = 60081, start_time = 1681999674865395
I0420 14:07:55.366821 Main        (1518780) /home/lgw/Lumine-benchmarks/Experiments/09/src/0_start/start_for_finra.cpp:84] req_id = 60082, start_time = 1681999675365424
I0420 14:07:55.866900 Main        (1518780) /home/lgw/Lumine-benchmarks/Experiments/09/src/0_start/start_for_finra.cpp:84] req_id = 60083, start_time = 1681999675865509
I0420 14:07:56.366850 Main        (1518780) /home/lgw/Lumine-benchmarks/Experiments/09/src/0_start/start_for_finra.cpp:84] req_id = 60084, start_time = 1681999676365499
I0420 14:07:56.867124 Main        (1518780) /home/lgw/Lumine-benchmarks/Experiments/09/src/0_start/start_for_finra.cpp:84] req_id = 60085, start_time = 1681999676865733
I0420 14:07:57.366311 Main        (1518780) /home/lgw/Lumine-benchmarks/Experiments/09/src/0_start/start_for_finra.cpp:84] req_id = 60086, start_time = 1681999677364998
I0420 14:07:57.866766 Main        (1518780) /home/lgw/Lumine-benchmarks/Experiments/09/src/0_start/start_for_finra.cpp:84] req_id = 60087, start_time = 1681999677865409
I0420 14:07:58.366133 Main        (1518780) /home/lgw/Lumine-benchmarks/Experiments/09/src/0_start/start_for_finra.cpp:84] req_id = 60088, start_time = 1681999678364912
I0420 14:07:58.866505 Main        (1518780) /home/lgw/Lumine-benchmarks/Experiments/09/src/0_start/start_for_finra.cpp:84] req_id = 60089, start_time = 1681999678865480
I0420 14:07:59.366818 Main        (1518780) /home/lgw/Lumine-benchmarks/Experiments/09/src/0_start/start_for_finra.cpp:84] req_id = 60090, start_time = 1681999679365473
I0420 14:07:59.866708 Main        (1518780) /home/lgw/Lumine-benchmarks/Experiments/09/src/0_start/start_for_finra.cpp:84] req_id = 60091, start_time = 1681999679865495
I0420 14:08:00.366656 Main        (1518780) /home/lgw/Lumine-benchmarks/Experiments/09/src/0_start/start_for_finra.cpp:84] req_id = 60092, start_time = 1681999680365332
I0420 14:08:00.867300 Main        (1518780) /home/lgw/Lumine-benchmarks/Experiments/09/src/0_start/start_for_finra.cpp:84] req_id = 60093, start_time = 1681999680865611
I0420 14:08:01.366022 Main        (1518780) /home/lgw/Lumine-benchmarks/Experiments/09/src/0_start/start_for_finra.cpp:84] req_id = 60094, start_time = 1681999681364587
I0420 14:08:01.867150 Main        (1518780) /home/lgw/Lumine-benchmarks/Experiments/09/src/0_start/start_for_finra.cpp:84] req_id = 60095, start_time = 1681999681865737
I0420 14:08:02.367000 Main        (1518780) /home/lgw/Lumine-benchmarks/Experiments/09/src/0_start/start_for_finra.cpp:84] req_id = 60096, start_time = 1681999682365590
I0420 14:08:02.866933 Main        (1518780) /home/lgw/Lumine-benchmarks/Experiments/09/src/0_start/start_for_finra.cpp:84] req_id = 60097, start_time = 1681999682865511
I0420 14:08:03.367074 Main        (1518780) /home/lgw/Lumine-benchmarks/Experiments/09/src/0_start/start_for_finra.cpp:84] req_id = 60098, start_time = 1681999683365585
I0420 14:08:03.867125 Main        (1518780) /home/lgw/Lumine-benchmarks/Experiments/09/src/0_start/start_for_finra.cpp:84] req_id = 60099, start_time = 1681999683865714
I0420 14:08:04.367109 Main        (1518780) /home/lgw/Lumine-benchmarks/Experiments/09/src/0_start/start_for_finra.cpp:84] req_id = 60100, start_time = 1681999684365701
I0420 14:08:04.867032 Main        (1518780) /home/lgw/Lumine-benchmarks/Experiments/09/src/0_start/start_for_finra.cpp:84] req_id = 60101, start_time = 1681999684865598
I0420 14:08:05.366355 Main        (1518780) /home/lgw/Lumine-benchmarks/Experiments/09/src/0_start/start_for_finra.cpp:84] req_id = 60102, start_time = 1681999685364944
I0420 14:08:05.866707 Main        (1518780) /home/lgw/Lumine-benchmarks/Experiments/09/src/0_start/start_for_finra.cpp:84] req_id = 60103, start_time = 1681999685865393
I0420 14:08:06.365924 Main        (1518780) /home/lgw/Lumine-benchmarks/Experiments/09/src/0_start/start_for_finra.cpp:84] req_id = 60104, start_time = 1681999686364538
I0420 14:08:06.865959 Main        (1518780) /home/lgw/Lumine-benchmarks/Experiments/09/src/0_start/start_for_finra.cpp:84] req_id = 60105, start_time = 1681999686864591
I0420 14:08:07.366421 Main        (1518780) /home/lgw/Lumine-benchmarks/Experiments/09/src/0_start/start_for_finra.cpp:84] req_id = 60106, start_time = 1681999687365040
I0420 14:08:07.866990 Main        (1518780) /home/lgw/Lumine-benchmarks/Experiments/09/src/0_start/start_for_finra.cpp:84] req_id = 60107, start_time = 1681999687865598
I0420 14:08:08.366403 Main        (1518780) /home/lgw/Lumine-benchmarks/Experiments/09/src/0_start/start_for_finra.cpp:84] req_id = 60108, start_time = 1681999688364904
I0420 14:08:08.866534 Main        (1518780) /home/lgw/Lumine-benchmarks/Experiments/09/src/0_start/start_for_finra.cpp:84] req_id = 60109, start_time = 1681999688865181
I0420 14:08:09.366693 Main        (1518780) /home/lgw/Lumine-benchmarks/Experiments/09/src/0_start/start_for_finra.cpp:84] req_id = 60110, start_time = 1681999689365361
I0420 14:08:09.866556 Main        (1518780) /home/lgw/Lumine-benchmarks/Experiments/09/src/0_start/start_for_finra.cpp:84] req_id = 60111, start_time = 1681999689865157
I0420 14:08:10.366849 Main        (1518780) /home/lgw/Lumine-benchmarks/Experiments/09/src/0_start/start_for_finra.cpp:84] req_id = 60112, start_time = 1681999690365465
I0420 14:08:10.865883 Main        (1518780) /home/lgw/Lumine-benchmarks/Experiments/09/src/0_start/start_for_finra.cpp:84] req_id = 60113, start_time = 1681999690864442
I0420 14:08:11.366158 Main        (1518780) /home/lgw/Lumine-benchmarks/Experiments/09/src/0_start/start_for_finra.cpp:84] req_id = 60114, start_time = 1681999691364678
I0420 14:08:11.866514 Main        (1518780) /home/lgw/Lumine-benchmarks/Experiments/09/src/0_start/start_for_finra.cpp:84] req_id = 60115, start_time = 1681999691865121
I0420 14:08:12.366558 Main        (1518780) /home/lgw/Lumine-benchmarks/Experiments/09/src/0_start/start_for_finra.cpp:84] req_id = 60116, start_time = 1681999692365239
I0420 14:08:12.866284 Main        (1518780) /home/lgw/Lumine-benchmarks/Experiments/09/src/0_start/start_for_finra.cpp:84] req_id = 60117, start_time = 1681999692864882
I0420 14:08:13.367034 Main        (1518780) /home/lgw/Lumine-benchmarks/Experiments/09/src/0_start/start_for_finra.cpp:84] req_id = 60118, start_time = 1681999693365636
I0420 14:08:13.866686 Main        (1518780) /home/lgw/Lumine-benchmarks/Experiments/09/src/0_start/start_for_finra.cpp:84] req_id = 60119, start_time = 1681999693865304
I0420 14:08:14.366315 Main        (1518780) /home/lgw/Lumine-benchmarks/Experiments/09/src/0_start/start_for_finra.cpp:84] req_id = 60120, start_time = 1681999694364886
I0420 14:08:14.866712 Main        (1518780) /home/lgw/Lumine-benchmarks/Experiments/09/src/0_start/start_for_finra.cpp:84] req_id = 60121, start_time = 1681999694865321
I0420 14:08:15.367223 Main        (1518780) /home/lgw/Lumine-benchmarks/Experiments/09/src/0_start/start_for_finra.cpp:84] req_id = 60122, start_time = 1681999695365825
