I0419 11:18:40.079439 Main        (347302) /home/lgw/Lumine-benchmarks/Lumine/lib/base/thread.cpp:96] Register main thread: tid=347302
I0419 11:18:40.082686 Main        (347302) /home/lgw/Lumine-benchmarks/Lumine/lib/common/config.cpp:332] Load configuration for function exp09Start[1]
I0419 11:18:40.082933 Main        (347302) /home/lgw/Lumine-benchmarks/Lumine/lib/common/config.cpp:332] Load configuration for function exp09End[2]
I0419 11:18:40.083040 Main        (347302) /home/lgw/Lumine-benchmarks/Lumine/lib/common/config.cpp:332] Load configuration for function exp09Register[3]
I0419 11:18:40.083364 Main        (347302) /home/lgw/Lumine-benchmarks/Lumine/src/host/worker/cpp/func_worker.cpp:107] My client_id is 14
I0419 11:18:40.083468 Main        (347302) /home/lgw/Lumine-benchmarks/Lumine/src/host/worker/cpp/func_worker.cpp:173] Use extra pipes for messages
I0419 11:18:40.083873 Main        (347302) /home/lgw/Lumine-benchmarks/Lumine/src/host/worker/cpp/func_worker.cpp:195] Handshake done
I0419 11:19:58.504351 Main        (347302) /home/lgw/Lumine-benchmarks/Experiments/09/src/1_end/end.cpp:48] req_id = 2340001, end_time = 1681903198504337
I0419 11:19:58.504891 Main        (347302) /home/lgw/Lumine-benchmarks/Experiments/09/src/1_end/end.cpp:48] req_id = 3840001, end_time = 1681903198504887
I0419 11:19:58.505890 Main        (347302) /home/lgw/Lumine-benchmarks/Experiments/09/src/1_end/end.cpp:48] req_id = 1620002, end_time = 1681903198505883
I0419 11:19:58.510930 Main        (347302) /home/lgw/Lumine-benchmarks/Experiments/09/src/1_end/end.cpp:48] req_id = 4380003, end_time = 1681903198510924
I0419 11:19:58.512211 Main        (347302) /home/lgw/Lumine-benchmarks/Experiments/09/src/1_end/end.cpp:48] req_id = 2280002, end_time = 1681903198512205
I0419 11:19:58.513991 Main        (347302) /home/lgw/Lumine-benchmarks/Experiments/09/src/1_end/end.cpp:48] req_id = 2520001, end_time = 1681903198513985
I0419 11:19:58.520369 Main        (347302) /home/lgw/Lumine-benchmarks/Experiments/09/src/1_end/end.cpp:48] req_id = 3780002, end_time = 1681903198520363
I0419 11:19:58.523770 Main        (347302) /home/lgw/Lumine-benchmarks/Experiments/09/src/1_end/end.cpp:48] req_id = 240004, end_time = 1681903198523764
I0419 11:19:58.533432 Main        (347302) /home/lgw/Lumine-benchmarks/Experiments/09/src/1_end/end.cpp:48] req_id = 1980004, end_time = 1681903198533425
I0419 11:19:58.551403 Main        (347302) /home/lgw/Lumine-benchmarks/Experiments/09/src/1_end/end.cpp:48] req_id = 4680004, end_time = 1681903198551397
I0419 11:19:58.552315 Main        (347302) /home/lgw/Lumine-benchmarks/Experiments/09/src/1_end/end.cpp:48] req_id = 1320004, end_time = 1681903198552309
I0419 11:19:58.556450 Main        (347302) /home/lgw/Lumine-benchmarks/Experiments/09/src/1_end/end.cpp:48] req_id = 120005, end_time = 1681903198556444
I0419 11:19:58.559099 Main        (347302) /home/lgw/Lumine-benchmarks/Experiments/09/src/1_end/end.cpp:48] req_id = 4260004, end_time = 1681903198559093
I0419 11:19:58.574035 Main        (347302) /home/lgw/Lumine-benchmarks/Experiments/09/src/1_end/end.cpp:48] req_id = 240005, end_time = 1681903198574027
I0419 11:19:58.586255 Main        (347302) /home/lgw/Lumine-benchmarks/Experiments/09/src/1_end/end.cpp:48] req_id = 4620006, end_time = 1681903198586250
I0419 11:19:58.593994 Main        (347302) /home/lgw/Lumine-benchmarks/Experiments/09/src/1_end/end.cpp:48] req_id = 1680004, end_time = 1681903198593987
I0419 11:19:58.597372 Main        (347302) /home/lgw/Lumine-benchmarks/Experiments/09/src/1_end/end.cpp:48] req_id = 780004, end_time = 1681903198597365
I0419 11:19:58.599497 Main        (347302) /home/lgw/Lumine-benchmarks/Experiments/09/src/1_end/end.cpp:48] req_id = 420003, end_time = 1681903198599489
I0419 11:19:58.600738 Main        (347302) /home/lgw/Lumine-benchmarks/Experiments/09/src/1_end/end.cpp:48] req_id = 1020004, end_time = 1681903198600732
I0419 11:19:58.626877 Main        (347302) /home/lgw/Lumine-benchmarks/Experiments/09/src/1_end/end.cpp:48] req_id = 840003, end_time = 1681903198626871
I0419 11:19:58.628670 Main        (347302) /home/lgw/Lumine-benchmarks/Experiments/09/src/1_end/end.cpp:48] req_id = 120003, end_time = 1681903198628664
I0419 11:19:58.631476 Main        (347302) /home/lgw/Lumine-benchmarks/Experiments/09/src/1_end/end.cpp:48] req_id = 4680002, end_time = 1681903198631470
I0419 11:19:58.638296 Main        (347302) /home/lgw/Lumine-benchmarks/Experiments/09/src/1_end/end.cpp:48] req_id = 4740002, end_time = 1681903198638290
I0419 11:19:58.651462 Main        (347302) /home/lgw/Lumine-benchmarks/Experiments/09/src/1_end/end.cpp:48] req_id = 1020006, end_time = 1681903198651455
I0419 11:19:58.664845 Main        (347302) /home/lgw/Lumine-benchmarks/Experiments/09/src/1_end/end.cpp:48] req_id = 1560006, end_time = 1681903198664839
I0419 11:19:58.700320 Main        (347302) /home/lgw/Lumine-benchmarks/Experiments/09/src/1_end/end.cpp:48] req_id = 1260005, end_time = 1681903198700314
I0419 11:19:58.703097 Main        (347302) /home/lgw/Lumine-benchmarks/Experiments/09/src/1_end/end.cpp:48] req_id = 1380001, end_time = 1681903198703090
I0419 11:19:58.708390 Main        (347302) /home/lgw/Lumine-benchmarks/Experiments/09/src/1_end/end.cpp:48] req_id = 1140003, end_time = 1681903198708384
I0419 11:19:58.728987 Main        (347302) /home/lgw/Lumine-benchmarks/Experiments/09/src/1_end/end.cpp:48] req_id = 1560001, end_time = 1681903198728980
I0419 11:19:58.742806 Main        (347302) /home/lgw/Lumine-benchmarks/Experiments/09/src/1_end/end.cpp:48] req_id = 4200007, end_time = 1681903198742799
I0419 11:19:58.744387 Main        (347302) /home/lgw/Lumine-benchmarks/Experiments/09/src/1_end/end.cpp:48] req_id = 4560006, end_time = 1681903198744381
I0419 11:19:58.753422 Main        (347302) /home/lgw/Lumine-benchmarks/Experiments/09/src/1_end/end.cpp:48] req_id = 1200006, end_time = 1681903198753415
I0419 11:19:58.774399 Main        (347302) /home/lgw/Lumine-benchmarks/Experiments/09/src/1_end/end.cpp:48] req_id = 120002, end_time = 1681903198774392
I0419 11:19:58.774774 Main        (347302) /home/lgw/Lumine-benchmarks/Experiments/09/src/1_end/end.cpp:48] req_id = 840006, end_time = 1681903198774768
I0419 11:19:58.783896 Main        (347302) /home/lgw/Lumine-benchmarks/Experiments/09/src/1_end/end.cpp:48] req_id = 1680005, end_time = 1681903198783890
I0419 11:19:58.784183 Main        (347302) /home/lgw/Lumine-benchmarks/Experiments/09/src/1_end/end.cpp:48] req_id = 420001, end_time = 1681903198784179
I0419 11:19:58.793933 Main        (347302) /home/lgw/Lumine-benchmarks/Experiments/09/src/1_end/end.cpp:48] req_id = 480001, end_time = 1681903198793926
I0419 11:19:58.794293 Main        (347302) /home/lgw/Lumine-benchmarks/Experiments/09/src/1_end/end.cpp:48] req_id = 600001, end_time = 1681903198794285
I0419 11:19:58.816643 Main        (347302) /home/lgw/Lumine-benchmarks/Experiments/09/src/1_end/end.cpp:48] req_id = 1140001, end_time = 1681903198816636
I0419 11:19:58.817427 Main        (347302) /home/lgw/Lumine-benchmarks/Experiments/09/src/1_end/end.cpp:48] req_id = 840002, end_time = 1681903198817421
I0419 11:19:58.825608 Main        (347302) /home/lgw/Lumine-benchmarks/Experiments/09/src/1_end/end.cpp:48] req_id = 720001, end_time = 1681903198825602
I0419 11:19:58.826800 Main        (347302) /home/lgw/Lumine-benchmarks/Experiments/09/src/1_end/end.cpp:48] req_id = 1980001, end_time = 1681903198826794
I0419 11:19:58.854904 Main        (347302) /home/lgw/Lumine-benchmarks/Experiments/09/src/1_end/end.cpp:48] req_id = 4200006, end_time = 1681903198854898
I0419 11:19:58.869610 Main        (347302) /home/lgw/Lumine-benchmarks/Experiments/09/src/1_end/end.cpp:48] req_id = 480008, end_time = 1681903198869604
I0419 11:19:58.887113 Main        (347302) /home/lgw/Lumine-benchmarks/Experiments/09/src/1_end/end.cpp:48] req_id = 300005, end_time = 1681903198887107
I0419 11:19:58.899980 Main        (347302) /home/lgw/Lumine-benchmarks/Experiments/09/src/1_end/end.cpp:48] req_id = 4620008, end_time = 1681903198899974
I0419 11:19:58.924887 Main        (347302) /home/lgw/Lumine-benchmarks/Experiments/09/src/1_end/end.cpp:48] req_id = 3900004, end_time = 1681903198924881
I0419 11:19:58.938134 Main        (347302) /home/lgw/Lumine-benchmarks/Experiments/09/src/1_end/end.cpp:48] req_id = 480004, end_time = 1681903198938128
I0419 11:19:59.045838 Main        (347302) /home/lgw/Lumine-benchmarks/Experiments/09/src/1_end/end.cpp:48] req_id = 60006, end_time = 1681903199045828
I0419 11:19:59.049694 Main        (347302) /home/lgw/Lumine-benchmarks/Experiments/09/src/1_end/end.cpp:48] req_id = 3900005, end_time = 1681903199049687
I0419 11:19:59.053773 Main        (347302) /home/lgw/Lumine-benchmarks/Experiments/09/src/1_end/end.cpp:48] req_id = 120007, end_time = 1681903199053767
I0419 11:19:59.056164 Main        (347302) /home/lgw/Lumine-benchmarks/Experiments/09/src/1_end/end.cpp:48] req_id = 2280005, end_time = 1681903199056158
I0419 11:19:59.062017 Main        (347302) /home/lgw/Lumine-benchmarks/Experiments/09/src/1_end/end.cpp:48] req_id = 600010, end_time = 1681903199062009
I0419 11:19:59.063185 Main        (347302) /home/lgw/Lumine-benchmarks/Experiments/09/src/1_end/end.cpp:48] req_id = 960006, end_time = 1681903199063179
I0419 11:19:59.063898 Main        (347302) /home/lgw/Lumine-benchmarks/Experiments/09/src/1_end/end.cpp:48] req_id = 4080002, end_time = 1681903199063892
I0419 11:19:59.096227 Main        (347302) /home/lgw/Lumine-benchmarks/Experiments/09/src/1_end/end.cpp:48] req_id = 1260008, end_time = 1681903199096221
I0419 11:19:59.100471 Main        (347302) /home/lgw/Lumine-benchmarks/Experiments/09/src/1_end/end.cpp:48] req_id = 1260007, end_time = 1681903199100464
I0419 11:19:59.103754 Main        (347302) /home/lgw/Lumine-benchmarks/Experiments/09/src/1_end/end.cpp:48] req_id = 4500006, end_time = 1681903199103747
I0419 11:19:59.104172 Main        (347302) /home/lgw/Lumine-benchmarks/Experiments/09/src/1_end/end.cpp:48] req_id = 1680006, end_time = 1681903199104167
I0419 11:19:59.127550 Main        (347302) /home/lgw/Lumine-benchmarks/Experiments/09/src/1_end/end.cpp:48] req_id = 1140004, end_time = 1681903199127545
I0419 11:19:59.169757 Main        (347302) /home/lgw/Lumine-benchmarks/Experiments/09/src/1_end/end.cpp:48] req_id = 1740007, end_time = 1681903199169752
I0419 11:19:59.201801 Main        (347302) /home/lgw/Lumine-benchmarks/Experiments/09/src/1_end/end.cpp:48] req_id = 1860004, end_time = 1681903199201795
I0419 11:19:59.329665 Main        (347302) /home/lgw/Lumine-benchmarks/Experiments/09/src/1_end/end.cpp:48] req_id = 540008, end_time = 1681903199329660
I0419 11:19:59.331095 Main        (347302) /home/lgw/Lumine-benchmarks/Experiments/09/src/1_end/end.cpp:48] req_id = 900009, end_time = 1681903199331088
I0419 11:19:59.339834 Main        (347302) /home/lgw/Lumine-benchmarks/Experiments/09/src/1_end/end.cpp:48] req_id = 540006, end_time = 1681903199339829
I0419 11:19:59.348976 Main        (347302) /home/lgw/Lumine-benchmarks/Experiments/09/src/1_end/end.cpp:48] req_id = 420008, end_time = 1681903199348971
I0419 11:19:59.388319 Main        (347302) /home/lgw/Lumine-benchmarks/Experiments/09/src/1_end/end.cpp:48] req_id = 660005, end_time = 1681903199388313
I0419 11:19:59.413654 Main        (347302) /home/lgw/Lumine-benchmarks/Experiments/09/src/1_end/end.cpp:48] req_id = 4740008, end_time = 1681903199413646
I0419 11:19:59.436505 Main        (347302) /home/lgw/Lumine-benchmarks/Experiments/09/src/1_end/end.cpp:48] req_id = 4560008, end_time = 1681903199436500
I0419 11:19:59.450090 Main        (347302) /home/lgw/Lumine-benchmarks/Experiments/09/src/1_end/end.cpp:48] req_id = 1620008, end_time = 1681903199450084
I0419 11:19:59.502817 Main        (347302) /home/lgw/Lumine-benchmarks/Experiments/09/src/1_end/end.cpp:48] req_id = 4800012, end_time = 1681903199502810
I0419 11:19:59.584705 Main        (347302) /home/lgw/Lumine-benchmarks/Experiments/09/src/1_end/end.cpp:48] req_id = 2040014, end_time = 1681903199584695
I0419 11:19:59.718658 Main        (347302) /home/lgw/Lumine-benchmarks/Experiments/09/src/1_end/end.cpp:48] req_id = 2280010, end_time = 1681903199718653
I0419 11:19:59.753284 Main        (347302) /home/lgw/Lumine-benchmarks/Experiments/09/src/1_end/end.cpp:48] req_id = 4740012, end_time = 1681903199753279
I0419 11:19:59.793223 Main        (347302) /home/lgw/Lumine-benchmarks/Experiments/09/src/1_end/end.cpp:48] req_id = 1320007, end_time = 1681903199793217
I0419 11:19:59.812490 Main        (347302) /home/lgw/Lumine-benchmarks/Experiments/09/src/1_end/end.cpp:48] req_id = 4080004, end_time = 1681903199812484
I0419 11:20:00.027782 Main        (347302) /home/lgw/Lumine-benchmarks/Experiments/09/src/1_end/end.cpp:48] req_id = 780006, end_time = 1681903200027776
I0419 11:20:00.070878 Main        (347302) /home/lgw/Lumine-benchmarks/Experiments/09/src/1_end/end.cpp:48] req_id = 4680006, end_time = 1681903200070872
I0419 11:20:00.085366 Main        (347302) /home/lgw/Lumine-benchmarks/Experiments/09/src/1_end/end.cpp:48] req_id = 660009, end_time = 1681903200085360
I0419 11:20:00.121861 Main        (347302) /home/lgw/Lumine-benchmarks/Experiments/09/src/1_end/end.cpp:48] req_id = 3720003, end_time = 1681903200121855
I0419 11:20:00.284533 Main        (347302) /home/lgw/Lumine-benchmarks/Experiments/09/src/1_end/end.cpp:48] req_id = 360005, end_time = 1681903200284526
I0419 11:20:00.439934 Main        (347302) /home/lgw/Lumine-benchmarks/Experiments/09/src/1_end/end.cpp:48] req_id = 480012, end_time = 1681903200439928
I0419 11:20:00.518731 Main        (347302) /home/lgw/Lumine-benchmarks/Experiments/09/src/1_end/end.cpp:48] req_id = 4740006, end_time = 1681903200518725
I0419 11:20:00.689181 Main        (347302) /home/lgw/Lumine-benchmarks/Experiments/09/src/1_end/end.cpp:48] req_id = 180007, end_time = 1681903200689174
I0419 11:20:00.706887 Main        (347302) /home/lgw/Lumine-benchmarks/Experiments/09/src/1_end/end.cpp:48] req_id = 1380003, end_time = 1681903200706880
I0419 11:20:00.884440 Main        (347302) /home/lgw/Lumine-benchmarks/Experiments/09/src/1_end/end.cpp:48] req_id = 3840003, end_time = 1681903200884425
I0419 11:20:00.910179 Main        (347302) /home/lgw/Lumine-benchmarks/Experiments/09/src/1_end/end.cpp:48] req_id = 1560014, end_time = 1681903200910173
I0419 11:20:01.289039 Main        (347302) /home/lgw/Lumine-benchmarks/Experiments/09/src/1_end/end.cpp:48] req_id = 3780003, end_time = 1681903201289025
I0419 11:20:01.367123 Main        (347302) /home/lgw/Lumine-benchmarks/Experiments/09/src/1_end/end.cpp:48] req_id = 1200009, end_time = 1681903201367117
I0419 11:20:01.709641 Main        (347302) /home/lgw/Lumine-benchmarks/Experiments/09/src/1_end/end.cpp:48] req_id = 1740013, end_time = 1681903201709627
I0419 11:20:01.731158 Main        (347302) /home/lgw/Lumine-benchmarks/Experiments/09/src/1_end/end.cpp:48] req_id = 2340005, end_time = 1681903201731152
I0419 11:20:01.816371 Main        (347302) /home/lgw/Lumine-benchmarks/Experiments/09/src/1_end/end.cpp:48] req_id = 4680009, end_time = 1681903201816365
I0419 11:20:01.873851 Main        (347302) /home/lgw/Lumine-benchmarks/Experiments/09/src/1_end/end.cpp:48] req_id = 3720004, end_time = 1681903201873847
I0419 11:20:01.999902 Main        (347302) /home/lgw/Lumine-benchmarks/Experiments/09/src/1_end/end.cpp:48] req_id = 2880004, end_time = 1681903201999896
I0419 11:20:02.035068 Main        (347302) /home/lgw/Lumine-benchmarks/Experiments/09/src/1_end/end.cpp:48] req_id = 660013, end_time = 1681903202035059
I0419 11:20:02.325344 Main        (347302) /home/lgw/Lumine-benchmarks/Experiments/09/src/1_end/end.cpp:48] req_id = 2220008, end_time = 1681903202325336
I0419 11:20:02.486905 Main        (347302) /home/lgw/Lumine-benchmarks/Experiments/09/src/1_end/end.cpp:48] req_id = 240007, end_time = 1681903202486898
I0419 11:20:02.540517 Main        (347302) /home/lgw/Lumine-benchmarks/Experiments/09/src/1_end/end.cpp:48] req_id = 4200010, end_time = 1681903202540512
I0419 11:20:02.665890 Main        (347302) /home/lgw/Lumine-benchmarks/Experiments/09/src/1_end/end.cpp:48] req_id = 2160005, end_time = 1681903202665883
I0419 11:20:02.694016 Main        (347302) /home/lgw/Lumine-benchmarks/Experiments/09/src/1_end/end.cpp:48] req_id = 2700001, end_time = 1681903202694007
I0419 11:20:02.785528 Main        (347302) /home/lgw/Lumine-benchmarks/Experiments/09/src/1_end/end.cpp:48] req_id = 4500012, end_time = 1681903202785520
I0419 11:20:02.809155 Main        (347302) /home/lgw/Lumine-benchmarks/Experiments/09/src/1_end/end.cpp:48] req_id = 840015, end_time = 1681903202809149
I0419 11:20:02.986899 Main        (347302) /home/lgw/Lumine-benchmarks/Experiments/09/src/1_end/end.cpp:48] req_id = 3540002, end_time = 1681903202986878
I0419 11:20:03.024014 Main        (347302) /home/lgw/Lumine-benchmarks/Experiments/09/src/1_end/end.cpp:48] req_id = 420009, end_time = 1681903203024007
I0419 11:20:03.235776 Main        (347302) /home/lgw/Lumine-benchmarks/Experiments/09/src/1_end/end.cpp:48] req_id = 1920022, end_time = 1681903203235769
I0419 11:20:03.981054 Main        (347302) /home/lgw/Lumine-benchmarks/Experiments/09/src/1_end/end.cpp:48] req_id = 1440007, end_time = 1681903203981041
I0419 11:20:04.169567 Main        (347302) /home/lgw/Lumine-benchmarks/Experiments/09/src/1_end/end.cpp:48] req_id = 2880005, end_time = 1681903204169559
I0419 11:20:04.524219 Main        (347302) /home/lgw/Lumine-benchmarks/Experiments/09/src/1_end/end.cpp:48] req_id = 2400005, end_time = 1681903204524209
I0419 11:20:04.766972 Main        (347302) /home/lgw/Lumine-benchmarks/Experiments/09/src/1_end/end.cpp:48] req_id = 3540032, end_time = 1681903204766965
I0419 11:20:04.768598 Main        (347302) /home/lgw/Lumine-benchmarks/Experiments/09/src/1_end/end.cpp:48] req_id = 120018, end_time = 1681903204768590
I0419 11:20:05.540198 Main        (347302) /home/lgw/Lumine-benchmarks/Experiments/09/src/1_end/end.cpp:48] req_id = 780010, end_time = 1681903205540186
I0419 11:20:05.688528 Main        (347302) /home/lgw/Lumine-benchmarks/Experiments/09/src/1_end/end.cpp:48] req_id = 4380006, end_time = 1681903205688520
I0419 11:20:06.189184 Main        (347302) /home/lgw/Lumine-benchmarks/Experiments/09/src/1_end/end.cpp:48] req_id = 840007, end_time = 1681903206189170
I0419 11:20:06.539472 Main        (347302) /home/lgw/Lumine-benchmarks/Experiments/09/src/1_end/end.cpp:48] req_id = 2160036, end_time = 1681903206539463
I0419 11:20:06.573819 Main        (347302) /home/lgw/Lumine-benchmarks/Experiments/09/src/1_end/end.cpp:48] req_id = 2580010, end_time = 1681903206573814
I0419 11:20:06.677234 Main        (347302) /home/lgw/Lumine-benchmarks/Experiments/09/src/1_end/end.cpp:48] req_id = 4080009, end_time = 1681903206677227
I0419 11:20:06.772542 Main        (347302) /home/lgw/Lumine-benchmarks/Experiments/09/src/1_end/end.cpp:48] req_id = 4200001, end_time = 1681903206772537
I0419 11:20:06.878117 Main        (347302) /home/lgw/Lumine-benchmarks/Experiments/09/src/1_end/end.cpp:48] req_id = 2040033, end_time = 1681903206878112
I0419 11:20:07.023798 Main        (347302) /home/lgw/Lumine-benchmarks/Experiments/09/src/1_end/end.cpp:48] req_id = 1980015, end_time = 1681903207023790
I0419 11:20:07.041205 Main        (347302) /home/lgw/Lumine-benchmarks/Experiments/09/src/1_end/end.cpp:48] req_id = 3060013, end_time = 1681903207041200
I0419 11:20:07.088970 Main        (347302) /home/lgw/Lumine-benchmarks/Experiments/09/src/1_end/end.cpp:48] req_id = 2760003, end_time = 1681903207088965
I0419 11:20:07.130418 Main        (347302) /home/lgw/Lumine-benchmarks/Experiments/09/src/1_end/end.cpp:48] req_id = 4020009, end_time = 1681903207130414
I0419 11:20:07.178719 Main        (347302) /home/lgw/Lumine-benchmarks/Experiments/09/src/1_end/end.cpp:48] req_id = 900018, end_time = 1681903207178712
I0419 11:20:07.193346 Main        (347302) /home/lgw/Lumine-benchmarks/Experiments/09/src/1_end/end.cpp:48] req_id = 3900006, end_time = 1681903207193341
I0419 11:20:07.297004 Main        (347302) /home/lgw/Lumine-benchmarks/Experiments/09/src/1_end/end.cpp:48] req_id = 4560009, end_time = 1681903207296998
I0419 11:20:07.483430 Main        (347302) /home/lgw/Lumine-benchmarks/Experiments/09/src/1_end/end.cpp:48] req_id = 3480004, end_time = 1681903207483423
I0419 11:20:07.485453 Main        (347302) /home/lgw/Lumine-benchmarks/Experiments/09/src/1_end/end.cpp:48] req_id = 1740009, end_time = 1681903207485448
I0419 11:20:07.682656 Main        (347302) /home/lgw/Lumine-benchmarks/Experiments/09/src/1_end/end.cpp:48] req_id = 4560028, end_time = 1681903207682651
I0419 11:20:07.769209 Main        (347302) /home/lgw/Lumine-benchmarks/Experiments/09/src/1_end/end.cpp:48] req_id = 2400007, end_time = 1681903207769204
I0419 11:20:07.821765 Main        (347302) /home/lgw/Lumine-benchmarks/Experiments/09/src/1_end/end.cpp:48] req_id = 2460006, end_time = 1681903207821758
I0419 11:20:07.946783 Main        (347302) /home/lgw/Lumine-benchmarks/Experiments/09/src/1_end/end.cpp:48] req_id = 60029, end_time = 1681903207946778
I0419 11:20:08.196559 Main        (347302) /home/lgw/Lumine-benchmarks/Experiments/09/src/1_end/end.cpp:48] req_id = 2520010, end_time = 1681903208196549
I0419 11:20:08.210076 Main        (347302) /home/lgw/Lumine-benchmarks/Experiments/09/src/1_end/end.cpp:48] req_id = 1200013, end_time = 1681903208210070
I0419 11:20:10.660938 Main        (347302) /home/lgw/Lumine-benchmarks/Experiments/09/src/1_end/end.cpp:48] req_id = 2700128, end_time = 1681903210660924
I0419 11:20:10.661763 Main        (347302) /home/lgw/Lumine-benchmarks/Experiments/09/src/1_end/end.cpp:48] req_id = 2460128, end_time = 1681903210661757
I0419 11:20:10.666699 Main        (347302) /home/lgw/Lumine-benchmarks/Experiments/09/src/1_end/end.cpp:48] req_id = 1500018, end_time = 1681903210666692
I0419 11:20:10.700120 Main        (347302) /home/lgw/Lumine-benchmarks/Experiments/09/src/1_end/end.cpp:48] req_id = 1620013, end_time = 1681903210700114
I0419 11:20:10.758780 Main        (347302) /home/lgw/Lumine-benchmarks/Experiments/09/src/1_end/end.cpp:48] req_id = 3600023, end_time = 1681903210758774
I0419 11:20:10.969352 Main        (347302) /home/lgw/Lumine-benchmarks/Experiments/09/src/1_end/end.cpp:48] req_id = 1560011, end_time = 1681903210969346
I0419 11:20:11.320827 Main        (347302) /home/lgw/Lumine-benchmarks/Experiments/09/src/1_end/end.cpp:48] req_id = 3720006, end_time = 1681903211320821
I0419 11:20:11.591635 Main        (347302) /home/lgw/Lumine-benchmarks/Experiments/09/src/1_end/end.cpp:48] req_id = 3600004, end_time = 1681903211591629
I0419 11:20:11.693418 Main        (347302) /home/lgw/Lumine-benchmarks/Experiments/09/src/1_end/end.cpp:48] req_id = 2520012, end_time = 1681903211693411
I0419 11:20:11.927821 Main        (347302) /home/lgw/Lumine-benchmarks/Experiments/09/src/1_end/end.cpp:48] req_id = 4260022, end_time = 1681903211927806
I0419 11:20:11.949246 Main        (347302) /home/lgw/Lumine-benchmarks/Experiments/09/src/1_end/end.cpp:48] req_id = 3540019, end_time = 1681903211949242
I0419 11:20:12.268482 Main        (347302) /home/lgw/Lumine-benchmarks/Experiments/09/src/1_end/end.cpp:48] req_id = 3240007, end_time = 1681903212268476
I0419 11:20:12.307108 Main        (347302) /home/lgw/Lumine-benchmarks/Experiments/09/src/1_end/end.cpp:48] req_id = 3360021, end_time = 1681903212307102
I0419 11:20:12.614891 Main        (347302) /home/lgw/Lumine-benchmarks/Experiments/09/src/1_end/end.cpp:48] req_id = 3840019, end_time = 1681903212614880
I0419 11:20:12.727745 Main        (347302) /home/lgw/Lumine-benchmarks/Experiments/09/src/1_end/end.cpp:48] req_id = 60018, end_time = 1681903212727739
I0419 11:20:12.753756 Main        (347302) /home/lgw/Lumine-benchmarks/Experiments/09/src/1_end/end.cpp:48] req_id = 2160013, end_time = 1681903212753749
I0419 11:20:12.779457 Main        (347302) /home/lgw/Lumine-benchmarks/Experiments/09/src/1_end/end.cpp:48] req_id = 60068, end_time = 1681903212779450
I0419 11:20:13.151629 Main        (347302) /home/lgw/Lumine-benchmarks/Experiments/09/src/1_end/end.cpp:48] req_id = 3960021, end_time = 1681903213151618
I0419 11:20:13.262823 Main        (347302) /home/lgw/Lumine-benchmarks/Experiments/09/src/1_end/end.cpp:48] req_id = 1980041, end_time = 1681903213262817
I0419 11:20:13.363900 Main        (347302) /home/lgw/Lumine-benchmarks/Experiments/09/src/1_end/end.cpp:48] req_id = 780039, end_time = 1681903213363894
I0419 11:20:13.407055 Main        (347302) /home/lgw/Lumine-benchmarks/Experiments/09/src/1_end/end.cpp:48] req_id = 2220017, end_time = 1681903213407047
I0419 11:20:13.524494 Main        (347302) /home/lgw/Lumine-benchmarks/Experiments/09/src/1_end/end.cpp:48] req_id = 4380026, end_time = 1681903213524488
I0419 11:20:13.536184 Main        (347302) /home/lgw/Lumine-benchmarks/Experiments/09/src/1_end/end.cpp:48] req_id = 3420043, end_time = 1681903213536178
I0419 11:20:14.539337 Main        (347302) /home/lgw/Lumine-benchmarks/Experiments/09/src/1_end/end.cpp:48] req_id = 1920050, end_time = 1681903214539325
I0419 11:20:14.552480 Main        (347302) /home/lgw/Lumine-benchmarks/Experiments/09/src/1_end/end.cpp:48] req_id = 2760018, end_time = 1681903214552474
I0419 11:20:14.553049 Main        (347302) /home/lgw/Lumine-benchmarks/Experiments/09/src/1_end/end.cpp:48] req_id = 3000117, end_time = 1681903214553045
I0419 11:20:14.622246 Main        (347302) /home/lgw/Lumine-benchmarks/Experiments/09/src/1_end/end.cpp:48] req_id = 3240002, end_time = 1681903214622240
I0419 11:20:14.643136 Main        (347302) /home/lgw/Lumine-benchmarks/Experiments/09/src/1_end/end.cpp:48] req_id = 3420050, end_time = 1681903214643130
I0419 11:20:14.958923 Main        (347302) /home/lgw/Lumine-benchmarks/Experiments/09/src/1_end/end.cpp:48] req_id = 840026, end_time = 1681903214958916
I0419 11:20:14.965801 Main        (347302) /home/lgw/Lumine-benchmarks/Experiments/09/src/1_end/end.cpp:48] req_id = 2580032, end_time = 1681903214965795
I0419 11:20:15.025015 Main        (347302) /home/lgw/Lumine-benchmarks/Experiments/09/src/1_end/end.cpp:48] req_id = 3360006, end_time = 1681903215025008
I0419 11:20:15.211951 Main        (347302) /home/lgw/Lumine-benchmarks/Experiments/09/src/1_end/end.cpp:48] req_id = 660017, end_time = 1681903215211936
I0419 11:20:15.264815 Main        (347302) /home/lgw/Lumine-benchmarks/Experiments/09/src/1_end/end.cpp:48] req_id = 2640014, end_time = 1681903215264809
I0419 11:20:15.393645 Main        (347302) /home/lgw/Lumine-benchmarks/Experiments/09/src/1_end/end.cpp:48] req_id = 60019, end_time = 1681903215393639
I0419 11:20:15.478391 Main        (347302) /home/lgw/Lumine-benchmarks/Experiments/09/src/1_end/end.cpp:48] req_id = 180015, end_time = 1681903215478385
I0419 11:20:15.535053 Main        (347302) /home/lgw/Lumine-benchmarks/Experiments/09/src/1_end/end.cpp:48] req_id = 2340019, end_time = 1681903215535046
I0419 11:20:15.570427 Main        (347302) /home/lgw/Lumine-benchmarks/Experiments/09/src/1_end/end.cpp:48] req_id = 3600032, end_time = 1681903215570421
I0419 11:20:15.726025 Main        (347302) /home/lgw/Lumine-benchmarks/Experiments/09/src/1_end/end.cpp:48] req_id = 2520025, end_time = 1681903215726018
I0419 11:20:16.144573 Main        (347302) /home/lgw/Lumine-benchmarks/Experiments/09/src/1_end/end.cpp:48] req_id = 1260052, end_time = 1681903216144564
I0419 11:20:16.248882 Main        (347302) /home/lgw/Lumine-benchmarks/Experiments/09/src/1_end/end.cpp:48] req_id = 2640019, end_time = 1681903216248868
I0419 11:20:16.267958 Main        (347302) /home/lgw/Lumine-benchmarks/Experiments/09/src/1_end/end.cpp:48] req_id = 1860019, end_time = 1681903216267951
I0419 11:20:16.292734 Main        (347302) /home/lgw/Lumine-benchmarks/Experiments/09/src/1_end/end.cpp:48] req_id = 3360007, end_time = 1681903216292729
I0419 11:20:16.413279 Main        (347302) /home/lgw/Lumine-benchmarks/Experiments/09/src/1_end/end.cpp:48] req_id = 4800062, end_time = 1681903216413273
I0419 11:20:16.481477 Main        (347302) /home/lgw/Lumine-benchmarks/Experiments/09/src/1_end/end.cpp:48] req_id = 120030, end_time = 1681903216481470
I0419 11:20:16.563760 Main        (347302) /home/lgw/Lumine-benchmarks/Experiments/09/src/1_end/end.cpp:48] req_id = 2040015, end_time = 1681903216563753
I0419 11:20:16.758603 Main        (347302) /home/lgw/Lumine-benchmarks/Experiments/09/src/1_end/end.cpp:48] req_id = 3360011, end_time = 1681903216758597
I0419 11:20:17.013372 Main        (347302) /home/lgw/Lumine-benchmarks/Experiments/09/src/1_end/end.cpp:48] req_id = 2040057, end_time = 1681903217013365
I0419 11:20:17.305466 Main        (347302) /home/lgw/Lumine-benchmarks/Experiments/09/src/1_end/end.cpp:48] req_id = 120020, end_time = 1681903217305457
I0419 11:20:17.465782 Main        (347302) /home/lgw/Lumine-benchmarks/Experiments/09/src/1_end/end.cpp:48] req_id = 3540046, end_time = 1681903217465768
I0419 11:20:17.849897 Main        (347302) /home/lgw/Lumine-benchmarks/Experiments/09/src/1_end/end.cpp:48] req_id = 4140029, end_time = 1681903217849885
I0419 11:20:17.911581 Main        (347302) /home/lgw/Lumine-benchmarks/Experiments/09/src/1_end/end.cpp:48] req_id = 360029, end_time = 1681903217911575
I0419 11:20:18.133358 Main        (347302) /home/lgw/Lumine-benchmarks/Experiments/09/src/1_end/end.cpp:48] req_id = 2160049, end_time = 1681903218133349
I0419 11:20:18.259912 Main        (347302) /home/lgw/Lumine-benchmarks/Experiments/09/src/1_end/end.cpp:48] req_id = 1320028, end_time = 1681903218259903
I0419 11:20:18.263850 Main        (347302) /home/lgw/Lumine-benchmarks/Experiments/09/src/1_end/end.cpp:48] req_id = 300017, end_time = 1681903218263844
I0419 11:20:18.272236 Main        (347302) /home/lgw/Lumine-benchmarks/Experiments/09/src/1_end/end.cpp:48] req_id = 3180018, end_time = 1681903218272230
I0419 11:20:18.339629 Main        (347302) /home/lgw/Lumine-benchmarks/Experiments/09/src/1_end/end.cpp:48] req_id = 3000044, end_time = 1681903218339621
I0419 11:20:18.453772 Main        (347302) /home/lgw/Lumine-benchmarks/Experiments/09/src/1_end/end.cpp:48] req_id = 2820016, end_time = 1681903218453764
I0419 11:20:18.512544 Main        (347302) /home/lgw/Lumine-benchmarks/Experiments/09/src/1_end/end.cpp:48] req_id = 2640046, end_time = 1681903218512538
I0419 11:20:18.539578 Main        (347302) /home/lgw/Lumine-benchmarks/Experiments/09/src/1_end/end.cpp:48] req_id = 3180022, end_time = 1681903218539571
I0419 11:20:18.653703 Main        (347302) /home/lgw/Lumine-benchmarks/Experiments/09/src/1_end/end.cpp:48] req_id = 1260106, end_time = 1681903218653696
I0419 11:20:18.728324 Main        (347302) /home/lgw/Lumine-benchmarks/Experiments/09/src/1_end/end.cpp:48] req_id = 3060008, end_time = 1681903218728318
I0419 11:20:18.765437 Main        (347302) /home/lgw/Lumine-benchmarks/Experiments/09/src/1_end/end.cpp:48] req_id = 2820146, end_time = 1681903218765431
I0419 11:20:18.769637 Main        (347302) /home/lgw/Lumine-benchmarks/Experiments/09/src/1_end/end.cpp:48] req_id = 3480137, end_time = 1681903218769630
I0419 11:20:18.800417 Main        (347302) /home/lgw/Lumine-benchmarks/Experiments/09/src/1_end/end.cpp:48] req_id = 4200047, end_time = 1681903218800411
I0419 11:20:18.820863 Main        (347302) /home/lgw/Lumine-benchmarks/Experiments/09/src/1_end/end.cpp:48] req_id = 240159, end_time = 1681903218820855
I0419 11:20:18.822169 Main        (347302) /home/lgw/Lumine-benchmarks/Experiments/09/src/1_end/end.cpp:48] req_id = 1320209, end_time = 1681903218822162
I0419 11:20:18.825640 Main        (347302) /home/lgw/Lumine-benchmarks/Experiments/09/src/1_end/end.cpp:48] req_id = 1440209, end_time = 1681903218825634
I0419 11:20:18.834882 Main        (347302) /home/lgw/Lumine-benchmarks/Experiments/09/src/1_end/end.cpp:48] req_id = 360086, end_time = 1681903218834876
I0419 11:20:18.836292 Main        (347302) /home/lgw/Lumine-benchmarks/Experiments/09/src/1_end/end.cpp:48] req_id = 3480010, end_time = 1681903218836287
I0419 11:20:18.939237 Main        (347302) /home/lgw/Lumine-benchmarks/Experiments/09/src/1_end/end.cpp:48] req_id = 4140048, end_time = 1681903218939223
I0419 11:20:18.940999 Main        (347302) /home/lgw/Lumine-benchmarks/Experiments/09/src/1_end/end.cpp:48] req_id = 2280062, end_time = 1681903218940994
I0419 11:20:18.992925 Main        (347302) /home/lgw/Lumine-benchmarks/Experiments/09/src/1_end/end.cpp:48] req_id = 2040023, end_time = 1681903218992918
I0419 11:20:19.160479 Main        (347302) /home/lgw/Lumine-benchmarks/Experiments/09/src/1_end/end.cpp:48] req_id = 2520030, end_time = 1681903219160470
I0419 11:20:19.391936 Main        (347302) /home/lgw/Lumine-benchmarks/Experiments/09/src/1_end/end.cpp:48] req_id = 2400052, end_time = 1681903219391923
I0419 11:20:19.524376 Main        (347302) /home/lgw/Lumine-benchmarks/Experiments/09/src/1_end/end.cpp:48] req_id = 1620020, end_time = 1681903219524369
I0419 11:20:19.582376 Main        (347302) /home/lgw/Lumine-benchmarks/Experiments/09/src/1_end/end.cpp:48] req_id = 2700027, end_time = 1681903219582369
I0419 11:20:20.097714 Main        (347302) /home/lgw/Lumine-benchmarks/Experiments/09/src/1_end/end.cpp:48] req_id = 3480092, end_time = 1681903220097703
I0419 11:20:20.149809 Main        (347302) /home/lgw/Lumine-benchmarks/Experiments/09/src/1_end/end.cpp:48] req_id = 960032, end_time = 1681903220149795
I0419 11:20:20.209472 Main        (347302) /home/lgw/Lumine-benchmarks/Experiments/09/src/1_end/end.cpp:48] req_id = 3480036, end_time = 1681903220209465
I0419 11:20:20.340451 Main        (347302) /home/lgw/Lumine-benchmarks/Experiments/09/src/1_end/end.cpp:48] req_id = 60022, end_time = 1681903220340444
I0419 11:20:20.425759 Main        (347302) /home/lgw/Lumine-benchmarks/Experiments/09/src/1_end/end.cpp:48] req_id = 3540033, end_time = 1681903220425752
I0419 11:20:20.438468 Main        (347302) /home/lgw/Lumine-benchmarks/Experiments/09/src/1_end/end.cpp:48] req_id = 1140048, end_time = 1681903220438458
I0419 11:20:20.565390 Main        (347302) /home/lgw/Lumine-benchmarks/Experiments/09/src/1_end/end.cpp:48] req_id = 1680016, end_time = 1681903220565384
I0419 11:20:20.857678 Main        (347302) /home/lgw/Lumine-benchmarks/Experiments/09/src/1_end/end.cpp:48] req_id = 1560030, end_time = 1681903220857663
I0419 11:20:20.976274 Main        (347302) /home/lgw/Lumine-benchmarks/Experiments/09/src/1_end/end.cpp:48] req_id = 2580009, end_time = 1681903220976267
I0419 11:20:21.010120 Main        (347302) /home/lgw/Lumine-benchmarks/Experiments/09/src/1_end/end.cpp:48] req_id = 3900038, end_time = 1681903221010114
I0419 11:20:21.058104 Main        (347302) /home/lgw/Lumine-benchmarks/Experiments/09/src/1_end/end.cpp:48] req_id = 2460008, end_time = 1681903221058099
I0419 11:20:21.136131 Main        (347302) /home/lgw/Lumine-benchmarks/Experiments/09/src/1_end/end.cpp:48] req_id = 2400043, end_time = 1681903221136125
I0419 11:20:21.399010 Main        (347302) /home/lgw/Lumine-benchmarks/Experiments/09/src/1_end/end.cpp:48] req_id = 2220027, end_time = 1681903221398998
I0419 11:20:21.455537 Main        (347302) /home/lgw/Lumine-benchmarks/Experiments/09/src/1_end/end.cpp:48] req_id = 240040, end_time = 1681903221455528
I0419 11:20:21.614212 Main        (347302) /home/lgw/Lumine-benchmarks/Experiments/09/src/1_end/end.cpp:48] req_id = 3900027, end_time = 1681903221614200
I0419 11:20:21.646845 Main        (347302) /home/lgw/Lumine-benchmarks/Experiments/09/src/1_end/end.cpp:48] req_id = 840018, end_time = 1681903221646838
I0419 11:20:21.656130 Main        (347302) /home/lgw/Lumine-benchmarks/Experiments/09/src/1_end/end.cpp:48] req_id = 1620021, end_time = 1681903221656124
I0419 11:20:21.904896 Main        (347302) /home/lgw/Lumine-benchmarks/Experiments/09/src/1_end/end.cpp:48] req_id = 2700031, end_time = 1681903221904887
I0419 11:20:21.908472 Main        (347302) /home/lgw/Lumine-benchmarks/Experiments/09/src/1_end/end.cpp:48] req_id = 4440052, end_time = 1681903221908466
I0419 11:20:22.056411 Main        (347302) /home/lgw/Lumine-benchmarks/Experiments/09/src/1_end/end.cpp:48] req_id = 2700016, end_time = 1681903222056395
I0419 11:20:22.106455 Main        (347302) /home/lgw/Lumine-benchmarks/Experiments/09/src/1_end/end.cpp:48] req_id = 3960053, end_time = 1681903222106449
I0419 11:20:22.172532 Main        (347302) /home/lgw/Lumine-benchmarks/Experiments/09/src/1_end/end.cpp:48] req_id = 3660028, end_time = 1681903222172526
I0419 11:20:22.200913 Main        (347302) /home/lgw/Lumine-benchmarks/Experiments/09/src/1_end/end.cpp:48] req_id = 4140036, end_time = 1681903222200907
I0419 11:20:22.204998 Main        (347302) /home/lgw/Lumine-benchmarks/Experiments/09/src/1_end/end.cpp:48] req_id = 1980026, end_time = 1681903222204992
I0419 11:20:22.470695 Main        (347302) /home/lgw/Lumine-benchmarks/Experiments/09/src/1_end/end.cpp:48] req_id = 3780011, end_time = 1681903222470688
I0419 11:20:22.686112 Main        (347302) /home/lgw/Lumine-benchmarks/Experiments/09/src/1_end/end.cpp:48] req_id = 4020076, end_time = 1681903222686106
I0419 11:20:22.880562 Main        (347302) /home/lgw/Lumine-benchmarks/Experiments/09/src/1_end/end.cpp:48] req_id = 3000026, end_time = 1681903222880555
I0419 11:20:23.181853 Main        (347302) /home/lgw/Lumine-benchmarks/Experiments/09/src/1_end/end.cpp:48] req_id = 1800037, end_time = 1681903223181845
I0419 11:20:23.400953 Main        (347302) /home/lgw/Lumine-benchmarks/Experiments/09/src/1_end/end.cpp:48] req_id = 2520011, end_time = 1681903223400945
I0419 11:20:23.522903 Main        (347302) /home/lgw/Lumine-benchmarks/Experiments/09/src/1_end/end.cpp:48] req_id = 720019, end_time = 1681903223522895
I0419 11:20:23.527038 Main        (347302) /home/lgw/Lumine-benchmarks/Experiments/09/src/1_end/end.cpp:48] req_id = 3600012, end_time = 1681903223527031
I0419 11:20:23.541944 Main        (347302) /home/lgw/Lumine-benchmarks/Experiments/09/src/1_end/end.cpp:48] req_id = 1680040, end_time = 1681903223541937
I0419 11:20:23.639959 Main        (347302) /home/lgw/Lumine-benchmarks/Experiments/09/src/1_end/end.cpp:48] req_id = 3120016, end_time = 1681903223639945
I0419 11:20:23.666663 Main        (347302) /home/lgw/Lumine-benchmarks/Experiments/09/src/1_end/end.cpp:48] req_id = 3900040, end_time = 1681903223666656
I0419 11:20:23.703616 Main        (347302) /home/lgw/Lumine-benchmarks/Experiments/09/src/1_end/end.cpp:48] req_id = 1080055, end_time = 1681903223703609
I0419 11:20:23.738212 Main        (347302) /home/lgw/Lumine-benchmarks/Experiments/09/src/1_end/end.cpp:48] req_id = 1800016, end_time = 1681903223738205
I0419 11:20:23.810112 Main        (347302) /home/lgw/Lumine-benchmarks/Experiments/09/src/1_end/end.cpp:48] req_id = 3420085, end_time = 1681903223810105
I0419 11:20:23.907878 Main        (347302) /home/lgw/Lumine-benchmarks/Experiments/09/src/1_end/end.cpp:48] req_id = 60025, end_time = 1681903223907871
I0419 11:20:23.961797 Main        (347302) /home/lgw/Lumine-benchmarks/Experiments/09/src/1_end/end.cpp:48] req_id = 840080, end_time = 1681903223961788
I0419 11:20:24.001148 Main        (347302) /home/lgw/Lumine-benchmarks/Experiments/09/src/1_end/end.cpp:48] req_id = 780076, end_time = 1681903224001141
I0419 11:20:24.055549 Main        (347302) /home/lgw/Lumine-benchmarks/Experiments/09/src/1_end/end.cpp:48] req_id = 3480059, end_time = 1681903224055543
I0419 11:20:24.102411 Main        (347302) /home/lgw/Lumine-benchmarks/Experiments/09/src/1_end/end.cpp:48] req_id = 540028, end_time = 1681903224102404
I0419 11:20:24.264014 Main        (347302) /home/lgw/Lumine-benchmarks/Experiments/09/src/1_end/end.cpp:48] req_id = 3540074, end_time = 1681903224264005
I0419 11:20:24.270627 Main        (347302) /home/lgw/Lumine-benchmarks/Experiments/09/src/1_end/end.cpp:48] req_id = 2160030, end_time = 1681903224270619
I0419 11:20:24.332640 Main        (347302) /home/lgw/Lumine-benchmarks/Experiments/09/src/1_end/end.cpp:48] req_id = 4500017, end_time = 1681903224332633
I0419 11:20:24.484836 Main        (347302) /home/lgw/Lumine-benchmarks/Experiments/09/src/1_end/end.cpp:48] req_id = 2940006, end_time = 1681903224484824
I0419 11:20:24.643416 Main        (347302) /home/lgw/Lumine-benchmarks/Experiments/09/src/1_end/end.cpp:48] req_id = 2640020, end_time = 1681903224643409
I0419 11:20:24.836361 Main        (347302) /home/lgw/Lumine-benchmarks/Experiments/09/src/1_end/end.cpp:48] req_id = 4440036, end_time = 1681903224836354
I0419 11:20:24.929484 Main        (347302) /home/lgw/Lumine-benchmarks/Experiments/09/src/1_end/end.cpp:48] req_id = 3360001, end_time = 1681903224929477
I0419 11:20:24.992936 Main        (347302) /home/lgw/Lumine-benchmarks/Experiments/09/src/1_end/end.cpp:48] req_id = 720021, end_time = 1681903224992930
I0419 11:20:25.214355 Main        (347302) /home/lgw/Lumine-benchmarks/Experiments/09/src/1_end/end.cpp:48] req_id = 1740035, end_time = 1681903225214348
I0419 11:20:25.378946 Main        (347302) /home/lgw/Lumine-benchmarks/Experiments/09/src/1_end/end.cpp:48] req_id = 840013, end_time = 1681903225378940
I0419 11:20:25.438471 Main        (347302) /home/lgw/Lumine-benchmarks/Experiments/09/src/1_end/end.cpp:48] req_id = 660024, end_time = 1681903225438465
I0419 11:20:25.466291 Main        (347302) /home/lgw/Lumine-benchmarks/Experiments/09/src/1_end/end.cpp:48] req_id = 2760058, end_time = 1681903225466285
I0419 11:20:25.549627 Main        (347302) /home/lgw/Lumine-benchmarks/Experiments/09/src/1_end/end.cpp:48] req_id = 660048, end_time = 1681903225549621
I0419 11:20:25.785381 Main        (347302) /home/lgw/Lumine-benchmarks/Experiments/09/src/1_end/end.cpp:48] req_id = 960053, end_time = 1681903225785373
I0419 11:20:25.912689 Main        (347302) /home/lgw/Lumine-benchmarks/Experiments/09/src/1_end/end.cpp:48] req_id = 4740007, end_time = 1681903225912683
I0419 11:20:26.053313 Main        (347302) /home/lgw/Lumine-benchmarks/Experiments/09/src/1_end/end.cpp:48] req_id = 4260011, end_time = 1681903226053299
I0419 11:20:26.102095 Main        (347302) /home/lgw/Lumine-benchmarks/Experiments/09/src/1_end/end.cpp:48] req_id = 2160068, end_time = 1681903226102089
I0419 11:20:26.483006 Main        (347302) /home/lgw/Lumine-benchmarks/Experiments/09/src/1_end/end.cpp:48] req_id = 3840055, end_time = 1681903226482995
I0419 11:20:26.735373 Main        (347302) /home/lgw/Lumine-benchmarks/Experiments/09/src/1_end/end.cpp:48] req_id = 780051, end_time = 1681903226735361
I0419 11:20:26.751860 Main        (347302) /home/lgw/Lumine-benchmarks/Experiments/09/src/1_end/end.cpp:48] req_id = 1500011, end_time = 1681903226751852
I0419 11:20:26.865622 Main        (347302) /home/lgw/Lumine-benchmarks/Experiments/09/src/1_end/end.cpp:48] req_id = 3180036, end_time = 1681903226865616
I0419 11:20:26.966656 Main        (347302) /home/lgw/Lumine-benchmarks/Experiments/09/src/1_end/end.cpp:48] req_id = 1440029, end_time = 1681903226966645
I0419 11:20:26.968152 Main        (347302) /home/lgw/Lumine-benchmarks/Experiments/09/src/1_end/end.cpp:48] req_id = 540044, end_time = 1681903226968140
I0419 11:20:27.049857 Main        (347302) /home/lgw/Lumine-benchmarks/Experiments/09/src/1_end/end.cpp:48] req_id = 1680054, end_time = 1681903227049850
I0419 11:20:27.133975 Main        (347302) /home/lgw/Lumine-benchmarks/Experiments/09/src/1_end/end.cpp:48] req_id = 2580034, end_time = 1681903227133968
I0419 11:20:27.351232 Main        (347302) /home/lgw/Lumine-benchmarks/Experiments/09/src/1_end/end.cpp:48] req_id = 2700076, end_time = 1681903227351224
I0419 11:20:27.389386 Main        (347302) /home/lgw/Lumine-benchmarks/Experiments/09/src/1_end/end.cpp:48] req_id = 4200061, end_time = 1681903227389380
I0419 11:20:27.759000 Main        (347302) /home/lgw/Lumine-benchmarks/Experiments/09/src/1_end/end.cpp:48] req_id = 2940054, end_time = 1681903227758985
I0419 11:20:27.776289 Main        (347302) /home/lgw/Lumine-benchmarks/Experiments/09/src/1_end/end.cpp:48] req_id = 3180007, end_time = 1681903227776284
I0419 11:20:27.807900 Main        (347302) /home/lgw/Lumine-benchmarks/Experiments/09/src/1_end/end.cpp:48] req_id = 4020159, end_time = 1681903227807893
I0419 11:20:27.830653 Main        (347302) /home/lgw/Lumine-benchmarks/Experiments/09/src/1_end/end.cpp:48] req_id = 1920057, end_time = 1681903227830646
I0419 11:20:28.109482 Main        (347302) /home/lgw/Lumine-benchmarks/Experiments/09/src/1_end/end.cpp:48] req_id = 1860074, end_time = 1681903228109471
I0419 11:20:28.274618 Main        (347302) /home/lgw/Lumine-benchmarks/Experiments/09/src/1_end/end.cpp:48] req_id = 4260055, end_time = 1681903228274612
I0419 11:20:28.393431 Main        (347302) /home/lgw/Lumine-benchmarks/Experiments/09/src/1_end/end.cpp:48] req_id = 1980122, end_time = 1681903228393425
I0419 11:20:28.431112 Main        (347302) /home/lgw/Lumine-benchmarks/Experiments/09/src/1_end/end.cpp:48] req_id = 480013, end_time = 1681903228431106
I0419 11:20:28.612787 Main        (347302) /home/lgw/Lumine-benchmarks/Experiments/09/src/1_end/end.cpp:48] req_id = 4080059, end_time = 1681903228612767
I0419 11:20:29.028271 Main        (347302) /home/lgw/Lumine-benchmarks/Experiments/09/src/1_end/end.cpp:48] req_id = 3180048, end_time = 1681903229028260
I0419 11:20:29.127527 Main        (347302) /home/lgw/Lumine-benchmarks/Experiments/09/src/1_end/end.cpp:48] req_id = 3240014, end_time = 1681903229127520
I0419 11:20:29.314095 Main        (347302) /home/lgw/Lumine-benchmarks/Experiments/09/src/1_end/end.cpp:48] req_id = 3360025, end_time = 1681903229314087
I0419 11:20:29.626747 Main        (347302) /home/lgw/Lumine-benchmarks/Experiments/09/src/1_end/end.cpp:48] req_id = 3060006, end_time = 1681903229626740
I0419 11:20:29.823332 Main        (347302) /home/lgw/Lumine-benchmarks/Experiments/09/src/1_end/end.cpp:48] req_id = 1140019, end_time = 1681903229823318
I0419 11:20:29.916144 Main        (347302) /home/lgw/Lumine-benchmarks/Experiments/09/src/1_end/end.cpp:48] req_id = 600041, end_time = 1681903229916138
I0419 11:20:30.006837 Main        (347302) /home/lgw/Lumine-benchmarks/Experiments/09/src/1_end/end.cpp:48] req_id = 3600038, end_time = 1681903230006831
I0419 11:20:30.107557 Main        (347302) /home/lgw/Lumine-benchmarks/Experiments/09/src/1_end/end.cpp:48] req_id = 180042, end_time = 1681903230107550
I0419 11:20:30.112976 Main        (347302) /home/lgw/Lumine-benchmarks/Experiments/09/src/1_end/end.cpp:48] req_id = 540049, end_time = 1681903230112971
I0419 11:20:30.224061 Main        (347302) /home/lgw/Lumine-benchmarks/Experiments/09/src/1_end/end.cpp:48] req_id = 1500094, end_time = 1681903230224055
I0419 11:20:30.405965 Main        (347302) /home/lgw/Lumine-benchmarks/Experiments/09/src/1_end/end.cpp:48] req_id = 660044, end_time = 1681903230405956
I0419 11:20:30.410162 Main        (347302) /home/lgw/Lumine-benchmarks/Experiments/09/src/1_end/end.cpp:48] req_id = 2040060, end_time = 1681903230410150
I0419 11:20:30.736131 Main        (347302) /home/lgw/Lumine-benchmarks/Experiments/09/src/1_end/end.cpp:48] req_id = 4320068, end_time = 1681903230736121
I0419 11:20:30.966301 Main        (347302) /home/lgw/Lumine-benchmarks/Experiments/09/src/1_end/end.cpp:48] req_id = 3060021, end_time = 1681903230966293
I0419 11:20:30.991331 Main        (347302) /home/lgw/Lumine-benchmarks/Experiments/09/src/1_end/end.cpp:48] req_id = 2280107, end_time = 1681903230991323
I0419 11:20:31.048264 Main        (347302) /home/lgw/Lumine-benchmarks/Experiments/09/src/1_end/end.cpp:48] req_id = 1740039, end_time = 1681903231048257
I0419 11:20:31.108284 Main        (347302) /home/lgw/Lumine-benchmarks/Experiments/09/src/1_end/end.cpp:48] req_id = 3420005, end_time = 1681903231108276
I0419 11:20:31.243951 Main        (347302) /home/lgw/Lumine-benchmarks/Experiments/09/src/1_end/end.cpp:48] req_id = 2820031, end_time = 1681903231243945
I0419 11:20:31.331360 Main        (347302) /home/lgw/Lumine-benchmarks/Experiments/09/src/1_end/end.cpp:48] req_id = 1200096, end_time = 1681903231331352
I0419 11:20:31.787878 Main        (347302) /home/lgw/Lumine-benchmarks/Experiments/09/src/1_end/end.cpp:48] req_id = 780295, end_time = 1681903231787864
I0419 11:20:31.802522 Main        (347302) /home/lgw/Lumine-benchmarks/Experiments/09/src/1_end/end.cpp:48] req_id = 2580316, end_time = 1681903231802515
I0419 11:20:31.847360 Main        (347302) /home/lgw/Lumine-benchmarks/Experiments/09/src/1_end/end.cpp:48] req_id = 3300026, end_time = 1681903231847354
I0419 11:20:31.848854 Main        (347302) /home/lgw/Lumine-benchmarks/Experiments/09/src/1_end/end.cpp:48] req_id = 1740339, end_time = 1681903231848848
I0419 11:20:31.870842 Main        (347302) /home/lgw/Lumine-benchmarks/Experiments/09/src/1_end/end.cpp:48] req_id = 1920014, end_time = 1681903231870835
I0419 11:20:31.872586 Main        (347302) /home/lgw/Lumine-benchmarks/Experiments/09/src/1_end/end.cpp:48] req_id = 4560145, end_time = 1681903231872580
I0419 11:20:31.885100 Main        (347302) /home/lgw/Lumine-benchmarks/Experiments/09/src/1_end/end.cpp:48] req_id = 4020168, end_time = 1681903231885093
I0419 11:20:31.934118 Main        (347302) /home/lgw/Lumine-benchmarks/Experiments/09/src/1_end/end.cpp:48] req_id = 4620024, end_time = 1681903231934111
I0419 11:20:32.312254 Main        (347302) /home/lgw/Lumine-benchmarks/Experiments/09/src/1_end/end.cpp:48] req_id = 60039, end_time = 1681903232312244
I0419 11:20:32.347443 Main        (347302) /home/lgw/Lumine-benchmarks/Experiments/09/src/1_end/end.cpp:48] req_id = 1860086, end_time = 1681903232347437
I0419 11:20:32.440588 Main        (347302) /home/lgw/Lumine-benchmarks/Experiments/09/src/1_end/end.cpp:48] req_id = 1140056, end_time = 1681903232440583
I0419 11:20:32.857912 Main        (347302) /home/lgw/Lumine-benchmarks/Experiments/09/src/1_end/end.cpp:48] req_id = 2640012, end_time = 1681903232857897
I0419 11:20:33.228631 Main        (347302) /home/lgw/Lumine-benchmarks/Experiments/09/src/1_end/end.cpp:48] req_id = 3420093, end_time = 1681903233228617
I0419 11:20:33.394234 Main        (347302) /home/lgw/Lumine-benchmarks/Experiments/09/src/1_end/end.cpp:48] req_id = 60166, end_time = 1681903233394224
I0419 11:20:33.399106 Main        (347302) /home/lgw/Lumine-benchmarks/Experiments/09/src/1_end/end.cpp:48] req_id = 2520018, end_time = 1681903233399100
I0419 11:20:33.454776 Main        (347302) /home/lgw/Lumine-benchmarks/Experiments/09/src/1_end/end.cpp:48] req_id = 3060068, end_time = 1681903233454769
I0419 11:20:33.615316 Main        (347302) /home/lgw/Lumine-benchmarks/Experiments/09/src/1_end/end.cpp:48] req_id = 3540096, end_time = 1681903233615301
I0419 11:20:33.630184 Main        (347302) /home/lgw/Lumine-benchmarks/Experiments/09/src/1_end/end.cpp:48] req_id = 2820056, end_time = 1681903233630178
I0419 11:20:33.703626 Main        (347302) /home/lgw/Lumine-benchmarks/Experiments/09/src/1_end/end.cpp:48] req_id = 2100055, end_time = 1681903233703619
I0419 11:20:33.791728 Main        (347302) /home/lgw/Lumine-benchmarks/Experiments/09/src/1_end/end.cpp:48] req_id = 4560041, end_time = 1681903233791722
I0419 11:20:33.879867 Main        (347302) /home/lgw/Lumine-benchmarks/Experiments/09/src/1_end/end.cpp:48] req_id = 3900042, end_time = 1681903233879860
I0419 11:20:33.892750 Main        (347302) /home/lgw/Lumine-benchmarks/Experiments/09/src/1_end/end.cpp:48] req_id = 2580025, end_time = 1681903233892744
I0419 11:20:34.010633 Main        (347302) /home/lgw/Lumine-benchmarks/Experiments/09/src/1_end/end.cpp:48] req_id = 1560047, end_time = 1681903234010627
I0419 11:20:34.046185 Main        (347302) /home/lgw/Lumine-benchmarks/Experiments/09/src/1_end/end.cpp:48] req_id = 3000048, end_time = 1681903234046178
I0419 11:20:34.168473 Main        (347302) /home/lgw/Lumine-benchmarks/Experiments/09/src/1_end/end.cpp:48] req_id = 1320036, end_time = 1681903234168467
I0419 11:20:34.205608 Main        (347302) /home/lgw/Lumine-benchmarks/Experiments/09/src/1_end/end.cpp:48] req_id = 2700014, end_time = 1681903234205601
I0419 11:20:34.264721 Main        (347302) /home/lgw/Lumine-benchmarks/Experiments/09/src/1_end/end.cpp:48] req_id = 4080091, end_time = 1681903234264715
I0419 11:20:34.285340 Main        (347302) /home/lgw/Lumine-benchmarks/Experiments/09/src/1_end/end.cpp:48] req_id = 3600193, end_time = 1681903234285334
I0419 11:20:34.286290 Main        (347302) /home/lgw/Lumine-benchmarks/Experiments/09/src/1_end/end.cpp:48] req_id = 4380103, end_time = 1681903234286283
I0419 11:20:34.299655 Main        (347302) /home/lgw/Lumine-benchmarks/Experiments/09/src/1_end/end.cpp:48] req_id = 660057, end_time = 1681903234299649
I0419 11:20:34.336940 Main        (347302) /home/lgw/Lumine-benchmarks/Experiments/09/src/1_end/end.cpp:48] req_id = 900138, end_time = 1681903234336934
I0419 11:20:34.432848 Main        (347302) /home/lgw/Lumine-benchmarks/Experiments/09/src/1_end/end.cpp:48] req_id = 1140064, end_time = 1681903234432842
I0419 11:20:34.451489 Main        (347302) /home/lgw/Lumine-benchmarks/Experiments/09/src/1_end/end.cpp:48] req_id = 480020, end_time = 1681903234451482
I0419 11:20:34.468283 Main        (347302) /home/lgw/Lumine-benchmarks/Experiments/09/src/1_end/end.cpp:48] req_id = 3720013, end_time = 1681903234468277
I0419 11:20:34.558996 Main        (347302) /home/lgw/Lumine-benchmarks/Experiments/09/src/1_end/end.cpp:48] req_id = 4320038, end_time = 1681903234558990
I0419 11:20:34.750708 Main        (347302) /home/lgw/Lumine-benchmarks/Experiments/09/src/1_end/end.cpp:48] req_id = 3840092, end_time = 1681903234750701
I0419 11:20:35.079075 Main        (347302) /home/lgw/Lumine-benchmarks/Experiments/09/src/1_end/end.cpp:48] req_id = 2640032, end_time = 1681903235079068
I0419 11:20:35.119223 Main        (347302) /home/lgw/Lumine-benchmarks/Experiments/09/src/1_end/end.cpp:48] req_id = 180049, end_time = 1681903235119217
I0419 11:20:35.168484 Main        (347302) /home/lgw/Lumine-benchmarks/Experiments/09/src/1_end/end.cpp:48] req_id = 660047, end_time = 1681903235168478
I0419 11:20:35.227964 Main        (347302) /home/lgw/Lumine-benchmarks/Experiments/09/src/1_end/end.cpp:48] req_id = 2220024, end_time = 1681903235227957
I0419 11:20:35.241672 Main        (347302) /home/lgw/Lumine-benchmarks/Experiments/09/src/1_end/end.cpp:48] req_id = 1500015, end_time = 1681903235241666
I0419 11:20:35.245643 Main        (347302) /home/lgw/Lumine-benchmarks/Experiments/09/src/1_end/end.cpp:48] req_id = 3180088, end_time = 1681903235245637
I0419 11:20:35.272727 Main        (347302) /home/lgw/Lumine-benchmarks/Experiments/09/src/1_end/end.cpp:48] req_id = 3180065, end_time = 1681903235272721
I0419 11:20:35.394194 Main        (347302) /home/lgw/Lumine-benchmarks/Experiments/09/src/1_end/end.cpp:48] req_id = 3720105, end_time = 1681903235394188
I0419 11:20:35.395065 Main        (347302) /home/lgw/Lumine-benchmarks/Experiments/09/src/1_end/end.cpp:48] req_id = 4020085, end_time = 1681903235395059
I0419 11:20:35.485051 Main        (347302) /home/lgw/Lumine-benchmarks/Experiments/09/src/1_end/end.cpp:48] req_id = 1980006, end_time = 1681903235485045
I0419 11:20:35.549687 Main        (347302) /home/lgw/Lumine-benchmarks/Experiments/09/src/1_end/end.cpp:48] req_id = 960105, end_time = 1681903235549680
I0419 11:20:35.637026 Main        (347302) /home/lgw/Lumine-benchmarks/Experiments/09/src/1_end/end.cpp:48] req_id = 1800123, end_time = 1681903235637020
I0419 11:20:35.653813 Main        (347302) /home/lgw/Lumine-benchmarks/Experiments/09/src/1_end/end.cpp:48] req_id = 2760056, end_time = 1681903235653807
I0419 11:20:35.660103 Main        (347302) /home/lgw/Lumine-benchmarks/Experiments/09/src/1_end/end.cpp:48] req_id = 4080011, end_time = 1681903235660097
I0419 11:20:35.786599 Main        (347302) /home/lgw/Lumine-benchmarks/Experiments/09/src/1_end/end.cpp:48] req_id = 3540044, end_time = 1681903235786593
I0419 11:20:35.795919 Main        (347302) /home/lgw/Lumine-benchmarks/Experiments/09/src/1_end/end.cpp:48] req_id = 3000033, end_time = 1681903235795913
I0419 11:20:35.941345 Main        (347302) /home/lgw/Lumine-benchmarks/Experiments/09/src/1_end/end.cpp:48] req_id = 2940016, end_time = 1681903235941339
I0419 11:20:36.199709 Main        (347302) /home/lgw/Lumine-benchmarks/Experiments/09/src/1_end/end.cpp:48] req_id = 3420033, end_time = 1681903236199705
I0419 11:20:36.331859 Main        (347302) /home/lgw/Lumine-benchmarks/Experiments/09/src/1_end/end.cpp:48] req_id = 2100110, end_time = 1681903236331854
I0419 11:20:36.397167 Main        (347302) /home/lgw/Lumine-benchmarks/Experiments/09/src/1_end/end.cpp:48] req_id = 2160027, end_time = 1681903236397161
I0419 11:20:36.436273 Main        (347302) /home/lgw/Lumine-benchmarks/Experiments/09/src/1_end/end.cpp:48] req_id = 4800041, end_time = 1681903236436267
I0419 11:20:36.643138 Main        (347302) /home/lgw/Lumine-benchmarks/Experiments/09/src/1_end/end.cpp:48] req_id = 1200315, end_time = 1681903236643132
I0419 11:20:36.801068 Main        (347302) /home/lgw/Lumine-benchmarks/Experiments/09/src/1_end/end.cpp:48] req_id = 1320182, end_time = 1681903236801062
I0419 11:20:36.813757 Main        (347302) /home/lgw/Lumine-benchmarks/Experiments/09/src/1_end/end.cpp:48] req_id = 2760098, end_time = 1681903236813751
I0419 11:20:36.894041 Main        (347302) /home/lgw/Lumine-benchmarks/Experiments/09/src/1_end/end.cpp:48] req_id = 1320029, end_time = 1681903236894034
I0419 11:20:36.905188 Main        (347302) /home/lgw/Lumine-benchmarks/Experiments/09/src/1_end/end.cpp:48] req_id = 3420056, end_time = 1681903236905182
I0419 11:20:37.021777 Main        (347302) /home/lgw/Lumine-benchmarks/Experiments/09/src/1_end/end.cpp:48] req_id = 4620077, end_time = 1681903237021770
I0419 11:20:37.064707 Main        (347302) /home/lgw/Lumine-benchmarks/Experiments/09/src/1_end/end.cpp:48] req_id = 300077, end_time = 1681903237064701
I0419 11:20:37.077736 Main        (347302) /home/lgw/Lumine-benchmarks/Experiments/09/src/1_end/end.cpp:48] req_id = 4620060, end_time = 1681903237077730
I0419 11:20:37.078909 Main        (347302) /home/lgw/Lumine-benchmarks/Experiments/09/src/1_end/end.cpp:48] req_id = 1260278, end_time = 1681903237078903
I0419 11:20:37.080486 Main        (347302) /home/lgw/Lumine-benchmarks/Experiments/09/src/1_end/end.cpp:48] req_id = 3240296, end_time = 1681903237080480
I0419 11:20:37.081587 Main        (347302) /home/lgw/Lumine-benchmarks/Experiments/09/src/1_end/end.cpp:48] req_id = 3960276, end_time = 1681903237081582
I0419 11:20:37.141877 Main        (347302) /home/lgw/Lumine-benchmarks/Experiments/09/src/1_end/end.cpp:48] req_id = 1920097, end_time = 1681903237141870
I0419 11:20:37.165818 Main        (347302) /home/lgw/Lumine-benchmarks/Experiments/09/src/1_end/end.cpp:48] req_id = 4200034, end_time = 1681903237165812
I0419 11:20:37.345752 Main        (347302) /home/lgw/Lumine-benchmarks/Experiments/09/src/1_end/end.cpp:48] req_id = 2100040, end_time = 1681903237345746
I0419 11:20:37.408023 Main        (347302) /home/lgw/Lumine-benchmarks/Experiments/09/src/1_end/end.cpp:48] req_id = 1860049, end_time = 1681903237408017
I0419 11:20:37.617062 Main        (347302) /home/lgw/Lumine-benchmarks/Experiments/09/src/1_end/end.cpp:48] req_id = 1620019, end_time = 1681903237617056
I0419 11:20:37.625234 Main        (347302) /home/lgw/Lumine-benchmarks/Experiments/09/src/1_end/end.cpp:48] req_id = 2700121, end_time = 1681903237625228
I0419 11:20:37.635755 Main        (347302) /home/lgw/Lumine-benchmarks/Experiments/09/src/1_end/end.cpp:48] req_id = 3900043, end_time = 1681903237635749
I0419 11:20:37.656282 Main        (347302) /home/lgw/Lumine-benchmarks/Experiments/09/src/1_end/end.cpp:48] req_id = 4800060, end_time = 1681903237656277
I0419 11:20:37.698136 Main        (347302) /home/lgw/Lumine-benchmarks/Experiments/09/src/1_end/end.cpp:48] req_id = 120058, end_time = 1681903237698130
I0419 11:20:37.743344 Main        (347302) /home/lgw/Lumine-benchmarks/Experiments/09/src/1_end/end.cpp:48] req_id = 3900059, end_time = 1681903237743338
I0419 11:20:37.906835 Main        (347302) /home/lgw/Lumine-benchmarks/Experiments/09/src/1_end/end.cpp:48] req_id = 120013, end_time = 1681903237906829
I0419 11:20:38.102151 Main        (347302) /home/lgw/Lumine-benchmarks/Experiments/09/src/1_end/end.cpp:48] req_id = 2820064, end_time = 1681903238102145
I0419 11:20:38.110891 Main        (347302) /home/lgw/Lumine-benchmarks/Experiments/09/src/1_end/end.cpp:48] req_id = 4320058, end_time = 1681903238110885
I0419 11:20:38.151836 Main        (347302) /home/lgw/Lumine-benchmarks/Experiments/09/src/1_end/end.cpp:48] req_id = 2700038, end_time = 1681903238151830
I0419 11:20:38.190726 Main        (347302) /home/lgw/Lumine-benchmarks/Experiments/09/src/1_end/end.cpp:48] req_id = 4140022, end_time = 1681903238190719
I0419 11:20:38.218961 Main        (347302) /home/lgw/Lumine-benchmarks/Experiments/09/src/1_end/end.cpp:48] req_id = 3900048, end_time = 1681903238218955
I0419 11:20:38.231096 Main        (347302) /home/lgw/Lumine-benchmarks/Experiments/09/src/1_end/end.cpp:48] req_id = 4080041, end_time = 1681903238231090
I0419 11:20:38.241430 Main        (347302) /home/lgw/Lumine-benchmarks/Experiments/09/src/1_end/end.cpp:48] req_id = 2160151, end_time = 1681903238241424
I0419 11:20:38.326252 Main        (347302) /home/lgw/Lumine-benchmarks/Experiments/09/src/1_end/end.cpp:48] req_id = 240031, end_time = 1681903238326246
I0419 11:20:38.337878 Main        (347302) /home/lgw/Lumine-benchmarks/Experiments/09/src/1_end/end.cpp:48] req_id = 4080034, end_time = 1681903238337871
I0419 11:20:38.414563 Main        (347302) /home/lgw/Lumine-benchmarks/Experiments/09/src/1_end/end.cpp:48] req_id = 1980030, end_time = 1681903238414557
I0419 11:20:38.425424 Main        (347302) /home/lgw/Lumine-benchmarks/Experiments/09/src/1_end/end.cpp:48] req_id = 1560068, end_time = 1681903238425418
I0419 11:20:38.452156 Main        (347302) /home/lgw/Lumine-benchmarks/Experiments/09/src/1_end/end.cpp:48] req_id = 4140176, end_time = 1681903238452150
I0419 11:20:38.693280 Main        (347302) /home/lgw/Lumine-benchmarks/Experiments/09/src/1_end/end.cpp:48] req_id = 1500078, end_time = 1681903238693274
I0419 11:20:38.709614 Main        (347302) /home/lgw/Lumine-benchmarks/Experiments/09/src/1_end/end.cpp:48] req_id = 3780004, end_time = 1681903238709608
I0419 11:20:38.902394 Main        (347302) /home/lgw/Lumine-benchmarks/Experiments/09/src/1_end/end.cpp:48] req_id = 3060058, end_time = 1681903238902387
I0419 11:20:38.904930 Main        (347302) /home/lgw/Lumine-benchmarks/Experiments/09/src/1_end/end.cpp:48] req_id = 180009, end_time = 1681903238904923
I0419 11:20:39.066637 Main        (347302) /home/lgw/Lumine-benchmarks/Experiments/09/src/1_end/end.cpp:48] req_id = 1140031, end_time = 1681903239066630
I0419 11:20:39.085582 Main        (347302) /home/lgw/Lumine-benchmarks/Experiments/09/src/1_end/end.cpp:48] req_id = 2580138, end_time = 1681903239085575
I0419 11:20:39.107492 Main        (347302) /home/lgw/Lumine-benchmarks/Experiments/09/src/1_end/end.cpp:48] req_id = 840066, end_time = 1681903239107484
I0419 11:20:39.156695 Main        (347302) /home/lgw/Lumine-benchmarks/Experiments/09/src/1_end/end.cpp:48] req_id = 540064, end_time = 1681903239156688
I0419 11:20:39.192610 Main        (347302) /home/lgw/Lumine-benchmarks/Experiments/09/src/1_end/end.cpp:48] req_id = 4740051, end_time = 1681903239192602
I0419 11:20:39.193615 Main        (347302) /home/lgw/Lumine-benchmarks/Experiments/09/src/1_end/end.cpp:48] req_id = 2820026, end_time = 1681903239193608
I0419 11:20:39.236452 Main        (347302) /home/lgw/Lumine-benchmarks/Experiments/09/src/1_end/end.cpp:48] req_id = 420006, end_time = 1681903239236445
I0419 11:20:39.242671 Main        (347302) /home/lgw/Lumine-benchmarks/Experiments/09/src/1_end/end.cpp:48] req_id = 2640090, end_time = 1681903239242664
I0419 11:20:39.247656 Main        (347302) /home/lgw/Lumine-benchmarks/Experiments/09/src/1_end/end.cpp:48] req_id = 3300094, end_time = 1681903239247649
I0419 11:20:39.285385 Main        (347302) /home/lgw/Lumine-benchmarks/Experiments/09/src/1_end/end.cpp:48] req_id = 2160082, end_time = 1681903239285378
I0419 11:20:39.305034 Main        (347302) /home/lgw/Lumine-benchmarks/Experiments/09/src/1_end/end.cpp:48] req_id = 1320104, end_time = 1681903239305027
I0419 11:20:39.474556 Main        (347302) /home/lgw/Lumine-benchmarks/Experiments/09/src/1_end/end.cpp:48] req_id = 4440143, end_time = 1681903239474549
I0419 11:20:39.477720 Main        (347302) /home/lgw/Lumine-benchmarks/Experiments/09/src/1_end/end.cpp:48] req_id = 300095, end_time = 1681903239477713
I0419 11:20:39.552599 Main        (347302) /home/lgw/Lumine-benchmarks/Experiments/09/src/1_end/end.cpp:48] req_id = 1800111, end_time = 1681903239552592
I0419 11:20:39.577484 Main        (347302) /home/lgw/Lumine-benchmarks/Experiments/09/src/1_end/end.cpp:48] req_id = 3660050, end_time = 1681903239577477
I0419 11:20:41.981014 Main        (347302) /home/lgw/Lumine-benchmarks/Experiments/09/src/1_end/end.cpp:48] req_id = 4380207, end_time = 1681903241981007
I0419 11:20:41.987012 Main        (347302) /home/lgw/Lumine-benchmarks/Experiments/09/src/1_end/end.cpp:48] req_id = 3360155, end_time = 1681903241987005
I0419 11:20:42.002455 Main        (347302) /home/lgw/Lumine-benchmarks/Experiments/09/src/1_end/end.cpp:48] req_id = 60075, end_time = 1681903242002448
I0419 11:20:42.008078 Main        (347302) /home/lgw/Lumine-benchmarks/Experiments/09/src/1_end/end.cpp:48] req_id = 4260274, end_time = 1681903242008071
I0419 11:20:42.025737 Main        (347302) /home/lgw/Lumine-benchmarks/Experiments/09/src/1_end/end.cpp:48] req_id = 1080300, end_time = 1681903242025730
I0419 11:20:42.036887 Main        (347302) /home/lgw/Lumine-benchmarks/Experiments/09/src/1_end/end.cpp:48] req_id = 1440025, end_time = 1681903242036881
I0419 11:20:42.055234 Main        (347302) /home/lgw/Lumine-benchmarks/Experiments/09/src/1_end/end.cpp:48] req_id = 540036, end_time = 1681903242055227
I0419 11:20:42.067601 Main        (347302) /home/lgw/Lumine-benchmarks/Experiments/09/src/1_end/end.cpp:48] req_id = 2700342, end_time = 1681903242067594
I0419 11:20:42.068871 Main        (347302) /home/lgw/Lumine-benchmarks/Experiments/09/src/1_end/end.cpp:48] req_id = 3180077, end_time = 1681903242068864
I0419 11:20:42.265019 Main        (347302) /home/lgw/Lumine-benchmarks/Experiments/09/src/1_end/end.cpp:48] req_id = 1860037, end_time = 1681903242265013
I0419 11:20:42.270678 Main        (347302) /home/lgw/Lumine-benchmarks/Experiments/09/src/1_end/end.cpp:48] req_id = 2940012, end_time = 1681903242270671
I0419 11:20:42.350750 Main        (347302) /home/lgw/Lumine-benchmarks/Experiments/09/src/1_end/end.cpp:48] req_id = 1380026, end_time = 1681903242350743
I0419 11:20:42.444426 Main        (347302) /home/lgw/Lumine-benchmarks/Experiments/09/src/1_end/end.cpp:48] req_id = 1980147, end_time = 1681903242444419
I0419 11:20:42.501954 Main        (347302) /home/lgw/Lumine-benchmarks/Experiments/09/src/1_end/end.cpp:48] req_id = 1800342, end_time = 1681903242501947
I0419 11:20:42.502312 Main        (347302) /home/lgw/Lumine-benchmarks/Experiments/09/src/1_end/end.cpp:48] req_id = 1140281, end_time = 1681903242502307
I0419 11:20:42.556368 Main        (347302) /home/lgw/Lumine-benchmarks/Experiments/09/src/1_end/end.cpp:48] req_id = 720211, end_time = 1681903242556361
I0419 11:20:42.570969 Main        (347302) /home/lgw/Lumine-benchmarks/Experiments/09/src/1_end/end.cpp:48] req_id = 4380030, end_time = 1681903242570962
I0419 11:20:42.614296 Main        (347302) /home/lgw/Lumine-benchmarks/Experiments/09/src/1_end/end.cpp:48] req_id = 4380066, end_time = 1681903242614283
I0419 11:20:42.751794 Main        (347302) /home/lgw/Lumine-benchmarks/Experiments/09/src/1_end/end.cpp:48] req_id = 600039, end_time = 1681903242751787
I0419 11:20:42.752193 Main        (347302) /home/lgw/Lumine-benchmarks/Experiments/09/src/1_end/end.cpp:48] req_id = 4380028, end_time = 1681903242752188
I0419 11:20:42.767588 Main        (347302) /home/lgw/Lumine-benchmarks/Experiments/09/src/1_end/end.cpp:48] req_id = 3360259, end_time = 1681903242767581
I0419 11:20:42.779328 Main        (347302) /home/lgw/Lumine-benchmarks/Experiments/09/src/1_end/end.cpp:48] req_id = 2280182, end_time = 1681903242779321
I0419 11:20:42.786945 Main        (347302) /home/lgw/Lumine-benchmarks/Experiments/09/src/1_end/end.cpp:48] req_id = 300068, end_time = 1681903242786938
I0419 11:20:48.378356 Main        (347302) /home/lgw/Lumine-benchmarks/Experiments/09/src/1_end/end.cpp:48] req_id = 3480093, end_time = 1681903248378349
I0419 11:20:48.379252 Main        (347302) /home/lgw/Lumine-benchmarks/Experiments/09/src/1_end/end.cpp:48] req_id = 4620298, end_time = 1681903248379246
I0419 11:20:48.380851 Main        (347302) /home/lgw/Lumine-benchmarks/Experiments/09/src/1_end/end.cpp:48] req_id = 2760180, end_time = 1681903248380845
I0419 11:20:48.381470 Main        (347302) /home/lgw/Lumine-benchmarks/Experiments/09/src/1_end/end.cpp:48] req_id = 4740077, end_time = 1681903248381465
I0419 11:20:48.433621 Main        (347302) /home/lgw/Lumine-benchmarks/Experiments/09/src/1_end/end.cpp:48] req_id = 4560137, end_time = 1681903248433614
I0419 11:20:48.477492 Main        (347302) /home/lgw/Lumine-benchmarks/Experiments/09/src/1_end/end.cpp:48] req_id = 1140138, end_time = 1681903248477486
I0419 11:20:48.511193 Main        (347302) /home/lgw/Lumine-benchmarks/Experiments/09/src/1_end/end.cpp:48] req_id = 4500298, end_time = 1681903248511187
I0419 11:20:48.527460 Main        (347302) /home/lgw/Lumine-benchmarks/Experiments/09/src/1_end/end.cpp:48] req_id = 4260054, end_time = 1681903248527454
I0419 11:20:48.597701 Main        (347302) /home/lgw/Lumine-benchmarks/Experiments/09/src/1_end/end.cpp:48] req_id = 660041, end_time = 1681903248597695
I0419 11:20:48.607207 Main        (347302) /home/lgw/Lumine-benchmarks/Experiments/09/src/1_end/end.cpp:48] req_id = 3720315, end_time = 1681903248607200
I0419 11:20:48.647819 Main        (347302) /home/lgw/Lumine-benchmarks/Experiments/09/src/1_end/end.cpp:48] req_id = 1680063, end_time = 1681903248647813
I0419 11:20:48.664886 Main        (347302) /home/lgw/Lumine-benchmarks/Experiments/09/src/1_end/end.cpp:48] req_id = 4440148, end_time = 1681903248664880
I0419 11:20:48.666507 Main        (347302) /home/lgw/Lumine-benchmarks/Experiments/09/src/1_end/end.cpp:48] req_id = 480282, end_time = 1681903248666501
I0419 11:20:48.675557 Main        (347302) /home/lgw/Lumine-benchmarks/Experiments/09/src/1_end/end.cpp:48] req_id = 1140101, end_time = 1681903248675550
I0419 11:20:48.697731 Main        (347302) /home/lgw/Lumine-benchmarks/Experiments/09/src/1_end/end.cpp:48] req_id = 600194, end_time = 1681903248697725
I0419 11:20:48.701580 Main        (347302) /home/lgw/Lumine-benchmarks/Experiments/09/src/1_end/end.cpp:48] req_id = 1680034, end_time = 1681903248701574
I0419 11:20:48.749557 Main        (347302) /home/lgw/Lumine-benchmarks/Experiments/09/src/1_end/end.cpp:48] req_id = 2820014, end_time = 1681903248749550
I0419 11:20:48.755869 Main        (347302) /home/lgw/Lumine-benchmarks/Experiments/09/src/1_end/end.cpp:48] req_id = 840114, end_time = 1681903248755863
I0419 11:20:48.760917 Main        (347302) /home/lgw/Lumine-benchmarks/Experiments/09/src/1_end/end.cpp:48] req_id = 4020028, end_time = 1681903248760911
I0419 11:20:48.775013 Main        (347302) /home/lgw/Lumine-benchmarks/Experiments/09/src/1_end/end.cpp:48] req_id = 3180169, end_time = 1681903248775006
I0419 11:20:48.781513 Main        (347302) /home/lgw/Lumine-benchmarks/Experiments/09/src/1_end/end.cpp:48] req_id = 3000344, end_time = 1681903248781507
I0419 11:20:48.785057 Main        (347302) /home/lgw/Lumine-benchmarks/Experiments/09/src/1_end/end.cpp:48] req_id = 2640212, end_time = 1681903248785050
I0419 11:20:48.785801 Main        (347302) /home/lgw/Lumine-benchmarks/Experiments/09/src/1_end/end.cpp:48] req_id = 1680172, end_time = 1681903248785795
I0419 11:20:48.857802 Main        (347302) /home/lgw/Lumine-benchmarks/Experiments/09/src/1_end/end.cpp:48] req_id = 2520033, end_time = 1681903248857796
