Read file config.yml
Running executor...
Loaded function exp00_back. lib_load_elasped: 142, func_load_elasped: 2
Loaded function exp00_front. lib_load_elasped: 140, func_load_elasped: 1
force_push: msg_id = 1689899, remain = 280, size = 64
Send to executer failed.force_push: msg_id = 1690043, remain = -61, size = 3
force_push: msg_id = 1690120, remain = -61, size = 3
force_push: msg_id = 1690199, remain = -61, size = 3
force_push: msg_id = 1690280, remain = -61, size = 3
force_push: msg_id = 1690367, remain = -61, size = 3
force_push: msg_id = 1690451, remain = -61, size = 3
force_push: msg_id = 1690524, remain = -61, size = 3
force_push: msg_id = 1690604, remain = -61, size = 3
force_push: msg_id = 1690691, remain = -61, size = 3
force_push: msg_id = 1690765, remain = -61, size = 3
force_push: msg_id = 1690844, remain = -61, size = 3
force_push: msg_id = 1690927, remain = -61, size = 3
force_push: msg_id = 1691003, remain = -61, size = 3
force_push: msg_id = 1691081, remain = -61, size = 3
force_push: msg_id = 1691164, remain = -61, size = 3
force_push: msg_id = 1691239, remain = -61, size = 3
force_push: msg_id = 1691318, remain = -61, size = 3
force_push: msg_id = 1691399, remain = -61, size = 3
force_push: msg_id = 1691476, remain = -61, size = 3
force_push: msg_id = 1691555, remain = -61, size = 3
force_push: msg_id = 1691637, remain = -61, size = 3
force_push: msg_id = 1691717, remain = -61, size = 3
force_push: msg_id = 1691801, remain = -61, size = 3
force_push: msg_id = 1691878, remain = -61, size = 3
force_push: msg_id = 1691956, remain = -61, size = 3
force_push: msg_id = 1692038, remain = -61, size = 3
force_push: msg_id = 1692116, remain = -61, size = 3
force_push: msg_id = 1692192, remain = -61, size = 3
force_push: msg_id = 1692272, remain = -61, size = 3
force_push: msg_id = 1692357, remain = -61, size = 3
force_push: msg_id = 1692432, remain = -61, size = 3
force_push: msg_id = 1692513, remain = -61, size = 3
force_push: msg_id = 1692601, remain = -61, size = 3
force_push: msg_id = 1692674, remain = -61, size = 3
force_push: msg_id = 1692755, remain = -61, size = 3
force_push: msg_id = 1692841, remain = -61, size = 3
force_push: msg_id = 1692922, remain = -61, size = 3
force_push: msg_id = 1693004, remain = -61, size = 3
force_push: msg_id = 1693088, remain = -61, size = 3
force_push: msg_id = 1693168, remain = -61, size = 3
force_push: msg_id = 1693253, remain = -61, size = 3
force_push: msg_id = 1693338, remain = -61, size = 3
force_push: msg_id = 1693416, remain = -61, size = 3
force_push: msg_id = 1693498, remain = -61, size = 3
force_push: msg_id = 1693583, remain = -61, size = 3
force_push: msg_id = 1693660, remain = -61, size = 3
force_push: msg_id = 1693741, remain = -61, size = 3
force_push: msg_id = 1693826, remain = -61, size = 3
force_push: msg_id = 1693902, remain = -61, size = 3
force_push: msg_id = 1693985, remain = -61, size = 3
force_push: msg_id = 1694066, remain = -61, size = 3
force_push: msg_id = 1694143, remain = -61, size = 3
force_push: msg_id = 1694224, remain = -61, size = 3
force_push: msg_id = 1694309, remain = -61, size = 3
force_push: msg_id = 1694389, remain = -61, size = 3
force_push: msg_id = 1694469, remain = -61, size = 3
force_push: msg_id = 1694549, remain = -61, size = 3
force_push: msg_id = 1694629, remain = -61, size = 3
force_push: msg_id = 1694713, remain = -61, size = 3
force_push: msg_id = 1694798, remain = -61, size = 3
force_push: msg_id = 1694875, remain = -61, size = 3
force_push: msg_id = 1694955, remain = -61, size = 3
force_push: msg_id = 1695035, remain = -61, size = 3
force_push: msg_id = 1695115, remain = -61, size = 3
force_push: msg_id = 1695195, remain = -61, size = 3
force_push: msg_id = 1695276, remain = -61, size = 3
force_push: msg_id = 1695356, remain = -61, size = 3
force_push: msg_id = 1695438, remain = -61, size = 3
force_push: msg_id = 1695521, remain = -61, size = 3
force_push: msg_id = 1695602, remain = -61, size = 3
force_push: msg_id = 1695683, remain = -61, size = 3
force_push: msg_id = 1695764, remain = -61, size = 3
force_push: msg_id = 1695850, remain = -61, size = 3
force_push: msg_id = 1695928, remain = -61, size = 3
force_push: msg_id = 1696011, remain = -61, size = 3
force_push: msg_id = 1696098, remain = -61, size = 3
force_push: msg_id = 1696175, remain = -61, size = 3
force_push: msg_id = 1696255, remain = -61, size = 3
force_push: msg_id = 1696337, remain = -61, size = 3
force_push: msg_id = 1696422, remain = -61, size = 3
force_push: msg_id = 1696502, remain = -61, size = 3
force_push: msg_id = 1696587, remain = -61, size = 3
force_push: msg_id = 1696668, remain = -61, size = 3
force_push: msg_id = 1696751, remain = -61, size = 3
force_push: msg_id = 1696831, remain = -61, size = 3
force_push: msg_id = 1696910, remain = -61, size = 3
force_push: msg_id = 1696994, remain = -61, size = 3
force_push: msg_id = 1697076, remain = -61, size = 3
force_push: msg_id = 1697154, remain = -61, size = 3
force_push: msg_id = 1697238, remain = -61, size = 3
force_push: msg_id = 1697319, remain = -61, size = 3
force_push: msg_id = 1697398, remain = -61, size = 3
force_push: msg_id = 1697474, remain = -61, size = 3
force_push: msg_id = 1697557, remain = -61, size = 3
force_push: msg_id = 1697637, remain = -61, size = 3
force_push: msg_id = 1697717, remain = -61, size = 3
force_push: msg_id = 1697798, remain = -61, size = 3
force_push: msg_id = 1697884, remain = -61, size = 3
force_push: msg_id = 1697960, remain = -61, size = 3
force_push: msg_id = 1698042, remain = -61, size = 3
force_push: msg_id = 1698126, remain = -61, size = 3
force_push: msg_id = 1698207, remain = -61, size = 3
force_push: msg_id = 1698293, remain = -61, size = 3
force_push: msg_id = 1698375, remain = -61, size = 3
force_push: msg_id = 1698454, remain = -61, size = 3
force_push: msg_id = 1698537, remain = -61, size = 3
force_push: msg_id = 1698613, remain = -61, size = 3
force_push: msg_id = 1698695, remain = -61, size = 3
force_push: msg_id = 1698779, remain = -61, size = 3
force_push: msg_id = 1698859, remain = -61, size = 3
force_push: msg_id = 1698945, remain = -61, size = 3
force_push: msg_id = 1699023, remain = -61, size = 3
force_push: msg_id = 1699107, remain = -61, size = 3
force_push: msg_id = 1699190, remain = -61, size = 3
force_push: msg_id = 1699270, remain = -61, size = 3
force_push: msg_id = 1699352, remain = -61, size = 3
force_push: msg_id = 1699438, remain = -61, size = 3
force_push: msg_id = 1699522, remain = -61, size = 3
force_push: msg_id = 1699602, remain = -61, size = 3
force_push: msg_id = 1699682, remain = -61, size = 3
force_push: msg_id = 1699764, remain = -61, size = 3
force_push: msg_id = 1699844, remain = -61, size = 3
force_push: msg_id = 1699926, remain = -61, size = 3
force_push: msg_id = 1700008, remain = -61, size = 3
force_push: msg_id = 1700090, remain = -61, size = 3
force_push: msg_id = 1700170, remain = -61, size = 3
force_push: msg_id = 1700254, remain = -61, size = 3
force_push: msg_id = 1700337, remain = -61, size = 3
force_push: msg_id = 1700413, remain = -61, size = 3
force_push: msg_id = 1700495, remain = -61, size = 3
force_push: msg_id = 1700577, remain = -61, size = 3
force_push: msg_id = 1700656, remain = -61, size = 3
force_push: msg_id = 1700738, remain = -61, size = 3
force_push: msg_id = 1700821, remain = -61, size = 3
force_push: msg_id = 1700903, remain = -61, size = 3
force_push: msg_id = 1700982, remain = -61, size = 3
force_push: msg_id = 1701065, remain = -61, size = 3
force_push: msg_id = 1701145, remain = -61, size = 3
force_push: msg_id = 1701229, remain = -61, size = 3
force_push: msg_id = 1701306, remain = -61, size = 3
force_push: msg_id = 1701384, remain = -61, size = 3
force_push: msg_id = 1701465, remain = -61, size = 3
force_push: msg_id = 1701550, remain = -61, size = 3
force_push: msg_id = 1701631, remain = -61, size = 3
force_push: msg_id = 1701713, remain = -61, size = 3
force_push: msg_id = 1701795, remain = -61, size = 3
force_push: msg_id = 1701878, remain = -61, size = 3
force_push: msg_id = 1701960, remain = -61, size = 3
force_push: msg_id = 1702043, remain = -61, size = 3
force_push: msg_id = 1702125, remain = -61, size = 3
force_push: msg_id = 1702211, remain = -61, size = 3
force_push: msg_id = 1702296, remain = -61, size = 3
force_push: msg_id = 1702377, remain = -61, size = 3
force_push: msg_id = 1702463, remain = -61, size = 3
force_push: msg_id = 1702537, remain = -61, size = 3
force_push: msg_id = 1702622, remain = -61, size = 3
force_push: msg_id = 1702700, remain = -61, size = 3
force_push: msg_id = 1702784, remain = -61, size = 3
force_push: msg_id = 1702866, remain = -61, size = 3
force_push: msg_id = 1702944, remain = -61, size = 3
force_push: msg_id = 1703026, remain = -61, size = 3
force_push: msg_id = 1703107, remain = -61, size = 3
force_push: msg_id = 1703188, remain = -61, size = 3
force_push: msg_id = 1703270, remain = -61, size = 3
force_push: msg_id = 1703354, remain = -61, size = 3
force_push: msg_id = 1703437, remain = -61, size = 3
force_push: msg_id = 1703519, remain = -61, size = 3
force_push: msg_id = 1703603, remain = -61, size = 3
force_push: msg_id = 1703684, remain = -61, size = 3
force_push: msg_id = 1703772, remain = -61, size = 3
force_push: msg_id = 1703854, remain = -61, size = 3
force_push: msg_id = 1703934, remain = -61, size = 3
force_push: msg_id = 1704011, remain = -61, size = 3
force_push: msg_id = 1704091, remain = -61, size = 3
force_push: msg_id = 1704171, remain = -61, size = 3
force_push: msg_id = 1704250, remain = -61, size = 3
force_push: msg_id = 1704324, remain = -61, size = 3
force_push: msg_id = 1704404, remain = -61, size = 3
force_push: msg_id = 1704484, remain = -61, size = 3
force_push: msg_id = 1704564, remain = -61, size = 3
force_push: msg_id = 1704645, remain = -61, size = 3
force_push: msg_id = 1704724, remain = -61, size = 3
force_push: msg_id = 1704804, remain = -61, size = 3
force_push: msg_id = 1704884, remain = -61, size = 3
force_push: msg_id = 1704964, remain = -61, size = 3
force_push: msg_id = 1705044, remain = -61, size = 3
force_push: msg_id = 1705124, remain = -61, size = 3
force_push: msg_id = 1705204, remain = -61, size = 3
force_push: msg_id = 1705284, remain = -61, size = 3
force_push: msg_id = 1705364, remain = -61, size = 3
force_push: msg_id = 1705443, remain = -61, size = 3
force_push: msg_id = 1705523, remain = -61, size = 3
force_push: msg_id = 1705603, remain = -61, size = 3
force_push: msg_id = 1705683, remain = -61, size = 3
force_push: msg_id = 1705762, remain = -61, size = 3
force_push: msg_id = 1705842, remain = -61, size = 3
force_push: msg_id = 1705922, remain = -61, size = 3
force_push: msg_id = 1706002, remain = -61, size = 3
force_push: msg_id = 1706082, remain = -61, size = 3
force_push: msg_id = 1706162, remain = -61, size = 3
force_push: msg_id = 1706242, remain = -61, size = 3
force_push: msg_id = 1706322, remain = -61, size = 3
force_push: msg_id = 1706402, remain = -61, size = 3
force_push: msg_id = 1706482, remain = -61, size = 3
force_push: msg_id = 1706562, remain = -61, size = 3
force_push: msg_id = 1706642, remain = -61, size = 3
force_push: msg_id = 1706722, remain = -61, size = 3
force_push: msg_id = 1706800, remain = -61, size = 3
force_push: msg_id = 1706878, remain = -61, size = 3
force_push: msg_id = 1706958, remain = -61, size = 3
force_push: msg_id = 1707037, remain = -61, size = 3
force_push: msg_id = 1707116, remain = -61, size = 3
force_push: msg_id = 1707194, remain = -61, size = 3
force_push: msg_id = 1707274, remain = -61, size = 3
force_push: msg_id = 1707354, remain = -61, size = 3
force_push: msg_id = 1707434, remain = -61, size = 3
force_push: msg_id = 1707514, remain = -61, size = 3
force_push: msg_id = 1707595, remain = -61, size = 3
force_push: msg_id = 1707675, remain = -61, size = 3
force_push: msg_id = 1707755, remain = -61, size = 3
force_push: msg_id = 1707835, remain = -61, size = 3
force_push: msg_id = 1707917, remain = -61, size = 3
force_push: msg_id = 1707997, remain = -61, size = 3
force_push: msg_id = 1708077, remain = -61, size = 3
force_push: msg_id = 1708157, remain = -61, size = 3
force_push: msg_id = 1708236, remain = -61, size = 3
force_push: msg_id = 1708316, remain = -61, size = 3
force_push: msg_id = 1708396, remain = -61, size = 3
force_push: msg_id = 1708477, remain = -61, size = 3
force_push: msg_id = 1708557, remain = -61, size = 3
force_push: msg_id = 1708635, remain = -61, size = 3
force_push: msg_id = 1708715, remain = -61, size = 3
force_push: msg_id = 1708795, remain = -61, size = 3
force_push: msg_id = 1708875, remain = -61, size = 3
force_push: msg_id = 1708955, remain = -61, size = 3
force_push: msg_id = 1709035, remain = -61, size = 3
force_push: msg_id = 1709115, remain = -61, size = 3
force_push: msg_id = 1709195, remain = -61, size = 3
force_push: msg_id = 1709275, remain = -61, size = 3
force_push: msg_id = 1709355, remain = -61, size = 3
force_push: msg_id = 1709435, remain = -61, size = 3
force_push: msg_id = 1709515, remain = -61, size = 3
force_push: msg_id = 1709595, remain = -61, size = 3
force_push: msg_id = 1709673, remain = -61, size = 3
force_push: msg_id = 1709751, remain = -61, size = 3
force_push: msg_id = 1709831, remain = -61, size = 3
force_push: msg_id = 1709909, remain = -61, size = 3
force_push: msg_id = 1709988, remain = -61, size = 3
force_push: msg_id = 1710067, remain = -61, size = 3
force_push: msg_id = 1710147, remain = -61, size = 3
force_push: msg_id = 1710228, remain = -61, size = 3
force_push: msg_id = 1710306, remain = -61, size = 3
force_push: msg_id = 1710384, remain = -61, size = 3
force_push: msg_id = 1710464, remain = -61, size = 3
force_push: msg_id = 1710544, remain = -61, size = 3
force_push: msg_id = 1710624, remain = -61, size = 3
force_push: msg_id = 1710704, remain = -61, size = 3
force_push: msg_id = 1710784, remain = -61, size = 3
force_push: msg_id = 1710864, remain = -61, size = 3
force_push: msg_id = 1710944, remain = -61, size = 3
force_push: msg_id = 1711024, remain = -61, size = 3
force_push: msg_id = 1711104, remain = -61, size = 3
force_push: msg_id = 1711184, remain = -61, size = 3
force_push: msg_id = 1711264, remain = -61, size = 3
force_push: msg_id = 1711342, remain = -61, size = 3
force_push: msg_id = 1711422, remain = -61, size = 3
force_push: msg_id = 1711502, remain = -61, size = 3
force_push: msg_id = 1711582, remain = -61, size = 3
force_push: msg_id = 1711662, remain = -61, size = 3
force_push: msg_id = 1711742, remain = -61, size = 3
force_push: msg_id = 1711823, remain = -61, size = 3
force_push: msg_id = 1711903, remain = -61, size = 3
force_push: msg_id = 1711983, remain = -61, size = 3
force_push: msg_id = 1712063, remain = -61, size = 3
force_push: msg_id = 1712143, remain = -61, size = 3
force_push: msg_id = 1712223, remain = -61, size = 3
force_push: msg_id = 1712303, remain = -61, size = 3
force_push: msg_id = 1712382, remain = -61, size = 3
force_push: msg_id = 1712461, remain = -61, size = 3
force_push: msg_id = 1712542, remain = -61, size = 3
force_push: msg_id = 1712622, remain = -61, size = 3
force_push: msg_id = 1712699, remain = -61, size = 3
force_push: msg_id = 1712778, remain = -61, size = 3
force_push: msg_id = 1712858, remain = -61, size = 3
force_push: msg_id = 1712938, remain = -61, size = 3
force_push: msg_id = 1713015, remain = -61, size = 3
force_push: msg_id = 1713094, remain = -61, size = 3
force_push: msg_id = 1713174, remain = -61, size = 3
force_push: msg_id = 1713254, remain = -61, size = 3
force_push: msg_id = 1713332, remain = -61, size = 3
force_push: msg_id = 1713412, remain = -61, size = 3
force_push: msg_id = 1713492, remain = -61, size = 3
force_push: msg_id = 1713572, remain = -61, size = 3
force_push: msg_id = 1713652, remain = -61, size = 3
force_push: msg_id = 1713732, remain = -61, size = 3
force_push: msg_id = 1713812, remain = -61, size = 3
force_push: msg_id = 1713892, remain = -61, size = 3
force_push: msg_id = 1713971, remain = -61, size = 3
force_push: msg_id = 1714051, remain = -61, size = 3
force_push: msg_id = 1714128, remain = -61, size = 3
force_push: msg_id = 1714207, remain = -61, size = 3
force_push: msg_id = 1714286, remain = -61, size = 3
force_push: msg_id = 1714366, remain = -61, size = 3
force_push: msg_id = 1714446, remain = -61, size = 3
force_push: msg_id = 1714526, remain = -61, size = 3
force_push: msg_id = 1714607, remain = -61, size = 3
force_push: msg_id = 1714687, remain = -61, size = 3
force_push: msg_id = 1714767, remain = -61, size = 3
force_push: msg_id = 1714848, remain = -61, size = 3
force_push: msg_id = 1714928, remain = -61, size = 3
force_push: msg_id = 1715009, remain = -61, size = 3
force_push: msg_id = 1715089, remain = -61, size = 3
force_push: msg_id = 1715169, remain = -61, size = 3
force_push: msg_id = 1715248, remain = -61, size = 3
force_push: msg_id = 1715328, remain = -61, size = 3
force_push: msg_id = 1715408, remain = -61, size = 3
force_push: msg_id = 1715488, remain = -61, size = 3
force_push: msg_id = 1715566, remain = -61, size = 3
force_push: msg_id = 1715646, remain = -61, size = 3
force_push: msg_id = 1715726, remain = -61, size = 3
force_push: msg_id = 1715806, remain = -61, size = 3
force_push: msg_id = 1715884, remain = -61, size = 3
force_push: msg_id = 1715962, remain = -61, size = 3
force_push: msg_id = 1716040, remain = -61, size = 3
force_push: msg_id = 1716120, remain = -61, size = 3
force_push: msg_id = 1716197, remain = -61, size = 3
force_push: msg_id = 1716277, remain = -61, size = 3
force_push: msg_id = 1716356, remain = -61, size = 3
force_push: msg_id = 1716436, remain = -61, size = 3
force_push: msg_id = 1716516, remain = -61, size = 3
force_push: msg_id = 1716596, remain = -61, size = 3
force_push: msg_id = 1716675, remain = -61, size = 3
force_push: msg_id = 1716756, remain = -61, size = 3
force_push: msg_id = 1716836, remain = -61, size = 3
force_push: msg_id = 1716914, remain = -61, size = 3
force_push: msg_id = 1716994, remain = -61, size = 3
force_push: msg_id = 1717074, remain = -61, size = 3
force_push: msg_id = 1717154, remain = -61, size = 3
force_push: msg_id = 1717234, remain = -61, size = 3
force_push: msg_id = 1717314, remain = -61, size = 3
force_push: msg_id = 1717394, remain = -61, size = 3
force_push: msg_id = 1717474, remain = -61, size = 3
force_push: msg_id = 1717554, remain = -61, size = 3
force_push: msg_id = 1717634, remain = -61, size = 3
force_push: msg_id = 1717713, remain = -61, size = 3
force_push: msg_id = 1717793, remain = -61, size = 3
force_push: msg_id = 1717873, remain = -61, size = 3
force_push: msg_id = 1717953, remain = -61, size = 3
force_push: msg_id = 1718033, remain = -61, size = 3
force_push: msg_id = 1718113, remain = -61, size = 3
force_push: msg_id = 1718191, remain = -61, size = 3
force_push: msg_id = 1718271, remain = -61, size = 3
force_push: msg_id = 1718351, remain = -61, size = 3
force_push: msg_id = 1718431, remain = -61, size = 3
force_push: msg_id = 1718511, remain = -61, size = 3
force_push: msg_id = 1718589, remain = -61, size = 3
force_push: msg_id = 1718667, remain = -61, size = 3
force_push: msg_id = 1718747, remain = -61, size = 3
force_push: msg_id = 1718825, remain = -61, size = 3
force_push: msg_id = 1718905, remain = -61, size = 3
force_push: msg_id = 1718983, remain = -61, size = 3
force_push: msg_id = 1719061, remain = -61, size = 3
force_push: msg_id = 1719141, remain = -61, size = 3
force_push: msg_id = 1719221, remain = -61, size = 3
force_push: msg_id = 1719301, remain = -61, size = 3
force_push: msg_id = 1719381, remain = -61, size = 3
force_push: msg_id = 1719462, remain = -61, size = 3
force_push: msg_id = 1719540, remain = -61, size = 3
force_push: msg_id = 1719620, remain = -61, size = 3
force_push: msg_id = 1719700, remain = -61, size = 3
force_push: msg_id = 1719778, remain = -61, size = 3
force_push: msg_id = 1719858, remain = -61, size = 3
force_push: msg_id = 1719938, remain = -61, size = 3
force_push: msg_id = 1720018, remain = -61, size = 3
force_push: msg_id = 1720098, remain = -61, size = 3
force_push: msg_id = 1720178, remain = -61, size = 3
force_push: msg_id = 1720258, remain = -61, size = 3
force_push: msg_id = 1720338, remain = -61, size = 3
force_push: msg_id = 1720418, remain = -61, size = 3
force_push: msg_id = 1720498, remain = -61, size = 3
force_push: msg_id = 1720578, remain = -61, size = 3
force_push: msg_id = 1720658, remain = -61, size = 3
force_push: msg_id = 1720738, remain = -61, size = 3
force_push: msg_id = 1720819, remain = -61, size = 3
force_push: msg_id = 1720899, remain = -61, size = 3
force_push: msg_id = 1720979, remain = -61, size = 3
force_push: msg_id = 1721059, remain = -61, size = 3
force_push: msg_id = 1721139, remain = -61, size = 3
force_push: msg_id = 1721219, remain = -61, size = 3
force_push: msg_id = 1721299, remain = -61, size = 3
force_push: msg_id = 1721379, remain = -61, size = 3
force_push: msg_id = 1721459, remain = -61, size = 3
force_push: msg_id = 1721538, remain = -61, size = 3
force_push: msg_id = 1721616, remain = -61, size = 3
force_push: msg_id = 1721696, remain = -61, size = 3
force_push: msg_id = 1721774, remain = -61, size = 3
force_push: msg_id = 1721851, remain = -61, size = 3
force_push: msg_id = 1721930, remain = -61, size = 3
force_push: msg_id = 1722010, remain = -61, size = 3
force_push: msg_id = 1722092, remain = -61, size = 3
force_push: msg_id = 1722172, remain = -61, size = 3
force_push: msg_id = 1722251, remain = -61, size = 3
force_push: msg_id = 1722330, remain = -61, size = 3
force_push: msg_id = 1722409, remain = -61, size = 3
force_push: msg_id = 1722489, remain = -61, size = 3
force_push: msg_id = 1722567, remain = -61, size = 3
force_push: msg_id = 1722647, remain = -61, size = 3
force_push: msg_id = 1722727, remain = -61, size = 3
force_push: msg_id = 1722807, remain = -61, size = 3
force_push: msg_id = 1722887, remain = -61, size = 3
force_push: msg_id = 1722967, remain = -61, size = 3
force_push: msg_id = 1723047, remain = -61, size = 3
force_push: msg_id = 1723127, remain = -61, size = 3
force_push: msg_id = 1723207, remain = -61, size = 3
force_push: msg_id = 1723287, remain = -61, size = 3
force_push: msg_id = 1723367, remain = -61, size = 3
force_push: msg_id = 1723448, remain = -61, size = 3
force_push: msg_id = 1723528, remain = -61, size = 3
force_push: msg_id = 1723607, remain = -61, size = 3
force_push: msg_id = 1723687, remain = -61, size = 3
force_push: msg_id = 1723767, remain = -61, size = 3
force_push: msg_id = 1723847, remain = -61, size = 3
force_push: msg_id = 1723927, remain = -61, size = 3
force_push: msg_id = 1724007, remain = -61, size = 3
force_push: msg_id = 1724087, remain = -61, size = 3
force_push: msg_id = 1724165, remain = -61, size = 3
force_push: msg_id = 1724245, remain = -61, size = 3
force_push: msg_id = 1724325, remain = -61, size = 3
force_push: msg_id = 1724405, remain = -61, size = 3
force_push: msg_id = 1724483, remain = -61, size = 3
force_push: msg_id = 1724561, remain = -61, size = 3
force_push: msg_id = 1724640, remain = -61, size = 3
force_push: msg_id = 1724717, remain = -61, size = 3
force_push: msg_id = 1724796, remain = -61, size = 3
force_push: msg_id = 1724875, remain = -61, size = 3
force_push: msg_id = 1724955, remain = -61, size = 3
force_push: msg_id = 1725035, remain = -61, size = 3
force_push: msg_id = 1725116, remain = -61, size = 3
force_push: msg_id = 1725196, remain = -61, size = 3
force_push: msg_id = 1725274, remain = -61, size = 3
force_push: msg_id = 1725354, remain = -61, size = 3
force_push: msg_id = 1725434, remain = -61, size = 3
force_push: msg_id = 1725512, remain = -61, size = 3
force_push: msg_id = 1725592, remain = -61, size = 3
force_push: msg_id = 1725672, remain = -61, size = 3
force_push: msg_id = 1725752, remain = -61, size = 3
force_push: msg_id = 1725832, remain = -61, size = 3
force_push: msg_id = 1725912, remain = -61, size = 3
force_push: msg_id = 1725992, remain = -61, size = 3
force_push: msg_id = 1726072, remain = -61, size = 3
force_push: msg_id = 1726152, remain = -61, size = 3
force_push: msg_id = 1726232, remain = -61, size = 3
force_push: msg_id = 1726313, remain = -61, size = 3
force_push: msg_id = 1726393, remain = -61, size = 3
force_push: msg_id = 1726473, remain = -61, size = 3
force_push: msg_id = 1726553, remain = -61, size = 3
force_push: msg_id = 1726633, remain = -61, size = 3
force_push: msg_id = 1726713, remain = -61, size = 3
force_push: msg_id = 1726791, remain = -61, size = 3
force_push: msg_id = 1726871, remain = -61, size = 3
force_push: msg_id = 1726951, remain = -61, size = 3
force_push: msg_id = 1727031, remain = -61, size = 3
force_push: msg_id = 1727111, remain = -61, size = 3
force_push: msg_id = 1727189, remain 