Read file config.yml
Running executor...
Loaded function exp00_back. lib_load_elasped: 343, func_load_elasped: 4
Loaded function exp00_front. lib_load_elasped: 150, func_load_elasped: 3
force_push: msg_id = 1689764, remain = 22, size = 64
Send to executer failed.force_push: msg_id = 1690000, remain = -61, size = 3
force_push: msg_id = 1690083, remain = -61, size = 3
force_push: msg_id = 1690150, remain = -61, size = 3
force_push: msg_id = 1690221, remain = -61, size = 3
force_push: msg_id = 1690300, remain = -61, size = 3
force_push: msg_id = 1690378, remain = -61, size = 3
force_push: msg_id = 1690458, remain = -61, size = 3
force_push: msg_id = 1690538, remain = -61, size = 3
force_push: msg_id = 1690618, remain = -61, size = 3
force_push: msg_id = 1690698, remain = -61, size = 3
force_push: msg_id = 1690778, remain = -61, size = 3
force_push: msg_id = 1690858, remain = -61, size = 3
force_push: msg_id = 1690938, remain = -61, size = 3
force_push: msg_id = 1691018, remain = -61, size = 3
force_push: msg_id = 1691098, remain = -61, size = 3
force_push: msg_id = 1691179, remain = -61, size = 3
force_push: msg_id = 1691257, remain = -61, size = 3
force_push: msg_id = 1691337, remain = -61, size = 3
force_push: msg_id = 1691417, remain = -61, size = 3
force_push: msg_id = 1691497, remain = -61, size = 3
force_push: msg_id = 1691577, remain = -61, size = 3
force_push: msg_id = 1691658, remain = -61, size = 3
force_push: msg_id = 1691738, remain = -61, size = 3
force_push: msg_id = 1691817, remain = -61, size = 3
force_push: msg_id = 1691897, remain = -61, size = 3
force_push: msg_id = 1691977, remain = -61, size = 3
force_push: msg_id = 1692057, remain = -61, size = 3
force_push: msg_id = 1692137, remain = -61, size = 3
force_push: msg_id = 1692217, remain = -61, size = 3
force_push: msg_id = 1692295, remain = -61, size = 3
force_push: msg_id = 1692371, remain = -61, size = 3
force_push: msg_id = 1692445, remain = -61, size = 3
force_push: msg_id = 1692514, remain = -61, size = 3
force_push: msg_id = 1692588, remain = -61, size = 3
force_push: msg_id = 1692667, remain = -61, size = 3
force_push: msg_id = 1692746, remain = -61, size = 3
force_push: msg_id = 1692822, remain = -61, size = 3
force_push: msg_id = 1692897, remain = -61, size = 3
force_push: msg_id = 1692975, remain = -61, size = 3
force_push: msg_id = 1693055, remain = -61, size = 3
force_push: msg_id = 1693135, remain = -61, size = 3
force_push: msg_id = 1693214, remain = -61, size = 3
force_push: msg_id = 1693293, remain = -61, size = 3
force_push: msg_id = 1693373, remain = -61, size = 3
force_push: msg_id = 1693453, remain = -61, size = 3
force_push: msg_id = 1693533, remain = -61, size = 3
force_push: msg_id = 1693613, remain = -61, size = 3
force_push: msg_id = 1693692, remain = -61, size = 3
force_push: msg_id = 1693772, remain = -61, size = 3
force_push: msg_id = 1693852, remain = -61, size = 3
force_push: msg_id = 1693932, remain = -61, size = 3
force_push: msg_id = 1694012, remain = -61, size = 3
force_push: msg_id = 1694092, remain = -61, size = 3
force_push: msg_id = 1694172, remain = -61, size = 3
force_push: msg_id = 1694252, remain = -61, size = 3
force_push: msg_id = 1694333, remain = -61, size = 3
force_push: msg_id = 1694413, remain = -61, size = 3
force_push: msg_id = 1694493, remain = -61, size = 3
force_push: msg_id = 1694573, remain = -61, size = 3
force_push: msg_id = 1694653, remain = -61, size = 3
force_push: msg_id = 1694733, remain = -61, size = 3
force_push: msg_id = 1694813, remain = -61, size = 3
force_push: msg_id = 1694893, remain = -61, size = 3
force_push: msg_id = 1694973, remain = -61, size = 3
force_push: msg_id = 1695052, remain = -61, size = 3
force_push: msg_id = 1695129, remain = -61, size = 3
force_push: msg_id = 1695205, remain = -61, size = 3
force_push: msg_id = 1695282, remain = -61, size = 3
force_push: msg_id = 1695358, remain = -61, size = 3
force_push: msg_id = 1695436, remain = -61, size = 3
force_push: msg_id = 1695515, remain = -61, size = 3
force_push: msg_id = 1695595, remain = -61, size = 3
force_push: msg_id = 1695674, remain = -61, size = 3
force_push: msg_id = 1695752, remain = -61, size = 3
force_push: msg_id = 1695825, remain = -61, size = 3
force_push: msg_id = 1695903, remain = -61, size = 3
force_push: msg_id = 1695982, remain = -61, size = 3
force_push: msg_id = 1696061, remain = -61, size = 3
force_push: msg_id = 1696141, remain = -61, size = 3
force_push: msg_id = 1696220, remain = -61, size = 3
force_push: msg_id = 1696300, remain = -61, size = 3
force_push: msg_id = 1696381, remain = -61, size = 3
force_push: msg_id = 1696460, remain = -61, size = 3
force_push: msg_id = 1696538, remain = -61, size = 3
force_push: msg_id = 1696618, remain = -61, size = 3
force_push: msg_id = 1696698, remain = -61, size = 3
force_push: msg_id = 1696778, remain = -61, size = 3
force_push: msg_id = 1696858, remain = -61, size = 3
force_push: msg_id = 1696938, remain = -61, size = 3
force_push: msg_id = 1697018, remain = -61, size = 3
force_push: msg_id = 1697098, remain = -61, size = 3
force_push: msg_id = 1697178, remain = -61, size = 3
force_push: msg_id = 1697258, remain = -61, size = 3
force_push: msg_id = 1697338, remain = -61, size = 3
force_push: msg_id = 1697418, remain = -61, size = 3
force_push: msg_id = 1697498, remain = -61, size = 3
force_push: msg_id = 1697576, remain = -61, size = 3
force_push: msg_id = 1697656, remain = -61, size = 3
force_push: msg_id = 1697736, remain = -61, size = 3
force_push: msg_id = 1697816, remain = -61, size = 3
force_push: msg_id = 1697896, remain = -61, size = 3
force_push: msg_id = 1697976, remain = -61, size = 3
force_push: msg_id = 1698056, remain = -61, size = 3
force_push: msg_id = 1698133, remain = -61, size = 3
force_push: msg_id = 1698209, remain = -61, size = 3
force_push: msg_id = 1698288, remain = -61, size = 3
force_push: msg_id = 1698366, remain = -61, size = 3
force_push: msg_id = 1698446, remain = -61, size = 3
force_push: msg_id = 1698523, remain = -61, size = 3
force_push: msg_id = 1698603, remain = -61, size = 3
force_push: msg_id = 1698678, remain = -61, size = 3
force_push: msg_id = 1698756, remain = -61, size = 3
force_push: msg_id = 1698836, remain = -61, size = 3
force_push: msg_id = 1698916, remain = -61, size = 3
force_push: msg_id = 1698996, remain = -61, size = 3
force_push: msg_id = 1699076, remain = -61, size = 3
force_push: msg_id = 1699157, remain = -61, size = 3
force_push: msg_id = 1699237, remain = -61, size = 3
force_push: msg_id = 1699317, remain = -61, size = 3
force_push: msg_id = 1699397, remain = -61, size = 3
force_push: msg_id = 1699477, remain = -61, size = 3
force_push: msg_id = 1699557, remain = -61, size = 3
force_push: msg_id = 1699637, remain = -61, size = 3
force_push: msg_id = 1699716, remain = -61, size = 3
force_push: msg_id = 1699796, remain = -61, size = 3
force_push: msg_id = 1699876, remain = -61, size = 3
force_push: msg_id = 1699956, remain = -61, size = 3
force_push: msg_id = 1700036, remain = -61, size = 3
force_push: msg_id = 1700114, remain = -61, size = 3
force_push: msg_id = 1700194, remain = -61, size = 3
force_push: msg_id = 1700274, remain = -61, size = 3
force_push: msg_id = 1700354, remain = -61, size = 3
force_push: msg_id = 1700433, remain = -61, size = 3
force_push: msg_id = 1700513, remain = -61, size = 3
force_push: msg_id = 1700593, remain = -61, size = 3
force_push: msg_id = 1700672, remain = -61, size = 3
force_push: msg_id = 1700751, remain = -61, size = 3
force_push: msg_id = 1700830, remain = -61, size = 3
force_push: msg_id = 1700910, remain = -61, size = 3
force_push: msg_id = 1700988, remain = -61, size = 3
force_push: msg_id = 1701060, remain = -61, size = 3
force_push: msg_id = 1701140, remain = -61, size = 3
force_push: msg_id = 1701220, remain = -61, size = 3
force_push: msg_id = 1701297, remain = -61, size = 3
force_push: msg_id = 1701377, remain = -61, size = 3
force_push: msg_id = 1701450, remain = -61, size = 3
force_push: msg_id = 1701529, remain = -61, size = 3
force_push: msg_id = 1701609, remain = -61, size = 3
force_push: msg_id = 1701689, remain = -61, size = 3
force_push: msg_id = 1701769, remain = -61, size = 3
force_push: msg_id = 1701850, remain = -61, size = 3
force_push: msg_id = 1701931, remain = -61, size = 3
force_push: msg_id = 1702011, remain = -61, size = 3
force_push: msg_id = 1702091, remain = -61, size = 3
force_push: msg_id = 1702171, remain = -61, size = 3
force_push: msg_id = 1702251, remain = -61, size = 3
force_push: msg_id = 1702331, remain = -61, size = 3
force_push: msg_id = 1702412, remain = -61, size = 3
force_push: msg_id = 1702492, remain = -61, size = 3
force_push: msg_id = 1702572, remain = -61, size = 3
force_push: msg_id = 1702653, remain = -61, size = 3
force_push: msg_id = 1702734, remain = -61, size = 3
force_push: msg_id = 1702814, remain = -61, size = 3
force_push: msg_id = 1702895, remain = -61, size = 3
force_push: msg_id = 1702975, remain = -61, size = 3
force_push: msg_id = 1703055, remain = -61, size = 3
force_push: msg_id = 1703135, remain = -61, size = 3
force_push: msg_id = 1703214, remain = -61, size = 3
force_push: msg_id = 1703293, remain = -61, size = 3
force_push: msg_id = 1703372, remain = -61, size = 3
force_push: msg_id = 1703451, remain = -61, size = 3
force_push: msg_id = 1703532, remain = -61, size = 3
force_push: msg_id = 1703612, remain = -61, size = 3
force_push: msg_id = 1703687, remain = -61, size = 3
force_push: msg_id = 1703760, remain = -61, size = 3
force_push: msg_id = 1703840, remain = -61, size = 3
force_push: msg_id = 1703920, remain = -61, size = 3
force_push: msg_id = 1704001, remain = -61, size = 3
force_push: msg_id = 1704077, remain = -61, size = 3
force_push: msg_id = 1704155, remain = -61, size = 3
force_push: msg_id = 1704234, remain = -61, size = 3
force_push: msg_id = 1704314, remain = -61, size = 3
force_push: msg_id = 1704394, remain = -61, size = 3
force_push: msg_id = 1704474, remain = -61, size = 3
force_push: msg_id = 1704554, remain = -61, size = 3
force_push: msg_id = 1704634, remain = -61, size = 3
force_push: msg_id = 1704714, remain = -61, size = 3
force_push: msg_id = 1704794, remain = -61, size = 3
force_push: msg_id = 1704875, remain = -61, size = 3
force_push: msg_id = 1704955, remain = -61, size = 3
force_push: msg_id = 1705035, remain = -61, size = 3
force_push: msg_id = 1705114, remain = -61, size = 3
force_push: msg_id = 1705194, remain = -61, size = 3
force_push: msg_id = 1705274, remain = -61, size = 3
force_push: msg_id = 1705352, remain = -61, size = 3
force_push: msg_id = 1705433, remain = -61, size = 3
force_push: msg_id = 1705513, remain = -61, size = 3
force_push: msg_id = 1705593, remain = -61, size = 3
force_push: msg_id = 1705673, remain = -61, size = 3
force_push: msg_id = 1705753, remain = -61, size = 3
force_push: msg_id = 1705833, remain = -61, size = 3
force_push: msg_id = 1705913, remain = -61, size = 3
force_push: msg_id = 1705993, remain = -61, size = 3
force_push: msg_id = 1706073, remain = -61, size = 3
force_push: msg_id = 1706154, remain = -61, size = 3
force_push: msg_id = 1706234, remain = -61, size = 3
force_push: msg_id = 1706314, remain = -61, size = 3
force_push: msg_id = 1706392, remain = -61, size = 3
force_push: msg_id = 1706471, remain = -61, size = 3
force_push: msg_id = 1706549, remain = -61, size = 3
force_push: msg_id = 1706628, remain = -61, size = 3
force_push: msg_id = 1706708, remain = -61, size = 3
force_push: msg_id = 1706786, remain = -61, size = 3
force_push: msg_id = 1706866, remain = -61, size = 3
force_push: msg_id = 1706946, remain = -61, size = 3
force_push: msg_id = 1707026, remain = -61, size = 3
force_push: msg_id = 1707106, remain = -61, size = 3
force_push: msg_id = 1707186, remain = -61, size = 3
force_push: msg_id = 1707266, remain = -61, size = 3
force_push: msg_id = 1707347, remain = -61, size = 3
force_push: msg_id = 1707427, remain = -61, size = 3
force_push: msg_id = 1707507, remain = -61, size = 3
force_push: msg_id = 1707587, remain = -61, size = 3
force_push: msg_id = 1707667, remain = -61, size = 3
force_push: msg_id = 1707745, remain = -61, size = 3
force_push: msg_id = 1707825, remain = -61, size = 3
force_push: msg_id = 1707903, remain = -61, size = 3
force_push: msg_id = 1707981, remain = -61, size = 3
force_push: msg_id = 1708061, remain = -61, size = 3
force_push: msg_id = 1708140, remain = -61, size = 3
force_push: msg_id = 1708221, remain = -61, size = 3
force_push: msg_id = 1708299, remain = -61, size = 3
force_push: msg_id = 1708378, remain = -61, size = 3
force_push: msg_id = 1708458, remain = -61, size = 3
force_push: msg_id = 1708538, remain = -61, size = 3
force_push: msg_id = 1708618, remain = -61, size = 3
force_push: msg_id = 1708698, remain = -61, size = 3
force_push: msg_id = 1708778, remain = -61, size = 3
force_push: msg_id = 1708858, remain = -61, size = 3
force_push: msg_id = 1708936, remain = -61, size = 3
force_push: msg_id = 1709012, remain = -61, size = 3
force_push: msg_id = 1709090, remain = -61, size = 3
force_push: msg_id = 1709170, remain = -61, size = 3
force_push: msg_id = 1709250, remain = -61, size = 3
force_push: msg_id = 1709330, remain = -61, size = 3
force_push: msg_id = 1709408, remain = -61, size = 3
force_push: msg_id = 1709486, remain = -61, size = 3
force_push: msg_id = 1709566, remain = -61, size = 3
force_push: msg_id = 1709646, remain = -61, size = 3
force_push: msg_id = 1709726, remain = -61, size = 3
force_push: msg_id = 1709806, remain = -61, size = 3
force_push: msg_id = 1709886, remain = -61, size = 3
force_push: msg_id = 1709966, remain = -61, size = 3
force_push: msg_id = 1710046, remain = -61, size = 3
force_push: msg_id = 1710126, remain = -61, size = 3
force_push: msg_id = 1710207, remain = -61, size = 3
force_push: msg_id = 1710287, remain = -61, size = 3
force_push: msg_id = 1710367, remain = -61, size = 3
force_push: msg_id = 1710447, remain = -61, size = 3
force_push: msg_id = 1710525, remain = -61, size = 3
force_push: msg_id = 1710605, remain = -61, size = 3
force_push: msg_id = 1710685, remain = -61, size = 3
force_push: msg_id = 1710763, remain = -61, size = 3
force_push: msg_id = 1710843, remain = -61, size = 3
force_push: msg_id = 1710923, remain = -61, size = 3
force_push: msg_id = 1711003, remain = -61, size = 3
force_push: msg_id = 1711083, remain = -61, size = 3
force_push: msg_id = 1711163, remain = -61, size = 3
force_push: msg_id = 1711242, remain = -61, size = 3
force_push: msg_id = 1711321, remain = -61, size = 3
force_push: msg_id = 1711401, remain = -61, size = 3
force_push: msg_id = 1711481, remain = -61, size = 3
force_push: msg_id = 1711560, remain = -61, size = 3
force_push: msg_id = 1711640, remain = -61, size = 3
force_push: msg_id = 1711720, remain = -61, size = 3
force_push: msg_id = 1711800, remain = -61, size = 3
force_push: msg_id = 1711878, remain = -61, size = 3
force_push: msg_id = 1711958, remain = -61, size = 3
force_push: msg_id = 1712037, remain = -61, size = 3
force_push: msg_id = 1712116, remain = -61, size = 3
force_push: msg_id = 1712194, remain = -61, size = 3
force_push: msg_id = 1712272, remain = -61, size = 3
force_push: msg_id = 1712352, remain = -61, size = 3
force_push: msg_id = 1712431, remain = -61, size = 3
force_push: msg_id = 1712510, remain = -61, size = 3
force_push: msg_id = 1712590, remain = -61, size = 3
force_push: msg_id = 1712670, remain = -61, size = 3
force_push: msg_id = 1712750, remain = -61, size = 3
force_push: msg_id = 1712830, remain = -61, size = 3
force_push: msg_id = 1712910, remain = -61, size = 3
force_push: msg_id = 1712990, remain = -61, size = 3
force_push: msg_id = 1713071, remain = -61, size = 3
force_push: msg_id = 1713151, remain = -61, size = 3
force_push: msg_id = 1713229, remain = -61, size = 3
force_push: msg_id = 1713309, remain = -61, size = 3
force_push: msg_id = 1713389, remain = -61, size = 3
force_push: msg_id = 1713470, remain = -61, size = 3
force_push: msg_id = 1713550, remain = -61, size = 3
force_push: msg_id = 1713630, remain = -61, size = 3
force_push: msg_id = 1713710, remain = -61, size = 3
force_push: msg_id = 1713790, remain = -61, size = 3
force_push: msg_id = 1713870, remain = -61, size = 3
force_push: msg_id = 1713950, remain = -61, size = 3
force_push: msg_id = 1714030, remain = -61, size = 3
force_push: msg_id = 1714110, remain = -61, size = 3
force_push: msg_id = 1714190, remain = -61, size = 3
force_push: msg_id = 1714270, remain = -61, size = 3
force_push: msg_id = 1714350, remain = -61, size = 3
force_push: msg_id = 1714428, remain = -61, size = 3
force_push: msg_id = 1714508, remain = -61, size = 3
force_push: msg_id = 1714588, remain = -61, size = 3
force_push: msg_id = 1714668, remain = -61, size = 3
force_push: msg_id = 1714746, remain = -61, size = 3
force_push: msg_id = 1714825, remain = -61, size = 3
force_push: msg_id = 1714906, remain = -61, size = 3
force_push: msg_id = 1714985, remain = -61, size = 3
force_push: msg_id = 1715062, remain = -61, size = 3
force_push: msg_id = 1715140, remain = -61, size = 3
force_push: msg_id = 1715219, remain = -61, size = 3
force_push: msg_id = 1715297, remain = -61, size = 3
force_push: msg_id = 1715377, remain = -61, size = 3
force_push: msg_id = 1715457, remain = -61, size = 3
force_push: msg_id = 1715537, remain = -61, size = 3
force_push: msg_id = 1715617, remain = -61, size = 3
force_push: msg_id = 1715698, remain = -61, size = 3
force_push: msg_id = 1715778, remain = -61, size = 3
force_push: msg_id = 1715858, remain = -61, size = 3
force_push: msg_id = 1715938, remain = -61, size = 3
force_push: msg_id = 1716018, remain = -61, size = 3
force_push: msg_id = 1716096, remain = -61, size = 3
force_push: msg_id = 1716176, remain = -61, size = 3
force_push: msg_id = 1716256, remain = -61, size = 3
force_push: msg_id = 1716335, remain = -61, size = 3
force_push: msg_id = 1716416, remain = -61, size = 3
force_push: msg_id = 1716496, remain = -61, size = 3
force_push: msg_id = 1716575, remain = -61, size = 3
force_push: msg_id = 1716655, remain = -61, size = 3
force_push: msg_id = 1716734, remain = -61, size = 3
force_push: msg_id = 1716814, remain = -61, size = 3
force_push: msg_id = 1716894, remain = -61, size = 3
force_push: msg_id = 1716974, remain = -61, size = 3
force_push: msg_id = 1717055, remain = -61, size = 3
force_push: msg_id = 1717135, remain = -61, size = 3
force_push: msg_id = 1717213, remain = -61, size = 3
force_push: msg_id = 1717293, remain = -61, size = 3
force_push: msg_id = 1717374, remain = -61, size = 3
force_push: msg_id = 1717454, remain = -61, size = 3
force_push: msg_id = 1717535, remain = -61, size = 3
force_push: msg_id = 1717613, remain = -61, size = 3
force_push: msg_id = 1717693, remain = -61, size = 3
force_push: msg_id = 1717771, remain = -61, size = 3
force_push: msg_id = 1717851, remain = -61, size = 3
force_push: msg_id = 1717929, remain = -61, size = 3
force_push: msg_id = 1718006, remain = -61, size = 3
force_push: msg_id = 1718087, remain = -61, size = 3
force_push: msg_id = 1718166, remain = -61, size = 3
force_push: msg_id = 1718244, remain = -61, size = 3
force_push: msg_id = 1718324, remain = -61, size = 3
force_push: msg_id = 1718405, remain = -61, size = 3
force_push: msg_id = 1718485, remain = -61, size = 3
force_push: msg_id = 1718563, remain = -61, size = 3
force_push: msg_id = 1718643, remain = -61, size = 3
force_push: msg_id = 1718723, remain = -61, size = 3
force_push: msg_id = 1718803, remain = -61, size = 3
force_push: msg_id = 1718881, remain = -61, size = 3
force_push: msg_id = 1718961, remain = -61, size = 3
force_push: msg_id = 1719041, remain = -61, size = 3
force_push: msg_id = 1719121, remain = -61, size = 3
force_push: msg_id = 1719201, remain = -61, size = 3
force_push: msg_id = 1719281, remain = -61, size = 3
force_push: msg_id = 1719361, remain = -61, size = 3
force_push: msg_id = 1719441, remain = -61, size = 3
force_push: msg_id = 1719521, remain = -61, size = 3
force_push: msg_id = 1719601, remain = -61, size = 3
force_push: msg_id = 1719681, remain = -61, size = 3
force_push: msg_id = 1719761, remain = -61, size = 3
force_push: msg_id = 1719840, remain = -61, size = 3
force_push: msg_id = 1719920, remain = -61, size = 3
force_push: msg_id = 1720000, remain = -61, size = 3
force_push: msg_id = 1720080, remain = -61, size = 3
force_push: msg_id = 1720160, remain = -61, size = 3
force_push: msg_id = 1720239, remain = -61, size = 3
force_push: msg_id = 1720319, remain = -61, size = 3
force_push: msg_id = 1720399, remain = -61, size = 3
force_push: msg_id = 1720478, remain = -61, size = 3
force_push: msg_id = 1720558, remain = -61, size = 3
force_push: msg_id = 1720638, remain = -61, size = 3
force_push: msg_id = 1720716, remain = -61, size = 3
force_push: msg_id = 1720792, remain = -61, size = 3
force_push: msg_id = 1720870, remain = -61, size = 3
force_push: msg_id = 1720950, remain = -61, size = 3
force_push: msg_id = 1721030, remain = -61, size = 3
force_push: msg_id = 1721110, remain = -61, size = 3
force_push: msg_id = 1721190, remain = -61, size = 3
force_push: msg_id = 1721270, remain = -61, size = 3
force_push: msg_id = 1721350, remain = -61, size = 3
force_push: msg_id = 1721430, remain = -61, size = 3
force_push: msg_id = 1721510, remain = -61, size = 3
force_push: msg_id = 1721588, remain = -61, size = 3
force_push: msg_id = 1721668, remain = -61, size = 3
force_push: msg_id = 1721746, remain = -61, size = 3
force_push: msg_id = 1721826, remain = -61, size = 3
force_push: msg_id = 1721906, remain = -61, size = 3
force_push: msg_id = 1721986, remain = -61, size = 3
force_push: msg_id = 1722066, remain = -61, size = 3
force_push: msg_id = 1722146, remain = -61, size = 3
force_push: msg_id = 1722226, remain = -61, size = 3
force_push: msg_id = 1722305, remain = -61, size = 3
force_push: msg_id = 1722385, remain = -61, size = 3
force_push: msg_id = 1722465, remain = -61, size = 3
force_push: msg_id = 1722545, remain = -61, size = 3
force_push: msg_id = 1722625, remain = -61, size = 3
force_push: msg_id = 1722705, remain = -61, size = 3
force_push: msg_id = 1722784, remain = -61, size = 3
force_push: msg_id = 1722864, remain = -61, size = 3
force_push: msg_id = 1722944, remain = -61, size = 3
force_push: msg_id = 1723024, remain = -61, size = 3
force_push: msg_id = 1723104, remain = -61, size = 3
force_push: msg_id = 1723184, remain = -61, size = 3
force_push: msg_id = 1723262, remain = -61, size = 3
force_push: msg_id = 1723343, remain = -61, size = 3
force_push: msg_id = 1723424, remain = -61, size = 3
force_push: msg_id = 1723504, remain = -61, size = 3
force_push: msg_id = 1723583, remain = -61, size = 3
force_push: msg_id = 1723659, remain = -61, size = 3
force_push: msg_id = 1723735, remain = -61, size = 3
force_push: msg_id = 1723816, remain = -61, size = 3
force_push: msg_id = 1723896, remain = -61, size = 3
force_push: msg_id = 1723974, remain = -61, size = 3
force_push: msg_id = 1724054, remain = -61, size = 3
force_push: msg_id = 1724134, remain = -61, size = 3
force_push: msg_id = 1724213, remain = -61, size = 3
force_push: msg_id = 1724293, remain = -61, size = 3
force_push: msg_id = 1724371, remain = -61, size = 3
force_push: msg_id = 1724448, remain = -61, size = 3
force_push: msg_id = 1724528, remain = -61, size = 3
force_push: msg_id = 1724608, remain = -61, size = 3
force_push: msg_id = 1724688, remain = -61, size = 3
force_push: msg_id = 1724771, remain = -61, size = 3
force_push: msg_id = 1724851, remain = -61, size = 3
force_push: msg_id = 1724935, remain = -61, size = 3
force_push: msg_id = 1725017, remain = -61, size = 3
force_push: msg_id = 1725098, remain = -61, size = 3
force_push: msg_id = 1725181, remain = -61, size = 3
force_push: msg_id = 1725261, remain = -61, size = 3
force_push: msg_id = 1725341, remain = -61, size = 3
force_push: msg_id = 1725421, remain = -61, size = 3
force_push: msg_id = 1725501, remain = -61, size = 3
force_push: msg_id = 1725581, remain = -61, size = 3
force_push: msg_id = 1725662, remain = -61, size = 3
force_push: msg_id = 1725741, remain = -61, size = 3
force_push: msg_id = 1725821, remain = -61, size = 3
force_push: msg_id = 1725901, remain = -61, size = 3
force_push: msg_id = 1725981, remain = -61, size = 3
force_push: msg_id = 1726061, remain = -61, size = 3
force_push: msg_id = 1726142, remain = -61, size = 3
force_push: msg_id = 1726221, remain = -61, size = 3
force_push: msg_id = 1726299, remain = -61, size = 3
force_push: msg_id = 1726381, remain = -61, size = 3
force_push: msg_id = 1726461, remain = -61, size = 3
force_push: msg_id = 1726541, remain = -61, size = 3
force_push: msg_id = 1726622, remain = -61, size = 3
force_push: msg_id = 1726702, remain = -61, size = 3
force_push: msg_id = 1726780, remain 