Read file config.yml
Running executor...
Loaded function exp00_front. lib_load_elasped: 799, func_load_elasped: 4
Loaded function exp00_back. lib_load_elasped: 179, func_load_elasped: 1
force_push: msg_id = 1689918, remain = 342, size = 64
Send to executer failed.force_push: msg_id = 1689989, remain = -61, size = 3
force_push: msg_id = 1690063, remain = -61, size = 3
force_push: msg_id = 1690138, remain = -61, size = 3
force_push: msg_id = 1690219, remain = -61, size = 3
force_push: msg_id = 1690299, remain = -61, size = 3
force_push: msg_id = 1690380, remain = -61, size = 3
force_push: msg_id = 1690459, remain = -61, size = 3
force_push: msg_id = 1690539, remain = -61, size = 3
force_push: msg_id = 1690620, remain = -61, size = 3
force_push: msg_id = 1690700, remain = -61, size = 3
force_push: msg_id = 1690780, remain = -61, size = 3
force_push: msg_id = 1690861, remain = -61, size = 3
force_push: msg_id = 1690941, remain = -61, size = 3
force_push: msg_id = 1691021, remain = -61, size = 3
force_push: msg_id = 1691102, remain = -61, size = 3
force_push: msg_id = 1691181, remain = -61, size = 3
force_push: msg_id = 1691261, remain = -61, size = 3
force_push: msg_id = 1691341, remain = -61, size = 3
force_push: msg_id = 1691423, remain = -61, size = 3
force_push: msg_id = 1691503, remain = -61, size = 3
force_push: msg_id = 1691583, remain = -61, size = 3
force_push: msg_id = 1691663, remain = -61, size = 3
force_push: msg_id = 1691743, remain = -61, size = 3
force_push: msg_id = 1691822, remain = -61, size = 3
force_push: msg_id = 1691901, remain = -61, size = 3
force_push: msg_id = 1691981, remain = -61, size = 3
force_push: msg_id = 1692061, remain = -61, size = 3
force_push: msg_id = 1692141, remain = -61, size = 3
force_push: msg_id = 1692221, remain = -61, size = 3
force_push: msg_id = 1692301, remain = -61, size = 3
force_push: msg_id = 1692382, remain = -61, size = 3
force_push: msg_id = 1692462, remain = -61, size = 3
force_push: msg_id = 1692541, remain = -61, size = 3
force_push: msg_id = 1692618, remain = -61, size = 3
force_push: msg_id = 1692690, remain = -61, size = 3
force_push: msg_id = 1692756, remain = -61, size = 3
force_push: msg_id = 1692834, remain = -61, size = 3
force_push: msg_id = 1692911, remain = -61, size = 3
force_push: msg_id = 1692989, remain = -61, size = 3
force_push: msg_id = 1693066, remain = -61, size = 3
force_push: msg_id = 1693144, remain = -61, size = 3
force_push: msg_id = 1693221, remain = -61, size = 3
force_push: msg_id = 1693299, remain = -61, size = 3
force_push: msg_id = 1693379, remain = -61, size = 3
force_push: msg_id = 1693459, remain = -61, size = 3
force_push: msg_id = 1693538, remain = -61, size = 3
force_push: msg_id = 1693617, remain = -61, size = 3
force_push: msg_id = 1693697, remain = -61, size = 3
force_push: msg_id = 1693777, remain = -61, size = 3
force_push: msg_id = 1693857, remain = -61, size = 3
force_push: msg_id = 1693935, remain = -61, size = 3
force_push: msg_id = 1694015, remain = -61, size = 3
force_push: msg_id = 1694095, remain = -61, size = 3
force_push: msg_id = 1694175, remain = -61, size = 3
force_push: msg_id = 1694255, remain = -61, size = 3
force_push: msg_id = 1694335, remain = -61, size = 3
force_push: msg_id = 1694415, remain = -61, size = 3
force_push: msg_id = 1694495, remain = -61, size = 3
force_push: msg_id = 1694575, remain = -61, size = 3
force_push: msg_id = 1694655, remain = -61, size = 3
force_push: msg_id = 1694735, remain = -61, size = 3
force_push: msg_id = 1694815, remain = -61, size = 3
force_push: msg_id = 1694895, remain = -61, size = 3
force_push: msg_id = 1694975, remain = -61, size = 3
force_push: msg_id = 1695055, remain = -61, size = 3
force_push: msg_id = 1695135, remain = -61, size = 3
force_push: msg_id = 1695215, remain = -61, size = 3
force_push: msg_id = 1695293, remain = -61, size = 3
force_push: msg_id = 1695369, remain = -61, size = 3
force_push: msg_id = 1695447, remain = -61, size = 3
force_push: msg_id = 1695523, remain = -61, size = 3
force_push: msg_id = 1695599, remain = -61, size = 3
force_push: msg_id = 1695679, remain = -61, size = 3
force_push: msg_id = 1695757, remain = -61, size = 3
force_push: msg_id = 1695835, remain = -61, size = 3
force_push: msg_id = 1695911, remain = -61, size = 3
force_push: msg_id = 1695989, remain = -61, size = 3
force_push: msg_id = 1696067, remain = -61, size = 3
force_push: msg_id = 1696147, remain = -61, size = 3
force_push: msg_id = 1696227, remain = -61, size = 3
force_push: msg_id = 1696306, remain = -61, size = 3
force_push: msg_id = 1696385, remain = -61, size = 3
force_push: msg_id = 1696465, remain = -61, size = 3
force_push: msg_id = 1696544, remain = -61, size = 3
force_push: msg_id = 1696622, remain = -61, size = 3
force_push: msg_id = 1696700, remain = -61, size = 3
force_push: msg_id = 1696780, remain = -61, size = 3
force_push: msg_id = 1696859, remain = -61, size = 3
force_push: msg_id = 1696939, remain = -61, size = 3
force_push: msg_id = 1697019, remain = -61, size = 3
force_push: msg_id = 1697099, remain = -61, size = 3
force_push: msg_id = 1697179, remain = -61, size = 3
force_push: msg_id = 1697259, remain = -61, size = 3
force_push: msg_id = 1697339, remain = -61, size = 3
force_push: msg_id = 1697419, remain = -61, size = 3
force_push: msg_id = 1697499, remain = -61, size = 3
force_push: msg_id = 1697579, remain = -61, size = 3
force_push: msg_id = 1697657, remain = -61, size = 3
force_push: msg_id = 1697737, remain = -61, size = 3
force_push: msg_id = 1697817, remain = -61, size = 3
force_push: msg_id = 1697897, remain = -61, size = 3
force_push: msg_id = 1697977, remain = -61, size = 3
force_push: msg_id = 1698057, remain = -61, size = 3
force_push: msg_id = 1698137, remain = -61, size = 3
force_push: msg_id = 1698216, remain = -61, size = 3
force_push: msg_id = 1698289, remain = -61, size = 3
force_push: msg_id = 1698367, remain = -61, size = 3
force_push: msg_id = 1698447, remain = -61, size = 3
force_push: msg_id = 1698522, remain = -61, size = 3
force_push: msg_id = 1698601, remain = -61, size = 3
force_push: msg_id = 1698675, remain = -61, size = 3
force_push: msg_id = 1698752, remain = -61, size = 3
force_push: msg_id = 1698832, remain = -61, size = 3
force_push: msg_id = 1698913, remain = -61, size = 3
force_push: msg_id = 1698993, remain = -61, size = 3
force_push: msg_id = 1699072, remain = -61, size = 3
force_push: msg_id = 1699152, remain = -61, size = 3
force_push: msg_id = 1699232, remain = -61, size = 3
force_push: msg_id = 1699312, remain = -61, size = 3
force_push: msg_id = 1699392, remain = -61, size = 3
force_push: msg_id = 1699472, remain = -61, size = 3
force_push: msg_id = 1699552, remain = -61, size = 3
force_push: msg_id = 1699633, remain = -61, size = 3
force_push: msg_id = 1699713, remain = -61, size = 3
force_push: msg_id = 1699793, remain = -61, size = 3
force_push: msg_id = 1699872, remain = -61, size = 3
force_push: msg_id = 1699950, remain = -61, size = 3
force_push: msg_id = 1700030, remain = -61, size = 3
force_push: msg_id = 1700110, remain = -61, size = 3
force_push: msg_id = 1700190, remain = -61, size = 3
force_push: msg_id = 1700270, remain = -61, size = 3
force_push: msg_id = 1700349, remain = -61, size = 3
force_push: msg_id = 1700428, remain = -61, size = 3
force_push: msg_id = 1700507, remain = -61, size = 3
force_push: msg_id = 1700587, remain = -61, size = 3
force_push: msg_id = 1700666, remain = -61, size = 3
force_push: msg_id = 1700746, remain = -61, size = 3
force_push: msg_id = 1700822, remain = -61, size = 3
force_push: msg_id = 1700896, remain = -61, size = 3
force_push: msg_id = 1700976, remain = -61, size = 3
force_push: msg_id = 1701056, remain = -61, size = 3
force_push: msg_id = 1701132, remain = -61, size = 3
force_push: msg_id = 1701205, remain = -61, size = 3
force_push: msg_id = 1701285, remain = -61, size = 3
force_push: msg_id = 1701365, remain = -61, size = 3
force_push: msg_id = 1701445, remain = -61, size = 3
force_push: msg_id = 1701524, remain = -61, size = 3
force_push: msg_id = 1701603, remain = -61, size = 3
force_push: msg_id = 1701682, remain = -61, size = 3
force_push: msg_id = 1701762, remain = -61, size = 3
force_push: msg_id = 1701842, remain = -61, size = 3
force_push: msg_id = 1701922, remain = -61, size = 3
force_push: msg_id = 1702002, remain = -61, size = 3
force_push: msg_id = 1702082, remain = -61, size = 3
force_push: msg_id = 1702162, remain = -61, size = 3
force_push: msg_id = 1702242, remain = -61, size = 3
force_push: msg_id = 1702322, remain = -61, size = 3
force_push: msg_id = 1702401, remain = -61, size = 3
force_push: msg_id = 1702481, remain = -61, size = 3
force_push: msg_id = 1702561, remain = -61, size = 3
force_push: msg_id = 1702641, remain = -61, size = 3
force_push: msg_id = 1702721, remain = -61, size = 3
force_push: msg_id = 1702801, remain = -61, size = 3
force_push: msg_id = 1702882, remain = -61, size = 3
force_push: msg_id = 1702962, remain = -61, size = 3
force_push: msg_id = 1703040, remain = -61, size = 3
force_push: msg_id = 1703120, remain = -61, size = 3
force_push: msg_id = 1703200, remain = -61, size = 3
force_push: msg_id = 1703280, remain = -61, size = 3
force_push: msg_id = 1703356, remain = -61, size = 3
force_push: msg_id = 1703432, remain = -61, size = 3
force_push: msg_id = 1703511, remain = -61, size = 3
force_push: msg_id = 1703593, remain = -61, size = 3
force_push: msg_id = 1703673, remain = -61, size = 3
force_push: msg_id = 1703753, remain = -61, size = 3
force_push: msg_id = 1703828, remain = -61, size = 3
force_push: msg_id = 1703909, remain = -61, size = 3
force_push: msg_id = 1703990, remain = -61, size = 3
force_push: msg_id = 1704070, remain = -61, size = 3
force_push: msg_id = 1704150, remain = -61, size = 3
force_push: msg_id = 1704231, remain = -61, size = 3
force_push: msg_id = 1704311, remain = -61, size = 3
force_push: msg_id = 1704391, remain = -61, size = 3
force_push: msg_id = 1704471, remain = -61, size = 3
force_push: msg_id = 1704551, remain = -61, size = 3
force_push: msg_id = 1704631, remain = -61, size = 3
force_push: msg_id = 1704711, remain = -61, size = 3
force_push: msg_id = 1704792, remain = -61, size = 3
force_push: msg_id = 1704866, remain = -61, size = 3
force_push: msg_id = 1704947, remain = -61, size = 3
force_push: msg_id = 1705028, remain = -61, size = 3
force_push: msg_id = 1705107, remain = -61, size = 3
force_push: msg_id = 1705187, remain = -61, size = 3
force_push: msg_id = 1705267, remain = -61, size = 3
force_push: msg_id = 1705347, remain = -61, size = 3
force_push: msg_id = 1705428, remain = -61, size = 3
force_push: msg_id = 1705508, remain = -61, size = 3
force_push: msg_id = 1705587, remain = -61, size = 3
force_push: msg_id = 1705668, remain = -61, size = 3
force_push: msg_id = 1705748, remain = -61, size = 3
force_push: msg_id = 1705828, remain = -61, size = 3
force_push: msg_id = 1705908, remain = -61, size = 3
force_push: msg_id = 1705987, remain = -61, size = 3
force_push: msg_id = 1706068, remain = -61, size = 3
force_push: msg_id = 1706148, remain = -61, size = 3
force_push: msg_id = 1706226, remain = -61, size = 3
force_push: msg_id = 1706306, remain = -61, size = 3
force_push: msg_id = 1706384, remain = -61, size = 3
force_push: msg_id = 1706466, remain = -61, size = 3
force_push: msg_id = 1706546, remain = -61, size = 3
force_push: msg_id = 1706626, remain = -61, size = 3
force_push: msg_id = 1706705, remain = -61, size = 3
force_push: msg_id = 1706785, remain = -61, size = 3
force_push: msg_id = 1706865, remain = -61, size = 3
force_push: msg_id = 1706945, remain = -61, size = 3
force_push: msg_id = 1707023, remain = -61, size = 3
force_push: msg_id = 1707104, remain = -61, size = 3
force_push: msg_id = 1707183, remain = -61, size = 3
force_push: msg_id = 1707263, remain = -61, size = 3
force_push: msg_id = 1707344, remain = -61, size = 3
force_push: msg_id = 1707425, remain = -61, size = 3
force_push: msg_id = 1707505, remain = -61, size = 3
force_push: msg_id = 1707586, remain = -61, size = 3
force_push: msg_id = 1707666, remain = -61, size = 3
force_push: msg_id = 1707747, remain = -61, size = 3
force_push: msg_id = 1707827, remain = -61, size = 3
force_push: msg_id = 1707907, remain = -61, size = 3
force_push: msg_id = 1707987, remain = -61, size = 3
force_push: msg_id = 1708065, remain = -61, size = 3
force_push: msg_id = 1708145, remain = -61, size = 3
force_push: msg_id = 1708225, remain = -61, size = 3
force_push: msg_id = 1708305, remain = -61, size = 3
force_push: msg_id = 1708385, remain = -61, size = 3
force_push: msg_id = 1708465, remain = -61, size = 3
force_push: msg_id = 1708545, remain = -61, size = 3
force_push: msg_id = 1708626, remain = -61, size = 3
force_push: msg_id = 1708706, remain = -61, size = 3
force_push: msg_id = 1708786, remain = -61, size = 3
force_push: msg_id = 1708866, remain = -61, size = 3
force_push: msg_id = 1708946, remain = -61, size = 3
force_push: msg_id = 1709025, remain = -61, size = 3
force_push: msg_id = 1709104, remain = -61, size = 3
force_push: msg_id = 1709181, remain = -61, size = 3
force_push: msg_id = 1709258, remain = -61, size = 3
force_push: msg_id = 1709335, remain = -61, size = 3
force_push: msg_id = 1709416, remain = -61, size = 3
force_push: msg_id = 1709495, remain = -61, size = 3
force_push: msg_id = 1709573, remain = -61, size = 3
force_push: msg_id = 1709649, remain = -61, size = 3
force_push: msg_id = 1709728, remain = -61, size = 3
force_push: msg_id = 1709808, remain = -61, size = 3
force_push: msg_id = 1709887, remain = -61, size = 3
force_push: msg_id = 1709967, remain = -61, size = 3
force_push: msg_id = 1710047, remain = -61, size = 3
force_push: msg_id = 1710127, remain = -61, size = 3
force_push: msg_id = 1710206, remain = -61, size = 3
force_push: msg_id = 1710286, remain = -61, size = 3
force_push: msg_id = 1710366, remain = -61, size = 3
force_push: msg_id = 1710446, remain = -61, size = 3
force_push: msg_id = 1710524, remain = -61, size = 3
force_push: msg_id = 1710604, remain = -61, size = 3
force_push: msg_id = 1710683, remain = -61, size = 3
force_push: msg_id = 1710762, remain = -61, size = 3
force_push: msg_id = 1710842, remain = -61, size = 3
force_push: msg_id = 1710922, remain = -61, size = 3
force_push: msg_id = 1711002, remain = -61, size = 3
force_push: msg_id = 1711082, remain = -61, size = 3
force_push: msg_id = 1711162, remain = -61, size = 3
force_push: msg_id = 1711243, remain = -61, size = 3
force_push: msg_id = 1711323, remain = -61, size = 3
force_push: msg_id = 1711402, remain = -61, size = 3
force_push: msg_id = 1711482, remain = -61, size = 3
force_push: msg_id = 1711562, remain = -61, size = 3
force_push: msg_id = 1711641, remain = -61, size = 3
force_push: msg_id = 1711721, remain = -61, size = 3
force_push: msg_id = 1711801, remain = -61, size = 3
force_push: msg_id = 1711879, remain = -61, size = 3
force_push: msg_id = 1711959, remain = -61, size = 3
force_push: msg_id = 1712039, remain = -61, size = 3
force_push: msg_id = 1712118, remain = -61, size = 3
force_push: msg_id = 1712197, remain = -61, size = 3
force_push: msg_id = 1712273, remain = -61, size = 3
force_push: msg_id = 1712353, remain = -61, size = 3
force_push: msg_id = 1712433, remain = -61, size = 3
force_push: msg_id = 1712512, remain = -61, size = 3
force_push: msg_id = 1712591, remain = -61, size = 3
force_push: msg_id = 1712671, remain = -61, size = 3
force_push: msg_id = 1712751, remain = -61, size = 3
force_push: msg_id = 1712832, remain = -61, size = 3
force_push: msg_id = 1712912, remain = -61, size = 3
force_push: msg_id = 1712992, remain = -61, size = 3
force_push: msg_id = 1713072, remain = -61, size = 3
force_push: msg_id = 1713152, remain = -61, size = 3
force_push: msg_id = 1713232, remain = -61, size = 3
force_push: msg_id = 1713311, remain = -61, size = 3
force_push: msg_id = 1713391, remain = -61, size = 3
force_push: msg_id = 1713471, remain = -61, size = 3
force_push: msg_id = 1713551, remain = -61, size = 3
force_push: msg_id = 1713631, remain = -61, size = 3
force_push: msg_id = 1713711, remain = -61, size = 3
force_push: msg_id = 1713791, remain = -61, size = 3
force_push: msg_id = 1713871, remain = -61, size = 3
force_push: msg_id = 1713951, remain = -61, size = 3
force_push: msg_id = 1714031, remain = -61, size = 3
force_push: msg_id = 1714111, remain = -61, size = 3
force_push: msg_id = 1714191, remain = -61, size = 3
force_push: msg_id = 1714271, remain = -61, size = 3
force_push: msg_id = 1714351, remain = -61, size = 3
force_push: msg_id = 1714431, remain = -61, size = 3
force_push: msg_id = 1714509, remain = -61, size = 3
force_push: msg_id = 1714589, remain = -61, size = 3
force_push: msg_id = 1714669, remain = -61, size = 3
force_push: msg_id = 1714750, remain = -61, size = 3
force_push: msg_id = 1714828, remain = -61, size = 3
force_push: msg_id = 1714908, remain = -61, size = 3
force_push: msg_id = 1714988, remain = -61, size = 3
force_push: msg_id = 1715068, remain = -61, size = 3
force_push: msg_id = 1715144, remain = -61, size = 3
force_push: msg_id = 1715222, remain = -61, size = 3
force_push: msg_id = 1715302, remain = -61, size = 3
force_push: msg_id = 1715381, remain = -61, size = 3
force_push: msg_id = 1715461, remain = -61, size = 3
force_push: msg_id = 1715541, remain = -61, size = 3
force_push: msg_id = 1715621, remain = -61, size = 3
force_push: msg_id = 1715701, remain = -61, size = 3
force_push: msg_id = 1715781, remain = -61, size = 3
force_push: msg_id = 1715861, remain = -61, size = 3
force_push: msg_id = 1715941, remain = -61, size = 3
force_push: msg_id = 1716021, remain = -61, size = 3
force_push: msg_id = 1716101, remain = -61, size = 3
force_push: msg_id = 1716179, remain = -61, size = 3
force_push: msg_id = 1716259, remain = -61, size = 3
force_push: msg_id = 1716339, remain = -61, size = 3
force_push: msg_id = 1716419, remain = -61, size = 3
force_push: msg_id = 1716499, remain = -61, size = 3
force_push: msg_id = 1716579, remain = -61, size = 3
force_push: msg_id = 1716660, remain = -61, size = 3
force_push: msg_id = 1716740, remain = -61, size = 3
force_push: msg_id = 1716820, remain = -61, size = 3
force_push: msg_id = 1716899, remain = -61, size = 3
force_push: msg_id = 1716978, remain = -61, size = 3
force_push: msg_id = 1717059, remain = -61, size = 3
force_push: msg_id = 1717139, remain = -61, size = 3
force_push: msg_id = 1717219, remain = -61, size = 3
force_push: msg_id = 1717299, remain = -61, size = 3
force_push: msg_id = 1717380, remain = -61, size = 3
force_push: msg_id = 1717458, remain = -61, size = 3
force_push: msg_id = 1717538, remain = -61, size = 3
force_push: msg_id = 1717618, remain = -61, size = 3
force_push: msg_id = 1717698, remain = -61, size = 3
force_push: msg_id = 1717778, remain = -61, size = 3
force_push: msg_id = 1717856, remain = -61, size = 3
force_push: msg_id = 1717936, remain = -61, size = 3
force_push: msg_id = 1718014, remain = -61, size = 3
force_push: msg_id = 1718094, remain = -61, size = 3
force_push: msg_id = 1718171, remain = -61, size = 3
force_push: msg_id = 1718251, remain = -61, size = 3
force_push: msg_id = 1718329, remain = -61, size = 3
force_push: msg_id = 1718409, remain = -61, size = 3
force_push: msg_id = 1718487, remain = -61, size = 3
force_push: msg_id = 1718567, remain = -61, size = 3
force_push: msg_id = 1718647, remain = -61, size = 3
force_push: msg_id = 1718727, remain = -61, size = 3
force_push: msg_id = 1718805, remain = -61, size = 3
force_push: msg_id = 1718885, remain = -61, size = 3
force_push: msg_id = 1718965, remain = -61, size = 3
force_push: msg_id = 1719045, remain = -61, size = 3
force_push: msg_id = 1719123, remain = -61, size = 3
force_push: msg_id = 1719203, remain = -61, size = 3
force_push: msg_id = 1719283, remain = -61, size = 3
force_push: msg_id = 1719363, remain = -61, size = 3
force_push: msg_id = 1719443, remain = -61, size = 3
force_push: msg_id = 1719523, remain = -61, size = 3
force_push: msg_id = 1719603, remain = -61, size = 3
force_push: msg_id = 1719683, remain = -61, size = 3
force_push: msg_id = 1719763, remain = -61, size = 3
force_push: msg_id = 1719843, remain = -61, size = 3
force_push: msg_id = 1719923, remain = -61, size = 3
force_push: msg_id = 1720003, remain = -61, size = 3
force_push: msg_id = 1720083, remain = -61, size = 3
force_push: msg_id = 1720163, remain = -61, size = 3
force_push: msg_id = 1720243, remain = -61, size = 3
force_push: msg_id = 1720323, remain = -61, size = 3
force_push: msg_id = 1720403, remain = -61, size = 3
force_push: msg_id = 1720483, remain = -61, size = 3
force_push: msg_id = 1720563, remain = -61, size = 3
force_push: msg_id = 1720643, remain = -61, size = 3
force_push: msg_id = 1720722, remain = -61, size = 3
force_push: msg_id = 1720802, remain = -61, size = 3
force_push: msg_id = 1720882, remain = -61, size = 3
force_push: msg_id = 1720959, remain = -61, size = 3
force_push: msg_id = 1721035, remain = -61, size = 3
force_push: msg_id = 1721113, remain = -61, size = 3
force_push: msg_id = 1721193, remain = -61, size = 3
force_push: msg_id = 1721273, remain = -61, size = 3
force_push: msg_id = 1721353, remain = -61, size = 3
force_push: msg_id = 1721433, remain = -61, size = 3
force_push: msg_id = 1721513, remain = -61, size = 3
force_push: msg_id = 1721593, remain = -61, size = 3
force_push: msg_id = 1721673, remain = -61, size = 3
force_push: msg_id = 1721753, remain = -61, size = 3
force_push: msg_id = 1721831, remain = -61, size = 3
force_push: msg_id = 1721909, remain = -61, size = 3
force_push: msg_id = 1721989, remain = -61, size = 3
force_push: msg_id = 1722069, remain = -61, size = 3
force_push: msg_id = 1722149, remain = -61, size = 3
force_push: msg_id = 1722229, remain = -61, size = 3
force_push: msg_id = 1722309, remain = -61, size = 3
force_push: msg_id = 1722389, remain = -61, size = 3
force_push: msg_id = 1722469, remain = -61, size = 3
force_push: msg_id = 1722549, remain = -61, size = 3
force_push: msg_id = 1722629, remain = -61, size = 3
force_push: msg_id = 1722709, remain = -61, size = 3
force_push: msg_id = 1722791, remain = -61, size = 3
force_push: msg_id = 1722871, remain = -61, size = 3
force_push: msg_id = 1722951, remain = -61, size = 3
force_push: msg_id = 1723032, remain = -61, size = 3
force_push: msg_id = 1723112, remain = -61, size = 3
force_push: msg_id = 1723192, remain = -61, size = 3
force_push: msg_id = 1723272, remain = -61, size = 3
force_push: msg_id = 1723352, remain = -61, size = 3
force_push: msg_id = 1723432, remain = -61, size = 3
force_push: msg_id = 1723510, remain = -61, size = 3
force_push: msg_id = 1723591, remain = -61, size = 3
force_push: msg_id = 1723671, remain = -61, size = 3
force_push: msg_id = 1723751, remain = -61, size = 3
force_push: msg_id = 1723831, remain = -61, size = 3
force_push: msg_id = 1723907, remain = -61, size = 3
force_push: msg_id = 1723982, remain = -61, size = 3
force_push: msg_id = 1724062, remain = -61, size = 3
force_push: msg_id = 1724140, remain = -61, size = 3
force_push: msg_id = 1724220, remain = -61, size = 3
force_push: msg_id = 1724300, remain = -61, size = 3
force_push: msg_id = 1724381, remain = -61, size = 3
force_push: msg_id = 1724461, remain = -61, size = 3
force_push: msg_id = 1724541, remain = -61, size = 3
force_push: msg_id = 1724620, remain = -61, size = 3
force_push: msg_id = 1724700, remain = -61, size = 3
force_push: msg_id = 1724780, remain = -61, size = 3
force_push: msg_id = 1724858, remain = -61, size = 3
force_push: msg_id = 1724938, remain = -61, size = 3
force_push: msg_id = 1725018, remain = -61, size = 3
force_push: msg_id = 1725096, remain = -61, size = 3
force_push: msg_id = 1725176, remain = -61, size = 3
force_push: msg_id = 1725256, remain = -61, size = 3
force_push: msg_id = 1725336, remain = -61, size = 3
force_push: msg_id = 1725416, remain = -61, size = 3
force_push: msg_id = 1725496, remain = -61, size = 3
force_push: msg_id = 1725575, remain = -61, size = 3
force_push: msg_id = 1725654, remain = -61, size = 3
force_push: msg_id = 1725734, remain = -61, size = 3
force_push: msg_id = 1725814, remain = -61, size = 3
force_push: msg_id = 1725895, remain = -61, size = 3
force_push: msg_id = 1725974, remain = -61, size = 3
force_push: msg_id = 1726054, remain = -61, size = 3
force_push: msg_id = 1726133, remain = -61, size = 3
force_push: msg_id = 1726213, remain = -61, size = 3
force_push: msg_id = 1726293, remain = -61, size = 3
force_push: msg_id = 1726374, remain = -61, size = 3
force_push: msg_id = 1726454, remain = -61, size = 3
force_push: msg_id = 1726534, remain = -61, size = 3
force_push: msg_id = 1726613, remain = -61, size = 3
force_push: msg_id = 1726692, remain = -61, size = 3
force_push: msg_id = 1726771, remain 