Read file config.yml
Running executor...
Loaded function exp00_back. lib_load_elasped: 241, func_load_elasped: 4
Loaded function exp00_front. lib_load_elasped: 138, func_load_elasped: 1
force_push: msg_id = 1689950, remain = 534, size = 64
Send to executer failed.force_push: msg_id = 1690003, remain = -61, size = 3
force_push: msg_id = 1690095, remain = -61, size = 3
force_push: msg_id = 1690195, remain = -61, size = 3
force_push: msg_id = 1690288, remain = -61, size = 3
force_push: msg_id = 1690351, remain = -61, size = 3
force_push: msg_id = 1690436, remain = -61, size = 3
force_push: msg_id = 1690525, remain = -61, size = 3
force_push: msg_id = 1690593, remain = -61, size = 3
force_push: msg_id = 1690669, remain = -61, size = 3
force_push: msg_id = 1690754, remain = -61, size = 3
force_push: msg_id = 1690843, remain = -61, size = 3
force_push: msg_id = 1690919, remain = -61, size = 3
force_push: msg_id = 1691002, remain = -61, size = 3
force_push: msg_id = 1691085, remain = -61, size = 3
force_push: msg_id = 1691162, remain = -61, size = 3
force_push: msg_id = 1691243, remain = -61, size = 3
force_push: msg_id = 1691327, remain = -61, size = 3
force_push: msg_id = 1691402, remain = -61, size = 3
force_push: msg_id = 1691486, remain = -61, size = 3
force_push: msg_id = 1691564, remain = -61, size = 3
force_push: msg_id = 1691646, remain = -61, size = 3
force_push: msg_id = 1691726, remain = -61, size = 3
force_push: msg_id = 1691799, remain = -61, size = 3
force_push: msg_id = 1691883, remain = -61, size = 3
force_push: msg_id = 1691967, remain = -61, size = 3
force_push: msg_id = 1692040, remain = -61, size = 3
force_push: msg_id = 1692121, remain = -61, size = 3
force_push: msg_id = 1692202, remain = -61, size = 3
force_push: msg_id = 1692286, remain = -61, size = 3
force_push: msg_id = 1692367, remain = -61, size = 3
force_push: msg_id = 1692449, remain = -61, size = 3
force_push: msg_id = 1692529, remain = -61, size = 3
force_push: msg_id = 1692614, remain = -61, size = 3
force_push: msg_id = 1692698, remain = -61, size = 3
force_push: msg_id = 1692784, remain = -61, size = 3
force_push: msg_id = 1692865, remain = -61, size = 3
force_push: msg_id = 1692944, remain = -61, size = 3
force_push: msg_id = 1693031, remain = -61, size = 3
force_push: msg_id = 1693113, remain = -61, size = 3
force_push: msg_id = 1693196, remain = -61, size = 3
force_push: msg_id = 1693278, remain = -61, size = 3
force_push: msg_id = 1693359, remain = -61, size = 3
force_push: msg_id = 1693437, remain = -61, size = 3
force_push: msg_id = 1693521, remain = -61, size = 3
force_push: msg_id = 1693602, remain = -61, size = 3
force_push: msg_id = 1693683, remain = -61, size = 3
force_push: msg_id = 1693763, remain = -61, size = 3
force_push: msg_id = 1693847, remain = -61, size = 3
force_push: msg_id = 1693927, remain = -61, size = 3
force_push: msg_id = 1694007, remain = -61, size = 3
force_push: msg_id = 1694088, remain = -61, size = 3
force_push: msg_id = 1694168, remain = -61, size = 3
force_push: msg_id = 1694243, remain = -61, size = 3
force_push: msg_id = 1694321, remain = -61, size = 3
force_push: msg_id = 1694395, remain = -61, size = 3
force_push: msg_id = 1694475, remain = -61, size = 3
force_push: msg_id = 1694559, remain = -61, size = 3
force_push: msg_id = 1694638, remain = -61, size = 3
force_push: msg_id = 1694719, remain = -61, size = 3
force_push: msg_id = 1694793, remain = -61, size = 3
force_push: msg_id = 1694871, remain = -61, size = 3
force_push: msg_id = 1694949, remain = -61, size = 3
force_push: msg_id = 1695027, remain = -61, size = 3
force_push: msg_id = 1695107, remain = -61, size = 3
force_push: msg_id = 1695180, remain = -61, size = 3
force_push: msg_id = 1695258, remain = -61, size = 3
force_push: msg_id = 1695336, remain = -61, size = 3
force_push: msg_id = 1695417, remain = -61, size = 3
force_push: msg_id = 1695496, remain = -61, size = 3
force_push: msg_id = 1695575, remain = -61, size = 3
force_push: msg_id = 1695652, remain = -61, size = 3
force_push: msg_id = 1695731, remain = -61, size = 3
force_push: msg_id = 1695811, remain = -61, size = 3
force_push: msg_id = 1695891, remain = -61, size = 3
force_push: msg_id = 1695971, remain = -61, size = 3
force_push: msg_id = 1696049, remain = -61, size = 3
force_push: msg_id = 1696129, remain = -61, size = 3
force_push: msg_id = 1696209, remain = -61, size = 3
force_push: msg_id = 1696289, remain = -61, size = 3
force_push: msg_id = 1696369, remain = -61, size = 3
force_push: msg_id = 1696449, remain = -61, size = 3
force_push: msg_id = 1696529, remain = -61, size = 3
force_push: msg_id = 1696610, remain = -61, size = 3
force_push: msg_id = 1696690, remain = -61, size = 3
force_push: msg_id = 1696771, remain = -61, size = 3
force_push: msg_id = 1696851, remain = -61, size = 3
force_push: msg_id = 1696931, remain = -61, size = 3
force_push: msg_id = 1697011, remain = -61, size = 3
force_push: msg_id = 1697089, remain = -61, size = 3
force_push: msg_id = 1697169, remain = -61, size = 3
force_push: msg_id = 1697249, remain = -61, size = 3
force_push: msg_id = 1697329, remain = -61, size = 3
force_push: msg_id = 1697409, remain = -61, size = 3
force_push: msg_id = 1697485, remain = -61, size = 3
force_push: msg_id = 1697565, remain = -61, size = 3
force_push: msg_id = 1697645, remain = -61, size = 3
force_push: msg_id = 1697723, remain = -61, size = 3
force_push: msg_id = 1697797, remain = -61, size = 3
force_push: msg_id = 1697877, remain = -61, size = 3
force_push: msg_id = 1697956, remain = -61, size = 3
force_push: msg_id = 1698034, remain = -61, size = 3
force_push: msg_id = 1698112, remain = -61, size = 3
force_push: msg_id = 1698190, remain = -61, size = 3
force_push: msg_id = 1698268, remain = -61, size = 3
force_push: msg_id = 1698346, remain = -61, size = 3
force_push: msg_id = 1698426, remain = -61, size = 3
force_push: msg_id = 1698506, remain = -61, size = 3
force_push: msg_id = 1698586, remain = -61, size = 3
force_push: msg_id = 1698666, remain = -61, size = 3
force_push: msg_id = 1698746, remain = -61, size = 3
force_push: msg_id = 1698826, remain = -61, size = 3
force_push: msg_id = 1698906, remain = -61, size = 3
force_push: msg_id = 1698986, remain = -61, size = 3
force_push: msg_id = 1699066, remain = -61, size = 3
force_push: msg_id = 1699146, remain = -61, size = 3
force_push: msg_id = 1699226, remain = -61, size = 3
force_push: msg_id = 1699306, remain = -61, size = 3
force_push: msg_id = 1699386, remain = -61, size = 3
force_push: msg_id = 1699466, remain = -61, size = 3
force_push: msg_id = 1699546, remain = -61, size = 3
force_push: msg_id = 1699626, remain = -61, size = 3
force_push: msg_id = 1699706, remain = -61, size = 3
force_push: msg_id = 1699786, remain = -61, size = 3
force_push: msg_id = 1699864, remain = -61, size = 3
force_push: msg_id = 1699945, remain = -61, size = 3
force_push: msg_id = 1700026, remain = -61, size = 3
force_push: msg_id = 1700107, remain = -61, size = 3
force_push: msg_id = 1700189, remain = -61, size = 3
force_push: msg_id = 1700269, remain = -61, size = 3
force_push: msg_id = 1700350, remain = -61, size = 3
force_push: msg_id = 1700430, remain = -61, size = 3
force_push: msg_id = 1700509, remain = -61, size = 3
force_push: msg_id = 1700589, remain = -61, size = 3
force_push: msg_id = 1700668, remain = -61, size = 3
force_push: msg_id = 1700749, remain = -61, size = 3
force_push: msg_id = 1700831, remain = -61, size = 3
force_push: msg_id = 1700912, remain = -61, size = 3
force_push: msg_id = 1700990, remain = -61, size = 3
force_push: msg_id = 1701070, remain = -61, size = 3
force_push: msg_id = 1701144, remain = -61, size = 3
force_push: msg_id = 1701222, remain = -61, size = 3
force_push: msg_id = 1701302, remain = -61, size = 3
force_push: msg_id = 1701383, remain = -61, size = 3
force_push: msg_id = 1701463, remain = -61, size = 3
force_push: msg_id = 1701543, remain = -61, size = 3
force_push: msg_id = 1701623, remain = -61, size = 3
force_push: msg_id = 1701702, remain = -61, size = 3
force_push: msg_id = 1701784, remain = -61, size = 3
force_push: msg_id = 1701865, remain = -61, size = 3
force_push: msg_id = 1701946, remain = -61, size = 3
force_push: msg_id = 1702026, remain = -61, size = 3
force_push: msg_id = 1702106, remain = -61, size = 3
force_push: msg_id = 1702186, remain = -61, size = 3
force_push: msg_id = 1702267, remain = -61, size = 3
force_push: msg_id = 1702347, remain = -61, size = 3
force_push: msg_id = 1702428, remain = -61, size = 3
force_push: msg_id = 1702510, remain = -61, size = 3
force_push: msg_id = 1702591, remain = -61, size = 3
force_push: msg_id = 1702673, remain = -61, size = 3
force_push: msg_id = 1702756, remain = -61, size = 3
force_push: msg_id = 1702837, remain = -61, size = 3
force_push: msg_id = 1702918, remain = -61, size = 3
force_push: msg_id = 1703000, remain = -61, size = 3
force_push: msg_id = 1703081, remain = -61, size = 3
force_push: msg_id = 1703163, remain = -61, size = 3
force_push: msg_id = 1703246, remain = -61, size = 3
force_push: msg_id = 1703328, remain = -61, size = 3
force_push: msg_id = 1703410, remain = -61, size = 3
force_push: msg_id = 1703490, remain = -61, size = 3
force_push: msg_id = 1703573, remain = -61, size = 3
force_push: msg_id = 1703653, remain = -61, size = 3
force_push: msg_id = 1703735, remain = -61, size = 3
force_push: msg_id = 1703816, remain = -61, size = 3
force_push: msg_id = 1703897, remain = -61, size = 3
force_push: msg_id = 1703977, remain = -61, size = 3
force_push: msg_id = 1704059, remain = -61, size = 3
force_push: msg_id = 1704140, remain = -61, size = 3
force_push: msg_id = 1704223, remain = -61, size = 3
force_push: msg_id = 1704303, remain = -61, size = 3
force_push: msg_id = 1704384, remain = -61, size = 3
force_push: msg_id = 1704466, remain = -61, size = 3
force_push: msg_id = 1704546, remain = -61, size = 3
force_push: msg_id = 1704626, remain = -61, size = 3
force_push: msg_id = 1704706, remain = -61, size = 3
force_push: msg_id = 1704786, remain = -61, size = 3
force_push: msg_id = 1704869, remain = -61, size = 3
force_push: msg_id = 1704952, remain = -61, size = 3
force_push: msg_id = 1705033, remain = -61, size = 3
force_push: msg_id = 1705117, remain = -61, size = 3
force_push: msg_id = 1705199, remain = -61, size = 3
force_push: msg_id = 1705279, remain = -61, size = 3
force_push: msg_id = 1705361, remain = -61, size = 3
force_push: msg_id = 1705444, remain = -61, size = 3
force_push: msg_id = 1705529, remain = -61, size = 3
force_push: msg_id = 1705609, remain = -61, size = 3
force_push: msg_id = 1705692, remain = -61, size = 3
force_push: msg_id = 1705774, remain = -61, size = 3
force_push: msg_id = 1705854, remain = -61, size = 3
force_push: msg_id = 1705935, remain = -61, size = 3
force_push: msg_id = 1706015, remain = -61, size = 3
force_push: msg_id = 1706095, remain = -61, size = 3
force_push: msg_id = 1706175, remain = -61, size = 3
force_push: msg_id = 1706255, remain = -61, size = 3
force_push: msg_id = 1706333, remain = -61, size = 3
force_push: msg_id = 1706413, remain = -61, size = 3
force_push: msg_id = 1706493, remain = -61, size = 3
force_push: msg_id = 1706573, remain = -61, size = 3
force_push: msg_id = 1706654, remain = -61, size = 3
force_push: msg_id = 1706734, remain = -61, size = 3
force_push: msg_id = 1706814, remain = -61, size = 3
force_push: msg_id = 1706894, remain = -61, size = 3
force_push: msg_id = 1706974, remain = -61, size = 3
force_push: msg_id = 1707055, remain = -61, size = 3
force_push: msg_id = 1707135, remain = -61, size = 3
force_push: msg_id = 1707216, remain = -61, size = 3
force_push: msg_id = 1707294, remain = -61, size = 3
force_push: msg_id = 1707372, remain = -61, size = 3
force_push: msg_id = 1707452, remain = -61, size = 3
force_push: msg_id = 1707532, remain = -61, size = 3
force_push: msg_id = 1707612, remain = -61, size = 3
force_push: msg_id = 1707691, remain = -61, size = 3
force_push: msg_id = 1707769, remain = -61, size = 3
force_push: msg_id = 1707849, remain = -61, size = 3
force_push: msg_id = 1707929, remain = -61, size = 3
force_push: msg_id = 1708009, remain = -61, size = 3
force_push: msg_id = 1708089, remain = -61, size = 3
force_push: msg_id = 1708169, remain = -61, size = 3
force_push: msg_id = 1708249, remain = -61, size = 3
force_push: msg_id = 1708330, remain = -61, size = 3
force_push: msg_id = 1708410, remain = -61, size = 3
force_push: msg_id = 1708490, remain = -61, size = 3
force_push: msg_id = 1708570, remain = -61, size = 3
force_push: msg_id = 1708650, remain = -61, size = 3
force_push: msg_id = 1708730, remain = -61, size = 3
force_push: msg_id = 1708809, remain = -61, size = 3
force_push: msg_id = 1708889, remain = -61, size = 3
force_push: msg_id = 1708969, remain = -61, size = 3
force_push: msg_id = 1709046, remain = -61, size = 3
force_push: msg_id = 1709126, remain = -61, size = 3
force_push: msg_id = 1709206, remain = -61, size = 3
force_push: msg_id = 1709286, remain = -61, size = 3
force_push: msg_id = 1709366, remain = -61, size = 3
force_push: msg_id = 1709446, remain = -61, size = 3
force_push: msg_id = 1709526, remain = -61, size = 3
force_push: msg_id = 1709606, remain = -61, size = 3
force_push: msg_id = 1709687, remain = -61, size = 3
force_push: msg_id = 1709767, remain = -61, size = 3
force_push: msg_id = 1709848, remain = -61, size = 3
force_push: msg_id = 1709928, remain = -61, size = 3
force_push: msg_id = 1710009, remain = -61, size = 3
force_push: msg_id = 1710087, remain = -61, size = 3
force_push: msg_id = 1710167, remain = -61, size = 3
force_push: msg_id = 1710245, remain = -61, size = 3
force_push: msg_id = 1710323, remain = -61, size = 3
force_push: msg_id = 1710403, remain = -61, size = 3
force_push: msg_id = 1710482, remain = -61, size = 3
force_push: msg_id = 1710561, remain = -61, size = 3
force_push: msg_id = 1710641, remain = -61, size = 3
force_push: msg_id = 1710717, remain = -61, size = 3
force_push: msg_id = 1710797, remain = -61, size = 3
force_push: msg_id = 1710877, remain = -61, size = 3
force_push: msg_id = 1710957, remain = -61, size = 3
force_push: msg_id = 1711037, remain = -61, size = 3
force_push: msg_id = 1711118, remain = -61, size = 3
force_push: msg_id = 1711197, remain = -61, size = 3
force_push: msg_id = 1711277, remain = -61, size = 3
force_push: msg_id = 1711357, remain = -61, size = 3
force_push: msg_id = 1711437, remain = -61, size = 3
force_push: msg_id = 1711515, remain = -61, size = 3
force_push: msg_id = 1711595, remain = -61, size = 3
force_push: msg_id = 1711673, remain = -61, size = 3
force_push: msg_id = 1711753, remain = -61, size = 3
force_push: msg_id = 1711833, remain = -61, size = 3
force_push: msg_id = 1711913, remain = -61, size = 3
force_push: msg_id = 1711993, remain = -61, size = 3
force_push: msg_id = 1712073, remain = -61, size = 3
force_push: msg_id = 1712154, remain = -61, size = 3
force_push: msg_id = 1712234, remain = -61, size = 3
force_push: msg_id = 1712314, remain = -61, size = 3
force_push: msg_id = 1712394, remain = -61, size = 3
force_push: msg_id = 1712474, remain = -61, size = 3
force_push: msg_id = 1712554, remain = -61, size = 3
force_push: msg_id = 1712634, remain = -61, size = 3
force_push: msg_id = 1712714, remain = -61, size = 3
force_push: msg_id = 1712794, remain = -61, size = 3
force_push: msg_id = 1712872, remain = -61, size = 3
force_push: msg_id = 1712952, remain = -61, size = 3
force_push: msg_id = 1713029, remain = -61, size = 3
force_push: msg_id = 1713106, remain = -61, size = 3
force_push: msg_id = 1713185, remain = -61, size = 3
force_push: msg_id = 1713263, remain = -61, size = 3
force_push: msg_id = 1713339, remain = -61, size = 3
force_push: msg_id = 1713417, remain = -61, size = 3
force_push: msg_id = 1713495, remain = -61, size = 3
force_push: msg_id = 1713575, remain = -61, size = 3
force_push: msg_id = 1713655, remain = -61, size = 3
force_push: msg_id = 1713735, remain = -61, size = 3
force_push: msg_id = 1713815, remain = -61, size = 3
force_push: msg_id = 1713895, remain = -61, size = 3
force_push: msg_id = 1713975, remain = -61, size = 3
force_push: msg_id = 1714055, remain = -61, size = 3
force_push: msg_id = 1714135, remain = -61, size = 3
force_push: msg_id = 1714216, remain = -61, size = 3
force_push: msg_id = 1714292, remain = -61, size = 3
force_push: msg_id = 1714372, remain = -61, size = 3
force_push: msg_id = 1714451, remain = -61, size = 3
force_push: msg_id = 1714531, remain = -61, size = 3
force_push: msg_id = 1714611, remain = -61, size = 3
force_push: msg_id = 1714691, remain = -61, size = 3
force_push: msg_id = 1714772, remain = -61, size = 3
force_push: msg_id = 1714852, remain = -61, size = 3
force_push: msg_id = 1714933, remain = -61, size = 3
force_push: msg_id = 1715013, remain = -61, size = 3
force_push: msg_id = 1715093, remain = -61, size = 3
force_push: msg_id = 1715173, remain = -61, size = 3
force_push: msg_id = 1715253, remain = -61, size = 3
force_push: msg_id = 1715333, remain = -61, size = 3
force_push: msg_id = 1715412, remain = -61, size = 3
force_push: msg_id = 1715492, remain = -61, size = 3
force_push: msg_id = 1715572, remain = -61, size = 3
force_push: msg_id = 1715652, remain = -61, size = 3
force_push: msg_id = 1715730, remain = -61, size = 3
force_push: msg_id = 1715810, remain = -61, size = 3
force_push: msg_id = 1715890, remain = -61, size = 3
force_push: msg_id = 1715968, remain = -61, size = 3
force_push: msg_id = 1716048, remain = -61, size = 3
force_push: msg_id = 1716126, remain = -61, size = 3
force_push: msg_id = 1716204, remain = -61, size = 3
force_push: msg_id = 1716284, remain = -61, size = 3
force_push: msg_id = 1716362, remain = -61, size = 3
force_push: msg_id = 1716442, remain = -61, size = 3
force_push: msg_id = 1716522, remain = -61, size = 3
force_push: msg_id = 1716602, remain = -61, size = 3
force_push: msg_id = 1716682, remain = -61, size = 3
force_push: msg_id = 1716761, remain = -61, size = 3
force_push: msg_id = 1716841, remain = -61, size = 3
force_push: msg_id = 1716921, remain = -61, size = 3
force_push: msg_id = 1717001, remain = -61, size = 3
force_push: msg_id = 1717079, remain = -61, size = 3
force_push: msg_id = 1717159, remain = -61, size = 3
force_push: msg_id = 1717239, remain = -61, size = 3
force_push: msg_id = 1717319, remain = -61, size = 3
force_push: msg_id = 1717399, remain = -61, size = 3
force_push: msg_id = 1717479, remain = -61, size = 3
force_push: msg_id = 1717559, remain = -61, size = 3
force_push: msg_id = 1717639, remain = -61, size = 3
force_push: msg_id = 1717719, remain = -61, size = 3
force_push: msg_id = 1717799, remain = -61, size = 3
force_push: msg_id = 1717877, remain = -61, size = 3
force_push: msg_id = 1717957, remain = -61, size = 3
force_push: msg_id = 1718037, remain = -61, size = 3
force_push: msg_id = 1718117, remain = -61, size = 3
force_push: msg_id = 1718197, remain = -61, size = 3
force_push: msg_id = 1718277, remain = -61, size = 3
force_push: msg_id = 1718356, remain = -61, size = 3
force_push: msg_id = 1718435, remain = -61, size = 3
force_push: msg_id = 1718515, remain = -61, size = 3
force_push: msg_id = 1718595, remain = -61, size = 3
force_push: msg_id = 1718675, remain = -61, size = 3
force_push: msg_id = 1718753, remain = -61, size = 3
force_push: msg_id = 1718830, remain = -61, size = 3
force_push: msg_id = 1718907, remain = -61, size = 3
force_push: msg_id = 1718985, remain = -61, size = 3
force_push: msg_id = 1719063, remain = -61, size = 3
force_push: msg_id = 1719143, remain = -61, size = 3
force_push: msg_id = 1719223, remain = -61, size = 3
force_push: msg_id = 1719303, remain = -61, size = 3
force_push: msg_id = 1719383, remain = -61, size = 3
force_push: msg_id = 1719463, remain = -61, size = 3
force_push: msg_id = 1719541, remain = -61, size = 3
force_push: msg_id = 1719621, remain = -61, size = 3
force_push: msg_id = 1719701, remain = -61, size = 3
force_push: msg_id = 1719781, remain = -61, size = 3
force_push: msg_id = 1719859, remain = -61, size = 3
force_push: msg_id = 1719939, remain = -61, size = 3
force_push: msg_id = 1720019, remain = -61, size = 3
force_push: msg_id = 1720099, remain = -61, size = 3
force_push: msg_id = 1720179, remain = -61, size = 3
force_push: msg_id = 1720259, remain = -61, size = 3
force_push: msg_id = 1720339, remain = -61, size = 3
force_push: msg_id = 1720419, remain = -61, size = 3
force_push: msg_id = 1720499, remain = -61, size = 3
force_push: msg_id = 1720579, remain = -61, size = 3
force_push: msg_id = 1720659, remain = -61, size = 3
force_push: msg_id = 1720739, remain = -61, size = 3
force_push: msg_id = 1720818, remain = -61, size = 3
force_push: msg_id = 1720898, remain = -61, size = 3
force_push: msg_id = 1720978, remain = -61, size = 3
force_push: msg_id = 1721058, remain = -61, size = 3
force_push: msg_id = 1721138, remain = -61, size = 3
force_push: msg_id = 1721217, remain = -61, size = 3
force_push: msg_id = 1721297, remain = -61, size = 3
force_push: msg_id = 1721377, remain = -61, size = 3
force_push: msg_id = 1721457, remain = -61, size = 3
force_push: msg_id = 1721533, remain = -61, size = 3
force_push: msg_id = 1721613, remain = -61, size = 3
force_push: msg_id = 1721691, remain = -61, size = 3
force_push: msg_id = 1721767, remain = -61, size = 3
force_push: msg_id = 1721848, remain = -61, size = 3
force_push: msg_id = 1721928, remain = -61, size = 3
force_push: msg_id = 1722008, remain = -61, size = 3
force_push: msg_id = 1722087, remain = -61, size = 3
force_push: msg_id = 1722166, remain = -61, size = 3
force_push: msg_id = 1722246, remain = -61, size = 3
force_push: msg_id = 1722325, remain = -61, size = 3
force_push: msg_id = 1722403, remain = -61, size = 3
force_push: msg_id = 1722483, remain = -61, size = 3
force_push: msg_id = 1722563, remain = -61, size = 3
force_push: msg_id = 1722644, remain = -61, size = 3
force_push: msg_id = 1722724, remain = -61, size = 3
force_push: msg_id = 1722804, remain = -61, size = 3
force_push: msg_id = 1722884, remain = -61, size = 3
force_push: msg_id = 1722964, remain = -61, size = 3
force_push: msg_id = 1723044, remain = -61, size = 3
force_push: msg_id = 1723124, remain = -61, size = 3
force_push: msg_id = 1723204, remain = -61, size = 3
force_push: msg_id = 1723284, remain = -61, size = 3
force_push: msg_id = 1723365, remain = -61, size = 3
force_push: msg_id = 1723445, remain = -61, size = 3
force_push: msg_id = 1723525, remain = -61, size = 3
force_push: msg_id = 1723605, remain = -61, size = 3
force_push: msg_id = 1723686, remain = -61, size = 3
force_push: msg_id = 1723766, remain = -61, size = 3
force_push: msg_id = 1723846, remain = -61, size = 3
force_push: msg_id = 1723924, remain = -61, size = 3
force_push: msg_id = 1724004, remain = -61, size = 3
force_push: msg_id = 1724084, remain = -61, size = 3
force_push: msg_id = 1724164, remain = -61, size = 3
force_push: msg_id = 1724244, remain = -61, size = 3
force_push: msg_id = 1724324, remain = -61, size = 3
force_push: msg_id = 1724402, remain = -61, size = 3
force_push: msg_id = 1724478, remain = -61, size = 3
force_push: msg_id = 1724555, remain = -61, size = 3
force_push: msg_id = 1724633, remain = -61, size = 3
force_push: msg_id = 1724712, remain = -61, size = 3
force_push: msg_id = 1724792, remain = -61, size = 3
force_push: msg_id = 1724872, remain = -61, size = 3
force_push: msg_id = 1724953, remain = -61, size = 3
force_push: msg_id = 1725033, remain = -61, size = 3
force_push: msg_id = 1725111, remain = -61, size = 3
force_push: msg_id = 1725191, remain = -61, size = 3
force_push: msg_id = 1725271, remain = -61, size = 3
force_push: msg_id = 1725351, remain = -61, size = 3
force_push: msg_id = 1725430, remain = -61, size = 3
force_push: msg_id = 1725510, remain = -61, size = 3
force_push: msg_id = 1725590, remain = -61, size = 3
force_push: msg_id = 1725670, remain = -61, size = 3
force_push: msg_id = 1725750, remain = -61, size = 3
force_push: msg_id = 1725830, remain = -61, size = 3
force_push: msg_id = 1725910, remain = -61, size = 3
force_push: msg_id = 1725990, remain = -61, size = 3
force_push: msg_id = 1726070, remain = -61, size = 3
force_push: msg_id = 1726150, remain = -61, size = 3
force_push: msg_id = 1726230, remain = -61, size = 3
force_push: msg_id = 1726310, remain = -61, size = 3
force_push: msg_id = 1726390, remain = -61, size = 3
force_push: msg_id = 1726471, remain = -61, size = 3
force_push: msg_id = 1726548, remain = -61, size = 3
force_push: msg_id = 1726628, remain = -61, size = 3
force_push: msg_id = 1726708, remain = -61, size = 3
force_push: msg_id = 1726788, remain = -61, size = 3
force_push: msg_id = 1726868, remain = -61, size = 3
force_push: msg_id = 1726947, remain = -61, size = 3
force_push: msg_id = 1727023, remain 