Read file config.yml
Running executor...
Loaded function exp00_back. lib_load_elasped: 311, func_load_elasped: 4
Loaded function exp00_front. lib_load_elasped: 128, func_load_elasped: 1
force_push: msg_id = 1689871, remain = 344, size = 64
Send to executer failed.force_push: msg_id = 1690014, remain = -61, size = 3
force_push: msg_id = 1690073, remain = -61, size = 3
force_push: msg_id = 1690161, remain = -61, size = 3
force_push: msg_id = 1690254, remain = -61, size = 3
force_push: msg_id = 1690332, remain = -61, size = 3
force_push: msg_id = 1690427, remain = -61, size = 3
force_push: msg_id = 1690511, remain = -61, size = 3
force_push: msg_id = 1690595, remain = -61, size = 3
force_push: msg_id = 1690680, remain = -61, size = 3
force_push: msg_id = 1690763, remain = -61, size = 3
force_push: msg_id = 1690847, remain = -61, size = 3
force_push: msg_id = 1690925, remain = -61, size = 3
force_push: msg_id = 1691009, remain = -61, size = 3
force_push: msg_id = 1691091, remain = -61, size = 3
force_push: msg_id = 1691172, remain = -61, size = 3
force_push: msg_id = 1691254, remain = -61, size = 3
force_push: msg_id = 1691326, remain = -61, size = 3
force_push: msg_id = 1691407, remain = -61, size = 3
force_push: msg_id = 1691487, remain = -61, size = 3
force_push: msg_id = 1691568, remain = -61, size = 3
force_push: msg_id = 1691638, remain = -61, size = 3
force_push: msg_id = 1691716, remain = -61, size = 3
force_push: msg_id = 1691796, remain = -61, size = 3
force_push: msg_id = 1691882, remain = -61, size = 3
force_push: msg_id = 1691951, remain = -61, size = 3
force_push: msg_id = 1692031, remain = -61, size = 3
force_push: msg_id = 1692111, remain = -61, size = 3
force_push: msg_id = 1692191, remain = -61, size = 3
force_push: msg_id = 1692269, remain = -61, size = 3
force_push: msg_id = 1692348, remain = -61, size = 3
force_push: msg_id = 1692430, remain = -61, size = 3
force_push: msg_id = 1692508, remain = -61, size = 3
force_push: msg_id = 1692589, remain = -61, size = 3
force_push: msg_id = 1692671, remain = -61, size = 3
force_push: msg_id = 1692751, remain = -61, size = 3
force_push: msg_id = 1692833, remain = -61, size = 3
force_push: msg_id = 1692917, remain = -61, size = 3
force_push: msg_id = 1693000, remain = -61, size = 3
force_push: msg_id = 1693083, remain = -61, size = 3
force_push: msg_id = 1693166, remain = -61, size = 3
force_push: msg_id = 1693247, remain = -61, size = 3
force_push: msg_id = 1693327, remain = -61, size = 3
force_push: msg_id = 1693411, remain = -61, size = 3
force_push: msg_id = 1693491, remain = -61, size = 3
force_push: msg_id = 1693576, remain = -61, size = 3
force_push: msg_id = 1693657, remain = -61, size = 3
force_push: msg_id = 1693737, remain = -61, size = 3
force_push: msg_id = 1693817, remain = -61, size = 3
force_push: msg_id = 1693899, remain = -61, size = 3
force_push: msg_id = 1693979, remain = -61, size = 3
force_push: msg_id = 1694060, remain = -61, size = 3
force_push: msg_id = 1694139, remain = -61, size = 3
force_push: msg_id = 1694222, remain = -61, size = 3
force_push: msg_id = 1694302, remain = -61, size = 3
force_push: msg_id = 1694385, remain = -61, size = 3
force_push: msg_id = 1694466, remain = -61, size = 3
force_push: msg_id = 1694546, remain = -61, size = 3
force_push: msg_id = 1694626, remain = -61, size = 3
force_push: msg_id = 1694707, remain = -61, size = 3
force_push: msg_id = 1694787, remain = -61, size = 3
force_push: msg_id = 1694870, remain = -61, size = 3
force_push: msg_id = 1694951, remain = -61, size = 3
force_push: msg_id = 1695034, remain = -61, size = 3
force_push: msg_id = 1695114, remain = -61, size = 3
force_push: msg_id = 1695194, remain = -61, size = 3
force_push: msg_id = 1695275, remain = -61, size = 3
force_push: msg_id = 1695355, remain = -61, size = 3
force_push: msg_id = 1695435, remain = -61, size = 3
force_push: msg_id = 1695519, remain = -61, size = 3
force_push: msg_id = 1695601, remain = -61, size = 3
force_push: msg_id = 1695681, remain = -61, size = 3
force_push: msg_id = 1695762, remain = -61, size = 3
force_push: msg_id = 1695843, remain = -61, size = 3
force_push: msg_id = 1695925, remain = -61, size = 3
force_push: msg_id = 1696008, remain = -61, size = 3
force_push: msg_id = 1696091, remain = -61, size = 3
force_push: msg_id = 1696178, remain = -61, size = 3
force_push: msg_id = 1696258, remain = -61, size = 3
force_push: msg_id = 1696342, remain = -61, size = 3
force_push: msg_id = 1696424, remain = -61, size = 3
force_push: msg_id = 1696505, remain = -61, size = 3
force_push: msg_id = 1696590, remain = -61, size = 3
force_push: msg_id = 1696671, remain = -61, size = 3
force_push: msg_id = 1696745, remain = -61, size = 3
force_push: msg_id = 1696829, remain = -61, size = 3
force_push: msg_id = 1696912, remain = -61, size = 3
force_push: msg_id = 1696988, remain = -61, size = 3
force_push: msg_id = 1697073, remain = -61, size = 3
force_push: msg_id = 1697156, remain = -61, size = 3
force_push: msg_id = 1697237, remain = -61, size = 3
force_push: msg_id = 1697318, remain = -61, size = 3
force_push: msg_id = 1697401, remain = -61, size = 3
force_push: msg_id = 1697482, remain = -61, size = 3
force_push: msg_id = 1697564, remain = -61, size = 3
force_push: msg_id = 1697643, remain = -61, size = 3
force_push: msg_id = 1697725, remain = -61, size = 3
force_push: msg_id = 1697804, remain = -61, size = 3
force_push: msg_id = 1697888, remain = -61, size = 3
force_push: msg_id = 1697969, remain = -61, size = 3
force_push: msg_id = 1698050, remain = -61, size = 3
force_push: msg_id = 1698136, remain = -61, size = 3
force_push: msg_id = 1698218, remain = -61, size = 3
force_push: msg_id = 1698299, remain = -61, size = 3
force_push: msg_id = 1698380, remain = -61, size = 3
force_push: msg_id = 1698461, remain = -61, size = 3
force_push: msg_id = 1698542, remain = -61, size = 3
force_push: msg_id = 1698624, remain = -61, size = 3
force_push: msg_id = 1698705, remain = -61, size = 3
force_push: msg_id = 1698786, remain = -61, size = 3
force_push: msg_id = 1698868, remain = -61, size = 3
force_push: msg_id = 1698955, remain = -61, size = 3
force_push: msg_id = 1699036, remain = -61, size = 3
force_push: msg_id = 1699118, remain = -61, size = 3
force_push: msg_id = 1699200, remain = -61, size = 3
force_push: msg_id = 1699286, remain = -61, size = 3
force_push: msg_id = 1699369, remain = -61, size = 3
force_push: msg_id = 1699448, remain = -61, size = 3
force_push: msg_id = 1699529, remain = -61, size = 3
force_push: msg_id = 1699609, remain = -61, size = 3
force_push: msg_id = 1699690, remain = -61, size = 3
force_push: msg_id = 1699772, remain = -61, size = 3
force_push: msg_id = 1699853, remain = -61, size = 3
force_push: msg_id = 1699935, remain = -61, size = 3
force_push: msg_id = 1700017, remain = -61, size = 3
force_push: msg_id = 1700096, remain = -61, size = 3
force_push: msg_id = 1700177, remain = -61, size = 3
force_push: msg_id = 1700260, remain = -61, size = 3
force_push: msg_id = 1700340, remain = -61, size = 3
force_push: msg_id = 1700420, remain = -61, size = 3
force_push: msg_id = 1700499, remain = -61, size = 3
force_push: msg_id = 1700581, remain = -61, size = 3
force_push: msg_id = 1700661, remain = -61, size = 3
force_push: msg_id = 1700744, remain = -61, size = 3
force_push: msg_id = 1700827, remain = -61, size = 3
force_push: msg_id = 1700908, remain = -61, size = 3
force_push: msg_id = 1700992, remain = -61, size = 3
force_push: msg_id = 1701072, remain = -61, size = 3
force_push: msg_id = 1701151, remain = -61, size = 3
force_push: msg_id = 1701232, remain = -61, size = 3
force_push: msg_id = 1701315, remain = -61, size = 3
force_push: msg_id = 1701395, remain = -61, size = 3
force_push: msg_id = 1701477, remain = -61, size = 3
force_push: msg_id = 1701561, remain = -61, size = 3
force_push: msg_id = 1701637, remain = -61, size = 3
force_push: msg_id = 1701720, remain = -61, size = 3
force_push: msg_id = 1701803, remain = -61, size = 3
force_push: msg_id = 1701887, remain = -61, size = 3
force_push: msg_id = 1701967, remain = -61, size = 3
force_push: msg_id = 1702046, remain = -61, size = 3
force_push: msg_id = 1702132, remain = -61, size = 3
force_push: msg_id = 1702214, remain = -61, size = 3
force_push: msg_id = 1702298, remain = -61, size = 3
force_push: msg_id = 1702382, remain = -61, size = 3
force_push: msg_id = 1702455, remain = -61, size = 3
force_push: msg_id = 1702543, remain = -61, size = 3
force_push: msg_id = 1702626, remain = -61, size = 3
force_push: msg_id = 1702707, remain = -61, size = 3
force_push: msg_id = 1702788, remain = -61, size = 3
force_push: msg_id = 1702871, remain = -61, size = 3
force_push: msg_id = 1702952, remain = -61, size = 3
force_push: msg_id = 1703032, remain = -61, size = 3
force_push: msg_id = 1703114, remain = -61, size = 3
force_push: msg_id = 1703195, remain = -61, size = 3
force_push: msg_id = 1703277, remain = -61, size = 3
force_push: msg_id = 1703357, remain = -61, size = 3
force_push: msg_id = 1703441, remain = -61, size = 3
force_push: msg_id = 1703520, remain = -61, size = 3
force_push: msg_id = 1703600, remain = -61, size = 3
force_push: msg_id = 1703685, remain = -61, size = 3
force_push: msg_id = 1703767, remain = -61, size = 3
force_push: msg_id = 1703849, remain = -61, size = 3
force_push: msg_id = 1703933, remain = -61, size = 3
force_push: msg_id = 1704016, remain = -61, size = 3
force_push: msg_id = 1704094, remain = -61, size = 3
force_push: msg_id = 1704178, remain = -61, size = 3
force_push: msg_id = 1704260, remain = -61, size = 3
force_push: msg_id = 1704339, remain = -61, size = 3
force_push: msg_id = 1704421, remain = -61, size = 3
force_push: msg_id = 1704507, remain = -61, size = 3
force_push: msg_id = 1704585, remain = -61, size = 3
force_push: msg_id = 1704673, remain = -61, size = 3
force_push: msg_id = 1704755, remain = -61, size = 3
force_push: msg_id = 1704838, remain = -61, size = 3
force_push: msg_id = 1704918, remain = -61, size = 3
force_push: msg_id = 1705003, remain = -61, size = 3
force_push: msg_id = 1705085, remain = -61, size = 3
force_push: msg_id = 1705165, remain = -61, size = 3
force_push: msg_id = 1705248, remain = -61, size = 3
force_push: msg_id = 1705330, remain = -61, size = 3
force_push: msg_id = 1705410, remain = -61, size = 3
force_push: msg_id = 1705494, remain = -61, size = 3
force_push: msg_id = 1705576, remain = -61, size = 3
force_push: msg_id = 1705657, remain = -61, size = 3
force_push: msg_id = 1705738, remain = -61, size = 3
force_push: msg_id = 1705819, remain = -61, size = 3
force_push: msg_id = 1705901, remain = -61, size = 3
force_push: msg_id = 1705982, remain = -61, size = 3
force_push: msg_id = 1706063, remain = -61, size = 3
force_push: msg_id = 1706146, remain = -61, size = 3
force_push: msg_id = 1706231, remain = -61, size = 3
force_push: msg_id = 1706313, remain = -61, size = 3
force_push: msg_id = 1706394, remain = -61, size = 3
force_push: msg_id = 1706476, remain = -61, size = 3
force_push: msg_id = 1706557, remain = -61, size = 3
force_push: msg_id = 1706637, remain = -61, size = 3
force_push: msg_id = 1706720, remain = -61, size = 3
force_push: msg_id = 1706804, remain = -61, size = 3
force_push: msg_id = 1706884, remain = -61, size = 3
force_push: msg_id = 1706968, remain = -61, size = 3
force_push: msg_id = 1707051, remain = -61, size = 3
force_push: msg_id = 1707131, remain = -61, size = 3
force_push: msg_id = 1707213, remain = -61, size = 3
force_push: msg_id = 1707298, remain = -61, size = 3
force_push: msg_id = 1707379, remain = -61, size = 3
force_push: msg_id = 1707463, remain = -61, size = 3
force_push: msg_id = 1707548, remain = -61, size = 3
force_push: msg_id = 1707630, remain = -61, size = 3
force_push: msg_id = 1707712, remain = -61, size = 3
force_push: msg_id = 1707791, remain = -61, size = 3
force_push: msg_id = 1707873, remain = -61, size = 3
force_push: msg_id = 1707951, remain = -61, size = 3
force_push: msg_id = 1708032, remain = -61, size = 3
force_push: msg_id = 1708111, remain = -61, size = 3
force_push: msg_id = 1708191, remain = -61, size = 3
force_push: msg_id = 1708271, remain = -61, size = 3
force_push: msg_id = 1708351, remain = -61, size = 3
force_push: msg_id = 1708429, remain = -61, size = 3
force_push: msg_id = 1708509, remain = -61, size = 3
force_push: msg_id = 1708587, remain = -61, size = 3
force_push: msg_id = 1708667, remain = -61, size = 3
force_push: msg_id = 1708747, remain = -61, size = 3
force_push: msg_id = 1708827, remain = -61, size = 3
force_push: msg_id = 1708907, remain = -61, size = 3
force_push: msg_id = 1708987, remain = -61, size = 3
force_push: msg_id = 1709067, remain = -61, size = 3
force_push: msg_id = 1709147, remain = -61, size = 3
force_push: msg_id = 1709227, remain = -61, size = 3
force_push: msg_id = 1709307, remain = -61, size = 3
force_push: msg_id = 1709387, remain = -61, size = 3
force_push: msg_id = 1709467, remain = -61, size = 3
force_push: msg_id = 1709545, remain = -61, size = 3
force_push: msg_id = 1709625, remain = -61, size = 3
force_push: msg_id = 1709705, remain = -61, size = 3
force_push: msg_id = 1709783, remain = -61, size = 3
force_push: msg_id = 1709863, remain = -61, size = 3
force_push: msg_id = 1709943, remain = -61, size = 3
force_push: msg_id = 1710024, remain = -61, size = 3
force_push: msg_id = 1710104, remain = -61, size = 3
force_push: msg_id = 1710184, remain = -61, size = 3
force_push: msg_id = 1710264, remain = -61, size = 3
force_push: msg_id = 1710344, remain = -61, size = 3
force_push: msg_id = 1710424, remain = -61, size = 3
force_push: msg_id = 1710504, remain = -61, size = 3
force_push: msg_id = 1710585, remain = -61, size = 3
force_push: msg_id = 1710665, remain = -61, size = 3
force_push: msg_id = 1710745, remain = -61, size = 3
force_push: msg_id = 1710823, remain = -61, size = 3
force_push: msg_id = 1710903, remain = -61, size = 3
force_push: msg_id = 1710979, remain = -61, size = 3
force_push: msg_id = 1711058, remain = -61, size = 3
force_push: msg_id = 1711138, remain = -61, size = 3
force_push: msg_id = 1711217, remain = -61, size = 3
force_push: msg_id = 1711297, remain = -61, size = 3
force_push: msg_id = 1711376, remain = -61, size = 3
force_push: msg_id = 1711452, remain = -61, size = 3
force_push: msg_id = 1711532, remain = -61, size = 3
force_push: msg_id = 1711612, remain = -61, size = 3
force_push: msg_id = 1711692, remain = -61, size = 3
force_push: msg_id = 1711773, remain = -61, size = 3
force_push: msg_id = 1711853, remain = -61, size = 3
force_push: msg_id = 1711933, remain = -61, size = 3
force_push: msg_id = 1712013, remain = -61, size = 3
force_push: msg_id = 1712093, remain = -61, size = 3
force_push: msg_id = 1712173, remain = -61, size = 3
force_push: msg_id = 1712254, remain = -61, size = 3
force_push: msg_id = 1712334, remain = -61, size = 3
force_push: msg_id = 1712414, remain = -61, size = 3
force_push: msg_id = 1712494, remain = -61, size = 3
force_push: msg_id = 1712574, remain = -61, size = 3
force_push: msg_id = 1712654, remain = -61, size = 3
force_push: msg_id = 1712734, remain = -61, size = 3
force_push: msg_id = 1712814, remain = -61, size = 3
force_push: msg_id = 1712894, remain = -61, size = 3
force_push: msg_id = 1712974, remain = -61, size = 3
force_push: msg_id = 1713054, remain = -61, size = 3
force_push: msg_id = 1713134, remain = -61, size = 3
force_push: msg_id = 1713214, remain = -61, size = 3
force_push: msg_id = 1713294, remain = -61, size = 3
force_push: msg_id = 1713374, remain = -61, size = 3
force_push: msg_id = 1713454, remain = -61, size = 3
force_push: msg_id = 1713534, remain = -61, size = 3
force_push: msg_id = 1713614, remain = -61, size = 3
force_push: msg_id = 1713692, remain = -61, size = 3
force_push: msg_id = 1713772, remain = -61, size = 3
force_push: msg_id = 1713852, remain = -61, size = 3
force_push: msg_id = 1713930, remain = -61, size = 3
force_push: msg_id = 1714010, remain = -61, size = 3
force_push: msg_id = 1714089, remain = -61, size = 3
force_push: msg_id = 1714168, remain = -61, size = 3
force_push: msg_id = 1714244, remain = -61, size = 3
force_push: msg_id = 1714324, remain = -61, size = 3
force_push: msg_id = 1714403, remain = -61, size = 3
force_push: msg_id = 1714482, remain = -61, size = 3
force_push: msg_id = 1714562, remain = -61, size = 3
force_push: msg_id = 1714642, remain = -61, size = 3
force_push: msg_id = 1714722, remain = -61, size = 3
force_push: msg_id = 1714802, remain = -61, size = 3
force_push: msg_id = 1714882, remain = -61, size = 3
force_push: msg_id = 1714962, remain = -61, size = 3
force_push: msg_id = 1715042, remain = -61, size = 3
force_push: msg_id = 1715122, remain = -61, size = 3
force_push: msg_id = 1715202, remain = -61, size = 3
force_push: msg_id = 1715282, remain = -61, size = 3
force_push: msg_id = 1715360, remain = -61, size = 3
force_push: msg_id = 1715440, remain = -61, size = 3
force_push: msg_id = 1715520, remain = -61, size = 3
force_push: msg_id = 1715600, remain = -61, size = 3
force_push: msg_id = 1715680, remain = -61, size = 3
force_push: msg_id = 1715758, remain = -61, size = 3
force_push: msg_id = 1715838, remain = -61, size = 3
force_push: msg_id = 1715918, remain = -61, size = 3
force_push: msg_id = 1715998, remain = -61, size = 3
force_push: msg_id = 1716078, remain = -61, size = 3
force_push: msg_id = 1716158, remain = -61, size = 3
force_push: msg_id = 1716239, remain = -61, size = 3
force_push: msg_id = 1716319, remain = -61, size = 3
force_push: msg_id = 1716399, remain = -61, size = 3
force_push: msg_id = 1716478, remain = -61, size = 3
force_push: msg_id = 1716557, remain = -61, size = 3
force_push: msg_id = 1716637, remain = -61, size = 3
force_push: msg_id = 1716717, remain = -61, size = 3
force_push: msg_id = 1716795, remain = -61, size = 3
force_push: msg_id = 1716875, remain = -61, size = 3
force_push: msg_id = 1716955, remain = -61, size = 3
force_push: msg_id = 1717035, remain = -61, size = 3
force_push: msg_id = 1717113, remain = -61, size = 3
force_push: msg_id = 1717193, remain = -61, size = 3
force_push: msg_id = 1717271, remain = -61, size = 3
force_push: msg_id = 1717349, remain = -61, size = 3
force_push: msg_id = 1717427, remain = -61, size = 3
force_push: msg_id = 1717507, remain = -61, size = 3
force_push: msg_id = 1717587, remain = -61, size = 3
force_push: msg_id = 1717667, remain = -61, size = 3
force_push: msg_id = 1717747, remain = -61, size = 3
force_push: msg_id = 1717827, remain = -61, size = 3
force_push: msg_id = 1717905, remain = -61, size = 3
force_push: msg_id = 1717985, remain = -61, size = 3
force_push: msg_id = 1718065, remain = -61, size = 3
force_push: msg_id = 1718144, remain = -61, size = 3
force_push: msg_id = 1718224, remain = -61, size = 3
force_push: msg_id = 1718304, remain = -61, size = 3
force_push: msg_id = 1718384, remain = -61, size = 3
force_push: msg_id = 1718464, remain = -61, size = 3
force_push: msg_id = 1718544, remain = -61, size = 3
force_push: msg_id = 1718625, remain = -61, size = 3
force_push: msg_id = 1718705, remain = -61, size = 3
force_push: msg_id = 1718785, remain = -61, size = 3
force_push: msg_id = 1718865, remain = -61, size = 3
force_push: msg_id = 1718944, remain = -61, size = 3
force_push: msg_id = 1719024, remain = -61, size = 3
force_push: msg_id = 1719105, remain = -61, size = 3
force_push: msg_id = 1719185, remain = -61, size = 3
force_push: msg_id = 1719265, remain = -61, size = 3
force_push: msg_id = 1719345, remain = -61, size = 3
force_push: msg_id = 1719425, remain = -61, size = 3
force_push: msg_id = 1719505, remain = -61, size = 3
force_push: msg_id = 1719585, remain = -61, size = 3
force_push: msg_id = 1719663, remain = -61, size = 3
force_push: msg_id = 1719743, remain = -61, size = 3
force_push: msg_id = 1719823, remain = -61, size = 3
force_push: msg_id = 1719903, remain = -61, size = 3
force_push: msg_id = 1719983, remain = -61, size = 3
force_push: msg_id = 1720061, remain = -61, size = 3
force_push: msg_id = 1720137, remain = -61, size = 3
force_push: msg_id = 1720215, remain = -61, size = 3
force_push: msg_id = 1720295, remain = -61, size = 3
force_push: msg_id = 1720375, remain = -61, size = 3
force_push: msg_id = 1720455, remain = -61, size = 3
force_push: msg_id = 1720535, remain = -61, size = 3
force_push: msg_id = 1720615, remain = -61, size = 3
force_push: msg_id = 1720696, remain = -61, size = 3
force_push: msg_id = 1720776, remain = -61, size = 3
force_push: msg_id = 1720856, remain = -61, size = 3
force_push: msg_id = 1720934, remain = -61, size = 3
force_push: msg_id = 1721012, remain = -61, size = 3
force_push: msg_id = 1721092, remain = -61, size = 3
force_push: msg_id = 1721172, remain = -61, size = 3
force_push: msg_id = 1721252, remain = -61, size = 3
force_push: msg_id = 1721332, remain = -61, size = 3
force_push: msg_id = 1721412, remain = -61, size = 3
force_push: msg_id = 1721492, remain = -61, size = 3
force_push: msg_id = 1721572, remain = -61, size = 3
force_push: msg_id = 1721652, remain = -61, size = 3
force_push: msg_id = 1721732, remain = -61, size = 3
force_push: msg_id = 1721812, remain = -61, size = 3
force_push: msg_id = 1721893, remain = -61, size = 3
force_push: msg_id = 1721973, remain = -61, size = 3
force_push: msg_id = 1722053, remain = -61, size = 3
force_push: msg_id = 1722133, remain = -61, size = 3
force_push: msg_id = 1722213, remain = -61, size = 3
force_push: msg_id = 1722293, remain = -61, size = 3
force_push: msg_id = 1722373, remain = -61, size = 3
force_push: msg_id = 1722453, remain = -61, size = 3
force_push: msg_id = 1722533, remain = -61, size = 3
force_push: msg_id = 1722613, remain = -61, size = 3
force_push: msg_id = 1722692, remain = -61, size = 3
force_push: msg_id = 1722772, remain = -61, size = 3
force_push: msg_id = 1722852, remain = -61, size = 3
force_push: msg_id = 1722929, remain = -61, size = 3
force_push: msg_id = 1723007, remain = -61, size = 3
force_push: msg_id = 1723085, remain = -61, size = 3
force_push: msg_id = 1723163, remain = -61, size = 3
force_push: msg_id = 1723243, remain = -61, size = 3
force_push: msg_id = 1723323, remain = -61, size = 3
force_push: msg_id = 1723403, remain = -61, size = 3
force_push: msg_id = 1723483, remain = -61, size = 3
force_push: msg_id = 1723563, remain = -61, size = 3
force_push: msg_id = 1723643, remain = -61, size = 3
force_push: msg_id = 1723724, remain = -61, size = 3
force_push: msg_id = 1723800, remain = -61, size = 3
force_push: msg_id = 1723878, remain = -61, size = 3
force_push: msg_id = 1723958, remain = -61, size = 3
force_push: msg_id = 1724038, remain = -61, size = 3
force_push: msg_id = 1724118, remain = -61, size = 3
force_push: msg_id = 1724198, remain = -61, size = 3
force_push: msg_id = 1724278, remain = -61, size = 3
force_push: msg_id = 1724358, remain = -61, size = 3
force_push: msg_id = 1724438, remain = -61, size = 3
force_push: msg_id = 1724518, remain = -61, size = 3
force_push: msg_id = 1724598, remain = -61, size = 3
force_push: msg_id = 1724678, remain = -61, size = 3
force_push: msg_id = 1724758, remain = -61, size = 3
force_push: msg_id = 1724837, remain = -61, size = 3
force_push: msg_id = 1724917, remain = -61, size = 3
force_push: msg_id = 1724997, remain = -61, size = 3
force_push: msg_id = 1725077, remain = -61, size = 3
force_push: msg_id = 1725157, remain = -61, size = 3
force_push: msg_id = 1725235, remain = -61, size = 3
force_push: msg_id = 1725315, remain = -61, size = 3
force_push: msg_id = 1725395, remain = -61, size = 3
force_push: msg_id = 1725475, remain = -61, size = 3
force_push: msg_id = 1725555, remain = -61, size = 3
force_push: msg_id = 1725635, remain = -61, size = 3
force_push: msg_id = 1725715, remain = -61, size = 3
force_push: msg_id = 1725795, remain = -61, size = 3
force_push: msg_id = 1725871, remain = -61, size = 3
force_push: msg_id = 1725949, remain = -61, size = 3
force_push: msg_id = 1726029, remain = -61, size = 3
force_push: msg_id = 1726107, remain = -61, size = 3
force_push: msg_id = 1726187, remain = -61, size = 3
force_push: msg_id = 1726265, remain = -61, size = 3
force_push: msg_id = 1726344, remain = -61, size = 3
force_push: msg_id = 1726424, remain = -61, size = 3
force_push: msg_id = 1726505, remain = -61, size = 3
force_push: msg_id = 1726585, remain = -61, size = 3
force_push: msg_id = 1726661, remain = -61, size = 3
force_push: msg_id = 1726741, remain = -61, size = 3
force_push: msg_id = 1726821, remain = -61, size = 3
force_push: msg_id = 1726900, remain = -61, size = 3
force_push: msg_id = 1726980, remain = -61, size = 3
force_push: msg_id = 1727060, remain = -61, size = 3
force_push: msg_id = 1727140, remain = -61, size = 3
force_push: msg_id = 1727220, remain = -61, size = 3
force_push: msg_id = 1727300, remain = -61, size = 3
force_push: msg_id = 1727380, remain = -61, size = 3
force_push: msg_id = 1727460, remain = -61, size = 3
force_push: msg_id = 1727540, remain = -61, size = 3
force_push: msg_id = 1727620, remain = -61, size = 3
force_push: msg_id = 1727700, remain = -61, size = 3
force_push: msg_id = 1727781, remain = -61, size = 3
force_push: msg_id = 1727861, remain = -61, size = 3
force_push: msg_id = 1727938, remain = -61, size = 3
force_push: msg_id = 1728018, remain = -61, size = 3
force_push: msg_id = 1728098, remain = -61, size = 3
force_push: msg_id = 1728178, remain = -61, size = 3
force_push: msg_id = 1728258, remain = -61, size = 3
force_push: msg_id = 1728337, remain = -61, size = 3
force_push: msg_id = 1728418, remain = -61, size = 3
force_push: msg_id = 1728498, remain = -61, size = 3
force_push: msg_id = 1728578, remain = -61, size = 3
force_push: msg_id = 1728658, remain = -61, size = 3
force_push: msg_id = 1728738, remain = -61, size = 3
force_push: msg_id = 1728816, remain = -61, size = 3
force_push: msg_id = 1728894, remain = -61, size = 3
force_push: msg_id = 1728974, remain = -61, size = 3
force_push: msg_id = 1729052, remain = -61, size = 3
force_push: msg_id = 1729132, remain = -61, size = 3
force_push: msg_id = 1729212, remain = -61, size = 3
force_push: msg_id = 1729290, remain = -61, size = 3
force_push: msg_id = 1729369, remain = -61, size = 3
force_push: msg_id = 1729448, remain = -61, size = 3
force_push: msg_id = 1729526, remain = -61, size = 3
force_push: msg_id = 1729606, remain = -61, size = 3
force_push: msg_id = 1729687, remain = -61, size = 3
force_push: msg_id = 1729766, remain = -61, size = 3
force_push: msg_id = 1729843, remain = -61, size = 3
force_push: msg_id = 1729921, remain = -61, size = 3
force_push: msg_id = 1730001, remain = -61, size = 3
force_push: msg_id = 1730081, remain = -61, size = 3
force_push: msg_id = 1730161, remain = -61, size = 3
force_push: msg_id = 1730241, remain = -61, size = 3
force_push: msg_id = 1730320, remain = -61, size = 3
force_push: msg_id = 1730399, remain = -61, size = 3
force_push: msg_id = 1730479, remain = -61, size = 3
force_push: msg_id = 1730559, remain = -61, size = 3
force_push: msg_id = 1730639, remain = -61, size = 3
force_push: msg_id = 1730719, remain = -61, size = 3
force_push: msg_id = 1730799, remain = -61, size = 3
force_push: msg_id = 1730879, remain = -61, size = 3
force_push: msg_id = 1730959, remain = -61, size = 3
force_push: msg_id = 1731039, remain = -61, size = 3
force_push: msg_id = 1731119, remain = -61, size = 3
force_push: msg_id = 1731199, remain = -61, size = 3
force_push: msg_id = 1731279, remain = -61, size = 3
force_push: msg_id = 1731359, remain = -61, size = 3
force_push: msg_id = 1731439, remain = -61, size = 3
force_push: msg_id = 1731519, remain = -61, size = 3
force_push: msg_id = 1731599, remain = -61, size = 3
force_push: msg_id = 1731679, remain = -61, size = 3
force_push: msg_id = 1731759, remain = -61, size = 3
force_push: msg_id = 1731839, remain = -61, size = 3
force_push: msg_id = 1731919, remain = -61, size = 3
force_push: msg_id = 1731997, remain = -61, size = 3
force_push: msg_id = 1732077, remain = -61, size = 3
force_push: msg_id = 1732156, remain = -61, size = 3
force_push: msg_id = 1732235, remain = -61, size = 3
force_push: msg_id = 1732311, remain = -61, size = 3
force_push: msg_id = 1732390, remain = -61, size = 3
force_push: msg_id = 1732469, remain = -61, size = 3
force_push: msg_id = 1732550, remain = -61, size = 3
force_push: msg_id = 1732626, remain = -61, size = 3
force_push: msg_id = 1732706, remain = -61, size = 3
force_push: msg_id = 1732784, remain = -61, size = 3
force_push: msg_id = 1732864, remain = -61, size = 3
force_push: msg_id = 1732944, remain = -61, size = 3
force_push: msg_id = 1733024, remain = -61, size = 3
force_push: msg_id = 1733104, remain = -61, size = 3
force_push: msg_id = 1733183, remain = -61, size = 3
force_push: msg_id = 1733263, remain = -61, size = 3
force_push: msg_id = 1733343, remain = -61, size = 3
force_push: msg_id = 1733422, remain = -61, size = 3