Read file config.yml
Running executor...
Loaded function exp00_back. lib_load_elasped: 160, func_load_elasped: 2
Loaded function exp00_front. lib_load_elasped: 155, func_load_elasped: 1
force_push: msg_id = 1689575, remain = 150, size = 64
Send to executer failed.force_push: msg_id = 1690012, remain = -61, size = 3
force_push: msg_id = 1690067, remain = -61, size = 3
force_push: msg_id = 1690148, remain = -61, size = 3
force_push: msg_id = 1690232, remain = -61, size = 3
force_push: msg_id = 1690318, remain = -61, size = 3
force_push: msg_id = 1690403, remain = -61, size = 3
force_push: msg_id = 1690489, remain = -61, size = 3
force_push: msg_id = 1690570, remain = -61, size = 3
force_push: msg_id = 1690650, remain = -61, size = 3
force_push: msg_id = 1690734, remain = -61, size = 3
force_push: msg_id = 1690818, remain = -61, size = 3
force_push: msg_id = 1690902, remain = -61, size = 3
force_push: msg_id = 1690985, remain = -61, size = 3
force_push: msg_id = 1691068, remain = -61, size = 3
force_push: msg_id = 1691150, remain = -61, size = 3
force_push: msg_id = 1691230, remain = -61, size = 3
force_push: msg_id = 1691311, remain = -61, size = 3
force_push: msg_id = 1691391, remain = -61, size = 3
force_push: msg_id = 1691471, remain = -61, size = 3
force_push: msg_id = 1691549, remain = -61, size = 3
force_push: msg_id = 1691629, remain = -61, size = 3
force_push: msg_id = 1691709, remain = -61, size = 3
force_push: msg_id = 1691789, remain = -61, size = 3
force_push: msg_id = 1691869, remain = -61, size = 3
force_push: msg_id = 1691949, remain = -61, size = 3
force_push: msg_id = 1692029, remain = -61, size = 3
force_push: msg_id = 1692110, remain = -61, size = 3
force_push: msg_id = 1692189, remain = -61, size = 3
force_push: msg_id = 1692271, remain = -61, size = 3
force_push: msg_id = 1692354, remain = -61, size = 3
force_push: msg_id = 1692438, remain = -61, size = 3
force_push: msg_id = 1692522, remain = -61, size = 3
force_push: msg_id = 1692604, remain = -61, size = 3
force_push: msg_id = 1692687, remain = -61, size = 3
force_push: msg_id = 1692771, remain = -61, size = 3
force_push: msg_id = 1692854, remain = -61, size = 3
force_push: msg_id = 1692937, remain = -61, size = 3
force_push: msg_id = 1693019, remain = -61, size = 3
force_push: msg_id = 1693101, remain = -61, size = 3
force_push: msg_id = 1693183, remain = -61, size = 3
force_push: msg_id = 1693261, remain = -61, size = 3
force_push: msg_id = 1693342, remain = -61, size = 3
force_push: msg_id = 1693428, remain = -61, size = 3
force_push: msg_id = 1693507, remain = -61, size = 3
force_push: msg_id = 1693587, remain = -61, size = 3
force_push: msg_id = 1693669, remain = -61, size = 3
force_push: msg_id = 1693749, remain = -61, size = 3
force_push: msg_id = 1693828, remain = -61, size = 3
force_push: msg_id = 1693910, remain = -61, size = 3
force_push: msg_id = 1693990, remain = -61, size = 3
force_push: msg_id = 1694071, remain = -61, size = 3
force_push: msg_id = 1694152, remain = -61, size = 3
force_push: msg_id = 1694233, remain = -61, size = 3
force_push: msg_id = 1694313, remain = -61, size = 3
force_push: msg_id = 1694391, remain = -61, size = 3
force_push: msg_id = 1694471, remain = -61, size = 3
force_push: msg_id = 1694550, remain = -61, size = 3
force_push: msg_id = 1694632, remain = -61, size = 3
force_push: msg_id = 1694716, remain = -61, size = 3
force_push: msg_id = 1694796, remain = -61, size = 3
force_push: msg_id = 1694879, remain = -61, size = 3
force_push: msg_id = 1694959, remain = -61, size = 3
force_push: msg_id = 1695039, remain = -61, size = 3
force_push: msg_id = 1695117, remain = -61, size = 3
force_push: msg_id = 1695197, remain = -61, size = 3
force_push: msg_id = 1695278, remain = -61, size = 3
force_push: msg_id = 1695359, remain = -61, size = 3
force_push: msg_id = 1695443, remain = -61, size = 3
force_push: msg_id = 1695524, remain = -61, size = 3
force_push: msg_id = 1695604, remain = -61, size = 3
force_push: msg_id = 1695685, remain = -61, size = 3
force_push: msg_id = 1695771, remain = -61, size = 3
force_push: msg_id = 1695846, remain = -61, size = 3
force_push: msg_id = 1695930, remain = -61, size = 3
force_push: msg_id = 1696017, remain = -61, size = 3
force_push: msg_id = 1696093, remain = -61, size = 3
force_push: msg_id = 1696173, remain = -61, size = 3
force_push: msg_id = 1696259, remain = -61, size = 3
force_push: msg_id = 1696339, remain = -61, size = 3
force_push: msg_id = 1696419, remain = -61, size = 3
force_push: msg_id = 1696510, remain = -61, size = 3
force_push: msg_id = 1696585, remain = -61, size = 3
force_push: msg_id = 1696666, remain = -61, size = 3
force_push: msg_id = 1696748, remain = -61, size = 3
force_push: msg_id = 1696827, remain = -61, size = 3
force_push: msg_id = 1696907, remain = -61, size = 3
force_push: msg_id = 1696992, remain = -61, size = 3
force_push: msg_id = 1697068, remain = -61, size = 3
force_push: msg_id = 1697150, remain = -61, size = 3
force_push: msg_id = 1697231, remain = -61, size = 3
force_push: msg_id = 1697313, remain = -61, size = 3
force_push: msg_id = 1697395, remain = -61, size = 3
force_push: msg_id = 1697478, remain = -61, size = 3
force_push: msg_id = 1697560, remain = -61, size = 3
force_push: msg_id = 1697639, remain = -61, size = 3
force_push: msg_id = 1697719, remain = -61, size = 3
force_push: msg_id = 1697801, remain = -61, size = 3
force_push: msg_id = 1697879, remain = -61, size = 3
force_push: msg_id = 1697964, remain = -61, size = 3
force_push: msg_id = 1698045, remain = -61, size = 3
force_push: msg_id = 1698125, remain = -61, size = 3
force_push: msg_id = 1698214, remain = -61, size = 3
force_push: msg_id = 1698292, remain = -61, size = 3
force_push: msg_id = 1698373, remain = -61, size = 3
force_push: msg_id = 1698458, remain = -61, size = 3
force_push: msg_id = 1698536, remain = -61, size = 3
force_push: msg_id = 1698616, remain = -61, size = 3
force_push: msg_id = 1698700, remain = -61, size = 3
force_push: msg_id = 1698780, remain = -61, size = 3
force_push: msg_id = 1698860, remain = -61, size = 3
force_push: msg_id = 1698940, remain = -61, size = 3
force_push: msg_id = 1699021, remain = -61, size = 3
force_push: msg_id = 1699110, remain = -61, size = 3
force_push: msg_id = 1699188, remain = -61, size = 3
force_push: msg_id = 1699274, remain = -61, size = 3
force_push: msg_id = 1699358, remain = -61, size = 3
force_push: msg_id = 1699447, remain = -61, size = 3
force_push: msg_id = 1699527, remain = -61, size = 3
force_push: msg_id = 1699606, remain = -61, size = 3
force_push: msg_id = 1699689, remain = -61, size = 3
force_push: msg_id = 1699766, remain = -61, size = 3
force_push: msg_id = 1699850, remain = -61, size = 3
force_push: msg_id = 1699930, remain = -61, size = 3
force_push: msg_id = 1700010, remain = -61, size = 3
force_push: msg_id = 1700094, remain = -61, size = 3
force_push: msg_id = 1700176, remain = -61, size = 3
force_push: msg_id = 1700257, remain = -61, size = 3
force_push: msg_id = 1700336, remain = -61, size = 3
force_push: msg_id = 1700417, remain = -61, size = 3
force_push: msg_id = 1700494, remain = -61, size = 3
force_push: msg_id = 1700574, remain = -61, size = 3
force_push: msg_id = 1700655, remain = -61, size = 3
force_push: msg_id = 1700736, remain = -61, size = 3
force_push: msg_id = 1700818, remain = -61, size = 3
force_push: msg_id = 1700900, remain = -61, size = 3
force_push: msg_id = 1700979, remain = -61, size = 3
force_push: msg_id = 1701062, remain = -61, size = 3
force_push: msg_id = 1701142, remain = -61, size = 3
force_push: msg_id = 1701223, remain = -61, size = 3
force_push: msg_id = 1701303, remain = -61, size = 3
force_push: msg_id = 1701389, remain = -61, size = 3
force_push: msg_id = 1701476, remain = -61, size = 3
force_push: msg_id = 1701557, remain = -61, size = 3
force_push: msg_id = 1701640, remain = -61, size = 3
force_push: msg_id = 1701725, remain = -61, size = 3
force_push: msg_id = 1701805, remain = -61, size = 3
force_push: msg_id = 1701886, remain = -61, size = 3
force_push: msg_id = 1701970, remain = -61, size = 3
force_push: msg_id = 1702050, remain = -61, size = 3
force_push: msg_id = 1702131, remain = -61, size = 3
force_push: msg_id = 1702218, remain = -61, size = 3
force_push: msg_id = 1702292, remain = -61, size = 3
force_push: msg_id = 1702372, remain = -61, size = 3
force_push: msg_id = 1702461, remain = -61, size = 3
force_push: msg_id = 1702539, remain = -61, size = 3
force_push: msg_id = 1702619, remain = -61, size = 3
force_push: msg_id = 1702703, remain = -61, size = 3
force_push: msg_id = 1702782, remain = -61, size = 3
force_push: msg_id = 1702865, remain = -61, size = 3
force_push: msg_id = 1702948, remain = -61, size = 3
force_push: msg_id = 1703029, remain = -61, size = 3
force_push: msg_id = 1703109, remain = -61, size = 3
force_push: msg_id = 1703193, remain = -61, size = 3
force_push: msg_id = 1703269, remain = -61, size = 3
force_push: msg_id = 1703352, remain = -61, size = 3
force_push: msg_id = 1703435, remain = -61, size = 3
force_push: msg_id = 1703514, remain = -61, size = 3
force_push: msg_id = 1703595, remain = -61, size = 3
force_push: msg_id = 1703674, remain = -61, size = 3
force_push: msg_id = 1703754, remain = -61, size = 3
force_push: msg_id = 1703830, remain = -61, size = 3
force_push: msg_id = 1703910, remain = -61, size = 3
force_push: msg_id = 1703989, remain = -61, size = 3
force_push: msg_id = 1704069, remain = -61, size = 3
force_push: msg_id = 1704149, remain = -61, size = 3
force_push: msg_id = 1704230, remain = -61, size = 3
force_push: msg_id = 1704309, remain = -61, size = 3
force_push: msg_id = 1704389, remain = -61, size = 3
force_push: msg_id = 1704470, remain = -61, size = 3
force_push: msg_id = 1704550, remain = -61, size = 3
force_push: msg_id = 1704629, remain = -61, size = 3
force_push: msg_id = 1704709, remain = -61, size = 3
force_push: msg_id = 1704788, remain = -61, size = 3
force_push: msg_id = 1704867, remain = -61, size = 3
force_push: msg_id = 1704948, remain = -61, size = 3
force_push: msg_id = 1705027, remain = -61, size = 3
force_push: msg_id = 1705105, remain = -61, size = 3
force_push: msg_id = 1705186, remain = -61, size = 3
force_push: msg_id = 1705266, remain = -61, size = 3
force_push: msg_id = 1705346, remain = -61, size = 3
force_push: msg_id = 1705426, remain = -61, size = 3
force_push: msg_id = 1705506, remain = -61, size = 3
force_push: msg_id = 1705586, remain = -61, size = 3
force_push: msg_id = 1705666, remain = -61, size = 3
force_push: msg_id = 1705746, remain = -61, size = 3
force_push: msg_id = 1705826, remain = -61, size = 3
force_push: msg_id = 1705906, remain = -61, size = 3
force_push: msg_id = 1705986, remain = -61, size = 3
force_push: msg_id = 1706066, remain = -61, size = 3
force_push: msg_id = 1706144, remain = -61, size = 3
force_push: msg_id = 1706224, remain = -61, size = 3
force_push: msg_id = 1706304, remain = -61, size = 3
force_push: msg_id = 1706382, remain = -61, size = 3
force_push: msg_id = 1706462, remain = -61, size = 3
force_push: msg_id = 1706542, remain = -61, size = 3
force_push: msg_id = 1706619, remain = -61, size = 3
force_push: msg_id = 1706699, remain = -61, size = 3
force_push: msg_id = 1706780, remain = -61, size = 3
force_push: msg_id = 1706860, remain = -61, size = 3
force_push: msg_id = 1706940, remain = -61, size = 3
force_push: msg_id = 1707019, remain = -61, size = 3
force_push: msg_id = 1707100, remain = -61, size = 3
force_push: msg_id = 1707180, remain = -61, size = 3
force_push: msg_id = 1707260, remain = -61, size = 3
force_push: msg_id = 1707340, remain = -61, size = 3
force_push: msg_id = 1707420, remain = -61, size = 3
force_push: msg_id = 1707500, remain = -61, size = 3
force_push: msg_id = 1707580, remain = -61, size = 3
force_push: msg_id = 1707661, remain = -61, size = 3
force_push: msg_id = 1707741, remain = -61, size = 3
force_push: msg_id = 1707821, remain = -61, size = 3
force_push: msg_id = 1707900, remain = -61, size = 3
force_push: msg_id = 1707980, remain = -61, size = 3
force_push: msg_id = 1708060, remain = -61, size = 3
force_push: msg_id = 1708141, remain = -61, size = 3
force_push: msg_id = 1708220, remain = -61, size = 3
force_push: msg_id = 1708301, remain = -61, size = 3
force_push: msg_id = 1708381, remain = -61, size = 3
force_push: msg_id = 1708461, remain = -61, size = 3
force_push: msg_id = 1708541, remain = -61, size = 3
force_push: msg_id = 1708621, remain = -61, size = 3
force_push: msg_id = 1708700, remain = -61, size = 3
force_push: msg_id = 1708781, remain = -61, size = 3
force_push: msg_id = 1708860, remain = -61, size = 3
force_push: msg_id = 1708940, remain = -61, size = 3
force_push: msg_id = 1709020, remain = -61, size = 3
force_push: msg_id = 1709097, remain = -61, size = 3
force_push: msg_id = 1709173, remain = -61, size = 3
force_push: msg_id = 1709253, remain = -61, size = 3
force_push: msg_id = 1709333, remain = -61, size = 3
force_push: msg_id = 1709413, remain = -61, size = 3
force_push: msg_id = 1709493, remain = -61, size = 3
force_push: msg_id = 1709571, remain = -61, size = 3
force_push: msg_id = 1709650, remain = -61, size = 3
force_push: msg_id = 1709730, remain = -61, size = 3
force_push: msg_id = 1709810, remain = -61, size = 3
force_push: msg_id = 1709890, remain = -61, size = 3
force_push: msg_id = 1709970, remain = -61, size = 3
force_push: msg_id = 1710050, remain = -61, size = 3
force_push: msg_id = 1710130, remain = -61, size = 3
force_push: msg_id = 1710210, remain = -61, size = 3
force_push: msg_id = 1710290, remain = -61, size = 3
force_push: msg_id = 1710370, remain = -61, size = 3
force_push: msg_id = 1710449, remain = -61, size = 3
force_push: msg_id = 1710529, remain = -61, size = 3
force_push: msg_id = 1710609, remain = -61, size = 3
force_push: msg_id = 1710687, remain = -61, size = 3
force_push: msg_id = 1710767, remain = -61, size = 3
force_push: msg_id = 1710847, remain = -61, size = 3
force_push: msg_id = 1710925, remain = -61, size = 3
force_push: msg_id = 1711005, remain = -61, size = 3
force_push: msg_id = 1711085, remain = -61, size = 3
force_push: msg_id = 1711165, remain = -61, size = 3
force_push: msg_id = 1711245, remain = -61, size = 3
force_push: msg_id = 1711327, remain = -61, size = 3
force_push: msg_id = 1711407, remain = -61, size = 3
force_push: msg_id = 1711486, remain = -61, size = 3
force_push: msg_id = 1711566, remain = -61, size = 3
force_push: msg_id = 1711646, remain = -61, size = 3
force_push: msg_id = 1711726, remain = -61, size = 3
force_push: msg_id = 1711804, remain = -61, size = 3
force_push: msg_id = 1711885, remain = -61, size = 3
force_push: msg_id = 1711964, remain = -61, size = 3
force_push: msg_id = 1712043, remain = -61, size = 3
force_push: msg_id = 1712123, remain = -61, size = 3
force_push: msg_id = 1712203, remain = -61, size = 3
force_push: msg_id = 1712282, remain = -61, size = 3
force_push: msg_id = 1712362, remain = -61, size = 3
force_push: msg_id = 1712442, remain = -61, size = 3
force_push: msg_id = 1712518, remain = -61, size = 3
force_push: msg_id = 1712598, remain = -61, size = 3
force_push: msg_id = 1712678, remain = -61, size = 3
force_push: msg_id = 1712757, remain = -61, size = 3
force_push: msg_id = 1712837, remain = -61, size = 3
force_push: msg_id = 1712917, remain = -61, size = 3
force_push: msg_id = 1712997, remain = -61, size = 3
force_push: msg_id = 1713077, remain = -61, size = 3
force_push: msg_id = 1713157, remain = -61, size = 3
force_push: msg_id = 1713238, remain = -61, size = 3
force_push: msg_id = 1713318, remain = -61, size = 3
force_push: msg_id = 1713398, remain = -61, size = 3
force_push: msg_id = 1713478, remain = -61, size = 3
force_push: msg_id = 1713556, remain = -61, size = 3
force_push: msg_id = 1713636, remain = -61, size = 3
force_push: msg_id = 1713716, remain = -61, size = 3
force_push: msg_id = 1713796, remain = -61, size = 3
force_push: msg_id = 1713876, remain = -61, size = 3
force_push: msg_id = 1713956, remain = -61, size = 3
force_push: msg_id = 1714036, remain = -61, size = 3
force_push: msg_id = 1714116, remain = -61, size = 3
force_push: msg_id = 1714196, remain = -61, size = 3
force_push: msg_id = 1714276, remain = -61, size = 3
force_push: msg_id = 1714356, remain = -61, size = 3
force_push: msg_id = 1714436, remain = -61, size = 3
force_push: msg_id = 1714516, remain = -61, size = 3
force_push: msg_id = 1714596, remain = -61, size = 3
force_push: msg_id = 1714674, remain = -61, size = 3
force_push: msg_id = 1714754, remain = -61, size = 3
force_push: msg_id = 1714834, remain = -61, size = 3
force_push: msg_id = 1714914, remain = -61, size = 3
force_push: msg_id = 1714992, remain = -61, size = 3
force_push: msg_id = 1715072, remain = -61, size = 3
force_push: msg_id = 1715152, remain = -61, size = 3
force_push: msg_id = 1715232, remain = -61, size = 3
force_push: msg_id = 1715309, remain = -61, size = 3
force_push: msg_id = 1715386, remain = -61, size = 3
force_push: msg_id = 1715466, remain = -61, size = 3
force_push: msg_id = 1715544, remain = -61, size = 3
force_push: msg_id = 1715624, remain = -61, size = 3
force_push: msg_id = 1715704, remain = -61, size = 3
force_push: msg_id = 1715784, remain = -61, size = 3
force_push: msg_id = 1715864, remain = -61, size = 3
force_push: msg_id = 1715944, remain = -61, size = 3
force_push: msg_id = 1716024, remain = -61, size = 3
force_push: msg_id = 1716105, remain = -61, size = 3
force_push: msg_id = 1716185, remain = -61, size = 3
force_push: msg_id = 1716265, remain = -61, size = 3
force_push: msg_id = 1716345, remain = -61, size = 3
force_push: msg_id = 1716423, remain = -61, size = 3
force_push: msg_id = 1716503, remain = -61, size = 3
force_push: msg_id = 1716583, remain = -61, size = 3
force_push: msg_id = 1716664, remain = -61, size = 3
force_push: msg_id = 1716744, remain = -61, size = 3
force_push: msg_id = 1716824, remain = -61, size = 3
force_push: msg_id = 1716904, remain = -61, size = 3
force_push: msg_id = 1716984, remain = -61, size = 3
force_push: msg_id = 1717064, remain = -61, size = 3
force_push: msg_id = 1717143, remain = -61, size = 3
force_push: msg_id = 1717222, remain = -61, size = 3
force_push: msg_id = 1717302, remain = -61, size = 3
force_push: msg_id = 1717382, remain = -61, size = 3
force_push: msg_id = 1717462, remain = -61, size = 3
force_push: msg_id = 1717542, remain = -61, size = 3
force_push: msg_id = 1717622, remain = -61, size = 3
force_push: msg_id = 1717700, remain = -61, size = 3
force_push: msg_id = 1717780, remain = -61, size = 3
force_push: msg_id = 1717860, remain = -61, size = 3
force_push: msg_id = 1717938, remain = -61, size = 3
force_push: msg_id = 1718018, remain = -61, size = 3
force_push: msg_id = 1718098, remain = -61, size = 3
force_push: msg_id = 1718176, remain = -61, size = 3
force_push: msg_id = 1718256, remain = -61, size = 3
force_push: msg_id = 1718336, remain = -61, size = 3
force_push: msg_id = 1718412, remain = -61, size = 3
force_push: msg_id = 1718492, remain = -61, size = 3
force_push: msg_id = 1718570, remain = -61, size = 3
force_push: msg_id = 1718650, remain = -61, size = 3
force_push: msg_id = 1718730, remain = -61, size = 3
force_push: msg_id = 1718810, remain = -61, size = 3
force_push: msg_id = 1718890, remain = -61, size = 3
force_push: msg_id = 1718968, remain = -61, size = 3
force_push: msg_id = 1719048, remain = -61, size = 3
force_push: msg_id = 1719128, remain = -61, size = 3
force_push: msg_id = 1719208, remain = -61, size = 3
force_push: msg_id = 1719286, remain = -61, size = 3
force_push: msg_id = 1719366, remain = -61, size = 3
force_push: msg_id = 1719446, remain = -61, size = 3
force_push: msg_id = 1719526, remain = -61, size = 3
force_push: msg_id = 1719606, remain = -61, size = 3
force_push: msg_id = 1719686, remain = -61, size = 3
force_push: msg_id = 1719766, remain = -61, size = 3
force_push: msg_id = 1719846, remain = -61, size = 3
force_push: msg_id = 1719926, remain = -61, size = 3
force_push: msg_id = 1720006, remain = -61, size = 3
force_push: msg_id = 1720086, remain = -61, size = 3
force_push: msg_id = 1720166, remain = -61, size = 3
force_push: msg_id = 1720246, remain = -61, size = 3
force_push: msg_id = 1720326, remain = -61, size = 3
force_push: msg_id = 1720405, remain = -61, size = 3
force_push: msg_id = 1720485, remain = -61, size = 3
force_push: msg_id = 1720565, remain = -61, size = 3
force_push: msg_id = 1720645, remain = -61, size = 3
force_push: msg_id = 1720725, remain = -61, size = 3
force_push: msg_id = 1720805, remain = -61, size = 3
force_push: msg_id = 1720886, remain = -61, size = 3
force_push: msg_id = 1720966, remain = -61, size = 3
force_push: msg_id = 1721043, remain = -61, size = 3
force_push: msg_id = 1721121, remain = -61, size = 3
force_push: msg_id = 1721199, remain = -61, size = 3
force_push: msg_id = 1721276, remain = -61, size = 3
force_push: msg_id = 1721356, remain = -61, size = 3
force_push: msg_id = 1721437, remain = -61, size = 3
force_push: msg_id = 1721517, remain = -61, size = 3
force_push: msg_id = 1721597, remain = -61, size = 3
force_push: msg_id = 1721677, remain = -61, size = 3
force_push: msg_id = 1721758, remain = -61, size = 3
force_push: msg_id = 1721838, remain = -61, size = 3
force_push: msg_id = 1721916, remain = -61, size = 3
force_push: msg_id = 1721994, remain = -61, size = 3
force_push: msg_id = 1722073, remain = -61, size = 3
force_push: msg_id = 1722153, remain = -61, size = 3
force_push: msg_id = 1722233, remain = -61, size = 3
force_push: msg_id = 1722313, remain = -61, size = 3
force_push: msg_id = 1722393, remain = -61, size = 3
force_push: msg_id = 1722473, remain = -61, size = 3
force_push: msg_id = 1722554, remain = -61, size = 3
force_push: msg_id = 1722634, remain = -61, size = 3
force_push: msg_id = 1722714, remain = -61, size = 3
force_push: msg_id = 1722794, remain = -61, size = 3
force_push: msg_id = 1722875, remain = -61, size = 3
force_push: msg_id = 1722955, remain = -61, size = 3
force_push: msg_id = 1723035, remain = -61, size = 3
force_push: msg_id = 1723115, remain = -61, size = 3
force_push: msg_id = 1723195, remain = -61, size = 3
force_push: msg_id = 1723276, remain = -61, size = 3
force_push: msg_id = 1723356, remain = -61, size = 3
force_push: msg_id = 1723436, remain = -61, size = 3
force_push: msg_id = 1723516, remain = -61, size = 3
force_push: msg_id = 1723594, remain = -61, size = 3
force_push: msg_id = 1723674, remain = -61, size = 3
force_push: msg_id = 1723754, remain = -61, size = 3
force_push: msg_id = 1723834, remain = -61, size = 3
force_push: msg_id = 1723914, remain = -61, size = 3
force_push: msg_id = 1723990, remain = -61, size = 3
force_push: msg_id = 1724067, remain = -61, size = 3
force_push: msg_id = 1724146, remain = -61, size = 3
force_push: msg_id = 1724224, remain = -61, size = 3
force_push: msg_id = 1724303, remain = -61, size = 3
force_push: msg_id = 1724383, remain = -61, size = 3
force_push: msg_id = 1724463, remain = -61, size = 3
force_push: msg_id = 1724543, remain = -61, size = 3
force_push: msg_id = 1724623, remain = -61, size = 3
force_push: msg_id = 1724703, remain = -61, size = 3
force_push: msg_id = 1724781, remain = -61, size = 3
force_push: msg_id = 1724861, remain = -61, size = 3
force_push: msg_id = 1724939, remain = -61, size = 3
force_push: msg_id = 1725019, remain = -61, size = 3
force_push: msg_id = 1725099, remain = -61, size = 3
force_push: msg_id = 1725177, remain = -61, size = 3
force_push: msg_id = 1725257, remain = -61, size = 3
force_push: msg_id = 1725337, remain = -61, size = 3
force_push: msg_id = 1725417, remain = -61, size = 3
force_push: msg_id = 1725497, remain = -61, size = 3
force_push: msg_id = 1725577, remain = -61, size = 3
force_push: msg_id = 1725658, remain = -61, size = 3
force_push: msg_id = 1725738, remain = -61, size = 3
force_push: msg_id = 1725819, remain = -61, size = 3
force_push: msg_id = 1725899, remain = -61, size = 3
force_push: msg_id = 1725978, remain = -61, size = 3
force_push: msg_id = 1726058, remain = -61, size = 3
force_push: msg_id = 1726138, remain = -61, size = 3
force_push: msg_id = 1726216, remain = -61, size = 3
force_push: msg_id = 1726296, remain = -61, size = 3
force_push: msg_id = 1726376, remain = -61, size = 3
force_push: msg_id = 1726457, remain = -61, size = 3
force_push: msg_id = 1726538, remain = -61, size = 3
force_push: msg_id = 1726618, remain = -61, size = 3
force_push: msg_id = 1726696, remain = -61, size = 3
force_push: msg_id = 1726774, remain = -61, size = 3
force_push: msg_id = 1726854, remain = -61, size = 3
force_push: msg_id = 1726932, remain = -61, size = 3
force_push: msg_id = 1727010, remain = -61, size = 3
force_push: msg_id = 1727090, remain = -61, size = 3
force_push: msg_id = 1727170, remain 