Read file config.yml
Running executor...
Loaded function exp00_front. lib_load_elasped: 177, func_load_elasped: 3
Loaded function exp00_back. lib_load_elasped: 148, func_load_elasped: 1
force_push: msg_id = 1689943, remain = -61, size = 3
force_push: msg_id = 1690024, remain = -61, size = 3
force_push: msg_id = 1690109, remain = -61, size = 3
force_push: msg_id = 1690200, remain = -61, size = 3
force_push: msg_id = 1690272, remain = -61, size = 3
force_push: msg_id = 1690354, remain = -61, size = 3
force_push: msg_id = 1690439, remain = -61, size = 3
force_push: msg_id = 1690518, remain = -61, size = 3
force_push: msg_id = 1690602, remain = -61, size = 3
force_push: msg_id = 1690685, remain = -61, size = 3
force_push: msg_id = 1690768, remain = -61, size = 3
force_push: msg_id = 1690849, remain = -61, size = 3
force_push: msg_id = 1690931, remain = -61, size = 3
force_push: msg_id = 1691010, remain = -61, size = 3
force_push: msg_id = 1691092, remain = -61, size = 3
force_push: msg_id = 1691171, remain = -61, size = 3
force_push: msg_id = 1691253, remain = -61, size = 3
force_push: msg_id = 1691334, remain = -61, size = 3
force_push: msg_id = 1691411, remain = -61, size = 3
force_push: msg_id = 1691494, remain = -61, size = 3
force_push: msg_id = 1691574, remain = -61, size = 3
force_push: msg_id = 1691654, remain = -61, size = 3
force_push: msg_id = 1691734, remain = -61, size = 3
force_push: msg_id = 1691814, remain = -61, size = 3
force_push: msg_id = 1691894, remain = -61, size = 3
force_push: msg_id = 1691974, remain = -61, size = 3
force_push: msg_id = 1692054, remain = -61, size = 3
force_push: msg_id = 1692135, remain = -61, size = 3
force_push: msg_id = 1692215, remain = -61, size = 3
force_push: msg_id = 1692297, remain = -61, size = 3
force_push: msg_id = 1692378, remain = -61, size = 3
force_push: msg_id = 1692461, remain = -61, size = 3
force_push: msg_id = 1692544, remain = -61, size = 3
force_push: msg_id = 1692628, remain = -61, size = 3
force_push: msg_id = 1692709, remain = -61, size = 3
force_push: msg_id = 1692791, remain = -61, size = 3
force_push: msg_id = 1692875, remain = -61, size = 3
force_push: msg_id = 1692956, remain = -61, size = 3
force_push: msg_id = 1693038, remain = -61, size = 3
force_push: msg_id = 1693120, remain = -61, size = 3
force_push: msg_id = 1693201, remain = -61, size = 3
force_push: msg_id = 1693281, remain = -61, size = 3
force_push: msg_id = 1693364, remain = -61, size = 3
force_push: msg_id = 1693445, remain = -61, size = 3
force_push: msg_id = 1693525, remain = -61, size = 3
force_push: msg_id = 1693605, remain = -61, size = 3
force_push: msg_id = 1693685, remain = -61, size = 3
force_push: msg_id = 1693765, remain = -61, size = 3
force_push: msg_id = 1693844, remain = -61, size = 3
force_push: msg_id = 1693926, remain = -61, size = 3
force_push: msg_id = 1694006, remain = -61, size = 3
force_push: msg_id = 1694086, remain = -61, size = 3
force_push: msg_id = 1694164, remain = -61, size = 3
force_push: msg_id = 1694248, remain = -61, size = 3
force_push: msg_id = 1694328, remain = -61, size = 3
force_push: msg_id = 1694406, remain = -61, size = 3
force_push: msg_id = 1694486, remain = -61, size = 3
force_push: msg_id = 1694567, remain = -61, size = 3
force_push: msg_id = 1694648, remain = -61, size = 3
force_push: msg_id = 1694728, remain = -61, size = 3
force_push: msg_id = 1694808, remain = -61, size = 3
force_push: msg_id = 1694890, remain = -61, size = 3
force_push: msg_id = 1694966, remain = -61, size = 3
force_push: msg_id = 1695049, remain = -61, size = 3
force_push: msg_id = 1695130, remain = -61, size = 3
force_push: msg_id = 1695209, remain = -61, size = 3
force_push: msg_id = 1695292, remain = -61, size = 3
force_push: msg_id = 1695373, remain = -61, size = 3
force_push: msg_id = 1695452, remain = -61, size = 3
force_push: msg_id = 1695534, remain = -61, size = 3
force_push: msg_id = 1695616, remain = -61, size = 3
force_push: msg_id = 1695699, remain = -61, size = 3
force_push: msg_id = 1695779, remain = -61, size = 3
force_push: msg_id = 1695864, remain = -61, size = 3
force_push: msg_id = 1695943, remain = -61, size = 3
force_push: msg_id = 1696026, remain = -61, size = 3
force_push: msg_id = 1696108, remain = -61, size = 3
force_push: msg_id = 1696189, remain = -61, size = 3
force_push: msg_id = 1696275, remain = -61, size = 3
force_push: msg_id = 1696356, remain = -61, size = 3
force_push: msg_id = 1696434, remain = -61, size = 3
force_push: msg_id = 1696517, remain = -61, size = 3
force_push: msg_id = 1696597, remain = -61, size = 3
force_push: msg_id = 1696676, remain = -61, size = 3
force_push: msg_id = 1696760, remain = -61, size = 3
force_push: msg_id = 1696841, remain = -61, size = 3
force_push: msg_id = 1696923, remain = -61, size = 3
force_push: msg_id = 1697001, remain = -61, size = 3
force_push: msg_id = 1697084, remain = -61, size = 3
force_push: msg_id = 1697163, remain = -61, size = 3
force_push: msg_id = 1697244, remain = -61, size = 3
force_push: msg_id = 1697327, remain = -61, size = 3
force_push: msg_id = 1697405, remain = -61, size = 3
force_push: msg_id = 1697487, remain = -61, size = 3
force_push: msg_id = 1697570, remain = -61, size = 3
force_push: msg_id = 1697650, remain = -61, size = 3
force_push: msg_id = 1697732, remain = -61, size = 3
force_push: msg_id = 1697812, remain = -61, size = 3
force_push: msg_id = 1697892, remain = -61, size = 3
force_push: msg_id = 1697972, remain = -61, size = 3
force_push: msg_id = 1698052, remain = -61, size = 3
force_push: msg_id = 1698131, remain = -61, size = 3
force_push: msg_id = 1698205, remain = -61, size = 3
force_push: msg_id = 1698285, remain = -61, size = 3
force_push: msg_id = 1698363, remain = -61, size = 3
force_push: msg_id = 1698442, remain = -61, size = 3
force_push: msg_id = 1698519, remain = -61, size = 3
force_push: msg_id = 1698598, remain = -61, size = 3
force_push: msg_id = 1698674, remain = -61, size = 3
force_push: msg_id = 1698753, remain = -61, size = 3
force_push: msg_id = 1698833, remain = -61, size = 3
force_push: msg_id = 1698915, remain = -61, size = 3
force_push: msg_id = 1698995, remain = -61, size = 3
force_push: msg_id = 1699075, remain = -61, size = 3
force_push: msg_id = 1699155, remain = -61, size = 3
force_push: msg_id = 1699235, remain = -61, size = 3
force_push: msg_id = 1699315, remain = -61, size = 3
force_push: msg_id = 1699396, remain = -61, size = 3
force_push: msg_id = 1699476, remain = -61, size = 3
force_push: msg_id = 1699556, remain = -61, size = 3
force_push: msg_id = 1699636, remain = -61, size = 3
force_push: msg_id = 1699717, remain = -61, size = 3
force_push: msg_id = 1699797, remain = -61, size = 3
force_push: msg_id = 1699877, remain = -61, size = 3
force_push: msg_id = 1699957, remain = -61, size = 3
force_push: msg_id = 1700037, remain = -61, size = 3
force_push: msg_id = 1700117, remain = -61, size = 3
force_push: msg_id = 1700195, remain = -61, size = 3
force_push: msg_id = 1700275, remain = -61, size = 3
force_push: msg_id = 1700355, remain = -61, size = 3
force_push: msg_id = 1700435, remain = -61, size = 3
force_push: msg_id = 1700514, remain = -61, size = 3
force_push: msg_id = 1700594, remain = -61, size = 3
force_push: msg_id = 1700673, remain = -61, size = 3
force_push: msg_id = 1700752, remain = -61, size = 3
force_push: msg_id = 1700832, remain = -61, size = 3
force_push: msg_id = 1700911, remain = -61, size = 3
force_push: msg_id = 1700989, remain = -61, size = 3
force_push: msg_id = 1701067, remain = -61, size = 3
force_push: msg_id = 1701141, remain = -61, size = 3
force_push: msg_id = 1701221, remain = -61, size = 3
force_push: msg_id = 1701301, remain = -61, size = 3
force_push: msg_id = 1701381, remain = -61, size = 3
force_push: msg_id = 1701455, remain = -61, size = 3
force_push: msg_id = 1701533, remain = -61, size = 3
force_push: msg_id = 1701613, remain = -61, size = 3
force_push: msg_id = 1701693, remain = -61, size = 3
force_push: msg_id = 1701774, remain = -61, size = 3
force_push: msg_id = 1701854, remain = -61, size = 3
force_push: msg_id = 1701934, remain = -61, size = 3
force_push: msg_id = 1702014, remain = -61, size = 3
force_push: msg_id = 1702094, remain = -61, size = 3
force_push: msg_id = 1702175, remain = -61, size = 3
force_push: msg_id = 1702256, remain = -61, size = 3
force_push: msg_id = 1702336, remain = -61, size = 3
force_push: msg_id = 1702416, remain = -61, size = 3
force_push: msg_id = 1702498, remain = -61, size = 3
force_push: msg_id = 1702578, remain = -61, size = 3
force_push: msg_id = 1702659, remain = -61, size = 3
force_push: msg_id = 1702739, remain = -61, size = 3
force_push: msg_id = 1702819, remain = -61, size = 3
force_push: msg_id = 1702898, remain = -61, size = 3
force_push: msg_id = 1702978, remain = -61, size = 3
force_push: msg_id = 1703058, remain = -61, size = 3
force_push: msg_id = 1703138, remain = -61, size = 3
force_push: msg_id = 1703218, remain = -61, size = 3
force_push: msg_id = 1703298, remain = -61, size = 3
force_push: msg_id = 1703378, remain = -61, size = 3
force_push: msg_id = 1703457, remain = -61, size = 3
force_push: msg_id = 1703533, remain = -61, size = 3
force_push: msg_id = 1703613, remain = -61, size = 3
force_push: msg_id = 1703693, remain = -61, size = 3
force_push: msg_id = 1703770, remain = -61, size = 3
force_push: msg_id = 1703845, remain = -61, size = 3
force_push: msg_id = 1703921, remain = -61, size = 3
force_push: msg_id = 1704000, remain = -61, size = 3
force_push: msg_id = 1704076, remain = -61, size = 3
force_push: msg_id = 1704157, remain = -61, size = 3
force_push: msg_id = 1704237, remain = -61, size = 3
force_push: msg_id = 1704316, remain = -61, size = 3
force_push: msg_id = 1704396, remain = -61, size = 3
force_push: msg_id = 1704477, remain = -61, size = 3
force_push: msg_id = 1704557, remain = -61, size = 3
force_push: msg_id = 1704637, remain = -61, size = 3
force_push: msg_id = 1704717, remain = -61, size = 3
force_push: msg_id = 1704797, remain = -61, size = 3
force_push: msg_id = 1704878, remain = -61, size = 3
force_push: msg_id = 1704958, remain = -61, size = 3
force_push: msg_id = 1705038, remain = -61, size = 3
force_push: msg_id = 1705116, remain = -61, size = 3
force_push: msg_id = 1705196, remain = -61, size = 3
force_push: msg_id = 1705276, remain = -61, size = 3
force_push: msg_id = 1705356, remain = -61, size = 3
force_push: msg_id = 1705435, remain = -61, size = 3
force_push: msg_id = 1705515, remain = -61, size = 3
force_push: msg_id = 1705595, remain = -61, size = 3
force_push: msg_id = 1705674, remain = -61, size = 3
force_push: msg_id = 1705755, remain = -61, size = 3
force_push: msg_id = 1705835, remain = -61, size = 3
force_push: msg_id = 1705915, remain = -61, size = 3
force_push: msg_id = 1705995, remain = -61, size = 3
force_push: msg_id = 1706075, remain = -61, size = 3
force_push: msg_id = 1706156, remain = -61, size = 3
force_push: msg_id = 1706236, remain = -61, size = 3
force_push: msg_id = 1706316, remain = -61, size = 3
force_push: msg_id = 1706396, remain = -61, size = 3
force_push: msg_id = 1706474, remain = -61, size = 3
force_push: msg_id = 1706554, remain = -61, size = 3
force_push: msg_id = 1706631, remain = -61, size = 3
force_push: msg_id = 1706710, remain = -61, size = 3
force_push: msg_id = 1706790, remain = -61, size = 3
force_push: msg_id = 1706868, remain = -61, size = 3
force_push: msg_id = 1706948, remain = -61, size = 3
force_push: msg_id = 1707027, remain = -61, size = 3
force_push: msg_id = 1707107, remain = -61, size = 3
force_push: msg_id = 1707187, remain = -61, size = 3
force_push: msg_id = 1707267, remain = -61, size = 3
force_push: msg_id = 1707346, remain = -61, size = 3
force_push: msg_id = 1707426, remain = -61, size = 3
force_push: msg_id = 1707506, remain = -61, size = 3
force_push: msg_id = 1707584, remain = -61, size = 3
force_push: msg_id = 1707664, remain = -61, size = 3
force_push: msg_id = 1707742, remain = -61, size = 3
force_push: msg_id = 1707822, remain = -61, size = 3
force_push: msg_id = 1707899, remain = -61, size = 3
force_push: msg_id = 1707978, remain = -61, size = 3
force_push: msg_id = 1708058, remain = -61, size = 3
force_push: msg_id = 1708138, remain = -61, size = 3
force_push: msg_id = 1708218, remain = -61, size = 3
force_push: msg_id = 1708298, remain = -61, size = 3
force_push: msg_id = 1708379, remain = -61, size = 3
force_push: msg_id = 1708459, remain = -61, size = 3
force_push: msg_id = 1708539, remain = -61, size = 3
force_push: msg_id = 1708619, remain = -61, size = 3
force_push: msg_id = 1708699, remain = -61, size = 3
force_push: msg_id = 1708779, remain = -61, size = 3
force_push: msg_id = 1708859, remain = -61, size = 3
force_push: msg_id = 1708939, remain = -61, size = 3
force_push: msg_id = 1709017, remain = -61, size = 3
force_push: msg_id = 1709094, remain = -61, size = 3
force_push: msg_id = 1709171, remain = -61, size = 3
force_push: msg_id = 1709252, remain = -61, size = 3
force_push: msg_id = 1709332, remain = -61, size = 3
force_push: msg_id = 1709412, remain = -61, size = 3
force_push: msg_id = 1709490, remain = -61, size = 3
force_push: msg_id = 1709569, remain = -61, size = 3
force_push: msg_id = 1709648, remain = -61, size = 3
force_push: msg_id = 1709729, remain = -61, size = 3
force_push: msg_id = 1709809, remain = -61, size = 3
force_push: msg_id = 1709889, remain = -61, size = 3
force_push: msg_id = 1709969, remain = -61, size = 3
force_push: msg_id = 1710049, remain = -61, size = 3
force_push: msg_id = 1710129, remain = -61, size = 3
force_push: msg_id = 1710209, remain = -61, size = 3
force_push: msg_id = 1710289, remain = -61, size = 3
force_push: msg_id = 1710369, remain = -61, size = 3
force_push: msg_id = 1710450, remain = -61, size = 3
force_push: msg_id = 1710530, remain = -61, size = 3
force_push: msg_id = 1710610, remain = -61, size = 3
force_push: msg_id = 1710688, remain = -61, size = 3
force_push: msg_id = 1710768, remain = -61, size = 3
force_push: msg_id = 1710849, remain = -61, size = 3
force_push: msg_id = 1710927, remain = -61, size = 3
force_push: msg_id = 1711007, remain = -61, size = 3
force_push: msg_id = 1711087, remain = -61, size = 3
force_push: msg_id = 1711167, remain = -61, size = 3
force_push: msg_id = 1711248, remain = -61, size = 3
force_push: msg_id = 1711328, remain = -61, size = 3
force_push: msg_id = 1711408, remain = -61, size = 3
force_push: msg_id = 1711489, remain = -61, size = 3
force_push: msg_id = 1711568, remain = -61, size = 3
force_push: msg_id = 1711648, remain = -61, size = 3
force_push: msg_id = 1711728, remain = -61, size = 3
force_push: msg_id = 1711807, remain = -61, size = 3
force_push: msg_id = 1711886, remain = -61, size = 3
force_push: msg_id = 1711966, remain = -61, size = 3
force_push: msg_id = 1712046, remain = -61, size = 3
force_push: msg_id = 1712124, remain = -61, size = 3
force_push: msg_id = 1712204, remain = -61, size = 3
force_push: msg_id = 1712284, remain = -61, size = 3
force_push: msg_id = 1712363, remain = -61, size = 3
force_push: msg_id = 1712443, remain = -61, size = 3
force_push: msg_id = 1712519, remain = -61, size = 3
force_push: msg_id = 1712599, remain = -61, size = 3
force_push: msg_id = 1712679, remain = -61, size = 3
force_push: msg_id = 1712759, remain = -61, size = 3
force_push: msg_id = 1712838, remain = -61, size = 3
force_push: msg_id = 1712918, remain = -61, size = 3
force_push: msg_id = 1712998, remain = -61, size = 3
force_push: msg_id = 1713078, remain = -61, size = 3
force_push: msg_id = 1713158, remain = -61, size = 3
force_push: msg_id = 1713239, remain = -61, size = 3
force_push: msg_id = 1713319, remain = -61, size = 3
force_push: msg_id = 1713399, remain = -61, size = 3
force_push: msg_id = 1713479, remain = -61, size = 3
force_push: msg_id = 1713557, remain = -61, size = 3
force_push: msg_id = 1713637, remain = -61, size = 3
force_push: msg_id = 1713717, remain = -61, size = 3
force_push: msg_id = 1713797, remain = -61, size = 3
force_push: msg_id = 1713877, remain = -61, size = 3
force_push: msg_id = 1713957, remain = -61, size = 3
force_push: msg_id = 1714037, remain = -61, size = 3
force_push: msg_id = 1714117, remain = -61, size = 3
force_push: msg_id = 1714197, remain = -61, size = 3
force_push: msg_id = 1714277, remain = -61, size = 3
force_push: msg_id = 1714357, remain = -61, size = 3
force_push: msg_id = 1714437, remain = -61, size = 3
force_push: msg_id = 1714517, remain = -61, size = 3
force_push: msg_id = 1714597, remain = -61, size = 3
force_push: msg_id = 1714677, remain = -61, size = 3
force_push: msg_id = 1714755, remain = -61, size = 3
force_push: msg_id = 1714835, remain = -61, size = 3
force_push: msg_id = 1714915, remain = -61, size = 3
force_push: msg_id = 1714993, remain = -61, size = 3
force_push: msg_id = 1715073, remain = -61, size = 3
force_push: msg_id = 1715153, remain = -61, size = 3
force_push: msg_id = 1715233, remain = -61, size = 3
force_push: msg_id = 1715314, remain = -61, size = 3
force_push: msg_id = 1715392, remain = -61, size = 3
force_push: msg_id = 1715469, remain = -61, size = 3
force_push: msg_id = 1715548, remain = -61, size = 3
force_push: msg_id = 1715626, remain = -61, size = 3
force_push: msg_id = 1715706, remain = -61, size = 3
force_push: msg_id = 1715786, remain = -61, size = 3
force_push: msg_id = 1715866, remain = -61, size = 3
force_push: msg_id = 1715947, remain = -61, size = 3
force_push: msg_id = 1716027, remain = -61, size = 3
force_push: msg_id = 1716107, remain = -61, size = 3
force_push: msg_id = 1716187, remain = -61, size = 3
force_push: msg_id = 1716267, remain = -61, size = 3
force_push: msg_id = 1716347, remain = -61, size = 3
force_push: msg_id = 1716428, remain = -61, size = 3
force_push: msg_id = 1716506, remain = -61, size = 3
force_push: msg_id = 1716586, remain = -61, size = 3
force_push: msg_id = 1716666, remain = -61, size = 3
force_push: msg_id = 1716746, remain = -61, size = 3
force_push: msg_id = 1716826, remain = -61, size = 3
force_push: msg_id = 1716906, remain = -61, size = 3
force_push: msg_id = 1716986, remain = -61, size = 3
force_push: msg_id = 1717066, remain = -61, size = 3
force_push: msg_id = 1717146, remain = -61, size = 3
force_push: msg_id = 1717225, remain = -61, size = 3
force_push: msg_id = 1717304, remain = -61, size = 3
force_push: msg_id = 1717384, remain = -61, size = 3
force_push: msg_id = 1717464, remain = -61, size = 3
force_push: msg_id = 1717544, remain = -61, size = 3
force_push: msg_id = 1717624, remain = -61, size = 3
force_push: msg_id = 1717704, remain = -61, size = 3
force_push: msg_id = 1717783, remain = -61, size = 3
force_push: msg_id = 1717862, remain = -61, size = 3
force_push: msg_id = 1717942, remain = -61, size = 3
force_push: msg_id = 1718022, remain = -61, size = 3
force_push: msg_id = 1718102, remain = -61, size = 3
force_push: msg_id = 1718180, remain = -61, size = 3
force_push: msg_id = 1718258, remain = -61, size = 3
force_push: msg_id = 1718338, remain = -61, size = 3
force_push: msg_id = 1718418, remain = -61, size = 3
force_push: msg_id = 1718496, remain = -61, size = 3
force_push: msg_id = 1718576, remain = -61, size = 3
force_push: msg_id = 1718654, remain = -61, size = 3
force_push: msg_id = 1718732, remain = -61, size = 3
force_push: msg_id = 1718812, remain = -61, size = 3
force_push: msg_id = 1718892, remain = -61, size = 3
force_push: msg_id = 1718972, remain = -61, size = 3
force_push: msg_id = 1719050, remain = -61, size = 3
force_push: msg_id = 1719130, remain = -61, size = 3
force_push: msg_id = 1719210, remain = -61, size = 3
force_push: msg_id = 1719290, remain = -61, size = 3
force_push: msg_id = 1719370, remain = -61, size = 3
force_push: msg_id = 1719448, remain = -61, size = 3
force_push: msg_id = 1719528, remain = -61, size = 3
force_push: msg_id = 1719608, remain = -61, size = 3
force_push: msg_id = 1719688, remain = -61, size = 3
force_push: msg_id = 1719768, remain = -61, size = 3
force_push: msg_id = 1719848, remain = -61, size = 3
force_push: msg_id = 1719928, remain = -61, size = 3
force_push: msg_id = 1720008, remain = -61, size = 3
force_push: msg_id = 1720088, remain = -61, size = 3
force_push: msg_id = 1720168, remain = -61, size = 3
force_push: msg_id = 1720249, remain = -61, size = 3
force_push: msg_id = 1720329, remain = -61, size = 3
force_push: msg_id = 1720409, remain = -61, size = 3
force_push: msg_id = 1720489, remain = -61, size = 3
force_push: msg_id = 1720570, remain = -61, size = 3
force_push: msg_id = 1720650, remain = -61, size = 3
force_push: msg_id = 1720731, remain = -61, size = 3
force_push: msg_id = 1720811, remain = -61, size = 3
force_push: msg_id = 1720891, remain = -61, size = 3
force_push: msg_id = 1720971, remain = -61, size = 3
force_push: msg_id = 1721051, remain = -61, size = 3
force_push: msg_id = 1721131, remain = -61, size = 3
force_push: msg_id = 1721211, remain = -61, size = 3
force_push: msg_id = 1721287, remain = -61, size = 3
force_push: msg_id = 1721366, remain = -61, size = 3
force_push: msg_id = 1721445, remain = -61, size = 3
force_push: msg_id = 1721523, remain = -61, size = 3
force_push: msg_id = 1721603, remain = -61, size = 3
force_push: msg_id = 1721683, remain = -61, size = 3
force_push: msg_id = 1721763, remain = -61, size = 3
force_push: msg_id = 1721843, remain = -61, size = 3
force_push: msg_id = 1721923, remain = -61, size = 3
force_push: msg_id = 1722003, remain = -61, size = 3
force_push: msg_id = 1722083, remain = -61, size = 3
force_push: msg_id = 1722161, remain = -61, size = 3
force_push: msg_id = 1722239, remain = -61, size = 3
force_push: msg_id = 1722320, remain = -61, size = 3
force_push: msg_id = 1722400, remain = -61, size = 3
force_push: msg_id = 1722480, remain = -61, size = 3
force_push: msg_id = 1722560, remain = -61, size = 3
force_push: msg_id = 1722640, remain = -61, size = 3
force_push: msg_id = 1722720, remain = -61, size = 3
force_push: msg_id = 1722802, remain = -61, size = 3
force_push: msg_id = 1722882, remain = -61, size = 3
force_push: msg_id = 1722962, remain = -61, size = 3
force_push: msg_id = 1723042, remain = -61, size = 3
force_push: msg_id = 1723122, remain = -61, size = 3
force_push: msg_id = 1723202, remain = -61, size = 3
force_push: msg_id = 1723282, remain = -61, size = 3
force_push: msg_id = 1723362, remain = -61, size = 3
force_push: msg_id = 1723442, remain = -61, size = 3
force_push: msg_id = 1723522, remain = -61, size = 3
force_push: msg_id = 1723603, remain = -61, size = 3
force_push: msg_id = 1723683, remain = -61, size = 3
force_push: msg_id = 1723764, remain = -61, size = 3
force_push: msg_id = 1723842, remain = -61, size = 3
force_push: msg_id = 1723922, remain = -61, size = 3
force_push: msg_id = 1724002, remain = -61, size = 3
force_push: msg_id = 1724082, remain = -61, size = 3
force_push: msg_id = 1724162, remain = -61, size = 3
force_push: msg_id = 1724240, remain = -61, size = 3
force_push: msg_id = 1724319, remain = -61, size = 3
force_push: msg_id = 1724395, remain = -61, size = 3
force_push: msg_id = 1724474, remain = -61, size = 3
force_push: msg_id = 1724551, remain = -61, size = 3
force_push: msg_id = 1724631, remain = -61, size = 3
force_push: msg_id = 1724711, remain = -61, size = 3
force_push: msg_id = 1724791, remain = -61, size = 3
force_push: msg_id = 1724871, remain = -61, size = 3
force_push: msg_id = 1724951, remain = -61, size = 3
force_push: msg_id = 1725029, remain = -61, size = 3
force_push: msg_id = 1725110, remain = -61, size = 3
force_push: msg_id = 1725190, remain = -61, size = 3
force_push: msg_id = 1725268, remain = -61, size = 3
force_push: msg_id = 1725348, remain = -61, size = 3
force_push: msg_id = 1725428, remain = -61, size = 3
force_push: msg_id = 1725508, remain = -61, size = 3
force_push: msg_id = 1725588, remain = -61, size = 3
force_push: msg_id = 1725669, remain = -61, size = 3
force_push: msg_id = 1725749, remain = -61, size = 3
force_push: msg_id = 1725829, remain = -61, size = 3
force_push: msg_id = 1725909, remain = -61, size = 3
force_push: msg_id = 1725989, remain = -61, size = 3
force_push: msg_id = 1726069, remain = -61, size = 3
force_push: msg_id = 1726149, remain = -61, size = 3
force_push: msg_id = 1726229, remain = -61, size = 3
force_push: msg_id = 1726309, remain = -61, size = 3
force_push: msg_id = 1726389, remain = -61, size = 3
force_push: msg_id = 1726469, remain = -61, size = 3
force_push: msg_id = 1726549, remain = -61, size = 3
force_push: msg_id = 1726629, remain = -61, size = 3
force_push: msg_id = 1726709, remain = -61, size = 3
force_push: msg_id = 1726789, remain = -61, size = 3
force_push: msg_id = 1726869, remain = -61, size = 3
force_push: msg_id = 1726949, remain = -61, size = 3
force_push: msg_id = 1727029, remain = -61, size = 3
force_push: msg_id = 1727106, remain = -61, size = 3
force_push: msg_id = 1727185, remain = -61, size = 3
force_push: msg_id = 1727263, remain = -61, size = 3
force_push: msg_id = 1727340, remain = -61, size = 3
force_push: msg_id = 1727420, remain = -61, size = 3
force_push: msg_id = 1727500, remain = -61, size = 3
force_push: msg_id = 1727578, remain = -61, size = 3
force_push: msg_id = 1727658, remain = -61, size = 3
force_push: msg_id = 1727738, remain = -61, size = 3
force_push: msg_id = 1727818, remain = -61, size = 3
force_push: msg_id = 1727896, remain = -61, size = 3
force_push: msg_id = 1727976, remain = -61, size = 3
force_push: msg_id = 1728055, remain = -61, size = 3
force_push: msg_id = 1728134, remain = -61, size = 3
force_push: msg_id = 1728211, remain = -61, size = 3
force_push: msg_id = 1728289, remain = -61, size = 3
force_push: msg_id = 1728367, remain = -61, size = 3
force_push: msg_id = 1728447, remain = -61, size = 3
force_push: msg_id = 1728527, remain = -61, size = 3
force_push: msg_id = 1728607, remain = -61, size = 3
force_push: msg_id = 1728687, remain = -61, size = 3
force_push: msg_id = 1728767, remain = -61, size = 3
force_push: msg_id = 1728848, remain = -61, size = 3
force_push: msg_id = 1728928, remain = -61, size = 3
force_push: msg_id = 1729008, remain = -61, size = 3
force_push: msg_id = 1729087, remain = -61, size = 3
force_push: msg_id = 1729167, remain = -61, size = 3
force_push: msg_id = 1729245, remain = -61, size = 3
force_push: msg_id = 1729325, remain = -61, size = 3
force_push: msg_id = 1729405, remain = -61, size = 3
force_push: msg_id = 1729485, remain = -61, size = 3
force_push: msg_id = 1729565, remain = -61, size = 3
force_push: msg_id = 1729644, remain = -61, size = 3
force_push: msg_id = 1729724, remain = -61, size = 3
force_push: msg_id = 1729804, remain = -61, size = 3
force_push: msg_id = 1729884, remain = -61, size = 3
force_push: msg_id = 1729964, remain = -61, size = 3
force_push: msg_id = 1730044, remain = -61, size = 3
force_push: msg_id = 1730122, remain = -61, size = 3
force_push: msg_id = 1730203, remain = -61, size = 3
force_push: msg_id = 1730283, remain = -61, size = 3
force_push: msg_id = 1730363, remain = -61, size = 3
force_push: msg_id = 1730441, remain = -61, size = 3
force_push: msg_id = 1730521, remain = -61, size = 3
force_push: msg_id = 1730601, remain = -61, size = 3
force_push: msg_id = 1730681, remain = -61, size = 3
force_push: msg_id = 1730760, remain = -61, size = 3
force_push: msg_id = 1730839, remain = -61, size = 3
force_push: msg_id = 1730917, remain = -61, size = 3
force_push: msg_id = 1730997, remain = -61, size = 3
force_push: msg_id = 1731074, remain = -61, size = 3
force_push: msg_id = 1731154, remain = -61, size = 3
force_push: msg_id = 1731231, remain = -61, size = 3
force_push: msg_id = 1731310, remain = -61, size = 3
force_push: msg_id = 1731389, remain = -61, size = 3
force_push: msg_id = 1731469, remain = -61, size = 3
force_push: msg_id = 1731549, remain = -61, size = 3
force_push: msg_id = 1731630, remain = -61, size = 3
force_push: msg_id = 1731711, remain = -61, size = 3
force_push: msg_id = 1731789, remain = -61, size = 3
force_push: msg_id = 1731869, remain = -61, size = 3
force_push: msg_id = 1731948, remain = -61, size = 3
force_push: msg_id = 1732026, remain = -61, size = 3
force_push: msg_id = 1732106, remain = -61, size = 3
force_push: msg_id = 1732187, remain = -61, size = 3
force_push: msg_id = 1732267, remain = -61, size = 3
force_push: msg_id = 1732347, remain = -61, size = 3
force_push: msg_id = 1732427, remain = -61, size = 3
force_push: msg_id = 1732507, remain = -61, size = 3
force_push: msg_id = 1732587, remain = -61, size = 3
force_push: msg_id = 1732667, remain = -61, size = 3
force_push: msg_id = 1732747, remain = -61, size = 3
force_push: msg_id = 1732827, remain = -61, size = 3
force_push: msg_id = 1732907, remain = -61, size = 3
force_push: msg_id = 1732987, remain = -61, size = 3
force_push: msg_id = 1733067, remain = -61, size = 3