Read file config.yml
Running executor...
Loaded function exp00_back. lib_load_elasped: 209, func_load_elasped: 3
Loaded function exp00_front. lib_load_elasped: 152, func_load_elasped: 1
force_push: msg_id = 1689901, remain = 406, size = 64
Send to executer failed.force_push: msg_id = 1690037, remain = -61, size = 3
force_push: msg_id = 1690130, remain = -61, size = 3
force_push: msg_id = 1690210, remain = -61, size = 3
force_push: msg_id = 1690281, remain = -61, size = 3
force_push: msg_id = 1690342, remain = -61, size = 3
force_push: msg_id = 1690422, remain = -61, size = 3
force_push: msg_id = 1690503, remain = -61, size = 3
force_push: msg_id = 1690587, remain = -61, size = 3
force_push: msg_id = 1690674, remain = -61, size = 3
force_push: msg_id = 1690741, remain = -61, size = 3
force_push: msg_id = 1690824, remain = -61, size = 3
force_push: msg_id = 1690909, remain = -61, size = 3
force_push: msg_id = 1690990, remain = -61, size = 3
force_push: msg_id = 1691074, remain = -61, size = 3
force_push: msg_id = 1691155, remain = -61, size = 3
force_push: msg_id = 1691237, remain = -61, size = 3
force_push: msg_id = 1691314, remain = -61, size = 3
force_push: msg_id = 1691394, remain = -61, size = 3
force_push: msg_id = 1691474, remain = -61, size = 3
force_push: msg_id = 1691554, remain = -61, size = 3
force_push: msg_id = 1691634, remain = -61, size = 3
force_push: msg_id = 1691711, remain = -61, size = 3
force_push: msg_id = 1691792, remain = -61, size = 3
force_push: msg_id = 1691874, remain = -61, size = 3
force_push: msg_id = 1691959, remain = -61, size = 3
force_push: msg_id = 1692034, remain = -61, size = 3
force_push: msg_id = 1692118, remain = -61, size = 3
force_push: msg_id = 1692200, remain = -61, size = 3
force_push: msg_id = 1692275, remain = -61, size = 3
force_push: msg_id = 1692356, remain = -61, size = 3
force_push: msg_id = 1692441, remain = -61, size = 3
force_push: msg_id = 1692515, remain = -61, size = 3
force_push: msg_id = 1692598, remain = -61, size = 3
force_push: msg_id = 1692681, remain = -61, size = 3
force_push: msg_id = 1692769, remain = -61, size = 3
force_push: msg_id = 1692849, remain = -61, size = 3
force_push: msg_id = 1692931, remain = -61, size = 3
force_push: msg_id = 1693017, remain = -61, size = 3
force_push: msg_id = 1693095, remain = -61, size = 3
force_push: msg_id = 1693179, remain = -61, size = 3
force_push: msg_id = 1693254, remain = -61, size = 3
force_push: msg_id = 1693335, remain = -61, size = 3
force_push: msg_id = 1693423, remain = -61, size = 3
force_push: msg_id = 1693504, remain = -61, size = 3
force_push: msg_id = 1693585, remain = -61, size = 3
force_push: msg_id = 1693668, remain = -61, size = 3
force_push: msg_id = 1693748, remain = -61, size = 3
force_push: msg_id = 1693830, remain = -61, size = 3
force_push: msg_id = 1693915, remain = -61, size = 3
force_push: msg_id = 1693993, remain = -61, size = 3
force_push: msg_id = 1694075, remain = -61, size = 3
force_push: msg_id = 1694155, remain = -61, size = 3
force_push: msg_id = 1694242, remain = -61, size = 3
force_push: msg_id = 1694322, remain = -61, size = 3
force_push: msg_id = 1694400, remain = -61, size = 3
force_push: msg_id = 1694483, remain = -61, size = 3
force_push: msg_id = 1694562, remain = -61, size = 3
force_push: msg_id = 1694641, remain = -61, size = 3
force_push: msg_id = 1694718, remain = -61, size = 3
force_push: msg_id = 1694790, remain = -61, size = 3
force_push: msg_id = 1694868, remain = -61, size = 3
force_push: msg_id = 1694945, remain = -61, size = 3
force_push: msg_id = 1695023, remain = -61, size = 3
force_push: msg_id = 1695099, remain = -61, size = 3
force_push: msg_id = 1695176, remain = -61, size = 3
force_push: msg_id = 1695256, remain = -61, size = 3
force_push: msg_id = 1695339, remain = -61, size = 3
force_push: msg_id = 1695421, remain = -61, size = 3
force_push: msg_id = 1695501, remain = -61, size = 3
force_push: msg_id = 1695581, remain = -61, size = 3
force_push: msg_id = 1695663, remain = -61, size = 3
force_push: msg_id = 1695743, remain = -61, size = 3
force_push: msg_id = 1695824, remain = -61, size = 3
force_push: msg_id = 1695906, remain = -61, size = 3
force_push: msg_id = 1695988, remain = -61, size = 3
force_push: msg_id = 1696069, remain = -61, size = 3
force_push: msg_id = 1696151, remain = -61, size = 3
force_push: msg_id = 1696232, remain = -61, size = 3
force_push: msg_id = 1696314, remain = -61, size = 3
force_push: msg_id = 1696398, remain = -61, size = 3
force_push: msg_id = 1696486, remain = -61, size = 3
force_push: msg_id = 1696567, remain = -61, size = 3
force_push: msg_id = 1696654, remain = -61, size = 3
force_push: msg_id = 1696731, remain = -61, size = 3
force_push: msg_id = 1696815, remain = -61, size = 3
force_push: msg_id = 1696897, remain = -61, size = 3
force_push: msg_id = 1696981, remain = -61, size = 3
force_push: msg_id = 1697058, remain = -61, size = 3
force_push: msg_id = 1697138, remain = -61, size = 3
force_push: msg_id = 1697219, remain = -61, size = 3
force_push: msg_id = 1697304, remain = -61, size = 3
force_push: msg_id = 1697383, remain = -61, size = 3
force_push: msg_id = 1697463, remain = -61, size = 3
force_push: msg_id = 1697543, remain = -61, size = 3
force_push: msg_id = 1697627, remain = -61, size = 3
force_push: msg_id = 1697709, remain = -61, size = 3
force_push: msg_id = 1697790, remain = -61, size = 3
force_push: msg_id = 1697870, remain = -61, size = 3
force_push: msg_id = 1697951, remain = -61, size = 3
force_push: msg_id = 1698032, remain = -61, size = 3
force_push: msg_id = 1698113, remain = -61, size = 3
force_push: msg_id = 1698193, remain = -61, size = 3
force_push: msg_id = 1698276, remain = -61, size = 3
force_push: msg_id = 1698358, remain = -61, size = 3
force_push: msg_id = 1698441, remain = -61, size = 3
force_push: msg_id = 1698525, remain = -61, size = 3
force_push: msg_id = 1698607, remain = -61, size = 3
force_push: msg_id = 1698688, remain = -61, size = 3
force_push: msg_id = 1698769, remain = -61, size = 3
force_push: msg_id = 1698850, remain = -61, size = 3
force_push: msg_id = 1698933, remain = -61, size = 3
force_push: msg_id = 1699014, remain = -61, size = 3
force_push: msg_id = 1699093, remain = -61, size = 3
force_push: msg_id = 1699175, remain = -61, size = 3
force_push: msg_id = 1699256, remain = -61, size = 3
force_push: msg_id = 1699342, remain = -61, size = 3
force_push: msg_id = 1699422, remain = -61, size = 3
force_push: msg_id = 1699503, remain = -61, size = 3
force_push: msg_id = 1699586, remain = -61, size = 3
force_push: msg_id = 1699669, remain = -61, size = 3
force_push: msg_id = 1699751, remain = -61, size = 3
force_push: msg_id = 1699835, remain = -61, size = 3
force_push: msg_id = 1699915, remain = -61, size = 3
force_push: msg_id = 1699995, remain = -61, size = 3
force_push: msg_id = 1700077, remain = -61, size = 3
force_push: msg_id = 1700158, remain = -61, size = 3
force_push: msg_id = 1700239, remain = -61, size = 3
force_push: msg_id = 1700319, remain = -61, size = 3
force_push: msg_id = 1700400, remain = -61, size = 3
force_push: msg_id = 1700486, remain = -61, size = 3
force_push: msg_id = 1700562, remain = -61, size = 3
force_push: msg_id = 1700640, remain = -61, size = 3
force_push: msg_id = 1700720, remain = -61, size = 3
force_push: msg_id = 1700800, remain = -61, size = 3
force_push: msg_id = 1700883, remain = -61, size = 3
force_push: msg_id = 1700967, remain = -61, size = 3
force_push: msg_id = 1701041, remain = -61, size = 3
force_push: msg_id = 1701123, remain = -61, size = 3
force_push: msg_id = 1701204, remain = -61, size = 3
force_push: msg_id = 1701283, remain = -61, size = 3
force_push: msg_id = 1701363, remain = -61, size = 3
force_push: msg_id = 1701443, remain = -61, size = 3
force_push: msg_id = 1701523, remain = -61, size = 3
force_push: msg_id = 1701604, remain = -61, size = 3
force_push: msg_id = 1701684, remain = -61, size = 3
force_push: msg_id = 1701764, remain = -61, size = 3
force_push: msg_id = 1701845, remain = -61, size = 3
force_push: msg_id = 1701924, remain = -61, size = 3
force_push: msg_id = 1702004, remain = -61, size = 3
force_push: msg_id = 1702084, remain = -61, size = 3
force_push: msg_id = 1702163, remain = -61, size = 3
force_push: msg_id = 1702244, remain = -61, size = 3
force_push: msg_id = 1702324, remain = -61, size = 3
force_push: msg_id = 1702404, remain = -61, size = 3
force_push: msg_id = 1702484, remain = -61, size = 3
force_push: msg_id = 1702565, remain = -61, size = 3
force_push: msg_id = 1702645, remain = -61, size = 3
force_push: msg_id = 1702725, remain = -61, size = 3
force_push: msg_id = 1702805, remain = -61, size = 3
force_push: msg_id = 1702885, remain = -61, size = 3
force_push: msg_id = 1702965, remain = -61, size = 3
force_push: msg_id = 1703045, remain = -61, size = 3
force_push: msg_id = 1703129, remain = -61, size = 3
force_push: msg_id = 1703211, remain = -61, size = 3
force_push: msg_id = 1703292, remain = -61, size = 3
force_push: msg_id = 1703370, remain = -61, size = 3
force_push: msg_id = 1703450, remain = -61, size = 3
force_push: msg_id = 1703530, remain = -61, size = 3
force_push: msg_id = 1703606, remain = -61, size = 3
force_push: msg_id = 1703682, remain = -61, size = 3
force_push: msg_id = 1703761, remain = -61, size = 3
force_push: msg_id = 1703841, remain = -61, size = 3
force_push: msg_id = 1703923, remain = -61, size = 3
force_push: msg_id = 1704003, remain = -61, size = 3
force_push: msg_id = 1704083, remain = -61, size = 3
force_push: msg_id = 1704159, remain = -61, size = 3
force_push: msg_id = 1704240, remain = -61, size = 3
force_push: msg_id = 1704319, remain = -61, size = 3
force_push: msg_id = 1704399, remain = -61, size = 3
force_push: msg_id = 1704479, remain = -61, size = 3
force_push: msg_id = 1704559, remain = -61, size = 3
force_push: msg_id = 1704639, remain = -61, size = 3
force_push: msg_id = 1704719, remain = -61, size = 3
force_push: msg_id = 1704799, remain = -61, size = 3
force_push: msg_id = 1704877, remain = -61, size = 3
force_push: msg_id = 1704956, remain = -61, size = 3
force_push: msg_id = 1705034, remain = -61, size = 3
force_push: msg_id = 1705113, remain = -61, size = 3
force_push: msg_id = 1705193, remain = -61, size = 3
force_push: msg_id = 1705271, remain = -61, size = 3
force_push: msg_id = 1705351, remain = -61, size = 3
force_push: msg_id = 1705431, remain = -61, size = 3
force_push: msg_id = 1705512, remain = -61, size = 3
force_push: msg_id = 1705592, remain = -61, size = 3
force_push: msg_id = 1705672, remain = -61, size = 3
force_push: msg_id = 1705752, remain = -61, size = 3
force_push: msg_id = 1705832, remain = -61, size = 3
force_push: msg_id = 1705912, remain = -61, size = 3
force_push: msg_id = 1705992, remain = -61, size = 3
force_push: msg_id = 1706072, remain = -61, size = 3
force_push: msg_id = 1706152, remain = -61, size = 3
force_push: msg_id = 1706232, remain = -61, size = 3
force_push: msg_id = 1706310, remain = -61, size = 3
force_push: msg_id = 1706390, remain = -61, size = 3
force_push: msg_id = 1706467, remain = -61, size = 3
force_push: msg_id = 1706547, remain = -61, size = 3
force_push: msg_id = 1706627, remain = -61, size = 3
force_push: msg_id = 1706701, remain = -61, size = 3
force_push: msg_id = 1706778, remain = -61, size = 3
force_push: msg_id = 1706858, remain = -61, size = 3
force_push: msg_id = 1706938, remain = -61, size = 3
force_push: msg_id = 1707018, remain = -61, size = 3
force_push: msg_id = 1707098, remain = -61, size = 3
force_push: msg_id = 1707178, remain = -61, size = 3
force_push: msg_id = 1707258, remain = -61, size = 3
force_push: msg_id = 1707338, remain = -61, size = 3
force_push: msg_id = 1707418, remain = -61, size = 3
force_push: msg_id = 1707498, remain = -61, size = 3
force_push: msg_id = 1707578, remain = -61, size = 3
force_push: msg_id = 1707658, remain = -61, size = 3
force_push: msg_id = 1707735, remain = -61, size = 3
force_push: msg_id = 1707813, remain = -61, size = 3
force_push: msg_id = 1707893, remain = -61, size = 3
force_push: msg_id = 1707973, remain = -61, size = 3
force_push: msg_id = 1708053, remain = -61, size = 3
force_push: msg_id = 1708133, remain = -61, size = 3
force_push: msg_id = 1708213, remain = -61, size = 3
force_push: msg_id = 1708293, remain = -61, size = 3
force_push: msg_id = 1708373, remain = -61, size = 3
force_push: msg_id = 1708453, remain = -61, size = 3
force_push: msg_id = 1708532, remain = -61, size = 3
force_push: msg_id = 1708612, remain = -61, size = 3
force_push: msg_id = 1708691, remain = -61, size = 3
force_push: msg_id = 1708766, remain = -61, size = 3
force_push: msg_id = 1708846, remain = -61, size = 3
force_push: msg_id = 1708926, remain = -61, size = 3
force_push: msg_id = 1709003, remain = -61, size = 3
force_push: msg_id = 1709082, remain = -61, size = 3
force_push: msg_id = 1709159, remain = -61, size = 3
force_push: msg_id = 1709236, remain = -61, size = 3
force_push: msg_id = 1709316, remain = -61, size = 3
force_push: msg_id = 1709395, remain = -61, size = 3
force_push: msg_id = 1709475, remain = -61, size = 3
force_push: msg_id = 1709555, remain = -61, size = 3
force_push: msg_id = 1709634, remain = -61, size = 3
force_push: msg_id = 1709712, remain = -61, size = 3
force_push: msg_id = 1709791, remain = -61, size = 3
force_push: msg_id = 1709870, remain = -61, size = 3
force_push: msg_id = 1709949, remain = -61, size = 3
force_push: msg_id = 1710027, remain = -61, size = 3
force_push: msg_id = 1710107, remain = -61, size = 3
force_push: msg_id = 1710187, remain = -61, size = 3
force_push: msg_id = 1710267, remain = -61, size = 3
force_push: msg_id = 1710347, remain = -61, size = 3
force_push: msg_id = 1710427, remain = -61, size = 3
force_push: msg_id = 1710505, remain = -61, size = 3
force_push: msg_id = 1710584, remain = -61, size = 3
force_push: msg_id = 1710663, remain = -61, size = 3
force_push: msg_id = 1710740, remain = -61, size = 3
force_push: msg_id = 1710820, remain = -61, size = 3
force_push: msg_id = 1710894, remain = -61, size = 3
force_push: msg_id = 1710973, remain = -61, size = 3
force_push: msg_id = 1711051, remain = -61, size = 3
force_push: msg_id = 1711131, remain = -61, size = 3
force_push: msg_id = 1711207, remain = -61, size = 3
force_push: msg_id = 1711286, remain = -61, size = 3
force_push: msg_id = 1711366, remain = -61, size = 3
force_push: msg_id = 1711446, remain = -61, size = 3
force_push: msg_id = 1711526, remain = -61, size = 3
force_push: msg_id = 1711606, remain = -61, size = 3
force_push: msg_id = 1711686, remain = -61, size = 3
force_push: msg_id = 1711766, remain = -61, size = 3
force_push: msg_id = 1711846, remain = -61, size = 3
force_push: msg_id = 1711926, remain = -61, size = 3
force_push: msg_id = 1712006, remain = -61, size = 3
force_push: msg_id = 1712084, remain = -61, size = 3
force_push: msg_id = 1712164, remain = -61, size = 3
force_push: msg_id = 1712244, remain = -61, size = 3
force_push: msg_id = 1712324, remain = -61, size = 3
force_push: msg_id = 1712404, remain = -61, size = 3
force_push: msg_id = 1712485, remain = -61, size = 3
force_push: msg_id = 1712565, remain = -61, size = 3
force_push: msg_id = 1712645, remain = -61, size = 3
force_push: msg_id = 1712725, remain = -61, size = 3
force_push: msg_id = 1712805, remain = -61, size = 3
force_push: msg_id = 1712886, remain = -61, size = 3
force_push: msg_id = 1712966, remain = -61, size = 3
force_push: msg_id = 1713046, remain = -61, size = 3
force_push: msg_id = 1713126, remain = -61, size = 3
force_push: msg_id = 1713206, remain = -61, size = 3
force_push: msg_id = 1713286, remain = -61, size = 3
force_push: msg_id = 1713365, remain = -61, size = 3
force_push: msg_id = 1713444, remain = -61, size = 3
force_push: msg_id = 1713522, remain = -61, size = 3
force_push: msg_id = 1713602, remain = -61, size = 3
force_push: msg_id = 1713681, remain = -61, size = 3
force_push: msg_id = 1713760, remain = -61, size = 3
force_push: msg_id = 1713838, remain = -61, size = 3
force_push: msg_id = 1713916, remain = -61, size = 3
force_push: msg_id = 1713996, remain = -61, size = 3
force_push: msg_id = 1714076, remain = -61, size = 3
force_push: msg_id = 1714154, remain = -61, size = 3
force_push: msg_id = 1714234, remain = -61, size = 3
force_push: msg_id = 1714314, remain = -61, size = 3
force_push: msg_id = 1714394, remain = -61, size = 3
force_push: msg_id = 1714474, remain = -61, size = 3
force_push: msg_id = 1714554, remain = -61, size = 3
force_push: msg_id = 1714634, remain = -61, size = 3
force_push: msg_id = 1714714, remain = -61, size = 3
force_push: msg_id = 1714794, remain = -61, size = 3
force_push: msg_id = 1714874, remain = -61, size = 3
force_push: msg_id = 1714954, remain = -61, size = 3
force_push: msg_id = 1715032, remain = -61, size = 3
force_push: msg_id = 1715112, remain = -61, size = 3
force_push: msg_id = 1715192, remain = -61, size = 3
force_push: msg_id = 1715272, remain = -61, size = 3
force_push: msg_id = 1715351, remain = -61, size = 3
force_push: msg_id = 1715430, remain = -61, size = 3
force_push: msg_id = 1715510, remain = -61, size = 3
force_push: msg_id = 1715590, remain = -61, size = 3
force_push: msg_id = 1715670, remain = -61, size = 3
force_push: msg_id = 1715750, remain = -61, size = 3
force_push: msg_id = 1715830, remain = -61, size = 3
force_push: msg_id = 1715910, remain = -61, size = 3
force_push: msg_id = 1715990, remain = -61, size = 3
force_push: msg_id = 1716070, remain = -61, size = 3
force_push: msg_id = 1716148, remain = -61, size = 3
force_push: msg_id = 1716228, remain = -61, size = 3
force_push: msg_id = 1716308, remain = -61, size = 3
force_push: msg_id = 1716388, remain = -61, size = 3
force_push: msg_id = 1716466, remain = -61, size = 3
force_push: msg_id = 1716546, remain = -61, size = 3
force_push: msg_id = 1716626, remain = -61, size = 3
force_push: msg_id = 1716706, remain = -61, size = 3
force_push: msg_id = 1716785, remain = -61, size = 3
force_push: msg_id = 1716863, remain = -61, size = 3
force_push: msg_id = 1716941, remain = -61, size = 3
force_push: msg_id = 1717021, remain = -61, size = 3
force_push: msg_id = 1717099, remain = -61, size = 3
force_push: msg_id = 1717179, remain = -61, size = 3
force_push: msg_id = 1717259, remain = -61, size = 3
force_push: msg_id = 1717339, remain = -61, size = 3
force_push: msg_id = 1717419, remain = -61, size = 3
force_push: msg_id = 1717499, remain = -61, size = 3
force_push: msg_id = 1717577, remain = -61, size = 3
force_push: msg_id = 1717657, remain = -61, size = 3
force_push: msg_id = 1717737, remain = -61, size = 3
force_push: msg_id = 1717815, remain = -61, size = 3
force_push: msg_id = 1717895, remain = -61, size = 3
force_push: msg_id = 1717975, remain = -61, size = 3
force_push: msg_id = 1718055, remain = -61, size = 3
force_push: msg_id = 1718135, remain = -61, size = 3
force_push: msg_id = 1718214, remain = -61, size = 3
force_push: msg_id = 1718294, remain = -61, size = 3
force_push: msg_id = 1718374, remain = -61, size = 3
force_push: msg_id = 1718454, remain = -61, size = 3
force_push: msg_id = 1718532, remain = -61, size = 3
force_push: msg_id = 1718612, remain = -61, size = 3
force_push: msg_id = 1718692, remain = -61, size = 3
force_push: msg_id = 1718772, remain = -61, size = 3
force_push: msg_id = 1718851, remain = -61, size = 3
force_push: msg_id = 1718931, remain = -61, size = 3
force_push: msg_id = 1719011, remain = -61, size = 3
force_push: msg_id = 1719091, remain = -61, size = 3
force_push: msg_id = 1719171, remain = -61, size = 3
force_push: msg_id = 1719251, remain = -61, size = 3
force_push: msg_id = 1719330, remain = -61, size = 3
force_push: msg_id = 1719410, remain = -61, size = 3
force_push: msg_id = 1719490, remain = -61, size = 3
force_push: msg_id = 1719569, remain = -61, size = 3
force_push: msg_id = 1719649, remain = -61, size = 3
force_push: msg_id = 1719725, remain = -61, size = 3
force_push: msg_id = 1719803, remain = -61, size = 3
force_push: msg_id = 1719883, remain = -61, size = 3
force_push: msg_id = 1719964, remain = -61, size = 3
force_push: msg_id = 1720045, remain = -61, size = 3
force_push: msg_id = 1720124, remain = -61, size = 3
force_push: msg_id = 1720204, remain = -61, size = 3
force_push: msg_id = 1720284, remain = -61, size = 3
force_push: msg_id = 1720364, remain = -61, size = 3
force_push: msg_id = 1720442, remain = -61, size = 3
force_push: msg_id = 1720522, remain = -61, size = 3
force_push: msg_id = 1720600, remain = -61, size = 3
force_push: msg_id = 1720680, remain = -61, size = 3
force_push: msg_id = 1720760, remain = -61, size = 3
force_push: msg_id = 1720840, remain = -61, size = 3
force_push: msg_id = 1720920, remain = -61, size = 3
force_push: msg_id = 1721000, remain = -61, size = 3
force_push: msg_id = 1721080, remain = -61, size = 3
force_push: msg_id = 1721160, remain = -61, size = 3
force_push: msg_id = 1721240, remain = -61, size = 3
force_push: msg_id = 1721320, remain = -61, size = 3
force_push: msg_id = 1721400, remain = -61, size = 3
force_push: msg_id = 1721480, remain = -61, size = 3
force_push: msg_id = 1721560, remain = -61, size = 3
force_push: msg_id = 1721640, remain = -61, size = 3
force_push: msg_id = 1721720, remain = -61, size = 3
force_push: msg_id = 1721800, remain = -61, size = 3
force_push: msg_id = 1721879, remain = -61, size = 3
force_push: msg_id = 1721959, remain = -61, size = 3
force_push: msg_id = 1722039, remain = -61, size = 3
force_push: msg_id = 1722120, remain = -61, size = 3
force_push: msg_id = 1722195, remain = -61, size = 3
force_push: msg_id = 1722274, remain = -61, size = 3
force_push: msg_id = 1722350, remain = -61, size = 3
force_push: msg_id = 1722430, remain = -61, size = 3
force_push: msg_id = 1722506, remain = -61, size = 3
force_push: msg_id = 1722586, remain = -61, size = 3
force_push: msg_id = 1722661, remain = -61, size = 3
force_push: msg_id = 1722741, remain = -61, size = 3
force_push: msg_id = 1722819, remain = -61, size = 3
force_push: msg_id = 1722899, remain = -61, size = 3
force_push: msg_id = 1722977, remain = -61, size = 3
force_push: msg_id = 1723055, remain = -61, size = 3
force_push: msg_id = 1723135, remain = -61, size = 3
force_push: msg_id = 1723215, remain = -61, size = 3
force_push: msg_id = 1723295, remain = -61, size = 3
force_push: msg_id = 1723375, remain = -61, size = 3
force_push: msg_id = 1723455, remain = -61, size = 3
force_push: msg_id = 1723535, remain = -61, size = 3
force_push: msg_id = 1723615, remain = -61, size = 3
force_push: msg_id = 1723695, remain = -61, size = 3
force_push: msg_id = 1723775, remain = -61, size = 3
force_push: msg_id = 1723855, remain = -61, size = 3
force_push: msg_id = 1723935, remain = -61, size = 3
force_push: msg_id = 1724015, remain = -61, size = 3
force_push: msg_id = 1724093, remain = -61, size = 3
force_push: msg_id = 1724173, remain = -61, size = 3
force_push: msg_id = 1724253, remain = -61, size = 3
force_push: msg_id = 1724333, remain = -61, size = 3
force_push: msg_id = 1724412, remain = -61, size = 3
force_push: msg_id = 1724492, remain = -61, size = 3
force_push: msg_id = 1724572, remain = -61, size = 3
force_push: msg_id = 1724652, remain = -61, size = 3
force_push: msg_id = 1724730, remain = -61, size = 3
force_push: msg_id = 1724804, remain = -61, size = 3
force_push: msg_id = 1724882, remain = -61, size = 3
force_push: msg_id = 1724962, remain = -61, size = 3
force_push: msg_id = 1725041, remain = -61, size = 3
force_push: msg_id = 1725123, remain = -61, size = 3
force_push: msg_id = 1725203, remain = -61, size = 3
force_push: msg_id = 1725286, remain = -61, size = 3
force_push: msg_id = 1725367, remain = -61, size = 3
force_push: msg_id = 1725447, remain = -61, size = 3
force_push: msg_id = 1725531, remain = -61, size = 3
force_push: msg_id = 1725612, remain = -61, size = 3
force_push: msg_id = 1725695, remain = -61, size = 3
force_push: msg_id = 1725776, remain = -61, size = 3
force_push: msg_id = 1725856, remain = -61, size = 3
force_push: msg_id = 1725939, remain = -61, size = 3
force_push: msg_id = 1726019, remain = -61, size = 3
force_push: msg_id = 1726102, remain = -61, size = 3
force_push: msg_id = 1726182, remain = -61, size = 3
force_push: msg_id = 1726267, remain = -61, size = 3
force_push: msg_id = 1726349, remain = -61, size = 3
force_push: msg_id = 1726432, remain = -61, size = 3
force_push: msg_id = 1726513, remain = -61, size = 3
force_push: msg_id = 1726595, remain = -61, size = 3
force_push: msg_id = 1726675, remain = -61, size = 3
force_push: msg_id = 1726758, remain = -61, size = 3
force_push: msg_id = 1726839, remain = -61, size = 3
force_push: msg_id = 1726922, remain = -61, size = 3
force_push: msg_id = 1727003, remain = -61, size = 3
force_push: msg_id = 1727083, remain 