Read file config.yml
Running executor...
Loaded function exp00_front. lib_load_elasped: 199, func_load_elasped: 3
Loaded function exp00_back. lib_load_elasped: 153, func_load_elasped: 1
force_push: msg_id = 1689883, remain = 152, size = 64
Send to executer failed.force_push: msg_id = 1690034, remain = -61, size = 3
force_push: msg_id = 1690113, remain = -61, size = 3
force_push: msg_id = 1690196, remain = -61, size = 3
force_push: msg_id = 1690278, remain = -61, size = 3
force_push: msg_id = 1690370, remain = -61, size = 3
force_push: msg_id = 1690448, remain = -61, size = 3
force_push: msg_id = 1690531, remain = -61, size = 3
force_push: msg_id = 1690607, remain = -61, size = 3
force_push: msg_id = 1690690, remain = -61, size = 3
force_push: msg_id = 1690773, remain = -61, size = 3
force_push: msg_id = 1690848, remain = -61, size = 3
force_push: msg_id = 1690926, remain = -61, size = 3
force_push: msg_id = 1691011, remain = -61, size = 3
force_push: msg_id = 1691083, remain = -61, size = 3
force_push: msg_id = 1691163, remain = -61, size = 3
force_push: msg_id = 1691245, remain = -61, size = 3
force_push: msg_id = 1691322, remain = -61, size = 3
force_push: msg_id = 1691400, remain = -61, size = 3
force_push: msg_id = 1691481, remain = -61, size = 3
force_push: msg_id = 1691559, remain = -61, size = 3
force_push: msg_id = 1691639, remain = -61, size = 3
force_push: msg_id = 1691721, remain = -61, size = 3
force_push: msg_id = 1691798, remain = -61, size = 3
force_push: msg_id = 1691885, remain = -61, size = 3
force_push: msg_id = 1691963, remain = -61, size = 3
force_push: msg_id = 1692045, remain = -61, size = 3
force_push: msg_id = 1692125, remain = -61, size = 3
force_push: msg_id = 1692203, remain = -61, size = 3
force_push: msg_id = 1692282, remain = -61, size = 3
force_push: msg_id = 1692362, remain = -61, size = 3
force_push: msg_id = 1692443, remain = -61, size = 3
force_push: msg_id = 1692525, remain = -61, size = 3
force_push: msg_id = 1692607, remain = -61, size = 3
force_push: msg_id = 1692685, remain = -61, size = 3
force_push: msg_id = 1692766, remain = -61, size = 3
force_push: msg_id = 1692850, remain = -61, size = 3
force_push: msg_id = 1692935, remain = -61, size = 3
force_push: msg_id = 1693006, remain = -61, size = 3
force_push: msg_id = 1693086, remain = -61, size = 3
force_push: msg_id = 1693177, remain = -61, size = 3
force_push: msg_id = 1693250, remain = -61, size = 3
force_push: msg_id = 1693332, remain = -61, size = 3
force_push: msg_id = 1693420, remain = -61, size = 3
force_push: msg_id = 1693500, remain = -61, size = 3
force_push: msg_id = 1693580, remain = -61, size = 3
force_push: msg_id = 1693665, remain = -61, size = 3
force_push: msg_id = 1693745, remain = -61, size = 3
force_push: msg_id = 1693823, remain = -61, size = 3
force_push: msg_id = 1693907, remain = -61, size = 3
force_push: msg_id = 1693988, remain = -61, size = 3
force_push: msg_id = 1694068, remain = -61, size = 3
force_push: msg_id = 1694151, remain = -61, size = 3
force_push: msg_id = 1694226, remain = -61, size = 3
force_push: msg_id = 1694310, remain = -61, size = 3
force_push: msg_id = 1694394, remain = -61, size = 3
force_push: msg_id = 1694474, remain = -61, size = 3
force_push: msg_id = 1694552, remain = -61, size = 3
force_push: msg_id = 1694635, remain = -61, size = 3
force_push: msg_id = 1694712, remain = -61, size = 3
force_push: msg_id = 1694795, remain = -61, size = 3
force_push: msg_id = 1694876, remain = -61, size = 3
force_push: msg_id = 1694957, remain = -61, size = 3
force_push: msg_id = 1695037, remain = -61, size = 3
force_push: msg_id = 1695118, remain = -61, size = 3
force_push: msg_id = 1695200, remain = -61, size = 3
force_push: msg_id = 1695280, remain = -61, size = 3
force_push: msg_id = 1695362, remain = -61, size = 3
force_push: msg_id = 1695444, remain = -61, size = 3
force_push: msg_id = 1695526, remain = -61, size = 3
force_push: msg_id = 1695607, remain = -61, size = 3
force_push: msg_id = 1695688, remain = -61, size = 3
force_push: msg_id = 1695766, remain = -61, size = 3
force_push: msg_id = 1695852, remain = -61, size = 3
force_push: msg_id = 1695935, remain = -61, size = 3
force_push: msg_id = 1696019, remain = -61, size = 3
force_push: msg_id = 1696101, remain = -61, size = 3
force_push: msg_id = 1696184, remain = -61, size = 3
force_push: msg_id = 1696266, remain = -61, size = 3
force_push: msg_id = 1696350, remain = -61, size = 3
force_push: msg_id = 1696432, remain = -61, size = 3
force_push: msg_id = 1696511, remain = -61, size = 3
force_push: msg_id = 1696592, remain = -61, size = 3
force_push: msg_id = 1696673, remain = -61, size = 3
force_push: msg_id = 1696753, remain = -61, size = 3
force_push: msg_id = 1696834, remain = -61, size = 3
force_push: msg_id = 1696916, remain = -61, size = 3
force_push: msg_id = 1696999, remain = -61, size = 3
force_push: msg_id = 1697081, remain = -61, size = 3
force_push: msg_id = 1697161, remain = -61, size = 3
force_push: msg_id = 1697241, remain = -61, size = 3
force_push: msg_id = 1697322, remain = -61, size = 3
force_push: msg_id = 1697403, remain = -61, size = 3
force_push: msg_id = 1697476, remain = -61, size = 3
force_push: msg_id = 1697554, remain = -61, size = 3
force_push: msg_id = 1697632, remain = -61, size = 3
force_push: msg_id = 1697708, remain = -61, size = 3
force_push: msg_id = 1697789, remain = -61, size = 3
force_push: msg_id = 1697867, remain = -61, size = 3
force_push: msg_id = 1697947, remain = -61, size = 3
force_push: msg_id = 1698023, remain = -61, size = 3
force_push: msg_id = 1698103, remain = -61, size = 3
force_push: msg_id = 1698183, remain = -61, size = 3
force_push: msg_id = 1698263, remain = -61, size = 3
force_push: msg_id = 1698343, remain = -61, size = 3
force_push: msg_id = 1698424, remain = -61, size = 3
force_push: msg_id = 1698504, remain = -61, size = 3
force_push: msg_id = 1698584, remain = -61, size = 3
force_push: msg_id = 1698664, remain = -61, size = 3
force_push: msg_id = 1698744, remain = -61, size = 3
force_push: msg_id = 1698824, remain = -61, size = 3
force_push: msg_id = 1698904, remain = -61, size = 3
force_push: msg_id = 1698984, remain = -61, size = 3
force_push: msg_id = 1699064, remain = -61, size = 3
force_push: msg_id = 1699144, remain = -61, size = 3
force_push: msg_id = 1699224, remain = -61, size = 3
force_push: msg_id = 1699304, remain = -61, size = 3
force_push: msg_id = 1699384, remain = -61, size = 3
force_push: msg_id = 1699464, remain = -61, size = 3
force_push: msg_id = 1699542, remain = -61, size = 3
force_push: msg_id = 1699622, remain = -61, size = 3
force_push: msg_id = 1699702, remain = -61, size = 3
force_push: msg_id = 1699782, remain = -61, size = 3
force_push: msg_id = 1699862, remain = -61, size = 3
force_push: msg_id = 1699940, remain = -61, size = 3
force_push: msg_id = 1700020, remain = -61, size = 3
force_push: msg_id = 1700100, remain = -61, size = 3
force_push: msg_id = 1700180, remain = -61, size = 3
force_push: msg_id = 1700258, remain = -61, size = 3
force_push: msg_id = 1700330, remain = -61, size = 3
force_push: msg_id = 1700407, remain = -61, size = 3
force_push: msg_id = 1700484, remain = -61, size = 3
force_push: msg_id = 1700557, remain = -61, size = 3
force_push: msg_id = 1700637, remain = -61, size = 3
force_push: msg_id = 1700717, remain = -61, size = 3
force_push: msg_id = 1700797, remain = -61, size = 3
force_push: msg_id = 1700877, remain = -61, size = 3
force_push: msg_id = 1700956, remain = -61, size = 3
force_push: msg_id = 1701036, remain = -61, size = 3
force_push: msg_id = 1701116, remain = -61, size = 3
force_push: msg_id = 1701196, remain = -61, size = 3
force_push: msg_id = 1701276, remain = -61, size = 3
force_push: msg_id = 1701356, remain = -61, size = 3
force_push: msg_id = 1701437, remain = -61, size = 3
force_push: msg_id = 1701516, remain = -61, size = 3
force_push: msg_id = 1701597, remain = -61, size = 3
force_push: msg_id = 1701677, remain = -61, size = 3
force_push: msg_id = 1701757, remain = -61, size = 3
force_push: msg_id = 1701836, remain = -61, size = 3
force_push: msg_id = 1701916, remain = -61, size = 3
force_push: msg_id = 1701997, remain = -61, size = 3
force_push: msg_id = 1702076, remain = -61, size = 3
force_push: msg_id = 1702157, remain = -61, size = 3
force_push: msg_id = 1702237, remain = -61, size = 3
force_push: msg_id = 1702317, remain = -61, size = 3
force_push: msg_id = 1702397, remain = -61, size = 3
force_push: msg_id = 1702477, remain = -61, size = 3
force_push: msg_id = 1702556, remain = -61, size = 3
force_push: msg_id = 1702635, remain = -61, size = 3
force_push: msg_id = 1702715, remain = -61, size = 3
force_push: msg_id = 1702794, remain = -61, size = 3
force_push: msg_id = 1702873, remain = -61, size = 3
force_push: msg_id = 1702947, remain = -61, size = 3
force_push: msg_id = 1703025, remain = -61, size = 3
force_push: msg_id = 1703105, remain = -61, size = 3
force_push: msg_id = 1703185, remain = -61, size = 3
force_push: msg_id = 1703265, remain = -61, size = 3
force_push: msg_id = 1703342, remain = -61, size = 3
force_push: msg_id = 1703421, remain = -61, size = 3
force_push: msg_id = 1703501, remain = -61, size = 3
force_push: msg_id = 1703581, remain = -61, size = 3
force_push: msg_id = 1703661, remain = -61, size = 3
force_push: msg_id = 1703741, remain = -61, size = 3
force_push: msg_id = 1703821, remain = -61, size = 3
force_push: msg_id = 1703901, remain = -61, size = 3
force_push: msg_id = 1703981, remain = -61, size = 3
force_push: msg_id = 1704061, remain = -61, size = 3
force_push: msg_id = 1704139, remain = -61, size = 3
force_push: msg_id = 1704219, remain = -61, size = 3
force_push: msg_id = 1704299, remain = -61, size = 3
force_push: msg_id = 1704379, remain = -61, size = 3
force_push: msg_id = 1704459, remain = -61, size = 3
force_push: msg_id = 1704538, remain = -61, size = 3
force_push: msg_id = 1704618, remain = -61, size = 3
force_push: msg_id = 1704698, remain = -61, size = 3
force_push: msg_id = 1704778, remain = -61, size = 3
force_push: msg_id = 1704858, remain = -61, size = 3
force_push: msg_id = 1704938, remain = -61, size = 3
force_push: msg_id = 1705018, remain = -61, size = 3
force_push: msg_id = 1705098, remain = -61, size = 3
force_push: msg_id = 1705178, remain = -61, size = 3
force_push: msg_id = 1705258, remain = -61, size = 3
force_push: msg_id = 1705338, remain = -61, size = 3
force_push: msg_id = 1705418, remain = -61, size = 3
force_push: msg_id = 1705498, remain = -61, size = 3
force_push: msg_id = 1705578, remain = -61, size = 3
force_push: msg_id = 1705658, remain = -61, size = 3
force_push: msg_id = 1705736, remain = -61, size = 3
force_push: msg_id = 1705816, remain = -61, size = 3
force_push: msg_id = 1705894, remain = -61, size = 3
force_push: msg_id = 1705974, remain = -61, size = 3
force_push: msg_id = 1706052, remain = -61, size = 3
force_push: msg_id = 1706132, remain = -61, size = 3
force_push: msg_id = 1706212, remain = -61, size = 3
force_push: msg_id = 1706292, remain = -61, size = 3
force_push: msg_id = 1706372, remain = -61, size = 3
force_push: msg_id = 1706452, remain = -61, size = 3
force_push: msg_id = 1706532, remain = -61, size = 3
force_push: msg_id = 1706612, remain = -61, size = 3
force_push: msg_id = 1706692, remain = -61, size = 3
force_push: msg_id = 1706772, remain = -61, size = 3
force_push: msg_id = 1706852, remain = -61, size = 3
force_push: msg_id = 1706932, remain = -61, size = 3
force_push: msg_id = 1707012, remain = -61, size = 3
force_push: msg_id = 1707092, remain = -61, size = 3
force_push: msg_id = 1707172, remain = -61, size = 3
force_push: msg_id = 1707252, remain = -61, size = 3
force_push: msg_id = 1707332, remain = -61, size = 3
force_push: msg_id = 1707412, remain = -61, size = 3
force_push: msg_id = 1707492, remain = -61, size = 3
force_push: msg_id = 1707570, remain = -61, size = 3
force_push: msg_id = 1707648, remain = -61, size = 3
force_push: msg_id = 1707729, remain = -61, size = 3
force_push: msg_id = 1707809, remain = -61, size = 3
force_push: msg_id = 1707889, remain = -61, size = 3
force_push: msg_id = 1707969, remain = -61, size = 3
force_push: msg_id = 1708049, remain = -61, size = 3
force_push: msg_id = 1708129, remain = -61, size = 3
force_push: msg_id = 1708209, remain = -61, size = 3
force_push: msg_id = 1708289, remain = -61, size = 3
force_push: msg_id = 1708369, remain = -61, size = 3
force_push: msg_id = 1708449, remain = -61, size = 3
force_push: msg_id = 1708529, remain = -61, size = 3
force_push: msg_id = 1708606, remain = -61, size = 3
force_push: msg_id = 1708685, remain = -61, size = 3
force_push: msg_id = 1708765, remain = -61, size = 3
force_push: msg_id = 1708845, remain = -61, size = 3
force_push: msg_id = 1708925, remain = -61, size = 3
force_push: msg_id = 1709004, remain = -61, size = 3
force_push: msg_id = 1709084, remain = -61, size = 3
force_push: msg_id = 1709162, remain = -61, size = 3
force_push: msg_id = 1709242, remain = -61, size = 3
force_push: msg_id = 1709322, remain = -61, size = 3
force_push: msg_id = 1709402, remain = -61, size = 3
force_push: msg_id = 1709482, remain = -61, size = 3
force_push: msg_id = 1709562, remain = -61, size = 3
force_push: msg_id = 1709642, remain = -61, size = 3
force_push: msg_id = 1709722, remain = -61, size = 3
force_push: msg_id = 1709802, remain = -61, size = 3
force_push: msg_id = 1709882, remain = -61, size = 3
force_push: msg_id = 1709963, remain = -61, size = 3
force_push: msg_id = 1710042, remain = -61, size = 3
force_push: msg_id = 1710120, remain = -61, size = 3
force_push: msg_id = 1710200, remain = -61, size = 3
force_push: msg_id = 1710280, remain = -61, size = 3
force_push: msg_id = 1710358, remain = -61, size = 3
force_push: msg_id = 1710438, remain = -61, size = 3
force_push: msg_id = 1710517, remain = -61, size = 3
force_push: msg_id = 1710597, remain = -61, size = 3
force_push: msg_id = 1710677, remain = -61, size = 3
force_push: msg_id = 1710757, remain = -61, size = 3
force_push: msg_id = 1710837, remain = -61, size = 3
force_push: msg_id = 1710916, remain = -61, size = 3
force_push: msg_id = 1710996, remain = -61, size = 3
force_push: msg_id = 1711076, remain = -61, size = 3
force_push: msg_id = 1711156, remain = -61, size = 3
force_push: msg_id = 1711236, remain = -61, size = 3
force_push: msg_id = 1711316, remain = -61, size = 3
force_push: msg_id = 1711396, remain = -61, size = 3
force_push: msg_id = 1711476, remain = -61, size = 3
force_push: msg_id = 1711554, remain = -61, size = 3
force_push: msg_id = 1711634, remain = -61, size = 3
force_push: msg_id = 1711714, remain = -61, size = 3
force_push: msg_id = 1711792, remain = -61, size = 3
force_push: msg_id = 1711872, remain = -61, size = 3
force_push: msg_id = 1711948, remain = -61, size = 3
force_push: msg_id = 1712027, remain = -61, size = 3
force_push: msg_id = 1712106, remain = -61, size = 3
force_push: msg_id = 1712186, remain = -61, size = 3
force_push: msg_id = 1712266, remain = -61, size = 3
force_push: msg_id = 1712346, remain = -61, size = 3
force_push: msg_id = 1712426, remain = -61, size = 3
force_push: msg_id = 1712506, remain = -61, size = 3
force_push: msg_id = 1712585, remain = -61, size = 3
force_push: msg_id = 1712665, remain = -61, size = 3
force_push: msg_id = 1712745, remain = -61, size = 3
force_push: msg_id = 1712825, remain = -61, size = 3
force_push: msg_id = 1712903, remain = -61, size = 3
force_push: msg_id = 1712983, remain = -61, size = 3
force_push: msg_id = 1713063, remain = -61, size = 3
force_push: msg_id = 1713143, remain = -61, size = 3
force_push: msg_id = 1713223, remain = -61, size = 3
force_push: msg_id = 1713303, remain = -61, size = 3
force_push: msg_id = 1713383, remain = -61, size = 3
force_push: msg_id = 1713463, remain = -61, size = 3
force_push: msg_id = 1713543, remain = -61, size = 3
force_push: msg_id = 1713623, remain = -61, size = 3
force_push: msg_id = 1713703, remain = -61, size = 3
force_push: msg_id = 1713783, remain = -61, size = 3
force_push: msg_id = 1713863, remain = -61, size = 3
force_push: msg_id = 1713943, remain = -61, size = 3
force_push: msg_id = 1714023, remain = -61, size = 3
force_push: msg_id = 1714103, remain = -61, size = 3
force_push: msg_id = 1714181, remain = -61, size = 3
force_push: msg_id = 1714261, remain = -61, size = 3
force_push: msg_id = 1714341, remain = -61, size = 3
force_push: msg_id = 1714419, remain = -61, size = 3
force_push: msg_id = 1714499, remain = -61, size = 3
force_push: msg_id = 1714579, remain = -61, size = 3
force_push: msg_id = 1714659, remain = -61, size = 3
force_push: msg_id = 1714733, remain = -61, size = 3
force_push: msg_id = 1714813, remain = -61, size = 3
force_push: msg_id = 1714893, remain = -61, size = 3
force_push: msg_id = 1714971, remain = -61, size = 3
force_push: msg_id = 1715051, remain = -61, size = 3
force_push: msg_id = 1715131, remain = -61, size = 3
force_push: msg_id = 1715211, remain = -61, size = 3
force_push: msg_id = 1715291, remain = -61, size = 3
force_push: msg_id = 1715371, remain = -61, size = 3
force_push: msg_id = 1715450, remain = -61, size = 3
force_push: msg_id = 1715530, remain = -61, size = 3
force_push: msg_id = 1715610, remain = -61, size = 3
force_push: msg_id = 1715690, remain = -61, size = 3
force_push: msg_id = 1715768, remain = -61, size = 3
force_push: msg_id = 1715848, remain = -61, size = 3
force_push: msg_id = 1715929, remain = -61, size = 3
force_push: msg_id = 1716009, remain = -61, size = 3
force_push: msg_id = 1716089, remain = -61, size = 3
force_push: msg_id = 1716169, remain = -61, size = 3
force_push: msg_id = 1716248, remain = -61, size = 3
force_push: msg_id = 1716327, remain = -61, size = 3
force_push: msg_id = 1716407, remain = -61, size = 3
force_push: msg_id = 1716487, remain = -61, size = 3
force_push: msg_id = 1716567, remain = -61, size = 3
force_push: msg_id = 1716647, remain = -61, size = 3
force_push: msg_id = 1716727, remain = -61, size = 3
force_push: msg_id = 1716807, remain = -61, size = 3
force_push: msg_id = 1716887, remain = -61, size = 3
force_push: msg_id = 1716967, remain = -61, size = 3
force_push: msg_id = 1717045, remain = -61, size = 3
force_push: msg_id = 1717125, remain = -61, size = 3
force_push: msg_id = 1717205, remain = -61, size = 3
force_push: msg_id = 1717286, remain = -61, size = 3
force_push: msg_id = 1717364, remain = -61, size = 3
force_push: msg_id = 1717444, remain = -61, size = 3
force_push: msg_id = 1717523, remain = -61, size = 3
force_push: msg_id = 1717603, remain = -61, size = 3
force_push: msg_id = 1717681, remain = -61, size = 3
force_push: msg_id = 1717761, remain = -61, size = 3
force_push: msg_id = 1717839, remain = -61, size = 3
force_push: msg_id = 1717919, remain = -61, size = 3
force_push: msg_id = 1718000, remain = -61, size = 3
force_push: msg_id = 1718078, remain = -61, size = 3
force_push: msg_id = 1718158, remain = -61, size = 3
force_push: msg_id = 1718238, remain = -61, size = 3
force_push: msg_id = 1718318, remain = -61, size = 3
force_push: msg_id = 1718397, remain = -61, size = 3
force_push: msg_id = 1718477, remain = -61, size = 3
force_push: msg_id = 1718557, remain = -61, size = 3
force_push: msg_id = 1718635, remain = -61, size = 3
force_push: msg_id = 1718715, remain = -61, size = 3
force_push: msg_id = 1718795, remain = -61, size = 3
force_push: msg_id = 1718875, remain = -61, size = 3
force_push: msg_id = 1718955, remain = -61, size = 3
force_push: msg_id = 1719035, remain = -61, size = 3
force_push: msg_id = 1719115, remain = -61, size = 3
force_push: msg_id = 1719195, remain = -61, size = 3
force_push: msg_id = 1719275, remain = -61, size = 3
force_push: msg_id = 1719356, remain = -61, size = 3
force_push: msg_id = 1719436, remain = -61, size = 3
force_push: msg_id = 1719514, remain = -61, size = 3
force_push: msg_id = 1719594, remain = -61, size = 3
force_push: msg_id = 1719674, remain = -61, size = 3
force_push: msg_id = 1719755, remain = -61, size = 3
force_push: msg_id = 1719834, remain = -61, size = 3
force_push: msg_id = 1719914, remain = -61, size = 3
force_push: msg_id = 1719994, remain = -61, size = 3
force_push: msg_id = 1720072, remain = -61, size = 3
force_push: msg_id = 1720152, remain = -61, size = 3
force_push: msg_id = 1720232, remain = -61, size = 3
force_push: msg_id = 1720312, remain = -61, size = 3
force_push: msg_id = 1720390, remain = -61, size = 3
force_push: msg_id = 1720470, remain = -61, size = 3
force_push: msg_id = 1720548, remain = -61, size = 3
force_push: msg_id = 1720624, remain = -61, size = 3
force_push: msg_id = 1720704, remain = -61, size = 3
force_push: msg_id = 1720784, remain = -61, size = 3
force_push: msg_id = 1720864, remain = -61, size = 3
force_push: msg_id = 1720944, remain = -61, size = 3
force_push: msg_id = 1721024, remain = -61, size = 3
force_push: msg_id = 1721104, remain = -61, size = 3
force_push: msg_id = 1721185, remain = -61, size = 3
force_push: msg_id = 1721265, remain = -61, size = 3
force_push: msg_id = 1721343, remain = -61, size = 3
force_push: msg_id = 1721422, remain = -61, size = 3
force_push: msg_id = 1721502, remain = -61, size = 3
force_push: msg_id = 1721582, remain = -61, size = 3
force_push: msg_id = 1721662, remain = -61, size = 3
force_push: msg_id = 1721742, remain = -61, size = 3
force_push: msg_id = 1721822, remain = -61, size = 3
force_push: msg_id = 1721902, remain = -61, size = 3
force_push: msg_id = 1721982, remain = -61, size = 3
force_push: msg_id = 1722062, remain = -61, size = 3
force_push: msg_id = 1722142, remain = -61, size = 3
force_push: msg_id = 1722222, remain = -61, size = 3
force_push: msg_id = 1722302, remain = -61, size = 3
force_push: msg_id = 1722382, remain = -61, size = 3
force_push: msg_id = 1722462, remain = -61, size = 3
force_push: msg_id = 1722542, remain = -61, size = 3
force_push: msg_id = 1722622, remain = -61, size = 3
force_push: msg_id = 1722702, remain = -61, size = 3
force_push: msg_id = 1722782, remain = -61, size = 3
force_push: msg_id = 1722862, remain = -61, size = 3
force_push: msg_id = 1722942, remain = -61, size = 3
force_push: msg_id = 1723022, remain = -61, size = 3
force_push: msg_id = 1723100, remain = -61, size = 3
force_push: msg_id = 1723180, remain = -61, size = 3
force_push: msg_id = 1723260, remain = -61, size = 3
force_push: msg_id = 1723336, remain = -61, size = 3
force_push: msg_id = 1723414, remain = -61, size = 3
force_push: msg_id = 1723491, remain = -61, size = 3
force_push: msg_id = 1723571, remain = -61, size = 3
force_push: msg_id = 1723651, remain = -61, size = 3
force_push: msg_id = 1723731, remain = -61, size = 3
force_push: msg_id = 1723811, remain = -61, size = 3
force_push: msg_id = 1723891, remain = -61, size = 3
force_push: msg_id = 1723971, remain = -61, size = 3
force_push: msg_id = 1724051, remain = -61, size = 3
force_push: msg_id = 1724129, remain = -61, size = 3
force_push: msg_id = 1724206, remain = -61, size = 3
force_push: msg_id = 1724286, remain = -61, size = 3
force_push: msg_id = 1724363, remain = -61, size = 3
force_push: msg_id = 1724444, remain = -61, size = 3
force_push: msg_id = 1724524, remain = -61, size = 3
force_push: msg_id = 1724604, remain = -61, size = 3
force_push: msg_id = 1724684, remain = -61, size = 3
force_push: msg_id = 1724764, remain = -61, size = 3
force_push: msg_id = 1724844, remain = -61, size = 3
force_push: msg_id = 1724924, remain = -61, size = 3
force_push: msg_id = 1725004, remain = -61, size = 3
force_push: msg_id = 1725084, remain = -61, size = 3
force_push: msg_id = 1725164, remain = -61, size = 3
force_push: msg_id = 1725244, remain = -61, size = 3
force_push: msg_id = 1725323, remain = -61, size = 3
force_push: msg_id = 1725403, remain = -61, size = 3
force_push: msg_id = 1725483, remain = -61, size = 3
force_push: msg_id = 1725561, remain = -61, size = 3
force_push: msg_id = 1725641, remain = -61, size = 3
force_push: msg_id = 1725721, remain = -61, size = 3
force_push: msg_id = 1725801, remain = -61, size = 3
force_push: msg_id = 1725881, remain = -61, size = 3
force_push: msg_id = 1725961, remain = -61, size = 3
force_push: msg_id = 1726041, remain = -61, size = 3
force_push: msg_id = 1726119, remain = -61, size = 3
force_push: msg_id = 1726197, remain = -61, size = 3
force_push: msg_id = 1726275, remain = -61, size = 3
force_push: msg_id = 1726355, remain = -61, size = 3
force_push: msg_id = 1726433, remain = -61, size = 3
force_push: msg_id = 1726511, remain = -61, size = 3
force_push: msg_id = 1726591, remain = -61, size = 3
force_push: msg_id = 1726671, remain = -61, size = 3
force_push: msg_id = 1726751, remain = -61, size = 3
force_push: msg_id = 1726831, remain = -61, size = 3
force_push: msg_id = 1726909, remain = -61, size = 3
force_push: msg_id = 1726988, remain = -61, size = 3
force_push: msg_id = 1727068, remain = -61, size = 3
force_push: msg_id = 1727146, remain = -61, size = 3
force_push: msg_id = 1727226, remain = -61, size = 3
force_push: msg_id = 1727306, remain = -61, size = 3
force_push: msg_id = 1727386, remain = -61, size = 3
force_push: msg_id = 1727466, remain = -61, size = 3
force_push: msg_id = 1727546, remain = -61, size = 3
force_push: msg_id = 1727626, remain = -61, size = 3
force_push: msg_id = 1727706, remain = -61, size = 3
force_push: msg_id = 1727786, remain = -61, size = 3
force_push: msg_id = 1727866, remain = -61, size = 3
force_push: msg_id = 1727946, remain = -61, size = 3
force_push: msg_id = 1728026, remain = -61, size = 3
force_push: msg_id = 1728107, remain = -61, size = 3
force_push: msg_id = 1728187, remain = -61, size = 3
force_push: msg_id = 1728265, remain = -61, size = 3
force_push: msg_id = 1728344, remain = -61, size = 3
force_push: msg_id = 1728424, remain = -61, size = 3
force_push: msg_id = 1728503, remain = -61, size = 3
force_push: msg_id = 1728583, remain = -61, size = 3
force_push: msg_id = 1728663, remain = -61, size = 3
force_push: msg_id = 1728743, remain = -61, size = 3
force_push: msg_id = 1728823, remain = -61, size = 3
force_push: msg_id = 1728903, remain = -61, size = 3
force_push: msg_id = 1728983, remain = -61, size = 3
force_push: msg_id = 1729061, remain = -61, size = 3
force_push: msg_id = 1729139, remain = -61, size = 3
force_push: msg_id = 1729218, remain = -61, size = 3
force_push: msg_id = 1729297, remain = -61, size = 3
force_push: msg_id = 1729377, remain = -61, size = 3
force_push: msg_id = 1729455, remain = -61, size = 3
force_push: msg_id = 1729535, remain = -61, size = 3
force_push: msg_id = 1729613, remain = -61, size = 3
force_push: msg_id = 1729693, remain = -61, size = 3
force_push: msg_id = 1729771, remain = -61, size = 3
force_push: msg_id = 1729852, remain = -61, size = 3
force_push: msg_id = 1729932, remain = -61, size = 3
force_push: msg_id = 1730008, remain = -61, size = 3
force_push: msg_id = 1730086, remain = -61, size = 3
force_push: msg_id = 1730166, remain = -61, size = 3
force_push: msg_id = 1730246, remain = -61, size = 3
force_push: msg_id = 1730326, remain = -61, size = 3
force_push: msg_id = 1730406, remain = -61, size = 3
force_push: msg_id = 1730486, remain = -61, size = 3
force_push: msg_id = 1730564, remain = -61, size = 3
force_push: msg_id = 1730644, remain = -61, size = 3
force_push: msg_id = 1730724, remain = -61, size = 3
force_push: msg_id = 1730804, remain = -61, size = 3
force_push: msg_id = 1730884, remain = -61, size = 3
force_push: msg_id = 1730964, remain = -61, size = 3
force_push: msg_id = 1731044, remain = -61, size = 3
force_push: msg_id = 1731124, remain = -61, size = 3
force_push: msg_id = 1731204, remain = -61, size = 3
force_push: msg_id = 1731284, remain = -61, size = 3
force_push: msg_id = 1731364, remain = -61, size = 3
force_push: msg_id = 1731444, remain = -61, size = 3
force_push: msg_id = 1731525, remain = -61, size = 3
force_push: msg_id = 1731605, remain = -61, size = 3
force_push: msg_id = 1731686, remain = -61, size = 3
force_push: msg_id = 1731766, remain = -61, size = 3
force_push: msg_id = 1731846, remain = -61, size = 3
force_push: msg_id = 1731926, remain = -61, size = 3
force_push: msg_id = 1732006, remain = -61, size = 3
force_push: msg_id = 1732084, remain = -61, size = 3
force_push: msg_id = 1732164, remain = -61, size = 3
force_push: msg_id = 1732242, remain = -61, size = 3
force_push: msg_id = 1732322, remain = -61, size = 3
force_push: msg_id = 1732402, remain = -61, size = 3
force_push: msg_id = 1732481, remain = -61, size = 3
force_push: msg_id = 1732558, remain = -61, size = 3
force_push: msg_id = 1732636, remain = -61, size = 3
force_push: msg_id = 1732716, remain = -61, size = 3
force_push: msg_id = 1732796, remain = -61, size = 3
force_push: msg_id = 1732874, remain = -61, size = 3
force_push: msg_id = 1732952, remain = -61, size = 3
force_push: msg_id = 1733032, remain = -61, size = 3
force_push: msg_id = 1733112, remain = -61, size = 3