Read file config.yml
Running executor...
Loaded function exp00_back. lib_load_elasped: 217, func_load_elasped: 3
Loaded function exp00_front. lib_load_elasped: 152, func_load_elasped: 1
force_push: msg_id = 1689933, remain = 22, size = 64
Send to executer failed.force_push: msg_id = 1690046, remain = -61, size = 3
force_push: msg_id = 1690115, remain = -61, size = 3
force_push: msg_id = 1690180, remain = -61, size = 3
force_push: msg_id = 1690240, remain = -61, size = 3
force_push: msg_id = 1690311, remain = -61, size = 3
force_push: msg_id = 1690389, remain = -61, size = 3
force_push: msg_id = 1690469, remain = -61, size = 3
force_push: msg_id = 1690550, remain = -61, size = 3
force_push: msg_id = 1690630, remain = -61, size = 3
force_push: msg_id = 1690710, remain = -61, size = 3
force_push: msg_id = 1690789, remain = -61, size = 3
force_push: msg_id = 1690869, remain = -61, size = 3
force_push: msg_id = 1690949, remain = -61, size = 3
force_push: msg_id = 1691029, remain = -61, size = 3
force_push: msg_id = 1691109, remain = -61, size = 3
force_push: msg_id = 1691189, remain = -61, size = 3
force_push: msg_id = 1691269, remain = -61, size = 3
force_push: msg_id = 1691349, remain = -61, size = 3
force_push: msg_id = 1691429, remain = -61, size = 3
force_push: msg_id = 1691509, remain = -61, size = 3
force_push: msg_id = 1691589, remain = -61, size = 3
force_push: msg_id = 1691669, remain = -61, size = 3
force_push: msg_id = 1691749, remain = -61, size = 3
force_push: msg_id = 1691829, remain = -61, size = 3
force_push: msg_id = 1691907, remain = -61, size = 3
force_push: msg_id = 1691987, remain = -61, size = 3
force_push: msg_id = 1692067, remain = -61, size = 3
force_push: msg_id = 1692147, remain = -61, size = 3
force_push: msg_id = 1692227, remain = -61, size = 3
force_push: msg_id = 1692307, remain = -61, size = 3
force_push: msg_id = 1692387, remain = -61, size = 3
force_push: msg_id = 1692467, remain = -61, size = 3
force_push: msg_id = 1692547, remain = -61, size = 3
force_push: msg_id = 1692624, remain = -61, size = 3
force_push: msg_id = 1692705, remain = -61, size = 3
force_push: msg_id = 1692776, remain = -61, size = 3
force_push: msg_id = 1692852, remain = -61, size = 3
force_push: msg_id = 1692919, remain = -61, size = 3
force_push: msg_id = 1692997, remain = -61, size = 3
force_push: msg_id = 1693074, remain = -61, size = 3
force_push: msg_id = 1693152, remain = -61, size = 3
force_push: msg_id = 1693230, remain = -61, size = 3
force_push: msg_id = 1693305, remain = -61, size = 3
force_push: msg_id = 1693384, remain = -61, size = 3
force_push: msg_id = 1693461, remain = -61, size = 3
force_push: msg_id = 1693540, remain = -61, size = 3
force_push: msg_id = 1693619, remain = -61, size = 3
force_push: msg_id = 1693698, remain = -61, size = 3
force_push: msg_id = 1693778, remain = -61, size = 3
force_push: msg_id = 1693858, remain = -61, size = 3
force_push: msg_id = 1693938, remain = -61, size = 3
force_push: msg_id = 1694017, remain = -61, size = 3
force_push: msg_id = 1694096, remain = -61, size = 3
force_push: msg_id = 1694176, remain = -61, size = 3
force_push: msg_id = 1694256, remain = -61, size = 3
force_push: msg_id = 1694336, remain = -61, size = 3
force_push: msg_id = 1694416, remain = -61, size = 3
force_push: msg_id = 1694496, remain = -61, size = 3
force_push: msg_id = 1694576, remain = -61, size = 3
force_push: msg_id = 1694656, remain = -61, size = 3
force_push: msg_id = 1694736, remain = -61, size = 3
force_push: msg_id = 1694816, remain = -61, size = 3
force_push: msg_id = 1694896, remain = -61, size = 3
force_push: msg_id = 1694976, remain = -61, size = 3
force_push: msg_id = 1695056, remain = -61, size = 3
force_push: msg_id = 1695136, remain = -61, size = 3
force_push: msg_id = 1695216, remain = -61, size = 3
force_push: msg_id = 1695296, remain = -61, size = 3
force_push: msg_id = 1695374, remain = -61, size = 3
force_push: msg_id = 1695451, remain = -61, size = 3
force_push: msg_id = 1695530, remain = -61, size = 3
force_push: msg_id = 1695606, remain = -61, size = 3
force_push: msg_id = 1695682, remain = -61, size = 3
force_push: msg_id = 1695760, remain = -61, size = 3
force_push: msg_id = 1695838, remain = -61, size = 3
force_push: msg_id = 1695918, remain = -61, size = 3
force_push: msg_id = 1695996, remain = -61, size = 3
force_push: msg_id = 1696072, remain = -61, size = 3
force_push: msg_id = 1696148, remain = -61, size = 3
force_push: msg_id = 1696228, remain = -61, size = 3
force_push: msg_id = 1696308, remain = -61, size = 3
force_push: msg_id = 1696389, remain = -61, size = 3
force_push: msg_id = 1696469, remain = -61, size = 3
force_push: msg_id = 1696548, remain = -61, size = 3
force_push: msg_id = 1696628, remain = -61, size = 3
force_push: msg_id = 1696707, remain = -61, size = 3
force_push: msg_id = 1696787, remain = -61, size = 3
force_push: msg_id = 1696867, remain = -61, size = 3
force_push: msg_id = 1696945, remain = -61, size = 3
force_push: msg_id = 1697025, remain = -61, size = 3
force_push: msg_id = 1697104, remain = -61, size = 3
force_push: msg_id = 1697184, remain = -61, size = 3
force_push: msg_id = 1697264, remain = -61, size = 3
force_push: msg_id = 1697343, remain = -61, size = 3
force_push: msg_id = 1697423, remain = -61, size = 3
force_push: msg_id = 1697503, remain = -61, size = 3
force_push: msg_id = 1697583, remain = -61, size = 3
force_push: msg_id = 1697663, remain = -61, size = 3
force_push: msg_id = 1697743, remain = -61, size = 3
force_push: msg_id = 1697823, remain = -61, size = 3
force_push: msg_id = 1697903, remain = -61, size = 3
force_push: msg_id = 1697981, remain = -61, size = 3
force_push: msg_id = 1698061, remain = -61, size = 3
force_push: msg_id = 1698141, remain = -61, size = 3
force_push: msg_id = 1698221, remain = -61, size = 3
force_push: msg_id = 1698301, remain = -61, size = 3
force_push: msg_id = 1698381, remain = -61, size = 3
force_push: msg_id = 1698459, remain = -61, size = 3
force_push: msg_id = 1698539, remain = -61, size = 3
force_push: msg_id = 1698617, remain = -61, size = 3
force_push: msg_id = 1698693, remain = -61, size = 3
force_push: msg_id = 1698771, remain = -61, size = 3
force_push: msg_id = 1698851, remain = -61, size = 3
force_push: msg_id = 1698927, remain = -61, size = 3
force_push: msg_id = 1699007, remain = -61, size = 3
force_push: msg_id = 1699083, remain = -61, size = 3
force_push: msg_id = 1699161, remain = -61, size = 3
force_push: msg_id = 1699241, remain = -61, size = 3
force_push: msg_id = 1699321, remain = -61, size = 3
force_push: msg_id = 1699401, remain = -61, size = 3
force_push: msg_id = 1699480, remain = -61, size = 3
force_push: msg_id = 1699560, remain = -61, size = 3
force_push: msg_id = 1699640, remain = -61, size = 3
force_push: msg_id = 1699720, remain = -61, size = 3
force_push: msg_id = 1699799, remain = -61, size = 3
force_push: msg_id = 1699879, remain = -61, size = 3
force_push: msg_id = 1699959, remain = -61, size = 3
force_push: msg_id = 1700039, remain = -61, size = 3
force_push: msg_id = 1700119, remain = -61, size = 3
force_push: msg_id = 1700199, remain = -61, size = 3
force_push: msg_id = 1700280, remain = -61, size = 3
force_push: msg_id = 1700360, remain = -61, size = 3
force_push: msg_id = 1700440, remain = -61, size = 3
force_push: msg_id = 1700520, remain = -61, size = 3
force_push: msg_id = 1700598, remain = -61, size = 3
force_push: msg_id = 1700678, remain = -61, size = 3
force_push: msg_id = 1700758, remain = -61, size = 3
force_push: msg_id = 1700839, remain = -61, size = 3
force_push: msg_id = 1700919, remain = -61, size = 3
force_push: msg_id = 1700999, remain = -61, size = 3
force_push: msg_id = 1701078, remain = -61, size = 3
force_push: msg_id = 1701157, remain = -61, size = 3
force_push: msg_id = 1701238, remain = -61, size = 3
force_push: msg_id = 1701319, remain = -61, size = 3
force_push: msg_id = 1701391, remain = -61, size = 3
force_push: msg_id = 1701469, remain = -61, size = 3
force_push: msg_id = 1701547, remain = -61, size = 3
force_push: msg_id = 1701628, remain = -61, size = 3
force_push: msg_id = 1701708, remain = -61, size = 3
force_push: msg_id = 1701785, remain = -61, size = 3
force_push: msg_id = 1701862, remain = -61, size = 3
force_push: msg_id = 1701941, remain = -61, size = 3
force_push: msg_id = 1702021, remain = -61, size = 3
force_push: msg_id = 1702099, remain = -61, size = 3
force_push: msg_id = 1702178, remain = -61, size = 3
force_push: msg_id = 1702259, remain = -61, size = 3
force_push: msg_id = 1702338, remain = -61, size = 3
force_push: msg_id = 1702418, remain = -61, size = 3
force_push: msg_id = 1702496, remain = -61, size = 3
force_push: msg_id = 1702575, remain = -61, size = 3
force_push: msg_id = 1702652, remain = -61, size = 3
force_push: msg_id = 1702732, remain = -61, size = 3
force_push: msg_id = 1702811, remain = -61, size = 3
force_push: msg_id = 1702891, remain = -61, size = 3
force_push: msg_id = 1702971, remain = -61, size = 3
force_push: msg_id = 1703051, remain = -61, size = 3
force_push: msg_id = 1703131, remain = -61, size = 3
force_push: msg_id = 1703210, remain = -61, size = 3
force_push: msg_id = 1703289, remain = -61, size = 3
force_push: msg_id = 1703368, remain = -61, size = 3
force_push: msg_id = 1703448, remain = -61, size = 3
force_push: msg_id = 1703531, remain = -61, size = 3
force_push: msg_id = 1703611, remain = -61, size = 3
force_push: msg_id = 1703691, remain = -61, size = 3
force_push: msg_id = 1703769, remain = -61, size = 3
force_push: msg_id = 1703846, remain = -61, size = 3
force_push: msg_id = 1703927, remain = -61, size = 3
force_push: msg_id = 1704007, remain = -61, size = 3
force_push: msg_id = 1704087, remain = -61, size = 3
force_push: msg_id = 1704165, remain = -61, size = 3
force_push: msg_id = 1704243, remain = -61, size = 3
force_push: msg_id = 1704323, remain = -61, size = 3
force_push: msg_id = 1704403, remain = -61, size = 3
force_push: msg_id = 1704483, remain = -61, size = 3
force_push: msg_id = 1704562, remain = -61, size = 3
force_push: msg_id = 1704642, remain = -61, size = 3
force_push: msg_id = 1704722, remain = -61, size = 3
force_push: msg_id = 1704802, remain = -61, size = 3
force_push: msg_id = 1704881, remain = -61, size = 3
force_push: msg_id = 1704961, remain = -61, size = 3
force_push: msg_id = 1705041, remain = -61, size = 3
force_push: msg_id = 1705123, remain = -61, size = 3
force_push: msg_id = 1705203, remain = -61, size = 3
force_push: msg_id = 1705285, remain = -61, size = 3
force_push: msg_id = 1705368, remain = -61, size = 3
force_push: msg_id = 1705449, remain = -61, size = 3
force_push: msg_id = 1705527, remain = -61, size = 3
force_push: msg_id = 1705607, remain = -61, size = 3
force_push: msg_id = 1705687, remain = -61, size = 3
force_push: msg_id = 1705768, remain = -61, size = 3
force_push: msg_id = 1705846, remain = -61, size = 3
force_push: msg_id = 1705926, remain = -61, size = 3
force_push: msg_id = 1706006, remain = -61, size = 3
force_push: msg_id = 1706086, remain = -61, size = 3
force_push: msg_id = 1706166, remain = -61, size = 3
force_push: msg_id = 1706246, remain = -61, size = 3
force_push: msg_id = 1706327, remain = -61, size = 3
force_push: msg_id = 1706407, remain = -61, size = 3
force_push: msg_id = 1706487, remain = -61, size = 3
force_push: msg_id = 1706566, remain = -61, size = 3
force_push: msg_id = 1706646, remain = -61, size = 3
force_push: msg_id = 1706727, remain = -61, size = 3
force_push: msg_id = 1706808, remain = -61, size = 3
force_push: msg_id = 1706888, remain = -61, size = 3
force_push: msg_id = 1706965, remain = -61, size = 3
force_push: msg_id = 1707044, remain = -61, size = 3
force_push: msg_id = 1707124, remain = -61, size = 3
force_push: msg_id = 1707204, remain = -61, size = 3
force_push: msg_id = 1707284, remain = -61, size = 3
force_push: msg_id = 1707364, remain = -61, size = 3
force_push: msg_id = 1707441, remain = -61, size = 3
force_push: msg_id = 1707522, remain = -61, size = 3
force_push: msg_id = 1707602, remain = -61, size = 3
force_push: msg_id = 1707683, remain = -61, size = 3
force_push: msg_id = 1707763, remain = -61, size = 3
force_push: msg_id = 1707843, remain = -61, size = 3
force_push: msg_id = 1707924, remain = -61, size = 3
force_push: msg_id = 1708004, remain = -61, size = 3
force_push: msg_id = 1708084, remain = -61, size = 3
force_push: msg_id = 1708164, remain = -61, size = 3
force_push: msg_id = 1708245, remain = -61, size = 3
force_push: msg_id = 1708325, remain = -61, size = 3
force_push: msg_id = 1708403, remain = -61, size = 3
force_push: msg_id = 1708486, remain = -61, size = 3
force_push: msg_id = 1708566, remain = -61, size = 3
force_push: msg_id = 1708646, remain = -61, size = 3
force_push: msg_id = 1708726, remain = -61, size = 3
force_push: msg_id = 1708803, remain = -61, size = 3
force_push: msg_id = 1708881, remain = -61, size = 3
force_push: msg_id = 1708961, remain = -61, size = 3
force_push: msg_id = 1709042, remain = -61, size = 3
force_push: msg_id = 1709122, remain = -61, size = 3
force_push: msg_id = 1709201, remain = -61, size = 3
force_push: msg_id = 1709281, remain = -61, size = 3
force_push: msg_id = 1709361, remain = -61, size = 3
force_push: msg_id = 1709441, remain = -61, size = 3
force_push: msg_id = 1709522, remain = -61, size = 3
force_push: msg_id = 1709602, remain = -61, size = 3
force_push: msg_id = 1709682, remain = -61, size = 3
force_push: msg_id = 1709762, remain = -61, size = 3
force_push: msg_id = 1709840, remain = -61, size = 3
force_push: msg_id = 1709918, remain = -61, size = 3
force_push: msg_id = 1709998, remain = -61, size = 3
force_push: msg_id = 1710076, remain = -61, size = 3
force_push: msg_id = 1710155, remain = -61, size = 3
force_push: msg_id = 1710234, remain = -61, size = 3
force_push: msg_id = 1710314, remain = -61, size = 3
force_push: msg_id = 1710394, remain = -61, size = 3
force_push: msg_id = 1710472, remain = -61, size = 3
force_push: msg_id = 1710550, remain = -61, size = 3
force_push: msg_id = 1710630, remain = -61, size = 3
force_push: msg_id = 1710710, remain = -61, size = 3
force_push: msg_id = 1710790, remain = -61, size = 3
force_push: msg_id = 1710870, remain = -61, size = 3
force_push: msg_id = 1710950, remain = -61, size = 3
force_push: msg_id = 1711030, remain = -61, size = 3
force_push: msg_id = 1711110, remain = -61, size = 3
force_push: msg_id = 1711190, remain = -61, size = 3
force_push: msg_id = 1711271, remain = -61, size = 3
force_push: msg_id = 1711351, remain = -61, size = 3
force_push: msg_id = 1711431, remain = -61, size = 3
force_push: msg_id = 1711509, remain = -61, size = 3
force_push: msg_id = 1711589, remain = -61, size = 3
force_push: msg_id = 1711669, remain = -61, size = 3
force_push: msg_id = 1711749, remain = -61, size = 3
force_push: msg_id = 1711829, remain = -61, size = 3
force_push: msg_id = 1711909, remain = -61, size = 3
force_push: msg_id = 1711989, remain = -61, size = 3
force_push: msg_id = 1712069, remain = -61, size = 3
force_push: msg_id = 1712148, remain = -61, size = 3
force_push: msg_id = 1712228, remain = -61, size = 3
force_push: msg_id = 1712308, remain = -61, size = 3
force_push: msg_id = 1712389, remain = -61, size = 3
force_push: msg_id = 1712469, remain = -61, size = 3
force_push: msg_id = 1712549, remain = -61, size = 3
force_push: msg_id = 1712629, remain = -61, size = 3
force_push: msg_id = 1712708, remain = -61, size = 3
force_push: msg_id = 1712787, remain = -61, size = 3
force_push: msg_id = 1712867, remain = -61, size = 3
force_push: msg_id = 1712944, remain = -61, size = 3
force_push: msg_id = 1713023, remain = -61, size = 3
force_push: msg_id = 1713103, remain = -61, size = 3
force_push: msg_id = 1713183, remain = -61, size = 3
force_push: msg_id = 1713261, remain = -61, size = 3
force_push: msg_id = 1713341, remain = -61, size = 3
force_push: msg_id = 1713420, remain = -61, size = 3
force_push: msg_id = 1713500, remain = -61, size = 3
force_push: msg_id = 1713578, remain = -61, size = 3
force_push: msg_id = 1713659, remain = -61, size = 3
force_push: msg_id = 1713739, remain = -61, size = 3
force_push: msg_id = 1713819, remain = -61, size = 3
force_push: msg_id = 1713899, remain = -61, size = 3
force_push: msg_id = 1713980, remain = -61, size = 3
force_push: msg_id = 1714060, remain = -61, size = 3
force_push: msg_id = 1714140, remain = -61, size = 3
force_push: msg_id = 1714220, remain = -61, size = 3
force_push: msg_id = 1714300, remain = -61, size = 3
force_push: msg_id = 1714380, remain = -61, size = 3
force_push: msg_id = 1714459, remain = -61, size = 3
force_push: msg_id = 1714538, remain = -61, size = 3
force_push: msg_id = 1714617, remain = -61, size = 3
force_push: msg_id = 1714697, remain = -61, size = 3
force_push: msg_id = 1714777, remain = -61, size = 3
force_push: msg_id = 1714857, remain = -61, size = 3
force_push: msg_id = 1714937, remain = -61, size = 3
force_push: msg_id = 1715018, remain = -61, size = 3
force_push: msg_id = 1715098, remain = -61, size = 3
force_push: msg_id = 1715178, remain = -61, size = 3
force_push: msg_id = 1715258, remain = -61, size = 3
force_push: msg_id = 1715338, remain = -61, size = 3
force_push: msg_id = 1715418, remain = -61, size = 3
force_push: msg_id = 1715498, remain = -61, size = 3
force_push: msg_id = 1715576, remain = -61, size = 3
force_push: msg_id = 1715656, remain = -61, size = 3
force_push: msg_id = 1715736, remain = -61, size = 3
force_push: msg_id = 1715814, remain = -61, size = 3
force_push: msg_id = 1715894, remain = -61, size = 3
force_push: msg_id = 1715974, remain = -61, size = 3
force_push: msg_id = 1716054, remain = -61, size = 3
force_push: msg_id = 1716132, remain = -61, size = 3
force_push: msg_id = 1716212, remain = -61, size = 3
force_push: msg_id = 1716290, remain = -61, size = 3
force_push: msg_id = 1716368, remain = -61, size = 3
force_push: msg_id = 1716448, remain = -61, size = 3
force_push: msg_id = 1716526, remain = -61, size = 3
force_push: msg_id = 1716606, remain = -61, size = 3
force_push: msg_id = 1716686, remain = -61, size = 3
force_push: msg_id = 1716766, remain = -61, size = 3
force_push: msg_id = 1716847, remain = -61, size = 3
force_push: msg_id = 1716926, remain = -61, size = 3
force_push: msg_id = 1717006, remain = -61, size = 3
force_push: msg_id = 1717085, remain = -61, size = 3
force_push: msg_id = 1717165, remain = -61, size = 3
force_push: msg_id = 1717243, remain = -61, size = 3
force_push: msg_id = 1717323, remain = -61, size = 3
force_push: msg_id = 1717403, remain = -61, size = 3
force_push: msg_id = 1717483, remain = -61, size = 3
force_push: msg_id = 1717563, remain = -61, size = 3
force_push: msg_id = 1717643, remain = -61, size = 3
force_push: msg_id = 1717723, remain = -61, size = 3
force_push: msg_id = 1717803, remain = -61, size = 3
force_push: msg_id = 1717883, remain = -61, size = 3
force_push: msg_id = 1717962, remain = -61, size = 3
force_push: msg_id = 1718041, remain = -61, size = 3
force_push: msg_id = 1718121, remain = -61, size = 3
force_push: msg_id = 1718201, remain = -61, size = 3
force_push: msg_id = 1718281, remain = -61, size = 3
force_push: msg_id = 1718361, remain = -61, size = 3
force_push: msg_id = 1718441, remain = -61, size = 3
force_push: msg_id = 1718521, remain = -61, size = 3
force_push: msg_id = 1718599, remain = -61, size = 3
force_push: msg_id = 1718679, remain = -61, size = 3
force_push: msg_id = 1718759, remain = -61, size = 3
force_push: msg_id = 1718840, remain = -61, size = 3
force_push: msg_id = 1718918, remain = -61, size = 3
force_push: msg_id = 1718998, remain = -61, size = 3
force_push: msg_id = 1719076, remain = -61, size = 3
force_push: msg_id = 1719156, remain = -61, size = 3
force_push: msg_id = 1719232, remain = -61, size = 3
force_push: msg_id = 1719310, remain = -61, size = 3
force_push: msg_id = 1719390, remain = -61, size = 3
force_push: msg_id = 1719470, remain = -61, size = 3
force_push: msg_id = 1719550, remain = -61, size = 3
force_push: msg_id = 1719630, remain = -61, size = 3
force_push: msg_id = 1719710, remain = -61, size = 3
force_push: msg_id = 1719790, remain = -61, size = 3
force_push: msg_id = 1719870, remain = -61, size = 3
force_push: msg_id = 1719948, remain = -61, size = 3
force_push: msg_id = 1720028, remain = -61, size = 3
force_push: msg_id = 1720106, remain = -61, size = 3
force_push: msg_id = 1720186, remain = -61, size = 3
force_push: msg_id = 1720266, remain = -61, size = 3
force_push: msg_id = 1720346, remain = -61, size = 3
force_push: msg_id = 1720426, remain = -61, size = 3
force_push: msg_id = 1720506, remain = -61, size = 3
force_push: msg_id = 1720587, remain = -61, size = 3
force_push: msg_id = 1720667, remain = -61, size = 3
force_push: msg_id = 1720747, remain = -61, size = 3
force_push: msg_id = 1720827, remain = -61, size = 3
force_push: msg_id = 1720908, remain = -61, size = 3
force_push: msg_id = 1720988, remain = -61, size = 3
force_push: msg_id = 1721068, remain = -61, size = 3
force_push: msg_id = 1721149, remain = -61, size = 3
force_push: msg_id = 1721229, remain = -61, size = 3
force_push: msg_id = 1721309, remain = -61, size = 3
force_push: msg_id = 1721389, remain = -61, size = 3
force_push: msg_id = 1721469, remain = -61, size = 3
force_push: msg_id = 1721549, remain = -61, size = 3
force_push: msg_id = 1721630, remain = -61, size = 3
force_push: msg_id = 1721710, remain = -61, size = 3
force_push: msg_id = 1721790, remain = -61, size = 3
force_push: msg_id = 1721868, remain = -61, size = 3
force_push: msg_id = 1721948, remain = -61, size = 3
force_push: msg_id = 1722026, remain = -61, size = 3
force_push: msg_id = 1722106, remain = -61, size = 3
force_push: msg_id = 1722184, remain = -61, size = 3
force_push: msg_id = 1722262, remain = -61, size = 3
force_push: msg_id = 1722340, remain = -61, size = 3
force_push: msg_id = 1722420, remain = -61, size = 3
force_push: msg_id = 1722500, remain = -61, size = 3
force_push: msg_id = 1722580, remain = -61, size = 3
force_push: msg_id = 1722659, remain = -61, size = 3
force_push: msg_id = 1722738, remain = -61, size = 3
force_push: msg_id = 1722818, remain = -61, size = 3
force_push: msg_id = 1722896, remain = -61, size = 3
force_push: msg_id = 1722974, remain = -61, size = 3
force_push: msg_id = 1723054, remain = -61, size = 3
force_push: msg_id = 1723134, remain = -61, size = 3
force_push: msg_id = 1723214, remain = -61, size = 3
force_push: msg_id = 1723294, remain = -61, size = 3
force_push: msg_id = 1723374, remain = -61, size = 3
force_push: msg_id = 1723454, remain = -61, size = 3
force_push: msg_id = 1723534, remain = -61, size = 3
force_push: msg_id = 1723614, remain = -61, size = 3
force_push: msg_id = 1723694, remain = -61, size = 3
force_push: msg_id = 1723774, remain = -61, size = 3
force_push: msg_id = 1723854, remain = -61, size = 3
force_push: msg_id = 1723932, remain = -61, size = 3
force_push: msg_id = 1724012, remain = -61, size = 3
force_push: msg_id = 1724092, remain = -61, size = 3
force_push: msg_id = 1724170, remain = -61, size = 3
force_push: msg_id = 1724247, remain = -61, size = 3
force_push: msg_id = 1724327, remain = -61, size = 3
force_push: msg_id = 1724407, remain = -61, size = 3
force_push: msg_id = 1724487, remain = -61, size = 3
force_push: msg_id = 1724562, remain = -61, size = 3
force_push: msg_id = 1724635, remain = -61, size = 3
force_push: msg_id = 1724714, remain = -61, size = 3
force_push: msg_id = 1724793, remain = -61, size = 3
force_push: msg_id = 1724873, remain = -61, size = 3
force_push: msg_id = 1724952, remain = -61, size = 3
force_push: msg_id = 1725032, remain = -61, size = 3
force_push: msg_id = 1725109, remain = -61, size = 3
force_push: msg_id = 1725189, remain = -61, size = 3
force_push: msg_id = 1725266, remain = -61, size = 3
force_push: msg_id = 1725345, remain = -61, size = 3
force_push: msg_id = 1725424, remain = -61, size = 3
force_push: msg_id = 1725504, remain = -61, size = 3
force_push: msg_id = 1725582, remain = -61, size = 3
force_push: msg_id = 1725660, remain = -61, size = 3
force_push: msg_id = 1725740, remain = -61, size = 3
force_push: msg_id = 1725818, remain = -61, size = 3
force_push: msg_id = 1725897, remain = -61, size = 3
force_push: msg_id = 1725977, remain = -61, size = 3
force_push: msg_id = 1726055, remain = -61, size = 3
force_push: msg_id = 1726132, remain = -61, size = 3
force_push: msg_id = 1726210, remain = -61, size = 3
force_push: msg_id = 1726289, remain = -61, size = 3
force_push: msg_id = 1726369, remain = -61, size = 3
force_push: msg_id = 1726449, remain = -61, size = 3
force_push: msg_id = 1726527, remain = -61, size = 3
force_push: msg_id = 1726605, remain = -61, size = 3
force_push: msg_id = 1726683, remain = -61, size = 3
force_push: msg_id = 1726761, remain 