Read file config.yml
Running executor...
Loaded function exp00_back. lib_load_elasped: 148, func_load_elasped: 2
Loaded function exp00_front. lib_load_elasped: 147, func_load_elasped: 1
force_push: msg_id = 1689798, remain = 86, size = 64
Send to executer failed.force_push: msg_id = 1690051, remain = -61, size = 3
force_push: msg_id = 1690126, remain = -61, size = 3
force_push: msg_id = 1690187, remain = -61, size = 3
force_push: msg_id = 1690252, remain = -61, size = 3
force_push: msg_id = 1690320, remain = -61, size = 3
force_push: msg_id = 1690399, remain = -61, size = 3
force_push: msg_id = 1690483, remain = -61, size = 3
force_push: msg_id = 1690563, remain = -61, size = 3
force_push: msg_id = 1690641, remain = -61, size = 3
force_push: msg_id = 1690721, remain = -61, size = 3
force_push: msg_id = 1690805, remain = -61, size = 3
force_push: msg_id = 1690892, remain = -61, size = 3
force_push: msg_id = 1690978, remain = -61, size = 3
force_push: msg_id = 1691060, remain = -61, size = 3
force_push: msg_id = 1691144, remain = -61, size = 3
force_push: msg_id = 1691225, remain = -61, size = 3
force_push: msg_id = 1691306, remain = -61, size = 3
force_push: msg_id = 1691388, remain = -61, size = 3
force_push: msg_id = 1691468, remain = -61, size = 3
force_push: msg_id = 1691550, remain = -61, size = 3
force_push: msg_id = 1691630, remain = -61, size = 3
force_push: msg_id = 1691712, remain = -61, size = 3
force_push: msg_id = 1691793, remain = -61, size = 3
force_push: msg_id = 1691873, remain = -61, size = 3
force_push: msg_id = 1691960, remain = -61, size = 3
force_push: msg_id = 1692043, remain = -61, size = 3
force_push: msg_id = 1692126, remain = -61, size = 3
force_push: msg_id = 1692209, remain = -61, size = 3
force_push: msg_id = 1692288, remain = -61, size = 3
force_push: msg_id = 1692369, remain = -61, size = 3
force_push: msg_id = 1692451, remain = -61, size = 3
force_push: msg_id = 1692531, remain = -61, size = 3
force_push: msg_id = 1692611, remain = -61, size = 3
force_push: msg_id = 1692693, remain = -61, size = 3
force_push: msg_id = 1692777, remain = -61, size = 3
force_push: msg_id = 1692857, remain = -61, size = 3
force_push: msg_id = 1692938, remain = -61, size = 3
force_push: msg_id = 1693026, remain = -61, size = 3
force_push: msg_id = 1693105, remain = -61, size = 3
force_push: msg_id = 1693185, remain = -61, size = 3
force_push: msg_id = 1693266, remain = -61, size = 3
force_push: msg_id = 1693337, remain = -61, size = 3
force_push: msg_id = 1693412, remain = -61, size = 3
force_push: msg_id = 1693495, remain = -61, size = 3
force_push: msg_id = 1693577, remain = -61, size = 3
force_push: msg_id = 1693658, remain = -61, size = 3
force_push: msg_id = 1693739, remain = -61, size = 3
force_push: msg_id = 1693821, remain = -61, size = 3
force_push: msg_id = 1693901, remain = -61, size = 3
force_push: msg_id = 1693984, remain = -61, size = 3
force_push: msg_id = 1694065, remain = -61, size = 3
force_push: msg_id = 1694149, remain = -61, size = 3
force_push: msg_id = 1694236, remain = -61, size = 3
force_push: msg_id = 1694316, remain = -61, size = 3
force_push: msg_id = 1694398, remain = -61, size = 3
force_push: msg_id = 1694481, remain = -61, size = 3
force_push: msg_id = 1694564, remain = -61, size = 3
force_push: msg_id = 1694645, remain = -61, size = 3
force_push: msg_id = 1694726, remain = -61, size = 3
force_push: msg_id = 1694806, remain = -61, size = 3
force_push: msg_id = 1694888, remain = -61, size = 3
force_push: msg_id = 1694970, remain = -61, size = 3
force_push: msg_id = 1695051, remain = -61, size = 3
force_push: msg_id = 1695132, remain = -61, size = 3
force_push: msg_id = 1695214, remain = -61, size = 3
force_push: msg_id = 1695295, remain = -61, size = 3
force_push: msg_id = 1695375, remain = -61, size = 3
force_push: msg_id = 1695455, remain = -61, size = 3
force_push: msg_id = 1695540, remain = -61, size = 3
force_push: msg_id = 1695622, remain = -61, size = 3
force_push: msg_id = 1695705, remain = -61, size = 3
force_push: msg_id = 1695787, remain = -61, size = 3
force_push: msg_id = 1695869, remain = -61, size = 3
force_push: msg_id = 1695952, remain = -61, size = 3
force_push: msg_id = 1696034, remain = -61, size = 3
force_push: msg_id = 1696118, remain = -61, size = 3
force_push: msg_id = 1696197, remain = -61, size = 3
force_push: msg_id = 1696278, remain = -61, size = 3
force_push: msg_id = 1696361, remain = -61, size = 3
force_push: msg_id = 1696442, remain = -61, size = 3
force_push: msg_id = 1696523, remain = -61, size = 3
force_push: msg_id = 1696605, remain = -61, size = 3
force_push: msg_id = 1696687, remain = -61, size = 3
force_push: msg_id = 1696766, remain = -61, size = 3
force_push: msg_id = 1696847, remain = -61, size = 3
force_push: msg_id = 1696928, remain = -61, size = 3
force_push: msg_id = 1697010, remain = -61, size = 3
force_push: msg_id = 1697091, remain = -61, size = 3
force_push: msg_id = 1697170, remain = -61, size = 3
force_push: msg_id = 1697252, remain = -61, size = 3
force_push: msg_id = 1697335, remain = -61, size = 3
force_push: msg_id = 1697416, remain = -61, size = 3
force_push: msg_id = 1697497, remain = -61, size = 3
force_push: msg_id = 1697578, remain = -61, size = 3
force_push: msg_id = 1697659, remain = -61, size = 3
force_push: msg_id = 1697741, remain = -61, size = 3
force_push: msg_id = 1697822, remain = -61, size = 3
force_push: msg_id = 1697901, remain = -61, size = 3
force_push: msg_id = 1697983, remain = -61, size = 3
force_push: msg_id = 1698065, remain = -61, size = 3
force_push: msg_id = 1698147, remain = -61, size = 3
force_push: msg_id = 1698230, remain = -61, size = 3
force_push: msg_id = 1698315, remain = -61, size = 3
force_push: msg_id = 1698398, remain = -61, size = 3
force_push: msg_id = 1698480, remain = -61, size = 3
force_push: msg_id = 1698568, remain = -61, size = 3
force_push: msg_id = 1698649, remain = -61, size = 3
force_push: msg_id = 1698731, remain = -61, size = 3
force_push: msg_id = 1698813, remain = -61, size = 3
force_push: msg_id = 1698893, remain = -61, size = 3
force_push: msg_id = 1698976, remain = -61, size = 3
force_push: msg_id = 1699058, remain = -61, size = 3
force_push: msg_id = 1699139, remain = -61, size = 3
force_push: msg_id = 1699220, remain = -61, size = 3
force_push: msg_id = 1699301, remain = -61, size = 3
force_push: msg_id = 1699383, remain = -61, size = 3
force_push: msg_id = 1699463, remain = -61, size = 3
force_push: msg_id = 1699544, remain = -61, size = 3
force_push: msg_id = 1699623, remain = -61, size = 3
force_push: msg_id = 1699703, remain = -61, size = 3
force_push: msg_id = 1699785, remain = -61, size = 3
force_push: msg_id = 1699867, remain = -61, size = 3
force_push: msg_id = 1699951, remain = -61, size = 3
force_push: msg_id = 1700032, remain = -61, size = 3
force_push: msg_id = 1700116, remain = -61, size = 3
force_push: msg_id = 1700197, remain = -61, size = 3
force_push: msg_id = 1700277, remain = -61, size = 3
force_push: msg_id = 1700357, remain = -61, size = 3
force_push: msg_id = 1700437, remain = -61, size = 3
force_push: msg_id = 1700517, remain = -61, size = 3
force_push: msg_id = 1700602, remain = -61, size = 3
force_push: msg_id = 1700683, remain = -61, size = 3
force_push: msg_id = 1700770, remain = -61, size = 3
force_push: msg_id = 1700849, remain = -61, size = 3
force_push: msg_id = 1700935, remain = -61, size = 3
force_push: msg_id = 1701016, remain = -61, size = 3
force_push: msg_id = 1701098, remain = -61, size = 3
force_push: msg_id = 1701180, remain = -61, size = 3
force_push: msg_id = 1701265, remain = -61, size = 3
force_push: msg_id = 1701346, remain = -61, size = 3
force_push: msg_id = 1701425, remain = -61, size = 3
force_push: msg_id = 1701505, remain = -61, size = 3
force_push: msg_id = 1701584, remain = -61, size = 3
force_push: msg_id = 1701664, remain = -61, size = 3
force_push: msg_id = 1701745, remain = -61, size = 3
force_push: msg_id = 1701828, remain = -61, size = 3
force_push: msg_id = 1701909, remain = -61, size = 3
force_push: msg_id = 1701990, remain = -61, size = 3
force_push: msg_id = 1702070, remain = -61, size = 3
force_push: msg_id = 1702150, remain = -61, size = 3
force_push: msg_id = 1702229, remain = -61, size = 3
force_push: msg_id = 1702308, remain = -61, size = 3
force_push: msg_id = 1702388, remain = -61, size = 3
force_push: msg_id = 1702469, remain = -61, size = 3
force_push: msg_id = 1702547, remain = -61, size = 3
force_push: msg_id = 1702621, remain = -61, size = 3
force_push: msg_id = 1702698, remain = -61, size = 3
force_push: msg_id = 1702779, remain = -61, size = 3
force_push: msg_id = 1702859, remain = -61, size = 3
force_push: msg_id = 1702939, remain = -61, size = 3
force_push: msg_id = 1703020, remain = -61, size = 3
force_push: msg_id = 1703098, remain = -61, size = 3
force_push: msg_id = 1703179, remain = -61, size = 3
force_push: msg_id = 1703261, remain = -61, size = 3
force_push: msg_id = 1703343, remain = -61, size = 3
force_push: msg_id = 1703423, remain = -61, size = 3
force_push: msg_id = 1703505, remain = -61, size = 3
force_push: msg_id = 1703585, remain = -61, size = 3
force_push: msg_id = 1703666, remain = -61, size = 3
force_push: msg_id = 1703748, remain = -61, size = 3
force_push: msg_id = 1703833, remain = -61, size = 3
force_push: msg_id = 1703917, remain = -61, size = 3
force_push: msg_id = 1703997, remain = -61, size = 3
force_push: msg_id = 1704081, remain = -61, size = 3
force_push: msg_id = 1704167, remain = -61, size = 3
force_push: msg_id = 1704249, remain = -61, size = 3
force_push: msg_id = 1704326, remain = -61, size = 3
force_push: msg_id = 1704405, remain = -61, size = 3
force_push: msg_id = 1704485, remain = -61, size = 3
force_push: msg_id = 1704565, remain = -61, size = 3
force_push: msg_id = 1704643, remain = -61, size = 3
force_push: msg_id = 1704723, remain = -61, size = 3
force_push: msg_id = 1704803, remain = -61, size = 3
force_push: msg_id = 1704883, remain = -61, size = 3
force_push: msg_id = 1704963, remain = -61, size = 3
force_push: msg_id = 1705043, remain = -61, size = 3
force_push: msg_id = 1705122, remain = -61, size = 3
force_push: msg_id = 1705202, remain = -61, size = 3
force_push: msg_id = 1705282, remain = -61, size = 3
force_push: msg_id = 1705359, remain = -61, size = 3
force_push: msg_id = 1705439, remain = -61, size = 3
force_push: msg_id = 1705519, remain = -61, size = 3
force_push: msg_id = 1705599, remain = -61, size = 3
force_push: msg_id = 1705677, remain = -61, size = 3
force_push: msg_id = 1705757, remain = -61, size = 3
force_push: msg_id = 1705837, remain = -61, size = 3
force_push: msg_id = 1705917, remain = -61, size = 3
force_push: msg_id = 1705996, remain = -61, size = 3
force_push: msg_id = 1706076, remain = -61, size = 3
force_push: msg_id = 1706153, remain = -61, size = 3
force_push: msg_id = 1706233, remain = -61, size = 3
force_push: msg_id = 1706311, remain = -61, size = 3
force_push: msg_id = 1706391, remain = -61, size = 3
force_push: msg_id = 1706472, remain = -61, size = 3
force_push: msg_id = 1706552, remain = -61, size = 3
force_push: msg_id = 1706632, remain = -61, size = 3
force_push: msg_id = 1706713, remain = -61, size = 3
force_push: msg_id = 1706794, remain = -61, size = 3
force_push: msg_id = 1706876, remain = -61, size = 3
force_push: msg_id = 1706956, remain = -61, size = 3
force_push: msg_id = 1707039, remain = -61, size = 3
force_push: msg_id = 1707120, remain = -61, size = 3
force_push: msg_id = 1707201, remain = -61, size = 3
force_push: msg_id = 1707283, remain = -61, size = 3
force_push: msg_id = 1707366, remain = -61, size = 3
force_push: msg_id = 1707449, remain = -61, size = 3
force_push: msg_id = 1707529, remain = -61, size = 3
force_push: msg_id = 1707611, remain = -61, size = 3
force_push: msg_id = 1707693, remain = -61, size = 3
force_push: msg_id = 1707775, remain = -61, size = 3
force_push: msg_id = 1707859, remain = -61, size = 3
force_push: msg_id = 1707941, remain = -61, size = 3
force_push: msg_id = 1708023, remain = -61, size = 3
force_push: msg_id = 1708104, remain = -61, size = 3
force_push: msg_id = 1708182, remain = -61, size = 3
force_push: msg_id = 1708263, remain = -61, size = 3
force_push: msg_id = 1708344, remain = -61, size = 3
force_push: msg_id = 1708424, remain = -61, size = 3
force_push: msg_id = 1708507, remain = -61, size = 3
force_push: msg_id = 1708590, remain = -61, size = 3
force_push: msg_id = 1708671, remain = -61, size = 3
force_push: msg_id = 1708752, remain = -61, size = 3
force_push: msg_id = 1708834, remain = -61, size = 3
force_push: msg_id = 1708916, remain = -61, size = 3
force_push: msg_id = 1708998, remain = -61, size = 3
force_push: msg_id = 1709083, remain = -61, size = 3
force_push: msg_id = 1709164, remain = -61, size = 3
force_push: msg_id = 1709245, remain = -61, size = 3
force_push: msg_id = 1709326, remain = -61, size = 3
force_push: msg_id = 1709407, remain = -61, size = 3
force_push: msg_id = 1709488, remain = -61, size = 3
force_push: msg_id = 1709570, remain = -61, size = 3
force_push: msg_id = 1709655, remain = -61, size = 3
force_push: msg_id = 1709737, remain = -61, size = 3
force_push: msg_id = 1709819, remain = -61, size = 3
force_push: msg_id = 1709902, remain = -61, size = 3
force_push: msg_id = 1709981, remain = -61, size = 3
force_push: msg_id = 1710061, remain = -61, size = 3
force_push: msg_id = 1710144, remain = -61, size = 3
force_push: msg_id = 1710224, remain = -61, size = 3
force_push: msg_id = 1710305, remain = -61, size = 3
force_push: msg_id = 1710389, remain = -61, size = 3
force_push: msg_id = 1710471, remain = -61, size = 3
force_push: msg_id = 1710552, remain = -61, size = 3
force_push: msg_id = 1710636, remain = -61, size = 3
force_push: msg_id = 1710719, remain = -61, size = 3
force_push: msg_id = 1710801, remain = -61, size = 3
force_push: msg_id = 1710884, remain = -61, size = 3
force_push: msg_id = 1710966, remain = -61, size = 3
force_push: msg_id = 1711047, remain = -61, size = 3
force_push: msg_id = 1711129, remain = -61, size = 3
force_push: msg_id = 1711209, remain = -61, size = 3
force_push: msg_id = 1711292, remain = -61, size = 3
force_push: msg_id = 1711374, remain = -61, size = 3
force_push: msg_id = 1711455, remain = -61, size = 3
force_push: msg_id = 1711541, remain = -61, size = 3
force_push: msg_id = 1711621, remain = -61, size = 3
force_push: msg_id = 1711705, remain = -61, size = 3
force_push: msg_id = 1711787, remain = -61, size = 3
force_push: msg_id = 1711867, remain = -61, size = 3
force_push: msg_id = 1711950, remain = -61, size = 3
force_push: msg_id = 1712031, remain = -61, size = 3
force_push: msg_id = 1712111, remain = -61, size = 3
force_push: msg_id = 1712191, remain = -61, size = 3
force_push: msg_id = 1712274, remain = -61, size = 3
force_push: msg_id = 1712355, remain = -61, size = 3
force_push: msg_id = 1712435, remain = -61, size = 3
force_push: msg_id = 1712521, remain = -61, size = 3
force_push: msg_id = 1712601, remain = -61, size = 3
force_push: msg_id = 1712683, remain = -61, size = 3
force_push: msg_id = 1712767, remain = -61, size = 3
force_push: msg_id = 1712848, remain = -61, size = 3
force_push: msg_id = 1712928, remain = -61, size = 3
force_push: msg_id = 1713010, remain = -61, size = 3
force_push: msg_id = 1713092, remain = -61, size = 3
force_push: msg_id = 1713171, remain = -61, size = 3
force_push: msg_id = 1713251, remain = -61, size = 3
force_push: msg_id = 1713329, remain = -61, size = 3
force_push: msg_id = 1713409, remain = -61, size = 3
force_push: msg_id = 1713489, remain = -61, size = 3
force_push: msg_id = 1713569, remain = -61, size = 3
force_push: msg_id = 1713649, remain = -61, size = 3
force_push: msg_id = 1713729, remain = -61, size = 3
force_push: msg_id = 1713809, remain = -61, size = 3
force_push: msg_id = 1713889, remain = -61, size = 3
force_push: msg_id = 1713968, remain = -61, size = 3
force_push: msg_id = 1714047, remain = -61, size = 3
force_push: msg_id = 1714126, remain = -61, size = 3
force_push: msg_id = 1714205, remain = -61, size = 3
force_push: msg_id = 1714285, remain = -61, size = 3
force_push: msg_id = 1714365, remain = -61, size = 3
force_push: msg_id = 1714445, remain = -61, size = 3
force_push: msg_id = 1714525, remain = -61, size = 3
force_push: msg_id = 1714606, remain = -61, size = 3
force_push: msg_id = 1714686, remain = -61, size = 3
force_push: msg_id = 1714766, remain = -61, size = 3
force_push: msg_id = 1714847, remain = -61, size = 3
force_push: msg_id = 1714927, remain = -61, size = 3
force_push: msg_id = 1715008, remain = -61, size = 3
force_push: msg_id = 1715088, remain = -61, size = 3
force_push: msg_id = 1715168, remain = -61, size = 3
force_push: msg_id = 1715246, remain = -61, size = 3
force_push: msg_id = 1715327, remain = -61, size = 3
force_push: msg_id = 1715407, remain = -61, size = 3
force_push: msg_id = 1715487, remain = -61, size = 3
force_push: msg_id = 1715565, remain = -61, size = 3
force_push: msg_id = 1715645, remain = -61, size = 3
force_push: msg_id = 1715725, remain = -61, size = 3
force_push: msg_id = 1715805, remain = -61, size = 3
force_push: msg_id = 1715883, remain = -61, size = 3
force_push: msg_id = 1715960, remain = -61, size = 3
force_push: msg_id = 1716039, remain = -61, size = 3
force_push: msg_id = 1716118, remain = -61, size = 3
force_push: msg_id = 1716198, remain = -61, size = 3
force_push: msg_id = 1716279, remain = -61, size = 3
force_push: msg_id = 1716361, remain = -61, size = 3
force_push: msg_id = 1716441, remain = -61, size = 3
force_push: msg_id = 1716521, remain = -61, size = 3
force_push: msg_id = 1716601, remain = -61, size = 3
force_push: msg_id = 1716681, remain = -61, size = 3
force_push: msg_id = 1716762, remain = -61, size = 3
force_push: msg_id = 1716844, remain = -61, size = 3
force_push: msg_id = 1716925, remain = -61, size = 3
force_push: msg_id = 1717005, remain = -61, size = 3
force_push: msg_id = 1717086, remain = -61, size = 3
force_push: msg_id = 1717167, remain = -61, size = 3
force_push: msg_id = 1717251, remain = -61, size = 3
force_push: msg_id = 1717331, remain = -61, size = 3
force_push: msg_id = 1717415, remain = -61, size = 3
force_push: msg_id = 1717497, remain = -61, size = 3
force_push: msg_id = 1717579, remain = -61, size = 3
force_push: msg_id = 1717660, remain = -61, size = 3
force_push: msg_id = 1717742, remain = -61, size = 3
force_push: msg_id = 1717824, remain = -61, size = 3
force_push: msg_id = 1717908, remain = -61, size = 3
force_push: msg_id = 1717988, remain = -61, size = 3
force_push: msg_id = 1718071, remain = -61, size = 3
force_push: msg_id = 1718153, remain = -61, size = 3
force_push: msg_id = 1718233, remain = -61, size = 3
force_push: msg_id = 1718316, remain = -61, size = 3
force_push: msg_id = 1718399, remain = -61, size = 3
force_push: msg_id = 1718482, remain = -61, size = 3
force_push: msg_id = 1718565, remain = -61, size = 3
force_push: msg_id = 1718645, remain = -61, size = 3
force_push: msg_id = 1718725, remain = -61, size = 3
force_push: msg_id = 1718807, remain = -61, size = 3
force_push: msg_id = 1718887, remain = -61, size = 3
force_push: msg_id = 1718970, remain = -61, size = 3
force_push: msg_id = 1719052, remain = -61, size = 3
force_push: msg_id = 1719132, remain = -61, size = 3
force_push: msg_id = 1719213, remain = -61, size = 3
force_push: msg_id = 1719298, remain = -61, size = 3
force_push: msg_id = 1719378, remain = -61, size = 3
force_push: msg_id = 1719459, remain = -61, size = 3
force_push: msg_id = 1719542, remain = -61, size = 3
force_push: msg_id = 1719624, remain = -61, size = 3
force_push: msg_id = 1719704, remain = -61, size = 3
force_push: msg_id = 1719788, remain = -61, size = 3
force_push: msg_id = 1719868, remain = -61, size = 3
force_push: msg_id = 1719950, remain = -61, size = 3
force_push: msg_id = 1720031, remain = -61, size = 3
force_push: msg_id = 1720115, remain = -61, size = 3
force_push: msg_id = 1720196, remain = -61, size = 3
force_push: msg_id = 1720278, remain = -61, size = 3
force_push: msg_id = 1720362, remain = -61, size = 3
force_push: msg_id = 1720447, remain = -61, size = 3
force_push: msg_id = 1720526, remain = -61, size = 3
force_push: msg_id = 1720607, remain = -61, size = 3
force_push: msg_id = 1720688, remain = -61, size = 3
force_push: msg_id = 1720769, remain = -61, size = 3
force_push: msg_id = 1720853, remain = -61, size = 3
force_push: msg_id = 1720937, remain = -61, size = 3
force_push: msg_id = 1721017, remain = -61, size = 3
force_push: msg_id = 1721101, remain = -61, size = 3
force_push: msg_id = 1721182, remain = -61, size = 3
force_push: msg_id = 1721264, remain = -61, size = 3
force_push: msg_id = 1721345, remain = -61, size = 3
force_push: msg_id = 1721426, remain = -61, size = 3
force_push: msg_id = 1721507, remain = -61, size = 3
force_push: msg_id = 1721591, remain = -61, size = 3
force_push: msg_id = 1721670, remain = -61, size = 3
force_push: msg_id = 1721752, remain = -61, size = 3
force_push: msg_id = 1721832, remain = -61, size = 3
force_push: msg_id = 1721918, remain = -61, size = 3
force_push: msg_id = 1722000, remain = -61, size = 3
force_push: msg_id = 1722082, remain = -61, size = 3
force_push: msg_id = 1722164, remain = -61, size = 3
force_push: msg_id = 1722244, remain = -61, size = 3
force_push: msg_id = 1722328, remain = -61, size = 3
force_push: msg_id = 1722411, remain = -61, size = 3
force_push: msg_id = 1722490, remain = -61, size = 3
force_push: msg_id = 1722574, remain = -61, size = 3
force_push: msg_id = 1722655, remain = -61, size = 3
force_push: msg_id = 1722737, remain = -61, size = 3
force_push: msg_id = 1722816, remain = -61, size = 3
force_push: msg_id = 1722898, remain = -61, size = 3
force_push: msg_id = 1722983, remain = -61, size = 3
force_push: msg_id = 1723063, remain = -61, size = 3
force_push: msg_id = 1723143, remain = -61, size = 3
force_push: msg_id = 1723229, remain = -61, size = 3
force_push: msg_id = 1723309, remain = -61, size = 3
force_push: msg_id = 1723390, remain = -61, size = 3
force_push: msg_id = 1723472, remain = -61, size = 3
force_push: msg_id = 1723553, remain = -61, size = 3
force_push: msg_id = 1723635, remain = -61, size = 3
force_push: msg_id = 1723722, remain = -61, size = 3
force_push: msg_id = 1723804, remain = -61, size = 3
force_push: msg_id = 1723886, remain = -61, size = 3
force_push: msg_id = 1723968, remain = -61, size = 3
force_push: msg_id = 1724050, remain = -61, size = 3
force_push: msg_id = 1724131, remain = -61, size = 3
force_push: msg_id = 1724210, remain = -61, size = 3
force_push: msg_id = 1724290, remain = -61, size = 3
force_push: msg_id = 1724372, remain = -61, size = 3
force_push: msg_id = 1724454, remain = -61, size = 3
force_push: msg_id = 1724537, remain = -61, size = 3
force_push: msg_id = 1724621, remain = -61, size = 3
force_push: msg_id = 1724702, remain = -61, size = 3
force_push: msg_id = 1724782, remain = -61, size = 3
force_push: msg_id = 1724866, remain = -61, size = 3
force_push: msg_id = 1724948, remain = -61, size = 3
force_push: msg_id = 1725031, remain = -61, size = 3
force_push: msg_id = 1725112, remain = -61, size = 3
force_push: msg_id = 1725195, remain = -61, size = 3
force_push: msg_id = 1725276, remain = -61, size = 3
force_push: msg_id = 1725357, remain = -61, size = 3
force_push: msg_id = 1725437, remain = -61, size = 3
force_push: msg_id = 1725521, remain = -61, size = 3
force_push: msg_id = 1725603, remain = -61, size = 3
force_push: msg_id = 1725683, remain = -61, size = 3
force_push: msg_id = 1725763, remain = -61, size = 3
force_push: msg_id = 1725842, remain = -61, size = 3
force_push: msg_id = 1725927, remain = -61, size = 3
force_push: msg_id = 1726010, remain = -61, size = 3
force_push: msg_id = 1726090, remain = -61, size = 3
force_push: msg_id = 1726171, remain = -61, size = 3
force_push: msg_id = 1726253, remain = -61, size = 3
force_push: msg_id = 1726334, remain = -61, size = 3
force_push: msg_id = 1726415, remain = -61, size = 3
force_push: msg_id = 1726499, remain = -61, size = 3
force_push: msg_id = 1726580, remain = -61, size = 3
force_push: msg_id = 1726666, remain = -61, size = 3
force_push: msg_id = 1726747, remain = -61, size = 3
force_push: msg_id = 1726830, remain = -61, size = 3
force_push: msg_id = 1726912, remain = -61, size = 3
force_push: msg_id = 1726993, remain = -61, size = 3
force_push: msg_id = 1727072, remain = -61, size = 3
force_push: msg_id = 1727155, remain = -61, size = 3
force_push: msg_id = 1727236, remain = -61, size = 3
force_push: msg_id = 1727318, remain = -61, size = 3
force_push: msg_id = 1727398, remain = -61, size = 3
force_push: msg_id = 1727479, remain = -61, size = 3
force_push: msg_id = 1727563, remain = -61, size = 3
force_push: msg_id = 1727646, remain 