Read file config.yml
Running executor...
Loaded function exp00_front. lib_load_elasped: 223, func_load_elasped: 4
Loaded function exp00_back. lib_load_elasped: 152, func_load_elasped: 1
force_push: msg_id = 1688702, remain = 214, size = 64
Send to executer failed.force_push: msg_id = 1690010, remain = -61, size = 3
force_push: msg_id = 1690069, remain = -61, size = 3
force_push: msg_id = 1690149, remain = -61, size = 3
force_push: msg_id = 1690230, remain = -61, size = 3
force_push: msg_id = 1690316, remain = -61, size = 3
force_push: msg_id = 1690400, remain = -61, size = 3
force_push: msg_id = 1690485, remain = -61, size = 3
force_push: msg_id = 1690568, remain = -61, size = 3
force_push: msg_id = 1690648, remain = -61, size = 3
force_push: msg_id = 1690730, remain = -61, size = 3
force_push: msg_id = 1690815, remain = -61, size = 3
force_push: msg_id = 1690900, remain = -61, size = 3
force_push: msg_id = 1690982, remain = -61, size = 3
force_push: msg_id = 1691063, remain = -61, size = 3
force_push: msg_id = 1691147, remain = -61, size = 3
force_push: msg_id = 1691228, remain = -61, size = 3
force_push: msg_id = 1691305, remain = -61, size = 3
force_push: msg_id = 1691387, remain = -61, size = 3
force_push: msg_id = 1691467, remain = -61, size = 3
force_push: msg_id = 1691547, remain = -61, size = 3
force_push: msg_id = 1691625, remain = -61, size = 3
force_push: msg_id = 1691706, remain = -61, size = 3
force_push: msg_id = 1691787, remain = -61, size = 3
force_push: msg_id = 1691867, remain = -61, size = 3
force_push: msg_id = 1691947, remain = -61, size = 3
force_push: msg_id = 1692027, remain = -61, size = 3
force_push: msg_id = 1692107, remain = -61, size = 3
force_push: msg_id = 1692187, remain = -61, size = 3
force_push: msg_id = 1692268, remain = -61, size = 3
force_push: msg_id = 1692349, remain = -61, size = 3
force_push: msg_id = 1692429, remain = -61, size = 3
force_push: msg_id = 1692511, remain = -61, size = 3
force_push: msg_id = 1692594, remain = -61, size = 3
force_push: msg_id = 1692677, remain = -61, size = 3
force_push: msg_id = 1692760, remain = -61, size = 3
force_push: msg_id = 1692843, remain = -61, size = 3
force_push: msg_id = 1692928, remain = -61, size = 3
force_push: msg_id = 1693008, remain = -61, size = 3
force_push: msg_id = 1693090, remain = -61, size = 3
force_push: msg_id = 1693174, remain = -61, size = 3
force_push: msg_id = 1693260, remain = -61, size = 3
force_push: msg_id = 1693345, remain = -61, size = 3
force_push: msg_id = 1693426, remain = -61, size = 3
force_push: msg_id = 1693509, remain = -61, size = 3
force_push: msg_id = 1693592, remain = -61, size = 3
force_push: msg_id = 1693673, remain = -61, size = 3
force_push: msg_id = 1693754, remain = -61, size = 3
force_push: msg_id = 1693836, remain = -61, size = 3
force_push: msg_id = 1693916, remain = -61, size = 3
force_push: msg_id = 1693997, remain = -61, size = 3
force_push: msg_id = 1694078, remain = -61, size = 3
force_push: msg_id = 1694161, remain = -61, size = 3
force_push: msg_id = 1694237, remain = -61, size = 3
force_push: msg_id = 1694317, remain = -61, size = 3
force_push: msg_id = 1694397, remain = -61, size = 3
force_push: msg_id = 1694478, remain = -61, size = 3
force_push: msg_id = 1694556, remain = -61, size = 3
force_push: msg_id = 1694639, remain = -61, size = 3
force_push: msg_id = 1694721, remain = -61, size = 3
force_push: msg_id = 1694801, remain = -61, size = 3
force_push: msg_id = 1694881, remain = -61, size = 3
force_push: msg_id = 1694961, remain = -61, size = 3
force_push: msg_id = 1695041, remain = -61, size = 3
force_push: msg_id = 1695122, remain = -61, size = 3
force_push: msg_id = 1695203, remain = -61, size = 3
force_push: msg_id = 1695284, remain = -61, size = 3
force_push: msg_id = 1695367, remain = -61, size = 3
force_push: msg_id = 1695448, remain = -61, size = 3
force_push: msg_id = 1695528, remain = -61, size = 3
force_push: msg_id = 1695609, remain = -61, size = 3
force_push: msg_id = 1695690, remain = -61, size = 3
force_push: msg_id = 1695768, remain = -61, size = 3
force_push: msg_id = 1695854, remain = -61, size = 3
force_push: msg_id = 1695937, remain = -61, size = 3
force_push: msg_id = 1696013, remain = -61, size = 3
force_push: msg_id = 1696096, remain = -61, size = 3
force_push: msg_id = 1696180, remain = -61, size = 3
force_push: msg_id = 1696261, remain = -61, size = 3
force_push: msg_id = 1696343, remain = -61, size = 3
force_push: msg_id = 1696428, remain = -61, size = 3
force_push: msg_id = 1696506, remain = -61, size = 3
force_push: msg_id = 1696583, remain = -61, size = 3
force_push: msg_id = 1696664, remain = -61, size = 3
force_push: msg_id = 1696744, remain = -61, size = 3
force_push: msg_id = 1696825, remain = -61, size = 3
force_push: msg_id = 1696905, remain = -61, size = 3
force_push: msg_id = 1696989, remain = -61, size = 3
force_push: msg_id = 1697070, remain = -61, size = 3
force_push: msg_id = 1697152, remain = -61, size = 3
force_push: msg_id = 1697233, remain = -61, size = 3
force_push: msg_id = 1697315, remain = -61, size = 3
force_push: msg_id = 1697396, remain = -61, size = 3
force_push: msg_id = 1697479, remain = -61, size = 3
force_push: msg_id = 1697562, remain = -61, size = 3
force_push: msg_id = 1697642, remain = -61, size = 3
force_push: msg_id = 1697721, remain = -61, size = 3
force_push: msg_id = 1697806, remain = -61, size = 3
force_push: msg_id = 1697881, remain = -61, size = 3
force_push: msg_id = 1697966, remain = -61, size = 3
force_push: msg_id = 1698048, remain = -61, size = 3
force_push: msg_id = 1698129, remain = -61, size = 3
force_push: msg_id = 1698211, remain = -61, size = 3
force_push: msg_id = 1698296, remain = -61, size = 3
force_push: msg_id = 1698371, remain = -61, size = 3
force_push: msg_id = 1698452, remain = -61, size = 3
force_push: msg_id = 1698534, remain = -61, size = 3
force_push: msg_id = 1698618, remain = -61, size = 3
force_push: msg_id = 1698697, remain = -61, size = 3
force_push: msg_id = 1698778, remain = -61, size = 3
force_push: msg_id = 1698863, remain = -61, size = 3
force_push: msg_id = 1698943, remain = -61, size = 3
force_push: msg_id = 1699030, remain = -61, size = 3
force_push: msg_id = 1699112, remain = -61, size = 3
force_push: msg_id = 1699193, remain = -61, size = 3
force_push: msg_id = 1699277, remain = -61, size = 3
force_push: msg_id = 1699361, remain = -61, size = 3
force_push: msg_id = 1699442, remain = -61, size = 3
force_push: msg_id = 1699525, remain = -61, size = 3
force_push: msg_id = 1699605, remain = -61, size = 3
force_push: msg_id = 1699684, remain = -61, size = 3
force_push: msg_id = 1699768, remain = -61, size = 3
force_push: msg_id = 1699846, remain = -61, size = 3
force_push: msg_id = 1699928, remain = -61, size = 3
force_push: msg_id = 1700012, remain = -61, size = 3
force_push: msg_id = 1700092, remain = -61, size = 3
force_push: msg_id = 1700173, remain = -61, size = 3
force_push: msg_id = 1700251, remain = -61, size = 3
force_push: msg_id = 1700333, remain = -61, size = 3
force_push: msg_id = 1700415, remain = -61, size = 3
force_push: msg_id = 1700498, remain = -61, size = 3
force_push: msg_id = 1700576, remain = -61, size = 3
force_push: msg_id = 1700659, remain = -61, size = 3
force_push: msg_id = 1700741, remain = -61, size = 3
force_push: msg_id = 1700824, remain = -61, size = 3
force_push: msg_id = 1700904, remain = -61, size = 3
force_push: msg_id = 1700986, remain = -61, size = 3
force_push: msg_id = 1701069, remain = -61, size = 3
force_push: msg_id = 1701150, remain = -61, size = 3
force_push: msg_id = 1701226, remain = -61, size = 3
force_push: msg_id = 1701313, remain = -61, size = 3
force_push: msg_id = 1701398, remain = -61, size = 3
force_push: msg_id = 1701479, remain = -61, size = 3
force_push: msg_id = 1701560, remain = -61, size = 3
force_push: msg_id = 1701643, remain = -61, size = 3
force_push: msg_id = 1701727, remain = -61, size = 3
force_push: msg_id = 1701807, remain = -61, size = 3
force_push: msg_id = 1701889, remain = -61, size = 3
force_push: msg_id = 1701971, remain = -61, size = 3
force_push: msg_id = 1702053, remain = -61, size = 3
force_push: msg_id = 1702138, remain = -61, size = 3
force_push: msg_id = 1702220, remain = -61, size = 3
force_push: msg_id = 1702302, remain = -61, size = 3
force_push: msg_id = 1702384, remain = -61, size = 3
force_push: msg_id = 1702466, remain = -61, size = 3
force_push: msg_id = 1702548, remain = -61, size = 3
force_push: msg_id = 1702629, remain = -61, size = 3
force_push: msg_id = 1702712, remain = -61, size = 3
force_push: msg_id = 1702793, remain = -61, size = 3
force_push: msg_id = 1702874, remain = -61, size = 3
force_push: msg_id = 1702955, remain = -61, size = 3
force_push: msg_id = 1703036, remain = -61, size = 3
force_push: msg_id = 1703116, remain = -61, size = 3
force_push: msg_id = 1703197, remain = -61, size = 3
force_push: msg_id = 1703278, remain = -61, size = 3
force_push: msg_id = 1703360, remain = -61, size = 3
force_push: msg_id = 1703442, remain = -61, size = 3
force_push: msg_id = 1703526, remain = -61, size = 3
force_push: msg_id = 1703608, remain = -61, size = 3
force_push: msg_id = 1703689, remain = -61, size = 3
force_push: msg_id = 1703765, remain = -61, size = 3
force_push: msg_id = 1703843, remain = -61, size = 3
force_push: msg_id = 1703925, remain = -61, size = 3
force_push: msg_id = 1704005, remain = -61, size = 3
force_push: msg_id = 1704086, remain = -61, size = 3
force_push: msg_id = 1704168, remain = -61, size = 3
force_push: msg_id = 1704246, remain = -61, size = 3
force_push: msg_id = 1704328, remain = -61, size = 3
force_push: msg_id = 1704407, remain = -61, size = 3
force_push: msg_id = 1704487, remain = -61, size = 3
force_push: msg_id = 1704567, remain = -61, size = 3
force_push: msg_id = 1704647, remain = -61, size = 3
force_push: msg_id = 1704727, remain = -61, size = 3
force_push: msg_id = 1704807, remain = -61, size = 3
force_push: msg_id = 1704887, remain = -61, size = 3
force_push: msg_id = 1704966, remain = -61, size = 3
force_push: msg_id = 1705046, remain = -61, size = 3
force_push: msg_id = 1705127, remain = -61, size = 3
force_push: msg_id = 1705209, remain = -61, size = 3
force_push: msg_id = 1705289, remain = -61, size = 3
force_push: msg_id = 1705369, remain = -61, size = 3
force_push: msg_id = 1705448, remain = -61, size = 3
force_push: msg_id = 1705532, remain = -61, size = 3
force_push: msg_id = 1705614, remain = -61, size = 3
force_push: msg_id = 1705696, remain = -61, size = 3
force_push: msg_id = 1705777, remain = -61, size = 3
force_push: msg_id = 1705861, remain = -61, size = 3
force_push: msg_id = 1705944, remain = -61, size = 3
force_push: msg_id = 1706030, remain = -61, size = 3
force_push: msg_id = 1706112, remain = -61, size = 3
force_push: msg_id = 1706193, remain = -61, size = 3
force_push: msg_id = 1706277, remain = -61, size = 3
force_push: msg_id = 1706359, remain = -61, size = 3
force_push: msg_id = 1706443, remain = -61, size = 3
force_push: msg_id = 1706524, remain = -61, size = 3
force_push: msg_id = 1706604, remain = -61, size = 3
force_push: msg_id = 1706684, remain = -61, size = 3
force_push: msg_id = 1706764, remain = -61, size = 3
force_push: msg_id = 1706843, remain = -61, size = 3
force_push: msg_id = 1706923, remain = -61, size = 3
force_push: msg_id = 1707000, remain = -61, size = 3
force_push: msg_id = 1707078, remain = -61, size = 3
force_push: msg_id = 1707155, remain = -61, size = 3
force_push: msg_id = 1707235, remain = -61, size = 3
force_push: msg_id = 1707315, remain = -61, size = 3
force_push: msg_id = 1707395, remain = -61, size = 3
force_push: msg_id = 1707475, remain = -61, size = 3
force_push: msg_id = 1707555, remain = -61, size = 3
force_push: msg_id = 1707635, remain = -61, size = 3
force_push: msg_id = 1707715, remain = -61, size = 3
force_push: msg_id = 1707795, remain = -61, size = 3
force_push: msg_id = 1707876, remain = -61, size = 3
force_push: msg_id = 1707956, remain = -61, size = 3
force_push: msg_id = 1708034, remain = -61, size = 3
force_push: msg_id = 1708114, remain = -61, size = 3
force_push: msg_id = 1708193, remain = -61, size = 3
force_push: msg_id = 1708273, remain = -61, size = 3
force_push: msg_id = 1708353, remain = -61, size = 3
force_push: msg_id = 1708433, remain = -61, size = 3
force_push: msg_id = 1708510, remain = -61, size = 3
force_push: msg_id = 1708589, remain = -61, size = 3
force_push: msg_id = 1708668, remain = -61, size = 3
force_push: msg_id = 1708748, remain = -61, size = 3
force_push: msg_id = 1708828, remain = -61, size = 3
force_push: msg_id = 1708908, remain = -61, size = 3
force_push: msg_id = 1708988, remain = -61, size = 3
force_push: msg_id = 1709068, remain = -61, size = 3
force_push: msg_id = 1709148, remain = -61, size = 3
force_push: msg_id = 1709228, remain = -61, size = 3
force_push: msg_id = 1709308, remain = -61, size = 3
force_push: msg_id = 1709389, remain = -61, size = 3
force_push: msg_id = 1709469, remain = -61, size = 3
force_push: msg_id = 1709549, remain = -61, size = 3
force_push: msg_id = 1709627, remain = -61, size = 3
force_push: msg_id = 1709707, remain = -61, size = 3
force_push: msg_id = 1709788, remain = -61, size = 3
force_push: msg_id = 1709866, remain = -61, size = 3
force_push: msg_id = 1709946, remain = -61, size = 3
force_push: msg_id = 1710026, remain = -61, size = 3
force_push: msg_id = 1710106, remain = -61, size = 3
force_push: msg_id = 1710186, remain = -61, size = 3
force_push: msg_id = 1710266, remain = -61, size = 3
force_push: msg_id = 1710346, remain = -61, size = 3
force_push: msg_id = 1710426, remain = -61, size = 3
force_push: msg_id = 1710507, remain = -61, size = 3
force_push: msg_id = 1710587, remain = -61, size = 3
force_push: msg_id = 1710667, remain = -61, size = 3
force_push: msg_id = 1710747, remain = -61, size = 3
force_push: msg_id = 1710826, remain = -61, size = 3
force_push: msg_id = 1710905, remain = -61, size = 3
force_push: msg_id = 1710981, remain = -61, size = 3
force_push: msg_id = 1711059, remain = -61, size = 3
force_push: msg_id = 1711136, remain = -61, size = 3
force_push: msg_id = 1711215, remain = -61, size = 3
force_push: msg_id = 1711294, remain = -61, size = 3
force_push: msg_id = 1711369, remain = -61, size = 3
force_push: msg_id = 1711449, remain = -61, size = 3
force_push: msg_id = 1711529, remain = -61, size = 3
force_push: msg_id = 1711609, remain = -61, size = 3
force_push: msg_id = 1711689, remain = -61, size = 3
force_push: msg_id = 1711769, remain = -61, size = 3
force_push: msg_id = 1711849, remain = -61, size = 3
force_push: msg_id = 1711930, remain = -61, size = 3
force_push: msg_id = 1712010, remain = -61, size = 3
force_push: msg_id = 1712090, remain = -61, size = 3
force_push: msg_id = 1712170, remain = -61, size = 3
force_push: msg_id = 1712250, remain = -61, size = 3
force_push: msg_id = 1712328, remain = -61, size = 3
force_push: msg_id = 1712410, remain = -61, size = 3
force_push: msg_id = 1712490, remain = -61, size = 3
force_push: msg_id = 1712570, remain = -61, size = 3
force_push: msg_id = 1712650, remain = -61, size = 3
force_push: msg_id = 1712730, remain = -61, size = 3
force_push: msg_id = 1712810, remain = -61, size = 3
force_push: msg_id = 1712890, remain = -61, size = 3
force_push: msg_id = 1712970, remain = -61, size = 3
force_push: msg_id = 1713050, remain = -61, size = 3
force_push: msg_id = 1713130, remain = -61, size = 3
force_push: msg_id = 1713210, remain = -61, size = 3
force_push: msg_id = 1713290, remain = -61, size = 3
force_push: msg_id = 1713370, remain = -61, size = 3
force_push: msg_id = 1713450, remain = -61, size = 3
force_push: msg_id = 1713530, remain = -61, size = 3
force_push: msg_id = 1713608, remain = -61, size = 3
force_push: msg_id = 1713688, remain = -61, size = 3
force_push: msg_id = 1713766, remain = -61, size = 3
force_push: msg_id = 1713846, remain = -61, size = 3
force_push: msg_id = 1713926, remain = -61, size = 3
force_push: msg_id = 1714005, remain = -61, size = 3
force_push: msg_id = 1714084, remain = -61, size = 3
force_push: msg_id = 1714160, remain = -61, size = 3
force_push: msg_id = 1714240, remain = -61, size = 3
force_push: msg_id = 1714319, remain = -61, size = 3
force_push: msg_id = 1714398, remain = -61, size = 3
force_push: msg_id = 1714478, remain = -61, size = 3
force_push: msg_id = 1714558, remain = -61, size = 3
force_push: msg_id = 1714638, remain = -61, size = 3
force_push: msg_id = 1714718, remain = -61, size = 3
force_push: msg_id = 1714798, remain = -61, size = 3
force_push: msg_id = 1714878, remain = -61, size = 3
force_push: msg_id = 1714958, remain = -61, size = 3
force_push: msg_id = 1715038, remain = -61, size = 3
force_push: msg_id = 1715118, remain = -61, size = 3
force_push: msg_id = 1715196, remain = -61, size = 3
force_push: msg_id = 1715276, remain = -61, size = 3
force_push: msg_id = 1715356, remain = -61, size = 3
force_push: msg_id = 1715436, remain = -61, size = 3
force_push: msg_id = 1715516, remain = -61, size = 3
force_push: msg_id = 1715595, remain = -61, size = 3
force_push: msg_id = 1715674, remain = -61, size = 3
force_push: msg_id = 1715754, remain = -61, size = 3
force_push: msg_id = 1715834, remain = -61, size = 3
force_push: msg_id = 1715914, remain = -61, size = 3
force_push: msg_id = 1715994, remain = -61, size = 3
force_push: msg_id = 1716074, remain = -61, size = 3
force_push: msg_id = 1716154, remain = -61, size = 3
force_push: msg_id = 1716234, remain = -61, size = 3
force_push: msg_id = 1716315, remain = -61, size = 3
force_push: msg_id = 1716394, remain = -61, size = 3
force_push: msg_id = 1716473, remain = -61, size = 3
force_push: msg_id = 1716553, remain = -61, size = 3
force_push: msg_id = 1716633, remain = -61, size = 3
force_push: msg_id = 1716711, remain = -61, size = 3
force_push: msg_id = 1716791, remain = -61, size = 3
force_push: msg_id = 1716871, remain = -61, size = 3
force_push: msg_id = 1716951, remain = -61, size = 3
force_push: msg_id = 1717029, remain = -61, size = 3
force_push: msg_id = 1717107, remain = -61, size = 3
force_push: msg_id = 1717187, remain = -61, size = 3
force_push: msg_id = 1717265, remain = -61, size = 3
force_push: msg_id = 1717343, remain = -61, size = 3
force_push: msg_id = 1717423, remain = -61, size = 3
force_push: msg_id = 1717503, remain = -61, size = 3
force_push: msg_id = 1717583, remain = -61, size = 3
force_push: msg_id = 1717663, remain = -61, size = 3
force_push: msg_id = 1717741, remain = -61, size = 3
force_push: msg_id = 1717821, remain = -61, size = 3
force_push: msg_id = 1717901, remain = -61, size = 3
force_push: msg_id = 1717981, remain = -61, size = 3
force_push: msg_id = 1718059, remain = -61, size = 3
force_push: msg_id = 1718139, remain = -61, size = 3
force_push: msg_id = 1718219, remain = -61, size = 3
force_push: msg_id = 1718299, remain = -61, size = 3
force_push: msg_id = 1718379, remain = -61, size = 3
force_push: msg_id = 1718459, remain = -61, size = 3
force_push: msg_id = 1718539, remain = -61, size = 3
force_push: msg_id = 1718619, remain = -61, size = 3
force_push: msg_id = 1718699, remain = -61, size = 3
force_push: msg_id = 1718778, remain = -61, size = 3
force_push: msg_id = 1718858, remain = -61, size = 3
force_push: msg_id = 1718939, remain = -61, size = 3
force_push: msg_id = 1719019, remain = -61, size = 3
force_push: msg_id = 1719099, remain = -61, size = 3
force_push: msg_id = 1719179, remain = -61, size = 3
force_push: msg_id = 1719259, remain = -61, size = 3
force_push: msg_id = 1719339, remain = -61, size = 3
force_push: msg_id = 1719420, remain = -61, size = 3
force_push: msg_id = 1719500, remain = -61, size = 3
force_push: msg_id = 1719578, remain = -61, size = 3
force_push: msg_id = 1719658, remain = -61, size = 3
force_push: msg_id = 1719738, remain = -61, size = 3
force_push: msg_id = 1719818, remain = -61, size = 3
force_push: msg_id = 1719896, remain = -61, size = 3
force_push: msg_id = 1719974, remain = -61, size = 3
force_push: msg_id = 1720052, remain = -61, size = 3
force_push: msg_id = 1720130, remain = -61, size = 3
force_push: msg_id = 1720210, remain = -61, size = 3
force_push: msg_id = 1720290, remain = -61, size = 3
force_push: msg_id = 1720370, remain = -61, size = 3
force_push: msg_id = 1720450, remain = -61, size = 3
force_push: msg_id = 1720530, remain = -61, size = 3
force_push: msg_id = 1720610, remain = -61, size = 3
force_push: msg_id = 1720689, remain = -61, size = 3
force_push: msg_id = 1720767, remain = -61, size = 3
force_push: msg_id = 1720847, remain = -61, size = 3
force_push: msg_id = 1720925, remain = -61, size = 3
force_push: msg_id = 1721005, remain = -61, size = 3
force_push: msg_id = 1721085, remain = -61, size = 3
force_push: msg_id = 1721165, remain = -61, size = 3
force_push: msg_id = 1721245, remain = -61, size = 3
force_push: msg_id = 1721325, remain = -61, size = 3
force_push: msg_id = 1721405, remain = -61, size = 3
force_push: msg_id = 1721485, remain = -61, size = 3
force_push: msg_id = 1721565, remain = -61, size = 3
force_push: msg_id = 1721645, remain = -61, size = 3
force_push: msg_id = 1721726, remain = -61, size = 3
force_push: msg_id = 1721806, remain = -61, size = 3
force_push: msg_id = 1721886, remain = -61, size = 3
force_push: msg_id = 1721966, remain = -61, size = 3
force_push: msg_id = 1722046, remain = -61, size = 3
force_push: msg_id = 1722126, remain = -61, size = 3
force_push: msg_id = 1722206, remain = -61, size = 3
force_push: msg_id = 1722286, remain = -61, size = 3
force_push: msg_id = 1722366, remain = -61, size = 3
force_push: msg_id = 1722446, remain = -61, size = 3
force_push: msg_id = 1722526, remain = -61, size = 3
force_push: msg_id = 1722604, remain = -61, size = 3
force_push: msg_id = 1722684, remain = -61, size = 3
force_push: msg_id = 1722762, remain = -61, size = 3
force_push: msg_id = 1722842, remain = -61, size = 3
force_push: msg_id = 1722920, remain = -61, size = 3
force_push: msg_id = 1722996, remain = -61, size = 3
force_push: msg_id = 1723076, remain = -61, size = 3
force_push: msg_id = 1723156, remain = -61, size = 3
force_push: msg_id = 1723236, remain = -61, size = 3
force_push: msg_id = 1723316, remain = -61, size = 3
force_push: msg_id = 1723396, remain = -61, size = 3
force_push: msg_id = 1723475, remain = -61, size = 3
force_push: msg_id = 1723554, remain = -61, size = 3
force_push: msg_id = 1723632, remain = -61, size = 3
force_push: msg_id = 1723710, remain = -61, size = 3
force_push: msg_id = 1723790, remain = -61, size = 3
force_push: msg_id = 1723870, remain = -61, size = 3
force_push: msg_id = 1723950, remain = -61, size = 3
force_push: msg_id = 1724030, remain = -61, size = 3
force_push: msg_id = 1724110, remain = -61, size = 3
force_push: msg_id = 1724190, remain = -61, size = 3
force_push: msg_id = 1724270, remain = -61, size = 3
force_push: msg_id = 1724350, remain = -61, size = 3
force_push: msg_id = 1724430, remain = -61, size = 3
force_push: msg_id = 1724510, remain = -61, size = 3
force_push: msg_id = 1724590, remain = -61, size = 3
force_push: msg_id = 1724670, remain = -61, size = 3
force_push: msg_id = 1724750, remain = -61, size = 3
force_push: msg_id = 1724830, remain = -61, size = 3
force_push: msg_id = 1724910, remain = -61, size = 3
force_push: msg_id = 1724990, remain = -61, size = 3
force_push: msg_id = 1725070, remain = -61, size = 3
force_push: msg_id = 1725148, remain = -61, size = 3
force_push: msg_id = 1725228, remain = -61, size = 3
force_push: msg_id = 1725308, remain = -61, size = 3
force_push: msg_id = 1725388, remain = -61, size = 3
force_push: msg_id = 1725468, remain = -61, size = 3
force_push: msg_id = 1725548, remain = -61, size = 3
force_push: msg_id = 1725626, remain = -61, size = 3
force_push: msg_id = 1725704, remain = -61, size = 3
force_push: msg_id = 1725782, remain = -61, size = 3
force_push: msg_id = 1725860, remain = -61, size = 3
force_push: msg_id = 1725940, remain = -61, size = 3
force_push: msg_id = 1726020, remain = -61, size = 3
force_push: msg_id = 1726098, remain = -61, size = 3
force_push: msg_id = 1726178, remain = -61, size = 3
force_push: msg_id = 1726258, remain = -61, size = 3
force_push: msg_id = 1726337, remain = -61, size = 3
force_push: msg_id = 1726416, remain = -61, size = 3
force_push: msg_id = 1726494, remain = -61, size = 3
force_push: msg_id = 1726574, remain = -61, size = 3
force_push: msg_id = 1726652, remain = -61, size = 3
force_push: msg_id = 1726732, remain = -61, size = 3
force_push: msg_id = 1726812, remain = -61, size = 3
force_push: msg_id = 1726892, remain = -61, size = 3
force_push: msg_id = 1726972, remain = -61, size = 3
force_push: msg_id = 1727052, remain = -61, size = 3
force_push: msg_id = 1727132, remain = -61, size = 3
force_push: msg_id = 1727212, remain 