Read file config.yml
Running executor...
Loaded function exp00_back. lib_load_elasped: 179, func_load_elasped: 3
Loaded function exp00_front. lib_load_elasped: 149, func_load_elasped: 2
force_push: msg_id = 1689964, remain = -61, size = 3
force_push: msg_id = 1690028, remain = -61, size = 3
force_push: msg_id = 1690105, remain = -61, size = 3
force_push: msg_id = 1690188, remain = -61, size = 3
force_push: msg_id = 1690274, remain = -61, size = 3
force_push: msg_id = 1690359, remain = -61, size = 3
force_push: msg_id = 1690442, remain = -61, size = 3
force_push: msg_id = 1690517, remain = -61, size = 3
force_push: msg_id = 1690600, remain = -61, size = 3
force_push: msg_id = 1690682, remain = -61, size = 3
force_push: msg_id = 1690761, remain = -61, size = 3
force_push: msg_id = 1690839, remain = -61, size = 3
force_push: msg_id = 1690922, remain = -61, size = 3
force_push: msg_id = 1690981, remain = -61, size = 3
force_push: msg_id = 1691055, remain = -61, size = 3
force_push: msg_id = 1691131, remain = -61, size = 3
force_push: msg_id = 1691209, remain = -61, size = 3
force_push: msg_id = 1691289, remain = -61, size = 3
force_push: msg_id = 1691370, remain = -61, size = 3
force_push: msg_id = 1691450, remain = -61, size = 3
force_push: msg_id = 1691533, remain = -61, size = 3
force_push: msg_id = 1691613, remain = -61, size = 3
force_push: msg_id = 1691693, remain = -61, size = 3
force_push: msg_id = 1691774, remain = -61, size = 3
force_push: msg_id = 1691854, remain = -61, size = 3
force_push: msg_id = 1691936, remain = -61, size = 3
force_push: msg_id = 1692016, remain = -61, size = 3
force_push: msg_id = 1692097, remain = -61, size = 3
force_push: msg_id = 1692177, remain = -61, size = 3
force_push: msg_id = 1692258, remain = -61, size = 3
force_push: msg_id = 1692337, remain = -61, size = 3
force_push: msg_id = 1692420, remain = -61, size = 3
force_push: msg_id = 1692498, remain = -61, size = 3
force_push: msg_id = 1692578, remain = -61, size = 3
force_push: msg_id = 1692658, remain = -61, size = 3
force_push: msg_id = 1692739, remain = -61, size = 3
force_push: msg_id = 1692819, remain = -61, size = 3
force_push: msg_id = 1692899, remain = -61, size = 3
force_push: msg_id = 1692982, remain = -61, size = 3
force_push: msg_id = 1693063, remain = -61, size = 3
force_push: msg_id = 1693143, remain = -61, size = 3
force_push: msg_id = 1693225, remain = -61, size = 3
force_push: msg_id = 1693308, remain = -61, size = 3
force_push: msg_id = 1693388, remain = -61, size = 3
force_push: msg_id = 1693471, remain = -61, size = 3
force_push: msg_id = 1693554, remain = -61, size = 3
force_push: msg_id = 1693634, remain = -61, size = 3
force_push: msg_id = 1693712, remain = -61, size = 3
force_push: msg_id = 1693794, remain = -61, size = 3
force_push: msg_id = 1693878, remain = -61, size = 3
force_push: msg_id = 1693963, remain = -61, size = 3
force_push: msg_id = 1694041, remain = -61, size = 3
force_push: msg_id = 1694125, remain = -61, size = 3
force_push: msg_id = 1694207, remain = -61, size = 3
force_push: msg_id = 1694289, remain = -61, size = 3
force_push: msg_id = 1694370, remain = -61, size = 3
force_push: msg_id = 1694448, remain = -61, size = 3
force_push: msg_id = 1694529, remain = -61, size = 3
force_push: msg_id = 1694612, remain = -61, size = 3
force_push: msg_id = 1694691, remain = -61, size = 3
force_push: msg_id = 1694773, remain = -61, size = 3
force_push: msg_id = 1694855, remain = -61, size = 3
force_push: msg_id = 1694935, remain = -61, size = 3
force_push: msg_id = 1695016, remain = -61, size = 3
force_push: msg_id = 1695100, remain = -61, size = 3
force_push: msg_id = 1695184, remain = -61, size = 3
force_push: msg_id = 1695266, remain = -61, size = 3
force_push: msg_id = 1695346, remain = -61, size = 3
force_push: msg_id = 1695427, remain = -61, size = 3
force_push: msg_id = 1695508, remain = -61, size = 3
force_push: msg_id = 1695586, remain = -61, size = 3
force_push: msg_id = 1695666, remain = -61, size = 3
force_push: msg_id = 1695748, remain = -61, size = 3
force_push: msg_id = 1695831, remain = -61, size = 3
force_push: msg_id = 1695914, remain = -61, size = 3
force_push: msg_id = 1695993, remain = -61, size = 3
force_push: msg_id = 1696074, remain = -61, size = 3
force_push: msg_id = 1696156, remain = -61, size = 3
force_push: msg_id = 1696236, remain = -61, size = 3
force_push: msg_id = 1696321, remain = -61, size = 3
force_push: msg_id = 1696405, remain = -61, size = 3
force_push: msg_id = 1696481, remain = -61, size = 3
force_push: msg_id = 1696565, remain = -61, size = 3
force_push: msg_id = 1696647, remain = -61, size = 3
force_push: msg_id = 1696728, remain = -61, size = 3
force_push: msg_id = 1696810, remain = -61, size = 3
force_push: msg_id = 1696896, remain = -61, size = 3
force_push: msg_id = 1696977, remain = -61, size = 3
force_push: msg_id = 1697057, remain = -61, size = 3
force_push: msg_id = 1697137, remain = -61, size = 3
force_push: msg_id = 1697218, remain = -61, size = 3
force_push: msg_id = 1697297, remain = -61, size = 3
force_push: msg_id = 1697385, remain = -61, size = 3
force_push: msg_id = 1697466, remain = -61, size = 3
force_push: msg_id = 1697549, remain = -61, size = 3
force_push: msg_id = 1697630, remain = -61, size = 3
force_push: msg_id = 1697712, remain = -61, size = 3
force_push: msg_id = 1697794, remain = -61, size = 3
force_push: msg_id = 1697873, remain = -61, size = 3
force_push: msg_id = 1697953, remain = -61, size = 3
force_push: msg_id = 1698035, remain = -61, size = 3
force_push: msg_id = 1698115, remain = -61, size = 3
force_push: msg_id = 1698198, remain = -61, size = 3
force_push: msg_id = 1698279, remain = -61, size = 3
force_push: msg_id = 1698360, remain = -61, size = 3
force_push: msg_id = 1698445, remain = -61, size = 3
force_push: msg_id = 1698527, remain = -61, size = 3
force_push: msg_id = 1698606, remain = -61, size = 3
force_push: msg_id = 1698689, remain = -61, size = 3
force_push: msg_id = 1698770, remain = -61, size = 3
force_push: msg_id = 1698849, remain = -61, size = 3
force_push: msg_id = 1698932, remain = -61, size = 3
force_push: msg_id = 1699012, remain = -61, size = 3
force_push: msg_id = 1699097, remain = -61, size = 3
force_push: msg_id = 1699177, remain = -61, size = 3
force_push: msg_id = 1699258, remain = -61, size = 3
force_push: msg_id = 1699344, remain = -61, size = 3
force_push: msg_id = 1699424, remain = -61, size = 3
force_push: msg_id = 1699508, remain = -61, size = 3
force_push: msg_id = 1699591, remain = -61, size = 3
force_push: msg_id = 1699675, remain = -61, size = 3
force_push: msg_id = 1699757, remain = -61, size = 3
force_push: msg_id = 1699839, remain = -61, size = 3
force_push: msg_id = 1699918, remain = -61, size = 3
force_push: msg_id = 1699999, remain = -61, size = 3
force_push: msg_id = 1700081, remain = -61, size = 3
force_push: msg_id = 1700161, remain = -61, size = 3
force_push: msg_id = 1700244, remain = -61, size = 3
force_push: msg_id = 1700325, remain = -61, size = 3
force_push: msg_id = 1700405, remain = -61, size = 3
force_push: msg_id = 1700487, remain = -61, size = 3
force_push: msg_id = 1700568, remain = -61, size = 3
force_push: msg_id = 1700648, remain = -61, size = 3
force_push: msg_id = 1700728, remain = -61, size = 3
force_push: msg_id = 1700808, remain = -61, size = 3
force_push: msg_id = 1700884, remain = -61, size = 3
force_push: msg_id = 1700965, remain = -61, size = 3
force_push: msg_id = 1701049, remain = -61, size = 3
force_push: msg_id = 1701128, remain = -61, size = 3
force_push: msg_id = 1701213, remain = -61, size = 3
force_push: msg_id = 1701295, remain = -61, size = 3
force_push: msg_id = 1701375, remain = -61, size = 3
force_push: msg_id = 1701456, remain = -61, size = 3
force_push: msg_id = 1701538, remain = -61, size = 3
force_push: msg_id = 1701619, remain = -61, size = 3
force_push: msg_id = 1701699, remain = -61, size = 3
force_push: msg_id = 1701779, remain = -61, size = 3
force_push: msg_id = 1701859, remain = -61, size = 3
force_push: msg_id = 1701938, remain = -61, size = 3
force_push: msg_id = 1702020, remain = -61, size = 3
force_push: msg_id = 1702100, remain = -61, size = 3
force_push: msg_id = 1702179, remain = -61, size = 3
force_push: msg_id = 1702260, remain = -61, size = 3
force_push: msg_id = 1702337, remain = -61, size = 3
force_push: msg_id = 1702417, remain = -61, size = 3
force_push: msg_id = 1702497, remain = -61, size = 3
force_push: msg_id = 1702576, remain = -61, size = 3
force_push: msg_id = 1702654, remain = -61, size = 3
force_push: msg_id = 1702733, remain = -61, size = 3
force_push: msg_id = 1702813, remain = -61, size = 3
force_push: msg_id = 1702892, remain = -61, size = 3
force_push: msg_id = 1702974, remain = -61, size = 3
force_push: msg_id = 1703054, remain = -61, size = 3
force_push: msg_id = 1703134, remain = -61, size = 3
force_push: msg_id = 1703215, remain = -61, size = 3
force_push: msg_id = 1703295, remain = -61, size = 3
force_push: msg_id = 1703377, remain = -61, size = 3
force_push: msg_id = 1703458, remain = -61, size = 3
force_push: msg_id = 1703539, remain = -61, size = 3
force_push: msg_id = 1703619, remain = -61, size = 3
force_push: msg_id = 1703699, remain = -61, size = 3
force_push: msg_id = 1703779, remain = -61, size = 3
force_push: msg_id = 1703859, remain = -61, size = 3
force_push: msg_id = 1703937, remain = -61, size = 3
force_push: msg_id = 1704017, remain = -61, size = 3
force_push: msg_id = 1704093, remain = -61, size = 3
force_push: msg_id = 1704173, remain = -61, size = 3
force_push: msg_id = 1704252, remain = -61, size = 3
force_push: msg_id = 1704333, remain = -61, size = 3
force_push: msg_id = 1704411, remain = -61, size = 3
force_push: msg_id = 1704491, remain = -61, size = 3
force_push: msg_id = 1704570, remain = -61, size = 3
force_push: msg_id = 1704650, remain = -61, size = 3
force_push: msg_id = 1704729, remain = -61, size = 3
force_push: msg_id = 1704809, remain = -61, size = 3
force_push: msg_id = 1704889, remain = -61, size = 3
force_push: msg_id = 1704969, remain = -61, size = 3
force_push: msg_id = 1705048, remain = -61, size = 3
force_push: msg_id = 1705129, remain = -61, size = 3
force_push: msg_id = 1705206, remain = -61, size = 3
force_push: msg_id = 1705286, remain = -61, size = 3
force_push: msg_id = 1705365, remain = -61, size = 3
force_push: msg_id = 1705442, remain = -61, size = 3
force_push: msg_id = 1705522, remain = -61, size = 3
force_push: msg_id = 1705602, remain = -61, size = 3
force_push: msg_id = 1705680, remain = -61, size = 3
force_push: msg_id = 1705759, remain = -61, size = 3
force_push: msg_id = 1705839, remain = -61, size = 3
force_push: msg_id = 1705919, remain = -61, size = 3
force_push: msg_id = 1705999, remain = -61, size = 3
force_push: msg_id = 1706079, remain = -61, size = 3
force_push: msg_id = 1706159, remain = -61, size = 3
force_push: msg_id = 1706239, remain = -61, size = 3
force_push: msg_id = 1706318, remain = -61, size = 3
force_push: msg_id = 1706398, remain = -61, size = 3
force_push: msg_id = 1706479, remain = -61, size = 3
force_push: msg_id = 1706559, remain = -61, size = 3
force_push: msg_id = 1706639, remain = -61, size = 3
force_push: msg_id = 1706717, remain = -61, size = 3
force_push: msg_id = 1706795, remain = -61, size = 3
force_push: msg_id = 1706874, remain = -61, size = 3
force_push: msg_id = 1706954, remain = -61, size = 3
force_push: msg_id = 1707033, remain = -61, size = 3
force_push: msg_id = 1707111, remain = -61, size = 3
force_push: msg_id = 1707191, remain = -61, size = 3
force_push: msg_id = 1707271, remain = -61, size = 3
force_push: msg_id = 1707351, remain = -61, size = 3
force_push: msg_id = 1707432, remain = -61, size = 3
force_push: msg_id = 1707512, remain = -61, size = 3
force_push: msg_id = 1707592, remain = -61, size = 3
force_push: msg_id = 1707672, remain = -61, size = 3
force_push: msg_id = 1707752, remain = -61, size = 3
force_push: msg_id = 1707832, remain = -61, size = 3
force_push: msg_id = 1707912, remain = -61, size = 3
force_push: msg_id = 1707992, remain = -61, size = 3
force_push: msg_id = 1708070, remain = -61, size = 3
force_push: msg_id = 1708150, remain = -61, size = 3
force_push: msg_id = 1708228, remain = -61, size = 3
force_push: msg_id = 1708307, remain = -61, size = 3
force_push: msg_id = 1708386, remain = -61, size = 3
force_push: msg_id = 1708466, remain = -61, size = 3
force_push: msg_id = 1708546, remain = -61, size = 3
force_push: msg_id = 1708625, remain = -61, size = 3
force_push: msg_id = 1708704, remain = -61, size = 3
force_push: msg_id = 1708784, remain = -61, size = 3
force_push: msg_id = 1708862, remain = -61, size = 3
force_push: msg_id = 1708942, remain = -61, size = 3
force_push: msg_id = 1709018, remain = -61, size = 3
force_push: msg_id = 1709095, remain = -61, size = 3
force_push: msg_id = 1709172, remain = -61, size = 3
force_push: msg_id = 1709251, remain = -61, size = 3
force_push: msg_id = 1709331, remain = -61, size = 3
force_push: msg_id = 1709411, remain = -61, size = 3
force_push: msg_id = 1709489, remain = -61, size = 3
force_push: msg_id = 1709567, remain = -61, size = 3
force_push: msg_id = 1709647, remain = -61, size = 3
force_push: msg_id = 1709727, remain = -61, size = 3
force_push: msg_id = 1709807, remain = -61, size = 3
force_push: msg_id = 1709888, remain = -61, size = 3
force_push: msg_id = 1709968, remain = -61, size = 3
force_push: msg_id = 1710048, remain = -61, size = 3
force_push: msg_id = 1710128, remain = -61, size = 3
force_push: msg_id = 1710208, remain = -61, size = 3
force_push: msg_id = 1710288, remain = -61, size = 3
force_push: msg_id = 1710368, remain = -61, size = 3
force_push: msg_id = 1710448, remain = -61, size = 3
force_push: msg_id = 1710528, remain = -61, size = 3
force_push: msg_id = 1710606, remain = -61, size = 3
force_push: msg_id = 1710686, remain = -61, size = 3
force_push: msg_id = 1710766, remain = -61, size = 3
force_push: msg_id = 1710846, remain = -61, size = 3
force_push: msg_id = 1710924, remain = -61, size = 3
force_push: msg_id = 1711004, remain = -61, size = 3
force_push: msg_id = 1711084, remain = -61, size = 3
force_push: msg_id = 1711164, remain = -61, size = 3
force_push: msg_id = 1711244, remain = -61, size = 3
force_push: msg_id = 1711325, remain = -61, size = 3
force_push: msg_id = 1711405, remain = -61, size = 3
force_push: msg_id = 1711485, remain = -61, size = 3
force_push: msg_id = 1711564, remain = -61, size = 3
force_push: msg_id = 1711644, remain = -61, size = 3
force_push: msg_id = 1711723, remain = -61, size = 3
force_push: msg_id = 1711803, remain = -61, size = 3
force_push: msg_id = 1711882, remain = -61, size = 3
force_push: msg_id = 1711960, remain = -61, size = 3
force_push: msg_id = 1712040, remain = -61, size = 3
force_push: msg_id = 1712120, remain = -61, size = 3
force_push: msg_id = 1712200, remain = -61, size = 3
force_push: msg_id = 1712279, remain = -61, size = 3
force_push: msg_id = 1712357, remain = -61, size = 3
force_push: msg_id = 1712437, remain = -61, size = 3
force_push: msg_id = 1712515, remain = -61, size = 3
force_push: msg_id = 1712595, remain = -61, size = 3
force_push: msg_id = 1712674, remain = -61, size = 3
force_push: msg_id = 1712753, remain = -61, size = 3
force_push: msg_id = 1712833, remain = -61, size = 3
force_push: msg_id = 1712913, remain = -61, size = 3
force_push: msg_id = 1712994, remain = -61, size = 3
force_push: msg_id = 1713074, remain = -61, size = 3
force_push: msg_id = 1713154, remain = -61, size = 3
force_push: msg_id = 1713234, remain = -61, size = 3
force_push: msg_id = 1713315, remain = -61, size = 3
force_push: msg_id = 1713392, remain = -61, size = 3
force_push: msg_id = 1713472, remain = -61, size = 3
force_push: msg_id = 1713552, remain = -61, size = 3
force_push: msg_id = 1713632, remain = -61, size = 3
force_push: msg_id = 1713712, remain = -61, size = 3
force_push: msg_id = 1713792, remain = -61, size = 3
force_push: msg_id = 1713872, remain = -61, size = 3
force_push: msg_id = 1713952, remain = -61, size = 3
force_push: msg_id = 1714032, remain = -61, size = 3
force_push: msg_id = 1714112, remain = -61, size = 3
force_push: msg_id = 1714192, remain = -61, size = 3
force_push: msg_id = 1714272, remain = -61, size = 3
force_push: msg_id = 1714352, remain = -61, size = 3
force_push: msg_id = 1714432, remain = -61, size = 3
force_push: msg_id = 1714511, remain = -61, size = 3
force_push: msg_id = 1714590, remain = -61, size = 3
force_push: msg_id = 1714670, remain = -61, size = 3
force_push: msg_id = 1714747, remain = -61, size = 3
force_push: msg_id = 1714827, remain = -61, size = 3
force_push: msg_id = 1714904, remain = -61, size = 3
force_push: msg_id = 1714982, remain = -61, size = 3
force_push: msg_id = 1715058, remain = -61, size = 3
force_push: msg_id = 1715138, remain = -61, size = 3
force_push: msg_id = 1715216, remain = -61, size = 3
force_push: msg_id = 1715296, remain = -61, size = 3
force_push: msg_id = 1715376, remain = -61, size = 3
force_push: msg_id = 1715456, remain = -61, size = 3
force_push: msg_id = 1715536, remain = -61, size = 3
force_push: msg_id = 1715616, remain = -61, size = 3
force_push: msg_id = 1715696, remain = -61, size = 3
force_push: msg_id = 1715776, remain = -61, size = 3
force_push: msg_id = 1715856, remain = -61, size = 3
force_push: msg_id = 1715936, remain = -61, size = 3
force_push: msg_id = 1716014, remain = -61, size = 3
force_push: msg_id = 1716094, remain = -61, size = 3
force_push: msg_id = 1716174, remain = -61, size = 3
force_push: msg_id = 1716254, remain = -61, size = 3
force_push: msg_id = 1716334, remain = -61, size = 3
force_push: msg_id = 1716414, remain = -61, size = 3
force_push: msg_id = 1716495, remain = -61, size = 3
force_push: msg_id = 1716574, remain = -61, size = 3
force_push: msg_id = 1716654, remain = -61, size = 3
force_push: msg_id = 1716733, remain = -61, size = 3
force_push: msg_id = 1716813, remain = -61, size = 3
force_push: msg_id = 1716893, remain = -61, size = 3
force_push: msg_id = 1716973, remain = -61, size = 3
force_push: msg_id = 1717054, remain = -61, size = 3
force_push: msg_id = 1717134, remain = -61, size = 3
force_push: msg_id = 1717212, remain = -61, size = 3
force_push: msg_id = 1717292, remain = -61, size = 3
force_push: msg_id = 1717373, remain = -61, size = 3
force_push: msg_id = 1717453, remain = -61, size = 3
force_push: msg_id = 1717534, remain = -61, size = 3
force_push: msg_id = 1717611, remain = -61, size = 3
force_push: msg_id = 1717691, remain = -61, size = 3
force_push: msg_id = 1717769, remain = -61, size = 3
force_push: msg_id = 1717849, remain = -61, size = 3
force_push: msg_id = 1717927, remain = -61, size = 3
force_push: msg_id = 1718005, remain = -61, size = 3
force_push: msg_id = 1718085, remain = -61, size = 3
force_push: msg_id = 1718165, remain = -61, size = 3
force_push: msg_id = 1718243, remain = -61, size = 3
force_push: msg_id = 1718323, remain = -61, size = 3
force_push: msg_id = 1718404, remain = -61, size = 3
force_push: msg_id = 1718484, remain = -61, size = 3
force_push: msg_id = 1718562, remain = -61, size = 3
force_push: msg_id = 1718642, remain = -61, size = 3
force_push: msg_id = 1718722, remain = -61, size = 3
force_push: msg_id = 1718800, remain = -61, size = 3
force_push: msg_id = 1718879, remain = -61, size = 3
force_push: msg_id = 1718959, remain = -61, size = 3
force_push: msg_id = 1719039, remain = -61, size = 3
force_push: msg_id = 1719119, remain = -61, size = 3
force_push: msg_id = 1719199, remain = -61, size = 3
force_push: msg_id = 1719279, remain = -61, size = 3
force_push: msg_id = 1719357, remain = -61, size = 3
force_push: msg_id = 1719437, remain = -61, size = 3
force_push: msg_id = 1719517, remain = -61, size = 3
force_push: msg_id = 1719596, remain = -61, size = 3
force_push: msg_id = 1719676, remain = -61, size = 3
force_push: msg_id = 1719754, remain = -61, size = 3
force_push: msg_id = 1719833, remain = -61, size = 3
force_push: msg_id = 1719913, remain = -61, size = 3
force_push: msg_id = 1719988, remain = -61, size = 3
force_push: msg_id = 1720068, remain = -61, size = 3
force_push: msg_id = 1720147, remain = -61, size = 3
force_push: msg_id = 1720226, remain = -61, size = 3
force_push: msg_id = 1720304, remain = -61, size = 3
force_push: msg_id = 1720382, remain = -61, size = 3
force_push: msg_id = 1720460, remain = -61, size = 3
force_push: msg_id = 1720540, remain = -61, size = 3
force_push: msg_id = 1720620, remain = -61, size = 3
force_push: msg_id = 1720700, remain = -61, size = 3
force_push: msg_id = 1720780, remain = -61, size = 3
force_push: msg_id = 1720860, remain = -61, size = 3
force_push: msg_id = 1720940, remain = -61, size = 3
force_push: msg_id = 1721020, remain = -61, size = 3
force_push: msg_id = 1721098, remain = -61, size = 3
force_push: msg_id = 1721176, remain = -61, size = 3
force_push: msg_id = 1721256, remain = -61, size = 3
force_push: msg_id = 1721336, remain = -61, size = 3
force_push: msg_id = 1721415, remain = -61, size = 3
force_push: msg_id = 1721495, remain = -61, size = 3
force_push: msg_id = 1721575, remain = -61, size = 3
force_push: msg_id = 1721655, remain = -61, size = 3
force_push: msg_id = 1721734, remain = -61, size = 3
force_push: msg_id = 1721814, remain = -61, size = 3
force_push: msg_id = 1721892, remain = -61, size = 3
force_push: msg_id = 1721968, remain = -61, size = 3
force_push: msg_id = 1722047, remain = -61, size = 3
force_push: msg_id = 1722128, remain = -61, size = 3
force_push: msg_id = 1722207, remain = -61, size = 3
force_push: msg_id = 1722287, remain = -61, size = 3
force_push: msg_id = 1722367, remain = -61, size = 3
force_push: msg_id = 1722447, remain = -61, size = 3
force_push: msg_id = 1722527, remain = -61, size = 3
force_push: msg_id = 1722607, remain = -61, size = 3
force_push: msg_id = 1722685, remain = -61, size = 3
force_push: msg_id = 1722766, remain = -61, size = 3
force_push: msg_id = 1722844, remain = -61, size = 3
force_push: msg_id = 1722922, remain = -61, size = 3
force_push: msg_id = 1722998, remain = -61, size = 3
force_push: msg_id = 1723078, remain = -61, size = 3
force_push: msg_id = 1723158, remain = -61, size = 3
force_push: msg_id = 1723238, remain = -61, size = 3
force_push: msg_id = 1723318, remain = -61, size = 3
force_push: msg_id = 1723398, remain = -61, size = 3
force_push: msg_id = 1723478, remain = -61, size = 3
force_push: msg_id = 1723558, remain = -61, size = 3
force_push: msg_id = 1723638, remain = -61, size = 3
force_push: msg_id = 1723713, remain = -61, size = 3
force_push: msg_id = 1723793, remain = -61, size = 3
force_push: msg_id = 1723873, remain = -61, size = 3
force_push: msg_id = 1723953, remain = -61, size = 3
force_push: msg_id = 1724033, remain = -61, size = 3
force_push: msg_id = 1724113, remain = -61, size = 3
force_push: msg_id = 1724193, remain = -61, size = 3
force_push: msg_id = 1724273, remain = -61, size = 3
force_push: msg_id = 1724353, remain = -61, size = 3
force_push: msg_id = 1724433, remain = -61, size = 3
force_push: msg_id = 1724513, remain = -61, size = 3
force_push: msg_id = 1724593, remain = -61, size = 3
force_push: msg_id = 1724673, remain = -61, size = 3
force_push: msg_id = 1724753, remain = -61, size = 3
force_push: msg_id = 1724833, remain = -61, size = 3
force_push: msg_id = 1724913, remain = -61, size = 3
force_push: msg_id = 1724993, remain = -61, size = 3
force_push: msg_id = 1725073, remain = -61, size = 3
force_push: msg_id = 1725153, remain = -61, size = 3
force_push: msg_id = 1725231, remain = -61, size = 3
force_push: msg_id = 1725311, remain = -61, size = 3
force_push: msg_id = 1725391, remain = -61, size = 3
force_push: msg_id = 1725471, remain = -61, size = 3
force_push: msg_id = 1725551, remain = -61, size = 3
force_push: msg_id = 1725631, remain = -61, size = 3
force_push: msg_id = 1725711, remain = -61, size = 3
force_push: msg_id = 1725789, remain = -61, size = 3
force_push: msg_id = 1725867, remain = -61, size = 3
force_push: msg_id = 1725946, remain = -61, size = 3
force_push: msg_id = 1726026, remain = -61, size = 3
force_push: msg_id = 1726106, remain = -61, size = 3
force_push: msg_id = 1726186, remain = -61, size = 3
force_push: msg_id = 1726266, remain = -61, size = 3
force_push: msg_id = 1726345, remain = -61, size = 3
force_push: msg_id = 1726425, remain = -61, size = 3
force_push: msg_id = 1726502, remain = -61, size = 3
force_push: msg_id = 1726581, remain = -61, size = 3
force_push: msg_id = 1726658, remain = -61, size = 3
force_push: msg_id = 1726737, remain = -61, size = 3
force_push: msg_id = 1726817, remain = -61, size = 3
force_push: msg_id = 1726895, remain = -61, size = 3
force_push: msg_id = 1726975, remain 