Read file config.yml
Running executor...
Loaded function exp00_back. lib_load_elasped: 157, func_load_elasped: 2
Loaded function exp00_front. lib_load_elasped: 140, func_load_elasped: 1
force_push: msg_id = 1689951, remain = -61, size = 3
force_push: msg_id = 1690025, remain = -61, size = 3
force_push: msg_id = 1690108, remain = -61, size = 3
force_push: msg_id = 1690201, remain = -61, size = 3
force_push: msg_id = 1690287, remain = -61, size = 3
force_push: msg_id = 1690374, remain = -61, size = 3
force_push: msg_id = 1690449, remain = -61, size = 3
force_push: msg_id = 1690530, remain = -61, size = 3
force_push: msg_id = 1690614, remain = -61, size = 3
force_push: msg_id = 1690692, remain = -61, size = 3
force_push: msg_id = 1690772, remain = -61, size = 3
force_push: msg_id = 1690854, remain = -61, size = 3
force_push: msg_id = 1690932, remain = -61, size = 3
force_push: msg_id = 1691008, remain = -61, size = 3
force_push: msg_id = 1691090, remain = -61, size = 3
force_push: msg_id = 1691169, remain = -61, size = 3
force_push: msg_id = 1691249, remain = -61, size = 3
force_push: msg_id = 1691333, remain = -61, size = 3
force_push: msg_id = 1691412, remain = -61, size = 3
force_push: msg_id = 1691490, remain = -61, size = 3
force_push: msg_id = 1691570, remain = -61, size = 3
force_push: msg_id = 1691650, remain = -61, size = 3
force_push: msg_id = 1691732, remain = -61, size = 3
force_push: msg_id = 1691812, remain = -61, size = 3
force_push: msg_id = 1691891, remain = -61, size = 3
force_push: msg_id = 1691972, remain = -61, size = 3
force_push: msg_id = 1692052, remain = -61, size = 3
force_push: msg_id = 1692131, remain = -61, size = 3
force_push: msg_id = 1692213, remain = -61, size = 3
force_push: msg_id = 1692293, remain = -61, size = 3
force_push: msg_id = 1692375, remain = -61, size = 3
force_push: msg_id = 1692456, remain = -61, size = 3
force_push: msg_id = 1692538, remain = -61, size = 3
force_push: msg_id = 1692620, remain = -61, size = 3
force_push: msg_id = 1692700, remain = -61, size = 3
force_push: msg_id = 1692783, remain = -61, size = 3
force_push: msg_id = 1692867, remain = -61, size = 3
force_push: msg_id = 1692949, remain = -61, size = 3
force_push: msg_id = 1693028, remain = -61, size = 3
force_push: msg_id = 1693111, remain = -61, size = 3
force_push: msg_id = 1693192, remain = -61, size = 3
force_push: msg_id = 1693273, remain = -61, size = 3
force_push: msg_id = 1693357, remain = -61, size = 3
force_push: msg_id = 1693440, remain = -61, size = 3
force_push: msg_id = 1693520, remain = -61, size = 3
force_push: msg_id = 1693601, remain = -61, size = 3
force_push: msg_id = 1693680, remain = -61, size = 3
force_push: msg_id = 1693758, remain = -61, size = 3
force_push: msg_id = 1693832, remain = -61, size = 3
force_push: msg_id = 1693906, remain = -61, size = 3
force_push: msg_id = 1693981, remain = -61, size = 3
force_push: msg_id = 1694061, remain = -61, size = 3
force_push: msg_id = 1694137, remain = -61, size = 3
force_push: msg_id = 1694217, remain = -61, size = 3
force_push: msg_id = 1694300, remain = -61, size = 3
force_push: msg_id = 1694382, remain = -61, size = 3
force_push: msg_id = 1694463, remain = -61, size = 3
force_push: msg_id = 1694543, remain = -61, size = 3
force_push: msg_id = 1694624, remain = -61, size = 3
force_push: msg_id = 1694704, remain = -61, size = 3
force_push: msg_id = 1694785, remain = -61, size = 3
force_push: msg_id = 1694866, remain = -61, size = 3
force_push: msg_id = 1694948, remain = -61, size = 3
force_push: msg_id = 1695029, remain = -61, size = 3
force_push: msg_id = 1695112, remain = -61, size = 3
force_push: msg_id = 1695192, remain = -61, size = 3
force_push: msg_id = 1695272, remain = -61, size = 3
force_push: msg_id = 1695352, remain = -61, size = 3
force_push: msg_id = 1695433, remain = -61, size = 3
force_push: msg_id = 1695513, remain = -61, size = 3
force_push: msg_id = 1695594, remain = -61, size = 3
force_push: msg_id = 1695678, remain = -61, size = 3
force_push: msg_id = 1695759, remain = -61, size = 3
force_push: msg_id = 1695840, remain = -61, size = 3
force_push: msg_id = 1695920, remain = -61, size = 3
force_push: msg_id = 1696001, remain = -61, size = 3
force_push: msg_id = 1696085, remain = -61, size = 3
force_push: msg_id = 1696166, remain = -61, size = 3
force_push: msg_id = 1696249, remain = -61, size = 3
force_push: msg_id = 1696332, remain = -61, size = 3
force_push: msg_id = 1696412, remain = -61, size = 3
force_push: msg_id = 1696496, remain = -61, size = 3
force_push: msg_id = 1696576, remain = -61, size = 3
force_push: msg_id = 1696658, remain = -61, size = 3
force_push: msg_id = 1696742, remain = -61, size = 3
force_push: msg_id = 1696823, remain = -61, size = 3
force_push: msg_id = 1696903, remain = -61, size = 3
force_push: msg_id = 1696983, remain = -61, size = 3
force_push: msg_id = 1697064, remain = -61, size = 3
force_push: msg_id = 1697147, remain = -61, size = 3
force_push: msg_id = 1697228, remain = -61, size = 3
force_push: msg_id = 1697309, remain = -61, size = 3
force_push: msg_id = 1697390, remain = -61, size = 3
force_push: msg_id = 1697471, remain = -61, size = 3
force_push: msg_id = 1697553, remain = -61, size = 3
force_push: msg_id = 1697634, remain = -61, size = 3
force_push: msg_id = 1697716, remain = -61, size = 3
force_push: msg_id = 1697796, remain = -61, size = 3
force_push: msg_id = 1697876, remain = -61, size = 3
force_push: msg_id = 1697958, remain = -61, size = 3
force_push: msg_id = 1698039, remain = -61, size = 3
force_push: msg_id = 1698121, remain = -61, size = 3
force_push: msg_id = 1698202, remain = -61, size = 3
force_push: msg_id = 1698284, remain = -61, size = 3
force_push: msg_id = 1698370, remain = -61, size = 3
force_push: msg_id = 1698450, remain = -61, size = 3
force_push: msg_id = 1698531, remain = -61, size = 3
force_push: msg_id = 1698611, remain = -61, size = 3
force_push: msg_id = 1698692, remain = -61, size = 3
force_push: msg_id = 1698774, remain = -61, size = 3
force_push: msg_id = 1698855, remain = -61, size = 3
force_push: msg_id = 1698936, remain = -61, size = 3
force_push: msg_id = 1699018, remain = -61, size = 3
force_push: msg_id = 1699103, remain = -61, size = 3
force_push: msg_id = 1699185, remain = -61, size = 3
force_push: msg_id = 1699265, remain = -61, size = 3
force_push: msg_id = 1699350, remain = -61, size = 3
force_push: msg_id = 1699430, remain = -61, size = 3
force_push: msg_id = 1699516, remain = -61, size = 3
force_push: msg_id = 1699601, remain = -61, size = 3
force_push: msg_id = 1699681, remain = -61, size = 3
force_push: msg_id = 1699761, remain = -61, size = 3
force_push: msg_id = 1699842, remain = -61, size = 3
force_push: msg_id = 1699923, remain = -61, size = 3
force_push: msg_id = 1700005, remain = -61, size = 3
force_push: msg_id = 1700085, remain = -61, size = 3
force_push: msg_id = 1700169, remain = -61, size = 3
force_push: msg_id = 1700249, remain = -61, size = 3
force_push: msg_id = 1700331, remain = -61, size = 3
force_push: msg_id = 1700411, remain = -61, size = 3
force_push: msg_id = 1700492, remain = -61, size = 3
force_push: msg_id = 1700572, remain = -61, size = 3
force_push: msg_id = 1700651, remain = -61, size = 3
force_push: msg_id = 1700732, remain = -61, size = 3
force_push: msg_id = 1700815, remain = -61, size = 3
force_push: msg_id = 1700899, remain = -61, size = 3
force_push: msg_id = 1700981, remain = -61, size = 3
force_push: msg_id = 1701064, remain = -61, size = 3
force_push: msg_id = 1701148, remain = -61, size = 3
force_push: msg_id = 1701228, remain = -61, size = 3
force_push: msg_id = 1701312, remain = -61, size = 3
force_push: msg_id = 1701392, remain = -61, size = 3
force_push: msg_id = 1701473, remain = -61, size = 3
force_push: msg_id = 1701554, remain = -61, size = 3
force_push: msg_id = 1701636, remain = -61, size = 3
force_push: msg_id = 1701717, remain = -61, size = 3
force_push: msg_id = 1701801, remain = -61, size = 3
force_push: msg_id = 1701881, remain = -61, size = 3
force_push: msg_id = 1701964, remain = -61, size = 3
force_push: msg_id = 1702048, remain = -61, size = 3
force_push: msg_id = 1702127, remain = -61, size = 3
force_push: msg_id = 1702209, remain = -61, size = 3
force_push: msg_id = 1702295, remain = -61, size = 3
force_push: msg_id = 1702374, remain = -61, size = 3
force_push: msg_id = 1702457, remain = -61, size = 3
force_push: msg_id = 1702546, remain = -61, size = 3
force_push: msg_id = 1702623, remain = -61, size = 3
force_push: msg_id = 1702705, remain = -61, size = 3
force_push: msg_id = 1702790, remain = -61, size = 3
force_push: msg_id = 1702868, remain = -61, size = 3
force_push: msg_id = 1702953, remain = -61, size = 3
force_push: msg_id = 1703034, remain = -61, size = 3
force_push: msg_id = 1703112, remain = -61, size = 3
force_push: msg_id = 1703190, remain = -61, size = 3
force_push: msg_id = 1703274, remain = -61, size = 3
force_push: msg_id = 1703351, remain = -61, size = 3
force_push: msg_id = 1703431, remain = -61, size = 3
force_push: msg_id = 1703517, remain = -61, size = 3
force_push: msg_id = 1703596, remain = -61, size = 3
force_push: msg_id = 1703681, remain = -61, size = 3
force_push: msg_id = 1703764, remain = -61, size = 3
force_push: msg_id = 1703851, remain = -61, size = 3
force_push: msg_id = 1703931, remain = -61, size = 3
force_push: msg_id = 1704014, remain = -61, size = 3
force_push: msg_id = 1704096, remain = -61, size = 3
force_push: msg_id = 1704177, remain = -61, size = 3
force_push: msg_id = 1704257, remain = -61, size = 3
force_push: msg_id = 1704340, remain = -61, size = 3
force_push: msg_id = 1704418, remain = -61, size = 3
force_push: msg_id = 1704500, remain = -61, size = 3
force_push: msg_id = 1704587, remain = -61, size = 3
force_push: msg_id = 1704664, remain = -61, size = 3
force_push: msg_id = 1704745, remain = -61, size = 3
force_push: msg_id = 1704826, remain = -61, size = 3
force_push: msg_id = 1704906, remain = -61, size = 3
force_push: msg_id = 1704984, remain = -61, size = 3
force_push: msg_id = 1705064, remain = -61, size = 3
force_push: msg_id = 1705144, remain = -61, size = 3
force_push: msg_id = 1705224, remain = -61, size = 3
force_push: msg_id = 1705304, remain = -61, size = 3
force_push: msg_id = 1705385, remain = -61, size = 3
force_push: msg_id = 1705466, remain = -61, size = 3
force_push: msg_id = 1705546, remain = -61, size = 3
force_push: msg_id = 1705625, remain = -61, size = 3
force_push: msg_id = 1705704, remain = -61, size = 3
force_push: msg_id = 1705785, remain = -61, size = 3
force_push: msg_id = 1705865, remain = -61, size = 3
force_push: msg_id = 1705947, remain = -61, size = 3
force_push: msg_id = 1706025, remain = -61, size = 3
force_push: msg_id = 1706107, remain = -61, size = 3
force_push: msg_id = 1706186, remain = -61, size = 3
force_push: msg_id = 1706266, remain = -61, size = 3
force_push: msg_id = 1706345, remain = -61, size = 3
force_push: msg_id = 1706426, remain = -61, size = 3
force_push: msg_id = 1706505, remain = -61, size = 3
force_push: msg_id = 1706583, remain = -61, size = 3
force_push: msg_id = 1706661, remain = -61, size = 3
force_push: msg_id = 1706741, remain = -61, size = 3
force_push: msg_id = 1706822, remain = -61, size = 3
force_push: msg_id = 1706902, remain = -61, size = 3
force_push: msg_id = 1706982, remain = -61, size = 3
force_push: msg_id = 1707061, remain = -61, size = 3
force_push: msg_id = 1707140, remain = -61, size = 3
force_push: msg_id = 1707218, remain = -61, size = 3
force_push: msg_id = 1707296, remain = -61, size = 3
force_push: msg_id = 1707375, remain = -61, size = 3
force_push: msg_id = 1707454, remain = -61, size = 3
force_push: msg_id = 1707535, remain = -61, size = 3
force_push: msg_id = 1707615, remain = -61, size = 3
force_push: msg_id = 1707695, remain = -61, size = 3
force_push: msg_id = 1707774, remain = -61, size = 3
force_push: msg_id = 1707852, remain = -61, size = 3
force_push: msg_id = 1707932, remain = -61, size = 3
force_push: msg_id = 1708012, remain = -61, size = 3
force_push: msg_id = 1708092, remain = -61, size = 3
force_push: msg_id = 1708172, remain = -61, size = 3
force_push: msg_id = 1708253, remain = -61, size = 3
force_push: msg_id = 1708333, remain = -61, size = 3
force_push: msg_id = 1708415, remain = -61, size = 3
force_push: msg_id = 1708495, remain = -61, size = 3
force_push: msg_id = 1708575, remain = -61, size = 3
force_push: msg_id = 1708654, remain = -61, size = 3
force_push: msg_id = 1708734, remain = -61, size = 3
force_push: msg_id = 1708814, remain = -61, size = 3
force_push: msg_id = 1708894, remain = -61, size = 3
force_push: msg_id = 1708975, remain = -61, size = 3
force_push: msg_id = 1709054, remain = -61, size = 3
force_push: msg_id = 1709134, remain = -61, size = 3
force_push: msg_id = 1709212, remain = -61, size = 3
force_push: msg_id = 1709292, remain = -61, size = 3
force_push: msg_id = 1709372, remain = -61, size = 3
force_push: msg_id = 1709452, remain = -61, size = 3
force_push: msg_id = 1709532, remain = -61, size = 3
force_push: msg_id = 1709613, remain = -61, size = 3
force_push: msg_id = 1709693, remain = -61, size = 3
force_push: msg_id = 1709773, remain = -61, size = 3
force_push: msg_id = 1709853, remain = -61, size = 3
force_push: msg_id = 1709933, remain = -61, size = 3
force_push: msg_id = 1710013, remain = -61, size = 3
force_push: msg_id = 1710092, remain = -61, size = 3
force_push: msg_id = 1710172, remain = -61, size = 3
force_push: msg_id = 1710250, remain = -61, size = 3
force_push: msg_id = 1710330, remain = -61, size = 3
force_push: msg_id = 1710406, remain = -61, size = 3
force_push: msg_id = 1710486, remain = -61, size = 3
force_push: msg_id = 1710566, remain = -61, size = 3
force_push: msg_id = 1710645, remain = -61, size = 3
force_push: msg_id = 1710724, remain = -61, size = 3
force_push: msg_id = 1710804, remain = -61, size = 3
force_push: msg_id = 1710880, remain = -61, size = 3
force_push: msg_id = 1710960, remain = -61, size = 3
force_push: msg_id = 1711041, remain = -61, size = 3
force_push: msg_id = 1711121, remain = -61, size = 3
force_push: msg_id = 1711201, remain = -61, size = 3
force_push: msg_id = 1711281, remain = -61, size = 3
force_push: msg_id = 1711361, remain = -61, size = 3
force_push: msg_id = 1711441, remain = -61, size = 3
force_push: msg_id = 1711521, remain = -61, size = 3
force_push: msg_id = 1711601, remain = -61, size = 3
force_push: msg_id = 1711681, remain = -61, size = 3
force_push: msg_id = 1711761, remain = -61, size = 3
force_push: msg_id = 1711839, remain = -61, size = 3
force_push: msg_id = 1711919, remain = -61, size = 3
force_push: msg_id = 1711999, remain = -61, size = 3
force_push: msg_id = 1712079, remain = -61, size = 3
force_push: msg_id = 1712159, remain = -61, size = 3
force_push: msg_id = 1712239, remain = -61, size = 3
force_push: msg_id = 1712319, remain = -61, size = 3
force_push: msg_id = 1712399, remain = -61, size = 3
force_push: msg_id = 1712479, remain = -61, size = 3
force_push: msg_id = 1712559, remain = -61, size = 3
force_push: msg_id = 1712640, remain = -61, size = 3
force_push: msg_id = 1712720, remain = -61, size = 3
force_push: msg_id = 1712800, remain = -61, size = 3
force_push: msg_id = 1712880, remain = -61, size = 3
force_push: msg_id = 1712961, remain = -61, size = 3
force_push: msg_id = 1713041, remain = -61, size = 3
force_push: msg_id = 1713122, remain = -61, size = 3
force_push: msg_id = 1713201, remain = -61, size = 3
force_push: msg_id = 1713280, remain = -61, size = 3
force_push: msg_id = 1713361, remain = -61, size = 3
force_push: msg_id = 1713439, remain = -61, size = 3
force_push: msg_id = 1713519, remain = -61, size = 3
force_push: msg_id = 1713599, remain = -61, size = 3
force_push: msg_id = 1713679, remain = -61, size = 3
force_push: msg_id = 1713756, remain = -61, size = 3
force_push: msg_id = 1713834, remain = -61, size = 3
force_push: msg_id = 1713914, remain = -61, size = 3
force_push: msg_id = 1713993, remain = -61, size = 3
force_push: msg_id = 1714072, remain = -61, size = 3
force_push: msg_id = 1714152, remain = -61, size = 3
force_push: msg_id = 1714232, remain = -61, size = 3
force_push: msg_id = 1714312, remain = -61, size = 3
force_push: msg_id = 1714392, remain = -61, size = 3
force_push: msg_id = 1714472, remain = -61, size = 3
force_push: msg_id = 1714552, remain = -61, size = 3
force_push: msg_id = 1714632, remain = -61, size = 3
force_push: msg_id = 1714712, remain = -61, size = 3
force_push: msg_id = 1714792, remain = -61, size = 3
force_push: msg_id = 1714872, remain = -61, size = 3
force_push: msg_id = 1714950, remain = -61, size = 3
force_push: msg_id = 1715030, remain = -61, size = 3
force_push: msg_id = 1715110, remain = -61, size = 3
force_push: msg_id = 1715189, remain = -61, size = 3
force_push: msg_id = 1715268, remain = -61, size = 3
force_push: msg_id = 1715348, remain = -61, size = 3
force_push: msg_id = 1715428, remain = -61, size = 3
force_push: msg_id = 1715508, remain = -61, size = 3
force_push: msg_id = 1715588, remain = -61, size = 3
force_push: msg_id = 1715668, remain = -61, size = 3
force_push: msg_id = 1715748, remain = -61, size = 3
force_push: msg_id = 1715828, remain = -61, size = 3
force_push: msg_id = 1715908, remain = -61, size = 3
force_push: msg_id = 1715988, remain = -61, size = 3
force_push: msg_id = 1716066, remain = -61, size = 3
force_push: msg_id = 1716146, remain = -61, size = 3
force_push: msg_id = 1716226, remain = -61, size = 3
force_push: msg_id = 1716306, remain = -61, size = 3
force_push: msg_id = 1716384, remain = -61, size = 3
force_push: msg_id = 1716464, remain = -61, size = 3
force_push: msg_id = 1716544, remain = -61, size = 3
force_push: msg_id = 1716622, remain = -61, size = 3
force_push: msg_id = 1716702, remain = -61, size = 3
force_push: msg_id = 1716782, remain = -61, size = 3
force_push: msg_id = 1716858, remain = -61, size = 3
force_push: msg_id = 1716939, remain = -61, size = 3
force_push: msg_id = 1717017, remain = -61, size = 3
force_push: msg_id = 1717097, remain = -61, size = 3
force_push: msg_id = 1717177, remain = -61, size = 3
force_push: msg_id = 1717257, remain = -61, size = 3
force_push: msg_id = 1717337, remain = -61, size = 3
force_push: msg_id = 1717417, remain = -61, size = 3
force_push: msg_id = 1717495, remain = -61, size = 3
force_push: msg_id = 1717575, remain = -61, size = 3
force_push: msg_id = 1717655, remain = -61, size = 3
force_push: msg_id = 1717733, remain = -61, size = 3
force_push: msg_id = 1717813, remain = -61, size = 3
force_push: msg_id = 1717893, remain = -61, size = 3
force_push: msg_id = 1717973, remain = -61, size = 3
force_push: msg_id = 1718053, remain = -61, size = 3
force_push: msg_id = 1718133, remain = -61, size = 3
force_push: msg_id = 1718213, remain = -61, size = 3
force_push: msg_id = 1718293, remain = -61, size = 3
force_push: msg_id = 1718373, remain = -61, size = 3
force_push: msg_id = 1718453, remain = -61, size = 3
force_push: msg_id = 1718531, remain = -61, size = 3
force_push: msg_id = 1718611, remain = -61, size = 3
force_push: msg_id = 1718691, remain = -61, size = 3
force_push: msg_id = 1718771, remain = -61, size = 3
force_push: msg_id = 1718852, remain = -61, size = 3
force_push: msg_id = 1718932, remain = -61, size = 3
force_push: msg_id = 1719012, remain = -61, size = 3
force_push: msg_id = 1719092, remain = -61, size = 3
force_push: msg_id = 1719172, remain = -61, size = 3
force_push: msg_id = 1719252, remain = -61, size = 3
force_push: msg_id = 1719331, remain = -61, size = 3
force_push: msg_id = 1719411, remain = -61, size = 3
force_push: msg_id = 1719491, remain = -61, size = 3
force_push: msg_id = 1719570, remain = -61, size = 3
force_push: msg_id = 1719650, remain = -61, size = 3
force_push: msg_id = 1719728, remain = -61, size = 3
force_push: msg_id = 1719806, remain = -61, size = 3
force_push: msg_id = 1719885, remain = -61, size = 3
force_push: msg_id = 1719966, remain = -61, size = 3
force_push: msg_id = 1720046, remain = -61, size = 3
force_push: msg_id = 1720126, remain = -61, size = 3
force_push: msg_id = 1720206, remain = -61, size = 3
force_push: msg_id = 1720286, remain = -61, size = 3
force_push: msg_id = 1720366, remain = -61, size = 3
force_push: msg_id = 1720444, remain = -61, size = 3
force_push: msg_id = 1720524, remain = -61, size = 3
force_push: msg_id = 1720602, remain = -61, size = 3
force_push: msg_id = 1720682, remain = -61, size = 3
force_push: msg_id = 1720762, remain = -61, size = 3
force_push: msg_id = 1720842, remain = -61, size = 3
force_push: msg_id = 1720922, remain = -61, size = 3
force_push: msg_id = 1721002, remain = -61, size = 3
force_push: msg_id = 1721082, remain = -61, size = 3
force_push: msg_id = 1721163, remain = -61, size = 3
force_push: msg_id = 1721243, remain = -61, size = 3
force_push: msg_id = 1721323, remain = -61, size = 3
force_push: msg_id = 1721403, remain = -61, size = 3
force_push: msg_id = 1721483, remain = -61, size = 3
force_push: msg_id = 1721563, remain = -61, size = 3
force_push: msg_id = 1721643, remain = -61, size = 3
force_push: msg_id = 1721723, remain = -61, size = 3
force_push: msg_id = 1721803, remain = -61, size = 3
force_push: msg_id = 1721883, remain = -61, size = 3
force_push: msg_id = 1721963, remain = -61, size = 3
force_push: msg_id = 1722043, remain = -61, size = 3
force_push: msg_id = 1722123, remain = -61, size = 3
force_push: msg_id = 1722203, remain = -61, size = 3
force_push: msg_id = 1722283, remain = -61, size = 3
force_push: msg_id = 1722363, remain = -61, size = 3
force_push: msg_id = 1722441, remain = -61, size = 3
force_push: msg_id = 1722519, remain = -61, size = 3
force_push: msg_id = 1722600, remain = -61, size = 3
force_push: msg_id = 1722678, remain = -61, size = 3
force_push: msg_id = 1722754, remain = -61, size = 3
force_push: msg_id = 1722834, remain = -61, size = 3
force_push: msg_id = 1722914, remain = -61, size = 3
force_push: msg_id = 1722994, remain = -61, size = 3
force_push: msg_id = 1723074, remain = -61, size = 3
force_push: msg_id = 1723154, remain = -61, size = 3
force_push: msg_id = 1723232, remain = -61, size = 3
force_push: msg_id = 1723312, remain = -61, size = 3
force_push: msg_id = 1723392, remain = -61, size = 3
force_push: msg_id = 1723468, remain = -61, size = 3
force_push: msg_id = 1723548, remain = -61, size = 3
force_push: msg_id = 1723628, remain = -61, size = 3
force_push: msg_id = 1723708, remain = -61, size = 3
force_push: msg_id = 1723788, remain = -61, size = 3
force_push: msg_id = 1723868, remain = -61, size = 3
force_push: msg_id = 1723948, remain = -61, size = 3
force_push: msg_id = 1724028, remain = -61, size = 3
force_push: msg_id = 1724108, remain = -61, size = 3
force_push: msg_id = 1724188, remain = -61, size = 3
force_push: msg_id = 1724268, remain = -61, size = 3
force_push: msg_id = 1724348, remain = -61, size = 3
force_push: msg_id = 1724428, remain = -61, size = 3
force_push: msg_id = 1724508, remain = -61, size = 3
force_push: msg_id = 1724588, remain = -61, size = 3
force_push: msg_id = 1724668, remain = -61, size = 3
force_push: msg_id = 1724748, remain = -61, size = 3
force_push: msg_id = 1724828, remain = -61, size = 3
force_push: msg_id = 1724908, remain = -61, size = 3
force_push: msg_id = 1724986, remain = -61, size = 3
force_push: msg_id = 1725066, remain = -61, size = 3
force_push: msg_id = 1725146, remain = -61, size = 3
force_push: msg_id = 1725227, remain = -61, size = 3
force_push: msg_id = 1725307, remain = -61, size = 3
force_push: msg_id = 1725385, remain = -61, size = 3
force_push: msg_id = 1725465, remain = -61, size = 3
force_push: msg_id = 1725543, remain = -61, size = 3
force_push: msg_id = 1725623, remain = -61, size = 3
force_push: msg_id = 1725699, remain = -61, size = 3
force_push: msg_id = 1725779, remain = -61, size = 3
force_push: msg_id = 1725859, remain = -61, size = 3
force_push: msg_id = 1725937, remain = -61, size = 3
force_push: msg_id = 1726017, remain = -61, size = 3
force_push: msg_id = 1726097, remain = -61, size = 3
force_push: msg_id = 1726176, remain = -61, size = 3
force_push: msg_id = 1726255, remain = -61, size = 3
force_push: msg_id = 1726333, remain = -61, size = 3
force_push: msg_id = 1726413, remain = -61, size = 3
force_push: msg_id = 1726493, remain = -61, size = 3
force_push: msg_id = 1726570, remain = -61, size = 3
force_push: msg_id = 1726650, remain = -61, size = 3
force_push: msg_id = 1726730, remain = -61, size = 3
force_push: msg_id = 1726810, remain = -61, size = 3
force_push: msg_id = 1726890, remain = -61, size = 3
force_push: msg_id = 1726970, remain = -61, size = 3
force_push: msg_id = 1727050, remain = -61, size = 3
force_push: msg_id = 1727130, remain 