Read file config.yml
Running executor...
Loaded function exp00_back. lib_load_elasped: 206, func_load_elasped: 2
Loaded function exp00_front. lib_load_elasped: 148, func_load_elasped: 1
force_push: msg_id = 1689688, remain = 150, size = 64
Send to executer failed.force_push: msg_id = 1689980, remain = -61, size = 3
force_push: msg_id = 1690055, remain = -61, size = 3
force_push: msg_id = 1690135, remain = -61, size = 3
force_push: msg_id = 1690215, remain = -61, size = 3
force_push: msg_id = 1690296, remain = -61, size = 3
force_push: msg_id = 1690375, remain = -61, size = 3
force_push: msg_id = 1690455, remain = -61, size = 3
force_push: msg_id = 1690536, remain = -61, size = 3
force_push: msg_id = 1690616, remain = -61, size = 3
force_push: msg_id = 1690695, remain = -61, size = 3
force_push: msg_id = 1690775, remain = -61, size = 3
force_push: msg_id = 1690855, remain = -61, size = 3
force_push: msg_id = 1690935, remain = -61, size = 3
force_push: msg_id = 1691015, remain = -61, size = 3
force_push: msg_id = 1691095, remain = -61, size = 3
force_push: msg_id = 1691175, remain = -61, size = 3
force_push: msg_id = 1691255, remain = -61, size = 3
force_push: msg_id = 1691335, remain = -61, size = 3
force_push: msg_id = 1691415, remain = -61, size = 3
force_push: msg_id = 1691495, remain = -61, size = 3
force_push: msg_id = 1691575, remain = -61, size = 3
force_push: msg_id = 1691655, remain = -61, size = 3
force_push: msg_id = 1691735, remain = -61, size = 3
force_push: msg_id = 1691815, remain = -61, size = 3
force_push: msg_id = 1691895, remain = -61, size = 3
force_push: msg_id = 1691975, remain = -61, size = 3
force_push: msg_id = 1692055, remain = -61, size = 3
force_push: msg_id = 1692133, remain = -61, size = 3
force_push: msg_id = 1692211, remain = -61, size = 3
force_push: msg_id = 1692281, remain = -61, size = 3
force_push: msg_id = 1692350, remain = -61, size = 3
force_push: msg_id = 1692425, remain = -61, size = 3
force_push: msg_id = 1692505, remain = -61, size = 3
force_push: msg_id = 1692583, remain = -61, size = 3
force_push: msg_id = 1692662, remain = -61, size = 3
force_push: msg_id = 1692737, remain = -61, size = 3
force_push: msg_id = 1692816, remain = -61, size = 3
force_push: msg_id = 1692894, remain = -61, size = 3
force_push: msg_id = 1692974, remain = -61, size = 3
force_push: msg_id = 1693054, remain = -61, size = 3
force_push: msg_id = 1693134, remain = -61, size = 3
force_push: msg_id = 1693212, remain = -61, size = 3
force_push: msg_id = 1693292, remain = -61, size = 3
force_push: msg_id = 1693372, remain = -61, size = 3
force_push: msg_id = 1693452, remain = -61, size = 3
force_push: msg_id = 1693531, remain = -61, size = 3
force_push: msg_id = 1693610, remain = -61, size = 3
force_push: msg_id = 1693691, remain = -61, size = 3
force_push: msg_id = 1693771, remain = -61, size = 3
force_push: msg_id = 1693851, remain = -61, size = 3
force_push: msg_id = 1693931, remain = -61, size = 3
force_push: msg_id = 1694011, remain = -61, size = 3
force_push: msg_id = 1694091, remain = -61, size = 3
force_push: msg_id = 1694171, remain = -61, size = 3
force_push: msg_id = 1694251, remain = -61, size = 3
force_push: msg_id = 1694331, remain = -61, size = 3
force_push: msg_id = 1694411, remain = -61, size = 3
force_push: msg_id = 1694491, remain = -61, size = 3
force_push: msg_id = 1694572, remain = -61, size = 3
force_push: msg_id = 1694652, remain = -61, size = 3
force_push: msg_id = 1694732, remain = -61, size = 3
force_push: msg_id = 1694812, remain = -61, size = 3
force_push: msg_id = 1694892, remain = -61, size = 3
force_push: msg_id = 1694972, remain = -61, size = 3
force_push: msg_id = 1695053, remain = -61, size = 3
force_push: msg_id = 1695131, remain = -61, size = 3
force_push: msg_id = 1695207, remain = -61, size = 3
force_push: msg_id = 1695285, remain = -61, size = 3
force_push: msg_id = 1695364, remain = -61, size = 3
force_push: msg_id = 1695439, remain = -61, size = 3
force_push: msg_id = 1695516, remain = -61, size = 3
force_push: msg_id = 1695597, remain = -61, size = 3
force_push: msg_id = 1695675, remain = -61, size = 3
force_push: msg_id = 1695755, remain = -61, size = 3
force_push: msg_id = 1695829, remain = -61, size = 3
force_push: msg_id = 1695907, remain = -61, size = 3
force_push: msg_id = 1695985, remain = -61, size = 3
force_push: msg_id = 1696065, remain = -61, size = 3
force_push: msg_id = 1696145, remain = -61, size = 3
force_push: msg_id = 1696224, remain = -61, size = 3
force_push: msg_id = 1696305, remain = -61, size = 3
force_push: msg_id = 1696384, remain = -61, size = 3
force_push: msg_id = 1696464, remain = -61, size = 3
force_push: msg_id = 1696545, remain = -61, size = 3
force_push: msg_id = 1696624, remain = -61, size = 3
force_push: msg_id = 1696703, remain = -61, size = 3
force_push: msg_id = 1696782, remain = -61, size = 3
force_push: msg_id = 1696861, remain = -61, size = 3
force_push: msg_id = 1696941, remain = -61, size = 3
force_push: msg_id = 1697021, remain = -61, size = 3
force_push: msg_id = 1697101, remain = -61, size = 3
force_push: msg_id = 1697181, remain = -61, size = 3
force_push: msg_id = 1697261, remain = -61, size = 3
force_push: msg_id = 1697341, remain = -61, size = 3
force_push: msg_id = 1697421, remain = -61, size = 3
force_push: msg_id = 1697502, remain = -61, size = 3
force_push: msg_id = 1697582, remain = -61, size = 3
force_push: msg_id = 1697662, remain = -61, size = 3
force_push: msg_id = 1697742, remain = -61, size = 3
force_push: msg_id = 1697820, remain = -61, size = 3
force_push: msg_id = 1697900, remain = -61, size = 3
force_push: msg_id = 1697980, remain = -61, size = 3
force_push: msg_id = 1698060, remain = -61, size = 3
force_push: msg_id = 1698140, remain = -61, size = 3
force_push: msg_id = 1698220, remain = -61, size = 3
force_push: msg_id = 1698300, remain = -61, size = 3
force_push: msg_id = 1698378, remain = -61, size = 3
force_push: msg_id = 1698455, remain = -61, size = 3
force_push: msg_id = 1698532, remain = -61, size = 3
force_push: msg_id = 1698610, remain = -61, size = 3
force_push: msg_id = 1698690, remain = -61, size = 3
force_push: msg_id = 1698766, remain = -61, size = 3
force_push: msg_id = 1698844, remain = -61, size = 3
force_push: msg_id = 1698924, remain = -61, size = 3
force_push: msg_id = 1698999, remain = -61, size = 3
force_push: msg_id = 1699079, remain = -61, size = 3
force_push: msg_id = 1699159, remain = -61, size = 3
force_push: msg_id = 1699239, remain = -61, size = 3
force_push: msg_id = 1699318, remain = -61, size = 3
force_push: msg_id = 1699398, remain = -61, size = 3
force_push: msg_id = 1699478, remain = -61, size = 3
force_push: msg_id = 1699558, remain = -61, size = 3
force_push: msg_id = 1699638, remain = -61, size = 3
force_push: msg_id = 1699718, remain = -61, size = 3
force_push: msg_id = 1699798, remain = -61, size = 3
force_push: msg_id = 1699878, remain = -61, size = 3
force_push: msg_id = 1699958, remain = -61, size = 3
force_push: msg_id = 1700038, remain = -61, size = 3
force_push: msg_id = 1700118, remain = -61, size = 3
force_push: msg_id = 1700198, remain = -61, size = 3
force_push: msg_id = 1700278, remain = -61, size = 3
force_push: msg_id = 1700358, remain = -61, size = 3
force_push: msg_id = 1700436, remain = -61, size = 3
force_push: msg_id = 1700516, remain = -61, size = 3
force_push: msg_id = 1700596, remain = -61, size = 3
force_push: msg_id = 1700676, remain = -61, size = 3
force_push: msg_id = 1700756, remain = -61, size = 3
force_push: msg_id = 1700836, remain = -61, size = 3
force_push: msg_id = 1700916, remain = -61, size = 3
force_push: msg_id = 1700994, remain = -61, size = 3
force_push: msg_id = 1701074, remain = -61, size = 3
force_push: msg_id = 1701154, remain = -61, size = 3
force_push: msg_id = 1701235, remain = -61, size = 3
force_push: msg_id = 1701309, remain = -61, size = 3
force_push: msg_id = 1701386, remain = -61, size = 3
force_push: msg_id = 1701464, remain = -61, size = 3
force_push: msg_id = 1701544, remain = -61, size = 3
force_push: msg_id = 1701625, remain = -61, size = 3
force_push: msg_id = 1701705, remain = -61, size = 3
force_push: msg_id = 1701782, remain = -61, size = 3
force_push: msg_id = 1701864, remain = -61, size = 3
force_push: msg_id = 1701944, remain = -61, size = 3
force_push: msg_id = 1702022, remain = -61, size = 3
force_push: msg_id = 1702104, remain = -61, size = 3
force_push: msg_id = 1702183, remain = -61, size = 3
force_push: msg_id = 1702263, remain = -61, size = 3
force_push: msg_id = 1702343, remain = -61, size = 3
force_push: msg_id = 1702421, remain = -61, size = 3
force_push: msg_id = 1702499, remain = -61, size = 3
force_push: msg_id = 1702579, remain = -61, size = 3
force_push: msg_id = 1702658, remain = -61, size = 3
force_push: msg_id = 1702738, remain = -61, size = 3
force_push: msg_id = 1702815, remain = -61, size = 3
force_push: msg_id = 1702894, remain = -61, size = 3
force_push: msg_id = 1702973, remain = -61, size = 3
force_push: msg_id = 1703052, remain = -61, size = 3
force_push: msg_id = 1703132, remain = -61, size = 3
force_push: msg_id = 1703209, remain = -61, size = 3
force_push: msg_id = 1703286, remain = -61, size = 3
force_push: msg_id = 1703364, remain = -61, size = 3
force_push: msg_id = 1703444, remain = -61, size = 3
force_push: msg_id = 1703522, remain = -61, size = 3
force_push: msg_id = 1703598, remain = -61, size = 3
force_push: msg_id = 1703677, remain = -61, size = 3
force_push: msg_id = 1703757, remain = -61, size = 3
force_push: msg_id = 1703837, remain = -61, size = 3
force_push: msg_id = 1703913, remain = -61, size = 3
force_push: msg_id = 1703992, remain = -61, size = 3
force_push: msg_id = 1704072, remain = -61, size = 3
force_push: msg_id = 1704151, remain = -61, size = 3
force_push: msg_id = 1704229, remain = -61, size = 3
force_push: msg_id = 1704310, remain = -61, size = 3
force_push: msg_id = 1704390, remain = -61, size = 3
force_push: msg_id = 1704468, remain = -61, size = 3
force_push: msg_id = 1704548, remain = -61, size = 3
force_push: msg_id = 1704630, remain = -61, size = 3
force_push: msg_id = 1704710, remain = -61, size = 3
force_push: msg_id = 1704790, remain = -61, size = 3
force_push: msg_id = 1704870, remain = -61, size = 3
force_push: msg_id = 1704946, remain = -61, size = 3
force_push: msg_id = 1705026, remain = -61, size = 3
force_push: msg_id = 1705104, remain = -61, size = 3
force_push: msg_id = 1705184, remain = -61, size = 3
force_push: msg_id = 1705265, remain = -61, size = 3
force_push: msg_id = 1705345, remain = -61, size = 3
force_push: msg_id = 1705425, remain = -61, size = 3
force_push: msg_id = 1705505, remain = -61, size = 3
force_push: msg_id = 1705585, remain = -61, size = 3
force_push: msg_id = 1705665, remain = -61, size = 3
force_push: msg_id = 1705745, remain = -61, size = 3
force_push: msg_id = 1705825, remain = -61, size = 3
force_push: msg_id = 1705904, remain = -61, size = 3
force_push: msg_id = 1705984, remain = -61, size = 3
force_push: msg_id = 1706064, remain = -61, size = 3
force_push: msg_id = 1706142, remain = -61, size = 3
force_push: msg_id = 1706222, remain = -61, size = 3
force_push: msg_id = 1706301, remain = -61, size = 3
force_push: msg_id = 1706380, remain = -61, size = 3
force_push: msg_id = 1706460, remain = -61, size = 3
force_push: msg_id = 1706540, remain = -61, size = 3
force_push: msg_id = 1706618, remain = -61, size = 3
force_push: msg_id = 1706698, remain = -61, size = 3
force_push: msg_id = 1706779, remain = -61, size = 3
force_push: msg_id = 1706859, remain = -61, size = 3
force_push: msg_id = 1706939, remain = -61, size = 3
force_push: msg_id = 1707020, remain = -61, size = 3
force_push: msg_id = 1707099, remain = -61, size = 3
force_push: msg_id = 1707179, remain = -61, size = 3
force_push: msg_id = 1707259, remain = -61, size = 3
force_push: msg_id = 1707339, remain = -61, size = 3
force_push: msg_id = 1707419, remain = -61, size = 3
force_push: msg_id = 1707499, remain = -61, size = 3
force_push: msg_id = 1707579, remain = -61, size = 3
force_push: msg_id = 1707660, remain = -61, size = 3
force_push: msg_id = 1707740, remain = -61, size = 3
force_push: msg_id = 1707820, remain = -61, size = 3
force_push: msg_id = 1707898, remain = -61, size = 3
force_push: msg_id = 1707979, remain = -61, size = 3
force_push: msg_id = 1708059, remain = -61, size = 3
force_push: msg_id = 1708139, remain = -61, size = 3
force_push: msg_id = 1708219, remain = -61, size = 3
force_push: msg_id = 1708300, remain = -61, size = 3
force_push: msg_id = 1708380, remain = -61, size = 3
force_push: msg_id = 1708460, remain = -61, size = 3
force_push: msg_id = 1708540, remain = -61, size = 3
force_push: msg_id = 1708620, remain = -61, size = 3
force_push: msg_id = 1708701, remain = -61, size = 3
force_push: msg_id = 1708780, remain = -61, size = 3
force_push: msg_id = 1708861, remain = -61, size = 3
force_push: msg_id = 1708941, remain = -61, size = 3
force_push: msg_id = 1709021, remain = -61, size = 3
force_push: msg_id = 1709098, remain = -61, size = 3
force_push: msg_id = 1709174, remain = -61, size = 3
force_push: msg_id = 1709254, remain = -61, size = 3
force_push: msg_id = 1709334, remain = -61, size = 3
force_push: msg_id = 1709414, remain = -61, size = 3
force_push: msg_id = 1709494, remain = -61, size = 3
force_push: msg_id = 1709572, remain = -61, size = 3
force_push: msg_id = 1709651, remain = -61, size = 3
force_push: msg_id = 1709731, remain = -61, size = 3
force_push: msg_id = 1709811, remain = -61, size = 3
force_push: msg_id = 1709891, remain = -61, size = 3
force_push: msg_id = 1709971, remain = -61, size = 3
force_push: msg_id = 1710051, remain = -61, size = 3
force_push: msg_id = 1710131, remain = -61, size = 3
force_push: msg_id = 1710211, remain = -61, size = 3
force_push: msg_id = 1710291, remain = -61, size = 3
force_push: msg_id = 1710371, remain = -61, size = 3
force_push: msg_id = 1710451, remain = -61, size = 3
force_push: msg_id = 1710531, remain = -61, size = 3
force_push: msg_id = 1710611, remain = -61, size = 3
force_push: msg_id = 1710689, remain = -61, size = 3
force_push: msg_id = 1710769, remain = -61, size = 3
force_push: msg_id = 1710848, remain = -61, size = 3
force_push: msg_id = 1710926, remain = -61, size = 3
force_push: msg_id = 1711006, remain = -61, size = 3
force_push: msg_id = 1711086, remain = -61, size = 3
force_push: msg_id = 1711166, remain = -61, size = 3
force_push: msg_id = 1711246, remain = -61, size = 3
force_push: msg_id = 1711326, remain = -61, size = 3
force_push: msg_id = 1711406, remain = -61, size = 3
force_push: msg_id = 1711487, remain = -61, size = 3
force_push: msg_id = 1711567, remain = -61, size = 3
force_push: msg_id = 1711647, remain = -61, size = 3
force_push: msg_id = 1711727, remain = -61, size = 3
force_push: msg_id = 1711805, remain = -61, size = 3
force_push: msg_id = 1711883, remain = -61, size = 3
force_push: msg_id = 1711963, remain = -61, size = 3
force_push: msg_id = 1712042, remain = -61, size = 3
force_push: msg_id = 1712122, remain = -61, size = 3
force_push: msg_id = 1712202, remain = -61, size = 3
force_push: msg_id = 1712281, remain = -61, size = 3
force_push: msg_id = 1712360, remain = -61, size = 3
force_push: msg_id = 1712438, remain = -61, size = 3
force_push: msg_id = 1712516, remain = -61, size = 3
force_push: msg_id = 1712596, remain = -61, size = 3
force_push: msg_id = 1712675, remain = -61, size = 3
force_push: msg_id = 1712754, remain = -61, size = 3
force_push: msg_id = 1712834, remain = -61, size = 3
force_push: msg_id = 1712915, remain = -61, size = 3
force_push: msg_id = 1712995, remain = -61, size = 3
force_push: msg_id = 1713075, remain = -61, size = 3
force_push: msg_id = 1713155, remain = -61, size = 3
force_push: msg_id = 1713236, remain = -61, size = 3
force_push: msg_id = 1713317, remain = -61, size = 3
force_push: msg_id = 1713397, remain = -61, size = 3
force_push: msg_id = 1713475, remain = -61, size = 3
force_push: msg_id = 1713555, remain = -61, size = 3
force_push: msg_id = 1713635, remain = -61, size = 3
force_push: msg_id = 1713715, remain = -61, size = 3
force_push: msg_id = 1713795, remain = -61, size = 3
force_push: msg_id = 1713875, remain = -61, size = 3
force_push: msg_id = 1713955, remain = -61, size = 3
force_push: msg_id = 1714035, remain = -61, size = 3
force_push: msg_id = 1714115, remain = -61, size = 3
force_push: msg_id = 1714195, remain = -61, size = 3
force_push: msg_id = 1714275, remain = -61, size = 3
force_push: msg_id = 1714355, remain = -61, size = 3
force_push: msg_id = 1714435, remain = -61, size = 3
force_push: msg_id = 1714515, remain = -61, size = 3
force_push: msg_id = 1714595, remain = -61, size = 3
force_push: msg_id = 1714673, remain = -61, size = 3
force_push: msg_id = 1714753, remain = -61, size = 3
force_push: msg_id = 1714833, remain = -61, size = 3
force_push: msg_id = 1714911, remain = -61, size = 3
force_push: msg_id = 1714991, remain = -61, size = 3
force_push: msg_id = 1715071, remain = -61, size = 3
force_push: msg_id = 1715151, remain = -61, size = 3
force_push: msg_id = 1715229, remain = -61, size = 3
force_push: msg_id = 1715307, remain = -61, size = 3
force_push: msg_id = 1715385, remain = -61, size = 3
force_push: msg_id = 1715465, remain = -61, size = 3
force_push: msg_id = 1715543, remain = -61, size = 3
force_push: msg_id = 1715623, remain = -61, size = 3
force_push: msg_id = 1715703, remain = -61, size = 3
force_push: msg_id = 1715783, remain = -61, size = 3
force_push: msg_id = 1715863, remain = -61, size = 3
force_push: msg_id = 1715943, remain = -61, size = 3
force_push: msg_id = 1716023, remain = -61, size = 3
force_push: msg_id = 1716104, remain = -61, size = 3
force_push: msg_id = 1716184, remain = -61, size = 3
force_push: msg_id = 1716264, remain = -61, size = 3
force_push: msg_id = 1716344, remain = -61, size = 3
force_push: msg_id = 1716422, remain = -61, size = 3
force_push: msg_id = 1716502, remain = -61, size = 3
force_push: msg_id = 1716582, remain = -61, size = 3
force_push: msg_id = 1716662, remain = -61, size = 3
force_push: msg_id = 1716743, remain = -61, size = 3
force_push: msg_id = 1716823, remain = -61, size = 3
force_push: msg_id = 1716903, remain = -61, size = 3
force_push: msg_id = 1716983, remain = -61, size = 3
force_push: msg_id = 1717062, remain = -61, size = 3
force_push: msg_id = 1717141, remain = -61, size = 3
force_push: msg_id = 1717221, remain = -61, size = 3
force_push: msg_id = 1717301, remain = -61, size = 3
force_push: msg_id = 1717381, remain = -61, size = 3
force_push: msg_id = 1717461, remain = -61, size = 3
force_push: msg_id = 1717541, remain = -61, size = 3
force_push: msg_id = 1717621, remain = -61, size = 3
force_push: msg_id = 1717699, remain = -61, size = 3
force_push: msg_id = 1717779, remain = -61, size = 3
force_push: msg_id = 1717859, remain = -61, size = 3
force_push: msg_id = 1717937, remain = -61, size = 3
force_push: msg_id = 1718017, remain = -61, size = 3
force_push: msg_id = 1718095, remain = -61, size = 3
force_push: msg_id = 1718175, remain = -61, size = 3
force_push: msg_id = 1718255, remain = -61, size = 3
force_push: msg_id = 1718333, remain = -61, size = 3
force_push: msg_id = 1718411, remain = -61, size = 3
force_push: msg_id = 1718491, remain = -61, size = 3
force_push: msg_id = 1718569, remain = -61, size = 3
force_push: msg_id = 1718649, remain = -61, size = 3
force_push: msg_id = 1718729, remain = -61, size = 3
force_push: msg_id = 1718809, remain = -61, size = 3
force_push: msg_id = 1718889, remain = -61, size = 3
force_push: msg_id = 1718967, remain = -61, size = 3
force_push: msg_id = 1719047, remain = -61, size = 3
force_push: msg_id = 1719127, remain = -61, size = 3
force_push: msg_id = 1719207, remain = -61, size = 3
force_push: msg_id = 1719285, remain = -61, size = 3
force_push: msg_id = 1719365, remain = -61, size = 3
force_push: msg_id = 1719445, remain = -61, size = 3
force_push: msg_id = 1719525, remain = -61, size = 3
force_push: msg_id = 1719605, remain = -61, size = 3
force_push: msg_id = 1719685, remain = -61, size = 3
force_push: msg_id = 1719765, remain = -61, size = 3
force_push: msg_id = 1719845, remain = -61, size = 3
force_push: msg_id = 1719925, remain = -61, size = 3
force_push: msg_id = 1720005, remain = -61, size = 3
force_push: msg_id = 1720085, remain = -61, size = 3
force_push: msg_id = 1720165, remain = -61, size = 3
force_push: msg_id = 1720245, remain = -61, size = 3
force_push: msg_id = 1720325, remain = -61, size = 3
force_push: msg_id = 1720406, remain = -61, size = 3
force_push: msg_id = 1720486, remain = -61, size = 3
force_push: msg_id = 1720566, remain = -61, size = 3
force_push: msg_id = 1720646, remain = -61, size = 3
force_push: msg_id = 1720726, remain = -61, size = 3
force_push: msg_id = 1720806, remain = -61, size = 3
force_push: msg_id = 1720887, remain = -61, size = 3
force_push: msg_id = 1720967, remain = -61, size = 3
force_push: msg_id = 1721047, remain = -61, size = 3
force_push: msg_id = 1721122, remain = -61, size = 3
force_push: msg_id = 1721200, remain = -61, size = 3
force_push: msg_id = 1721278, remain = -61, size = 3
force_push: msg_id = 1721357, remain = -61, size = 3
force_push: msg_id = 1721438, remain = -61, size = 3
force_push: msg_id = 1721518, remain = -61, size = 3
force_push: msg_id = 1721598, remain = -61, size = 3
force_push: msg_id = 1721678, remain = -61, size = 3
force_push: msg_id = 1721759, remain = -61, size = 3
force_push: msg_id = 1721839, remain = -61, size = 3
force_push: msg_id = 1721919, remain = -61, size = 3
force_push: msg_id = 1721997, remain = -61, size = 3
force_push: msg_id = 1722075, remain = -61, size = 3
force_push: msg_id = 1722155, remain = -61, size = 3
force_push: msg_id = 1722236, remain = -61, size = 3
force_push: msg_id = 1722316, remain = -61, size = 3
force_push: msg_id = 1722396, remain = -61, size = 3
force_push: msg_id = 1722476, remain = -61, size = 3
force_push: msg_id = 1722556, remain = -61, size = 3
force_push: msg_id = 1722636, remain = -61, size = 3
force_push: msg_id = 1722716, remain = -61, size = 3
force_push: msg_id = 1722796, remain = -61, size = 3
force_push: msg_id = 1722876, remain = -61, size = 3
force_push: msg_id = 1722956, remain = -61, size = 3
force_push: msg_id = 1723036, remain = -61, size = 3
force_push: msg_id = 1723116, remain = -61, size = 3
force_push: msg_id = 1723197, remain = -61, size = 3
force_push: msg_id = 1723277, remain = -61, size = 3
force_push: msg_id = 1723357, remain = -61, size = 3
force_push: msg_id = 1723437, remain = -61, size = 3
force_push: msg_id = 1723517, remain = -61, size = 3
force_push: msg_id = 1723595, remain = -61, size = 3
force_push: msg_id = 1723675, remain = -61, size = 3
force_push: msg_id = 1723755, remain = -61, size = 3
force_push: msg_id = 1723835, remain = -61, size = 3
force_push: msg_id = 1723915, remain = -61, size = 3
force_push: msg_id = 1723995, remain = -61, size = 3
force_push: msg_id = 1724069, remain = -61, size = 3
force_push: msg_id = 1724147, remain = -61, size = 3
force_push: msg_id = 1724226, remain = -61, size = 3
force_push: msg_id = 1724304, remain = -61, size = 3
force_push: msg_id = 1724384, remain = -61, size = 3
force_push: msg_id = 1724464, remain = -61, size = 3
force_push: msg_id = 1724544, remain = -61, size = 3
force_push: msg_id = 1724624, remain = -61, size = 3
force_push: msg_id = 1724704, remain = -61, size = 3
force_push: msg_id = 1724784, remain = -61, size = 3
force_push: msg_id = 1724862, remain = -61, size = 3
force_push: msg_id = 1724940, remain = -61, size = 3
force_push: msg_id = 1725020, remain = -61, size = 3
force_push: msg_id = 1725100, remain = -61, size = 3
force_push: msg_id = 1725180, remain = -61, size = 3
force_push: msg_id = 1725260, remain = -61, size = 3
force_push: msg_id = 1725340, remain = -61, size = 3
force_push: msg_id = 1725420, remain = -61, size = 3
force_push: msg_id = 1725500, remain = -61, size = 3
force_push: msg_id = 1725580, remain = -61, size = 3
force_push: msg_id = 1725661, remain = -61, size = 3
force_push: msg_id = 1725742, remain = -61, size = 3
force_push: msg_id = 1725822, remain = -61, size = 3
force_push: msg_id = 1725902, remain = -61, size = 3
force_push: msg_id = 1725982, remain = -61, size = 3
force_push: msg_id = 1726062, remain = -61, size = 3
force_push: msg_id = 1726143, remain = -61, size = 3
force_push: msg_id = 1726222, remain = -61, size = 3
force_push: msg_id = 1726300, remain = -61, size = 3
force_push: msg_id = 1726380, remain = -61, size = 3
force_push: msg_id = 1726460, remain = -61, size = 3
force_push: msg_id = 1726540, remain = -61, size = 3
force_push: msg_id = 1726621, remain = -61, size = 3
force_push: msg_id = 1726701, remain = -61, size = 3
force_push: msg_id = 1726778, remain 