Read file config.yml
Running executor...
Loaded function exp00_front. lib_load_elasped: 724, func_load_elasped: 3
Loaded function exp00_back. lib_load_elasped: 149, func_load_elasped: 1
force_push: msg_id = 1689889, remain = 150, size = 64
Send to executer failed.force_push: msg_id = 1689983, remain = -61, size = 3
force_push: msg_id = 1690127, remain = -61, size = 3
force_push: msg_id = 1690191, remain = -61, size = 3
force_push: msg_id = 1690245, remain = -61, size = 3
force_push: msg_id = 1690322, remain = -61, size = 3
force_push: msg_id = 1690397, remain = -61, size = 3
force_push: msg_id = 1690478, remain = -61, size = 3
force_push: msg_id = 1690562, remain = -61, size = 3
force_push: msg_id = 1690643, remain = -61, size = 3
force_push: msg_id = 1690722, remain = -61, size = 3
force_push: msg_id = 1690800, remain = -61, size = 3
force_push: msg_id = 1690880, remain = -61, size = 3
force_push: msg_id = 1690957, remain = -61, size = 3
force_push: msg_id = 1691037, remain = -61, size = 3
force_push: msg_id = 1691117, remain = -61, size = 3
force_push: msg_id = 1691197, remain = -61, size = 3
force_push: msg_id = 1691277, remain = -61, size = 3
force_push: msg_id = 1691357, remain = -61, size = 3
force_push: msg_id = 1691437, remain = -61, size = 3
force_push: msg_id = 1691517, remain = -61, size = 3
force_push: msg_id = 1691597, remain = -61, size = 3
force_push: msg_id = 1691677, remain = -61, size = 3
force_push: msg_id = 1691757, remain = -61, size = 3
force_push: msg_id = 1691837, remain = -61, size = 3
force_push: msg_id = 1691917, remain = -61, size = 3
force_push: msg_id = 1691997, remain = -61, size = 3
force_push: msg_id = 1692077, remain = -61, size = 3
force_push: msg_id = 1692157, remain = -61, size = 3
force_push: msg_id = 1692238, remain = -61, size = 3
force_push: msg_id = 1692318, remain = -61, size = 3
force_push: msg_id = 1692398, remain = -61, size = 3
force_push: msg_id = 1692478, remain = -61, size = 3
force_push: msg_id = 1692558, remain = -61, size = 3
force_push: msg_id = 1692638, remain = -61, size = 3
force_push: msg_id = 1692718, remain = -61, size = 3
force_push: msg_id = 1692798, remain = -61, size = 3
force_push: msg_id = 1692878, remain = -61, size = 3
force_push: msg_id = 1692957, remain = -61, size = 3
force_push: msg_id = 1693035, remain = -61, size = 3
force_push: msg_id = 1693115, remain = -61, size = 3
force_push: msg_id = 1693191, remain = -61, size = 3
force_push: msg_id = 1693267, remain = -61, size = 3
force_push: msg_id = 1693341, remain = -61, size = 3
force_push: msg_id = 1693413, remain = -61, size = 3
force_push: msg_id = 1693490, remain = -61, size = 3
force_push: msg_id = 1693568, remain = -61, size = 3
force_push: msg_id = 1693648, remain = -61, size = 3
force_push: msg_id = 1693726, remain = -61, size = 3
force_push: msg_id = 1693804, remain = -61, size = 3
force_push: msg_id = 1693882, remain = -61, size = 3
force_push: msg_id = 1693957, remain = -61, size = 3
force_push: msg_id = 1694037, remain = -61, size = 3
force_push: msg_id = 1694117, remain = -61, size = 3
force_push: msg_id = 1694197, remain = -61, size = 3
force_push: msg_id = 1694277, remain = -61, size = 3
force_push: msg_id = 1694355, remain = -61, size = 3
force_push: msg_id = 1694435, remain = -61, size = 3
force_push: msg_id = 1694515, remain = -61, size = 3
force_push: msg_id = 1694595, remain = -61, size = 3
force_push: msg_id = 1694675, remain = -61, size = 3
force_push: msg_id = 1694754, remain = -61, size = 3
force_push: msg_id = 1694834, remain = -61, size = 3
force_push: msg_id = 1694914, remain = -61, size = 3
force_push: msg_id = 1694994, remain = -61, size = 3
force_push: msg_id = 1695074, remain = -61, size = 3
force_push: msg_id = 1695154, remain = -61, size = 3
force_push: msg_id = 1695234, remain = -61, size = 3
force_push: msg_id = 1695314, remain = -61, size = 3
force_push: msg_id = 1695394, remain = -61, size = 3
force_push: msg_id = 1695474, remain = -61, size = 3
force_push: msg_id = 1695554, remain = -61, size = 3
force_push: msg_id = 1695634, remain = -61, size = 3
force_push: msg_id = 1695714, remain = -61, size = 3
force_push: msg_id = 1695794, remain = -61, size = 3
force_push: msg_id = 1695874, remain = -61, size = 3
force_push: msg_id = 1695953, remain = -61, size = 3
force_push: msg_id = 1696031, remain = -61, size = 3
force_push: msg_id = 1696111, remain = -61, size = 3
force_push: msg_id = 1696192, remain = -61, size = 3
force_push: msg_id = 1696269, remain = -61, size = 3
force_push: msg_id = 1696346, remain = -61, size = 3
force_push: msg_id = 1696420, remain = -61, size = 3
force_push: msg_id = 1696498, remain = -61, size = 3
force_push: msg_id = 1696578, remain = -61, size = 3
force_push: msg_id = 1696657, remain = -61, size = 3
force_push: msg_id = 1696735, remain = -61, size = 3
force_push: msg_id = 1696812, remain = -61, size = 3
force_push: msg_id = 1696888, remain = -61, size = 3
force_push: msg_id = 1696966, remain = -61, size = 3
force_push: msg_id = 1697046, remain = -61, size = 3
force_push: msg_id = 1697126, remain = -61, size = 3
force_push: msg_id = 1697206, remain = -61, size = 3
force_push: msg_id = 1697286, remain = -61, size = 3
force_push: msg_id = 1697366, remain = -61, size = 3
force_push: msg_id = 1697446, remain = -61, size = 3
force_push: msg_id = 1697526, remain = -61, size = 3
force_push: msg_id = 1697606, remain = -61, size = 3
force_push: msg_id = 1697686, remain = -61, size = 3
force_push: msg_id = 1697767, remain = -61, size = 3
force_push: msg_id = 1697846, remain = -61, size = 3
force_push: msg_id = 1697926, remain = -61, size = 3
force_push: msg_id = 1698006, remain = -61, size = 3
force_push: msg_id = 1698086, remain = -61, size = 3
force_push: msg_id = 1698166, remain = -61, size = 3
force_push: msg_id = 1698246, remain = -61, size = 3
force_push: msg_id = 1698326, remain = -61, size = 3
force_push: msg_id = 1698405, remain = -61, size = 3
force_push: msg_id = 1698485, remain = -61, size = 3
force_push: msg_id = 1698562, remain = -61, size = 3
force_push: msg_id = 1698642, remain = -61, size = 3
force_push: msg_id = 1698722, remain = -61, size = 3
force_push: msg_id = 1698802, remain = -61, size = 3
force_push: msg_id = 1698882, remain = -61, size = 3
force_push: msg_id = 1698962, remain = -61, size = 3
force_push: msg_id = 1699042, remain = -61, size = 3
force_push: msg_id = 1699123, remain = -61, size = 3
force_push: msg_id = 1699203, remain = -61, size = 3
force_push: msg_id = 1699281, remain = -61, size = 3
force_push: msg_id = 1699359, remain = -61, size = 3
force_push: msg_id = 1699435, remain = -61, size = 3
force_push: msg_id = 1699514, remain = -61, size = 3
force_push: msg_id = 1699593, remain = -61, size = 3
force_push: msg_id = 1699671, remain = -61, size = 3
force_push: msg_id = 1699747, remain = -61, size = 3
force_push: msg_id = 1699823, remain = -61, size = 3
force_push: msg_id = 1699903, remain = -61, size = 3
force_push: msg_id = 1699983, remain = -61, size = 3
force_push: msg_id = 1700063, remain = -61, size = 3
force_push: msg_id = 1700143, remain = -61, size = 3
force_push: msg_id = 1700223, remain = -61, size = 3
force_push: msg_id = 1700303, remain = -61, size = 3
force_push: msg_id = 1700383, remain = -61, size = 3
force_push: msg_id = 1700463, remain = -61, size = 3
force_push: msg_id = 1700543, remain = -61, size = 3
force_push: msg_id = 1700623, remain = -61, size = 3
force_push: msg_id = 1700703, remain = -61, size = 3
force_push: msg_id = 1700781, remain = -61, size = 3
force_push: msg_id = 1700860, remain = -61, size = 3
force_push: msg_id = 1700940, remain = -61, size = 3
force_push: msg_id = 1701020, remain = -61, size = 3
force_push: msg_id = 1701100, remain = -61, size = 3
force_push: msg_id = 1701178, remain = -61, size = 3
force_push: msg_id = 1701259, remain = -61, size = 3
force_push: msg_id = 1701339, remain = -61, size = 3
force_push: msg_id = 1701419, remain = -61, size = 3
force_push: msg_id = 1701499, remain = -61, size = 3
force_push: msg_id = 1701579, remain = -61, size = 3
force_push: msg_id = 1701659, remain = -61, size = 3
force_push: msg_id = 1701739, remain = -61, size = 3
force_push: msg_id = 1701819, remain = -61, size = 3
force_push: msg_id = 1701898, remain = -61, size = 3
force_push: msg_id = 1701978, remain = -61, size = 3
force_push: msg_id = 1702058, remain = -61, size = 3
force_push: msg_id = 1702136, remain = -61, size = 3
force_push: msg_id = 1702210, remain = -61, size = 3
force_push: msg_id = 1702288, remain = -61, size = 3
force_push: msg_id = 1702368, remain = -61, size = 3
force_push: msg_id = 1702448, remain = -61, size = 3
force_push: msg_id = 1702528, remain = -61, size = 3
force_push: msg_id = 1702606, remain = -61, size = 3
force_push: msg_id = 1702686, remain = -61, size = 3
force_push: msg_id = 1702766, remain = -61, size = 3
force_push: msg_id = 1702846, remain = -61, size = 3
force_push: msg_id = 1702928, remain = -61, size = 3
force_push: msg_id = 1703008, remain = -61, size = 3
force_push: msg_id = 1703088, remain = -61, size = 3
force_push: msg_id = 1703168, remain = -61, size = 3
force_push: msg_id = 1703247, remain = -61, size = 3
force_push: msg_id = 1703326, remain = -61, size = 3
force_push: msg_id = 1703406, remain = -61, size = 3
force_push: msg_id = 1703486, remain = -61, size = 3
force_push: msg_id = 1703567, remain = -61, size = 3
force_push: msg_id = 1703646, remain = -61, size = 3
force_push: msg_id = 1703725, remain = -61, size = 3
force_push: msg_id = 1703805, remain = -61, size = 3
force_push: msg_id = 1703879, remain = -61, size = 3
force_push: msg_id = 1703959, remain = -61, size = 3
force_push: msg_id = 1704038, remain = -61, size = 3
force_push: msg_id = 1704117, remain = -61, size = 3
force_push: msg_id = 1704196, remain = -61, size = 3
force_push: msg_id = 1704276, remain = -61, size = 3
force_push: msg_id = 1704356, remain = -61, size = 3
force_push: msg_id = 1704436, remain = -61, size = 3
force_push: msg_id = 1704516, remain = -61, size = 3
force_push: msg_id = 1704596, remain = -61, size = 3
force_push: msg_id = 1704676, remain = -61, size = 3
force_push: msg_id = 1704757, remain = -61, size = 3
force_push: msg_id = 1704834, remain = -61, size = 3
force_push: msg_id = 1704912, remain = -61, size = 3
force_push: msg_id = 1704992, remain = -61, size = 3
force_push: msg_id = 1705073, remain = -61, size = 3
force_push: msg_id = 1705151, remain = -61, size = 3
force_push: msg_id = 1705231, remain = -61, size = 3
force_push: msg_id = 1705312, remain = -61, size = 3
force_push: msg_id = 1705393, remain = -61, size = 3
force_push: msg_id = 1705473, remain = -61, size = 3
force_push: msg_id = 1705552, remain = -61, size = 3
force_push: msg_id = 1705632, remain = -61, size = 3
force_push: msg_id = 1705711, remain = -61, size = 3
force_push: msg_id = 1705791, remain = -61, size = 3
force_push: msg_id = 1705871, remain = -61, size = 3
force_push: msg_id = 1705946, remain = -61, size = 3
force_push: msg_id = 1706023, remain = -61, size = 3
force_push: msg_id = 1706102, remain = -61, size = 3
force_push: msg_id = 1706182, remain = -61, size = 3
force_push: msg_id = 1706260, remain = -61, size = 3
force_push: msg_id = 1706339, remain = -61, size = 3
force_push: msg_id = 1706416, remain = -61, size = 3
force_push: msg_id = 1706496, remain = -61, size = 3
force_push: msg_id = 1706574, remain = -61, size = 3
force_push: msg_id = 1706653, remain = -61, size = 3
force_push: msg_id = 1706733, remain = -61, size = 3
force_push: msg_id = 1706813, remain = -61, size = 3
force_push: msg_id = 1706893, remain = -61, size = 3
force_push: msg_id = 1706973, remain = -61, size = 3
force_push: msg_id = 1707053, remain = -61, size = 3
force_push: msg_id = 1707129, remain = -61, size = 3
force_push: msg_id = 1707209, remain = -61, size = 3
force_push: msg_id = 1707288, remain = -61, size = 3
force_push: msg_id = 1707365, remain = -61, size = 3
force_push: msg_id = 1707442, remain = -61, size = 3
force_push: msg_id = 1707521, remain = -61, size = 3
force_push: msg_id = 1707600, remain = -61, size = 3
force_push: msg_id = 1707678, remain = -61, size = 3
force_push: msg_id = 1707758, remain = -61, size = 3
force_push: msg_id = 1707838, remain = -61, size = 3
force_push: msg_id = 1707919, remain = -61, size = 3
force_push: msg_id = 1707998, remain = -61, size = 3
force_push: msg_id = 1708079, remain = -61, size = 3
force_push: msg_id = 1708161, remain = -61, size = 3
force_push: msg_id = 1708240, remain = -61, size = 3
force_push: msg_id = 1708319, remain = -61, size = 3
force_push: msg_id = 1708399, remain = -61, size = 3
force_push: msg_id = 1708479, remain = -61, size = 3
force_push: msg_id = 1708559, remain = -61, size = 3
force_push: msg_id = 1708640, remain = -61, size = 3
force_push: msg_id = 1708718, remain = -61, size = 3
force_push: msg_id = 1708798, remain = -61, size = 3
force_push: msg_id = 1708878, remain = -61, size = 3
force_push: msg_id = 1708958, remain = -61, size = 3
force_push: msg_id = 1709038, remain = -61, size = 3
force_push: msg_id = 1709118, remain = -61, size = 3
force_push: msg_id = 1709198, remain = -61, size = 3
force_push: msg_id = 1709278, remain = -61, size = 3
force_push: msg_id = 1709358, remain = -61, size = 3
force_push: msg_id = 1709438, remain = -61, size = 3
force_push: msg_id = 1709518, remain = -61, size = 3
force_push: msg_id = 1709598, remain = -61, size = 3
force_push: msg_id = 1709677, remain = -61, size = 3
force_push: msg_id = 1709757, remain = -61, size = 3
force_push: msg_id = 1709835, remain = -61, size = 3
force_push: msg_id = 1709915, remain = -61, size = 3
force_push: msg_id = 1709993, remain = -61, size = 3
force_push: msg_id = 1710073, remain = -61, size = 3
force_push: msg_id = 1710151, remain = -61, size = 3
force_push: msg_id = 1710231, remain = -61, size = 3
force_push: msg_id = 1710309, remain = -61, size = 3
force_push: msg_id = 1710387, remain = -61, size = 3
force_push: msg_id = 1710467, remain = -61, size = 3
force_push: msg_id = 1710547, remain = -61, size = 3
force_push: msg_id = 1710627, remain = -61, size = 3
force_push: msg_id = 1710707, remain = -61, size = 3
force_push: msg_id = 1710787, remain = -61, size = 3
force_push: msg_id = 1710867, remain = -61, size = 3
force_push: msg_id = 1710947, remain = -61, size = 3
force_push: msg_id = 1711027, remain = -61, size = 3
force_push: msg_id = 1711107, remain = -61, size = 3
force_push: msg_id = 1711187, remain = -61, size = 3
force_push: msg_id = 1711267, remain = -61, size = 3
force_push: msg_id = 1711347, remain = -61, size = 3
force_push: msg_id = 1711425, remain = -61, size = 3
force_push: msg_id = 1711505, remain = -61, size = 3
force_push: msg_id = 1711585, remain = -61, size = 3
force_push: msg_id = 1711665, remain = -61, size = 3
force_push: msg_id = 1711745, remain = -61, size = 3
force_push: msg_id = 1711825, remain = -61, size = 3
force_push: msg_id = 1711905, remain = -61, size = 3
force_push: msg_id = 1711985, remain = -61, size = 3
force_push: msg_id = 1712065, remain = -61, size = 3
force_push: msg_id = 1712145, remain = -61, size = 3
force_push: msg_id = 1712224, remain = -61, size = 3
force_push: msg_id = 1712304, remain = -61, size = 3
force_push: msg_id = 1712384, remain = -61, size = 3
force_push: msg_id = 1712462, remain = -61, size = 3
force_push: msg_id = 1712541, remain = -61, size = 3
force_push: msg_id = 1712616, remain = -61, size = 3
force_push: msg_id = 1712695, remain = -61, size = 3
force_push: msg_id = 1712772, remain = -61, size = 3
force_push: msg_id = 1712846, remain = -61, size = 3
force_push: msg_id = 1712925, remain = -61, size = 3
force_push: msg_id = 1713001, remain = -61, size = 3
force_push: msg_id = 1713080, remain = -61, size = 3
force_push: msg_id = 1713159, remain = -61, size = 3
force_push: msg_id = 1713237, remain = -61, size = 3
force_push: msg_id = 1713314, remain = -61, size = 3
force_push: msg_id = 1713393, remain = -61, size = 3
force_push: msg_id = 1713473, remain = -61, size = 3
force_push: msg_id = 1713553, remain = -61, size = 3
force_push: msg_id = 1713633, remain = -61, size = 3
force_push: msg_id = 1713713, remain = -61, size = 3
force_push: msg_id = 1713793, remain = -61, size = 3
force_push: msg_id = 1713873, remain = -61, size = 3
force_push: msg_id = 1713953, remain = -61, size = 3
force_push: msg_id = 1714033, remain = -61, size = 3
force_push: msg_id = 1714113, remain = -61, size = 3
force_push: msg_id = 1714193, remain = -61, size = 3
force_push: msg_id = 1714273, remain = -61, size = 3
force_push: msg_id = 1714353, remain = -61, size = 3
force_push: msg_id = 1714433, remain = -61, size = 3
force_push: msg_id = 1714513, remain = -61, size = 3
force_push: msg_id = 1714591, remain = -61, size = 3
force_push: msg_id = 1714671, remain = -61, size = 3
force_push: msg_id = 1714751, remain = -61, size = 3
force_push: msg_id = 1714829, remain = -61, size = 3
force_push: msg_id = 1714909, remain = -61, size = 3
force_push: msg_id = 1714989, remain = -61, size = 3
force_push: msg_id = 1715069, remain = -61, size = 3
force_push: msg_id = 1715145, remain = -61, size = 3
force_push: msg_id = 1715224, remain = -61, size = 3
force_push: msg_id = 1715303, remain = -61, size = 3
force_push: msg_id = 1715380, remain = -61, size = 3
force_push: msg_id = 1715460, remain = -61, size = 3
force_push: msg_id = 1715540, remain = -61, size = 3
force_push: msg_id = 1715620, remain = -61, size = 3
force_push: msg_id = 1715697, remain = -61, size = 3
force_push: msg_id = 1715777, remain = -61, size = 3
force_push: msg_id = 1715857, remain = -61, size = 3
force_push: msg_id = 1715937, remain = -61, size = 3
force_push: msg_id = 1716015, remain = -61, size = 3
force_push: msg_id = 1716095, remain = -61, size = 3
force_push: msg_id = 1716175, remain = -61, size = 3
force_push: msg_id = 1716255, remain = -61, size = 3
force_push: msg_id = 1716336, remain = -61, size = 3
force_push: msg_id = 1716415, remain = -61, size = 3
force_push: msg_id = 1716494, remain = -61, size = 3
force_push: msg_id = 1716573, remain = -61, size = 3
force_push: msg_id = 1716652, remain = -61, size = 3
force_push: msg_id = 1716731, remain = -61, size = 3
force_push: msg_id = 1716811, remain = -61, size = 3
force_push: msg_id = 1716890, remain = -61, size = 3
force_push: msg_id = 1716969, remain = -61, size = 3
force_push: msg_id = 1717048, remain = -61, size = 3
force_push: msg_id = 1717127, remain = -61, size = 3
force_push: msg_id = 1717207, remain = -61, size = 3
force_push: msg_id = 1717285, remain = -61, size = 3
force_push: msg_id = 1717362, remain = -61, size = 3
force_push: msg_id = 1717441, remain = -61, size = 3
force_push: msg_id = 1717518, remain = -61, size = 3
force_push: msg_id = 1717596, remain = -61, size = 3
force_push: msg_id = 1717676, remain = -61, size = 3
force_push: msg_id = 1717754, remain = -61, size = 3
force_push: msg_id = 1717832, remain = -61, size = 3
force_push: msg_id = 1717913, remain = -61, size = 3
force_push: msg_id = 1717993, remain = -61, size = 3
force_push: msg_id = 1718073, remain = -61, size = 3
force_push: msg_id = 1718151, remain = -61, size = 3
force_push: msg_id = 1718231, remain = -61, size = 3
force_push: msg_id = 1718311, remain = -61, size = 3
force_push: msg_id = 1718392, remain = -61, size = 3
force_push: msg_id = 1718470, remain = -61, size = 3
force_push: msg_id = 1718550, remain = -61, size = 3
force_push: msg_id = 1718630, remain = -61, size = 3
force_push: msg_id = 1718710, remain = -61, size = 3
force_push: msg_id = 1718790, remain = -61, size = 3
force_push: msg_id = 1718870, remain = -61, size = 3
force_push: msg_id = 1718951, remain = -61, size = 3
force_push: msg_id = 1719031, remain = -61, size = 3
force_push: msg_id = 1719111, remain = -61, size = 3
force_push: msg_id = 1719191, remain = -61, size = 3
force_push: msg_id = 1719271, remain = -61, size = 3
force_push: msg_id = 1719351, remain = -61, size = 3
force_push: msg_id = 1719431, remain = -61, size = 3
force_push: msg_id = 1719509, remain = -61, size = 3
force_push: msg_id = 1719589, remain = -61, size = 3
force_push: msg_id = 1719669, remain = -61, size = 3
force_push: msg_id = 1719749, remain = -61, size = 3
force_push: msg_id = 1719826, remain = -61, size = 3
force_push: msg_id = 1719906, remain = -61, size = 3
force_push: msg_id = 1719986, remain = -61, size = 3
force_push: msg_id = 1720066, remain = -61, size = 3
force_push: msg_id = 1720144, remain = -61, size = 3
force_push: msg_id = 1720224, remain = -61, size = 3
force_push: msg_id = 1720302, remain = -61, size = 3
force_push: msg_id = 1720379, remain = -61, size = 3
force_push: msg_id = 1720459, remain = -61, size = 3
force_push: msg_id = 1720539, remain = -61, size = 3
force_push: msg_id = 1720619, remain = -61, size = 3
force_push: msg_id = 1720699, remain = -61, size = 3
force_push: msg_id = 1720779, remain = -61, size = 3
force_push: msg_id = 1720859, remain = -61, size = 3
force_push: msg_id = 1720939, remain = -61, size = 3
force_push: msg_id = 1721019, remain = -61, size = 3
force_push: msg_id = 1721097, remain = -61, size = 3
force_push: msg_id = 1721175, remain = -61, size = 3
force_push: msg_id = 1721255, remain = -61, size = 3
force_push: msg_id = 1721335, remain = -61, size = 3
force_push: msg_id = 1721416, remain = -61, size = 3
force_push: msg_id = 1721496, remain = -61, size = 3
force_push: msg_id = 1721576, remain = -61, size = 3
force_push: msg_id = 1721656, remain = -61, size = 3
force_push: msg_id = 1721736, remain = -61, size = 3
force_push: msg_id = 1721816, remain = -61, size = 3
force_push: msg_id = 1721896, remain = -61, size = 3
force_push: msg_id = 1721977, remain = -61, size = 3
force_push: msg_id = 1722057, remain = -61, size = 3
force_push: msg_id = 1722137, remain = -61, size = 3
force_push: msg_id = 1722217, remain = -61, size = 3
force_push: msg_id = 1722297, remain = -61, size = 3
force_push: msg_id = 1722377, remain = -61, size = 3
force_push: msg_id = 1722457, remain = -61, size = 3
force_push: msg_id = 1722537, remain = -61, size = 3
force_push: msg_id = 1722617, remain = -61, size = 3
force_push: msg_id = 1722697, remain = -61, size = 3
force_push: msg_id = 1722777, remain = -61, size = 3
force_push: msg_id = 1722855, remain = -61, size = 3
force_push: msg_id = 1722935, remain = -61, size = 3
force_push: msg_id = 1723014, remain = -61, size = 3
force_push: msg_id = 1723092, remain = -61, size = 3
force_push: msg_id = 1723168, remain = -61, size = 3
force_push: msg_id = 1723245, remain = -61, size = 3
force_push: msg_id = 1723326, remain = -61, size = 3
force_push: msg_id = 1723406, remain = -61, size = 3
force_push: msg_id = 1723486, remain = -61, size = 3
force_push: msg_id = 1723566, remain = -61, size = 3
force_push: msg_id = 1723647, remain = -61, size = 3
force_push: msg_id = 1723727, remain = -61, size = 3
force_push: msg_id = 1723806, remain = -61, size = 3
force_push: msg_id = 1723884, remain = -61, size = 3
force_push: msg_id = 1723963, remain = -61, size = 3
force_push: msg_id = 1724039, remain = -61, size = 3
force_push: msg_id = 1724119, remain = -61, size = 3
force_push: msg_id = 1724199, remain = -61, size = 3
force_push: msg_id = 1724279, remain = -61, size = 3
force_push: msg_id = 1724359, remain = -61, size = 3
force_push: msg_id = 1724439, remain = -61, size = 3
force_push: msg_id = 1724519, remain = -61, size = 3
force_push: msg_id = 1724599, remain = -61, size = 3
force_push: msg_id = 1724679, remain = -61, size = 3
force_push: msg_id = 1724759, remain = -61, size = 3
force_push: msg_id = 1724839, remain = -61, size = 3
force_push: msg_id = 1724919, remain = -61, size = 3
force_push: msg_id = 1724999, remain = -61, size = 3
force_push: msg_id = 1725079, remain = -61, size = 3
force_push: msg_id = 1725159, remain = -61, size = 3
force_push: msg_id = 1725239, remain = -61, size = 3
force_push: msg_id = 1725319, remain = -61, size = 3
force_push: msg_id = 1725397, remain = -61, size = 3
force_push: msg_id = 1725477, remain = -61, size = 3
force_push: msg_id = 1725557, remain = -61, size = 3
force_push: msg_id = 1725637, remain = -61, size = 3
force_push: msg_id = 1725717, remain = -61, size = 3
force_push: msg_id = 1725797, remain = -61, size = 3
force_push: msg_id = 1725875, remain = -61, size = 3
force_push: msg_id = 1725953, remain = -61, size = 3
force_push: msg_id = 1726030, remain = -61, size = 3
force_push: msg_id = 1726110, remain = -61, size = 3
force_push: msg_id = 1726188, remain = -61, size = 3
force_push: msg_id = 1726268, remain = -61, size = 3
force_push: msg_id = 1726346, remain = -61, size = 3
force_push: msg_id = 1726426, remain = -61, size = 3
force_push: msg_id = 1726507, remain = -61, size = 3
force_push: msg_id = 1726587, remain = -61, size = 3
force_push: msg_id = 1726663, remain = -61, size = 3
force_push: msg_id = 1726743, remain = -61, size = 3
force_push: msg_id = 1726822, remain = -61, size = 3
force_push: msg_id = 1726898, remain = -61, size = 3
force_push: msg_id = 1726977, remain = -61, size = 3
force_push: msg_id = 1727057, remain = -61, size = 3
force_push: msg_id = 1727137, remain = -61, size = 3
force_push: msg_id = 1727215, remain = -61, size = 3
force_push: msg_id = 1727295, remain = -61, size = 3
force_push: msg_id = 1727375, remain = -61, size = 3
force_push: msg_id = 1727455, remain = -61, size = 3
force_push: msg_id = 1727535, remain = -61, size = 3
force_push: msg_id = 1727615, remain = -61, size = 3
force_push: msg_id = 1727695, remain = -61, size = 3
force_push: msg_id = 1727772, remain = -61, size = 3
force_push: msg_id = 1727852, remain = -61, size = 3
force_push: msg_id = 1727931, remain = -61, size = 3
force_push: msg_id = 1728011, remain = -61, size = 3
force_push: msg_id = 1728091, remain = -61, size = 3
force_push: msg_id = 1728170, remain = -61, size = 3
force_push: msg_id = 1728250, remain = -61, size = 3
force_push: msg_id = 1728328, remain = -61, size = 3
force_push: msg_id = 1728406, remain = -61, size = 3
force_push: msg_id = 1728484, remain = -61, size = 3
force_push: msg_id = 1728562, remain = -61, size = 3
force_push: msg_id = 1728641, remain = -61, size = 3
force_push: msg_id = 1728720, remain = -61, size = 3
force_push: msg_id = 1728800, remain = -61, size = 3
force_push: msg_id = 1728880, remain = -61, size = 3
force_push: msg_id = 1728958, remain = -61, size = 3
force_push: msg_id = 1729036, remain = -61, size = 3
force_push: msg_id = 1729116, remain = -61, size = 3
force_push: msg_id = 1729194, remain = -61, size = 3
force_push: msg_id = 1729272, remain = -61, size = 3
force_push: msg_id = 1729348, remain = -61, size = 3
force_push: msg_id = 1729428, remain = -61, size = 3
force_push: msg_id = 1729508, remain = -61, size = 3
force_push: msg_id = 1729588, remain = -61, size = 3
force_push: msg_id = 1729667, remain = -61, size = 3
force_push: msg_id = 1729746, remain = -61, size = 3
force_push: msg_id = 1729826, remain = -61, size = 3
force_push: msg_id = 1729906, remain = -61, size = 3
force_push: msg_id = 1729986, remain = -61, size = 3
force_push: msg_id = 1730066, remain = -61, size = 3
force_push: msg_id = 1730146, remain = -61, size = 3
force_push: msg_id = 1730226, remain = -61, size = 3
force_push: msg_id = 1730306, remain = -61, size = 3
force_push: msg_id = 1730386, remain = -61, size = 3
force_push: msg_id = 1730466, remain = -61, size = 3
force_push: msg_id = 1730546, remain = -61, size = 3
force_push: msg_id = 1730626, remain = -61, size = 3
force_push: msg_id = 1730706, remain = -61, size = 3
force_push: msg_id = 1730785, remain = -61, size = 3
force_push: msg_id = 1730864, remain = -61, size = 3
force_push: msg_id = 1730944, remain = -61, size = 3
force_push: msg_id = 1731024, remain = -61, size = 3
force_push: msg_id = 1731104, remain = -61, size = 3
force_push: msg_id = 1731184, remain = -61, size = 3
force_push: msg_id = 1731264, remain = -61, size = 3
force_push: msg_id = 1731344, remain = -61, size = 3
force_push: msg_id = 1731424, remain = -61, size = 3
force_push: msg_id = 1731502, remain = -61, size = 3
force_push: msg_id = 1731582, remain = -61, size = 3
force_push: msg_id = 1731662, remain = -61, size = 3
force_push: msg_id = 1731742, remain = -61, size = 3
force_push: msg_id = 1731820, remain = -61, size = 3
force_push: msg_id = 1731898, remain = -61, size = 3
force_push: msg_id = 1731978, remain = -61, size = 3
force_push: msg_id = 1732058, remain = -61, size = 3
force_push: msg_id = 1732134, remain = -61, size = 3
force_push: msg_id = 1732214, remain = -61, size = 3
force_push: msg_id = 1732294, remain = -61, size = 3
force_push: msg_id = 1732372, remain = -61, size = 3
force_push: msg_id = 1732452, remain = -61, size = 3
force_push: msg_id = 1732532, remain = -61, size = 3
force_push: msg_id = 1732613, remain = -61, size = 3
force_push: msg_id = 1732694, remain = -61, size = 3
force_push: msg_id = 1732771, remain = -61, size = 3
force_push: msg_id = 1732852, remain = -61, size = 3