Read file config.yml
Running executor...
Loaded function exp00_back. lib_load_elasped: 169, func_load_elasped: 2
Loaded function exp00_front. lib_load_elasped: 137, func_load_elasped: 1
force_push: msg_id = 1689971, remain = -61, size = 3
force_push: msg_id = 1690044, remain = -61, size = 3
force_push: msg_id = 1690111, remain = -61, size = 3
force_push: msg_id = 1690167, remain = -61, size = 3
force_push: msg_id = 1690233, remain = -61, size = 3
force_push: msg_id = 1690308, remain = -61, size = 3
force_push: msg_id = 1690388, remain = -61, size = 3
force_push: msg_id = 1690468, remain = -61, size = 3
force_push: msg_id = 1690548, remain = -61, size = 3
force_push: msg_id = 1690629, remain = -61, size = 3
force_push: msg_id = 1690709, remain = -61, size = 3
force_push: msg_id = 1690790, remain = -61, size = 3
force_push: msg_id = 1690870, remain = -61, size = 3
force_push: msg_id = 1690950, remain = -61, size = 3
force_push: msg_id = 1691030, remain = -61, size = 3
force_push: msg_id = 1691111, remain = -61, size = 3
force_push: msg_id = 1691191, remain = -61, size = 3
force_push: msg_id = 1691271, remain = -61, size = 3
force_push: msg_id = 1691351, remain = -61, size = 3
force_push: msg_id = 1691431, remain = -61, size = 3
force_push: msg_id = 1691511, remain = -61, size = 3
force_push: msg_id = 1691591, remain = -61, size = 3
force_push: msg_id = 1691671, remain = -61, size = 3
force_push: msg_id = 1691751, remain = -61, size = 3
force_push: msg_id = 1691831, remain = -61, size = 3
force_push: msg_id = 1691911, remain = -61, size = 3
force_push: msg_id = 1691991, remain = -61, size = 3
force_push: msg_id = 1692071, remain = -61, size = 3
force_push: msg_id = 1692151, remain = -61, size = 3
force_push: msg_id = 1692231, remain = -61, size = 3
force_push: msg_id = 1692311, remain = -61, size = 3
force_push: msg_id = 1692391, remain = -61, size = 3
force_push: msg_id = 1692471, remain = -61, size = 3
force_push: msg_id = 1692550, remain = -61, size = 3
force_push: msg_id = 1692630, remain = -61, size = 3
force_push: msg_id = 1692710, remain = -61, size = 3
force_push: msg_id = 1692788, remain = -61, size = 3
force_push: msg_id = 1692868, remain = -61, size = 3
force_push: msg_id = 1692942, remain = -61, size = 3
force_push: msg_id = 1693014, remain = -61, size = 3
force_push: msg_id = 1693084, remain = -61, size = 3
force_push: msg_id = 1693162, remain = -61, size = 3
force_push: msg_id = 1693242, remain = -61, size = 3
force_push: msg_id = 1693321, remain = -61, size = 3
force_push: msg_id = 1693398, remain = -61, size = 3
force_push: msg_id = 1693477, remain = -61, size = 3
force_push: msg_id = 1693552, remain = -61, size = 3
force_push: msg_id = 1693630, remain = -61, size = 3
force_push: msg_id = 1693710, remain = -61, size = 3
force_push: msg_id = 1693790, remain = -61, size = 3
force_push: msg_id = 1693870, remain = -61, size = 3
force_push: msg_id = 1693948, remain = -61, size = 3
force_push: msg_id = 1694028, remain = -61, size = 3
force_push: msg_id = 1694108, remain = -61, size = 3
force_push: msg_id = 1694188, remain = -61, size = 3
force_push: msg_id = 1694268, remain = -61, size = 3
force_push: msg_id = 1694347, remain = -61, size = 3
force_push: msg_id = 1694426, remain = -61, size = 3
force_push: msg_id = 1694506, remain = -61, size = 3
force_push: msg_id = 1694586, remain = -61, size = 3
force_push: msg_id = 1694666, remain = -61, size = 3
force_push: msg_id = 1694746, remain = -61, size = 3
force_push: msg_id = 1694826, remain = -61, size = 3
force_push: msg_id = 1694905, remain = -61, size = 3
force_push: msg_id = 1694985, remain = -61, size = 3
force_push: msg_id = 1695065, remain = -61, size = 3
force_push: msg_id = 1695145, remain = -61, size = 3
force_push: msg_id = 1695225, remain = -61, size = 3
force_push: msg_id = 1695305, remain = -61, size = 3
force_push: msg_id = 1695385, remain = -61, size = 3
force_push: msg_id = 1695465, remain = -61, size = 3
force_push: msg_id = 1695545, remain = -61, size = 3
force_push: msg_id = 1695625, remain = -61, size = 3
force_push: msg_id = 1695704, remain = -61, size = 3
force_push: msg_id = 1695783, remain = -61, size = 3
force_push: msg_id = 1695861, remain = -61, size = 3
force_push: msg_id = 1695939, remain = -61, size = 3
force_push: msg_id = 1696014, remain = -61, size = 3
force_push: msg_id = 1696089, remain = -61, size = 3
force_push: msg_id = 1696169, remain = -61, size = 3
force_push: msg_id = 1696248, remain = -61, size = 3
force_push: msg_id = 1696327, remain = -61, size = 3
force_push: msg_id = 1696403, remain = -61, size = 3
force_push: msg_id = 1696479, remain = -61, size = 3
force_push: msg_id = 1696557, remain = -61, size = 3
force_push: msg_id = 1696637, remain = -61, size = 3
force_push: msg_id = 1696715, remain = -61, size = 3
force_push: msg_id = 1696795, remain = -61, size = 3
force_push: msg_id = 1696875, remain = -61, size = 3
force_push: msg_id = 1696955, remain = -61, size = 3
force_push: msg_id = 1697034, remain = -61, size = 3
force_push: msg_id = 1697114, remain = -61, size = 3
force_push: msg_id = 1697193, remain = -61, size = 3
force_push: msg_id = 1697273, remain = -61, size = 3
force_push: msg_id = 1697353, remain = -61, size = 3
force_push: msg_id = 1697431, remain = -61, size = 3
force_push: msg_id = 1697511, remain = -61, size = 3
force_push: msg_id = 1697591, remain = -61, size = 3
force_push: msg_id = 1697671, remain = -61, size = 3
force_push: msg_id = 1697750, remain = -61, size = 3
force_push: msg_id = 1697830, remain = -61, size = 3
force_push: msg_id = 1697909, remain = -61, size = 3
force_push: msg_id = 1697989, remain = -61, size = 3
force_push: msg_id = 1698069, remain = -61, size = 3
force_push: msg_id = 1698149, remain = -61, size = 3
force_push: msg_id = 1698227, remain = -61, size = 3
force_push: msg_id = 1698307, remain = -61, size = 3
force_push: msg_id = 1698387, remain = -61, size = 3
force_push: msg_id = 1698467, remain = -61, size = 3
force_push: msg_id = 1698547, remain = -61, size = 3
force_push: msg_id = 1698627, remain = -61, size = 3
force_push: msg_id = 1698707, remain = -61, size = 3
force_push: msg_id = 1698785, remain = -61, size = 3
force_push: msg_id = 1698865, remain = -61, size = 3
force_push: msg_id = 1698941, remain = -61, size = 3
force_push: msg_id = 1699020, remain = -61, size = 3
force_push: msg_id = 1699098, remain = -61, size = 3
force_push: msg_id = 1699178, remain = -61, size = 3
force_push: msg_id = 1699254, remain = -61, size = 3
force_push: msg_id = 1699332, remain = -61, size = 3
force_push: msg_id = 1699408, remain = -61, size = 3
force_push: msg_id = 1699488, remain = -61, size = 3
force_push: msg_id = 1699568, remain = -61, size = 3
force_push: msg_id = 1699648, remain = -61, size = 3
force_push: msg_id = 1699728, remain = -61, size = 3
force_push: msg_id = 1699808, remain = -61, size = 3
force_push: msg_id = 1699888, remain = -61, size = 3
force_push: msg_id = 1699968, remain = -61, size = 3
force_push: msg_id = 1700048, remain = -61, size = 3
force_push: msg_id = 1700128, remain = -61, size = 3
force_push: msg_id = 1700209, remain = -61, size = 3
force_push: msg_id = 1700288, remain = -61, size = 3
force_push: msg_id = 1700368, remain = -61, size = 3
force_push: msg_id = 1700448, remain = -61, size = 3
force_push: msg_id = 1700529, remain = -61, size = 3
force_push: msg_id = 1700609, remain = -61, size = 3
force_push: msg_id = 1700689, remain = -61, size = 3
force_push: msg_id = 1700767, remain = -61, size = 3
force_push: msg_id = 1700848, remain = -61, size = 3
force_push: msg_id = 1700928, remain = -61, size = 3
force_push: msg_id = 1701008, remain = -61, size = 3
force_push: msg_id = 1701087, remain = -61, size = 3
force_push: msg_id = 1701167, remain = -61, size = 3
force_push: msg_id = 1701247, remain = -61, size = 3
force_push: msg_id = 1701328, remain = -61, size = 3
force_push: msg_id = 1701407, remain = -61, size = 3
force_push: msg_id = 1701486, remain = -61, size = 3
force_push: msg_id = 1701567, remain = -61, size = 3
force_push: msg_id = 1701646, remain = -61, size = 3
force_push: msg_id = 1701722, remain = -61, size = 3
force_push: msg_id = 1701798, remain = -61, size = 3
force_push: msg_id = 1701876, remain = -61, size = 3
force_push: msg_id = 1701955, remain = -61, size = 3
force_push: msg_id = 1702035, remain = -61, size = 3
force_push: msg_id = 1702113, remain = -61, size = 3
force_push: msg_id = 1702193, remain = -61, size = 3
force_push: msg_id = 1702273, remain = -61, size = 3
force_push: msg_id = 1702353, remain = -61, size = 3
force_push: msg_id = 1702433, remain = -61, size = 3
force_push: msg_id = 1702512, remain = -61, size = 3
force_push: msg_id = 1702594, remain = -61, size = 3
force_push: msg_id = 1702675, remain = -61, size = 3
force_push: msg_id = 1702753, remain = -61, size = 3
force_push: msg_id = 1702834, remain = -61, size = 3
force_push: msg_id = 1702916, remain = -61, size = 3
force_push: msg_id = 1702997, remain = -61, size = 3
force_push: msg_id = 1703077, remain = -61, size = 3
force_push: msg_id = 1703159, remain = -61, size = 3
force_push: msg_id = 1703240, remain = -61, size = 3
force_push: msg_id = 1703322, remain = -61, size = 3
force_push: msg_id = 1703402, remain = -61, size = 3
force_push: msg_id = 1703481, remain = -61, size = 3
force_push: msg_id = 1703561, remain = -61, size = 3
force_push: msg_id = 1703640, remain = -61, size = 3
force_push: msg_id = 1703720, remain = -61, size = 3
force_push: msg_id = 1703797, remain = -61, size = 3
force_push: msg_id = 1703877, remain = -61, size = 3
force_push: msg_id = 1703957, remain = -61, size = 3
force_push: msg_id = 1704037, remain = -61, size = 3
force_push: msg_id = 1704118, remain = -61, size = 3
force_push: msg_id = 1704198, remain = -61, size = 3
force_push: msg_id = 1704278, remain = -61, size = 3
force_push: msg_id = 1704359, remain = -61, size = 3
force_push: msg_id = 1704440, remain = -61, size = 3
force_push: msg_id = 1704520, remain = -61, size = 3
force_push: msg_id = 1704600, remain = -61, size = 3
force_push: msg_id = 1704680, remain = -61, size = 3
force_push: msg_id = 1704760, remain = -61, size = 3
force_push: msg_id = 1704840, remain = -61, size = 3
force_push: msg_id = 1704920, remain = -61, size = 3
force_push: msg_id = 1704998, remain = -61, size = 3
force_push: msg_id = 1705076, remain = -61, size = 3
force_push: msg_id = 1705155, remain = -61, size = 3
force_push: msg_id = 1705233, remain = -61, size = 3
force_push: msg_id = 1705313, remain = -61, size = 3
force_push: msg_id = 1705391, remain = -61, size = 3
force_push: msg_id = 1705471, remain = -61, size = 3
force_push: msg_id = 1705551, remain = -61, size = 3
force_push: msg_id = 1705629, remain = -61, size = 3
force_push: msg_id = 1705709, remain = -61, size = 3
force_push: msg_id = 1705787, remain = -61, size = 3
force_push: msg_id = 1705869, remain = -61, size = 3
force_push: msg_id = 1705943, remain = -61, size = 3
force_push: msg_id = 1706024, remain = -61, size = 3
force_push: msg_id = 1706104, remain = -61, size = 3
force_push: msg_id = 1706184, remain = -61, size = 3
force_push: msg_id = 1706263, remain = -61, size = 3
force_push: msg_id = 1706342, remain = -61, size = 3
force_push: msg_id = 1706423, remain = -61, size = 3
force_push: msg_id = 1706502, remain = -61, size = 3
force_push: msg_id = 1706581, remain = -61, size = 3
force_push: msg_id = 1706663, remain = -61, size = 3
force_push: msg_id = 1706744, remain = -61, size = 3
force_push: msg_id = 1706825, remain = -61, size = 3
force_push: msg_id = 1706905, remain = -61, size = 3
force_push: msg_id = 1706986, remain = -61, size = 3
force_push: msg_id = 1707066, remain = -61, size = 3
force_push: msg_id = 1707147, remain = -61, size = 3
force_push: msg_id = 1707227, remain = -61, size = 3
force_push: msg_id = 1707307, remain = -61, size = 3
force_push: msg_id = 1707387, remain = -61, size = 3
force_push: msg_id = 1707467, remain = -61, size = 3
force_push: msg_id = 1707546, remain = -61, size = 3
force_push: msg_id = 1707624, remain = -61, size = 3
force_push: msg_id = 1707703, remain = -61, size = 3
force_push: msg_id = 1707782, remain = -61, size = 3
force_push: msg_id = 1707862, remain = -61, size = 3
force_push: msg_id = 1707942, remain = -61, size = 3
force_push: msg_id = 1708018, remain = -61, size = 3
force_push: msg_id = 1708097, remain = -61, size = 3
force_push: msg_id = 1708176, remain = -61, size = 3
force_push: msg_id = 1708256, remain = -61, size = 3
force_push: msg_id = 1708336, remain = -61, size = 3
force_push: msg_id = 1708412, remain = -61, size = 3
force_push: msg_id = 1708492, remain = -61, size = 3
force_push: msg_id = 1708573, remain = -61, size = 3
force_push: msg_id = 1708653, remain = -61, size = 3
force_push: msg_id = 1708733, remain = -61, size = 3
force_push: msg_id = 1708813, remain = -61, size = 3
force_push: msg_id = 1708893, remain = -61, size = 3
force_push: msg_id = 1708973, remain = -61, size = 3
force_push: msg_id = 1709058, remain = -61, size = 3
force_push: msg_id = 1709140, remain = -61, size = 3
force_push: msg_id = 1709221, remain = -61, size = 3
force_push: msg_id = 1709302, remain = -61, size = 3
force_push: msg_id = 1709383, remain = -61, size = 3
force_push: msg_id = 1709464, remain = -61, size = 3
force_push: msg_id = 1709547, remain = -61, size = 3
force_push: msg_id = 1709629, remain = -61, size = 3
force_push: msg_id = 1709710, remain = -61, size = 3
force_push: msg_id = 1709792, remain = -61, size = 3
force_push: msg_id = 1709875, remain = -61, size = 3
force_push: msg_id = 1709956, remain = -61, size = 3
force_push: msg_id = 1710041, remain = -61, size = 3
force_push: msg_id = 1710123, remain = -61, size = 3
force_push: msg_id = 1710203, remain = -61, size = 3
force_push: msg_id = 1710283, remain = -61, size = 3
force_push: msg_id = 1710364, remain = -61, size = 3
force_push: msg_id = 1710445, remain = -61, size = 3
force_push: msg_id = 1710527, remain = -61, size = 3
force_push: msg_id = 1710608, remain = -61, size = 3
force_push: msg_id = 1710693, remain = -61, size = 3
force_push: msg_id = 1710774, remain = -61, size = 3
force_push: msg_id = 1710857, remain = -61, size = 3
force_push: msg_id = 1710937, remain = -61, size = 3
force_push: msg_id = 1711017, remain = -61, size = 3
force_push: msg_id = 1711101, remain = -61, size = 3
force_push: msg_id = 1711181, remain = -61, size = 3
force_push: msg_id = 1711263, remain = -61, size = 3
force_push: msg_id = 1711345, remain = -61, size = 3
force_push: msg_id = 1711429, remain = -61, size = 3
force_push: msg_id = 1711511, remain = -61, size = 3
force_push: msg_id = 1711594, remain = -61, size = 3
force_push: msg_id = 1711679, remain = -61, size = 3
force_push: msg_id = 1711760, remain = -61, size = 3
force_push: msg_id = 1711840, remain = -61, size = 3
force_push: msg_id = 1711925, remain = -61, size = 3
force_push: msg_id = 1712004, remain = -61, size = 3
force_push: msg_id = 1712086, remain = -61, size = 3
force_push: msg_id = 1712168, remain = -61, size = 3
force_push: msg_id = 1712249, remain = -61, size = 3
force_push: msg_id = 1712335, remain = -61, size = 3
force_push: msg_id = 1712417, remain = -61, size = 3
force_push: msg_id = 1712497, remain = -61, size = 3
force_push: msg_id = 1712578, remain = -61, size = 3
force_push: msg_id = 1712660, remain = -61, size = 3
force_push: msg_id = 1712742, remain = -61, size = 3
force_push: msg_id = 1712824, remain = -61, size = 3
force_push: msg_id = 1712906, remain = -61, size = 3
force_push: msg_id = 1712986, remain = -61, size = 3
force_push: msg_id = 1713068, remain = -61, size = 3
force_push: msg_id = 1713148, remain = -61, size = 3
force_push: msg_id = 1713231, remain = -61, size = 3
force_push: msg_id = 1713313, remain = -61, size = 3
force_push: msg_id = 1713395, remain = -61, size = 3
force_push: msg_id = 1713477, remain = -61, size = 3
force_push: msg_id = 1713560, remain = -61, size = 3
force_push: msg_id = 1713640, remain = -61, size = 3
force_push: msg_id = 1713720, remain = -61, size = 3
force_push: msg_id = 1713802, remain = -61, size = 3
force_push: msg_id = 1713882, remain = -61, size = 3
force_push: msg_id = 1713962, remain = -61, size = 3
force_push: msg_id = 1714046, remain = -61, size = 3
force_push: msg_id = 1714131, remain = -61, size = 3
force_push: msg_id = 1714212, remain = -61, size = 3
force_push: msg_id = 1714298, remain = -61, size = 3
force_push: msg_id = 1714379, remain = -61, size = 3
force_push: msg_id = 1714462, remain = -61, size = 3
force_push: msg_id = 1714544, remain = -61, size = 3
force_push: msg_id = 1714627, remain = -61, size = 3
force_push: msg_id = 1714708, remain = -61, size = 3
force_push: msg_id = 1714788, remain = -61, size = 3
force_push: msg_id = 1714871, remain = -61, size = 3
force_push: msg_id = 1714953, remain = -61, size = 3
force_push: msg_id = 1715034, remain = -61, size = 3
force_push: msg_id = 1715114, remain = -61, size = 3
force_push: msg_id = 1715197, remain = -61, size = 3
force_push: msg_id = 1715280, remain = -61, size = 3
force_push: msg_id = 1715362, remain = -61, size = 3
force_push: msg_id = 1715444, remain = -61, size = 3
force_push: msg_id = 1715526, remain = -61, size = 3
force_push: msg_id = 1715606, remain = -61, size = 3
force_push: msg_id = 1715687, remain = -61, size = 3
force_push: msg_id = 1715769, remain = -61, size = 3
force_push: msg_id = 1715853, remain = -61, size = 3
force_push: msg_id = 1715935, remain = -61, size = 3
force_push: msg_id = 1716017, remain = -61, size = 3
force_push: msg_id = 1716099, remain = -61, size = 3
force_push: msg_id = 1716180, remain = -61, size = 3
force_push: msg_id = 1716261, remain = -61, size = 3
force_push: msg_id = 1716343, remain = -61, size = 3
force_push: msg_id = 1716424, remain = -61, size = 3
force_push: msg_id = 1716507, remain = -61, size = 3
force_push: msg_id = 1716590, remain = -61, size = 3
force_push: msg_id = 1716671, remain = -61, size = 3
force_push: msg_id = 1716752, remain = -61, size = 3
force_push: msg_id = 1716833, remain = -61, size = 3
force_push: msg_id = 1716919, remain = -61, size = 3
force_push: msg_id = 1717000, remain = -61, size = 3
force_push: msg_id = 1717082, remain = -61, size = 3
force_push: msg_id = 1717164, remain = -61, size = 3
force_push: msg_id = 1717245, remain = -61, size = 3
force_push: msg_id = 1717324, remain = -61, size = 3
force_push: msg_id = 1717409, remain = -61, size = 3
force_push: msg_id = 1717491, remain = -61, size = 3
force_push: msg_id = 1717571, remain = -61, size = 3
force_push: msg_id = 1717654, remain = -61, size = 3
force_push: msg_id = 1717736, remain = -61, size = 3
force_push: msg_id = 1717817, remain = -61, size = 3
force_push: msg_id = 1717899, remain = -61, size = 3
force_push: msg_id = 1717979, remain = -61, size = 3
force_push: msg_id = 1718061, remain = -61, size = 3
force_push: msg_id = 1718146, remain = -61, size = 3
force_push: msg_id = 1718228, remain = -61, size = 3
force_push: msg_id = 1718308, remain = -61, size = 3
force_push: msg_id = 1718390, remain = -61, size = 3
force_push: msg_id = 1718472, remain = -61, size = 3
force_push: msg_id = 1718554, remain = -61, size = 3
force_push: msg_id = 1718636, remain = -61, size = 3
force_push: msg_id = 1718720, remain = -61, size = 3
force_push: msg_id = 1718801, remain = -61, size = 3
force_push: msg_id = 1718883, remain = -61, size = 3
force_push: msg_id = 1718964, remain = -61, size = 3
force_push: msg_id = 1719043, remain = -61, size = 3
force_push: msg_id = 1719124, remain = -61, size = 3
force_push: msg_id = 1719205, remain = -61, size = 3
force_push: msg_id = 1719287, remain = -61, size = 3
force_push: msg_id = 1719369, remain = -61, size = 3
force_push: msg_id = 1719451, remain = -61, size = 3
force_push: msg_id = 1719537, remain = -61, size = 3
force_push: msg_id = 1719617, remain = -61, size = 3
force_push: msg_id = 1719698, remain = -61, size = 3
force_push: msg_id = 1719780, remain = -61, size = 3
force_push: msg_id = 1719862, remain = -61, size = 3
force_push: msg_id = 1719943, remain = -61, size = 3
force_push: msg_id = 1720026, remain = -61, size = 3
force_push: msg_id = 1720107, remain = -61, size = 3
force_push: msg_id = 1720187, remain = -61, size = 3
force_push: msg_id = 1720270, remain = -61, size = 3
force_push: msg_id = 1720354, remain = -61, size = 3
force_push: msg_id = 1720437, remain = -61, size = 3
force_push: msg_id = 1720521, remain = -61, size = 3
force_push: msg_id = 1720604, remain = -61, size = 3
force_push: msg_id = 1720686, remain = -61, size = 3
force_push: msg_id = 1720766, remain = -61, size = 3
force_push: msg_id = 1720846, remain = -61, size = 3
force_push: msg_id = 1720931, remain = -61, size = 3
force_push: msg_id = 1721015, remain = -61, size = 3
force_push: msg_id = 1721096, remain = -61, size = 3
force_push: msg_id = 1721178, remain = -61, size = 3
force_push: msg_id = 1721259, remain = -61, size = 3
force_push: msg_id = 1721342, remain = -61, size = 3
force_push: msg_id = 1721423, remain = -61, size = 3
force_push: msg_id = 1721503, remain = -61, size = 3
force_push: msg_id = 1721584, remain = -61, size = 3
force_push: msg_id = 1721666, remain = -61, size = 3
force_push: msg_id = 1721749, remain = -61, size = 3
force_push: msg_id = 1721830, remain = -61, size = 3
force_push: msg_id = 1721910, remain = -61, size = 3
force_push: msg_id = 1721995, remain = -61, size = 3
force_push: msg_id = 1722078, remain = -61, size = 3
force_push: msg_id = 1722160, remain = -61, size = 3
force_push: msg_id = 1722242, remain = -61, size = 3
force_push: msg_id = 1722323, remain = -61, size = 3
force_push: msg_id = 1722405, remain = -61, size = 3
force_push: msg_id = 1722485, remain = -61, size = 3
force_push: msg_id = 1722568, remain = -61, size = 3
force_push: msg_id = 1722651, remain = -61, size = 3
force_push: msg_id = 1722732, remain = -61, size = 3
force_push: msg_id = 1722812, remain = -61, size = 3
force_push: msg_id = 1722894, remain = -61, size = 3
force_push: msg_id = 1722976, remain = -61, size = 3
force_push: msg_id = 1723061, remain = -61, size = 3
force_push: msg_id = 1723142, remain = -61, size = 3
force_push: msg_id = 1723225, remain = -61, size = 3
force_push: msg_id = 1723307, remain = -61, size = 3
force_push: msg_id = 1723388, remain = -61, size = 3
force_push: msg_id = 1723471, remain = -61, size = 3
force_push: msg_id = 1723550, remain = -61, size = 3
force_push: msg_id = 1723630, remain = -61, size = 3
force_push: msg_id = 1723714, remain = -61, size = 3
force_push: msg_id = 1723802, remain = -61, size = 3
force_push: msg_id = 1723883, remain = -61, size = 3
force_push: msg_id = 1723961, remain = -61, size = 3
force_push: msg_id = 1724044, remain = -61, size = 3
force_push: msg_id = 1724126, remain = -61, size = 3
force_push: msg_id = 1724209, remain = -61, size = 3
force_push: msg_id = 1724288, remain = -61, size = 3
force_push: msg_id = 1724369, remain = -61, size = 3
force_push: msg_id = 1724449, remain = -61, size = 3
force_push: msg_id = 1724531, remain = -61, size = 3
force_push: msg_id = 1724613, remain = -61, size = 3
force_push: msg_id = 1724696, remain = -61, size = 3
force_push: msg_id = 1724777, remain = -61, size = 3
force_push: msg_id = 1724859, remain = -61, size = 3
force_push: msg_id = 1724942, remain = -61, size = 3
force_push: msg_id = 1725022, remain = -61, size = 3
force_push: msg_id = 1725106, remain = -61, size = 3
force_push: msg_id = 1725187, remain = -61, size = 3
force_push: msg_id = 1725269, remain = -61, size = 3
force_push: msg_id = 1725350, remain = -61, size = 3
force_push: msg_id = 1725433, remain = -61, size = 3
force_push: msg_id = 1725514, remain = -61, size = 3
force_push: msg_id = 1725594, remain = -61, size = 3
force_push: msg_id = 1725675, remain = -61, size = 3
force_push: msg_id = 1725759, remain = -61, size = 3
force_push: msg_id = 1725841, remain = -61, size = 3
force_push: msg_id = 1725920, remain = -61, size = 3
force_push: msg_id = 1726001, remain = -61, size = 3
force_push: msg_id = 1726084, remain = -61, size = 3
force_push: msg_id = 1726166, remain = -61, size = 3
force_push: msg_id = 1726248, remain = -61, size = 3
force_push: msg_id = 1726328, remain = -61, size = 3
force_push: msg_id = 1726409, remain = -61, size = 3
force_push: msg_id = 1726490, remain = -61, size = 3
force_push: msg_id = 1726573, remain = -61, size = 3
force_push: msg_id = 1726654, remain = -61, size = 3
force_push: msg_id = 1726736, remain = -61, size = 3
force_push: msg_id = 1726816, remain = -61, size = 3
force_push: msg_id = 1726903, remain = -61, size = 3
force_push: msg_id = 1726983, remain = -61, size = 3
force_push: msg_id = 1727065, remain = -61, size = 3
force_push: msg_id = 1727148, remain = -61, size = 3
force_push: msg_id = 1727229, remain 