Read file config.yml
Running executor...
Loaded function exp00_front. lib_load_elasped: 195, func_load_elasped: 3
Loaded function exp00_back. lib_load_elasped: 139, func_load_elasped: 1
force_push: msg_id = 1689973, remain = -61, size = 3
force_push: msg_id = 1690004, remain = -61, size = 3
force_push: msg_id = 1690086, remain = -61, size = 3
force_push: msg_id = 1690178, remain = -61, size = 3
force_push: msg_id = 1690268, remain = -61, size = 3
force_push: msg_id = 1690365, remain = -61, size = 3
force_push: msg_id = 1690441, remain = -61, size = 3
force_push: msg_id = 1690520, remain = -61, size = 3
force_push: msg_id = 1690608, remain = -61, size = 3
force_push: msg_id = 1690686, remain = -61, size = 3
force_push: msg_id = 1690769, remain = -61, size = 3
force_push: msg_id = 1690851, remain = -61, size = 3
force_push: msg_id = 1690934, remain = -61, size = 3
force_push: msg_id = 1691012, remain = -61, size = 3
force_push: msg_id = 1691094, remain = -61, size = 3
force_push: msg_id = 1691173, remain = -61, size = 3
force_push: msg_id = 1691251, remain = -61, size = 3
force_push: msg_id = 1691332, remain = -61, size = 3
force_push: msg_id = 1691413, remain = -61, size = 3
force_push: msg_id = 1691492, remain = -61, size = 3
force_push: msg_id = 1691571, remain = -61, size = 3
force_push: msg_id = 1691652, remain = -61, size = 3
force_push: msg_id = 1691729, remain = -61, size = 3
force_push: msg_id = 1691807, remain = -61, size = 3
force_push: msg_id = 1691889, remain = -61, size = 3
force_push: msg_id = 1691965, remain = -61, size = 3
force_push: msg_id = 1692048, remain = -61, size = 3
force_push: msg_id = 1692123, remain = -61, size = 3
force_push: msg_id = 1692207, remain = -61, size = 3
force_push: msg_id = 1692284, remain = -61, size = 3
force_push: msg_id = 1692363, remain = -61, size = 3
force_push: msg_id = 1692447, remain = -61, size = 3
force_push: msg_id = 1692527, remain = -61, size = 3
force_push: msg_id = 1692609, remain = -61, size = 3
force_push: msg_id = 1692694, remain = -61, size = 3
force_push: msg_id = 1692780, remain = -61, size = 3
force_push: msg_id = 1692859, remain = -61, size = 3
force_push: msg_id = 1692940, remain = -61, size = 3
force_push: msg_id = 1693024, remain = -61, size = 3
force_push: msg_id = 1693108, remain = -61, size = 3
force_push: msg_id = 1693189, remain = -61, size = 3
force_push: msg_id = 1693275, remain = -61, size = 3
force_push: msg_id = 1693354, remain = -61, size = 3
force_push: msg_id = 1693433, remain = -61, size = 3
force_push: msg_id = 1693514, remain = -61, size = 3
force_push: msg_id = 1693596, remain = -61, size = 3
force_push: msg_id = 1693676, remain = -61, size = 3
force_push: msg_id = 1693756, remain = -61, size = 3
force_push: msg_id = 1693838, remain = -61, size = 3
force_push: msg_id = 1693919, remain = -61, size = 3
force_push: msg_id = 1694000, remain = -61, size = 3
force_push: msg_id = 1694081, remain = -61, size = 3
force_push: msg_id = 1694157, remain = -61, size = 3
force_push: msg_id = 1694231, remain = -61, size = 3
force_push: msg_id = 1694304, remain = -61, size = 3
force_push: msg_id = 1694380, remain = -61, size = 3
force_push: msg_id = 1694461, remain = -61, size = 3
force_push: msg_id = 1694540, remain = -61, size = 3
force_push: msg_id = 1694619, remain = -61, size = 3
force_push: msg_id = 1694699, remain = -61, size = 3
force_push: msg_id = 1694779, remain = -61, size = 3
force_push: msg_id = 1694859, remain = -61, size = 3
force_push: msg_id = 1694939, remain = -61, size = 3
force_push: msg_id = 1695018, remain = -61, size = 3
force_push: msg_id = 1695098, remain = -61, size = 3
force_push: msg_id = 1695177, remain = -61, size = 3
force_push: msg_id = 1695257, remain = -61, size = 3
force_push: msg_id = 1695337, remain = -61, size = 3
force_push: msg_id = 1695418, remain = -61, size = 3
force_push: msg_id = 1695499, remain = -61, size = 3
force_push: msg_id = 1695579, remain = -61, size = 3
force_push: msg_id = 1695659, remain = -61, size = 3
force_push: msg_id = 1695739, remain = -61, size = 3
force_push: msg_id = 1695820, remain = -61, size = 3
force_push: msg_id = 1695900, remain = -61, size = 3
force_push: msg_id = 1695980, remain = -61, size = 3
force_push: msg_id = 1696062, remain = -61, size = 3
force_push: msg_id = 1696143, remain = -61, size = 3
force_push: msg_id = 1696223, remain = -61, size = 3
force_push: msg_id = 1696303, remain = -61, size = 3
force_push: msg_id = 1696386, remain = -61, size = 3
force_push: msg_id = 1696466, remain = -61, size = 3
force_push: msg_id = 1696546, remain = -61, size = 3
force_push: msg_id = 1696627, remain = -61, size = 3
force_push: msg_id = 1696708, remain = -61, size = 3
force_push: msg_id = 1696788, remain = -61, size = 3
force_push: msg_id = 1696870, remain = -61, size = 3
force_push: msg_id = 1696953, remain = -61, size = 3
force_push: msg_id = 1697033, remain = -61, size = 3
force_push: msg_id = 1697113, remain = -61, size = 3
force_push: msg_id = 1697198, remain = -61, size = 3
force_push: msg_id = 1697280, remain = -61, size = 3
force_push: msg_id = 1697360, remain = -61, size = 3
force_push: msg_id = 1697441, remain = -61, size = 3
force_push: msg_id = 1697521, remain = -61, size = 3
force_push: msg_id = 1697601, remain = -61, size = 3
force_push: msg_id = 1697679, remain = -61, size = 3
force_push: msg_id = 1697759, remain = -61, size = 3
force_push: msg_id = 1697839, remain = -61, size = 3
force_push: msg_id = 1697919, remain = -61, size = 3
force_push: msg_id = 1697998, remain = -61, size = 3
force_push: msg_id = 1698077, remain = -61, size = 3
force_push: msg_id = 1698156, remain = -61, size = 3
force_push: msg_id = 1698234, remain = -61, size = 3
force_push: msg_id = 1698312, remain = -61, size = 3
force_push: msg_id = 1698392, remain = -61, size = 3
force_push: msg_id = 1698472, remain = -61, size = 3
force_push: msg_id = 1698550, remain = -61, size = 3
force_push: msg_id = 1698630, remain = -61, size = 3
force_push: msg_id = 1698708, remain = -61, size = 3
force_push: msg_id = 1698788, remain = -61, size = 3
force_push: msg_id = 1698866, remain = -61, size = 3
force_push: msg_id = 1698942, remain = -61, size = 3
force_push: msg_id = 1699017, remain = -61, size = 3
force_push: msg_id = 1699095, remain = -61, size = 3
force_push: msg_id = 1699172, remain = -61, size = 3
force_push: msg_id = 1699251, remain = -61, size = 3
force_push: msg_id = 1699329, remain = -61, size = 3
force_push: msg_id = 1699407, remain = -61, size = 3
force_push: msg_id = 1699487, remain = -61, size = 3
force_push: msg_id = 1699567, remain = -61, size = 3
force_push: msg_id = 1699647, remain = -61, size = 3
force_push: msg_id = 1699727, remain = -61, size = 3
force_push: msg_id = 1699807, remain = -61, size = 3
force_push: msg_id = 1699887, remain = -61, size = 3
force_push: msg_id = 1699967, remain = -61, size = 3
force_push: msg_id = 1700046, remain = -61, size = 3
force_push: msg_id = 1700126, remain = -61, size = 3
force_push: msg_id = 1700206, remain = -61, size = 3
force_push: msg_id = 1700287, remain = -61, size = 3
force_push: msg_id = 1700367, remain = -61, size = 3
force_push: msg_id = 1700447, remain = -61, size = 3
force_push: msg_id = 1700527, remain = -61, size = 3
force_push: msg_id = 1700607, remain = -61, size = 3
force_push: msg_id = 1700687, remain = -61, size = 3
force_push: msg_id = 1700766, remain = -61, size = 3
force_push: msg_id = 1700846, remain = -61, size = 3
force_push: msg_id = 1700926, remain = -61, size = 3
force_push: msg_id = 1701006, remain = -61, size = 3
force_push: msg_id = 1701086, remain = -61, size = 3
force_push: msg_id = 1701166, remain = -61, size = 3
force_push: msg_id = 1701246, remain = -61, size = 3
force_push: msg_id = 1701327, remain = -61, size = 3
force_push: msg_id = 1701406, remain = -61, size = 3
force_push: msg_id = 1701485, remain = -61, size = 3
force_push: msg_id = 1701566, remain = -61, size = 3
force_push: msg_id = 1701647, remain = -61, size = 3
force_push: msg_id = 1701723, remain = -61, size = 3
force_push: msg_id = 1701799, remain = -61, size = 3
force_push: msg_id = 1701877, remain = -61, size = 3
force_push: msg_id = 1701957, remain = -61, size = 3
force_push: msg_id = 1702037, remain = -61, size = 3
force_push: msg_id = 1702115, remain = -61, size = 3
force_push: msg_id = 1702195, remain = -61, size = 3
force_push: msg_id = 1702275, remain = -61, size = 3
force_push: msg_id = 1702355, remain = -61, size = 3
force_push: msg_id = 1702435, remain = -61, size = 3
force_push: msg_id = 1702515, remain = -61, size = 3
force_push: msg_id = 1702593, remain = -61, size = 3
force_push: msg_id = 1702672, remain = -61, size = 3
force_push: msg_id = 1702752, remain = -61, size = 3
force_push: msg_id = 1702831, remain = -61, size = 3
force_push: msg_id = 1702911, remain = -61, size = 3
force_push: msg_id = 1702991, remain = -61, size = 3
force_push: msg_id = 1703071, remain = -61, size = 3
force_push: msg_id = 1703151, remain = -61, size = 3
force_push: msg_id = 1703231, remain = -61, size = 3
force_push: msg_id = 1703311, remain = -61, size = 3
force_push: msg_id = 1703391, remain = -61, size = 3
force_push: msg_id = 1703466, remain = -61, size = 3
force_push: msg_id = 1703546, remain = -61, size = 3
force_push: msg_id = 1703627, remain = -61, size = 3
force_push: msg_id = 1703707, remain = -61, size = 3
force_push: msg_id = 1703786, remain = -61, size = 3
force_push: msg_id = 1703866, remain = -61, size = 3
force_push: msg_id = 1703945, remain = -61, size = 3
force_push: msg_id = 1704025, remain = -61, size = 3
force_push: msg_id = 1704106, remain = -61, size = 3
force_push: msg_id = 1704185, remain = -61, size = 3
force_push: msg_id = 1704265, remain = -61, size = 3
force_push: msg_id = 1704343, remain = -61, size = 3
force_push: msg_id = 1704423, remain = -61, size = 3
force_push: msg_id = 1704499, remain = -61, size = 3
force_push: msg_id = 1704581, remain = -61, size = 3
force_push: msg_id = 1704661, remain = -61, size = 3
force_push: msg_id = 1704740, remain = -61, size = 3
force_push: msg_id = 1704818, remain = -61, size = 3
force_push: msg_id = 1704898, remain = -61, size = 3
force_push: msg_id = 1704978, remain = -61, size = 3
force_push: msg_id = 1705058, remain = -61, size = 3
force_push: msg_id = 1705138, remain = -61, size = 3
force_push: msg_id = 1705218, remain = -61, size = 3
force_push: msg_id = 1705299, remain = -61, size = 3
force_push: msg_id = 1705379, remain = -61, size = 3
force_push: msg_id = 1705460, remain = -61, size = 3
force_push: msg_id = 1705540, remain = -61, size = 3
force_push: msg_id = 1705620, remain = -61, size = 3
force_push: msg_id = 1705699, remain = -61, size = 3
force_push: msg_id = 1705779, remain = -61, size = 3
force_push: msg_id = 1705857, remain = -61, size = 3
force_push: msg_id = 1705937, remain = -61, size = 3
force_push: msg_id = 1706016, remain = -61, size = 3
force_push: msg_id = 1706096, remain = -61, size = 3
force_push: msg_id = 1706177, remain = -61, size = 3
force_push: msg_id = 1706257, remain = -61, size = 3
force_push: msg_id = 1706335, remain = -61, size = 3
force_push: msg_id = 1706415, remain = -61, size = 3
force_push: msg_id = 1706495, remain = -61, size = 3
force_push: msg_id = 1706576, remain = -61, size = 3
force_push: msg_id = 1706656, remain = -61, size = 3
force_push: msg_id = 1706736, remain = -61, size = 3
force_push: msg_id = 1706815, remain = -61, size = 3
force_push: msg_id = 1706895, remain = -61, size = 3
force_push: msg_id = 1706975, remain = -61, size = 3
force_push: msg_id = 1707054, remain = -61, size = 3
force_push: msg_id = 1707134, remain = -61, size = 3
force_push: msg_id = 1707214, remain = -61, size = 3
force_push: msg_id = 1707290, remain = -61, size = 3
force_push: msg_id = 1707370, remain = -61, size = 3
force_push: msg_id = 1707450, remain = -61, size = 3
force_push: msg_id = 1707531, remain = -61, size = 3
force_push: msg_id = 1707610, remain = -61, size = 3
force_push: msg_id = 1707687, remain = -61, size = 3
force_push: msg_id = 1707767, remain = -61, size = 3
force_push: msg_id = 1707846, remain = -61, size = 3
force_push: msg_id = 1707926, remain = -61, size = 3
force_push: msg_id = 1708006, remain = -61, size = 3
force_push: msg_id = 1708086, remain = -61, size = 3
force_push: msg_id = 1708167, remain = -61, size = 3
force_push: msg_id = 1708247, remain = -61, size = 3
force_push: msg_id = 1708327, remain = -61, size = 3
force_push: msg_id = 1708405, remain = -61, size = 3
force_push: msg_id = 1708485, remain = -61, size = 3
force_push: msg_id = 1708565, remain = -61, size = 3
force_push: msg_id = 1708645, remain = -61, size = 3
force_push: msg_id = 1708725, remain = -61, size = 3
force_push: msg_id = 1708805, remain = -61, size = 3
force_push: msg_id = 1708883, remain = -61, size = 3
force_push: msg_id = 1708964, remain = -61, size = 3
force_push: msg_id = 1709044, remain = -61, size = 3
force_push: msg_id = 1709124, remain = -61, size = 3
force_push: msg_id = 1709204, remain = -61, size = 3
force_push: msg_id = 1709284, remain = -61, size = 3
force_push: msg_id = 1709364, remain = -61, size = 3
force_push: msg_id = 1709444, remain = -61, size = 3
force_push: msg_id = 1709524, remain = -61, size = 3
force_push: msg_id = 1709604, remain = -61, size = 3
force_push: msg_id = 1709684, remain = -61, size = 3
force_push: msg_id = 1709765, remain = -61, size = 3
force_push: msg_id = 1709845, remain = -61, size = 3
force_push: msg_id = 1709923, remain = -61, size = 3
force_push: msg_id = 1710001, remain = -61, size = 3
force_push: msg_id = 1710081, remain = -61, size = 3
force_push: msg_id = 1710159, remain = -61, size = 3
force_push: msg_id = 1710239, remain = -61, size = 3
force_push: msg_id = 1710318, remain = -61, size = 3
force_push: msg_id = 1710397, remain = -61, size = 3
force_push: msg_id = 1710477, remain = -61, size = 3
force_push: msg_id = 1710555, remain = -61, size = 3
force_push: msg_id = 1710633, remain = -61, size = 3
force_push: msg_id = 1710713, remain = -61, size = 3
force_push: msg_id = 1710792, remain = -61, size = 3
force_push: msg_id = 1710872, remain = -61, size = 3
force_push: msg_id = 1710952, remain = -61, size = 3
force_push: msg_id = 1711032, remain = -61, size = 3
force_push: msg_id = 1711113, remain = -61, size = 3
force_push: msg_id = 1711193, remain = -61, size = 3
force_push: msg_id = 1711273, remain = -61, size = 3
force_push: msg_id = 1711353, remain = -61, size = 3
force_push: msg_id = 1711434, remain = -61, size = 3
force_push: msg_id = 1711514, remain = -61, size = 3
force_push: msg_id = 1711592, remain = -61, size = 3
force_push: msg_id = 1711672, remain = -61, size = 3
force_push: msg_id = 1711752, remain = -61, size = 3
force_push: msg_id = 1711832, remain = -61, size = 3
force_push: msg_id = 1711912, remain = -61, size = 3
force_push: msg_id = 1711992, remain = -61, size = 3
force_push: msg_id = 1712072, remain = -61, size = 3
force_push: msg_id = 1712152, remain = -61, size = 3
force_push: msg_id = 1712232, remain = -61, size = 3
force_push: msg_id = 1712312, remain = -61, size = 3
force_push: msg_id = 1712392, remain = -61, size = 3
force_push: msg_id = 1712472, remain = -61, size = 3
force_push: msg_id = 1712553, remain = -61, size = 3
force_push: msg_id = 1712633, remain = -61, size = 3
force_push: msg_id = 1712713, remain = -61, size = 3
force_push: msg_id = 1712792, remain = -61, size = 3
force_push: msg_id = 1712871, remain = -61, size = 3
force_push: msg_id = 1712951, remain = -61, size = 3
force_push: msg_id = 1713030, remain = -61, size = 3
force_push: msg_id = 1713109, remain = -61, size = 3
force_push: msg_id = 1713188, remain = -61, size = 3
force_push: msg_id = 1713268, remain = -61, size = 3
force_push: msg_id = 1713346, remain = -61, size = 3
force_push: msg_id = 1713426, remain = -61, size = 3
force_push: msg_id = 1713504, remain = -61, size = 3
force_push: msg_id = 1713584, remain = -61, size = 3
force_push: msg_id = 1713663, remain = -61, size = 3
force_push: msg_id = 1713742, remain = -61, size = 3
force_push: msg_id = 1713823, remain = -61, size = 3
force_push: msg_id = 1713903, remain = -61, size = 3
force_push: msg_id = 1713983, remain = -61, size = 3
force_push: msg_id = 1714063, remain = -61, size = 3
force_push: msg_id = 1714143, remain = -61, size = 3
force_push: msg_id = 1714224, remain = -61, size = 3
force_push: msg_id = 1714304, remain = -61, size = 3
force_push: msg_id = 1714384, remain = -61, size = 3
force_push: msg_id = 1714464, remain = -61, size = 3
force_push: msg_id = 1714542, remain = -61, size = 3
force_push: msg_id = 1714622, remain = -61, size = 3
force_push: msg_id = 1714701, remain = -61, size = 3
force_push: msg_id = 1714780, remain = -61, size = 3
force_push: msg_id = 1714860, remain = -61, size = 3
force_push: msg_id = 1714940, remain = -61, size = 3
force_push: msg_id = 1715020, remain = -61, size = 3
force_push: msg_id = 1715100, remain = -61, size = 3
force_push: msg_id = 1715180, remain = -61, size = 3
force_push: msg_id = 1715260, remain = -61, size = 3
force_push: msg_id = 1715340, remain = -61, size = 3
force_push: msg_id = 1715420, remain = -61, size = 3
force_push: msg_id = 1715500, remain = -61, size = 3
force_push: msg_id = 1715580, remain = -61, size = 3
force_push: msg_id = 1715659, remain = -61, size = 3
force_push: msg_id = 1715738, remain = -61, size = 3
force_push: msg_id = 1715818, remain = -61, size = 3
force_push: msg_id = 1715898, remain = -61, size = 3
force_push: msg_id = 1715976, remain = -61, size = 3
force_push: msg_id = 1716056, remain = -61, size = 3
force_push: msg_id = 1716136, remain = -61, size = 3
force_push: msg_id = 1716216, remain = -61, size = 3
force_push: msg_id = 1716294, remain = -61, size = 3
force_push: msg_id = 1716372, remain = -61, size = 3
force_push: msg_id = 1716452, remain = -61, size = 3
force_push: msg_id = 1716530, remain = -61, size = 3
force_push: msg_id = 1716608, remain = -61, size = 3
force_push: msg_id = 1716688, remain = -61, size = 3
force_push: msg_id = 1716768, remain = -61, size = 3
force_push: msg_id = 1716848, remain = -61, size = 3
force_push: msg_id = 1716928, remain = -61, size = 3
force_push: msg_id = 1717008, remain = -61, size = 3
force_push: msg_id = 1717088, remain = -61, size = 3
force_push: msg_id = 1717166, remain = -61, size = 3
force_push: msg_id = 1717246, remain = -61, size = 3
force_push: msg_id = 1717326, remain = -61, size = 3
force_push: msg_id = 1717404, remain = -61, size = 3
force_push: msg_id = 1717484, remain = -61, size = 3
force_push: msg_id = 1717564, remain = -61, size = 3
force_push: msg_id = 1717644, remain = -61, size = 3
force_push: msg_id = 1717724, remain = -61, size = 3
force_push: msg_id = 1717804, remain = -61, size = 3
force_push: msg_id = 1717884, remain = -61, size = 3
force_push: msg_id = 1717964, remain = -61, size = 3
force_push: msg_id = 1718044, remain = -61, size = 3
force_push: msg_id = 1718122, remain = -61, size = 3
force_push: msg_id = 1718202, remain = -61, size = 3
force_push: msg_id = 1718282, remain = -61, size = 3
force_push: msg_id = 1718362, remain = -61, size = 3
force_push: msg_id = 1718443, remain = -61, size = 3
force_push: msg_id = 1718523, remain = -61, size = 3
force_push: msg_id = 1718603, remain = -61, size = 3
force_push: msg_id = 1718683, remain = -61, size = 3
force_push: msg_id = 1718761, remain = -61, size = 3
force_push: msg_id = 1718841, remain = -61, size = 3
force_push: msg_id = 1718921, remain = -61, size = 3
force_push: msg_id = 1719001, remain = -61, size = 3
force_push: msg_id = 1719079, remain = -61, size = 3
force_push: msg_id = 1719160, remain = -61, size = 3
force_push: msg_id = 1719238, remain = -61, size = 3
force_push: msg_id = 1719318, remain = -61, size = 3
force_push: msg_id = 1719397, remain = -61, size = 3
force_push: msg_id = 1719473, remain = -61, size = 3
force_push: msg_id = 1719553, remain = -61, size = 3
force_push: msg_id = 1719633, remain = -61, size = 3
force_push: msg_id = 1719713, remain = -61, size = 3
force_push: msg_id = 1719793, remain = -61, size = 3
force_push: msg_id = 1719874, remain = -61, size = 3
force_push: msg_id = 1719954, remain = -61, size = 3
force_push: msg_id = 1720034, remain = -61, size = 3
force_push: msg_id = 1720112, remain = -61, size = 3
force_push: msg_id = 1720192, remain = -61, size = 3
force_push: msg_id = 1720272, remain = -61, size = 3
force_push: msg_id = 1720351, remain = -61, size = 3
force_push: msg_id = 1720431, remain = -61, size = 3
force_push: msg_id = 1720511, remain = -61, size = 3
force_push: msg_id = 1720591, remain = -61, size = 3
force_push: msg_id = 1720671, remain = -61, size = 3
force_push: msg_id = 1720752, remain = -61, size = 3
force_push: msg_id = 1720833, remain = -61, size = 3
force_push: msg_id = 1720914, remain = -61, size = 3
force_push: msg_id = 1720994, remain = -61, size = 3
force_push: msg_id = 1721074, remain = -61, size = 3
force_push: msg_id = 1721154, remain = -61, size = 3
force_push: msg_id = 1721234, remain = -61, size = 3
force_push: msg_id = 1721314, remain = -61, size = 3
force_push: msg_id = 1721394, remain = -61, size = 3
force_push: msg_id = 1721474, remain = -61, size = 3
force_push: msg_id = 1721554, remain = -61, size = 3
force_push: msg_id = 1721634, remain = -61, size = 3
force_push: msg_id = 1721714, remain = -61, size = 3
force_push: msg_id = 1721794, remain = -61, size = 3
force_push: msg_id = 1721875, remain = -61, size = 3
force_push: msg_id = 1721955, remain = -61, size = 3
force_push: msg_id = 1722035, remain = -61, size = 3
force_push: msg_id = 1722113, remain = -61, size = 3
force_push: msg_id = 1722191, remain = -61, size = 3
force_push: msg_id = 1722271, remain = -61, size = 3
force_push: msg_id = 1722349, remain = -61, size = 3
force_push: msg_id = 1722426, remain = -61, size = 3
force_push: msg_id = 1722505, remain = -61, size = 3
force_push: msg_id = 1722585, remain = -61, size = 3
force_push: msg_id = 1722666, remain = -61, size = 3
force_push: msg_id = 1722746, remain = -61, size = 3
force_push: msg_id = 1722826, remain = -61, size = 3
force_push: msg_id = 1722904, remain = -61, size = 3
force_push: msg_id = 1722982, remain = -61, size = 3
force_push: msg_id = 1723062, remain = -61, size = 3
force_push: msg_id = 1723140, remain = -61, size = 3
force_push: msg_id = 1723220, remain = -61, size = 3
force_push: msg_id = 1723300, remain = -61, size = 3
force_push: msg_id = 1723380, remain = -61, size = 3
force_push: msg_id = 1723460, remain = -61, size = 3
force_push: msg_id = 1723540, remain = -61, size = 3
force_push: msg_id = 1723620, remain = -61, size = 3
force_push: msg_id = 1723701, remain = -61, size = 3
force_push: msg_id = 1723781, remain = -61, size = 3
force_push: msg_id = 1723861, remain = -61, size = 3
force_push: msg_id = 1723941, remain = -61, size = 3
force_push: msg_id = 1724021, remain = -61, size = 3
force_push: msg_id = 1724101, remain = -61, size = 3
force_push: msg_id = 1724181, remain = -61, size = 3
force_push: msg_id = 1724262, remain = -61, size = 3
force_push: msg_id = 1724342, remain = -61, size = 3
force_push: msg_id = 1724422, remain = -61, size = 3
force_push: msg_id = 1724502, remain = -61, size = 3
force_push: msg_id = 1724582, remain = -61, size = 3
force_push: msg_id = 1724662, remain = -61, size = 3
force_push: msg_id = 1724740, remain = -61, size = 3
force_push: msg_id = 1724820, remain = -61, size = 3
force_push: msg_id = 1724900, remain = -61, size = 3
force_push: msg_id = 1724980, remain = -61, size = 3
force_push: msg_id = 1725058, remain = -61, size = 3
force_push: msg_id = 1725138, remain = -61, size = 3
force_push: msg_id = 1725216, remain = -61, size = 3
force_push: msg_id = 1725292, remain = -61, size = 3
force_push: msg_id = 1725372, remain = -61, size = 3
force_push: msg_id = 1725452, remain = -61, size = 3
force_push: msg_id = 1725532, remain = -61, size = 3
force_push: msg_id = 1725610, remain = -61, size = 3
force_push: msg_id = 1725689, remain = -61, size = 3
force_push: msg_id = 1725768, remain = -61, size = 3
force_push: msg_id = 1725848, remain = -61, size = 3
force_push: msg_id = 1725926, remain = -61, size = 3
force_push: msg_id = 1726006, remain = -61, size = 3
force_push: msg_id = 1726086, remain = -61, size = 3
force_push: msg_id = 1726164, remain = -61, size = 3
force_push: msg_id = 1726244, remain = -61, size = 3
force_push: msg_id = 1726324, remain = -61, size = 3
force_push: msg_id = 1726404, remain = -61, size = 3
force_push: msg_id = 1726484, remain = -61, size = 3
force_push: msg_id = 1726564, remain = -61, size = 3
force_push: msg_id = 1726644, remain = -61, size = 3
force_push: msg_id = 1726724, remain = -61, size = 3
force_push: msg_id = 1726804, remain = -61, size = 3
force_push: msg_id = 1726884, remain 