Read file config.yml
Running executor...
Loaded function exp00_front. lib_load_elasped: 167, func_load_elasped: 2
Loaded function exp00_back. lib_load_elasped: 177, func_load_elasped: 1
force_push: msg_id = 1689946, remain = 534, size = 64
Send to executer failed.force_push: msg_id = 1690052, remain = -61, size = 3
force_push: msg_id = 1690132, remain = -61, size = 3
force_push: msg_id = 1690212, remain = -61, size = 3
force_push: msg_id = 1690294, remain = -61, size = 3
force_push: msg_id = 1690362, remain = -61, size = 3
force_push: msg_id = 1690453, remain = -61, size = 3
force_push: msg_id = 1690533, remain = -61, size = 3
force_push: msg_id = 1690612, remain = -61, size = 3
force_push: msg_id = 1690681, remain = -61, size = 3
force_push: msg_id = 1690732, remain = -61, size = 3
force_push: msg_id = 1690806, remain = -61, size = 3
force_push: msg_id = 1690881, remain = -61, size = 3
force_push: msg_id = 1690961, remain = -61, size = 3
force_push: msg_id = 1691040, remain = -61, size = 3
force_push: msg_id = 1691119, remain = -61, size = 3
force_push: msg_id = 1691199, remain = -61, size = 3
force_push: msg_id = 1691279, remain = -61, size = 3
force_push: msg_id = 1691359, remain = -61, size = 3
force_push: msg_id = 1691439, remain = -61, size = 3
force_push: msg_id = 1691519, remain = -61, size = 3
force_push: msg_id = 1691599, remain = -61, size = 3
force_push: msg_id = 1691679, remain = -61, size = 3
force_push: msg_id = 1691759, remain = -61, size = 3
force_push: msg_id = 1691839, remain = -61, size = 3
force_push: msg_id = 1691919, remain = -61, size = 3
force_push: msg_id = 1691999, remain = -61, size = 3
force_push: msg_id = 1692079, remain = -61, size = 3
force_push: msg_id = 1692159, remain = -61, size = 3
force_push: msg_id = 1692239, remain = -61, size = 3
force_push: msg_id = 1692320, remain = -61, size = 3
force_push: msg_id = 1692400, remain = -61, size = 3
force_push: msg_id = 1692480, remain = -61, size = 3
force_push: msg_id = 1692560, remain = -61, size = 3
force_push: msg_id = 1692640, remain = -61, size = 3
force_push: msg_id = 1692720, remain = -61, size = 3
force_push: msg_id = 1692800, remain = -61, size = 3
force_push: msg_id = 1692880, remain = -61, size = 3
force_push: msg_id = 1692960, remain = -61, size = 3
force_push: msg_id = 1693041, remain = -61, size = 3
force_push: msg_id = 1693121, remain = -61, size = 3
force_push: msg_id = 1693199, remain = -61, size = 3
force_push: msg_id = 1693279, remain = -61, size = 3
force_push: msg_id = 1693355, remain = -61, size = 3
force_push: msg_id = 1693431, remain = -61, size = 3
force_push: msg_id = 1693506, remain = -61, size = 3
force_push: msg_id = 1693578, remain = -61, size = 3
force_push: msg_id = 1693654, remain = -61, size = 3
force_push: msg_id = 1693732, remain = -61, size = 3
force_push: msg_id = 1693812, remain = -61, size = 3
force_push: msg_id = 1693890, remain = -61, size = 3
force_push: msg_id = 1693967, remain = -61, size = 3
force_push: msg_id = 1694043, remain = -61, size = 3
force_push: msg_id = 1694120, remain = -61, size = 3
force_push: msg_id = 1694201, remain = -61, size = 3
force_push: msg_id = 1694281, remain = -61, size = 3
force_push: msg_id = 1694361, remain = -61, size = 3
force_push: msg_id = 1694439, remain = -61, size = 3
force_push: msg_id = 1694519, remain = -61, size = 3
force_push: msg_id = 1694599, remain = -61, size = 3
force_push: msg_id = 1694679, remain = -61, size = 3
force_push: msg_id = 1694759, remain = -61, size = 3
force_push: msg_id = 1694839, remain = -61, size = 3
force_push: msg_id = 1694917, remain = -61, size = 3
force_push: msg_id = 1694997, remain = -61, size = 3
force_push: msg_id = 1695077, remain = -61, size = 3
force_push: msg_id = 1695157, remain = -61, size = 3
force_push: msg_id = 1695237, remain = -61, size = 3
force_push: msg_id = 1695317, remain = -61, size = 3
force_push: msg_id = 1695397, remain = -61, size = 3
force_push: msg_id = 1695477, remain = -61, size = 3
force_push: msg_id = 1695557, remain = -61, size = 3
force_push: msg_id = 1695636, remain = -61, size = 3
force_push: msg_id = 1695716, remain = -61, size = 3
force_push: msg_id = 1695796, remain = -61, size = 3
force_push: msg_id = 1695876, remain = -61, size = 3
force_push: msg_id = 1695957, remain = -61, size = 3
force_push: msg_id = 1696037, remain = -61, size = 3
force_push: msg_id = 1696116, remain = -61, size = 3
force_push: msg_id = 1696196, remain = -61, size = 3
force_push: msg_id = 1696276, remain = -61, size = 3
force_push: msg_id = 1696352, remain = -61, size = 3
force_push: msg_id = 1696430, remain = -61, size = 3
force_push: msg_id = 1696508, remain = -61, size = 3
force_push: msg_id = 1696582, remain = -61, size = 3
force_push: msg_id = 1696662, remain = -61, size = 3
force_push: msg_id = 1696740, remain = -61, size = 3
force_push: msg_id = 1696818, remain = -61, size = 3
force_push: msg_id = 1696894, remain = -61, size = 3
force_push: msg_id = 1696972, remain = -61, size = 3
force_push: msg_id = 1697050, remain = -61, size = 3
force_push: msg_id = 1697130, remain = -61, size = 3
force_push: msg_id = 1697209, remain = -61, size = 3
force_push: msg_id = 1697289, remain = -61, size = 3
force_push: msg_id = 1697369, remain = -61, size = 3
force_push: msg_id = 1697449, remain = -61, size = 3
force_push: msg_id = 1697529, remain = -61, size = 3
force_push: msg_id = 1697609, remain = -61, size = 3
force_push: msg_id = 1697689, remain = -61, size = 3
force_push: msg_id = 1697769, remain = -61, size = 3
force_push: msg_id = 1697849, remain = -61, size = 3
force_push: msg_id = 1697929, remain = -61, size = 3
force_push: msg_id = 1698009, remain = -61, size = 3
force_push: msg_id = 1698089, remain = -61, size = 3
force_push: msg_id = 1698168, remain = -61, size = 3
force_push: msg_id = 1698249, remain = -61, size = 3
force_push: msg_id = 1698329, remain = -61, size = 3
force_push: msg_id = 1698409, remain = -61, size = 3
force_push: msg_id = 1698487, remain = -61, size = 3
force_push: msg_id = 1698565, remain = -61, size = 3
force_push: msg_id = 1698644, remain = -61, size = 3
force_push: msg_id = 1698724, remain = -61, size = 3
force_push: msg_id = 1698804, remain = -61, size = 3
force_push: msg_id = 1698884, remain = -61, size = 3
force_push: msg_id = 1698964, remain = -61, size = 3
force_push: msg_id = 1699045, remain = -61, size = 3
force_push: msg_id = 1699125, remain = -61, size = 3
force_push: msg_id = 1699205, remain = -61, size = 3
force_push: msg_id = 1699283, remain = -61, size = 3
force_push: msg_id = 1699363, remain = -61, size = 3
force_push: msg_id = 1699440, remain = -61, size = 3
force_push: msg_id = 1699519, remain = -61, size = 3
force_push: msg_id = 1699596, remain = -61, size = 3
force_push: msg_id = 1699674, remain = -61, size = 3
force_push: msg_id = 1699753, remain = -61, size = 3
force_push: msg_id = 1699827, remain = -61, size = 3
force_push: msg_id = 1699905, remain = -61, size = 3
force_push: msg_id = 1699985, remain = -61, size = 3
force_push: msg_id = 1700065, remain = -61, size = 3
force_push: msg_id = 1700145, remain = -61, size = 3
force_push: msg_id = 1700225, remain = -61, size = 3
force_push: msg_id = 1700305, remain = -61, size = 3
force_push: msg_id = 1700385, remain = -61, size = 3
force_push: msg_id = 1700465, remain = -61, size = 3
force_push: msg_id = 1700546, remain = -61, size = 3
force_push: msg_id = 1700626, remain = -61, size = 3
force_push: msg_id = 1700706, remain = -61, size = 3
force_push: msg_id = 1700786, remain = -61, size = 3
force_push: msg_id = 1700865, remain = -61, size = 3
force_push: msg_id = 1700944, remain = -61, size = 3
force_push: msg_id = 1701025, remain = -61, size = 3
force_push: msg_id = 1701106, remain = -61, size = 3
force_push: msg_id = 1701186, remain = -61, size = 3
force_push: msg_id = 1701264, remain = -61, size = 3
force_push: msg_id = 1701344, remain = -61, size = 3
force_push: msg_id = 1701426, remain = -61, size = 3
force_push: msg_id = 1701506, remain = -61, size = 3
force_push: msg_id = 1701586, remain = -61, size = 3
force_push: msg_id = 1701666, remain = -61, size = 3
force_push: msg_id = 1701744, remain = -61, size = 3
force_push: msg_id = 1701824, remain = -61, size = 3
force_push: msg_id = 1701904, remain = -61, size = 3
force_push: msg_id = 1701984, remain = -61, size = 3
force_push: msg_id = 1702062, remain = -61, size = 3
force_push: msg_id = 1702142, remain = -61, size = 3
force_push: msg_id = 1702222, remain = -61, size = 3
force_push: msg_id = 1702300, remain = -61, size = 3
force_push: msg_id = 1702376, remain = -61, size = 3
force_push: msg_id = 1702452, remain = -61, size = 3
force_push: msg_id = 1702532, remain = -61, size = 3
force_push: msg_id = 1702612, remain = -61, size = 3
force_push: msg_id = 1702692, remain = -61, size = 3
force_push: msg_id = 1702771, remain = -61, size = 3
force_push: msg_id = 1702851, remain = -61, size = 3
force_push: msg_id = 1702931, remain = -61, size = 3
force_push: msg_id = 1703012, remain = -61, size = 3
force_push: msg_id = 1703092, remain = -61, size = 3
force_push: msg_id = 1703172, remain = -61, size = 3
force_push: msg_id = 1703252, remain = -61, size = 3
force_push: msg_id = 1703332, remain = -61, size = 3
force_push: msg_id = 1703412, remain = -61, size = 3
force_push: msg_id = 1703492, remain = -61, size = 3
force_push: msg_id = 1703570, remain = -61, size = 3
force_push: msg_id = 1703651, remain = -61, size = 3
force_push: msg_id = 1703731, remain = -61, size = 3
force_push: msg_id = 1703812, remain = -61, size = 3
force_push: msg_id = 1703892, remain = -61, size = 3
force_push: msg_id = 1703972, remain = -61, size = 3
force_push: msg_id = 1704052, remain = -61, size = 3
force_push: msg_id = 1704128, remain = -61, size = 3
force_push: msg_id = 1704208, remain = -61, size = 3
force_push: msg_id = 1704288, remain = -61, size = 3
force_push: msg_id = 1704368, remain = -61, size = 3
force_push: msg_id = 1704448, remain = -61, size = 3
force_push: msg_id = 1704528, remain = -61, size = 3
force_push: msg_id = 1704608, remain = -61, size = 3
force_push: msg_id = 1704689, remain = -61, size = 3
force_push: msg_id = 1704769, remain = -61, size = 3
force_push: msg_id = 1704849, remain = -61, size = 3
force_push: msg_id = 1704929, remain = -61, size = 3
force_push: msg_id = 1705009, remain = -61, size = 3
force_push: msg_id = 1705089, remain = -61, size = 3
force_push: msg_id = 1705169, remain = -61, size = 3
force_push: msg_id = 1705249, remain = -61, size = 3
force_push: msg_id = 1705328, remain = -61, size = 3
force_push: msg_id = 1705408, remain = -61, size = 3
force_push: msg_id = 1705487, remain = -61, size = 3
force_push: msg_id = 1705566, remain = -61, size = 3
force_push: msg_id = 1705646, remain = -61, size = 3
force_push: msg_id = 1705724, remain = -61, size = 3
force_push: msg_id = 1705804, remain = -61, size = 3
force_push: msg_id = 1705885, remain = -61, size = 3
force_push: msg_id = 1705965, remain = -61, size = 3
force_push: msg_id = 1706046, remain = -61, size = 3
force_push: msg_id = 1706125, remain = -61, size = 3
force_push: msg_id = 1706206, remain = -61, size = 3
force_push: msg_id = 1706287, remain = -61, size = 3
force_push: msg_id = 1706367, remain = -61, size = 3
force_push: msg_id = 1706447, remain = -61, size = 3
force_push: msg_id = 1706527, remain = -61, size = 3
force_push: msg_id = 1706607, remain = -61, size = 3
force_push: msg_id = 1706687, remain = -61, size = 3
force_push: msg_id = 1706767, remain = -61, size = 3
force_push: msg_id = 1706847, remain = -61, size = 3
force_push: msg_id = 1706927, remain = -61, size = 3
force_push: msg_id = 1707008, remain = -61, size = 3
force_push: msg_id = 1707088, remain = -61, size = 3
force_push: msg_id = 1707168, remain = -61, size = 3
force_push: msg_id = 1707245, remain = -61, size = 3
force_push: msg_id = 1707324, remain = -61, size = 3
force_push: msg_id = 1707404, remain = -61, size = 3
force_push: msg_id = 1707482, remain = -61, size = 3
force_push: msg_id = 1707562, remain = -61, size = 3
force_push: msg_id = 1707642, remain = -61, size = 3
force_push: msg_id = 1707722, remain = -61, size = 3
force_push: msg_id = 1707802, remain = -61, size = 3
force_push: msg_id = 1707882, remain = -61, size = 3
force_push: msg_id = 1707962, remain = -61, size = 3
force_push: msg_id = 1708041, remain = -61, size = 3
force_push: msg_id = 1708121, remain = -61, size = 3
force_push: msg_id = 1708201, remain = -61, size = 3
force_push: msg_id = 1708281, remain = -61, size = 3
force_push: msg_id = 1708361, remain = -61, size = 3
force_push: msg_id = 1708439, remain = -61, size = 3
force_push: msg_id = 1708517, remain = -61, size = 3
force_push: msg_id = 1708598, remain = -61, size = 3
force_push: msg_id = 1708678, remain = -61, size = 3
force_push: msg_id = 1708758, remain = -61, size = 3
force_push: msg_id = 1708836, remain = -61, size = 3
force_push: msg_id = 1708917, remain = -61, size = 3
force_push: msg_id = 1708995, remain = -61, size = 3
force_push: msg_id = 1709075, remain = -61, size = 3
force_push: msg_id = 1709155, remain = -61, size = 3
force_push: msg_id = 1709235, remain = -61, size = 3
force_push: msg_id = 1709315, remain = -61, size = 3
force_push: msg_id = 1709396, remain = -61, size = 3
force_push: msg_id = 1709476, remain = -61, size = 3
force_push: msg_id = 1709556, remain = -61, size = 3
force_push: msg_id = 1709636, remain = -61, size = 3
force_push: msg_id = 1709716, remain = -61, size = 3
force_push: msg_id = 1709796, remain = -61, size = 3
force_push: msg_id = 1709876, remain = -61, size = 3
force_push: msg_id = 1709954, remain = -61, size = 3
force_push: msg_id = 1710034, remain = -61, size = 3
force_push: msg_id = 1710115, remain = -61, size = 3
force_push: msg_id = 1710196, remain = -61, size = 3
force_push: msg_id = 1710274, remain = -61, size = 3
force_push: msg_id = 1710354, remain = -61, size = 3
force_push: msg_id = 1710434, remain = -61, size = 3
force_push: msg_id = 1710514, remain = -61, size = 3
force_push: msg_id = 1710595, remain = -61, size = 3
force_push: msg_id = 1710675, remain = -61, size = 3
force_push: msg_id = 1710755, remain = -61, size = 3
force_push: msg_id = 1710835, remain = -61, size = 3
force_push: msg_id = 1710915, remain = -61, size = 3
force_push: msg_id = 1710995, remain = -61, size = 3
force_push: msg_id = 1711075, remain = -61, size = 3
force_push: msg_id = 1711155, remain = -61, size = 3
force_push: msg_id = 1711234, remain = -61, size = 3
force_push: msg_id = 1711314, remain = -61, size = 3
force_push: msg_id = 1711394, remain = -61, size = 3
force_push: msg_id = 1711473, remain = -61, size = 3
force_push: msg_id = 1711553, remain = -61, size = 3
force_push: msg_id = 1711633, remain = -61, size = 3
force_push: msg_id = 1711712, remain = -61, size = 3
force_push: msg_id = 1711791, remain = -61, size = 3
force_push: msg_id = 1711871, remain = -61, size = 3
force_push: msg_id = 1711946, remain = -61, size = 3
force_push: msg_id = 1712025, remain = -61, size = 3
force_push: msg_id = 1712105, remain = -61, size = 3
force_push: msg_id = 1712185, remain = -61, size = 3
force_push: msg_id = 1712265, remain = -61, size = 3
force_push: msg_id = 1712345, remain = -61, size = 3
force_push: msg_id = 1712425, remain = -61, size = 3
force_push: msg_id = 1712505, remain = -61, size = 3
force_push: msg_id = 1712586, remain = -61, size = 3
force_push: msg_id = 1712666, remain = -61, size = 3
force_push: msg_id = 1712746, remain = -61, size = 3
force_push: msg_id = 1712826, remain = -61, size = 3
force_push: msg_id = 1712904, remain = -61, size = 3
force_push: msg_id = 1712984, remain = -61, size = 3
force_push: msg_id = 1713064, remain = -61, size = 3
force_push: msg_id = 1713144, remain = -61, size = 3
force_push: msg_id = 1713224, remain = -61, size = 3
force_push: msg_id = 1713304, remain = -61, size = 3
force_push: msg_id = 1713384, remain = -61, size = 3
force_push: msg_id = 1713464, remain = -61, size = 3
force_push: msg_id = 1713544, remain = -61, size = 3
force_push: msg_id = 1713624, remain = -61, size = 3
force_push: msg_id = 1713705, remain = -61, size = 3
force_push: msg_id = 1713785, remain = -61, size = 3
force_push: msg_id = 1713865, remain = -61, size = 3
force_push: msg_id = 1713945, remain = -61, size = 3
force_push: msg_id = 1714026, remain = -61, size = 3
force_push: msg_id = 1714106, remain = -61, size = 3
force_push: msg_id = 1714186, remain = -61, size = 3
force_push: msg_id = 1714264, remain = -61, size = 3
force_push: msg_id = 1714344, remain = -61, size = 3
force_push: msg_id = 1714424, remain = -61, size = 3
force_push: msg_id = 1714502, remain = -61, size = 3
force_push: msg_id = 1714582, remain = -61, size = 3
force_push: msg_id = 1714662, remain = -61, size = 3
force_push: msg_id = 1714742, remain = -61, size = 3
force_push: msg_id = 1714818, remain = -61, size = 3
force_push: msg_id = 1714896, remain = -61, size = 3
force_push: msg_id = 1714976, remain = -61, size = 3
force_push: msg_id = 1715056, remain = -61, size = 3
force_push: msg_id = 1715134, remain = -61, size = 3
force_push: msg_id = 1715214, remain = -61, size = 3
force_push: msg_id = 1715294, remain = -61, size = 3
force_push: msg_id = 1715374, remain = -61, size = 3
force_push: msg_id = 1715454, remain = -61, size = 3
force_push: msg_id = 1715534, remain = -61, size = 3
force_push: msg_id = 1715614, remain = -61, size = 3
force_push: msg_id = 1715694, remain = -61, size = 3
force_push: msg_id = 1715774, remain = -61, size = 3
force_push: msg_id = 1715854, remain = -61, size = 3
force_push: msg_id = 1715932, remain = -61, size = 3
force_push: msg_id = 1716013, remain = -61, size = 3
force_push: msg_id = 1716093, remain = -61, size = 3
force_push: msg_id = 1716173, remain = -61, size = 3
force_push: msg_id = 1716253, remain = -61, size = 3
force_push: msg_id = 1716333, remain = -61, size = 3
force_push: msg_id = 1716413, remain = -61, size = 3
force_push: msg_id = 1716493, remain = -61, size = 3
force_push: msg_id = 1716572, remain = -61, size = 3
force_push: msg_id = 1716651, remain = -61, size = 3
force_push: msg_id = 1716732, remain = -61, size = 3
force_push: msg_id = 1716812, remain = -61, size = 3
force_push: msg_id = 1716892, remain = -61, size = 3
force_push: msg_id = 1716972, remain = -61, size = 3
force_push: msg_id = 1717052, remain = -61, size = 3
force_push: msg_id = 1717133, remain = -61, size = 3
force_push: msg_id = 1717211, remain = -61, size = 3
force_push: msg_id = 1717291, remain = -61, size = 3
force_push: msg_id = 1717371, remain = -61, size = 3
force_push: msg_id = 1717451, remain = -61, size = 3
force_push: msg_id = 1717531, remain = -61, size = 3
force_push: msg_id = 1717612, remain = -61, size = 3
force_push: msg_id = 1717692, remain = -61, size = 3
force_push: msg_id = 1717770, remain = -61, size = 3
force_push: msg_id = 1717850, remain = -61, size = 3
force_push: msg_id = 1717928, remain = -61, size = 3
force_push: msg_id = 1718007, remain = -61, size = 3
force_push: msg_id = 1718086, remain = -61, size = 3
force_push: msg_id = 1718167, remain = -61, size = 3
force_push: msg_id = 1718245, remain = -61, size = 3
force_push: msg_id = 1718325, remain = -61, size = 3
force_push: msg_id = 1718406, remain = -61, size = 3
force_push: msg_id = 1718486, remain = -61, size = 3
force_push: msg_id = 1718564, remain = -61, size = 3
force_push: msg_id = 1718644, remain = -61, size = 3
force_push: msg_id = 1718724, remain = -61, size = 3
force_push: msg_id = 1718804, remain = -61, size = 3
force_push: msg_id = 1718882, remain = -61, size = 3
force_push: msg_id = 1718962, remain = -61, size = 3
force_push: msg_id = 1719042, remain = -61, size = 3
force_push: msg_id = 1719122, remain = -61, size = 3
force_push: msg_id = 1719202, remain = -61, size = 3
force_push: msg_id = 1719282, remain = -61, size = 3
force_push: msg_id = 1719362, remain = -61, size = 3
force_push: msg_id = 1719442, remain = -61, size = 3
force_push: msg_id = 1719522, remain = -61, size = 3
force_push: msg_id = 1719602, remain = -61, size = 3
force_push: msg_id = 1719682, remain = -61, size = 3
force_push: msg_id = 1719762, remain = -61, size = 3
force_push: msg_id = 1719842, remain = -61, size = 3
force_push: msg_id = 1719922, remain = -61, size = 3
force_push: msg_id = 1720002, remain = -61, size = 3
force_push: msg_id = 1720082, remain = -61, size = 3
force_push: msg_id = 1720162, remain = -61, size = 3
force_push: msg_id = 1720242, remain = -61, size = 3
force_push: msg_id = 1720322, remain = -61, size = 3
force_push: msg_id = 1720401, remain = -61, size = 3
force_push: msg_id = 1720481, remain = -61, size = 3
force_push: msg_id = 1720561, remain = -61, size = 3
force_push: msg_id = 1720640, remain = -61, size = 3
force_push: msg_id = 1720720, remain = -61, size = 3
force_push: msg_id = 1720798, remain = -61, size = 3
force_push: msg_id = 1720874, remain = -61, size = 3
force_push: msg_id = 1720952, remain = -61, size = 3
force_push: msg_id = 1721032, remain = -61, size = 3
force_push: msg_id = 1721112, remain = -61, size = 3
force_push: msg_id = 1721192, remain = -61, size = 3
force_push: msg_id = 1721272, remain = -61, size = 3
force_push: msg_id = 1721352, remain = -61, size = 3
force_push: msg_id = 1721432, remain = -61, size = 3
force_push: msg_id = 1721512, remain = -61, size = 3
force_push: msg_id = 1721592, remain = -61, size = 3
force_push: msg_id = 1721672, remain = -61, size = 3
force_push: msg_id = 1721750, remain = -61, size = 3
force_push: msg_id = 1721828, remain = -61, size = 3
force_push: msg_id = 1721908, remain = -61, size = 3
force_push: msg_id = 1721988, remain = -61, size = 3
force_push: msg_id = 1722068, remain = -61, size = 3
force_push: msg_id = 1722148, remain = -61, size = 3
force_push: msg_id = 1722228, remain = -61, size = 3
force_push: msg_id = 1722308, remain = -61, size = 3
force_push: msg_id = 1722388, remain = -61, size = 3
force_push: msg_id = 1722468, remain = -61, size = 3
force_push: msg_id = 1722548, remain = -61, size = 3
force_push: msg_id = 1722628, remain = -61, size = 3
force_push: msg_id = 1722708, remain = -61, size = 3
force_push: msg_id = 1722788, remain = -61, size = 3
force_push: msg_id = 1722868, remain = -61, size = 3
force_push: msg_id = 1722949, remain = -61, size = 3
force_push: msg_id = 1723029, remain = -61, size = 3
force_push: msg_id = 1723109, remain = -61, size = 3
force_push: msg_id = 1723190, remain = -61, size = 3
force_push: msg_id = 1723270, remain = -61, size = 3
force_push: msg_id = 1723351, remain = -61, size = 3
force_push: msg_id = 1723429, remain = -61, size = 3
force_push: msg_id = 1723509, remain = -61, size = 3
force_push: msg_id = 1723589, remain = -61, size = 3
force_push: msg_id = 1723668, remain = -61, size = 3
force_push: msg_id = 1723746, remain = -61, size = 3
force_push: msg_id = 1723825, remain = -61, size = 3
force_push: msg_id = 1723900, remain = -61, size = 3
force_push: msg_id = 1723980, remain = -61, size = 3
force_push: msg_id = 1724059, remain = -61, size = 3
force_push: msg_id = 1724138, remain = -61, size = 3
force_push: msg_id = 1724218, remain = -61, size = 3
force_push: msg_id = 1724299, remain = -61, size = 3
force_push: msg_id = 1724379, remain = -61, size = 3
force_push: msg_id = 1724460, remain = -61, size = 3
force_push: msg_id = 1724540, remain = -61, size = 3
force_push: msg_id = 1724618, remain = -61, size = 3
force_push: msg_id = 1724698, remain = -61, size = 3
force_push: msg_id = 1724776, remain = -61, size = 3
force_push: msg_id = 1724856, remain = -61, size = 3
force_push: msg_id = 1724936, remain = -61, size = 3
force_push: msg_id = 1725015, remain = -61, size = 3
force_push: msg_id = 1725094, remain = -61, size = 3
force_push: msg_id = 1725175, remain = -61, size = 3
force_push: msg_id = 1725255, remain = -61, size = 3
force_push: msg_id = 1725335, remain = -61, size = 3
force_push: msg_id = 1725415, remain = -61, size = 3
force_push: msg_id = 1725495, remain = -61, size = 3
force_push: msg_id = 1725576, remain = -61, size = 3
force_push: msg_id = 1725655, remain = -61, size = 3
force_push: msg_id = 1725735, remain = -61, size = 3
force_push: msg_id = 1725816, remain = -61, size = 3
force_push: msg_id = 1725896, remain = -61, size = 3
force_push: msg_id = 1725975, remain = -61, size = 3
force_push: msg_id = 1726057, remain = -61, size = 3
force_push: msg_id = 1726134, remain = -61, size = 3
force_push: msg_id = 1726214, remain = -61, size = 3
force_push: msg_id = 1726294, remain = -61, size = 3
force_push: msg_id = 1726375, remain = -61, size = 3
force_push: msg_id = 1726455, remain = -61, size = 3
force_push: msg_id = 1726536, remain = -61, size = 3
force_push: msg_id = 1726616, remain = -61, size = 3
force_push: msg_id = 1726695, remain = -61, size = 3
force_push: msg_id = 1726773, remain = -61, size = 3
force_push: msg_id = 1726851, remain 