Read file config.yml
Running executor...
Loaded function exp00_back. lib_load_elasped: 236, func_load_elasped: 4
Loaded function exp00_front. lib_load_elasped: 139, func_load_elasped: 1
force_push: msg_id = 1689775, remain = 214, size = 64
Send to executer failed.force_push: msg_id = 1690026, remain = -61, size = 3
force_push: msg_id = 1690099, remain = -61, size = 3
force_push: msg_id = 1690166, remain = -61, size = 3
force_push: msg_id = 1690249, remain = -61, size = 3
force_push: msg_id = 1690336, remain = -61, size = 3
force_push: msg_id = 1690426, remain = -61, size = 3
force_push: msg_id = 1690506, remain = -61, size = 3
force_push: msg_id = 1690585, remain = -61, size = 3
force_push: msg_id = 1690661, remain = -61, size = 3
force_push: msg_id = 1690751, remain = -61, size = 3
force_push: msg_id = 1690834, remain = -61, size = 3
force_push: msg_id = 1690915, remain = -61, size = 3
force_push: msg_id = 1690998, remain = -61, size = 3
force_push: msg_id = 1691079, remain = -61, size = 3
force_push: msg_id = 1691160, remain = -61, size = 3
force_push: msg_id = 1691242, remain = -61, size = 3
force_push: msg_id = 1691325, remain = -61, size = 3
force_push: msg_id = 1691408, remain = -61, size = 3
force_push: msg_id = 1691488, remain = -61, size = 3
force_push: msg_id = 1691562, remain = -61, size = 3
force_push: msg_id = 1691643, remain = -61, size = 3
force_push: msg_id = 1691723, remain = -61, size = 3
force_push: msg_id = 1691804, remain = -61, size = 3
force_push: msg_id = 1691879, remain = -61, size = 3
force_push: msg_id = 1691961, remain = -61, size = 3
force_push: msg_id = 1692041, remain = -61, size = 3
force_push: msg_id = 1692120, remain = -61, size = 3
force_push: msg_id = 1692198, remain = -61, size = 3
force_push: msg_id = 1692280, remain = -61, size = 3
force_push: msg_id = 1692355, remain = -61, size = 3
force_push: msg_id = 1692436, remain = -61, size = 3
force_push: msg_id = 1692521, remain = -61, size = 3
force_push: msg_id = 1692596, remain = -61, size = 3
force_push: msg_id = 1692676, remain = -61, size = 3
force_push: msg_id = 1692763, remain = -61, size = 3
force_push: msg_id = 1692838, remain = -61, size = 3
force_push: msg_id = 1692921, remain = -61, size = 3
force_push: msg_id = 1693001, remain = -61, size = 3
force_push: msg_id = 1693081, remain = -61, size = 3
force_push: msg_id = 1693161, remain = -61, size = 3
force_push: msg_id = 1693245, remain = -61, size = 3
force_push: msg_id = 1693323, remain = -61, size = 3
force_push: msg_id = 1693403, remain = -61, size = 3
force_push: msg_id = 1693482, remain = -61, size = 3
force_push: msg_id = 1693564, remain = -61, size = 3
force_push: msg_id = 1693646, remain = -61, size = 3
force_push: msg_id = 1693725, remain = -61, size = 3
force_push: msg_id = 1693809, remain = -61, size = 3
force_push: msg_id = 1693888, remain = -61, size = 3
force_push: msg_id = 1693968, remain = -61, size = 3
force_push: msg_id = 1694048, remain = -61, size = 3
force_push: msg_id = 1694129, remain = -61, size = 3
force_push: msg_id = 1694208, remain = -61, size = 3
force_push: msg_id = 1694286, remain = -61, size = 3
force_push: msg_id = 1694369, remain = -61, size = 3
force_push: msg_id = 1694447, remain = -61, size = 3
force_push: msg_id = 1694527, remain = -61, size = 3
force_push: msg_id = 1694609, remain = -61, size = 3
force_push: msg_id = 1694689, remain = -61, size = 3
force_push: msg_id = 1694770, remain = -61, size = 3
force_push: msg_id = 1694852, remain = -61, size = 3
force_push: msg_id = 1694932, remain = -61, size = 3
force_push: msg_id = 1695012, remain = -61, size = 3
force_push: msg_id = 1695093, remain = -61, size = 3
force_push: msg_id = 1695173, remain = -61, size = 3
force_push: msg_id = 1695254, remain = -61, size = 3
force_push: msg_id = 1695334, remain = -61, size = 3
force_push: msg_id = 1695415, remain = -61, size = 3
force_push: msg_id = 1695497, remain = -61, size = 3
force_push: msg_id = 1695578, remain = -61, size = 3
force_push: msg_id = 1695658, remain = -61, size = 3
force_push: msg_id = 1695740, remain = -61, size = 3
force_push: msg_id = 1695819, remain = -61, size = 3
force_push: msg_id = 1695899, remain = -61, size = 3
force_push: msg_id = 1695979, remain = -61, size = 3
force_push: msg_id = 1696059, remain = -61, size = 3
force_push: msg_id = 1696140, remain = -61, size = 3
force_push: msg_id = 1696221, remain = -61, size = 3
force_push: msg_id = 1696302, remain = -61, size = 3
force_push: msg_id = 1696382, remain = -61, size = 3
force_push: msg_id = 1696462, remain = -61, size = 3
force_push: msg_id = 1696542, remain = -61, size = 3
force_push: msg_id = 1696625, remain = -61, size = 3
force_push: msg_id = 1696705, remain = -61, size = 3
force_push: msg_id = 1696784, remain = -61, size = 3
force_push: msg_id = 1696863, remain = -61, size = 3
force_push: msg_id = 1696944, remain = -61, size = 3
force_push: msg_id = 1697024, remain = -61, size = 3
force_push: msg_id = 1697105, remain = -61, size = 3
force_push: msg_id = 1697185, remain = -61, size = 3
force_push: msg_id = 1697266, remain = -61, size = 3
force_push: msg_id = 1697348, remain = -61, size = 3
force_push: msg_id = 1697428, remain = -61, size = 3
force_push: msg_id = 1697510, remain = -61, size = 3
force_push: msg_id = 1697590, remain = -61, size = 3
force_push: msg_id = 1697670, remain = -61, size = 3
force_push: msg_id = 1697751, remain = -61, size = 3
force_push: msg_id = 1697835, remain = -61, size = 3
force_push: msg_id = 1697915, remain = -61, size = 3
force_push: msg_id = 1697997, remain = -61, size = 3
force_push: msg_id = 1698078, remain = -61, size = 3
force_push: msg_id = 1698159, remain = -61, size = 3
force_push: msg_id = 1698243, remain = -61, size = 3
force_push: msg_id = 1698323, remain = -61, size = 3
force_push: msg_id = 1698406, remain = -61, size = 3
force_push: msg_id = 1698489, remain = -61, size = 3
force_push: msg_id = 1698571, remain = -61, size = 3
force_push: msg_id = 1698651, remain = -61, size = 3
force_push: msg_id = 1698730, remain = -61, size = 3
force_push: msg_id = 1698810, remain = -61, size = 3
force_push: msg_id = 1698891, remain = -61, size = 3
force_push: msg_id = 1698972, remain = -61, size = 3
force_push: msg_id = 1699052, remain = -61, size = 3
force_push: msg_id = 1699133, remain = -61, size = 3
force_push: msg_id = 1699214, remain = -61, size = 3
force_push: msg_id = 1699295, remain = -61, size = 3
force_push: msg_id = 1699378, remain = -61, size = 3
force_push: msg_id = 1699458, remain = -61, size = 3
force_push: msg_id = 1699539, remain = -61, size = 3
force_push: msg_id = 1699620, remain = -61, size = 3
force_push: msg_id = 1699700, remain = -61, size = 3
force_push: msg_id = 1699781, remain = -61, size = 3
force_push: msg_id = 1699861, remain = -61, size = 3
force_push: msg_id = 1699942, remain = -61, size = 3
force_push: msg_id = 1700022, remain = -61, size = 3
force_push: msg_id = 1700102, remain = -61, size = 3
force_push: msg_id = 1700182, remain = -61, size = 3
force_push: msg_id = 1700263, remain = -61, size = 3
force_push: msg_id = 1700347, remain = -61, size = 3
force_push: msg_id = 1700429, remain = -61, size = 3
force_push: msg_id = 1700510, remain = -61, size = 3
force_push: msg_id = 1700591, remain = -61, size = 3
force_push: msg_id = 1700674, remain = -61, size = 3
force_push: msg_id = 1700755, remain = -61, size = 3
force_push: msg_id = 1700835, remain = -61, size = 3
force_push: msg_id = 1700915, remain = -61, size = 3
force_push: msg_id = 1700996, remain = -61, size = 3
force_push: msg_id = 1701079, remain = -61, size = 3
force_push: msg_id = 1701162, remain = -61, size = 3
force_push: msg_id = 1701243, remain = -61, size = 3
force_push: msg_id = 1701324, remain = -61, size = 3
force_push: msg_id = 1701409, remain = -61, size = 3
force_push: msg_id = 1701489, remain = -61, size = 3
force_push: msg_id = 1701572, remain = -61, size = 3
force_push: msg_id = 1701654, remain = -61, size = 3
force_push: msg_id = 1701735, remain = -61, size = 3
force_push: msg_id = 1701817, remain = -61, size = 3
force_push: msg_id = 1701902, remain = -61, size = 3
force_push: msg_id = 1701983, remain = -61, size = 3
force_push: msg_id = 1702066, remain = -61, size = 3
force_push: msg_id = 1702147, remain = -61, size = 3
force_push: msg_id = 1702230, remain = -61, size = 3
force_push: msg_id = 1702311, remain = -61, size = 3
force_push: msg_id = 1702392, remain = -61, size = 3
force_push: msg_id = 1702475, remain = -61, size = 3
force_push: msg_id = 1702557, remain = -61, size = 3
force_push: msg_id = 1702637, remain = -61, size = 3
force_push: msg_id = 1702718, remain = -61, size = 3
force_push: msg_id = 1702799, remain = -61, size = 3
force_push: msg_id = 1702880, remain = -61, size = 3
force_push: msg_id = 1702960, remain = -61, size = 3
force_push: msg_id = 1703043, remain = -61, size = 3
force_push: msg_id = 1703124, remain = -61, size = 3
force_push: msg_id = 1703207, remain = -61, size = 3
force_push: msg_id = 1703290, remain = -61, size = 3
force_push: msg_id = 1703373, remain = -61, size = 3
force_push: msg_id = 1703454, remain = -61, size = 3
force_push: msg_id = 1703538, remain = -61, size = 3
force_push: msg_id = 1703617, remain = -61, size = 3
force_push: msg_id = 1703697, remain = -61, size = 3
force_push: msg_id = 1703778, remain = -61, size = 3
force_push: msg_id = 1703858, remain = -61, size = 3
force_push: msg_id = 1703940, remain = -61, size = 3
force_push: msg_id = 1704021, remain = -61, size = 3
force_push: msg_id = 1704101, remain = -61, size = 3
force_push: msg_id = 1704183, remain = -61, size = 3
force_push: msg_id = 1704263, remain = -61, size = 3
force_push: msg_id = 1704346, remain = -61, size = 3
force_push: msg_id = 1704424, remain = -61, size = 3
force_push: msg_id = 1704503, remain = -61, size = 3
force_push: msg_id = 1704582, remain = -61, size = 3
force_push: msg_id = 1704662, remain = -61, size = 3
force_push: msg_id = 1704742, remain = -61, size = 3
force_push: msg_id = 1704822, remain = -61, size = 3
force_push: msg_id = 1704900, remain = -61, size = 3
force_push: msg_id = 1704980, remain = -61, size = 3
force_push: msg_id = 1705061, remain = -61, size = 3
force_push: msg_id = 1705142, remain = -61, size = 3
force_push: msg_id = 1705222, remain = -61, size = 3
force_push: msg_id = 1705302, remain = -61, size = 3
force_push: msg_id = 1705383, remain = -61, size = 3
force_push: msg_id = 1705464, remain = -61, size = 3
force_push: msg_id = 1705544, remain = -61, size = 3
force_push: msg_id = 1705626, remain = -61, size = 3
force_push: msg_id = 1705705, remain = -61, size = 3
force_push: msg_id = 1705786, remain = -61, size = 3
force_push: msg_id = 1705866, remain = -61, size = 3
force_push: msg_id = 1705948, remain = -61, size = 3
force_push: msg_id = 1706029, remain = -61, size = 3
force_push: msg_id = 1706109, remain = -61, size = 3
force_push: msg_id = 1706189, remain = -61, size = 3
force_push: msg_id = 1706269, remain = -61, size = 3
force_push: msg_id = 1706348, remain = -61, size = 3
force_push: msg_id = 1706427, remain = -61, size = 3
force_push: msg_id = 1706507, remain = -61, size = 3
force_push: msg_id = 1706585, remain = -61, size = 3
force_push: msg_id = 1706665, remain = -61, size = 3
force_push: msg_id = 1706742, remain = -61, size = 3
force_push: msg_id = 1706821, remain = -61, size = 3
force_push: msg_id = 1706900, remain = -61, size = 3
force_push: msg_id = 1706978, remain = -61, size = 3
force_push: msg_id = 1707057, remain = -61, size = 3
force_push: msg_id = 1707137, remain = -61, size = 3
force_push: msg_id = 1707215, remain = -61, size = 3
force_push: msg_id = 1707293, remain = -61, size = 3
force_push: msg_id = 1707371, remain = -61, size = 3
force_push: msg_id = 1707451, remain = -61, size = 3
force_push: msg_id = 1707530, remain = -61, size = 3
force_push: msg_id = 1707606, remain = -61, size = 3
force_push: msg_id = 1707686, remain = -61, size = 3
force_push: msg_id = 1707765, remain = -61, size = 3
force_push: msg_id = 1707844, remain = -61, size = 3
force_push: msg_id = 1707922, remain = -61, size = 3
force_push: msg_id = 1708001, remain = -61, size = 3
force_push: msg_id = 1708080, remain = -61, size = 3
force_push: msg_id = 1708158, remain = -61, size = 3
force_push: msg_id = 1708235, remain = -61, size = 3
force_push: msg_id = 1708315, remain = -61, size = 3
force_push: msg_id = 1708395, remain = -61, size = 3
force_push: msg_id = 1708473, remain = -61, size = 3
force_push: msg_id = 1708552, remain = -61, size = 3
force_push: msg_id = 1708633, remain = -61, size = 3
force_push: msg_id = 1708713, remain = -61, size = 3
force_push: msg_id = 1708793, remain = -61, size = 3
force_push: msg_id = 1708873, remain = -61, size = 3
force_push: msg_id = 1708953, remain = -61, size = 3
force_push: msg_id = 1709033, remain = -61, size = 3
force_push: msg_id = 1709113, remain = -61, size = 3
force_push: msg_id = 1709193, remain = -61, size = 3
force_push: msg_id = 1709273, remain = -61, size = 3
force_push: msg_id = 1709352, remain = -61, size = 3
force_push: msg_id = 1709432, remain = -61, size = 3
force_push: msg_id = 1709510, remain = -61, size = 3
force_push: msg_id = 1709588, remain = -61, size = 3
force_push: msg_id = 1709668, remain = -61, size = 3
force_push: msg_id = 1709748, remain = -61, size = 3
force_push: msg_id = 1709826, remain = -61, size = 3
force_push: msg_id = 1709904, remain = -61, size = 3
force_push: msg_id = 1709984, remain = -61, size = 3
force_push: msg_id = 1710062, remain = -61, size = 3
force_push: msg_id = 1710140, remain = -61, size = 3
force_push: msg_id = 1710220, remain = -61, size = 3
force_push: msg_id = 1710300, remain = -61, size = 3
force_push: msg_id = 1710380, remain = -61, size = 3
force_push: msg_id = 1710460, remain = -61, size = 3
force_push: msg_id = 1710540, remain = -61, size = 3
force_push: msg_id = 1710620, remain = -61, size = 3
force_push: msg_id = 1710700, remain = -61, size = 3
force_push: msg_id = 1710780, remain = -61, size = 3
force_push: msg_id = 1710860, remain = -61, size = 3
force_push: msg_id = 1710940, remain = -61, size = 3
force_push: msg_id = 1711020, remain = -61, size = 3
force_push: msg_id = 1711097, remain = -61, size = 3
force_push: msg_id = 1711176, remain = -61, size = 3
force_push: msg_id = 1711256, remain = -61, size = 3
force_push: msg_id = 1711336, remain = -61, size = 3
force_push: msg_id = 1711416, remain = -61, size = 3
force_push: msg_id = 1711496, remain = -61, size = 3
force_push: msg_id = 1711576, remain = -61, size = 3
force_push: msg_id = 1711656, remain = -61, size = 3
force_push: msg_id = 1711736, remain = -61, size = 3
force_push: msg_id = 1711816, remain = -61, size = 3
force_push: msg_id = 1711896, remain = -61, size = 3
force_push: msg_id = 1711976, remain = -61, size = 3
force_push: msg_id = 1712055, remain = -61, size = 3
force_push: msg_id = 1712134, remain = -61, size = 3
force_push: msg_id = 1712213, remain = -61, size = 3
force_push: msg_id = 1712292, remain = -61, size = 3
force_push: msg_id = 1712370, remain = -61, size = 3
force_push: msg_id = 1712449, remain = -61, size = 3
force_push: msg_id = 1712530, remain = -61, size = 3
force_push: msg_id = 1712609, remain = -61, size = 3
force_push: msg_id = 1712686, remain = -61, size = 3
force_push: msg_id = 1712764, remain = -61, size = 3
force_push: msg_id = 1712844, remain = -61, size = 3
force_push: msg_id = 1712924, remain = -61, size = 3
force_push: msg_id = 1713003, remain = -61, size = 3
force_push: msg_id = 1713082, remain = -61, size = 3
force_push: msg_id = 1713162, remain = -61, size = 3
force_push: msg_id = 1713242, remain = -61, size = 3
force_push: msg_id = 1713322, remain = -61, size = 3
force_push: msg_id = 1713402, remain = -61, size = 3
force_push: msg_id = 1713482, remain = -61, size = 3
force_push: msg_id = 1713562, remain = -61, size = 3
force_push: msg_id = 1713642, remain = -61, size = 3
force_push: msg_id = 1713722, remain = -61, size = 3
force_push: msg_id = 1713800, remain = -61, size = 3
force_push: msg_id = 1713880, remain = -61, size = 3
force_push: msg_id = 1713960, remain = -61, size = 3
force_push: msg_id = 1714040, remain = -61, size = 3
force_push: msg_id = 1714120, remain = -61, size = 3
force_push: msg_id = 1714200, remain = -61, size = 3
force_push: msg_id = 1714280, remain = -61, size = 3
force_push: msg_id = 1714360, remain = -61, size = 3
force_push: msg_id = 1714440, remain = -61, size = 3
force_push: msg_id = 1714520, remain = -61, size = 3
force_push: msg_id = 1714600, remain = -61, size = 3
force_push: msg_id = 1714680, remain = -61, size = 3
force_push: msg_id = 1714760, remain = -61, size = 3
force_push: msg_id = 1714840, remain = -61, size = 3
force_push: msg_id = 1714918, remain = -61, size = 3
force_push: msg_id = 1714998, remain = -61, size = 3
force_push: msg_id = 1715078, remain = -61, size = 3
force_push: msg_id = 1715158, remain = -61, size = 3
force_push: msg_id = 1715236, remain = -61, size = 3
force_push: msg_id = 1715316, remain = -61, size = 3
force_push: msg_id = 1715396, remain = -61, size = 3
force_push: msg_id = 1715477, remain = -61, size = 3
force_push: msg_id = 1715555, remain = -61, size = 3
force_push: msg_id = 1715633, remain = -61, size = 3
force_push: msg_id = 1715711, remain = -61, size = 3
force_push: msg_id = 1715791, remain = -61, size = 3
force_push: msg_id = 1715871, remain = -61, size = 3
force_push: msg_id = 1715950, remain = -61, size = 3
force_push: msg_id = 1716031, remain = -61, size = 3
force_push: msg_id = 1716111, remain = -61, size = 3
force_push: msg_id = 1716191, remain = -61, size = 3
force_push: msg_id = 1716271, remain = -61, size = 3
force_push: msg_id = 1716351, remain = -61, size = 3
force_push: msg_id = 1716431, remain = -61, size = 3
force_push: msg_id = 1716511, remain = -61, size = 3
force_push: msg_id = 1716591, remain = -61, size = 3
force_push: msg_id = 1716669, remain = -61, size = 3
force_push: msg_id = 1716749, remain = -61, size = 3
force_push: msg_id = 1716829, remain = -61, size = 3
force_push: msg_id = 1716910, remain = -61, size = 3
force_push: msg_id = 1716990, remain = -61, size = 3
force_push: msg_id = 1717070, remain = -61, size = 3
force_push: msg_id = 1717150, remain = -61, size = 3
force_push: msg_id = 1717230, remain = -61, size = 3
force_push: msg_id = 1717310, remain = -61, size = 3
force_push: msg_id = 1717389, remain = -61, size = 3
force_push: msg_id = 1717468, remain = -61, size = 3
force_push: msg_id = 1717548, remain = -61, size = 3
force_push: msg_id = 1717628, remain = -61, size = 3
force_push: msg_id = 1717708, remain = -61, size = 3
force_push: msg_id = 1717788, remain = -61, size = 3
force_push: msg_id = 1717868, remain = -61, size = 3
force_push: msg_id = 1717947, remain = -61, size = 3
force_push: msg_id = 1718026, remain = -61, size = 3
force_push: msg_id = 1718106, remain = -61, size = 3
force_push: msg_id = 1718186, remain = -61, size = 3
force_push: msg_id = 1718266, remain = -61, size = 3
force_push: msg_id = 1718344, remain = -61, size = 3
force_push: msg_id = 1718422, remain = -61, size = 3
force_push: msg_id = 1718502, remain = -61, size = 3
force_push: msg_id = 1718582, remain = -61, size = 3
force_push: msg_id = 1718661, remain = -61, size = 3
force_push: msg_id = 1718741, remain = -61, size = 3
force_push: msg_id = 1718817, remain = -61, size = 3
force_push: msg_id = 1718894, remain = -61, size = 3
force_push: msg_id = 1718974, remain = -61, size = 3
force_push: msg_id = 1719054, remain = -61, size = 3
force_push: msg_id = 1719134, remain = -61, size = 3
force_push: msg_id = 1719214, remain = -61, size = 3
force_push: msg_id = 1719292, remain = -61, size = 3
force_push: msg_id = 1719372, remain = -61, size = 3
force_push: msg_id = 1719452, remain = -61, size = 3
force_push: msg_id = 1719531, remain = -61, size = 3
force_push: msg_id = 1719611, remain = -61, size = 3
force_push: msg_id = 1719693, remain = -61, size = 3
force_push: msg_id = 1719774, remain = -61, size = 3
force_push: msg_id = 1719854, remain = -61, size = 3
force_push: msg_id = 1719934, remain = -61, size = 3
force_push: msg_id = 1720014, remain = -61, size = 3
force_push: msg_id = 1720094, remain = -61, size = 3
force_push: msg_id = 1720174, remain = -61, size = 3
force_push: msg_id = 1720254, remain = -61, size = 3
force_push: msg_id = 1720334, remain = -61, size = 3
force_push: msg_id = 1720414, remain = -61, size = 3
force_push: msg_id = 1720494, remain = -61, size = 3
force_push: msg_id = 1720574, remain = -61, size = 3
force_push: msg_id = 1720654, remain = -61, size = 3
force_push: msg_id = 1720734, remain = -61, size = 3
force_push: msg_id = 1720814, remain = -61, size = 3
force_push: msg_id = 1720895, remain = -61, size = 3
force_push: msg_id = 1720975, remain = -61, size = 3
force_push: msg_id = 1721055, remain = -61, size = 3
force_push: msg_id = 1721135, remain = -61, size = 3
force_push: msg_id = 1721215, remain = -61, size = 3
force_push: msg_id = 1721296, remain = -61, size = 3
force_push: msg_id = 1721372, remain = -61, size = 3
force_push: msg_id = 1721452, remain = -61, size = 3
force_push: msg_id = 1721530, remain = -61, size = 3
force_push: msg_id = 1721607, remain = -61, size = 3
force_push: msg_id = 1721686, remain = -61, size = 3
force_push: msg_id = 1721766, remain = -61, size = 3
force_push: msg_id = 1721846, remain = -61, size = 3
force_push: msg_id = 1721926, remain = -61, size = 3
force_push: msg_id = 1722007, remain = -61, size = 3
force_push: msg_id = 1722088, remain = -61, size = 3
force_push: msg_id = 1722170, remain = -61, size = 3
force_push: msg_id = 1722253, remain = -61, size = 3
force_push: msg_id = 1722333, remain = -61, size = 3
force_push: msg_id = 1722417, remain = -61, size = 3
force_push: msg_id = 1722498, remain = -61, size = 3
force_push: msg_id = 1722579, remain = -61, size = 3
force_push: msg_id = 1722660, remain = -61, size = 3
force_push: msg_id = 1722740, remain = -61, size = 3
force_push: msg_id = 1722825, remain = -61, size = 3
force_push: msg_id = 1722906, remain = -61, size = 3
force_push: msg_id = 1722988, remain = -61, size = 3
force_push: msg_id = 1723071, remain = -61, size = 3
force_push: msg_id = 1723152, remain = -61, size = 3
force_push: msg_id = 1723235, remain = -61, size = 3
force_push: msg_id = 1723315, remain = -61, size = 3
force_push: msg_id = 1723395, remain = -61, size = 3
force_push: msg_id = 1723476, remain = -61, size = 3
force_push: msg_id = 1723556, remain = -61, size = 3
force_push: msg_id = 1723636, remain = -61, size = 3
force_push: msg_id = 1723716, remain = -61, size = 3
force_push: msg_id = 1723799, remain = -61, size = 3
force_push: msg_id = 1723880, remain = -61, size = 3
force_push: msg_id = 1723960, remain = -61, size = 3
force_push: msg_id = 1724045, remain = -61, size = 3
force_push: msg_id = 1724124, remain = -61, size = 3
force_push: msg_id = 1724205, remain = -61, size = 3
force_push: msg_id = 1724285, remain = -61, size = 3
force_push: msg_id = 1724366, remain = -61, size = 3
force_push: msg_id = 1724446, remain = -61, size = 3
force_push: msg_id = 1724526, remain = -61, size = 3
force_push: msg_id = 1724606, remain = -61, size = 3
force_push: msg_id = 1724686, remain = -61, size = 3
force_push: msg_id = 1724766, remain = -61, size = 3
force_push: msg_id = 1724846, remain = -61, size = 3
force_push: msg_id = 1724929, remain = -61, size = 3
force_push: msg_id = 1725009, remain = -61, size = 3
force_push: msg_id = 1725089, remain = -61, size = 3
force_push: msg_id = 1725172, remain = -61, size = 3
force_push: msg_id = 1725251, remain = -61, size = 3
force_push: msg_id = 1725332, remain = -61, size = 3
force_push: msg_id = 1725413, remain = -61, size = 3
force_push: msg_id = 1725493, remain = -61, size = 3
force_push: msg_id = 1725574, remain = -61, size = 3
force_push: msg_id = 1725656, remain = -61, size = 3
force_push: msg_id = 1725736, remain = -61, size = 3
force_push: msg_id = 1725817, remain = -61, size = 3
force_push: msg_id = 1725898, remain = -61, size = 3
force_push: msg_id = 1725980, remain = -61, size = 3
force_push: msg_id = 1726060, remain = -61, size = 3
force_push: msg_id = 1726140, remain = -61, size = 3
force_push: msg_id = 1726225, remain = -61, size = 3
force_push: msg_id = 1726301, remain = -61, size = 3
force_push: msg_id = 1726379, remain = -61, size = 3
force_push: msg_id = 1726459, remain = -61, size = 3
force_push: msg_id = 1726539, remain = -61, size = 3
force_push: msg_id = 1726619, remain = -61, size = 3
force_push: msg_id = 1726699, remain = -61, size = 3
force_push: msg_id = 1726777, remain = -61, size = 3
force_push: msg_id = 1726861, remain = -61, size = 3
force_push: msg_id = 1726939, remain = -61, size = 3
force_push: msg_id = 1727020, remain = -61, size = 3
force_push: msg_id = 1727101, remain = -61, size = 3
force_push: msg_id = 1727181, remain 