Read file config.yml
Running executor...
Loaded function exp00_back. lib_load_elasped: 185, func_load_elasped: 2
Loaded function exp00_front. lib_load_elasped: 146, func_load_elasped: 1
chain_length = 16, payload_size = 512, token 287437236 us.
force_push: msg_id = 1689948, remain = 406, size = 64
Send to executer failed.force_push: msg_id = 1690015, remain = -61, size = 3
force_push: msg_id = 1690098, remain = -61, size = 3
force_push: msg_id = 1690194, remain = -61, size = 3
force_push: msg_id = 1690283, remain = -61, size = 3
force_push: msg_id = 1690372, remain = -61, size = 3
force_push: msg_id = 1690446, remain = -61, size = 3
force_push: msg_id = 1690528, remain = -61, size = 3
force_push: msg_id = 1690611, remain = -61, size = 3
force_push: msg_id = 1690689, remain = -61, size = 3
force_push: msg_id = 1690771, remain = -61, size = 3
force_push: msg_id = 1690853, remain = -61, size = 3
force_push: msg_id = 1690929, remain = -61, size = 3
force_push: msg_id = 1691007, remain = -61, size = 3
force_push: msg_id = 1691089, remain = -61, size = 3
force_push: msg_id = 1691168, remain = -61, size = 3
force_push: msg_id = 1691246, remain = -61, size = 3
force_push: msg_id = 1691330, remain = -61, size = 3
force_push: msg_id = 1691410, remain = -61, size = 3
force_push: msg_id = 1691489, remain = -61, size = 3
force_push: msg_id = 1691569, remain = -61, size = 3
force_push: msg_id = 1691649, remain = -61, size = 3
force_push: msg_id = 1691731, remain = -61, size = 3
force_push: msg_id = 1691811, remain = -61, size = 3
force_push: msg_id = 1691892, remain = -61, size = 3
force_push: msg_id = 1691971, remain = -61, size = 3
force_push: msg_id = 1692051, remain = -61, size = 3
force_push: msg_id = 1692132, remain = -61, size = 3
force_push: msg_id = 1692212, remain = -61, size = 3
force_push: msg_id = 1692292, remain = -61, size = 3
force_push: msg_id = 1692374, remain = -61, size = 3
force_push: msg_id = 1692455, remain = -61, size = 3
force_push: msg_id = 1692537, remain = -61, size = 3
force_push: msg_id = 1692621, remain = -61, size = 3
force_push: msg_id = 1692699, remain = -61, size = 3
force_push: msg_id = 1692782, remain = -61, size = 3
force_push: msg_id = 1692866, remain = -61, size = 3
force_push: msg_id = 1692948, remain = -61, size = 3
force_push: msg_id = 1693027, remain = -61, size = 3
force_push: msg_id = 1693110, remain = -61, size = 3
force_push: msg_id = 1693193, remain = -61, size = 3
force_push: msg_id = 1693272, remain = -61, size = 3
force_push: msg_id = 1693356, remain = -61, size = 3
force_push: msg_id = 1693439, remain = -61, size = 3
force_push: msg_id = 1693519, remain = -61, size = 3
force_push: msg_id = 1693600, remain = -61, size = 3
force_push: msg_id = 1693681, remain = -61, size = 3
force_push: msg_id = 1693761, remain = -61, size = 3
force_push: msg_id = 1693835, remain = -61, size = 3
force_push: msg_id = 1693909, remain = -61, size = 3
force_push: msg_id = 1693980, remain = -61, size = 3
force_push: msg_id = 1694056, remain = -61, size = 3
force_push: msg_id = 1694136, remain = -61, size = 3
force_push: msg_id = 1694216, remain = -61, size = 3
force_push: msg_id = 1694297, remain = -61, size = 3
force_push: msg_id = 1694378, remain = -61, size = 3
force_push: msg_id = 1694459, remain = -61, size = 3
force_push: msg_id = 1694541, remain = -61, size = 3
force_push: msg_id = 1694620, remain = -61, size = 3
force_push: msg_id = 1694702, remain = -61, size = 3
force_push: msg_id = 1694782, remain = -61, size = 3
force_push: msg_id = 1694863, remain = -61, size = 3
force_push: msg_id = 1694946, remain = -61, size = 3
force_push: msg_id = 1695028, remain = -61, size = 3
force_push: msg_id = 1695111, remain = -61, size = 3
force_push: msg_id = 1695191, remain = -61, size = 3
force_push: msg_id = 1695271, remain = -61, size = 3
force_push: msg_id = 1695351, remain = -61, size = 3
force_push: msg_id = 1695432, remain = -61, size = 3
force_push: msg_id = 1695512, remain = -61, size = 3
force_push: msg_id = 1695593, remain = -61, size = 3
force_push: msg_id = 1695677, remain = -61, size = 3
force_push: msg_id = 1695758, remain = -61, size = 3
force_push: msg_id = 1695839, remain = -61, size = 3
force_push: msg_id = 1695919, remain = -61, size = 3
force_push: msg_id = 1696000, remain = -61, size = 3
force_push: msg_id = 1696084, remain = -61, size = 3
force_push: msg_id = 1696165, remain = -61, size = 3
force_push: msg_id = 1696247, remain = -61, size = 3
force_push: msg_id = 1696330, remain = -61, size = 3
force_push: msg_id = 1696411, remain = -61, size = 3
force_push: msg_id = 1696494, remain = -61, size = 3
force_push: msg_id = 1696574, remain = -61, size = 3
force_push: msg_id = 1696656, remain = -61, size = 3
force_push: msg_id = 1696741, remain = -61, size = 3
force_push: msg_id = 1696822, remain = -61, size = 3
force_push: msg_id = 1696902, remain = -61, size = 3
force_push: msg_id = 1696982, remain = -61, size = 3
force_push: msg_id = 1697063, remain = -61, size = 3
force_push: msg_id = 1697146, remain = -61, size = 3
force_push: msg_id = 1697227, remain = -61, size = 3
force_push: msg_id = 1697308, remain = -61, size = 3
force_push: msg_id = 1697389, remain = -61, size = 3
force_push: msg_id = 1697470, remain = -61, size = 3
force_push: msg_id = 1697552, remain = -61, size = 3
force_push: msg_id = 1697633, remain = -61, size = 3
force_push: msg_id = 1697715, remain = -61, size = 3
force_push: msg_id = 1697795, remain = -61, size = 3
force_push: msg_id = 1697875, remain = -61, size = 3
force_push: msg_id = 1697957, remain = -61, size = 3
force_push: msg_id = 1698038, remain = -61, size = 3
force_push: msg_id = 1698120, remain = -61, size = 3
force_push: msg_id = 1698201, remain = -61, size = 3
force_push: msg_id = 1698283, remain = -61, size = 3
force_push: msg_id = 1698369, remain = -61, size = 3
force_push: msg_id = 1698449, remain = -61, size = 3
force_push: msg_id = 1698530, remain = -61, size = 3
force_push: msg_id = 1698612, remain = -61, size = 3
force_push: msg_id = 1698691, remain = -61, size = 3
force_push: msg_id = 1698773, remain = -61, size = 3
force_push: msg_id = 1698856, remain = -61, size = 3
force_push: msg_id = 1698935, remain = -61, size = 3
force_push: msg_id = 1699019, remain = -61, size = 3
force_push: msg_id = 1699105, remain = -61, size = 3
force_push: msg_id = 1699186, remain = -61, size = 3
force_push: msg_id = 1699266, remain = -61, size = 3
force_push: msg_id = 1699351, remain = -61, size = 3
force_push: msg_id = 1699431, remain = -61, size = 3
force_push: msg_id = 1699517, remain = -61, size = 3
force_push: msg_id = 1699600, remain = -61, size = 3
force_push: msg_id = 1699680, remain = -61, size = 3
force_push: msg_id = 1699760, remain = -61, size = 3
force_push: msg_id = 1699843, remain = -61, size = 3
force_push: msg_id = 1699922, remain = -61, size = 3
force_push: msg_id = 1700004, remain = -61, size = 3
force_push: msg_id = 1700086, remain = -61, size = 3
force_push: msg_id = 1700168, remain = -61, size = 3
force_push: msg_id = 1700248, remain = -61, size = 3
force_push: msg_id = 1700332, remain = -61, size = 3
force_push: msg_id = 1700412, remain = -61, size = 3
force_push: msg_id = 1700491, remain = -61, size = 3
force_push: msg_id = 1700571, remain = -61, size = 3
force_push: msg_id = 1700653, remain = -61, size = 3
force_push: msg_id = 1700733, remain = -61, size = 3
force_push: msg_id = 1700816, remain = -61, size = 3
force_push: msg_id = 1700898, remain = -61, size = 3
force_push: msg_id = 1700980, remain = -61, size = 3
force_push: msg_id = 1701063, remain = -61, size = 3
force_push: msg_id = 1701147, remain = -61, size = 3
force_push: msg_id = 1701227, remain = -61, size = 3
force_push: msg_id = 1701311, remain = -61, size = 3
force_push: msg_id = 1701393, remain = -61, size = 3
force_push: msg_id = 1701472, remain = -61, size = 3
force_push: msg_id = 1701553, remain = -61, size = 3
force_push: msg_id = 1701635, remain = -61, size = 3
force_push: msg_id = 1701718, remain = -61, size = 3
force_push: msg_id = 1701800, remain = -61, size = 3
force_push: msg_id = 1701880, remain = -61, size = 3
force_push: msg_id = 1701963, remain = -61, size = 3
force_push: msg_id = 1702047, remain = -61, size = 3
force_push: msg_id = 1702126, remain = -61, size = 3
force_push: msg_id = 1702208, remain = -61, size = 3
force_push: msg_id = 1702294, remain = -61, size = 3
force_push: msg_id = 1702375, remain = -61, size = 3
force_push: msg_id = 1702458, remain = -61, size = 3
force_push: msg_id = 1702545, remain = -61, size = 3
force_push: msg_id = 1702624, remain = -61, size = 3
force_push: msg_id = 1702706, remain = -61, size = 3
force_push: msg_id = 1702791, remain = -61, size = 3
force_push: msg_id = 1702867, remain = -61, size = 3
force_push: msg_id = 1702950, remain = -61, size = 3
force_push: msg_id = 1703033, remain = -61, size = 3
force_push: msg_id = 1703111, remain = -61, size = 3
force_push: msg_id = 1703189, remain = -61, size = 3
force_push: msg_id = 1703273, remain = -61, size = 3
force_push: msg_id = 1703350, remain = -61, size = 3
force_push: msg_id = 1703430, remain = -61, size = 3
force_push: msg_id = 1703516, remain = -61, size = 3
force_push: msg_id = 1703597, remain = -61, size = 3
force_push: msg_id = 1703680, remain = -61, size = 3
force_push: msg_id = 1703763, remain = -61, size = 3
force_push: msg_id = 1703852, remain = -61, size = 3
force_push: msg_id = 1703930, remain = -61, size = 3
force_push: msg_id = 1704013, remain = -61, size = 3
force_push: msg_id = 1704097, remain = -61, size = 3
force_push: msg_id = 1704176, remain = -61, size = 3
force_push: msg_id = 1704256, remain = -61, size = 3
force_push: msg_id = 1704341, remain = -61, size = 3
force_push: msg_id = 1704419, remain = -61, size = 3
force_push: msg_id = 1704501, remain = -61, size = 3
force_push: msg_id = 1704586, remain = -61, size = 3
force_push: msg_id = 1704671, remain = -61, size = 3
force_push: msg_id = 1704752, remain = -61, size = 3
force_push: msg_id = 1704833, remain = -61, size = 3
force_push: msg_id = 1704916, remain = -61, size = 3
force_push: msg_id = 1704997, remain = -61, size = 3
force_push: msg_id = 1705081, remain = -61, size = 3
force_push: msg_id = 1705163, remain = -61, size = 3
force_push: msg_id = 1705243, remain = -61, size = 3
force_push: msg_id = 1705326, remain = -61, size = 3
force_push: msg_id = 1705406, remain = -61, size = 3
force_push: msg_id = 1705488, remain = -61, size = 3
force_push: msg_id = 1705570, remain = -61, size = 3
force_push: msg_id = 1705653, remain = -61, size = 3
force_push: msg_id = 1705735, remain = -61, size = 3
force_push: msg_id = 1705815, remain = -61, size = 3
force_push: msg_id = 1705896, remain = -61, size = 3
force_push: msg_id = 1705978, remain = -61, size = 3
force_push: msg_id = 1706059, remain = -61, size = 3
force_push: msg_id = 1706141, remain = -61, size = 3
force_push: msg_id = 1706221, remain = -61, size = 3
force_push: msg_id = 1706303, remain = -61, size = 3
force_push: msg_id = 1706389, remain = -61, size = 3
force_push: msg_id = 1706470, remain = -61, size = 3
force_push: msg_id = 1706551, remain = -61, size = 3
force_push: msg_id = 1706634, remain = -61, size = 3
force_push: msg_id = 1706715, remain = -61, size = 3
force_push: msg_id = 1706799, remain = -61, size = 3
force_push: msg_id = 1706882, remain = -61, size = 3
force_push: msg_id = 1706966, remain = -61, size = 3
force_push: msg_id = 1707048, remain = -61, size = 3
force_push: msg_id = 1707133, remain = -61, size = 3
force_push: msg_id = 1707211, remain = -61, size = 3
force_push: msg_id = 1707291, remain = -61, size = 3
force_push: msg_id = 1707376, remain = -61, size = 3
force_push: msg_id = 1707460, remain = -61, size = 3
force_push: msg_id = 1707544, remain = -61, size = 3
force_push: msg_id = 1707625, remain = -61, size = 3
force_push: msg_id = 1707708, remain = -61, size = 3
force_push: msg_id = 1707789, remain = -61, size = 3
force_push: msg_id = 1707870, remain = -61, size = 3
force_push: msg_id = 1707954, remain = -61, size = 3
force_push: msg_id = 1708036, remain = -61, size = 3
force_push: msg_id = 1708117, remain = -61, size = 3
force_push: msg_id = 1708197, remain = -61, size = 3
force_push: msg_id = 1708278, remain = -61, size = 3
force_push: msg_id = 1708359, remain = -61, size = 3
force_push: msg_id = 1708441, remain = -61, size = 3
force_push: msg_id = 1708526, remain = -61, size = 3
force_push: msg_id = 1708609, remain = -61, size = 3
force_push: msg_id = 1708689, remain = -61, size = 3
force_push: msg_id = 1708773, remain = -61, size = 3
force_push: msg_id = 1708853, remain = -61, size = 3
force_push: msg_id = 1708935, remain = -61, size = 3
force_push: msg_id = 1709016, remain = -61, size = 3
force_push: msg_id = 1709100, remain = -61, size = 3
force_push: msg_id = 1709183, remain = -61, size = 3
force_push: msg_id = 1709266, remain = -61, size = 3
force_push: msg_id = 1709346, remain = -61, size = 3
force_push: msg_id = 1709426, remain = -61, size = 3
force_push: msg_id = 1709509, remain = -61, size = 3
force_push: msg_id = 1709589, remain = -61, size = 3
force_push: msg_id = 1709671, remain = -61, size = 3
force_push: msg_id = 1709752, remain = -61, size = 3
force_push: msg_id = 1709836, remain = -61, size = 3
force_push: msg_id = 1709919, remain = -61, size = 3
force_push: msg_id = 1710002, remain = -61, size = 3
force_push: msg_id = 1710083, remain = -61, size = 3
force_push: msg_id = 1710165, remain = -61, size = 3
force_push: msg_id = 1710247, remain = -61, size = 3
force_push: msg_id = 1710329, remain = -61, size = 3
force_push: msg_id = 1710412, remain = -61, size = 3
force_push: msg_id = 1710495, remain = -61, size = 3
force_push: msg_id = 1710574, remain = -61, size = 3
force_push: msg_id = 1710655, remain = -61, size = 3
force_push: msg_id = 1710738, remain = -61, size = 3
force_push: msg_id = 1710817, remain = -61, size = 3
force_push: msg_id = 1710900, remain = -61, size = 3
force_push: msg_id = 1710984, remain = -61, size = 3
force_push: msg_id = 1711065, remain = -61, size = 3
force_push: msg_id = 1711145, remain = -61, size = 3
force_push: msg_id = 1711229, remain = -61, size = 3
force_push: msg_id = 1711309, remain = -61, size = 3
force_push: msg_id = 1711391, remain = -61, size = 3
force_push: msg_id = 1711474, remain = -61, size = 3
force_push: msg_id = 1711555, remain = -61, size = 3
force_push: msg_id = 1711637, remain = -61, size = 3
force_push: msg_id = 1711718, remain = -61, size = 3
force_push: msg_id = 1711799, remain = -61, size = 3
force_push: msg_id = 1711881, remain = -61, size = 3
force_push: msg_id = 1711962, remain = -61, size = 3
force_push: msg_id = 1712044, remain = -61, size = 3
force_push: msg_id = 1712126, remain = -61, size = 3
force_push: msg_id = 1712210, remain = -61, size = 3
force_push: msg_id = 1712289, remain = -61, size = 3
force_push: msg_id = 1712373, remain = -61, size = 3
force_push: msg_id = 1712455, remain = -61, size = 3
force_push: msg_id = 1712537, remain = -61, size = 3
force_push: msg_id = 1712618, remain = -61, size = 3
force_push: msg_id = 1712701, remain = -61, size = 3
force_push: msg_id = 1712784, remain = -61, size = 3
force_push: msg_id = 1712866, remain = -61, size = 3
force_push: msg_id = 1712949, remain = -61, size = 3
force_push: msg_id = 1713033, remain = -61, size = 3
force_push: msg_id = 1713115, remain = -61, size = 3
force_push: msg_id = 1713195, remain = -61, size = 3
force_push: msg_id = 1713277, remain = -61, size = 3
force_push: msg_id = 1713358, remain = -61, size = 3
force_push: msg_id = 1713443, remain = -61, size = 3
force_push: msg_id = 1713523, remain = -61, size = 3
force_push: msg_id = 1713604, remain = -61, size = 3
force_push: msg_id = 1713685, remain = -61, size = 3
force_push: msg_id = 1713768, remain = -61, size = 3
force_push: msg_id = 1713847, remain = -61, size = 3
force_push: msg_id = 1713931, remain = -61, size = 3
force_push: msg_id = 1714012, remain = -61, size = 3
force_push: msg_id = 1714093, remain = -61, size = 3
force_push: msg_id = 1714175, remain = -61, size = 3
force_push: msg_id = 1714256, remain = -61, size = 3
force_push: msg_id = 1714337, remain = -61, size = 3
force_push: msg_id = 1714420, remain = -61, size = 3
force_push: msg_id = 1714503, remain = -61, size = 3
force_push: msg_id = 1714585, remain = -61, size = 3
force_push: msg_id = 1714666, remain = -61, size = 3
force_push: msg_id = 1714748, remain = -61, size = 3
force_push: msg_id = 1714831, remain = -61, size = 3
force_push: msg_id = 1714913, remain = -61, size = 3
force_push: msg_id = 1714996, remain = -61, size = 3
force_push: msg_id = 1715076, remain = -61, size = 3
force_push: msg_id = 1715157, remain = -61, size = 3
force_push: msg_id = 1715238, remain = -61, size = 3
force_push: msg_id = 1715320, remain = -61, size = 3
force_push: msg_id = 1715401, remain = -61, size = 3
force_push: msg_id = 1715485, remain = -61, size = 3
force_push: msg_id = 1715569, remain = -61, size = 3
force_push: msg_id = 1715650, remain = -61, size = 3
force_push: msg_id = 1715733, remain = -61, size = 3
force_push: msg_id = 1715815, remain = -61, size = 3
force_push: msg_id = 1715896, remain = -61, size = 3
force_push: msg_id = 1715977, remain = -61, size = 3
force_push: msg_id = 1716061, remain = -61, size = 3
force_push: msg_id = 1716142, remain = -61, size = 3
force_push: msg_id = 1716221, remain = -61, size = 3
force_push: msg_id = 1716304, remain = -61, size = 3
force_push: msg_id = 1716386, remain = -61, size = 3
force_push: msg_id = 1716468, remain = -61, size = 3
force_push: msg_id = 1716548, remain = -61, size = 3
force_push: msg_id = 1716631, remain = -61, size = 3
force_push: msg_id = 1716713, remain = -61, size = 3
force_push: msg_id = 1716797, remain = -61, size = 3
force_push: msg_id = 1716877, remain = -61, size = 3
force_push: msg_id = 1716957, remain = -61, size = 3
force_push: msg_id = 1717040, remain = -61, size = 3
force_push: msg_id = 1717121, remain = -61, size = 3
force_push: msg_id = 1717202, remain = -61, size = 3
force_push: msg_id = 1717284, remain = -61, size = 3
force_push: msg_id = 1717368, remain = -61, size = 3
force_push: msg_id = 1717450, remain = -61, size = 3
force_push: msg_id = 1717530, remain = -61, size = 3
force_push: msg_id = 1717614, remain = -61, size = 3
force_push: msg_id = 1717695, remain = -61, size = 3
force_push: msg_id = 1717777, remain = -61, size = 3
force_push: msg_id = 1717858, remain = -61, size = 3
force_push: msg_id = 1717940, remain = -61, size = 3
force_push: msg_id = 1718019, remain = -61, size = 3
force_push: msg_id = 1718100, remain = -61, size = 3
force_push: msg_id = 1718182, remain = -61, size = 3
force_push: msg_id = 1718263, remain = -61, size = 3
force_push: msg_id = 1718347, remain = -61, size = 3
force_push: msg_id = 1718430, remain = -61, size = 3
force_push: msg_id = 1718509, remain = -61, size = 3
force_push: msg_id = 1718591, remain = -61, size = 3
force_push: msg_id = 1718674, remain = -61, size = 3
force_push: msg_id = 1718756, remain = -61, size = 3
force_push: msg_id = 1718836, remain = -61, size = 3
force_push: msg_id = 1718920, remain = -61, size = 3
force_push: msg_id = 1719000, remain = -61, size = 3
force_push: msg_id = 1719084, remain = -61, size = 3
force_push: msg_id = 1719164, remain = -61, size = 3
force_push: msg_id = 1719249, remain = -61, size = 3
force_push: msg_id = 1719333, remain = -61, size = 3
force_push: msg_id = 1719417, remain = -61, size = 3
force_push: msg_id = 1719498, remain = -61, size = 3
force_push: msg_id = 1719581, remain = -61, size = 3
force_push: msg_id = 1719665, remain = -61, size = 3
force_push: msg_id = 1719747, remain = -61, size = 3
force_push: msg_id = 1719828, remain = -61, size = 3
force_push: msg_id = 1719908, remain = -61, size = 3
force_push: msg_id = 1719993, remain = -61, size = 3
force_push: msg_id = 1720074, remain = -61, size = 3
force_push: msg_id = 1720155, remain = -61, size = 3
force_push: msg_id = 1720236, remain = -61, size = 3
force_push: msg_id = 1720316, remain = -61, size = 3
force_push: msg_id = 1720396, remain = -61, size = 3
force_push: msg_id = 1720476, remain = -61, size = 3
force_push: msg_id = 1720554, remain = -61, size = 3
force_push: msg_id = 1720634, remain = -61, size = 3
force_push: msg_id = 1720710, remain = -61, size = 3
force_push: msg_id = 1720788, remain = -61, size = 3
force_push: msg_id = 1720868, remain = -61, size = 3
force_push: msg_id = 1720948, remain = -61, size = 3
force_push: msg_id = 1721028, remain = -61, size = 3
force_push: msg_id = 1721108, remain = -61, size = 3
force_push: msg_id = 1721188, remain = -61, size = 3
force_push: msg_id = 1721268, remain = -61, size = 3
force_push: msg_id = 1721348, remain = -61, size = 3
force_push: msg_id = 1721428, remain = -61, size = 3
force_push: msg_id = 1721508, remain = -61, size = 3
force_push: msg_id = 1721586, remain = -61, size = 3
force_push: msg_id = 1721664, remain = -61, size = 3
force_push: msg_id = 1721744, remain = -61, size = 3
force_push: msg_id = 1721824, remain = -61, size = 3
force_push: msg_id = 1721904, remain = -61, size = 3
force_push: msg_id = 1721984, remain = -61, size = 3
force_push: msg_id = 1722064, remain = -61, size = 3
force_push: msg_id = 1722144, remain = -61, size = 3
force_push: msg_id = 1722224, remain = -61, size = 3
force_push: msg_id = 1722304, remain = -61, size = 3
force_push: msg_id = 1722384, remain = -61, size = 3
force_push: msg_id = 1722464, remain = -61, size = 3
force_push: msg_id = 1722544, remain = -61, size = 3
force_push: msg_id = 1722624, remain = -61, size = 3
force_push: msg_id = 1722704, remain = -61, size = 3
force_push: msg_id = 1722785, remain = -61, size = 3
force_push: msg_id = 1722865, remain = -61, size = 3
force_push: msg_id = 1722945, remain = -61, size = 3
force_push: msg_id = 1723025, remain = -61, size = 3
force_push: msg_id = 1723105, remain = -61, size = 3
force_push: msg_id = 1723185, remain = -61, size = 3
force_push: msg_id = 1723266, remain = -61, size = 3
force_push: msg_id = 1723345, remain = -61, size = 3
force_push: msg_id = 1723425, remain = -61, size = 3
force_push: msg_id = 1723505, remain = -61, size = 3
force_push: msg_id = 1723585, remain = -61, size = 3
force_push: msg_id = 1723661, remain = -61, size = 3
force_push: msg_id = 1723741, remain = -61, size = 3
force_push: msg_id = 1723817, remain = -61, size = 3
force_push: msg_id = 1723897, remain = -61, size = 3
force_push: msg_id = 1723975, remain = -61, size = 3
force_push: msg_id = 1724055, remain = -61, size = 3
force_push: msg_id = 1724135, remain = -61, size = 3
force_push: msg_id = 1724216, remain = -61, size = 3
force_push: msg_id = 1724296, remain = -61, size = 3
force_push: msg_id = 1724376, remain = -61, size = 3
force_push: msg_id = 1724456, remain = -61, size = 3
force_push: msg_id = 1724534, remain = -61, size = 3
force_push: msg_id = 1724614, remain = -61, size = 3
force_push: msg_id = 1724692, remain = -61, size = 3
force_push: msg_id = 1724772, remain = -61, size = 3
force_push: msg_id = 1724852, remain = -61, size = 3
force_push: msg_id = 1724931, remain = -61, size = 3
force_push: msg_id = 1725011, remain = -61, size = 3
force_push: msg_id = 1725092, remain = -61, size = 3
force_push: msg_id = 1725171, remain = -61, size = 3
force_push: msg_id = 1725252, remain = -61, size = 3
force_push: msg_id = 1725331, remain = -61, size = 3
force_push: msg_id = 1725411, remain = -61, size = 3
force_push: msg_id = 1725491, remain = -61, size = 3
force_push: msg_id = 1725571, remain = -61, size = 3
force_push: msg_id = 1725650, remain = -61, size = 3
force_push: msg_id = 1725730, remain = -61, size = 3
force_push: msg_id = 1725810, remain = -61, size = 3
force_push: msg_id = 1725890, remain = -61, size = 3
force_push: msg_id = 1725970, remain = -61, size = 3
force_push: msg_id = 1726049, remain = -61, size = 3
force_push: msg_id = 1726129, remain = -61, size = 3
force_push: msg_id = 1726209, remain = -61, size = 3
force_push: msg_id = 1726290, remain = -61, size = 3
force_push: msg_id = 1726371, remain = -61, size = 3
force_push: msg_id = 1726452, remain = -61, size = 3
force_push: msg_id = 1726532, remain = -61, size = 3
force_push: msg_id = 1726610, remain = -61, size = 3
force_push: msg_id = 1726688, remain = -61, size = 3
force_push: msg_id = 1726769, remain = -61, size = 3
force_push: msg_id = 1726847, remain = -61, size = 3
force_push: msg_id = 1726925, remain = -61, size = 3
force_push: msg_id = 1727005, remain = -61, size = 3
force_push: msg_id = 1727084, remain = -61, size = 3
force_push: msg_id = 1727162, remain = -61, size = 3
force_push: msg_id = 1727242, remain = -61, size = 3
force_push: msg_id = 1727323, remain = -61, size = 3
force_push: msg_id = 1727402, remain = -61, size = 3
force_push: msg_id = 1727483, remain = -61, size = 3
force_push: msg_id = 1727561, remain = -61, size = 3
force_push: msg_id = 1727640, remain 