Read file config.yml
Running executor...
Loaded function exp00_front. lib_load_elasped: 180, func_load_elasped: 2
Loaded function exp00_back. lib_load_elasped: 142, func_load_elasped: 1
chain_length = 16, payload_size = 512, token 832676 us.
chain_length = 16, payload_size = 512, token 128926 us.
chain_length = 16, payload_size = 512, token 199193 us.
chain_length = 16, payload_size = 512, token 2280192 us.
chain_length = 16, payload_size = 512, token 119771 us.
chain_length = 16, payload_size = 512, token 159824 us.
chain_length = 16, payload_size = 512, token 5585010 us.
chain_length = 16, payload_size = 512, token 128840 us.
chain_length = 16, payload_size = 512, token 115916 us.
chain_length = 16, payload_size = 512, token 120918 us.
chain_length = 16, payload_size = 512, token 8707024 us.
chain_length = 16, payload_size = 512, token 200696 us.
chain_length = 16, payload_size = 512, token 3343183 us.
chain_length = 16, payload_size = 512, token 188894 us.
chain_length = 16, payload_size = 512, token 200418 us.
chain_length = 16, payload_size = 512, token 11707481 us.
chain_length = 16, payload_size = 512, token 3825159 us.
chain_length = 16, payload_size = 512, token 5300257 us.
chain_length = 16, payload_size = 512, token 183218 us.
chain_length = 16, payload_size = 512, token 3852018 us.
chain_length = 16, payload_size = 512, token 10774134 us.
