Read file config.yml
Running executor...
Loaded function exp00_front. lib_load_elasped: 226, func_load_elasped: 2
Loaded function exp00_back. lib_load_elasped: 143, func_load_elasped: 1
chain_length = 16, payload_size = 512, token 1047385 us.
chain_length = 16, payload_size = 512, token 110879 us.
chain_length = 16, payload_size = 512, token 118712 us.
chain_length = 16, payload_size = 512, token 112809 us.
chain_length = 16, payload_size = 512, token 105644 us.
chain_length = 16, payload_size = 512, token 6204321 us.
chain_length = 16, payload_size = 512, token 2435073 us.
chain_length = 16, payload_size = 512, token 8903113 us.
chain_length = 16, payload_size = 512, token 6708231 us.
chain_length = 16, payload_size = 512, token 188395 us.
chain_length = 16, payload_size = 512, token 11161468 us.
chain_length = 16, payload_size = 512, token 199611 us.
chain_length = 16, payload_size = 512, token 192829 us.
chain_length = 16, payload_size = 512, token 12486319 us.
chain_length = 16, payload_size = 512, token 5443352 us.
chain_length = 16, payload_size = 512, token 214637 us.
